[2024-01-06T01:20:16.304+0000] {processor.py:161} INFO - Started process (PID=39375) to work on /home/airflow/.local/lib/python3.8/site-packages/airflow/example_dags/example_python_operator.py
[2024-01-06T01:20:16.305+0000] {processor.py:830} INFO - Processing file /home/airflow/.local/lib/python3.8/site-packages/airflow/example_dags/example_python_operator.py for tasks to queue
[2024-01-06T01:20:16.307+0000] {logging_mixin.py:188} INFO - [2024-01-06T01:20:16.307+0000] {dagbag.py:538} INFO - Filling up the DagBag from /home/airflow/.local/lib/python3.8/site-packages/airflow/example_dags/example_python_operator.py
[2024-01-06T01:20:16.315+0000] {processor.py:840} INFO - DAG(s) 'example_python_operator' retrieved from /home/airflow/.local/lib/python3.8/site-packages/airflow/example_dags/example_python_operator.py
[2024-01-06T01:20:16.332+0000] {logging_mixin.py:188} INFO - [2024-01-06T01:20:16.332+0000] {dag.py:3033} INFO - Sync 1 DAGs
[2024-01-06T01:20:16.341+0000] {logging_mixin.py:188} INFO - [2024-01-06T01:20:16.341+0000] {dag.py:3820} INFO - Setting next_dagrun for example_python_operator to None, run_after=None
[2024-01-06T01:20:16.353+0000] {processor.py:183} INFO - Processing /home/airflow/.local/lib/python3.8/site-packages/airflow/example_dags/example_python_operator.py took 0.052 seconds
[2024-01-06T01:47:35.398+0000] {processor.py:161} INFO - Started process (PID=39433) to work on /home/airflow/.local/lib/python3.8/site-packages/airflow/example_dags/example_python_operator.py
[2024-01-06T01:47:35.400+0000] {processor.py:830} INFO - Processing file /home/airflow/.local/lib/python3.8/site-packages/airflow/example_dags/example_python_operator.py for tasks to queue
[2024-01-06T01:47:35.403+0000] {logging_mixin.py:188} INFO - [2024-01-06T01:47:35.403+0000] {dagbag.py:538} INFO - Filling up the DagBag from /home/airflow/.local/lib/python3.8/site-packages/airflow/example_dags/example_python_operator.py
[2024-01-06T01:47:35.411+0000] {processor.py:840} INFO - DAG(s) 'example_python_operator' retrieved from /home/airflow/.local/lib/python3.8/site-packages/airflow/example_dags/example_python_operator.py
[2024-01-06T01:47:35.431+0000] {logging_mixin.py:188} INFO - [2024-01-06T01:47:35.430+0000] {dag.py:3033} INFO - Sync 1 DAGs
[2024-01-06T01:47:35.444+0000] {logging_mixin.py:188} INFO - [2024-01-06T01:47:35.444+0000] {dag.py:3820} INFO - Setting next_dagrun for example_python_operator to None, run_after=None
[2024-01-06T01:47:35.457+0000] {processor.py:183} INFO - Processing /home/airflow/.local/lib/python3.8/site-packages/airflow/example_dags/example_python_operator.py took 0.062 seconds
[2024-01-06T01:48:06.111+0000] {processor.py:161} INFO - Started process (PID=39491) to work on /home/airflow/.local/lib/python3.8/site-packages/airflow/example_dags/example_python_operator.py
[2024-01-06T01:48:06.113+0000] {processor.py:830} INFO - Processing file /home/airflow/.local/lib/python3.8/site-packages/airflow/example_dags/example_python_operator.py for tasks to queue
[2024-01-06T01:48:06.115+0000] {logging_mixin.py:188} INFO - [2024-01-06T01:48:06.114+0000] {dagbag.py:538} INFO - Filling up the DagBag from /home/airflow/.local/lib/python3.8/site-packages/airflow/example_dags/example_python_operator.py
[2024-01-06T01:48:06.123+0000] {processor.py:840} INFO - DAG(s) 'example_python_operator' retrieved from /home/airflow/.local/lib/python3.8/site-packages/airflow/example_dags/example_python_operator.py
[2024-01-06T01:48:06.140+0000] {logging_mixin.py:188} INFO - [2024-01-06T01:48:06.140+0000] {dag.py:3033} INFO - Sync 1 DAGs
[2024-01-06T01:48:06.148+0000] {logging_mixin.py:188} INFO - [2024-01-06T01:48:06.148+0000] {dag.py:3820} INFO - Setting next_dagrun for example_python_operator to None, run_after=None
[2024-01-06T01:48:06.160+0000] {processor.py:183} INFO - Processing /home/airflow/.local/lib/python3.8/site-packages/airflow/example_dags/example_python_operator.py took 0.051 seconds
[2024-01-06T02:05:27.420+0000] {processor.py:161} INFO - Started process (PID=39549) to work on /home/airflow/.local/lib/python3.8/site-packages/airflow/example_dags/example_python_operator.py
[2024-01-06T02:05:27.422+0000] {processor.py:830} INFO - Processing file /home/airflow/.local/lib/python3.8/site-packages/airflow/example_dags/example_python_operator.py for tasks to queue
[2024-01-06T02:05:27.424+0000] {logging_mixin.py:188} INFO - [2024-01-06T02:05:27.424+0000] {dagbag.py:538} INFO - Filling up the DagBag from /home/airflow/.local/lib/python3.8/site-packages/airflow/example_dags/example_python_operator.py
[2024-01-06T02:05:27.432+0000] {processor.py:840} INFO - DAG(s) 'example_python_operator' retrieved from /home/airflow/.local/lib/python3.8/site-packages/airflow/example_dags/example_python_operator.py
[2024-01-06T02:05:27.449+0000] {logging_mixin.py:188} INFO - [2024-01-06T02:05:27.448+0000] {dag.py:3033} INFO - Sync 1 DAGs
[2024-01-06T02:05:27.457+0000] {logging_mixin.py:188} INFO - [2024-01-06T02:05:27.457+0000] {dag.py:3820} INFO - Setting next_dagrun for example_python_operator to None, run_after=None
[2024-01-06T02:05:27.471+0000] {processor.py:183} INFO - Processing /home/airflow/.local/lib/python3.8/site-packages/airflow/example_dags/example_python_operator.py took 0.053 seconds
[2024-01-06T02:16:27.126+0000] {processor.py:161} INFO - Started process (PID=39607) to work on /home/airflow/.local/lib/python3.8/site-packages/airflow/example_dags/example_python_operator.py
[2024-01-06T02:16:27.127+0000] {processor.py:830} INFO - Processing file /home/airflow/.local/lib/python3.8/site-packages/airflow/example_dags/example_python_operator.py for tasks to queue
[2024-01-06T02:16:27.129+0000] {logging_mixin.py:188} INFO - [2024-01-06T02:16:27.129+0000] {dagbag.py:538} INFO - Filling up the DagBag from /home/airflow/.local/lib/python3.8/site-packages/airflow/example_dags/example_python_operator.py
[2024-01-06T02:16:27.138+0000] {processor.py:840} INFO - DAG(s) 'example_python_operator' retrieved from /home/airflow/.local/lib/python3.8/site-packages/airflow/example_dags/example_python_operator.py
[2024-01-06T02:16:27.156+0000] {logging_mixin.py:188} INFO - [2024-01-06T02:16:27.155+0000] {dag.py:3033} INFO - Sync 1 DAGs
[2024-01-06T02:16:27.163+0000] {logging_mixin.py:188} INFO - [2024-01-06T02:16:27.163+0000] {dag.py:3820} INFO - Setting next_dagrun for example_python_operator to None, run_after=None
[2024-01-06T02:16:27.176+0000] {processor.py:183} INFO - Processing /home/airflow/.local/lib/python3.8/site-packages/airflow/example_dags/example_python_operator.py took 0.052 seconds
[2024-01-06T02:17:08.092+0000] {processor.py:161} INFO - Started process (PID=39665) to work on /home/airflow/.local/lib/python3.8/site-packages/airflow/example_dags/example_python_operator.py
[2024-01-06T02:17:08.101+0000] {processor.py:830} INFO - Processing file /home/airflow/.local/lib/python3.8/site-packages/airflow/example_dags/example_python_operator.py for tasks to queue
[2024-01-06T02:17:08.127+0000] {logging_mixin.py:188} INFO - [2024-01-06T02:17:08.126+0000] {dagbag.py:538} INFO - Filling up the DagBag from /home/airflow/.local/lib/python3.8/site-packages/airflow/example_dags/example_python_operator.py
[2024-01-06T02:17:08.200+0000] {processor.py:840} INFO - DAG(s) 'example_python_operator' retrieved from /home/airflow/.local/lib/python3.8/site-packages/airflow/example_dags/example_python_operator.py
[2024-01-06T02:17:08.307+0000] {logging_mixin.py:188} INFO - [2024-01-06T02:17:08.307+0000] {dag.py:3033} INFO - Sync 1 DAGs
[2024-01-06T02:17:08.375+0000] {logging_mixin.py:188} INFO - [2024-01-06T02:17:08.375+0000] {dag.py:3820} INFO - Setting next_dagrun for example_python_operator to None, run_after=None
[2024-01-06T02:17:08.482+0000] {processor.py:183} INFO - Processing /home/airflow/.local/lib/python3.8/site-packages/airflow/example_dags/example_python_operator.py took 0.408 seconds
[2024-01-06T02:17:38.778+0000] {processor.py:161} INFO - Started process (PID=39722) to work on /home/airflow/.local/lib/python3.8/site-packages/airflow/example_dags/example_python_operator.py
[2024-01-06T02:17:38.780+0000] {processor.py:830} INFO - Processing file /home/airflow/.local/lib/python3.8/site-packages/airflow/example_dags/example_python_operator.py for tasks to queue
[2024-01-06T02:17:38.783+0000] {logging_mixin.py:188} INFO - [2024-01-06T02:17:38.782+0000] {dagbag.py:538} INFO - Filling up the DagBag from /home/airflow/.local/lib/python3.8/site-packages/airflow/example_dags/example_python_operator.py
[2024-01-06T02:17:38.790+0000] {processor.py:840} INFO - DAG(s) 'example_python_operator' retrieved from /home/airflow/.local/lib/python3.8/site-packages/airflow/example_dags/example_python_operator.py
[2024-01-06T02:17:38.804+0000] {logging_mixin.py:188} INFO - [2024-01-06T02:17:38.804+0000] {dag.py:3033} INFO - Sync 1 DAGs
[2024-01-06T02:17:38.811+0000] {logging_mixin.py:188} INFO - [2024-01-06T02:17:38.811+0000] {dag.py:3820} INFO - Setting next_dagrun for example_python_operator to None, run_after=None
[2024-01-06T02:17:38.823+0000] {processor.py:183} INFO - Processing /home/airflow/.local/lib/python3.8/site-packages/airflow/example_dags/example_python_operator.py took 0.047 seconds
[2024-01-06T02:18:09.107+0000] {processor.py:161} INFO - Started process (PID=39780) to work on /home/airflow/.local/lib/python3.8/site-packages/airflow/example_dags/example_python_operator.py
[2024-01-06T02:18:09.109+0000] {processor.py:830} INFO - Processing file /home/airflow/.local/lib/python3.8/site-packages/airflow/example_dags/example_python_operator.py for tasks to queue
[2024-01-06T02:18:09.111+0000] {logging_mixin.py:188} INFO - [2024-01-06T02:18:09.111+0000] {dagbag.py:538} INFO - Filling up the DagBag from /home/airflow/.local/lib/python3.8/site-packages/airflow/example_dags/example_python_operator.py
[2024-01-06T02:18:09.118+0000] {processor.py:840} INFO - DAG(s) 'example_python_operator' retrieved from /home/airflow/.local/lib/python3.8/site-packages/airflow/example_dags/example_python_operator.py
[2024-01-06T02:18:09.133+0000] {logging_mixin.py:188} INFO - [2024-01-06T02:18:09.133+0000] {dag.py:3033} INFO - Sync 1 DAGs
[2024-01-06T02:18:09.141+0000] {logging_mixin.py:188} INFO - [2024-01-06T02:18:09.141+0000] {dag.py:3820} INFO - Setting next_dagrun for example_python_operator to None, run_after=None
[2024-01-06T02:18:09.151+0000] {processor.py:183} INFO - Processing /home/airflow/.local/lib/python3.8/site-packages/airflow/example_dags/example_python_operator.py took 0.046 seconds
[2024-01-06T02:18:39.603+0000] {processor.py:161} INFO - Started process (PID=39838) to work on /home/airflow/.local/lib/python3.8/site-packages/airflow/example_dags/example_python_operator.py
[2024-01-06T02:18:39.605+0000] {processor.py:830} INFO - Processing file /home/airflow/.local/lib/python3.8/site-packages/airflow/example_dags/example_python_operator.py for tasks to queue
[2024-01-06T02:18:39.607+0000] {logging_mixin.py:188} INFO - [2024-01-06T02:18:39.607+0000] {dagbag.py:538} INFO - Filling up the DagBag from /home/airflow/.local/lib/python3.8/site-packages/airflow/example_dags/example_python_operator.py
[2024-01-06T02:18:39.615+0000] {processor.py:840} INFO - DAG(s) 'example_python_operator' retrieved from /home/airflow/.local/lib/python3.8/site-packages/airflow/example_dags/example_python_operator.py
[2024-01-06T02:18:39.631+0000] {logging_mixin.py:188} INFO - [2024-01-06T02:18:39.631+0000] {dag.py:3033} INFO - Sync 1 DAGs
[2024-01-06T02:18:39.639+0000] {logging_mixin.py:188} INFO - [2024-01-06T02:18:39.639+0000] {dag.py:3820} INFO - Setting next_dagrun for example_python_operator to None, run_after=None
[2024-01-06T02:18:39.652+0000] {processor.py:183} INFO - Processing /home/airflow/.local/lib/python3.8/site-packages/airflow/example_dags/example_python_operator.py took 0.050 seconds
[2024-01-06T02:19:10.291+0000] {processor.py:161} INFO - Started process (PID=39897) to work on /home/airflow/.local/lib/python3.8/site-packages/airflow/example_dags/example_python_operator.py
[2024-01-06T02:19:10.293+0000] {processor.py:830} INFO - Processing file /home/airflow/.local/lib/python3.8/site-packages/airflow/example_dags/example_python_operator.py for tasks to queue
[2024-01-06T02:19:10.295+0000] {logging_mixin.py:188} INFO - [2024-01-06T02:19:10.294+0000] {dagbag.py:538} INFO - Filling up the DagBag from /home/airflow/.local/lib/python3.8/site-packages/airflow/example_dags/example_python_operator.py
[2024-01-06T02:19:10.304+0000] {processor.py:840} INFO - DAG(s) 'example_python_operator' retrieved from /home/airflow/.local/lib/python3.8/site-packages/airflow/example_dags/example_python_operator.py
[2024-01-06T02:19:10.318+0000] {logging_mixin.py:188} INFO - [2024-01-06T02:19:10.318+0000] {dag.py:3033} INFO - Sync 1 DAGs
[2024-01-06T02:19:10.326+0000] {logging_mixin.py:188} INFO - [2024-01-06T02:19:10.326+0000] {dag.py:3820} INFO - Setting next_dagrun for example_python_operator to None, run_after=None
[2024-01-06T02:19:10.338+0000] {processor.py:183} INFO - Processing /home/airflow/.local/lib/python3.8/site-packages/airflow/example_dags/example_python_operator.py took 0.049 seconds
[2024-01-06T02:19:40.687+0000] {processor.py:161} INFO - Started process (PID=39955) to work on /home/airflow/.local/lib/python3.8/site-packages/airflow/example_dags/example_python_operator.py
[2024-01-06T02:19:40.690+0000] {processor.py:830} INFO - Processing file /home/airflow/.local/lib/python3.8/site-packages/airflow/example_dags/example_python_operator.py for tasks to queue
[2024-01-06T02:19:40.693+0000] {logging_mixin.py:188} INFO - [2024-01-06T02:19:40.693+0000] {dagbag.py:538} INFO - Filling up the DagBag from /home/airflow/.local/lib/python3.8/site-packages/airflow/example_dags/example_python_operator.py
[2024-01-06T02:19:40.713+0000] {processor.py:840} INFO - DAG(s) 'example_python_operator' retrieved from /home/airflow/.local/lib/python3.8/site-packages/airflow/example_dags/example_python_operator.py
[2024-01-06T02:19:40.741+0000] {logging_mixin.py:188} INFO - [2024-01-06T02:19:40.741+0000] {dag.py:3033} INFO - Sync 1 DAGs
[2024-01-06T02:19:40.754+0000] {logging_mixin.py:188} INFO - [2024-01-06T02:19:40.754+0000] {dag.py:3820} INFO - Setting next_dagrun for example_python_operator to None, run_after=None
[2024-01-06T02:19:40.773+0000] {processor.py:183} INFO - Processing /home/airflow/.local/lib/python3.8/site-packages/airflow/example_dags/example_python_operator.py took 0.097 seconds
[2024-01-06T02:20:11.273+0000] {processor.py:161} INFO - Started process (PID=40013) to work on /home/airflow/.local/lib/python3.8/site-packages/airflow/example_dags/example_python_operator.py
[2024-01-06T02:20:11.275+0000] {processor.py:830} INFO - Processing file /home/airflow/.local/lib/python3.8/site-packages/airflow/example_dags/example_python_operator.py for tasks to queue
[2024-01-06T02:20:11.281+0000] {logging_mixin.py:188} INFO - [2024-01-06T02:20:11.281+0000] {dagbag.py:538} INFO - Filling up the DagBag from /home/airflow/.local/lib/python3.8/site-packages/airflow/example_dags/example_python_operator.py
[2024-01-06T02:20:11.299+0000] {processor.py:840} INFO - DAG(s) 'example_python_operator' retrieved from /home/airflow/.local/lib/python3.8/site-packages/airflow/example_dags/example_python_operator.py
[2024-01-06T02:20:11.325+0000] {logging_mixin.py:188} INFO - [2024-01-06T02:20:11.324+0000] {dag.py:3033} INFO - Sync 1 DAGs
[2024-01-06T02:20:11.340+0000] {logging_mixin.py:188} INFO - [2024-01-06T02:20:11.340+0000] {dag.py:3820} INFO - Setting next_dagrun for example_python_operator to None, run_after=None
[2024-01-06T02:20:11.367+0000] {processor.py:183} INFO - Processing /home/airflow/.local/lib/python3.8/site-packages/airflow/example_dags/example_python_operator.py took 0.097 seconds
[2024-01-06T02:20:42.089+0000] {processor.py:161} INFO - Started process (PID=40071) to work on /home/airflow/.local/lib/python3.8/site-packages/airflow/example_dags/example_python_operator.py
[2024-01-06T02:20:42.091+0000] {processor.py:830} INFO - Processing file /home/airflow/.local/lib/python3.8/site-packages/airflow/example_dags/example_python_operator.py for tasks to queue
[2024-01-06T02:20:42.094+0000] {logging_mixin.py:188} INFO - [2024-01-06T02:20:42.094+0000] {dagbag.py:538} INFO - Filling up the DagBag from /home/airflow/.local/lib/python3.8/site-packages/airflow/example_dags/example_python_operator.py
[2024-01-06T02:20:42.110+0000] {processor.py:840} INFO - DAG(s) 'example_python_operator' retrieved from /home/airflow/.local/lib/python3.8/site-packages/airflow/example_dags/example_python_operator.py
[2024-01-06T02:20:42.126+0000] {logging_mixin.py:188} INFO - [2024-01-06T02:20:42.126+0000] {dag.py:3033} INFO - Sync 1 DAGs
[2024-01-06T02:20:42.134+0000] {logging_mixin.py:188} INFO - [2024-01-06T02:20:42.134+0000] {dag.py:3820} INFO - Setting next_dagrun for example_python_operator to None, run_after=None
[2024-01-06T02:20:42.146+0000] {processor.py:183} INFO - Processing /home/airflow/.local/lib/python3.8/site-packages/airflow/example_dags/example_python_operator.py took 0.059 seconds
[2024-01-06T02:21:12.834+0000] {processor.py:161} INFO - Started process (PID=40129) to work on /home/airflow/.local/lib/python3.8/site-packages/airflow/example_dags/example_python_operator.py
[2024-01-06T02:21:12.836+0000] {processor.py:830} INFO - Processing file /home/airflow/.local/lib/python3.8/site-packages/airflow/example_dags/example_python_operator.py for tasks to queue
[2024-01-06T02:21:12.838+0000] {logging_mixin.py:188} INFO - [2024-01-06T02:21:12.838+0000] {dagbag.py:538} INFO - Filling up the DagBag from /home/airflow/.local/lib/python3.8/site-packages/airflow/example_dags/example_python_operator.py
[2024-01-06T02:21:12.847+0000] {processor.py:840} INFO - DAG(s) 'example_python_operator' retrieved from /home/airflow/.local/lib/python3.8/site-packages/airflow/example_dags/example_python_operator.py
[2024-01-06T02:21:12.861+0000] {logging_mixin.py:188} INFO - [2024-01-06T02:21:12.861+0000] {dag.py:3033} INFO - Sync 1 DAGs
[2024-01-06T02:21:12.869+0000] {logging_mixin.py:188} INFO - [2024-01-06T02:21:12.869+0000] {dag.py:3820} INFO - Setting next_dagrun for example_python_operator to None, run_after=None
[2024-01-06T02:21:12.881+0000] {processor.py:183} INFO - Processing /home/airflow/.local/lib/python3.8/site-packages/airflow/example_dags/example_python_operator.py took 0.050 seconds
[2024-01-06T02:21:43.827+0000] {processor.py:161} INFO - Started process (PID=40187) to work on /home/airflow/.local/lib/python3.8/site-packages/airflow/example_dags/example_python_operator.py
[2024-01-06T02:21:43.829+0000] {processor.py:830} INFO - Processing file /home/airflow/.local/lib/python3.8/site-packages/airflow/example_dags/example_python_operator.py for tasks to queue
[2024-01-06T02:21:43.831+0000] {logging_mixin.py:188} INFO - [2024-01-06T02:21:43.831+0000] {dagbag.py:538} INFO - Filling up the DagBag from /home/airflow/.local/lib/python3.8/site-packages/airflow/example_dags/example_python_operator.py
[2024-01-06T02:21:43.840+0000] {processor.py:840} INFO - DAG(s) 'example_python_operator' retrieved from /home/airflow/.local/lib/python3.8/site-packages/airflow/example_dags/example_python_operator.py
[2024-01-06T02:21:43.855+0000] {logging_mixin.py:188} INFO - [2024-01-06T02:21:43.855+0000] {dag.py:3033} INFO - Sync 1 DAGs
[2024-01-06T02:21:43.863+0000] {logging_mixin.py:188} INFO - [2024-01-06T02:21:43.862+0000] {dag.py:3820} INFO - Setting next_dagrun for example_python_operator to None, run_after=None
[2024-01-06T02:21:43.873+0000] {processor.py:183} INFO - Processing /home/airflow/.local/lib/python3.8/site-packages/airflow/example_dags/example_python_operator.py took 0.049 seconds
[2024-01-06T02:22:14.127+0000] {processor.py:161} INFO - Started process (PID=40245) to work on /home/airflow/.local/lib/python3.8/site-packages/airflow/example_dags/example_python_operator.py
[2024-01-06T02:22:14.129+0000] {processor.py:830} INFO - Processing file /home/airflow/.local/lib/python3.8/site-packages/airflow/example_dags/example_python_operator.py for tasks to queue
[2024-01-06T02:22:14.130+0000] {logging_mixin.py:188} INFO - [2024-01-06T02:22:14.130+0000] {dagbag.py:538} INFO - Filling up the DagBag from /home/airflow/.local/lib/python3.8/site-packages/airflow/example_dags/example_python_operator.py
[2024-01-06T02:22:14.141+0000] {processor.py:840} INFO - DAG(s) 'example_python_operator' retrieved from /home/airflow/.local/lib/python3.8/site-packages/airflow/example_dags/example_python_operator.py
[2024-01-06T02:22:14.157+0000] {logging_mixin.py:188} INFO - [2024-01-06T02:22:14.157+0000] {dag.py:3033} INFO - Sync 1 DAGs
[2024-01-06T02:22:14.164+0000] {logging_mixin.py:188} INFO - [2024-01-06T02:22:14.163+0000] {dag.py:3820} INFO - Setting next_dagrun for example_python_operator to None, run_after=None
[2024-01-06T02:22:14.175+0000] {processor.py:183} INFO - Processing /home/airflow/.local/lib/python3.8/site-packages/airflow/example_dags/example_python_operator.py took 0.050 seconds
[2024-01-06T02:22:44.935+0000] {processor.py:161} INFO - Started process (PID=40303) to work on /home/airflow/.local/lib/python3.8/site-packages/airflow/example_dags/example_python_operator.py
[2024-01-06T02:22:44.936+0000] {processor.py:830} INFO - Processing file /home/airflow/.local/lib/python3.8/site-packages/airflow/example_dags/example_python_operator.py for tasks to queue
[2024-01-06T02:22:44.938+0000] {logging_mixin.py:188} INFO - [2024-01-06T02:22:44.938+0000] {dagbag.py:538} INFO - Filling up the DagBag from /home/airflow/.local/lib/python3.8/site-packages/airflow/example_dags/example_python_operator.py
[2024-01-06T02:22:44.946+0000] {processor.py:840} INFO - DAG(s) 'example_python_operator' retrieved from /home/airflow/.local/lib/python3.8/site-packages/airflow/example_dags/example_python_operator.py
[2024-01-06T02:22:44.961+0000] {logging_mixin.py:188} INFO - [2024-01-06T02:22:44.961+0000] {dag.py:3033} INFO - Sync 1 DAGs
[2024-01-06T02:22:44.979+0000] {logging_mixin.py:188} INFO - [2024-01-06T02:22:44.979+0000] {dag.py:3820} INFO - Setting next_dagrun for example_python_operator to None, run_after=None
[2024-01-06T02:22:44.990+0000] {processor.py:183} INFO - Processing /home/airflow/.local/lib/python3.8/site-packages/airflow/example_dags/example_python_operator.py took 0.058 seconds
[2024-01-06T02:23:15.798+0000] {processor.py:161} INFO - Started process (PID=40361) to work on /home/airflow/.local/lib/python3.8/site-packages/airflow/example_dags/example_python_operator.py
[2024-01-06T02:23:15.800+0000] {processor.py:830} INFO - Processing file /home/airflow/.local/lib/python3.8/site-packages/airflow/example_dags/example_python_operator.py for tasks to queue
[2024-01-06T02:23:15.804+0000] {logging_mixin.py:188} INFO - [2024-01-06T02:23:15.803+0000] {dagbag.py:538} INFO - Filling up the DagBag from /home/airflow/.local/lib/python3.8/site-packages/airflow/example_dags/example_python_operator.py
[2024-01-06T02:23:15.816+0000] {processor.py:840} INFO - DAG(s) 'example_python_operator' retrieved from /home/airflow/.local/lib/python3.8/site-packages/airflow/example_dags/example_python_operator.py
[2024-01-06T02:23:15.837+0000] {logging_mixin.py:188} INFO - [2024-01-06T02:23:15.837+0000] {dag.py:3033} INFO - Sync 1 DAGs
[2024-01-06T02:23:15.849+0000] {logging_mixin.py:188} INFO - [2024-01-06T02:23:15.849+0000] {dag.py:3820} INFO - Setting next_dagrun for example_python_operator to None, run_after=None
[2024-01-06T02:23:15.864+0000] {processor.py:183} INFO - Processing /home/airflow/.local/lib/python3.8/site-packages/airflow/example_dags/example_python_operator.py took 0.068 seconds
[2024-01-06T02:23:46.220+0000] {processor.py:161} INFO - Started process (PID=40419) to work on /home/airflow/.local/lib/python3.8/site-packages/airflow/example_dags/example_python_operator.py
[2024-01-06T02:23:46.221+0000] {processor.py:830} INFO - Processing file /home/airflow/.local/lib/python3.8/site-packages/airflow/example_dags/example_python_operator.py for tasks to queue
[2024-01-06T02:23:46.223+0000] {logging_mixin.py:188} INFO - [2024-01-06T02:23:46.223+0000] {dagbag.py:538} INFO - Filling up the DagBag from /home/airflow/.local/lib/python3.8/site-packages/airflow/example_dags/example_python_operator.py
[2024-01-06T02:23:46.233+0000] {processor.py:840} INFO - DAG(s) 'example_python_operator' retrieved from /home/airflow/.local/lib/python3.8/site-packages/airflow/example_dags/example_python_operator.py
[2024-01-06T02:23:46.251+0000] {logging_mixin.py:188} INFO - [2024-01-06T02:23:46.251+0000] {dag.py:3033} INFO - Sync 1 DAGs
[2024-01-06T02:23:46.260+0000] {logging_mixin.py:188} INFO - [2024-01-06T02:23:46.260+0000] {dag.py:3820} INFO - Setting next_dagrun for example_python_operator to None, run_after=None
[2024-01-06T02:23:46.272+0000] {processor.py:183} INFO - Processing /home/airflow/.local/lib/python3.8/site-packages/airflow/example_dags/example_python_operator.py took 0.055 seconds
[2024-01-06T02:24:16.613+0000] {processor.py:161} INFO - Started process (PID=40477) to work on /home/airflow/.local/lib/python3.8/site-packages/airflow/example_dags/example_python_operator.py
[2024-01-06T02:24:16.614+0000] {processor.py:830} INFO - Processing file /home/airflow/.local/lib/python3.8/site-packages/airflow/example_dags/example_python_operator.py for tasks to queue
[2024-01-06T02:24:16.616+0000] {logging_mixin.py:188} INFO - [2024-01-06T02:24:16.616+0000] {dagbag.py:538} INFO - Filling up the DagBag from /home/airflow/.local/lib/python3.8/site-packages/airflow/example_dags/example_python_operator.py
[2024-01-06T02:24:16.623+0000] {processor.py:840} INFO - DAG(s) 'example_python_operator' retrieved from /home/airflow/.local/lib/python3.8/site-packages/airflow/example_dags/example_python_operator.py
[2024-01-06T02:24:16.638+0000] {logging_mixin.py:188} INFO - [2024-01-06T02:24:16.638+0000] {dag.py:3033} INFO - Sync 1 DAGs
[2024-01-06T02:24:16.646+0000] {logging_mixin.py:188} INFO - [2024-01-06T02:24:16.646+0000] {dag.py:3820} INFO - Setting next_dagrun for example_python_operator to None, run_after=None
[2024-01-06T02:24:16.657+0000] {processor.py:183} INFO - Processing /home/airflow/.local/lib/python3.8/site-packages/airflow/example_dags/example_python_operator.py took 0.047 seconds
[2024-01-06T02:24:47.061+0000] {processor.py:161} INFO - Started process (PID=40535) to work on /home/airflow/.local/lib/python3.8/site-packages/airflow/example_dags/example_python_operator.py
[2024-01-06T02:24:47.063+0000] {processor.py:830} INFO - Processing file /home/airflow/.local/lib/python3.8/site-packages/airflow/example_dags/example_python_operator.py for tasks to queue
[2024-01-06T02:24:47.065+0000] {logging_mixin.py:188} INFO - [2024-01-06T02:24:47.065+0000] {dagbag.py:538} INFO - Filling up the DagBag from /home/airflow/.local/lib/python3.8/site-packages/airflow/example_dags/example_python_operator.py
[2024-01-06T02:24:47.082+0000] {processor.py:840} INFO - DAG(s) 'example_python_operator' retrieved from /home/airflow/.local/lib/python3.8/site-packages/airflow/example_dags/example_python_operator.py
[2024-01-06T02:24:47.099+0000] {logging_mixin.py:188} INFO - [2024-01-06T02:24:47.099+0000] {dag.py:3033} INFO - Sync 1 DAGs
[2024-01-06T02:24:47.110+0000] {logging_mixin.py:188} INFO - [2024-01-06T02:24:47.110+0000] {dag.py:3820} INFO - Setting next_dagrun for example_python_operator to None, run_after=None
[2024-01-06T02:24:47.122+0000] {processor.py:183} INFO - Processing /home/airflow/.local/lib/python3.8/site-packages/airflow/example_dags/example_python_operator.py took 0.063 seconds
[2024-01-06T02:25:18.036+0000] {processor.py:161} INFO - Started process (PID=40593) to work on /home/airflow/.local/lib/python3.8/site-packages/airflow/example_dags/example_python_operator.py
[2024-01-06T02:25:18.040+0000] {processor.py:830} INFO - Processing file /home/airflow/.local/lib/python3.8/site-packages/airflow/example_dags/example_python_operator.py for tasks to queue
[2024-01-06T02:25:18.046+0000] {logging_mixin.py:188} INFO - [2024-01-06T02:25:18.046+0000] {dagbag.py:538} INFO - Filling up the DagBag from /home/airflow/.local/lib/python3.8/site-packages/airflow/example_dags/example_python_operator.py
[2024-01-06T02:25:18.067+0000] {processor.py:840} INFO - DAG(s) 'example_python_operator' retrieved from /home/airflow/.local/lib/python3.8/site-packages/airflow/example_dags/example_python_operator.py
[2024-01-06T02:25:18.104+0000] {logging_mixin.py:188} INFO - [2024-01-06T02:25:18.104+0000] {dag.py:3033} INFO - Sync 1 DAGs
[2024-01-06T02:25:18.127+0000] {logging_mixin.py:188} INFO - [2024-01-06T02:25:18.126+0000] {dag.py:3820} INFO - Setting next_dagrun for example_python_operator to None, run_after=None
[2024-01-06T02:25:18.155+0000] {processor.py:183} INFO - Processing /home/airflow/.local/lib/python3.8/site-packages/airflow/example_dags/example_python_operator.py took 0.123 seconds
[2024-01-06T02:25:49.116+0000] {processor.py:161} INFO - Started process (PID=40651) to work on /home/airflow/.local/lib/python3.8/site-packages/airflow/example_dags/example_python_operator.py
[2024-01-06T02:25:49.117+0000] {processor.py:830} INFO - Processing file /home/airflow/.local/lib/python3.8/site-packages/airflow/example_dags/example_python_operator.py for tasks to queue
[2024-01-06T02:25:49.119+0000] {logging_mixin.py:188} INFO - [2024-01-06T02:25:49.119+0000] {dagbag.py:538} INFO - Filling up the DagBag from /home/airflow/.local/lib/python3.8/site-packages/airflow/example_dags/example_python_operator.py
[2024-01-06T02:25:49.129+0000] {processor.py:840} INFO - DAG(s) 'example_python_operator' retrieved from /home/airflow/.local/lib/python3.8/site-packages/airflow/example_dags/example_python_operator.py
[2024-01-06T02:25:49.146+0000] {logging_mixin.py:188} INFO - [2024-01-06T02:25:49.146+0000] {dag.py:3033} INFO - Sync 1 DAGs
[2024-01-06T02:25:49.154+0000] {logging_mixin.py:188} INFO - [2024-01-06T02:25:49.153+0000] {dag.py:3820} INFO - Setting next_dagrun for example_python_operator to None, run_after=None
[2024-01-06T02:25:49.168+0000] {processor.py:183} INFO - Processing /home/airflow/.local/lib/python3.8/site-packages/airflow/example_dags/example_python_operator.py took 0.055 seconds
[2024-01-06T02:26:19.793+0000] {processor.py:161} INFO - Started process (PID=40716) to work on /home/airflow/.local/lib/python3.8/site-packages/airflow/example_dags/example_python_operator.py
[2024-01-06T02:26:19.794+0000] {processor.py:830} INFO - Processing file /home/airflow/.local/lib/python3.8/site-packages/airflow/example_dags/example_python_operator.py for tasks to queue
[2024-01-06T02:26:19.796+0000] {logging_mixin.py:188} INFO - [2024-01-06T02:26:19.796+0000] {dagbag.py:538} INFO - Filling up the DagBag from /home/airflow/.local/lib/python3.8/site-packages/airflow/example_dags/example_python_operator.py
[2024-01-06T02:26:19.805+0000] {processor.py:840} INFO - DAG(s) 'example_python_operator' retrieved from /home/airflow/.local/lib/python3.8/site-packages/airflow/example_dags/example_python_operator.py
[2024-01-06T02:26:19.821+0000] {logging_mixin.py:188} INFO - [2024-01-06T02:26:19.821+0000] {dag.py:3033} INFO - Sync 1 DAGs
[2024-01-06T02:26:19.829+0000] {logging_mixin.py:188} INFO - [2024-01-06T02:26:19.829+0000] {dag.py:3820} INFO - Setting next_dagrun for example_python_operator to None, run_after=None
[2024-01-06T02:26:19.842+0000] {processor.py:183} INFO - Processing /home/airflow/.local/lib/python3.8/site-packages/airflow/example_dags/example_python_operator.py took 0.052 seconds
[2024-01-06T02:26:50.350+0000] {processor.py:161} INFO - Started process (PID=40774) to work on /home/airflow/.local/lib/python3.8/site-packages/airflow/example_dags/example_python_operator.py
[2024-01-06T02:26:50.352+0000] {processor.py:830} INFO - Processing file /home/airflow/.local/lib/python3.8/site-packages/airflow/example_dags/example_python_operator.py for tasks to queue
[2024-01-06T02:26:50.354+0000] {logging_mixin.py:188} INFO - [2024-01-06T02:26:50.354+0000] {dagbag.py:538} INFO - Filling up the DagBag from /home/airflow/.local/lib/python3.8/site-packages/airflow/example_dags/example_python_operator.py
[2024-01-06T02:26:50.362+0000] {processor.py:840} INFO - DAG(s) 'example_python_operator' retrieved from /home/airflow/.local/lib/python3.8/site-packages/airflow/example_dags/example_python_operator.py
[2024-01-06T02:26:50.378+0000] {logging_mixin.py:188} INFO - [2024-01-06T02:26:50.377+0000] {dag.py:3033} INFO - Sync 1 DAGs
[2024-01-06T02:26:50.385+0000] {logging_mixin.py:188} INFO - [2024-01-06T02:26:50.385+0000] {dag.py:3820} INFO - Setting next_dagrun for example_python_operator to None, run_after=None
[2024-01-06T02:26:50.398+0000] {processor.py:183} INFO - Processing /home/airflow/.local/lib/python3.8/site-packages/airflow/example_dags/example_python_operator.py took 0.050 seconds
[2024-01-06T02:27:20.622+0000] {processor.py:161} INFO - Started process (PID=40832) to work on /home/airflow/.local/lib/python3.8/site-packages/airflow/example_dags/example_python_operator.py
[2024-01-06T02:27:20.623+0000] {processor.py:830} INFO - Processing file /home/airflow/.local/lib/python3.8/site-packages/airflow/example_dags/example_python_operator.py for tasks to queue
[2024-01-06T02:27:20.626+0000] {logging_mixin.py:188} INFO - [2024-01-06T02:27:20.626+0000] {dagbag.py:538} INFO - Filling up the DagBag from /home/airflow/.local/lib/python3.8/site-packages/airflow/example_dags/example_python_operator.py
[2024-01-06T02:27:20.636+0000] {processor.py:840} INFO - DAG(s) 'example_python_operator' retrieved from /home/airflow/.local/lib/python3.8/site-packages/airflow/example_dags/example_python_operator.py
[2024-01-06T02:27:20.655+0000] {logging_mixin.py:188} INFO - [2024-01-06T02:27:20.655+0000] {dag.py:3033} INFO - Sync 1 DAGs
[2024-01-06T02:27:20.663+0000] {logging_mixin.py:188} INFO - [2024-01-06T02:27:20.663+0000] {dag.py:3820} INFO - Setting next_dagrun for example_python_operator to None, run_after=None
[2024-01-06T02:27:20.674+0000] {processor.py:183} INFO - Processing /home/airflow/.local/lib/python3.8/site-packages/airflow/example_dags/example_python_operator.py took 0.055 seconds
[2024-01-06T02:27:51.217+0000] {processor.py:161} INFO - Started process (PID=40890) to work on /home/airflow/.local/lib/python3.8/site-packages/airflow/example_dags/example_python_operator.py
[2024-01-06T02:27:51.219+0000] {processor.py:830} INFO - Processing file /home/airflow/.local/lib/python3.8/site-packages/airflow/example_dags/example_python_operator.py for tasks to queue
[2024-01-06T02:27:51.222+0000] {logging_mixin.py:188} INFO - [2024-01-06T02:27:51.222+0000] {dagbag.py:538} INFO - Filling up the DagBag from /home/airflow/.local/lib/python3.8/site-packages/airflow/example_dags/example_python_operator.py
[2024-01-06T02:27:51.231+0000] {processor.py:840} INFO - DAG(s) 'example_python_operator' retrieved from /home/airflow/.local/lib/python3.8/site-packages/airflow/example_dags/example_python_operator.py
[2024-01-06T02:27:51.246+0000] {logging_mixin.py:188} INFO - [2024-01-06T02:27:51.246+0000] {dag.py:3033} INFO - Sync 1 DAGs
[2024-01-06T02:27:51.254+0000] {logging_mixin.py:188} INFO - [2024-01-06T02:27:51.254+0000] {dag.py:3820} INFO - Setting next_dagrun for example_python_operator to None, run_after=None
[2024-01-06T02:27:51.266+0000] {processor.py:183} INFO - Processing /home/airflow/.local/lib/python3.8/site-packages/airflow/example_dags/example_python_operator.py took 0.052 seconds
[2024-01-06T02:28:21.600+0000] {processor.py:161} INFO - Started process (PID=40948) to work on /home/airflow/.local/lib/python3.8/site-packages/airflow/example_dags/example_python_operator.py
[2024-01-06T02:28:21.601+0000] {processor.py:830} INFO - Processing file /home/airflow/.local/lib/python3.8/site-packages/airflow/example_dags/example_python_operator.py for tasks to queue
[2024-01-06T02:28:21.603+0000] {logging_mixin.py:188} INFO - [2024-01-06T02:28:21.603+0000] {dagbag.py:538} INFO - Filling up the DagBag from /home/airflow/.local/lib/python3.8/site-packages/airflow/example_dags/example_python_operator.py
[2024-01-06T02:28:21.612+0000] {processor.py:840} INFO - DAG(s) 'example_python_operator' retrieved from /home/airflow/.local/lib/python3.8/site-packages/airflow/example_dags/example_python_operator.py
[2024-01-06T02:28:21.628+0000] {logging_mixin.py:188} INFO - [2024-01-06T02:28:21.628+0000] {dag.py:3033} INFO - Sync 1 DAGs
[2024-01-06T02:28:21.636+0000] {logging_mixin.py:188} INFO - [2024-01-06T02:28:21.635+0000] {dag.py:3820} INFO - Setting next_dagrun for example_python_operator to None, run_after=None
[2024-01-06T02:28:21.649+0000] {processor.py:183} INFO - Processing /home/airflow/.local/lib/python3.8/site-packages/airflow/example_dags/example_python_operator.py took 0.052 seconds
[2024-01-06T02:28:52.251+0000] {processor.py:161} INFO - Started process (PID=41006) to work on /home/airflow/.local/lib/python3.8/site-packages/airflow/example_dags/example_python_operator.py
[2024-01-06T02:28:52.252+0000] {processor.py:830} INFO - Processing file /home/airflow/.local/lib/python3.8/site-packages/airflow/example_dags/example_python_operator.py for tasks to queue
[2024-01-06T02:28:52.254+0000] {logging_mixin.py:188} INFO - [2024-01-06T02:28:52.254+0000] {dagbag.py:538} INFO - Filling up the DagBag from /home/airflow/.local/lib/python3.8/site-packages/airflow/example_dags/example_python_operator.py
[2024-01-06T02:28:52.262+0000] {processor.py:840} INFO - DAG(s) 'example_python_operator' retrieved from /home/airflow/.local/lib/python3.8/site-packages/airflow/example_dags/example_python_operator.py
[2024-01-06T02:28:52.280+0000] {logging_mixin.py:188} INFO - [2024-01-06T02:28:52.279+0000] {dag.py:3033} INFO - Sync 1 DAGs
[2024-01-06T02:28:52.288+0000] {logging_mixin.py:188} INFO - [2024-01-06T02:28:52.287+0000] {dag.py:3820} INFO - Setting next_dagrun for example_python_operator to None, run_after=None
[2024-01-06T02:28:52.301+0000] {processor.py:183} INFO - Processing /home/airflow/.local/lib/python3.8/site-packages/airflow/example_dags/example_python_operator.py took 0.053 seconds
[2024-01-06T02:29:22.775+0000] {processor.py:161} INFO - Started process (PID=41064) to work on /home/airflow/.local/lib/python3.8/site-packages/airflow/example_dags/example_python_operator.py
[2024-01-06T02:29:22.779+0000] {processor.py:830} INFO - Processing file /home/airflow/.local/lib/python3.8/site-packages/airflow/example_dags/example_python_operator.py for tasks to queue
[2024-01-06T02:29:22.781+0000] {logging_mixin.py:188} INFO - [2024-01-06T02:29:22.781+0000] {dagbag.py:538} INFO - Filling up the DagBag from /home/airflow/.local/lib/python3.8/site-packages/airflow/example_dags/example_python_operator.py
[2024-01-06T02:29:22.791+0000] {processor.py:840} INFO - DAG(s) 'example_python_operator' retrieved from /home/airflow/.local/lib/python3.8/site-packages/airflow/example_dags/example_python_operator.py
[2024-01-06T02:29:22.809+0000] {logging_mixin.py:188} INFO - [2024-01-06T02:29:22.809+0000] {dag.py:3033} INFO - Sync 1 DAGs
[2024-01-06T02:29:22.817+0000] {logging_mixin.py:188} INFO - [2024-01-06T02:29:22.817+0000] {dag.py:3820} INFO - Setting next_dagrun for example_python_operator to None, run_after=None
[2024-01-06T02:29:22.832+0000] {processor.py:183} INFO - Processing /home/airflow/.local/lib/python3.8/site-packages/airflow/example_dags/example_python_operator.py took 0.060 seconds
[2024-01-06T02:29:53.469+0000] {processor.py:161} INFO - Started process (PID=41123) to work on /home/airflow/.local/lib/python3.8/site-packages/airflow/example_dags/example_python_operator.py
[2024-01-06T02:29:53.471+0000] {processor.py:830} INFO - Processing file /home/airflow/.local/lib/python3.8/site-packages/airflow/example_dags/example_python_operator.py for tasks to queue
[2024-01-06T02:29:53.473+0000] {logging_mixin.py:188} INFO - [2024-01-06T02:29:53.473+0000] {dagbag.py:538} INFO - Filling up the DagBag from /home/airflow/.local/lib/python3.8/site-packages/airflow/example_dags/example_python_operator.py
[2024-01-06T02:29:53.488+0000] {processor.py:840} INFO - DAG(s) 'example_python_operator' retrieved from /home/airflow/.local/lib/python3.8/site-packages/airflow/example_dags/example_python_operator.py
[2024-01-06T02:29:53.507+0000] {logging_mixin.py:188} INFO - [2024-01-06T02:29:53.507+0000] {dag.py:3033} INFO - Sync 1 DAGs
[2024-01-06T02:29:53.517+0000] {logging_mixin.py:188} INFO - [2024-01-06T02:29:53.517+0000] {dag.py:3820} INFO - Setting next_dagrun for example_python_operator to None, run_after=None
[2024-01-06T02:29:53.533+0000] {processor.py:183} INFO - Processing /home/airflow/.local/lib/python3.8/site-packages/airflow/example_dags/example_python_operator.py took 0.067 seconds
[2024-01-06T02:30:24.145+0000] {processor.py:161} INFO - Started process (PID=41181) to work on /home/airflow/.local/lib/python3.8/site-packages/airflow/example_dags/example_python_operator.py
[2024-01-06T02:30:24.147+0000] {processor.py:830} INFO - Processing file /home/airflow/.local/lib/python3.8/site-packages/airflow/example_dags/example_python_operator.py for tasks to queue
[2024-01-06T02:30:24.150+0000] {logging_mixin.py:188} INFO - [2024-01-06T02:30:24.150+0000] {dagbag.py:538} INFO - Filling up the DagBag from /home/airflow/.local/lib/python3.8/site-packages/airflow/example_dags/example_python_operator.py
[2024-01-06T02:30:24.158+0000] {processor.py:840} INFO - DAG(s) 'example_python_operator' retrieved from /home/airflow/.local/lib/python3.8/site-packages/airflow/example_dags/example_python_operator.py
[2024-01-06T02:30:24.175+0000] {logging_mixin.py:188} INFO - [2024-01-06T02:30:24.175+0000] {dag.py:3033} INFO - Sync 1 DAGs
[2024-01-06T02:30:24.184+0000] {logging_mixin.py:188} INFO - [2024-01-06T02:30:24.184+0000] {dag.py:3820} INFO - Setting next_dagrun for example_python_operator to None, run_after=None
[2024-01-06T02:30:24.198+0000] {processor.py:183} INFO - Processing /home/airflow/.local/lib/python3.8/site-packages/airflow/example_dags/example_python_operator.py took 0.055 seconds
[2024-01-06T02:30:54.750+0000] {processor.py:161} INFO - Started process (PID=41239) to work on /home/airflow/.local/lib/python3.8/site-packages/airflow/example_dags/example_python_operator.py
[2024-01-06T02:30:54.752+0000] {processor.py:830} INFO - Processing file /home/airflow/.local/lib/python3.8/site-packages/airflow/example_dags/example_python_operator.py for tasks to queue
[2024-01-06T02:30:54.754+0000] {logging_mixin.py:188} INFO - [2024-01-06T02:30:54.754+0000] {dagbag.py:538} INFO - Filling up the DagBag from /home/airflow/.local/lib/python3.8/site-packages/airflow/example_dags/example_python_operator.py
[2024-01-06T02:30:54.767+0000] {processor.py:840} INFO - DAG(s) 'example_python_operator' retrieved from /home/airflow/.local/lib/python3.8/site-packages/airflow/example_dags/example_python_operator.py
[2024-01-06T02:30:54.783+0000] {logging_mixin.py:188} INFO - [2024-01-06T02:30:54.782+0000] {dag.py:3033} INFO - Sync 1 DAGs
[2024-01-06T02:30:54.791+0000] {logging_mixin.py:188} INFO - [2024-01-06T02:30:54.790+0000] {dag.py:3820} INFO - Setting next_dagrun for example_python_operator to None, run_after=None
[2024-01-06T02:30:54.803+0000] {processor.py:183} INFO - Processing /home/airflow/.local/lib/python3.8/site-packages/airflow/example_dags/example_python_operator.py took 0.056 seconds
[2024-01-06T02:31:27.239+0000] {processor.py:161} INFO - Started process (PID=41297) to work on /home/airflow/.local/lib/python3.8/site-packages/airflow/example_dags/example_python_operator.py
[2024-01-06T02:31:27.241+0000] {processor.py:830} INFO - Processing file /home/airflow/.local/lib/python3.8/site-packages/airflow/example_dags/example_python_operator.py for tasks to queue
[2024-01-06T02:31:27.244+0000] {logging_mixin.py:188} INFO - [2024-01-06T02:31:27.244+0000] {dagbag.py:538} INFO - Filling up the DagBag from /home/airflow/.local/lib/python3.8/site-packages/airflow/example_dags/example_python_operator.py
[2024-01-06T02:31:27.258+0000] {processor.py:840} INFO - DAG(s) 'example_python_operator' retrieved from /home/airflow/.local/lib/python3.8/site-packages/airflow/example_dags/example_python_operator.py
[2024-01-06T02:31:27.276+0000] {logging_mixin.py:188} INFO - [2024-01-06T02:31:27.276+0000] {dag.py:3033} INFO - Sync 1 DAGs
[2024-01-06T02:31:27.287+0000] {logging_mixin.py:188} INFO - [2024-01-06T02:31:27.287+0000] {dag.py:3820} INFO - Setting next_dagrun for example_python_operator to None, run_after=None
[2024-01-06T02:31:27.303+0000] {processor.py:183} INFO - Processing /home/airflow/.local/lib/python3.8/site-packages/airflow/example_dags/example_python_operator.py took 0.067 seconds
[2024-01-06T02:31:57.731+0000] {processor.py:161} INFO - Started process (PID=41355) to work on /home/airflow/.local/lib/python3.8/site-packages/airflow/example_dags/example_python_operator.py
[2024-01-06T02:31:57.733+0000] {processor.py:830} INFO - Processing file /home/airflow/.local/lib/python3.8/site-packages/airflow/example_dags/example_python_operator.py for tasks to queue
[2024-01-06T02:31:57.735+0000] {logging_mixin.py:188} INFO - [2024-01-06T02:31:57.735+0000] {dagbag.py:538} INFO - Filling up the DagBag from /home/airflow/.local/lib/python3.8/site-packages/airflow/example_dags/example_python_operator.py
[2024-01-06T02:31:57.743+0000] {processor.py:840} INFO - DAG(s) 'example_python_operator' retrieved from /home/airflow/.local/lib/python3.8/site-packages/airflow/example_dags/example_python_operator.py
[2024-01-06T02:31:57.760+0000] {logging_mixin.py:188} INFO - [2024-01-06T02:31:57.760+0000] {dag.py:3033} INFO - Sync 1 DAGs
[2024-01-06T02:31:57.768+0000] {logging_mixin.py:188} INFO - [2024-01-06T02:31:57.768+0000] {dag.py:3820} INFO - Setting next_dagrun for example_python_operator to None, run_after=None
[2024-01-06T02:31:57.781+0000] {processor.py:183} INFO - Processing /home/airflow/.local/lib/python3.8/site-packages/airflow/example_dags/example_python_operator.py took 0.052 seconds
[2024-01-06T02:32:28.027+0000] {processor.py:161} INFO - Started process (PID=41413) to work on /home/airflow/.local/lib/python3.8/site-packages/airflow/example_dags/example_python_operator.py
[2024-01-06T02:32:28.029+0000] {processor.py:830} INFO - Processing file /home/airflow/.local/lib/python3.8/site-packages/airflow/example_dags/example_python_operator.py for tasks to queue
[2024-01-06T02:32:28.031+0000] {logging_mixin.py:188} INFO - [2024-01-06T02:32:28.031+0000] {dagbag.py:538} INFO - Filling up the DagBag from /home/airflow/.local/lib/python3.8/site-packages/airflow/example_dags/example_python_operator.py
[2024-01-06T02:32:28.039+0000] {processor.py:840} INFO - DAG(s) 'example_python_operator' retrieved from /home/airflow/.local/lib/python3.8/site-packages/airflow/example_dags/example_python_operator.py
[2024-01-06T02:32:28.055+0000] {logging_mixin.py:188} INFO - [2024-01-06T02:32:28.055+0000] {dag.py:3033} INFO - Sync 1 DAGs
[2024-01-06T02:32:28.062+0000] {logging_mixin.py:188} INFO - [2024-01-06T02:32:28.062+0000] {dag.py:3820} INFO - Setting next_dagrun for example_python_operator to None, run_after=None
[2024-01-06T02:32:28.076+0000] {processor.py:183} INFO - Processing /home/airflow/.local/lib/python3.8/site-packages/airflow/example_dags/example_python_operator.py took 0.051 seconds
[2024-01-06T02:32:59.150+0000] {processor.py:161} INFO - Started process (PID=41470) to work on /home/airflow/.local/lib/python3.8/site-packages/airflow/example_dags/example_python_operator.py
[2024-01-06T02:32:59.151+0000] {processor.py:830} INFO - Processing file /home/airflow/.local/lib/python3.8/site-packages/airflow/example_dags/example_python_operator.py for tasks to queue
[2024-01-06T02:32:59.155+0000] {logging_mixin.py:188} INFO - [2024-01-06T02:32:59.154+0000] {dagbag.py:538} INFO - Filling up the DagBag from /home/airflow/.local/lib/python3.8/site-packages/airflow/example_dags/example_python_operator.py
[2024-01-06T02:32:59.171+0000] {processor.py:840} INFO - DAG(s) 'example_python_operator' retrieved from /home/airflow/.local/lib/python3.8/site-packages/airflow/example_dags/example_python_operator.py
[2024-01-06T02:32:59.195+0000] {logging_mixin.py:188} INFO - [2024-01-06T02:32:59.195+0000] {dag.py:3033} INFO - Sync 1 DAGs
[2024-01-06T02:32:59.205+0000] {logging_mixin.py:188} INFO - [2024-01-06T02:32:59.204+0000] {dag.py:3820} INFO - Setting next_dagrun for example_python_operator to None, run_after=None
[2024-01-06T02:32:59.218+0000] {processor.py:183} INFO - Processing /home/airflow/.local/lib/python3.8/site-packages/airflow/example_dags/example_python_operator.py took 0.072 seconds
[2024-01-06T02:33:39.630+0000] {processor.py:161} INFO - Started process (PID=41528) to work on /home/airflow/.local/lib/python3.8/site-packages/airflow/example_dags/example_python_operator.py
[2024-01-06T02:33:39.659+0000] {processor.py:830} INFO - Processing file /home/airflow/.local/lib/python3.8/site-packages/airflow/example_dags/example_python_operator.py for tasks to queue
[2024-01-06T02:33:39.696+0000] {logging_mixin.py:188} INFO - [2024-01-06T02:33:39.694+0000] {dagbag.py:538} INFO - Filling up the DagBag from /home/airflow/.local/lib/python3.8/site-packages/airflow/example_dags/example_python_operator.py
[2024-01-06T02:33:39.854+0000] {processor.py:840} INFO - DAG(s) 'example_python_operator' retrieved from /home/airflow/.local/lib/python3.8/site-packages/airflow/example_dags/example_python_operator.py
[2024-01-06T02:33:40.254+0000] {logging_mixin.py:188} INFO - [2024-01-06T02:33:40.246+0000] {dag.py:3033} INFO - Sync 1 DAGs
[2024-01-06T02:33:40.471+0000] {logging_mixin.py:188} INFO - [2024-01-06T02:33:40.471+0000] {dag.py:3820} INFO - Setting next_dagrun for example_python_operator to None, run_after=None
[2024-01-06T02:33:40.642+0000] {processor.py:183} INFO - Processing /home/airflow/.local/lib/python3.8/site-packages/airflow/example_dags/example_python_operator.py took 1.040 seconds
[2024-01-06T02:34:10.808+0000] {processor.py:161} INFO - Started process (PID=41586) to work on /home/airflow/.local/lib/python3.8/site-packages/airflow/example_dags/example_python_operator.py
[2024-01-06T02:34:10.810+0000] {processor.py:830} INFO - Processing file /home/airflow/.local/lib/python3.8/site-packages/airflow/example_dags/example_python_operator.py for tasks to queue
[2024-01-06T02:34:10.814+0000] {logging_mixin.py:188} INFO - [2024-01-06T02:34:10.814+0000] {dagbag.py:538} INFO - Filling up the DagBag from /home/airflow/.local/lib/python3.8/site-packages/airflow/example_dags/example_python_operator.py
[2024-01-06T02:34:10.827+0000] {processor.py:840} INFO - DAG(s) 'example_python_operator' retrieved from /home/airflow/.local/lib/python3.8/site-packages/airflow/example_dags/example_python_operator.py
[2024-01-06T02:34:10.845+0000] {logging_mixin.py:188} INFO - [2024-01-06T02:34:10.845+0000] {dag.py:3033} INFO - Sync 1 DAGs
[2024-01-06T02:34:10.856+0000] {logging_mixin.py:188} INFO - [2024-01-06T02:34:10.856+0000] {dag.py:3820} INFO - Setting next_dagrun for example_python_operator to None, run_after=None
[2024-01-06T02:34:10.872+0000] {processor.py:183} INFO - Processing /home/airflow/.local/lib/python3.8/site-packages/airflow/example_dags/example_python_operator.py took 0.069 seconds
[2024-01-06T02:34:41.618+0000] {processor.py:161} INFO - Started process (PID=41644) to work on /home/airflow/.local/lib/python3.8/site-packages/airflow/example_dags/example_python_operator.py
[2024-01-06T02:34:41.620+0000] {processor.py:830} INFO - Processing file /home/airflow/.local/lib/python3.8/site-packages/airflow/example_dags/example_python_operator.py for tasks to queue
[2024-01-06T02:34:41.623+0000] {logging_mixin.py:188} INFO - [2024-01-06T02:34:41.623+0000] {dagbag.py:538} INFO - Filling up the DagBag from /home/airflow/.local/lib/python3.8/site-packages/airflow/example_dags/example_python_operator.py
[2024-01-06T02:34:41.636+0000] {processor.py:840} INFO - DAG(s) 'example_python_operator' retrieved from /home/airflow/.local/lib/python3.8/site-packages/airflow/example_dags/example_python_operator.py
[2024-01-06T02:34:41.653+0000] {logging_mixin.py:188} INFO - [2024-01-06T02:34:41.653+0000] {dag.py:3033} INFO - Sync 1 DAGs
[2024-01-06T02:34:41.661+0000] {logging_mixin.py:188} INFO - [2024-01-06T02:34:41.661+0000] {dag.py:3820} INFO - Setting next_dagrun for example_python_operator to None, run_after=None
[2024-01-06T02:34:41.672+0000] {processor.py:183} INFO - Processing /home/airflow/.local/lib/python3.8/site-packages/airflow/example_dags/example_python_operator.py took 0.057 seconds
[2024-01-06T02:35:11.870+0000] {processor.py:161} INFO - Started process (PID=41701) to work on /home/airflow/.local/lib/python3.8/site-packages/airflow/example_dags/example_python_operator.py
[2024-01-06T02:35:11.872+0000] {processor.py:830} INFO - Processing file /home/airflow/.local/lib/python3.8/site-packages/airflow/example_dags/example_python_operator.py for tasks to queue
[2024-01-06T02:35:11.875+0000] {logging_mixin.py:188} INFO - [2024-01-06T02:35:11.875+0000] {dagbag.py:538} INFO - Filling up the DagBag from /home/airflow/.local/lib/python3.8/site-packages/airflow/example_dags/example_python_operator.py
[2024-01-06T02:35:11.890+0000] {processor.py:840} INFO - DAG(s) 'example_python_operator' retrieved from /home/airflow/.local/lib/python3.8/site-packages/airflow/example_dags/example_python_operator.py
[2024-01-06T02:35:11.906+0000] {logging_mixin.py:188} INFO - [2024-01-06T02:35:11.906+0000] {dag.py:3033} INFO - Sync 1 DAGs
[2024-01-06T02:35:11.914+0000] {logging_mixin.py:188} INFO - [2024-01-06T02:35:11.914+0000] {dag.py:3820} INFO - Setting next_dagrun for example_python_operator to None, run_after=None
[2024-01-06T02:35:11.926+0000] {processor.py:183} INFO - Processing /home/airflow/.local/lib/python3.8/site-packages/airflow/example_dags/example_python_operator.py took 0.061 seconds
[2024-01-06T02:35:42.282+0000] {processor.py:161} INFO - Started process (PID=41759) to work on /home/airflow/.local/lib/python3.8/site-packages/airflow/example_dags/example_python_operator.py
[2024-01-06T02:35:42.286+0000] {processor.py:830} INFO - Processing file /home/airflow/.local/lib/python3.8/site-packages/airflow/example_dags/example_python_operator.py for tasks to queue
[2024-01-06T02:35:42.290+0000] {logging_mixin.py:188} INFO - [2024-01-06T02:35:42.290+0000] {dagbag.py:538} INFO - Filling up the DagBag from /home/airflow/.local/lib/python3.8/site-packages/airflow/example_dags/example_python_operator.py
[2024-01-06T02:35:42.303+0000] {processor.py:840} INFO - DAG(s) 'example_python_operator' retrieved from /home/airflow/.local/lib/python3.8/site-packages/airflow/example_dags/example_python_operator.py
[2024-01-06T02:35:42.326+0000] {logging_mixin.py:188} INFO - [2024-01-06T02:35:42.326+0000] {dag.py:3033} INFO - Sync 1 DAGs
[2024-01-06T02:35:42.335+0000] {logging_mixin.py:188} INFO - [2024-01-06T02:35:42.334+0000] {dag.py:3820} INFO - Setting next_dagrun for example_python_operator to None, run_after=None
[2024-01-06T02:35:42.348+0000] {processor.py:183} INFO - Processing /home/airflow/.local/lib/python3.8/site-packages/airflow/example_dags/example_python_operator.py took 0.072 seconds
[2024-01-06T02:36:12.863+0000] {processor.py:161} INFO - Started process (PID=41817) to work on /home/airflow/.local/lib/python3.8/site-packages/airflow/example_dags/example_python_operator.py
[2024-01-06T02:36:12.865+0000] {processor.py:830} INFO - Processing file /home/airflow/.local/lib/python3.8/site-packages/airflow/example_dags/example_python_operator.py for tasks to queue
[2024-01-06T02:36:12.871+0000] {logging_mixin.py:188} INFO - [2024-01-06T02:36:12.870+0000] {dagbag.py:538} INFO - Filling up the DagBag from /home/airflow/.local/lib/python3.8/site-packages/airflow/example_dags/example_python_operator.py
[2024-01-06T02:36:12.897+0000] {processor.py:840} INFO - DAG(s) 'example_python_operator' retrieved from /home/airflow/.local/lib/python3.8/site-packages/airflow/example_dags/example_python_operator.py
[2024-01-06T02:36:12.936+0000] {logging_mixin.py:188} INFO - [2024-01-06T02:36:12.936+0000] {dag.py:3033} INFO - Sync 1 DAGs
[2024-01-06T02:36:12.953+0000] {logging_mixin.py:188} INFO - [2024-01-06T02:36:12.952+0000] {dag.py:3820} INFO - Setting next_dagrun for example_python_operator to None, run_after=None
[2024-01-06T02:36:12.975+0000] {processor.py:183} INFO - Processing /home/airflow/.local/lib/python3.8/site-packages/airflow/example_dags/example_python_operator.py took 0.115 seconds
[2024-01-06T02:36:43.994+0000] {processor.py:161} INFO - Started process (PID=41875) to work on /home/airflow/.local/lib/python3.8/site-packages/airflow/example_dags/example_python_operator.py
[2024-01-06T02:36:43.996+0000] {processor.py:830} INFO - Processing file /home/airflow/.local/lib/python3.8/site-packages/airflow/example_dags/example_python_operator.py for tasks to queue
[2024-01-06T02:36:43.998+0000] {logging_mixin.py:188} INFO - [2024-01-06T02:36:43.998+0000] {dagbag.py:538} INFO - Filling up the DagBag from /home/airflow/.local/lib/python3.8/site-packages/airflow/example_dags/example_python_operator.py
[2024-01-06T02:36:44.009+0000] {processor.py:840} INFO - DAG(s) 'example_python_operator' retrieved from /home/airflow/.local/lib/python3.8/site-packages/airflow/example_dags/example_python_operator.py
[2024-01-06T02:36:44.024+0000] {logging_mixin.py:188} INFO - [2024-01-06T02:36:44.024+0000] {dag.py:3033} INFO - Sync 1 DAGs
[2024-01-06T02:36:44.032+0000] {logging_mixin.py:188} INFO - [2024-01-06T02:36:44.032+0000] {dag.py:3820} INFO - Setting next_dagrun for example_python_operator to None, run_after=None
[2024-01-06T02:36:44.045+0000] {processor.py:183} INFO - Processing /home/airflow/.local/lib/python3.8/site-packages/airflow/example_dags/example_python_operator.py took 0.053 seconds
[2024-01-06T02:37:14.329+0000] {processor.py:161} INFO - Started process (PID=41933) to work on /home/airflow/.local/lib/python3.8/site-packages/airflow/example_dags/example_python_operator.py
[2024-01-06T02:37:14.331+0000] {processor.py:830} INFO - Processing file /home/airflow/.local/lib/python3.8/site-packages/airflow/example_dags/example_python_operator.py for tasks to queue
[2024-01-06T02:37:14.334+0000] {logging_mixin.py:188} INFO - [2024-01-06T02:37:14.334+0000] {dagbag.py:538} INFO - Filling up the DagBag from /home/airflow/.local/lib/python3.8/site-packages/airflow/example_dags/example_python_operator.py
[2024-01-06T02:37:14.349+0000] {processor.py:840} INFO - DAG(s) 'example_python_operator' retrieved from /home/airflow/.local/lib/python3.8/site-packages/airflow/example_dags/example_python_operator.py
[2024-01-06T02:37:14.383+0000] {logging_mixin.py:188} INFO - [2024-01-06T02:37:14.383+0000] {dag.py:3033} INFO - Sync 1 DAGs
[2024-01-06T02:37:14.399+0000] {logging_mixin.py:188} INFO - [2024-01-06T02:37:14.399+0000] {dag.py:3820} INFO - Setting next_dagrun for example_python_operator to None, run_after=None
[2024-01-06T02:37:14.416+0000] {processor.py:183} INFO - Processing /home/airflow/.local/lib/python3.8/site-packages/airflow/example_dags/example_python_operator.py took 0.091 seconds
[2024-01-06T02:37:45.307+0000] {processor.py:161} INFO - Started process (PID=41990) to work on /home/airflow/.local/lib/python3.8/site-packages/airflow/example_dags/example_python_operator.py
[2024-01-06T02:37:45.321+0000] {processor.py:830} INFO - Processing file /home/airflow/.local/lib/python3.8/site-packages/airflow/example_dags/example_python_operator.py for tasks to queue
[2024-01-06T02:37:45.335+0000] {logging_mixin.py:188} INFO - [2024-01-06T02:37:45.334+0000] {dagbag.py:538} INFO - Filling up the DagBag from /home/airflow/.local/lib/python3.8/site-packages/airflow/example_dags/example_python_operator.py
[2024-01-06T02:37:45.396+0000] {processor.py:840} INFO - DAG(s) 'example_python_operator' retrieved from /home/airflow/.local/lib/python3.8/site-packages/airflow/example_dags/example_python_operator.py
[2024-01-06T02:37:45.521+0000] {logging_mixin.py:188} INFO - [2024-01-06T02:37:45.520+0000] {dag.py:3033} INFO - Sync 1 DAGs
[2024-01-06T02:37:45.561+0000] {logging_mixin.py:188} INFO - [2024-01-06T02:37:45.561+0000] {dag.py:3820} INFO - Setting next_dagrun for example_python_operator to None, run_after=None
[2024-01-06T02:37:45.617+0000] {processor.py:183} INFO - Processing /home/airflow/.local/lib/python3.8/site-packages/airflow/example_dags/example_python_operator.py took 0.336 seconds
[2024-01-06T02:38:16.264+0000] {processor.py:161} INFO - Started process (PID=42048) to work on /home/airflow/.local/lib/python3.8/site-packages/airflow/example_dags/example_python_operator.py
[2024-01-06T02:38:16.266+0000] {processor.py:830} INFO - Processing file /home/airflow/.local/lib/python3.8/site-packages/airflow/example_dags/example_python_operator.py for tasks to queue
[2024-01-06T02:38:16.268+0000] {logging_mixin.py:188} INFO - [2024-01-06T02:38:16.268+0000] {dagbag.py:538} INFO - Filling up the DagBag from /home/airflow/.local/lib/python3.8/site-packages/airflow/example_dags/example_python_operator.py
[2024-01-06T02:38:16.279+0000] {processor.py:840} INFO - DAG(s) 'example_python_operator' retrieved from /home/airflow/.local/lib/python3.8/site-packages/airflow/example_dags/example_python_operator.py
[2024-01-06T02:38:16.294+0000] {logging_mixin.py:188} INFO - [2024-01-06T02:38:16.293+0000] {dag.py:3033} INFO - Sync 1 DAGs
[2024-01-06T02:38:16.303+0000] {logging_mixin.py:188} INFO - [2024-01-06T02:38:16.303+0000] {dag.py:3820} INFO - Setting next_dagrun for example_python_operator to None, run_after=None
[2024-01-06T02:38:16.314+0000] {processor.py:183} INFO - Processing /home/airflow/.local/lib/python3.8/site-packages/airflow/example_dags/example_python_operator.py took 0.053 seconds
[2024-01-06T02:38:46.546+0000] {processor.py:161} INFO - Started process (PID=42106) to work on /home/airflow/.local/lib/python3.8/site-packages/airflow/example_dags/example_python_operator.py
[2024-01-06T02:38:46.548+0000] {processor.py:830} INFO - Processing file /home/airflow/.local/lib/python3.8/site-packages/airflow/example_dags/example_python_operator.py for tasks to queue
[2024-01-06T02:38:46.551+0000] {logging_mixin.py:188} INFO - [2024-01-06T02:38:46.551+0000] {dagbag.py:538} INFO - Filling up the DagBag from /home/airflow/.local/lib/python3.8/site-packages/airflow/example_dags/example_python_operator.py
[2024-01-06T02:38:46.564+0000] {processor.py:840} INFO - DAG(s) 'example_python_operator' retrieved from /home/airflow/.local/lib/python3.8/site-packages/airflow/example_dags/example_python_operator.py
[2024-01-06T02:38:46.581+0000] {logging_mixin.py:188} INFO - [2024-01-06T02:38:46.581+0000] {dag.py:3033} INFO - Sync 1 DAGs
[2024-01-06T02:38:46.590+0000] {logging_mixin.py:188} INFO - [2024-01-06T02:38:46.590+0000] {dag.py:3820} INFO - Setting next_dagrun for example_python_operator to None, run_after=None
[2024-01-06T02:38:46.605+0000] {processor.py:183} INFO - Processing /home/airflow/.local/lib/python3.8/site-packages/airflow/example_dags/example_python_operator.py took 0.063 seconds
[2024-01-06T02:39:17.155+0000] {processor.py:161} INFO - Started process (PID=42163) to work on /home/airflow/.local/lib/python3.8/site-packages/airflow/example_dags/example_python_operator.py
[2024-01-06T02:39:17.157+0000] {processor.py:830} INFO - Processing file /home/airflow/.local/lib/python3.8/site-packages/airflow/example_dags/example_python_operator.py for tasks to queue
[2024-01-06T02:39:17.160+0000] {logging_mixin.py:188} INFO - [2024-01-06T02:39:17.160+0000] {dagbag.py:538} INFO - Filling up the DagBag from /home/airflow/.local/lib/python3.8/site-packages/airflow/example_dags/example_python_operator.py
[2024-01-06T02:39:17.174+0000] {processor.py:840} INFO - DAG(s) 'example_python_operator' retrieved from /home/airflow/.local/lib/python3.8/site-packages/airflow/example_dags/example_python_operator.py
[2024-01-06T02:39:17.194+0000] {logging_mixin.py:188} INFO - [2024-01-06T02:39:17.194+0000] {dag.py:3033} INFO - Sync 1 DAGs
[2024-01-06T02:39:17.205+0000] {logging_mixin.py:188} INFO - [2024-01-06T02:39:17.205+0000] {dag.py:3820} INFO - Setting next_dagrun for example_python_operator to None, run_after=None
[2024-01-06T02:39:17.218+0000] {processor.py:183} INFO - Processing /home/airflow/.local/lib/python3.8/site-packages/airflow/example_dags/example_python_operator.py took 0.068 seconds
[2024-01-06T02:39:47.627+0000] {processor.py:161} INFO - Started process (PID=42220) to work on /home/airflow/.local/lib/python3.8/site-packages/airflow/example_dags/example_python_operator.py
[2024-01-06T02:39:47.629+0000] {processor.py:830} INFO - Processing file /home/airflow/.local/lib/python3.8/site-packages/airflow/example_dags/example_python_operator.py for tasks to queue
[2024-01-06T02:39:47.633+0000] {logging_mixin.py:188} INFO - [2024-01-06T02:39:47.633+0000] {dagbag.py:538} INFO - Filling up the DagBag from /home/airflow/.local/lib/python3.8/site-packages/airflow/example_dags/example_python_operator.py
[2024-01-06T02:39:47.662+0000] {processor.py:840} INFO - DAG(s) 'example_python_operator' retrieved from /home/airflow/.local/lib/python3.8/site-packages/airflow/example_dags/example_python_operator.py
[2024-01-06T02:39:47.694+0000] {logging_mixin.py:188} INFO - [2024-01-06T02:39:47.694+0000] {dag.py:3033} INFO - Sync 1 DAGs
[2024-01-06T02:39:47.711+0000] {logging_mixin.py:188} INFO - [2024-01-06T02:39:47.711+0000] {dag.py:3820} INFO - Setting next_dagrun for example_python_operator to None, run_after=None
[2024-01-06T02:39:47.734+0000] {processor.py:183} INFO - Processing /home/airflow/.local/lib/python3.8/site-packages/airflow/example_dags/example_python_operator.py took 0.112 seconds
[2024-01-06T02:40:18.767+0000] {processor.py:161} INFO - Started process (PID=42279) to work on /home/airflow/.local/lib/python3.8/site-packages/airflow/example_dags/example_python_operator.py
[2024-01-06T02:40:18.770+0000] {processor.py:830} INFO - Processing file /home/airflow/.local/lib/python3.8/site-packages/airflow/example_dags/example_python_operator.py for tasks to queue
[2024-01-06T02:40:18.774+0000] {logging_mixin.py:188} INFO - [2024-01-06T02:40:18.774+0000] {dagbag.py:538} INFO - Filling up the DagBag from /home/airflow/.local/lib/python3.8/site-packages/airflow/example_dags/example_python_operator.py
[2024-01-06T02:40:18.800+0000] {processor.py:840} INFO - DAG(s) 'example_python_operator' retrieved from /home/airflow/.local/lib/python3.8/site-packages/airflow/example_dags/example_python_operator.py
[2024-01-06T02:40:18.835+0000] {logging_mixin.py:188} INFO - [2024-01-06T02:40:18.835+0000] {dag.py:3033} INFO - Sync 1 DAGs
[2024-01-06T02:40:18.847+0000] {logging_mixin.py:188} INFO - [2024-01-06T02:40:18.847+0000] {dag.py:3820} INFO - Setting next_dagrun for example_python_operator to None, run_after=None
[2024-01-06T02:40:18.863+0000] {processor.py:183} INFO - Processing /home/airflow/.local/lib/python3.8/site-packages/airflow/example_dags/example_python_operator.py took 0.100 seconds
[2024-01-06T02:40:49.548+0000] {processor.py:161} INFO - Started process (PID=42338) to work on /home/airflow/.local/lib/python3.8/site-packages/airflow/example_dags/example_python_operator.py
[2024-01-06T02:40:49.569+0000] {processor.py:830} INFO - Processing file /home/airflow/.local/lib/python3.8/site-packages/airflow/example_dags/example_python_operator.py for tasks to queue
[2024-01-06T02:40:49.771+0000] {logging_mixin.py:188} INFO - [2024-01-06T02:40:49.749+0000] {dagbag.py:538} INFO - Filling up the DagBag from /home/airflow/.local/lib/python3.8/site-packages/airflow/example_dags/example_python_operator.py
[2024-01-06T02:40:50.223+0000] {processor.py:840} INFO - DAG(s) 'example_python_operator' retrieved from /home/airflow/.local/lib/python3.8/site-packages/airflow/example_dags/example_python_operator.py
[2024-01-06T02:40:50.624+0000] {logging_mixin.py:188} INFO - [2024-01-06T02:40:50.624+0000] {dag.py:3033} INFO - Sync 1 DAGs
[2024-01-06T02:40:51.213+0000] {logging_mixin.py:188} INFO - [2024-01-06T02:40:51.211+0000] {dag.py:3820} INFO - Setting next_dagrun for example_python_operator to None, run_after=None
[2024-01-06T02:40:51.857+0000] {processor.py:183} INFO - Processing /home/airflow/.local/lib/python3.8/site-packages/airflow/example_dags/example_python_operator.py took 2.311 seconds
[2024-01-06T02:41:23.053+0000] {processor.py:161} INFO - Started process (PID=42395) to work on /home/airflow/.local/lib/python3.8/site-packages/airflow/example_dags/example_python_operator.py
[2024-01-06T02:41:23.056+0000] {processor.py:830} INFO - Processing file /home/airflow/.local/lib/python3.8/site-packages/airflow/example_dags/example_python_operator.py for tasks to queue
[2024-01-06T02:41:23.061+0000] {logging_mixin.py:188} INFO - [2024-01-06T02:41:23.061+0000] {dagbag.py:538} INFO - Filling up the DagBag from /home/airflow/.local/lib/python3.8/site-packages/airflow/example_dags/example_python_operator.py
[2024-01-06T02:41:23.092+0000] {processor.py:840} INFO - DAG(s) 'example_python_operator' retrieved from /home/airflow/.local/lib/python3.8/site-packages/airflow/example_dags/example_python_operator.py
[2024-01-06T02:41:23.133+0000] {logging_mixin.py:188} INFO - [2024-01-06T02:41:23.132+0000] {dag.py:3033} INFO - Sync 1 DAGs
[2024-01-06T02:41:23.151+0000] {logging_mixin.py:188} INFO - [2024-01-06T02:41:23.151+0000] {dag.py:3820} INFO - Setting next_dagrun for example_python_operator to None, run_after=None
[2024-01-06T02:41:23.173+0000] {processor.py:183} INFO - Processing /home/airflow/.local/lib/python3.8/site-packages/airflow/example_dags/example_python_operator.py took 0.128 seconds
[2024-01-06T02:41:53.588+0000] {processor.py:161} INFO - Started process (PID=42453) to work on /home/airflow/.local/lib/python3.8/site-packages/airflow/example_dags/example_python_operator.py
[2024-01-06T02:41:53.593+0000] {processor.py:830} INFO - Processing file /home/airflow/.local/lib/python3.8/site-packages/airflow/example_dags/example_python_operator.py for tasks to queue
[2024-01-06T02:41:53.598+0000] {logging_mixin.py:188} INFO - [2024-01-06T02:41:53.598+0000] {dagbag.py:538} INFO - Filling up the DagBag from /home/airflow/.local/lib/python3.8/site-packages/airflow/example_dags/example_python_operator.py
[2024-01-06T02:41:53.628+0000] {processor.py:840} INFO - DAG(s) 'example_python_operator' retrieved from /home/airflow/.local/lib/python3.8/site-packages/airflow/example_dags/example_python_operator.py
[2024-01-06T02:41:53.660+0000] {logging_mixin.py:188} INFO - [2024-01-06T02:41:53.660+0000] {dag.py:3033} INFO - Sync 1 DAGs
[2024-01-06T02:41:53.673+0000] {logging_mixin.py:188} INFO - [2024-01-06T02:41:53.673+0000] {dag.py:3820} INFO - Setting next_dagrun for example_python_operator to None, run_after=None
[2024-01-06T02:41:53.687+0000] {processor.py:183} INFO - Processing /home/airflow/.local/lib/python3.8/site-packages/airflow/example_dags/example_python_operator.py took 0.111 seconds
[2024-01-06T02:42:23.829+0000] {processor.py:161} INFO - Started process (PID=42510) to work on /home/airflow/.local/lib/python3.8/site-packages/airflow/example_dags/example_python_operator.py
[2024-01-06T02:42:23.834+0000] {processor.py:830} INFO - Processing file /home/airflow/.local/lib/python3.8/site-packages/airflow/example_dags/example_python_operator.py for tasks to queue
[2024-01-06T02:42:23.846+0000] {logging_mixin.py:188} INFO - [2024-01-06T02:42:23.845+0000] {dagbag.py:538} INFO - Filling up the DagBag from /home/airflow/.local/lib/python3.8/site-packages/airflow/example_dags/example_python_operator.py
[2024-01-06T02:42:23.880+0000] {processor.py:840} INFO - DAG(s) 'example_python_operator' retrieved from /home/airflow/.local/lib/python3.8/site-packages/airflow/example_dags/example_python_operator.py
[2024-01-06T02:42:23.931+0000] {logging_mixin.py:188} INFO - [2024-01-06T02:42:23.931+0000] {dag.py:3033} INFO - Sync 1 DAGs
[2024-01-06T02:42:23.944+0000] {logging_mixin.py:188} INFO - [2024-01-06T02:42:23.944+0000] {dag.py:3820} INFO - Setting next_dagrun for example_python_operator to None, run_after=None
[2024-01-06T02:42:23.962+0000] {processor.py:183} INFO - Processing /home/airflow/.local/lib/python3.8/site-packages/airflow/example_dags/example_python_operator.py took 0.152 seconds
[2024-01-06T02:42:54.350+0000] {processor.py:161} INFO - Started process (PID=42568) to work on /home/airflow/.local/lib/python3.8/site-packages/airflow/example_dags/example_python_operator.py
[2024-01-06T02:42:54.355+0000] {processor.py:830} INFO - Processing file /home/airflow/.local/lib/python3.8/site-packages/airflow/example_dags/example_python_operator.py for tasks to queue
[2024-01-06T02:42:54.359+0000] {logging_mixin.py:188} INFO - [2024-01-06T02:42:54.358+0000] {dagbag.py:538} INFO - Filling up the DagBag from /home/airflow/.local/lib/python3.8/site-packages/airflow/example_dags/example_python_operator.py
[2024-01-06T02:42:54.371+0000] {processor.py:840} INFO - DAG(s) 'example_python_operator' retrieved from /home/airflow/.local/lib/python3.8/site-packages/airflow/example_dags/example_python_operator.py
[2024-01-06T02:42:54.390+0000] {logging_mixin.py:188} INFO - [2024-01-06T02:42:54.390+0000] {dag.py:3033} INFO - Sync 1 DAGs
[2024-01-06T02:42:54.398+0000] {logging_mixin.py:188} INFO - [2024-01-06T02:42:54.398+0000] {dag.py:3820} INFO - Setting next_dagrun for example_python_operator to None, run_after=None
[2024-01-06T02:42:54.408+0000] {processor.py:183} INFO - Processing /home/airflow/.local/lib/python3.8/site-packages/airflow/example_dags/example_python_operator.py took 0.064 seconds
[2024-01-06T02:43:24.793+0000] {processor.py:161} INFO - Started process (PID=42626) to work on /home/airflow/.local/lib/python3.8/site-packages/airflow/example_dags/example_python_operator.py
[2024-01-06T02:43:24.796+0000] {processor.py:830} INFO - Processing file /home/airflow/.local/lib/python3.8/site-packages/airflow/example_dags/example_python_operator.py for tasks to queue
[2024-01-06T02:43:24.802+0000] {logging_mixin.py:188} INFO - [2024-01-06T02:43:24.801+0000] {dagbag.py:538} INFO - Filling up the DagBag from /home/airflow/.local/lib/python3.8/site-packages/airflow/example_dags/example_python_operator.py
[2024-01-06T02:43:24.819+0000] {processor.py:840} INFO - DAG(s) 'example_python_operator' retrieved from /home/airflow/.local/lib/python3.8/site-packages/airflow/example_dags/example_python_operator.py
[2024-01-06T02:43:24.841+0000] {logging_mixin.py:188} INFO - [2024-01-06T02:43:24.841+0000] {dag.py:3033} INFO - Sync 1 DAGs
[2024-01-06T02:43:24.849+0000] {logging_mixin.py:188} INFO - [2024-01-06T02:43:24.849+0000] {dag.py:3820} INFO - Setting next_dagrun for example_python_operator to None, run_after=None
[2024-01-06T02:43:24.862+0000] {processor.py:183} INFO - Processing /home/airflow/.local/lib/python3.8/site-packages/airflow/example_dags/example_python_operator.py took 0.077 seconds
[2024-01-06T02:43:55.088+0000] {processor.py:161} INFO - Started process (PID=42684) to work on /home/airflow/.local/lib/python3.8/site-packages/airflow/example_dags/example_python_operator.py
[2024-01-06T02:43:55.091+0000] {processor.py:830} INFO - Processing file /home/airflow/.local/lib/python3.8/site-packages/airflow/example_dags/example_python_operator.py for tasks to queue
[2024-01-06T02:43:55.101+0000] {logging_mixin.py:188} INFO - [2024-01-06T02:43:55.100+0000] {dagbag.py:538} INFO - Filling up the DagBag from /home/airflow/.local/lib/python3.8/site-packages/airflow/example_dags/example_python_operator.py
[2024-01-06T02:43:55.127+0000] {processor.py:840} INFO - DAG(s) 'example_python_operator' retrieved from /home/airflow/.local/lib/python3.8/site-packages/airflow/example_dags/example_python_operator.py
[2024-01-06T02:43:55.159+0000] {logging_mixin.py:188} INFO - [2024-01-06T02:43:55.159+0000] {dag.py:3033} INFO - Sync 1 DAGs
[2024-01-06T02:43:55.182+0000] {logging_mixin.py:188} INFO - [2024-01-06T02:43:55.181+0000] {dag.py:3820} INFO - Setting next_dagrun for example_python_operator to None, run_after=None
[2024-01-06T02:43:55.202+0000] {processor.py:183} INFO - Processing /home/airflow/.local/lib/python3.8/site-packages/airflow/example_dags/example_python_operator.py took 0.122 seconds
[2024-01-06T02:44:25.270+0000] {processor.py:161} INFO - Started process (PID=42742) to work on /home/airflow/.local/lib/python3.8/site-packages/airflow/example_dags/example_python_operator.py
[2024-01-06T02:44:25.274+0000] {processor.py:830} INFO - Processing file /home/airflow/.local/lib/python3.8/site-packages/airflow/example_dags/example_python_operator.py for tasks to queue
[2024-01-06T02:44:25.278+0000] {logging_mixin.py:188} INFO - [2024-01-06T02:44:25.277+0000] {dagbag.py:538} INFO - Filling up the DagBag from /home/airflow/.local/lib/python3.8/site-packages/airflow/example_dags/example_python_operator.py
[2024-01-06T02:44:25.293+0000] {processor.py:840} INFO - DAG(s) 'example_python_operator' retrieved from /home/airflow/.local/lib/python3.8/site-packages/airflow/example_dags/example_python_operator.py
[2024-01-06T02:44:25.321+0000] {logging_mixin.py:188} INFO - [2024-01-06T02:44:25.321+0000] {dag.py:3033} INFO - Sync 1 DAGs
[2024-01-06T02:44:25.335+0000] {logging_mixin.py:188} INFO - [2024-01-06T02:44:25.334+0000] {dag.py:3820} INFO - Setting next_dagrun for example_python_operator to None, run_after=None
[2024-01-06T02:44:25.350+0000] {processor.py:183} INFO - Processing /home/airflow/.local/lib/python3.8/site-packages/airflow/example_dags/example_python_operator.py took 0.085 seconds
[2024-01-06T02:44:55.589+0000] {processor.py:161} INFO - Started process (PID=42806) to work on /home/airflow/.local/lib/python3.8/site-packages/airflow/example_dags/example_python_operator.py
[2024-01-06T02:44:55.592+0000] {processor.py:830} INFO - Processing file /home/airflow/.local/lib/python3.8/site-packages/airflow/example_dags/example_python_operator.py for tasks to queue
[2024-01-06T02:44:55.594+0000] {logging_mixin.py:188} INFO - [2024-01-06T02:44:55.594+0000] {dagbag.py:538} INFO - Filling up the DagBag from /home/airflow/.local/lib/python3.8/site-packages/airflow/example_dags/example_python_operator.py
[2024-01-06T02:44:55.601+0000] {processor.py:840} INFO - DAG(s) 'example_python_operator' retrieved from /home/airflow/.local/lib/python3.8/site-packages/airflow/example_dags/example_python_operator.py
[2024-01-06T02:44:55.621+0000] {logging_mixin.py:188} INFO - [2024-01-06T02:44:55.621+0000] {dag.py:3033} INFO - Sync 1 DAGs
[2024-01-06T02:44:55.629+0000] {logging_mixin.py:188} INFO - [2024-01-06T02:44:55.629+0000] {dag.py:3820} INFO - Setting next_dagrun for example_python_operator to None, run_after=None
[2024-01-06T02:44:55.642+0000] {processor.py:183} INFO - Processing /home/airflow/.local/lib/python3.8/site-packages/airflow/example_dags/example_python_operator.py took 0.056 seconds
[2024-01-06T02:45:25.793+0000] {processor.py:161} INFO - Started process (PID=42864) to work on /home/airflow/.local/lib/python3.8/site-packages/airflow/example_dags/example_python_operator.py
[2024-01-06T02:45:25.796+0000] {processor.py:830} INFO - Processing file /home/airflow/.local/lib/python3.8/site-packages/airflow/example_dags/example_python_operator.py for tasks to queue
[2024-01-06T02:45:25.800+0000] {logging_mixin.py:188} INFO - [2024-01-06T02:45:25.800+0000] {dagbag.py:538} INFO - Filling up the DagBag from /home/airflow/.local/lib/python3.8/site-packages/airflow/example_dags/example_python_operator.py
[2024-01-06T02:45:25.815+0000] {processor.py:840} INFO - DAG(s) 'example_python_operator' retrieved from /home/airflow/.local/lib/python3.8/site-packages/airflow/example_dags/example_python_operator.py
[2024-01-06T02:45:25.837+0000] {logging_mixin.py:188} INFO - [2024-01-06T02:45:25.837+0000] {dag.py:3033} INFO - Sync 1 DAGs
[2024-01-06T02:45:25.848+0000] {logging_mixin.py:188} INFO - [2024-01-06T02:45:25.848+0000] {dag.py:3820} INFO - Setting next_dagrun for example_python_operator to None, run_after=None
[2024-01-06T02:45:25.862+0000] {processor.py:183} INFO - Processing /home/airflow/.local/lib/python3.8/site-packages/airflow/example_dags/example_python_operator.py took 0.075 seconds
[2024-01-06T02:45:56.587+0000] {processor.py:161} INFO - Started process (PID=42920) to work on /home/airflow/.local/lib/python3.8/site-packages/airflow/example_dags/example_python_operator.py
[2024-01-06T02:45:56.589+0000] {processor.py:830} INFO - Processing file /home/airflow/.local/lib/python3.8/site-packages/airflow/example_dags/example_python_operator.py for tasks to queue
[2024-01-06T02:45:56.594+0000] {logging_mixin.py:188} INFO - [2024-01-06T02:45:56.594+0000] {dagbag.py:538} INFO - Filling up the DagBag from /home/airflow/.local/lib/python3.8/site-packages/airflow/example_dags/example_python_operator.py
[2024-01-06T02:45:56.612+0000] {processor.py:840} INFO - DAG(s) 'example_python_operator' retrieved from /home/airflow/.local/lib/python3.8/site-packages/airflow/example_dags/example_python_operator.py
[2024-01-06T02:45:56.637+0000] {logging_mixin.py:188} INFO - [2024-01-06T02:45:56.636+0000] {dag.py:3033} INFO - Sync 1 DAGs
[2024-01-06T02:45:56.648+0000] {logging_mixin.py:188} INFO - [2024-01-06T02:45:56.647+0000] {dag.py:3820} INFO - Setting next_dagrun for example_python_operator to None, run_after=None
[2024-01-06T02:45:56.663+0000] {processor.py:183} INFO - Processing /home/airflow/.local/lib/python3.8/site-packages/airflow/example_dags/example_python_operator.py took 0.085 seconds
[2024-01-06T02:46:28.583+0000] {processor.py:161} INFO - Started process (PID=42979) to work on /home/airflow/.local/lib/python3.8/site-packages/airflow/example_dags/example_python_operator.py
[2024-01-06T02:46:28.586+0000] {processor.py:830} INFO - Processing file /home/airflow/.local/lib/python3.8/site-packages/airflow/example_dags/example_python_operator.py for tasks to queue
[2024-01-06T02:46:28.591+0000] {logging_mixin.py:188} INFO - [2024-01-06T02:46:28.591+0000] {dagbag.py:538} INFO - Filling up the DagBag from /home/airflow/.local/lib/python3.8/site-packages/airflow/example_dags/example_python_operator.py
[2024-01-06T02:46:28.608+0000] {processor.py:840} INFO - DAG(s) 'example_python_operator' retrieved from /home/airflow/.local/lib/python3.8/site-packages/airflow/example_dags/example_python_operator.py
[2024-01-06T02:46:28.628+0000] {logging_mixin.py:188} INFO - [2024-01-06T02:46:28.628+0000] {dag.py:3033} INFO - Sync 1 DAGs
[2024-01-06T02:46:28.642+0000] {logging_mixin.py:188} INFO - [2024-01-06T02:46:28.642+0000] {dag.py:3820} INFO - Setting next_dagrun for example_python_operator to None, run_after=None
[2024-01-06T02:46:28.658+0000] {processor.py:183} INFO - Processing /home/airflow/.local/lib/python3.8/site-packages/airflow/example_dags/example_python_operator.py took 0.080 seconds
[2024-01-06T02:46:59.351+0000] {processor.py:161} INFO - Started process (PID=43037) to work on /home/airflow/.local/lib/python3.8/site-packages/airflow/example_dags/example_python_operator.py
[2024-01-06T02:46:59.356+0000] {processor.py:830} INFO - Processing file /home/airflow/.local/lib/python3.8/site-packages/airflow/example_dags/example_python_operator.py for tasks to queue
[2024-01-06T02:46:59.361+0000] {logging_mixin.py:188} INFO - [2024-01-06T02:46:59.361+0000] {dagbag.py:538} INFO - Filling up the DagBag from /home/airflow/.local/lib/python3.8/site-packages/airflow/example_dags/example_python_operator.py
[2024-01-06T02:46:59.382+0000] {processor.py:840} INFO - DAG(s) 'example_python_operator' retrieved from /home/airflow/.local/lib/python3.8/site-packages/airflow/example_dags/example_python_operator.py
[2024-01-06T02:46:59.411+0000] {logging_mixin.py:188} INFO - [2024-01-06T02:46:59.410+0000] {dag.py:3033} INFO - Sync 1 DAGs
[2024-01-06T02:46:59.425+0000] {logging_mixin.py:188} INFO - [2024-01-06T02:46:59.425+0000] {dag.py:3820} INFO - Setting next_dagrun for example_python_operator to None, run_after=None
[2024-01-06T02:46:59.449+0000] {processor.py:183} INFO - Processing /home/airflow/.local/lib/python3.8/site-packages/airflow/example_dags/example_python_operator.py took 0.107 seconds
[2024-01-06T02:47:29.500+0000] {processor.py:161} INFO - Started process (PID=43094) to work on /home/airflow/.local/lib/python3.8/site-packages/airflow/example_dags/example_python_operator.py
[2024-01-06T02:47:29.503+0000] {processor.py:830} INFO - Processing file /home/airflow/.local/lib/python3.8/site-packages/airflow/example_dags/example_python_operator.py for tasks to queue
[2024-01-06T02:47:29.509+0000] {logging_mixin.py:188} INFO - [2024-01-06T02:47:29.509+0000] {dagbag.py:538} INFO - Filling up the DagBag from /home/airflow/.local/lib/python3.8/site-packages/airflow/example_dags/example_python_operator.py
[2024-01-06T02:47:29.532+0000] {processor.py:840} INFO - DAG(s) 'example_python_operator' retrieved from /home/airflow/.local/lib/python3.8/site-packages/airflow/example_dags/example_python_operator.py
[2024-01-06T02:47:29.558+0000] {logging_mixin.py:188} INFO - [2024-01-06T02:47:29.558+0000] {dag.py:3033} INFO - Sync 1 DAGs
[2024-01-06T02:47:29.570+0000] {logging_mixin.py:188} INFO - [2024-01-06T02:47:29.570+0000] {dag.py:3820} INFO - Setting next_dagrun for example_python_operator to None, run_after=None
[2024-01-06T02:47:29.583+0000] {processor.py:183} INFO - Processing /home/airflow/.local/lib/python3.8/site-packages/airflow/example_dags/example_python_operator.py took 0.090 seconds
[2024-01-06T02:48:00.156+0000] {processor.py:161} INFO - Started process (PID=43153) to work on /home/airflow/.local/lib/python3.8/site-packages/airflow/example_dags/example_python_operator.py
[2024-01-06T02:48:00.159+0000] {processor.py:830} INFO - Processing file /home/airflow/.local/lib/python3.8/site-packages/airflow/example_dags/example_python_operator.py for tasks to queue
[2024-01-06T02:48:00.167+0000] {logging_mixin.py:188} INFO - [2024-01-06T02:48:00.167+0000] {dagbag.py:538} INFO - Filling up the DagBag from /home/airflow/.local/lib/python3.8/site-packages/airflow/example_dags/example_python_operator.py
[2024-01-06T02:48:00.187+0000] {processor.py:840} INFO - DAG(s) 'example_python_operator' retrieved from /home/airflow/.local/lib/python3.8/site-packages/airflow/example_dags/example_python_operator.py
[2024-01-06T02:48:00.211+0000] {logging_mixin.py:188} INFO - [2024-01-06T02:48:00.210+0000] {dag.py:3033} INFO - Sync 1 DAGs
[2024-01-06T02:48:00.223+0000] {logging_mixin.py:188} INFO - [2024-01-06T02:48:00.223+0000] {dag.py:3820} INFO - Setting next_dagrun for example_python_operator to None, run_after=None
[2024-01-06T02:48:00.240+0000] {processor.py:183} INFO - Processing /home/airflow/.local/lib/python3.8/site-packages/airflow/example_dags/example_python_operator.py took 0.096 seconds
[2024-01-06T02:48:31.038+0000] {processor.py:161} INFO - Started process (PID=43211) to work on /home/airflow/.local/lib/python3.8/site-packages/airflow/example_dags/example_python_operator.py
[2024-01-06T02:48:31.044+0000] {processor.py:830} INFO - Processing file /home/airflow/.local/lib/python3.8/site-packages/airflow/example_dags/example_python_operator.py for tasks to queue
[2024-01-06T02:48:31.052+0000] {logging_mixin.py:188} INFO - [2024-01-06T02:48:31.052+0000] {dagbag.py:538} INFO - Filling up the DagBag from /home/airflow/.local/lib/python3.8/site-packages/airflow/example_dags/example_python_operator.py
[2024-01-06T02:48:31.082+0000] {processor.py:840} INFO - DAG(s) 'example_python_operator' retrieved from /home/airflow/.local/lib/python3.8/site-packages/airflow/example_dags/example_python_operator.py
[2024-01-06T02:48:31.124+0000] {logging_mixin.py:188} INFO - [2024-01-06T02:48:31.124+0000] {dag.py:3033} INFO - Sync 1 DAGs
[2024-01-06T02:48:31.151+0000] {logging_mixin.py:188} INFO - [2024-01-06T02:48:31.151+0000] {dag.py:3820} INFO - Setting next_dagrun for example_python_operator to None, run_after=None
[2024-01-06T02:48:31.175+0000] {processor.py:183} INFO - Processing /home/airflow/.local/lib/python3.8/site-packages/airflow/example_dags/example_python_operator.py took 0.148 seconds
[2024-01-06T02:49:03.461+0000] {processor.py:161} INFO - Started process (PID=43268) to work on /home/airflow/.local/lib/python3.8/site-packages/airflow/example_dags/example_python_operator.py
[2024-01-06T02:49:03.600+0000] {processor.py:830} INFO - Processing file /home/airflow/.local/lib/python3.8/site-packages/airflow/example_dags/example_python_operator.py for tasks to queue
[2024-01-06T02:49:04.248+0000] {logging_mixin.py:188} INFO - [2024-01-06T02:49:04.149+0000] {dagbag.py:538} INFO - Filling up the DagBag from /home/airflow/.local/lib/python3.8/site-packages/airflow/example_dags/example_python_operator.py
[2024-01-06T02:49:05.325+0000] {processor.py:840} INFO - DAG(s) 'example_python_operator' retrieved from /home/airflow/.local/lib/python3.8/site-packages/airflow/example_dags/example_python_operator.py
[2024-01-06T02:49:06.284+0000] {logging_mixin.py:188} INFO - [2024-01-06T02:49:06.238+0000] {dag.py:3033} INFO - Sync 1 DAGs
[2024-01-06T02:49:07.017+0000] {logging_mixin.py:188} INFO - [2024-01-06T02:49:07.007+0000] {dag.py:3820} INFO - Setting next_dagrun for example_python_operator to None, run_after=None
[2024-01-06T02:49:07.390+0000] {processor.py:183} INFO - Processing /home/airflow/.local/lib/python3.8/site-packages/airflow/example_dags/example_python_operator.py took 5.152 seconds
[2024-01-06T02:49:38.333+0000] {processor.py:161} INFO - Started process (PID=43326) to work on /home/airflow/.local/lib/python3.8/site-packages/airflow/example_dags/example_python_operator.py
[2024-01-06T02:49:38.338+0000] {processor.py:830} INFO - Processing file /home/airflow/.local/lib/python3.8/site-packages/airflow/example_dags/example_python_operator.py for tasks to queue
[2024-01-06T02:49:38.345+0000] {logging_mixin.py:188} INFO - [2024-01-06T02:49:38.345+0000] {dagbag.py:538} INFO - Filling up the DagBag from /home/airflow/.local/lib/python3.8/site-packages/airflow/example_dags/example_python_operator.py
[2024-01-06T02:49:38.368+0000] {processor.py:840} INFO - DAG(s) 'example_python_operator' retrieved from /home/airflow/.local/lib/python3.8/site-packages/airflow/example_dags/example_python_operator.py
[2024-01-06T02:49:38.400+0000] {logging_mixin.py:188} INFO - [2024-01-06T02:49:38.400+0000] {dag.py:3033} INFO - Sync 1 DAGs
[2024-01-06T02:49:38.414+0000] {logging_mixin.py:188} INFO - [2024-01-06T02:49:38.414+0000] {dag.py:3820} INFO - Setting next_dagrun for example_python_operator to None, run_after=None
[2024-01-06T02:49:38.429+0000] {processor.py:183} INFO - Processing /home/airflow/.local/lib/python3.8/site-packages/airflow/example_dags/example_python_operator.py took 0.104 seconds
[2024-01-06T02:50:10.246+0000] {processor.py:161} INFO - Started process (PID=43383) to work on /home/airflow/.local/lib/python3.8/site-packages/airflow/example_dags/example_python_operator.py
[2024-01-06T02:50:10.314+0000] {processor.py:830} INFO - Processing file /home/airflow/.local/lib/python3.8/site-packages/airflow/example_dags/example_python_operator.py for tasks to queue
[2024-01-06T02:50:10.449+0000] {logging_mixin.py:188} INFO - [2024-01-06T02:50:10.448+0000] {dagbag.py:538} INFO - Filling up the DagBag from /home/airflow/.local/lib/python3.8/site-packages/airflow/example_dags/example_python_operator.py
[2024-01-06T02:50:10.534+0000] {processor.py:840} INFO - DAG(s) 'example_python_operator' retrieved from /home/airflow/.local/lib/python3.8/site-packages/airflow/example_dags/example_python_operator.py
[2024-01-06T02:50:10.819+0000] {logging_mixin.py:188} INFO - [2024-01-06T02:50:10.818+0000] {dag.py:3033} INFO - Sync 1 DAGs
[2024-01-06T02:50:11.076+0000] {logging_mixin.py:188} INFO - [2024-01-06T02:50:11.064+0000] {dag.py:3820} INFO - Setting next_dagrun for example_python_operator to None, run_after=None
[2024-01-06T02:50:11.633+0000] {processor.py:183} INFO - Processing /home/airflow/.local/lib/python3.8/site-packages/airflow/example_dags/example_python_operator.py took 1.518 seconds
[2024-01-06T02:50:42.797+0000] {processor.py:161} INFO - Started process (PID=43441) to work on /home/airflow/.local/lib/python3.8/site-packages/airflow/example_dags/example_python_operator.py
[2024-01-06T02:50:42.799+0000] {processor.py:830} INFO - Processing file /home/airflow/.local/lib/python3.8/site-packages/airflow/example_dags/example_python_operator.py for tasks to queue
[2024-01-06T02:50:42.806+0000] {logging_mixin.py:188} INFO - [2024-01-06T02:50:42.803+0000] {dagbag.py:538} INFO - Filling up the DagBag from /home/airflow/.local/lib/python3.8/site-packages/airflow/example_dags/example_python_operator.py
[2024-01-06T02:50:42.828+0000] {processor.py:840} INFO - DAG(s) 'example_python_operator' retrieved from /home/airflow/.local/lib/python3.8/site-packages/airflow/example_dags/example_python_operator.py
[2024-01-06T02:50:42.863+0000] {logging_mixin.py:188} INFO - [2024-01-06T02:50:42.862+0000] {dag.py:3033} INFO - Sync 1 DAGs
[2024-01-06T02:50:42.875+0000] {logging_mixin.py:188} INFO - [2024-01-06T02:50:42.875+0000] {dag.py:3820} INFO - Setting next_dagrun for example_python_operator to None, run_after=None
[2024-01-06T02:50:42.897+0000] {processor.py:183} INFO - Processing /home/airflow/.local/lib/python3.8/site-packages/airflow/example_dags/example_python_operator.py took 0.110 seconds
[2024-01-06T02:51:12.939+0000] {processor.py:161} INFO - Started process (PID=43499) to work on /home/airflow/.local/lib/python3.8/site-packages/airflow/example_dags/example_python_operator.py
[2024-01-06T02:51:12.940+0000] {processor.py:830} INFO - Processing file /home/airflow/.local/lib/python3.8/site-packages/airflow/example_dags/example_python_operator.py for tasks to queue
[2024-01-06T02:51:12.948+0000] {logging_mixin.py:188} INFO - [2024-01-06T02:51:12.948+0000] {dagbag.py:538} INFO - Filling up the DagBag from /home/airflow/.local/lib/python3.8/site-packages/airflow/example_dags/example_python_operator.py
[2024-01-06T02:51:12.968+0000] {processor.py:840} INFO - DAG(s) 'example_python_operator' retrieved from /home/airflow/.local/lib/python3.8/site-packages/airflow/example_dags/example_python_operator.py
[2024-01-06T02:51:12.992+0000] {logging_mixin.py:188} INFO - [2024-01-06T02:51:12.992+0000] {dag.py:3033} INFO - Sync 1 DAGs
[2024-01-06T02:51:13.007+0000] {logging_mixin.py:188} INFO - [2024-01-06T02:51:13.007+0000] {dag.py:3820} INFO - Setting next_dagrun for example_python_operator to None, run_after=None
[2024-01-06T02:51:13.020+0000] {processor.py:183} INFO - Processing /home/airflow/.local/lib/python3.8/site-packages/airflow/example_dags/example_python_operator.py took 0.085 seconds
