[2024-01-06T01:20:15.786+0000] {processor.py:161} INFO - Started process (PID=39364) to work on /home/airflow/.local/lib/python3.8/site-packages/airflow/example_dags/example_task_group.py
[2024-01-06T01:20:15.788+0000] {processor.py:830} INFO - Processing file /home/airflow/.local/lib/python3.8/site-packages/airflow/example_dags/example_task_group.py for tasks to queue
[2024-01-06T01:20:15.789+0000] {logging_mixin.py:188} INFO - [2024-01-06T01:20:15.789+0000] {dagbag.py:538} INFO - Filling up the DagBag from /home/airflow/.local/lib/python3.8/site-packages/airflow/example_dags/example_task_group.py
[2024-01-06T01:20:15.795+0000] {processor.py:840} INFO - DAG(s) 'example_task_group' retrieved from /home/airflow/.local/lib/python3.8/site-packages/airflow/example_dags/example_task_group.py
[2024-01-06T01:20:15.810+0000] {logging_mixin.py:188} INFO - [2024-01-06T01:20:15.810+0000] {dag.py:3033} INFO - Sync 1 DAGs
[2024-01-06T01:20:15.824+0000] {logging_mixin.py:188} INFO - [2024-01-06T01:20:15.824+0000] {dag.py:3820} INFO - Setting next_dagrun for example_task_group to 2024-01-05T00:00:00+00:00, run_after=2024-01-06T00:00:00+00:00
[2024-01-06T01:20:15.837+0000] {processor.py:183} INFO - Processing /home/airflow/.local/lib/python3.8/site-packages/airflow/example_dags/example_task_group.py took 0.054 seconds
[2024-01-06T01:47:34.973+0000] {processor.py:161} INFO - Started process (PID=39422) to work on /home/airflow/.local/lib/python3.8/site-packages/airflow/example_dags/example_task_group.py
[2024-01-06T01:47:34.975+0000] {processor.py:830} INFO - Processing file /home/airflow/.local/lib/python3.8/site-packages/airflow/example_dags/example_task_group.py for tasks to queue
[2024-01-06T01:47:34.977+0000] {logging_mixin.py:188} INFO - [2024-01-06T01:47:34.977+0000] {dagbag.py:538} INFO - Filling up the DagBag from /home/airflow/.local/lib/python3.8/site-packages/airflow/example_dags/example_task_group.py
[2024-01-06T01:47:34.982+0000] {processor.py:840} INFO - DAG(s) 'example_task_group' retrieved from /home/airflow/.local/lib/python3.8/site-packages/airflow/example_dags/example_task_group.py
[2024-01-06T01:47:34.998+0000] {logging_mixin.py:188} INFO - [2024-01-06T01:47:34.998+0000] {dag.py:3033} INFO - Sync 1 DAGs
[2024-01-06T01:47:35.015+0000] {logging_mixin.py:188} INFO - [2024-01-06T01:47:35.015+0000] {dag.py:3820} INFO - Setting next_dagrun for example_task_group to 2024-01-05T00:00:00+00:00, run_after=2024-01-06T00:00:00+00:00
[2024-01-06T01:47:35.027+0000] {processor.py:183} INFO - Processing /home/airflow/.local/lib/python3.8/site-packages/airflow/example_dags/example_task_group.py took 0.057 seconds
[2024-01-06T01:48:05.620+0000] {processor.py:161} INFO - Started process (PID=39480) to work on /home/airflow/.local/lib/python3.8/site-packages/airflow/example_dags/example_task_group.py
[2024-01-06T01:48:05.622+0000] {processor.py:830} INFO - Processing file /home/airflow/.local/lib/python3.8/site-packages/airflow/example_dags/example_task_group.py for tasks to queue
[2024-01-06T01:48:05.624+0000] {logging_mixin.py:188} INFO - [2024-01-06T01:48:05.624+0000] {dagbag.py:538} INFO - Filling up the DagBag from /home/airflow/.local/lib/python3.8/site-packages/airflow/example_dags/example_task_group.py
[2024-01-06T01:48:05.629+0000] {processor.py:840} INFO - DAG(s) 'example_task_group' retrieved from /home/airflow/.local/lib/python3.8/site-packages/airflow/example_dags/example_task_group.py
[2024-01-06T01:48:05.643+0000] {logging_mixin.py:188} INFO - [2024-01-06T01:48:05.643+0000] {dag.py:3033} INFO - Sync 1 DAGs
[2024-01-06T01:48:05.657+0000] {logging_mixin.py:188} INFO - [2024-01-06T01:48:05.657+0000] {dag.py:3820} INFO - Setting next_dagrun for example_task_group to 2024-01-05T00:00:00+00:00, run_after=2024-01-06T00:00:00+00:00
[2024-01-06T01:48:05.668+0000] {processor.py:183} INFO - Processing /home/airflow/.local/lib/python3.8/site-packages/airflow/example_dags/example_task_group.py took 0.050 seconds
[2024-01-06T02:05:27.004+0000] {processor.py:161} INFO - Started process (PID=39538) to work on /home/airflow/.local/lib/python3.8/site-packages/airflow/example_dags/example_task_group.py
[2024-01-06T02:05:27.006+0000] {processor.py:830} INFO - Processing file /home/airflow/.local/lib/python3.8/site-packages/airflow/example_dags/example_task_group.py for tasks to queue
[2024-01-06T02:05:27.008+0000] {logging_mixin.py:188} INFO - [2024-01-06T02:05:27.008+0000] {dagbag.py:538} INFO - Filling up the DagBag from /home/airflow/.local/lib/python3.8/site-packages/airflow/example_dags/example_task_group.py
[2024-01-06T02:05:27.012+0000] {processor.py:840} INFO - DAG(s) 'example_task_group' retrieved from /home/airflow/.local/lib/python3.8/site-packages/airflow/example_dags/example_task_group.py
[2024-01-06T02:05:27.028+0000] {logging_mixin.py:188} INFO - [2024-01-06T02:05:27.028+0000] {dag.py:3033} INFO - Sync 1 DAGs
[2024-01-06T02:05:27.041+0000] {logging_mixin.py:188} INFO - [2024-01-06T02:05:27.041+0000] {dag.py:3820} INFO - Setting next_dagrun for example_task_group to 2024-01-05T00:00:00+00:00, run_after=2024-01-06T00:00:00+00:00
[2024-01-06T02:05:27.053+0000] {processor.py:183} INFO - Processing /home/airflow/.local/lib/python3.8/site-packages/airflow/example_dags/example_task_group.py took 0.051 seconds
[2024-01-06T02:16:26.624+0000] {processor.py:161} INFO - Started process (PID=39596) to work on /home/airflow/.local/lib/python3.8/site-packages/airflow/example_dags/example_task_group.py
[2024-01-06T02:16:26.625+0000] {processor.py:830} INFO - Processing file /home/airflow/.local/lib/python3.8/site-packages/airflow/example_dags/example_task_group.py for tasks to queue
[2024-01-06T02:16:26.627+0000] {logging_mixin.py:188} INFO - [2024-01-06T02:16:26.627+0000] {dagbag.py:538} INFO - Filling up the DagBag from /home/airflow/.local/lib/python3.8/site-packages/airflow/example_dags/example_task_group.py
[2024-01-06T02:16:26.632+0000] {processor.py:840} INFO - DAG(s) 'example_task_group' retrieved from /home/airflow/.local/lib/python3.8/site-packages/airflow/example_dags/example_task_group.py
[2024-01-06T02:16:26.646+0000] {logging_mixin.py:188} INFO - [2024-01-06T02:16:26.646+0000] {dag.py:3033} INFO - Sync 1 DAGs
[2024-01-06T02:16:26.659+0000] {logging_mixin.py:188} INFO - [2024-01-06T02:16:26.658+0000] {dag.py:3820} INFO - Setting next_dagrun for example_task_group to 2024-01-05T00:00:00+00:00, run_after=2024-01-06T00:00:00+00:00
[2024-01-06T02:16:26.669+0000] {processor.py:183} INFO - Processing /home/airflow/.local/lib/python3.8/site-packages/airflow/example_dags/example_task_group.py took 0.047 seconds
[2024-01-06T02:17:04.124+0000] {processor.py:161} INFO - Started process (PID=39654) to work on /home/airflow/.local/lib/python3.8/site-packages/airflow/example_dags/example_task_group.py
[2024-01-06T02:17:04.142+0000] {processor.py:830} INFO - Processing file /home/airflow/.local/lib/python3.8/site-packages/airflow/example_dags/example_task_group.py for tasks to queue
[2024-01-06T02:17:04.158+0000] {logging_mixin.py:188} INFO - [2024-01-06T02:17:04.158+0000] {dagbag.py:538} INFO - Filling up the DagBag from /home/airflow/.local/lib/python3.8/site-packages/airflow/example_dags/example_task_group.py
[2024-01-06T02:17:04.226+0000] {processor.py:840} INFO - DAG(s) 'example_task_group' retrieved from /home/airflow/.local/lib/python3.8/site-packages/airflow/example_dags/example_task_group.py
[2024-01-06T02:17:04.406+0000] {logging_mixin.py:188} INFO - [2024-01-06T02:17:04.406+0000] {dag.py:3033} INFO - Sync 1 DAGs
[2024-01-06T02:17:04.515+0000] {logging_mixin.py:188} INFO - [2024-01-06T02:17:04.515+0000] {dag.py:3820} INFO - Setting next_dagrun for example_task_group to 2024-01-05T00:00:00+00:00, run_after=2024-01-06T00:00:00+00:00
[2024-01-06T02:17:04.581+0000] {processor.py:183} INFO - Processing /home/airflow/.local/lib/python3.8/site-packages/airflow/example_dags/example_task_group.py took 0.468 seconds
[2024-01-06T02:17:35.332+0000] {processor.py:161} INFO - Started process (PID=39712) to work on /home/airflow/.local/lib/python3.8/site-packages/airflow/example_dags/example_task_group.py
[2024-01-06T02:17:35.334+0000] {processor.py:830} INFO - Processing file /home/airflow/.local/lib/python3.8/site-packages/airflow/example_dags/example_task_group.py for tasks to queue
[2024-01-06T02:17:35.338+0000] {logging_mixin.py:188} INFO - [2024-01-06T02:17:35.338+0000] {dagbag.py:538} INFO - Filling up the DagBag from /home/airflow/.local/lib/python3.8/site-packages/airflow/example_dags/example_task_group.py
[2024-01-06T02:17:35.346+0000] {processor.py:840} INFO - DAG(s) 'example_task_group' retrieved from /home/airflow/.local/lib/python3.8/site-packages/airflow/example_dags/example_task_group.py
[2024-01-06T02:17:35.362+0000] {logging_mixin.py:188} INFO - [2024-01-06T02:17:35.362+0000] {dag.py:3033} INFO - Sync 1 DAGs
[2024-01-06T02:17:35.376+0000] {logging_mixin.py:188} INFO - [2024-01-06T02:17:35.376+0000] {dag.py:3820} INFO - Setting next_dagrun for example_task_group to 2024-01-05T00:00:00+00:00, run_after=2024-01-06T00:00:00+00:00
[2024-01-06T02:17:35.388+0000] {processor.py:183} INFO - Processing /home/airflow/.local/lib/python3.8/site-packages/airflow/example_dags/example_task_group.py took 0.059 seconds
[2024-01-06T02:18:05.665+0000] {processor.py:161} INFO - Started process (PID=39770) to work on /home/airflow/.local/lib/python3.8/site-packages/airflow/example_dags/example_task_group.py
[2024-01-06T02:18:05.667+0000] {processor.py:830} INFO - Processing file /home/airflow/.local/lib/python3.8/site-packages/airflow/example_dags/example_task_group.py for tasks to queue
[2024-01-06T02:18:05.671+0000] {logging_mixin.py:188} INFO - [2024-01-06T02:18:05.670+0000] {dagbag.py:538} INFO - Filling up the DagBag from /home/airflow/.local/lib/python3.8/site-packages/airflow/example_dags/example_task_group.py
[2024-01-06T02:18:05.677+0000] {processor.py:840} INFO - DAG(s) 'example_task_group' retrieved from /home/airflow/.local/lib/python3.8/site-packages/airflow/example_dags/example_task_group.py
[2024-01-06T02:18:05.696+0000] {logging_mixin.py:188} INFO - [2024-01-06T02:18:05.696+0000] {dag.py:3033} INFO - Sync 1 DAGs
[2024-01-06T02:18:05.710+0000] {logging_mixin.py:188} INFO - [2024-01-06T02:18:05.710+0000] {dag.py:3820} INFO - Setting next_dagrun for example_task_group to 2024-01-05T00:00:00+00:00, run_after=2024-01-06T00:00:00+00:00
[2024-01-06T02:18:05.721+0000] {processor.py:183} INFO - Processing /home/airflow/.local/lib/python3.8/site-packages/airflow/example_dags/example_task_group.py took 0.060 seconds
[2024-01-06T02:18:36.175+0000] {processor.py:161} INFO - Started process (PID=39828) to work on /home/airflow/.local/lib/python3.8/site-packages/airflow/example_dags/example_task_group.py
[2024-01-06T02:18:36.176+0000] {processor.py:830} INFO - Processing file /home/airflow/.local/lib/python3.8/site-packages/airflow/example_dags/example_task_group.py for tasks to queue
[2024-01-06T02:18:36.179+0000] {logging_mixin.py:188} INFO - [2024-01-06T02:18:36.179+0000] {dagbag.py:538} INFO - Filling up the DagBag from /home/airflow/.local/lib/python3.8/site-packages/airflow/example_dags/example_task_group.py
[2024-01-06T02:18:36.185+0000] {processor.py:840} INFO - DAG(s) 'example_task_group' retrieved from /home/airflow/.local/lib/python3.8/site-packages/airflow/example_dags/example_task_group.py
[2024-01-06T02:18:36.201+0000] {logging_mixin.py:188} INFO - [2024-01-06T02:18:36.201+0000] {dag.py:3033} INFO - Sync 1 DAGs
[2024-01-06T02:18:36.216+0000] {logging_mixin.py:188} INFO - [2024-01-06T02:18:36.216+0000] {dag.py:3820} INFO - Setting next_dagrun for example_task_group to 2024-01-05T00:00:00+00:00, run_after=2024-01-06T00:00:00+00:00
[2024-01-06T02:18:36.230+0000] {processor.py:183} INFO - Processing /home/airflow/.local/lib/python3.8/site-packages/airflow/example_dags/example_task_group.py took 0.058 seconds
[2024-01-06T02:19:06.646+0000] {processor.py:161} INFO - Started process (PID=39887) to work on /home/airflow/.local/lib/python3.8/site-packages/airflow/example_dags/example_task_group.py
[2024-01-06T02:19:06.647+0000] {processor.py:830} INFO - Processing file /home/airflow/.local/lib/python3.8/site-packages/airflow/example_dags/example_task_group.py for tasks to queue
[2024-01-06T02:19:06.650+0000] {logging_mixin.py:188} INFO - [2024-01-06T02:19:06.650+0000] {dagbag.py:538} INFO - Filling up the DagBag from /home/airflow/.local/lib/python3.8/site-packages/airflow/example_dags/example_task_group.py
[2024-01-06T02:19:06.655+0000] {processor.py:840} INFO - DAG(s) 'example_task_group' retrieved from /home/airflow/.local/lib/python3.8/site-packages/airflow/example_dags/example_task_group.py
[2024-01-06T02:19:06.673+0000] {logging_mixin.py:188} INFO - [2024-01-06T02:19:06.673+0000] {dag.py:3033} INFO - Sync 1 DAGs
[2024-01-06T02:19:06.689+0000] {logging_mixin.py:188} INFO - [2024-01-06T02:19:06.689+0000] {dag.py:3820} INFO - Setting next_dagrun for example_task_group to 2024-01-05T00:00:00+00:00, run_after=2024-01-06T00:00:00+00:00
[2024-01-06T02:19:06.702+0000] {processor.py:183} INFO - Processing /home/airflow/.local/lib/python3.8/site-packages/airflow/example_dags/example_task_group.py took 0.058 seconds
[2024-01-06T02:19:36.990+0000] {processor.py:161} INFO - Started process (PID=39945) to work on /home/airflow/.local/lib/python3.8/site-packages/airflow/example_dags/example_task_group.py
[2024-01-06T02:19:36.992+0000] {processor.py:830} INFO - Processing file /home/airflow/.local/lib/python3.8/site-packages/airflow/example_dags/example_task_group.py for tasks to queue
[2024-01-06T02:19:36.996+0000] {logging_mixin.py:188} INFO - [2024-01-06T02:19:36.995+0000] {dagbag.py:538} INFO - Filling up the DagBag from /home/airflow/.local/lib/python3.8/site-packages/airflow/example_dags/example_task_group.py
[2024-01-06T02:19:37.004+0000] {processor.py:840} INFO - DAG(s) 'example_task_group' retrieved from /home/airflow/.local/lib/python3.8/site-packages/airflow/example_dags/example_task_group.py
[2024-01-06T02:19:37.028+0000] {logging_mixin.py:188} INFO - [2024-01-06T02:19:37.028+0000] {dag.py:3033} INFO - Sync 1 DAGs
[2024-01-06T02:19:37.053+0000] {logging_mixin.py:188} INFO - [2024-01-06T02:19:37.052+0000] {dag.py:3820} INFO - Setting next_dagrun for example_task_group to 2024-01-05T00:00:00+00:00, run_after=2024-01-06T00:00:00+00:00
[2024-01-06T02:19:37.070+0000] {processor.py:183} INFO - Processing /home/airflow/.local/lib/python3.8/site-packages/airflow/example_dags/example_task_group.py took 0.084 seconds
[2024-01-06T02:20:07.745+0000] {processor.py:161} INFO - Started process (PID=40003) to work on /home/airflow/.local/lib/python3.8/site-packages/airflow/example_dags/example_task_group.py
[2024-01-06T02:20:07.747+0000] {processor.py:830} INFO - Processing file /home/airflow/.local/lib/python3.8/site-packages/airflow/example_dags/example_task_group.py for tasks to queue
[2024-01-06T02:20:07.750+0000] {logging_mixin.py:188} INFO - [2024-01-06T02:20:07.749+0000] {dagbag.py:538} INFO - Filling up the DagBag from /home/airflow/.local/lib/python3.8/site-packages/airflow/example_dags/example_task_group.py
[2024-01-06T02:20:07.756+0000] {processor.py:840} INFO - DAG(s) 'example_task_group' retrieved from /home/airflow/.local/lib/python3.8/site-packages/airflow/example_dags/example_task_group.py
[2024-01-06T02:20:07.774+0000] {logging_mixin.py:188} INFO - [2024-01-06T02:20:07.773+0000] {dag.py:3033} INFO - Sync 1 DAGs
[2024-01-06T02:20:07.789+0000] {logging_mixin.py:188} INFO - [2024-01-06T02:20:07.789+0000] {dag.py:3820} INFO - Setting next_dagrun for example_task_group to 2024-01-05T00:00:00+00:00, run_after=2024-01-06T00:00:00+00:00
[2024-01-06T02:20:07.802+0000] {processor.py:183} INFO - Processing /home/airflow/.local/lib/python3.8/site-packages/airflow/example_dags/example_task_group.py took 0.060 seconds
[2024-01-06T02:20:38.614+0000] {processor.py:161} INFO - Started process (PID=40061) to work on /home/airflow/.local/lib/python3.8/site-packages/airflow/example_dags/example_task_group.py
[2024-01-06T02:20:38.616+0000] {processor.py:830} INFO - Processing file /home/airflow/.local/lib/python3.8/site-packages/airflow/example_dags/example_task_group.py for tasks to queue
[2024-01-06T02:20:38.619+0000] {logging_mixin.py:188} INFO - [2024-01-06T02:20:38.619+0000] {dagbag.py:538} INFO - Filling up the DagBag from /home/airflow/.local/lib/python3.8/site-packages/airflow/example_dags/example_task_group.py
[2024-01-06T02:20:38.627+0000] {processor.py:840} INFO - DAG(s) 'example_task_group' retrieved from /home/airflow/.local/lib/python3.8/site-packages/airflow/example_dags/example_task_group.py
[2024-01-06T02:20:38.648+0000] {logging_mixin.py:188} INFO - [2024-01-06T02:20:38.648+0000] {dag.py:3033} INFO - Sync 1 DAGs
[2024-01-06T02:20:38.670+0000] {logging_mixin.py:188} INFO - [2024-01-06T02:20:38.669+0000] {dag.py:3820} INFO - Setting next_dagrun for example_task_group to 2024-01-05T00:00:00+00:00, run_after=2024-01-06T00:00:00+00:00
[2024-01-06T02:20:38.683+0000] {processor.py:183} INFO - Processing /home/airflow/.local/lib/python3.8/site-packages/airflow/example_dags/example_task_group.py took 0.072 seconds
[2024-01-06T02:21:09.337+0000] {processor.py:161} INFO - Started process (PID=40119) to work on /home/airflow/.local/lib/python3.8/site-packages/airflow/example_dags/example_task_group.py
[2024-01-06T02:21:09.338+0000] {processor.py:830} INFO - Processing file /home/airflow/.local/lib/python3.8/site-packages/airflow/example_dags/example_task_group.py for tasks to queue
[2024-01-06T02:21:09.340+0000] {logging_mixin.py:188} INFO - [2024-01-06T02:21:09.340+0000] {dagbag.py:538} INFO - Filling up the DagBag from /home/airflow/.local/lib/python3.8/site-packages/airflow/example_dags/example_task_group.py
[2024-01-06T02:21:09.347+0000] {processor.py:840} INFO - DAG(s) 'example_task_group' retrieved from /home/airflow/.local/lib/python3.8/site-packages/airflow/example_dags/example_task_group.py
[2024-01-06T02:21:09.364+0000] {logging_mixin.py:188} INFO - [2024-01-06T02:21:09.363+0000] {dag.py:3033} INFO - Sync 1 DAGs
[2024-01-06T02:21:09.380+0000] {logging_mixin.py:188} INFO - [2024-01-06T02:21:09.380+0000] {dag.py:3820} INFO - Setting next_dagrun for example_task_group to 2024-01-05T00:00:00+00:00, run_after=2024-01-06T00:00:00+00:00
[2024-01-06T02:21:09.394+0000] {processor.py:183} INFO - Processing /home/airflow/.local/lib/python3.8/site-packages/airflow/example_dags/example_task_group.py took 0.060 seconds
[2024-01-06T02:21:40.264+0000] {processor.py:161} INFO - Started process (PID=40177) to work on /home/airflow/.local/lib/python3.8/site-packages/airflow/example_dags/example_task_group.py
[2024-01-06T02:21:40.266+0000] {processor.py:830} INFO - Processing file /home/airflow/.local/lib/python3.8/site-packages/airflow/example_dags/example_task_group.py for tasks to queue
[2024-01-06T02:21:40.269+0000] {logging_mixin.py:188} INFO - [2024-01-06T02:21:40.269+0000] {dagbag.py:538} INFO - Filling up the DagBag from /home/airflow/.local/lib/python3.8/site-packages/airflow/example_dags/example_task_group.py
[2024-01-06T02:21:40.278+0000] {processor.py:840} INFO - DAG(s) 'example_task_group' retrieved from /home/airflow/.local/lib/python3.8/site-packages/airflow/example_dags/example_task_group.py
[2024-01-06T02:21:40.296+0000] {logging_mixin.py:188} INFO - [2024-01-06T02:21:40.296+0000] {dag.py:3033} INFO - Sync 1 DAGs
[2024-01-06T02:21:40.309+0000] {logging_mixin.py:188} INFO - [2024-01-06T02:21:40.309+0000] {dag.py:3820} INFO - Setting next_dagrun for example_task_group to 2024-01-05T00:00:00+00:00, run_after=2024-01-06T00:00:00+00:00
[2024-01-06T02:21:40.321+0000] {processor.py:183} INFO - Processing /home/airflow/.local/lib/python3.8/site-packages/airflow/example_dags/example_task_group.py took 0.061 seconds
[2024-01-06T02:22:10.586+0000] {processor.py:161} INFO - Started process (PID=40235) to work on /home/airflow/.local/lib/python3.8/site-packages/airflow/example_dags/example_task_group.py
[2024-01-06T02:22:10.588+0000] {processor.py:830} INFO - Processing file /home/airflow/.local/lib/python3.8/site-packages/airflow/example_dags/example_task_group.py for tasks to queue
[2024-01-06T02:22:10.591+0000] {logging_mixin.py:188} INFO - [2024-01-06T02:22:10.590+0000] {dagbag.py:538} INFO - Filling up the DagBag from /home/airflow/.local/lib/python3.8/site-packages/airflow/example_dags/example_task_group.py
[2024-01-06T02:22:10.598+0000] {processor.py:840} INFO - DAG(s) 'example_task_group' retrieved from /home/airflow/.local/lib/python3.8/site-packages/airflow/example_dags/example_task_group.py
[2024-01-06T02:22:10.617+0000] {logging_mixin.py:188} INFO - [2024-01-06T02:22:10.617+0000] {dag.py:3033} INFO - Sync 1 DAGs
[2024-01-06T02:22:10.632+0000] {logging_mixin.py:188} INFO - [2024-01-06T02:22:10.632+0000] {dag.py:3820} INFO - Setting next_dagrun for example_task_group to 2024-01-05T00:00:00+00:00, run_after=2024-01-06T00:00:00+00:00
[2024-01-06T02:22:10.644+0000] {processor.py:183} INFO - Processing /home/airflow/.local/lib/python3.8/site-packages/airflow/example_dags/example_task_group.py took 0.062 seconds
[2024-01-06T02:22:41.459+0000] {processor.py:161} INFO - Started process (PID=40293) to work on /home/airflow/.local/lib/python3.8/site-packages/airflow/example_dags/example_task_group.py
[2024-01-06T02:22:41.461+0000] {processor.py:830} INFO - Processing file /home/airflow/.local/lib/python3.8/site-packages/airflow/example_dags/example_task_group.py for tasks to queue
[2024-01-06T02:22:41.463+0000] {logging_mixin.py:188} INFO - [2024-01-06T02:22:41.463+0000] {dagbag.py:538} INFO - Filling up the DagBag from /home/airflow/.local/lib/python3.8/site-packages/airflow/example_dags/example_task_group.py
[2024-01-06T02:22:41.470+0000] {processor.py:840} INFO - DAG(s) 'example_task_group' retrieved from /home/airflow/.local/lib/python3.8/site-packages/airflow/example_dags/example_task_group.py
[2024-01-06T02:22:41.492+0000] {logging_mixin.py:188} INFO - [2024-01-06T02:22:41.492+0000] {dag.py:3033} INFO - Sync 1 DAGs
[2024-01-06T02:22:41.510+0000] {logging_mixin.py:188} INFO - [2024-01-06T02:22:41.510+0000] {dag.py:3820} INFO - Setting next_dagrun for example_task_group to 2024-01-05T00:00:00+00:00, run_after=2024-01-06T00:00:00+00:00
[2024-01-06T02:22:41.523+0000] {processor.py:183} INFO - Processing /home/airflow/.local/lib/python3.8/site-packages/airflow/example_dags/example_task_group.py took 0.068 seconds
[2024-01-06T02:23:12.195+0000] {processor.py:161} INFO - Started process (PID=40351) to work on /home/airflow/.local/lib/python3.8/site-packages/airflow/example_dags/example_task_group.py
[2024-01-06T02:23:12.198+0000] {processor.py:830} INFO - Processing file /home/airflow/.local/lib/python3.8/site-packages/airflow/example_dags/example_task_group.py for tasks to queue
[2024-01-06T02:23:12.203+0000] {logging_mixin.py:188} INFO - [2024-01-06T02:23:12.203+0000] {dagbag.py:538} INFO - Filling up the DagBag from /home/airflow/.local/lib/python3.8/site-packages/airflow/example_dags/example_task_group.py
[2024-01-06T02:23:12.221+0000] {processor.py:840} INFO - DAG(s) 'example_task_group' retrieved from /home/airflow/.local/lib/python3.8/site-packages/airflow/example_dags/example_task_group.py
[2024-01-06T02:23:12.255+0000] {logging_mixin.py:188} INFO - [2024-01-06T02:23:12.255+0000] {dag.py:3033} INFO - Sync 1 DAGs
[2024-01-06T02:23:12.285+0000] {logging_mixin.py:188} INFO - [2024-01-06T02:23:12.284+0000] {dag.py:3820} INFO - Setting next_dagrun for example_task_group to 2024-01-05T00:00:00+00:00, run_after=2024-01-06T00:00:00+00:00
[2024-01-06T02:23:12.303+0000] {processor.py:183} INFO - Processing /home/airflow/.local/lib/python3.8/site-packages/airflow/example_dags/example_task_group.py took 0.116 seconds
[2024-01-06T02:23:42.840+0000] {processor.py:161} INFO - Started process (PID=40409) to work on /home/airflow/.local/lib/python3.8/site-packages/airflow/example_dags/example_task_group.py
[2024-01-06T02:23:42.841+0000] {processor.py:830} INFO - Processing file /home/airflow/.local/lib/python3.8/site-packages/airflow/example_dags/example_task_group.py for tasks to queue
[2024-01-06T02:23:42.845+0000] {logging_mixin.py:188} INFO - [2024-01-06T02:23:42.845+0000] {dagbag.py:538} INFO - Filling up the DagBag from /home/airflow/.local/lib/python3.8/site-packages/airflow/example_dags/example_task_group.py
[2024-01-06T02:23:42.852+0000] {processor.py:840} INFO - DAG(s) 'example_task_group' retrieved from /home/airflow/.local/lib/python3.8/site-packages/airflow/example_dags/example_task_group.py
[2024-01-06T02:23:42.872+0000] {logging_mixin.py:188} INFO - [2024-01-06T02:23:42.872+0000] {dag.py:3033} INFO - Sync 1 DAGs
[2024-01-06T02:23:42.893+0000] {logging_mixin.py:188} INFO - [2024-01-06T02:23:42.893+0000] {dag.py:3820} INFO - Setting next_dagrun for example_task_group to 2024-01-05T00:00:00+00:00, run_after=2024-01-06T00:00:00+00:00
[2024-01-06T02:23:42.908+0000] {processor.py:183} INFO - Processing /home/airflow/.local/lib/python3.8/site-packages/airflow/example_dags/example_task_group.py took 0.071 seconds
[2024-01-06T02:24:13.206+0000] {processor.py:161} INFO - Started process (PID=40467) to work on /home/airflow/.local/lib/python3.8/site-packages/airflow/example_dags/example_task_group.py
[2024-01-06T02:24:13.208+0000] {processor.py:830} INFO - Processing file /home/airflow/.local/lib/python3.8/site-packages/airflow/example_dags/example_task_group.py for tasks to queue
[2024-01-06T02:24:13.210+0000] {logging_mixin.py:188} INFO - [2024-01-06T02:24:13.210+0000] {dagbag.py:538} INFO - Filling up the DagBag from /home/airflow/.local/lib/python3.8/site-packages/airflow/example_dags/example_task_group.py
[2024-01-06T02:24:13.218+0000] {processor.py:840} INFO - DAG(s) 'example_task_group' retrieved from /home/airflow/.local/lib/python3.8/site-packages/airflow/example_dags/example_task_group.py
[2024-01-06T02:24:13.236+0000] {logging_mixin.py:188} INFO - [2024-01-06T02:24:13.236+0000] {dag.py:3033} INFO - Sync 1 DAGs
[2024-01-06T02:24:13.250+0000] {logging_mixin.py:188} INFO - [2024-01-06T02:24:13.250+0000] {dag.py:3820} INFO - Setting next_dagrun for example_task_group to 2024-01-05T00:00:00+00:00, run_after=2024-01-06T00:00:00+00:00
[2024-01-06T02:24:13.261+0000] {processor.py:183} INFO - Processing /home/airflow/.local/lib/python3.8/site-packages/airflow/example_dags/example_task_group.py took 0.059 seconds
[2024-01-06T02:24:43.659+0000] {processor.py:161} INFO - Started process (PID=40525) to work on /home/airflow/.local/lib/python3.8/site-packages/airflow/example_dags/example_task_group.py
[2024-01-06T02:24:43.661+0000] {processor.py:830} INFO - Processing file /home/airflow/.local/lib/python3.8/site-packages/airflow/example_dags/example_task_group.py for tasks to queue
[2024-01-06T02:24:43.663+0000] {logging_mixin.py:188} INFO - [2024-01-06T02:24:43.663+0000] {dagbag.py:538} INFO - Filling up the DagBag from /home/airflow/.local/lib/python3.8/site-packages/airflow/example_dags/example_task_group.py
[2024-01-06T02:24:43.669+0000] {processor.py:840} INFO - DAG(s) 'example_task_group' retrieved from /home/airflow/.local/lib/python3.8/site-packages/airflow/example_dags/example_task_group.py
[2024-01-06T02:24:43.684+0000] {logging_mixin.py:188} INFO - [2024-01-06T02:24:43.684+0000] {dag.py:3033} INFO - Sync 1 DAGs
[2024-01-06T02:24:43.700+0000] {logging_mixin.py:188} INFO - [2024-01-06T02:24:43.700+0000] {dag.py:3820} INFO - Setting next_dagrun for example_task_group to 2024-01-05T00:00:00+00:00, run_after=2024-01-06T00:00:00+00:00
[2024-01-06T02:24:43.710+0000] {processor.py:183} INFO - Processing /home/airflow/.local/lib/python3.8/site-packages/airflow/example_dags/example_task_group.py took 0.053 seconds
[2024-01-06T02:25:14.412+0000] {processor.py:161} INFO - Started process (PID=40583) to work on /home/airflow/.local/lib/python3.8/site-packages/airflow/example_dags/example_task_group.py
[2024-01-06T02:25:14.415+0000] {processor.py:830} INFO - Processing file /home/airflow/.local/lib/python3.8/site-packages/airflow/example_dags/example_task_group.py for tasks to queue
[2024-01-06T02:25:14.418+0000] {logging_mixin.py:188} INFO - [2024-01-06T02:25:14.418+0000] {dagbag.py:538} INFO - Filling up the DagBag from /home/airflow/.local/lib/python3.8/site-packages/airflow/example_dags/example_task_group.py
[2024-01-06T02:25:14.426+0000] {processor.py:840} INFO - DAG(s) 'example_task_group' retrieved from /home/airflow/.local/lib/python3.8/site-packages/airflow/example_dags/example_task_group.py
[2024-01-06T02:25:14.445+0000] {logging_mixin.py:188} INFO - [2024-01-06T02:25:14.445+0000] {dag.py:3033} INFO - Sync 1 DAGs
[2024-01-06T02:25:14.459+0000] {logging_mixin.py:188} INFO - [2024-01-06T02:25:14.459+0000] {dag.py:3820} INFO - Setting next_dagrun for example_task_group to 2024-01-05T00:00:00+00:00, run_after=2024-01-06T00:00:00+00:00
[2024-01-06T02:25:14.469+0000] {processor.py:183} INFO - Processing /home/airflow/.local/lib/python3.8/site-packages/airflow/example_dags/example_task_group.py took 0.062 seconds
[2024-01-06T02:25:44.559+0000] {processor.py:161} INFO - Started process (PID=40641) to work on /home/airflow/.local/lib/python3.8/site-packages/airflow/example_dags/example_task_group.py
[2024-01-06T02:25:44.562+0000] {processor.py:830} INFO - Processing file /home/airflow/.local/lib/python3.8/site-packages/airflow/example_dags/example_task_group.py for tasks to queue
[2024-01-06T02:25:44.565+0000] {logging_mixin.py:188} INFO - [2024-01-06T02:25:44.565+0000] {dagbag.py:538} INFO - Filling up the DagBag from /home/airflow/.local/lib/python3.8/site-packages/airflow/example_dags/example_task_group.py
[2024-01-06T02:25:44.574+0000] {processor.py:840} INFO - DAG(s) 'example_task_group' retrieved from /home/airflow/.local/lib/python3.8/site-packages/airflow/example_dags/example_task_group.py
[2024-01-06T02:25:44.593+0000] {logging_mixin.py:188} INFO - [2024-01-06T02:25:44.593+0000] {dag.py:3033} INFO - Sync 1 DAGs
[2024-01-06T02:25:44.607+0000] {logging_mixin.py:188} INFO - [2024-01-06T02:25:44.606+0000] {dag.py:3820} INFO - Setting next_dagrun for example_task_group to 2024-01-05T00:00:00+00:00, run_after=2024-01-06T00:00:00+00:00
[2024-01-06T02:25:44.618+0000] {processor.py:183} INFO - Processing /home/airflow/.local/lib/python3.8/site-packages/airflow/example_dags/example_task_group.py took 0.063 seconds
[2024-01-06T02:26:15.256+0000] {processor.py:161} INFO - Started process (PID=40699) to work on /home/airflow/.local/lib/python3.8/site-packages/airflow/example_dags/example_task_group.py
[2024-01-06T02:26:15.259+0000] {processor.py:830} INFO - Processing file /home/airflow/.local/lib/python3.8/site-packages/airflow/example_dags/example_task_group.py for tasks to queue
[2024-01-06T02:26:15.262+0000] {logging_mixin.py:188} INFO - [2024-01-06T02:26:15.262+0000] {dagbag.py:538} INFO - Filling up the DagBag from /home/airflow/.local/lib/python3.8/site-packages/airflow/example_dags/example_task_group.py
[2024-01-06T02:26:15.271+0000] {processor.py:840} INFO - DAG(s) 'example_task_group' retrieved from /home/airflow/.local/lib/python3.8/site-packages/airflow/example_dags/example_task_group.py
[2024-01-06T02:26:15.289+0000] {logging_mixin.py:188} INFO - [2024-01-06T02:26:15.289+0000] {dag.py:3033} INFO - Sync 1 DAGs
[2024-01-06T02:26:15.303+0000] {logging_mixin.py:188} INFO - [2024-01-06T02:26:15.303+0000] {dag.py:3820} INFO - Setting next_dagrun for example_task_group to 2024-01-05T00:00:00+00:00, run_after=2024-01-06T00:00:00+00:00
[2024-01-06T02:26:15.314+0000] {processor.py:183} INFO - Processing /home/airflow/.local/lib/python3.8/site-packages/airflow/example_dags/example_task_group.py took 0.062 seconds
[2024-01-06T02:26:45.831+0000] {processor.py:161} INFO - Started process (PID=40757) to work on /home/airflow/.local/lib/python3.8/site-packages/airflow/example_dags/example_task_group.py
[2024-01-06T02:26:45.833+0000] {processor.py:830} INFO - Processing file /home/airflow/.local/lib/python3.8/site-packages/airflow/example_dags/example_task_group.py for tasks to queue
[2024-01-06T02:26:45.836+0000] {logging_mixin.py:188} INFO - [2024-01-06T02:26:45.836+0000] {dagbag.py:538} INFO - Filling up the DagBag from /home/airflow/.local/lib/python3.8/site-packages/airflow/example_dags/example_task_group.py
[2024-01-06T02:26:45.843+0000] {processor.py:840} INFO - DAG(s) 'example_task_group' retrieved from /home/airflow/.local/lib/python3.8/site-packages/airflow/example_dags/example_task_group.py
[2024-01-06T02:26:45.859+0000] {logging_mixin.py:188} INFO - [2024-01-06T02:26:45.859+0000] {dag.py:3033} INFO - Sync 1 DAGs
[2024-01-06T02:26:45.872+0000] {logging_mixin.py:188} INFO - [2024-01-06T02:26:45.872+0000] {dag.py:3820} INFO - Setting next_dagrun for example_task_group to 2024-01-05T00:00:00+00:00, run_after=2024-01-06T00:00:00+00:00
[2024-01-06T02:26:45.885+0000] {processor.py:183} INFO - Processing /home/airflow/.local/lib/python3.8/site-packages/airflow/example_dags/example_task_group.py took 0.058 seconds
[2024-01-06T02:27:16.880+0000] {processor.py:161} INFO - Started process (PID=40815) to work on /home/airflow/.local/lib/python3.8/site-packages/airflow/example_dags/example_task_group.py
[2024-01-06T02:27:16.883+0000] {processor.py:830} INFO - Processing file /home/airflow/.local/lib/python3.8/site-packages/airflow/example_dags/example_task_group.py for tasks to queue
[2024-01-06T02:27:16.886+0000] {logging_mixin.py:188} INFO - [2024-01-06T02:27:16.886+0000] {dagbag.py:538} INFO - Filling up the DagBag from /home/airflow/.local/lib/python3.8/site-packages/airflow/example_dags/example_task_group.py
[2024-01-06T02:27:16.893+0000] {processor.py:840} INFO - DAG(s) 'example_task_group' retrieved from /home/airflow/.local/lib/python3.8/site-packages/airflow/example_dags/example_task_group.py
[2024-01-06T02:27:16.910+0000] {logging_mixin.py:188} INFO - [2024-01-06T02:27:16.910+0000] {dag.py:3033} INFO - Sync 1 DAGs
[2024-01-06T02:27:16.923+0000] {logging_mixin.py:188} INFO - [2024-01-06T02:27:16.923+0000] {dag.py:3820} INFO - Setting next_dagrun for example_task_group to 2024-01-05T00:00:00+00:00, run_after=2024-01-06T00:00:00+00:00
[2024-01-06T02:27:16.934+0000] {processor.py:183} INFO - Processing /home/airflow/.local/lib/python3.8/site-packages/airflow/example_dags/example_task_group.py took 0.057 seconds
[2024-01-06T02:27:47.539+0000] {processor.py:161} INFO - Started process (PID=40873) to work on /home/airflow/.local/lib/python3.8/site-packages/airflow/example_dags/example_task_group.py
[2024-01-06T02:27:47.545+0000] {processor.py:830} INFO - Processing file /home/airflow/.local/lib/python3.8/site-packages/airflow/example_dags/example_task_group.py for tasks to queue
[2024-01-06T02:27:47.555+0000] {logging_mixin.py:188} INFO - [2024-01-06T02:27:47.554+0000] {dagbag.py:538} INFO - Filling up the DagBag from /home/airflow/.local/lib/python3.8/site-packages/airflow/example_dags/example_task_group.py
[2024-01-06T02:27:47.567+0000] {processor.py:840} INFO - DAG(s) 'example_task_group' retrieved from /home/airflow/.local/lib/python3.8/site-packages/airflow/example_dags/example_task_group.py
[2024-01-06T02:27:47.593+0000] {logging_mixin.py:188} INFO - [2024-01-06T02:27:47.592+0000] {dag.py:3033} INFO - Sync 1 DAGs
[2024-01-06T02:27:47.610+0000] {logging_mixin.py:188} INFO - [2024-01-06T02:27:47.610+0000] {dag.py:3820} INFO - Setting next_dagrun for example_task_group to 2024-01-05T00:00:00+00:00, run_after=2024-01-06T00:00:00+00:00
[2024-01-06T02:27:47.625+0000] {processor.py:183} INFO - Processing /home/airflow/.local/lib/python3.8/site-packages/airflow/example_dags/example_task_group.py took 0.093 seconds
[2024-01-06T02:28:18.110+0000] {processor.py:161} INFO - Started process (PID=40931) to work on /home/airflow/.local/lib/python3.8/site-packages/airflow/example_dags/example_task_group.py
[2024-01-06T02:28:18.112+0000] {processor.py:830} INFO - Processing file /home/airflow/.local/lib/python3.8/site-packages/airflow/example_dags/example_task_group.py for tasks to queue
[2024-01-06T02:28:18.114+0000] {logging_mixin.py:188} INFO - [2024-01-06T02:28:18.114+0000] {dagbag.py:538} INFO - Filling up the DagBag from /home/airflow/.local/lib/python3.8/site-packages/airflow/example_dags/example_task_group.py
[2024-01-06T02:28:18.120+0000] {processor.py:840} INFO - DAG(s) 'example_task_group' retrieved from /home/airflow/.local/lib/python3.8/site-packages/airflow/example_dags/example_task_group.py
[2024-01-06T02:28:18.135+0000] {logging_mixin.py:188} INFO - [2024-01-06T02:28:18.135+0000] {dag.py:3033} INFO - Sync 1 DAGs
[2024-01-06T02:28:18.149+0000] {logging_mixin.py:188} INFO - [2024-01-06T02:28:18.149+0000] {dag.py:3820} INFO - Setting next_dagrun for example_task_group to 2024-01-05T00:00:00+00:00, run_after=2024-01-06T00:00:00+00:00
[2024-01-06T02:28:18.161+0000] {processor.py:183} INFO - Processing /home/airflow/.local/lib/python3.8/site-packages/airflow/example_dags/example_task_group.py took 0.055 seconds
[2024-01-06T02:28:48.748+0000] {processor.py:161} INFO - Started process (PID=40989) to work on /home/airflow/.local/lib/python3.8/site-packages/airflow/example_dags/example_task_group.py
[2024-01-06T02:28:48.750+0000] {processor.py:830} INFO - Processing file /home/airflow/.local/lib/python3.8/site-packages/airflow/example_dags/example_task_group.py for tasks to queue
[2024-01-06T02:28:48.754+0000] {logging_mixin.py:188} INFO - [2024-01-06T02:28:48.753+0000] {dagbag.py:538} INFO - Filling up the DagBag from /home/airflow/.local/lib/python3.8/site-packages/airflow/example_dags/example_task_group.py
[2024-01-06T02:28:48.761+0000] {processor.py:840} INFO - DAG(s) 'example_task_group' retrieved from /home/airflow/.local/lib/python3.8/site-packages/airflow/example_dags/example_task_group.py
[2024-01-06T02:28:48.776+0000] {logging_mixin.py:188} INFO - [2024-01-06T02:28:48.776+0000] {dag.py:3033} INFO - Sync 1 DAGs
[2024-01-06T02:28:48.790+0000] {logging_mixin.py:188} INFO - [2024-01-06T02:28:48.789+0000] {dag.py:3820} INFO - Setting next_dagrun for example_task_group to 2024-01-05T00:00:00+00:00, run_after=2024-01-06T00:00:00+00:00
[2024-01-06T02:28:48.801+0000] {processor.py:183} INFO - Processing /home/airflow/.local/lib/python3.8/site-packages/airflow/example_dags/example_task_group.py took 0.057 seconds
[2024-01-06T02:29:19.319+0000] {processor.py:161} INFO - Started process (PID=41047) to work on /home/airflow/.local/lib/python3.8/site-packages/airflow/example_dags/example_task_group.py
[2024-01-06T02:29:19.321+0000] {processor.py:830} INFO - Processing file /home/airflow/.local/lib/python3.8/site-packages/airflow/example_dags/example_task_group.py for tasks to queue
[2024-01-06T02:29:19.324+0000] {logging_mixin.py:188} INFO - [2024-01-06T02:29:19.324+0000] {dagbag.py:538} INFO - Filling up the DagBag from /home/airflow/.local/lib/python3.8/site-packages/airflow/example_dags/example_task_group.py
[2024-01-06T02:29:19.332+0000] {processor.py:840} INFO - DAG(s) 'example_task_group' retrieved from /home/airflow/.local/lib/python3.8/site-packages/airflow/example_dags/example_task_group.py
[2024-01-06T02:29:19.349+0000] {logging_mixin.py:188} INFO - [2024-01-06T02:29:19.349+0000] {dag.py:3033} INFO - Sync 1 DAGs
[2024-01-06T02:29:19.365+0000] {logging_mixin.py:188} INFO - [2024-01-06T02:29:19.365+0000] {dag.py:3820} INFO - Setting next_dagrun for example_task_group to 2024-01-05T00:00:00+00:00, run_after=2024-01-06T00:00:00+00:00
[2024-01-06T02:29:19.378+0000] {processor.py:183} INFO - Processing /home/airflow/.local/lib/python3.8/site-packages/airflow/example_dags/example_task_group.py took 0.063 seconds
[2024-01-06T02:29:49.979+0000] {processor.py:161} INFO - Started process (PID=41105) to work on /home/airflow/.local/lib/python3.8/site-packages/airflow/example_dags/example_task_group.py
[2024-01-06T02:29:49.981+0000] {processor.py:830} INFO - Processing file /home/airflow/.local/lib/python3.8/site-packages/airflow/example_dags/example_task_group.py for tasks to queue
[2024-01-06T02:29:49.985+0000] {logging_mixin.py:188} INFO - [2024-01-06T02:29:49.985+0000] {dagbag.py:538} INFO - Filling up the DagBag from /home/airflow/.local/lib/python3.8/site-packages/airflow/example_dags/example_task_group.py
[2024-01-06T02:29:49.992+0000] {processor.py:840} INFO - DAG(s) 'example_task_group' retrieved from /home/airflow/.local/lib/python3.8/site-packages/airflow/example_dags/example_task_group.py
[2024-01-06T02:29:50.010+0000] {logging_mixin.py:188} INFO - [2024-01-06T02:29:50.010+0000] {dag.py:3033} INFO - Sync 1 DAGs
[2024-01-06T02:29:50.024+0000] {logging_mixin.py:188} INFO - [2024-01-06T02:29:50.024+0000] {dag.py:3820} INFO - Setting next_dagrun for example_task_group to 2024-01-05T00:00:00+00:00, run_after=2024-01-06T00:00:00+00:00
[2024-01-06T02:29:50.036+0000] {processor.py:183} INFO - Processing /home/airflow/.local/lib/python3.8/site-packages/airflow/example_dags/example_task_group.py took 0.063 seconds
[2024-01-06T02:30:20.627+0000] {processor.py:161} INFO - Started process (PID=41170) to work on /home/airflow/.local/lib/python3.8/site-packages/airflow/example_dags/example_task_group.py
[2024-01-06T02:30:20.628+0000] {processor.py:830} INFO - Processing file /home/airflow/.local/lib/python3.8/site-packages/airflow/example_dags/example_task_group.py for tasks to queue
[2024-01-06T02:30:20.631+0000] {logging_mixin.py:188} INFO - [2024-01-06T02:30:20.631+0000] {dagbag.py:538} INFO - Filling up the DagBag from /home/airflow/.local/lib/python3.8/site-packages/airflow/example_dags/example_task_group.py
[2024-01-06T02:30:20.637+0000] {processor.py:840} INFO - DAG(s) 'example_task_group' retrieved from /home/airflow/.local/lib/python3.8/site-packages/airflow/example_dags/example_task_group.py
[2024-01-06T02:30:20.657+0000] {logging_mixin.py:188} INFO - [2024-01-06T02:30:20.657+0000] {dag.py:3033} INFO - Sync 1 DAGs
[2024-01-06T02:30:20.678+0000] {logging_mixin.py:188} INFO - [2024-01-06T02:30:20.678+0000] {dag.py:3820} INFO - Setting next_dagrun for example_task_group to 2024-01-05T00:00:00+00:00, run_after=2024-01-06T00:00:00+00:00
[2024-01-06T02:30:20.691+0000] {processor.py:183} INFO - Processing /home/airflow/.local/lib/python3.8/site-packages/airflow/example_dags/example_task_group.py took 0.067 seconds
[2024-01-06T02:30:51.276+0000] {processor.py:161} INFO - Started process (PID=41228) to work on /home/airflow/.local/lib/python3.8/site-packages/airflow/example_dags/example_task_group.py
[2024-01-06T02:30:51.278+0000] {processor.py:830} INFO - Processing file /home/airflow/.local/lib/python3.8/site-packages/airflow/example_dags/example_task_group.py for tasks to queue
[2024-01-06T02:30:51.280+0000] {logging_mixin.py:188} INFO - [2024-01-06T02:30:51.280+0000] {dagbag.py:538} INFO - Filling up the DagBag from /home/airflow/.local/lib/python3.8/site-packages/airflow/example_dags/example_task_group.py
[2024-01-06T02:30:51.287+0000] {processor.py:840} INFO - DAG(s) 'example_task_group' retrieved from /home/airflow/.local/lib/python3.8/site-packages/airflow/example_dags/example_task_group.py
[2024-01-06T02:30:51.306+0000] {logging_mixin.py:188} INFO - [2024-01-06T02:30:51.306+0000] {dag.py:3033} INFO - Sync 1 DAGs
[2024-01-06T02:30:51.322+0000] {logging_mixin.py:188} INFO - [2024-01-06T02:30:51.322+0000] {dag.py:3820} INFO - Setting next_dagrun for example_task_group to 2024-01-05T00:00:00+00:00, run_after=2024-01-06T00:00:00+00:00
[2024-01-06T02:30:51.334+0000] {processor.py:183} INFO - Processing /home/airflow/.local/lib/python3.8/site-packages/airflow/example_dags/example_task_group.py took 0.061 seconds
[2024-01-06T02:31:21.762+0000] {processor.py:161} INFO - Started process (PID=41286) to work on /home/airflow/.local/lib/python3.8/site-packages/airflow/example_dags/example_task_group.py
[2024-01-06T02:31:21.765+0000] {processor.py:830} INFO - Processing file /home/airflow/.local/lib/python3.8/site-packages/airflow/example_dags/example_task_group.py for tasks to queue
[2024-01-06T02:31:21.769+0000] {logging_mixin.py:188} INFO - [2024-01-06T02:31:21.768+0000] {dagbag.py:538} INFO - Filling up the DagBag from /home/airflow/.local/lib/python3.8/site-packages/airflow/example_dags/example_task_group.py
[2024-01-06T02:31:21.780+0000] {processor.py:840} INFO - DAG(s) 'example_task_group' retrieved from /home/airflow/.local/lib/python3.8/site-packages/airflow/example_dags/example_task_group.py
[2024-01-06T02:31:21.804+0000] {logging_mixin.py:188} INFO - [2024-01-06T02:31:21.804+0000] {dag.py:3033} INFO - Sync 1 DAGs
[2024-01-06T02:31:21.822+0000] {logging_mixin.py:188} INFO - [2024-01-06T02:31:21.821+0000] {dag.py:3820} INFO - Setting next_dagrun for example_task_group to 2024-01-05T00:00:00+00:00, run_after=2024-01-06T00:00:00+00:00
[2024-01-06T02:31:21.835+0000] {processor.py:183} INFO - Processing /home/airflow/.local/lib/python3.8/site-packages/airflow/example_dags/example_task_group.py took 0.078 seconds
[2024-01-06T02:31:52.254+0000] {processor.py:161} INFO - Started process (PID=41344) to work on /home/airflow/.local/lib/python3.8/site-packages/airflow/example_dags/example_task_group.py
[2024-01-06T02:31:52.257+0000] {processor.py:830} INFO - Processing file /home/airflow/.local/lib/python3.8/site-packages/airflow/example_dags/example_task_group.py for tasks to queue
[2024-01-06T02:31:52.259+0000] {logging_mixin.py:188} INFO - [2024-01-06T02:31:52.259+0000] {dagbag.py:538} INFO - Filling up the DagBag from /home/airflow/.local/lib/python3.8/site-packages/airflow/example_dags/example_task_group.py
[2024-01-06T02:31:52.264+0000] {processor.py:840} INFO - DAG(s) 'example_task_group' retrieved from /home/airflow/.local/lib/python3.8/site-packages/airflow/example_dags/example_task_group.py
[2024-01-06T02:31:52.278+0000] {logging_mixin.py:188} INFO - [2024-01-06T02:31:52.278+0000] {dag.py:3033} INFO - Sync 1 DAGs
[2024-01-06T02:31:52.293+0000] {logging_mixin.py:188} INFO - [2024-01-06T02:31:52.292+0000] {dag.py:3820} INFO - Setting next_dagrun for example_task_group to 2024-01-05T00:00:00+00:00, run_after=2024-01-06T00:00:00+00:00
[2024-01-06T02:31:52.304+0000] {processor.py:183} INFO - Processing /home/airflow/.local/lib/python3.8/site-packages/airflow/example_dags/example_task_group.py took 0.052 seconds
[2024-01-06T02:32:22.530+0000] {processor.py:161} INFO - Started process (PID=41402) to work on /home/airflow/.local/lib/python3.8/site-packages/airflow/example_dags/example_task_group.py
[2024-01-06T02:32:22.531+0000] {processor.py:830} INFO - Processing file /home/airflow/.local/lib/python3.8/site-packages/airflow/example_dags/example_task_group.py for tasks to queue
[2024-01-06T02:32:22.533+0000] {logging_mixin.py:188} INFO - [2024-01-06T02:32:22.533+0000] {dagbag.py:538} INFO - Filling up the DagBag from /home/airflow/.local/lib/python3.8/site-packages/airflow/example_dags/example_task_group.py
[2024-01-06T02:32:22.539+0000] {processor.py:840} INFO - DAG(s) 'example_task_group' retrieved from /home/airflow/.local/lib/python3.8/site-packages/airflow/example_dags/example_task_group.py
[2024-01-06T02:32:22.555+0000] {logging_mixin.py:188} INFO - [2024-01-06T02:32:22.555+0000] {dag.py:3033} INFO - Sync 1 DAGs
[2024-01-06T02:32:22.568+0000] {logging_mixin.py:188} INFO - [2024-01-06T02:32:22.568+0000] {dag.py:3820} INFO - Setting next_dagrun for example_task_group to 2024-01-05T00:00:00+00:00, run_after=2024-01-06T00:00:00+00:00
[2024-01-06T02:32:22.580+0000] {processor.py:183} INFO - Processing /home/airflow/.local/lib/python3.8/site-packages/airflow/example_dags/example_task_group.py took 0.054 seconds
[2024-01-06T02:32:52.920+0000] {processor.py:161} INFO - Started process (PID=41459) to work on /home/airflow/.local/lib/python3.8/site-packages/airflow/example_dags/example_task_group.py
[2024-01-06T02:32:52.923+0000] {processor.py:830} INFO - Processing file /home/airflow/.local/lib/python3.8/site-packages/airflow/example_dags/example_task_group.py for tasks to queue
[2024-01-06T02:32:52.927+0000] {logging_mixin.py:188} INFO - [2024-01-06T02:32:52.927+0000] {dagbag.py:538} INFO - Filling up the DagBag from /home/airflow/.local/lib/python3.8/site-packages/airflow/example_dags/example_task_group.py
[2024-01-06T02:32:52.935+0000] {processor.py:840} INFO - DAG(s) 'example_task_group' retrieved from /home/airflow/.local/lib/python3.8/site-packages/airflow/example_dags/example_task_group.py
[2024-01-06T02:32:52.965+0000] {logging_mixin.py:188} INFO - [2024-01-06T02:32:52.965+0000] {dag.py:3033} INFO - Sync 1 DAGs
[2024-01-06T02:32:52.992+0000] {logging_mixin.py:188} INFO - [2024-01-06T02:32:52.991+0000] {dag.py:3820} INFO - Setting next_dagrun for example_task_group to 2024-01-05T00:00:00+00:00, run_after=2024-01-06T00:00:00+00:00
[2024-01-06T02:32:53.015+0000] {processor.py:183} INFO - Processing /home/airflow/.local/lib/python3.8/site-packages/airflow/example_dags/example_task_group.py took 0.104 seconds
[2024-01-06T02:33:29.574+0000] {processor.py:161} INFO - Started process (PID=41517) to work on /home/airflow/.local/lib/python3.8/site-packages/airflow/example_dags/example_task_group.py
[2024-01-06T02:33:29.630+0000] {processor.py:830} INFO - Processing file /home/airflow/.local/lib/python3.8/site-packages/airflow/example_dags/example_task_group.py for tasks to queue
[2024-01-06T02:33:29.667+0000] {logging_mixin.py:188} INFO - [2024-01-06T02:33:29.665+0000] {dagbag.py:538} INFO - Filling up the DagBag from /home/airflow/.local/lib/python3.8/site-packages/airflow/example_dags/example_task_group.py
[2024-01-06T02:33:29.812+0000] {processor.py:840} INFO - DAG(s) 'example_task_group' retrieved from /home/airflow/.local/lib/python3.8/site-packages/airflow/example_dags/example_task_group.py
[2024-01-06T02:33:30.216+0000] {logging_mixin.py:188} INFO - [2024-01-06T02:33:30.203+0000] {dag.py:3033} INFO - Sync 1 DAGs
[2024-01-06T02:33:30.540+0000] {logging_mixin.py:188} INFO - [2024-01-06T02:33:30.539+0000] {dag.py:3820} INFO - Setting next_dagrun for example_task_group to 2024-01-05T00:00:00+00:00, run_after=2024-01-06T00:00:00+00:00
[2024-01-06T02:33:30.831+0000] {processor.py:183} INFO - Processing /home/airflow/.local/lib/python3.8/site-packages/airflow/example_dags/example_task_group.py took 1.298 seconds
[2024-01-06T02:34:01.098+0000] {processor.py:161} INFO - Started process (PID=41575) to work on /home/airflow/.local/lib/python3.8/site-packages/airflow/example_dags/example_task_group.py
[2024-01-06T02:34:01.103+0000] {processor.py:830} INFO - Processing file /home/airflow/.local/lib/python3.8/site-packages/airflow/example_dags/example_task_group.py for tasks to queue
[2024-01-06T02:34:01.111+0000] {logging_mixin.py:188} INFO - [2024-01-06T02:34:01.111+0000] {dagbag.py:538} INFO - Filling up the DagBag from /home/airflow/.local/lib/python3.8/site-packages/airflow/example_dags/example_task_group.py
[2024-01-06T02:34:01.125+0000] {processor.py:840} INFO - DAG(s) 'example_task_group' retrieved from /home/airflow/.local/lib/python3.8/site-packages/airflow/example_dags/example_task_group.py
[2024-01-06T02:34:01.171+0000] {logging_mixin.py:188} INFO - [2024-01-06T02:34:01.170+0000] {dag.py:3033} INFO - Sync 1 DAGs
[2024-01-06T02:34:01.195+0000] {logging_mixin.py:188} INFO - [2024-01-06T02:34:01.195+0000] {dag.py:3820} INFO - Setting next_dagrun for example_task_group to 2024-01-05T00:00:00+00:00, run_after=2024-01-06T00:00:00+00:00
[2024-01-06T02:34:01.220+0000] {processor.py:183} INFO - Processing /home/airflow/.local/lib/python3.8/site-packages/airflow/example_dags/example_task_group.py took 0.130 seconds
[2024-01-06T02:34:32.078+0000] {processor.py:161} INFO - Started process (PID=41633) to work on /home/airflow/.local/lib/python3.8/site-packages/airflow/example_dags/example_task_group.py
[2024-01-06T02:34:32.080+0000] {processor.py:830} INFO - Processing file /home/airflow/.local/lib/python3.8/site-packages/airflow/example_dags/example_task_group.py for tasks to queue
[2024-01-06T02:34:32.083+0000] {logging_mixin.py:188} INFO - [2024-01-06T02:34:32.083+0000] {dagbag.py:538} INFO - Filling up the DagBag from /home/airflow/.local/lib/python3.8/site-packages/airflow/example_dags/example_task_group.py
[2024-01-06T02:34:32.091+0000] {processor.py:840} INFO - DAG(s) 'example_task_group' retrieved from /home/airflow/.local/lib/python3.8/site-packages/airflow/example_dags/example_task_group.py
[2024-01-06T02:34:32.109+0000] {logging_mixin.py:188} INFO - [2024-01-06T02:34:32.109+0000] {dag.py:3033} INFO - Sync 1 DAGs
[2024-01-06T02:34:32.125+0000] {logging_mixin.py:188} INFO - [2024-01-06T02:34:32.125+0000] {dag.py:3820} INFO - Setting next_dagrun for example_task_group to 2024-01-05T00:00:00+00:00, run_after=2024-01-06T00:00:00+00:00
[2024-01-06T02:34:32.138+0000] {processor.py:183} INFO - Processing /home/airflow/.local/lib/python3.8/site-packages/airflow/example_dags/example_task_group.py took 0.066 seconds
[2024-01-06T02:35:02.396+0000] {processor.py:161} INFO - Started process (PID=41690) to work on /home/airflow/.local/lib/python3.8/site-packages/airflow/example_dags/example_task_group.py
[2024-01-06T02:35:02.398+0000] {processor.py:830} INFO - Processing file /home/airflow/.local/lib/python3.8/site-packages/airflow/example_dags/example_task_group.py for tasks to queue
[2024-01-06T02:35:02.404+0000] {logging_mixin.py:188} INFO - [2024-01-06T02:35:02.403+0000] {dagbag.py:538} INFO - Filling up the DagBag from /home/airflow/.local/lib/python3.8/site-packages/airflow/example_dags/example_task_group.py
[2024-01-06T02:35:02.410+0000] {processor.py:840} INFO - DAG(s) 'example_task_group' retrieved from /home/airflow/.local/lib/python3.8/site-packages/airflow/example_dags/example_task_group.py
[2024-01-06T02:35:02.435+0000] {logging_mixin.py:188} INFO - [2024-01-06T02:35:02.435+0000] {dag.py:3033} INFO - Sync 1 DAGs
[2024-01-06T02:35:02.455+0000] {logging_mixin.py:188} INFO - [2024-01-06T02:35:02.454+0000] {dag.py:3820} INFO - Setting next_dagrun for example_task_group to 2024-01-05T00:00:00+00:00, run_after=2024-01-06T00:00:00+00:00
[2024-01-06T02:35:02.469+0000] {processor.py:183} INFO - Processing /home/airflow/.local/lib/python3.8/site-packages/airflow/example_dags/example_task_group.py took 0.076 seconds
[2024-01-06T02:35:32.653+0000] {processor.py:161} INFO - Started process (PID=41748) to work on /home/airflow/.local/lib/python3.8/site-packages/airflow/example_dags/example_task_group.py
[2024-01-06T02:35:32.655+0000] {processor.py:830} INFO - Processing file /home/airflow/.local/lib/python3.8/site-packages/airflow/example_dags/example_task_group.py for tasks to queue
[2024-01-06T02:35:32.657+0000] {logging_mixin.py:188} INFO - [2024-01-06T02:35:32.657+0000] {dagbag.py:538} INFO - Filling up the DagBag from /home/airflow/.local/lib/python3.8/site-packages/airflow/example_dags/example_task_group.py
[2024-01-06T02:35:32.663+0000] {processor.py:840} INFO - DAG(s) 'example_task_group' retrieved from /home/airflow/.local/lib/python3.8/site-packages/airflow/example_dags/example_task_group.py
[2024-01-06T02:35:32.679+0000] {logging_mixin.py:188} INFO - [2024-01-06T02:35:32.679+0000] {dag.py:3033} INFO - Sync 1 DAGs
[2024-01-06T02:35:32.692+0000] {logging_mixin.py:188} INFO - [2024-01-06T02:35:32.692+0000] {dag.py:3820} INFO - Setting next_dagrun for example_task_group to 2024-01-05T00:00:00+00:00, run_after=2024-01-06T00:00:00+00:00
[2024-01-06T02:35:32.703+0000] {processor.py:183} INFO - Processing /home/airflow/.local/lib/python3.8/site-packages/airflow/example_dags/example_task_group.py took 0.052 seconds
[2024-01-06T02:36:03.043+0000] {processor.py:161} INFO - Started process (PID=41806) to work on /home/airflow/.local/lib/python3.8/site-packages/airflow/example_dags/example_task_group.py
[2024-01-06T02:36:03.044+0000] {processor.py:830} INFO - Processing file /home/airflow/.local/lib/python3.8/site-packages/airflow/example_dags/example_task_group.py for tasks to queue
[2024-01-06T02:36:03.047+0000] {logging_mixin.py:188} INFO - [2024-01-06T02:36:03.046+0000] {dagbag.py:538} INFO - Filling up the DagBag from /home/airflow/.local/lib/python3.8/site-packages/airflow/example_dags/example_task_group.py
[2024-01-06T02:36:03.052+0000] {processor.py:840} INFO - DAG(s) 'example_task_group' retrieved from /home/airflow/.local/lib/python3.8/site-packages/airflow/example_dags/example_task_group.py
[2024-01-06T02:36:03.066+0000] {logging_mixin.py:188} INFO - [2024-01-06T02:36:03.066+0000] {dag.py:3033} INFO - Sync 1 DAGs
[2024-01-06T02:36:03.079+0000] {logging_mixin.py:188} INFO - [2024-01-06T02:36:03.079+0000] {dag.py:3820} INFO - Setting next_dagrun for example_task_group to 2024-01-05T00:00:00+00:00, run_after=2024-01-06T00:00:00+00:00
[2024-01-06T02:36:03.091+0000] {processor.py:183} INFO - Processing /home/airflow/.local/lib/python3.8/site-packages/airflow/example_dags/example_task_group.py took 0.051 seconds
[2024-01-06T02:36:33.407+0000] {processor.py:161} INFO - Started process (PID=41864) to work on /home/airflow/.local/lib/python3.8/site-packages/airflow/example_dags/example_task_group.py
[2024-01-06T02:36:33.409+0000] {processor.py:830} INFO - Processing file /home/airflow/.local/lib/python3.8/site-packages/airflow/example_dags/example_task_group.py for tasks to queue
[2024-01-06T02:36:33.411+0000] {logging_mixin.py:188} INFO - [2024-01-06T02:36:33.411+0000] {dagbag.py:538} INFO - Filling up the DagBag from /home/airflow/.local/lib/python3.8/site-packages/airflow/example_dags/example_task_group.py
[2024-01-06T02:36:33.421+0000] {processor.py:840} INFO - DAG(s) 'example_task_group' retrieved from /home/airflow/.local/lib/python3.8/site-packages/airflow/example_dags/example_task_group.py
[2024-01-06T02:36:33.439+0000] {logging_mixin.py:188} INFO - [2024-01-06T02:36:33.439+0000] {dag.py:3033} INFO - Sync 1 DAGs
[2024-01-06T02:36:33.454+0000] {logging_mixin.py:188} INFO - [2024-01-06T02:36:33.454+0000] {dag.py:3820} INFO - Setting next_dagrun for example_task_group to 2024-01-05T00:00:00+00:00, run_after=2024-01-06T00:00:00+00:00
[2024-01-06T02:36:33.471+0000] {processor.py:183} INFO - Processing /home/airflow/.local/lib/python3.8/site-packages/airflow/example_dags/example_task_group.py took 0.068 seconds
[2024-01-06T02:37:03.827+0000] {processor.py:161} INFO - Started process (PID=41922) to work on /home/airflow/.local/lib/python3.8/site-packages/airflow/example_dags/example_task_group.py
[2024-01-06T02:37:03.829+0000] {processor.py:830} INFO - Processing file /home/airflow/.local/lib/python3.8/site-packages/airflow/example_dags/example_task_group.py for tasks to queue
[2024-01-06T02:37:03.831+0000] {logging_mixin.py:188} INFO - [2024-01-06T02:37:03.831+0000] {dagbag.py:538} INFO - Filling up the DagBag from /home/airflow/.local/lib/python3.8/site-packages/airflow/example_dags/example_task_group.py
[2024-01-06T02:37:03.836+0000] {processor.py:840} INFO - DAG(s) 'example_task_group' retrieved from /home/airflow/.local/lib/python3.8/site-packages/airflow/example_dags/example_task_group.py
[2024-01-06T02:37:03.858+0000] {logging_mixin.py:188} INFO - [2024-01-06T02:37:03.858+0000] {dag.py:3033} INFO - Sync 1 DAGs
[2024-01-06T02:37:03.875+0000] {logging_mixin.py:188} INFO - [2024-01-06T02:37:03.875+0000] {dag.py:3820} INFO - Setting next_dagrun for example_task_group to 2024-01-05T00:00:00+00:00, run_after=2024-01-06T00:00:00+00:00
[2024-01-06T02:37:03.886+0000] {processor.py:183} INFO - Processing /home/airflow/.local/lib/python3.8/site-packages/airflow/example_dags/example_task_group.py took 0.062 seconds
[2024-01-06T02:37:34.470+0000] {processor.py:161} INFO - Started process (PID=41979) to work on /home/airflow/.local/lib/python3.8/site-packages/airflow/example_dags/example_task_group.py
[2024-01-06T02:37:34.471+0000] {processor.py:830} INFO - Processing file /home/airflow/.local/lib/python3.8/site-packages/airflow/example_dags/example_task_group.py for tasks to queue
[2024-01-06T02:37:34.473+0000] {logging_mixin.py:188} INFO - [2024-01-06T02:37:34.473+0000] {dagbag.py:538} INFO - Filling up the DagBag from /home/airflow/.local/lib/python3.8/site-packages/airflow/example_dags/example_task_group.py
[2024-01-06T02:37:34.479+0000] {processor.py:840} INFO - DAG(s) 'example_task_group' retrieved from /home/airflow/.local/lib/python3.8/site-packages/airflow/example_dags/example_task_group.py
[2024-01-06T02:37:34.496+0000] {logging_mixin.py:188} INFO - [2024-01-06T02:37:34.495+0000] {dag.py:3033} INFO - Sync 1 DAGs
[2024-01-06T02:37:34.509+0000] {logging_mixin.py:188} INFO - [2024-01-06T02:37:34.509+0000] {dag.py:3820} INFO - Setting next_dagrun for example_task_group to 2024-01-05T00:00:00+00:00, run_after=2024-01-06T00:00:00+00:00
[2024-01-06T02:37:34.527+0000] {processor.py:183} INFO - Processing /home/airflow/.local/lib/python3.8/site-packages/airflow/example_dags/example_task_group.py took 0.060 seconds
[2024-01-06T02:38:04.768+0000] {processor.py:161} INFO - Started process (PID=42035) to work on /home/airflow/.local/lib/python3.8/site-packages/airflow/example_dags/example_task_group.py
[2024-01-06T02:38:04.770+0000] {processor.py:830} INFO - Processing file /home/airflow/.local/lib/python3.8/site-packages/airflow/example_dags/example_task_group.py for tasks to queue
[2024-01-06T02:38:04.772+0000] {logging_mixin.py:188} INFO - [2024-01-06T02:38:04.772+0000] {dagbag.py:538} INFO - Filling up the DagBag from /home/airflow/.local/lib/python3.8/site-packages/airflow/example_dags/example_task_group.py
[2024-01-06T02:38:04.777+0000] {processor.py:840} INFO - DAG(s) 'example_task_group' retrieved from /home/airflow/.local/lib/python3.8/site-packages/airflow/example_dags/example_task_group.py
[2024-01-06T02:38:04.791+0000] {logging_mixin.py:188} INFO - [2024-01-06T02:38:04.791+0000] {dag.py:3033} INFO - Sync 1 DAGs
[2024-01-06T02:38:04.804+0000] {logging_mixin.py:188} INFO - [2024-01-06T02:38:04.803+0000] {dag.py:3820} INFO - Setting next_dagrun for example_task_group to 2024-01-05T00:00:00+00:00, run_after=2024-01-06T00:00:00+00:00
[2024-01-06T02:38:04.813+0000] {processor.py:183} INFO - Processing /home/airflow/.local/lib/python3.8/site-packages/airflow/example_dags/example_task_group.py took 0.048 seconds
[2024-01-06T02:38:35.035+0000] {processor.py:161} INFO - Started process (PID=42093) to work on /home/airflow/.local/lib/python3.8/site-packages/airflow/example_dags/example_task_group.py
[2024-01-06T02:38:35.036+0000] {processor.py:830} INFO - Processing file /home/airflow/.local/lib/python3.8/site-packages/airflow/example_dags/example_task_group.py for tasks to queue
[2024-01-06T02:38:35.039+0000] {logging_mixin.py:188} INFO - [2024-01-06T02:38:35.038+0000] {dagbag.py:538} INFO - Filling up the DagBag from /home/airflow/.local/lib/python3.8/site-packages/airflow/example_dags/example_task_group.py
[2024-01-06T02:38:35.044+0000] {processor.py:840} INFO - DAG(s) 'example_task_group' retrieved from /home/airflow/.local/lib/python3.8/site-packages/airflow/example_dags/example_task_group.py
[2024-01-06T02:38:35.059+0000] {logging_mixin.py:188} INFO - [2024-01-06T02:38:35.058+0000] {dag.py:3033} INFO - Sync 1 DAGs
[2024-01-06T02:38:35.070+0000] {logging_mixin.py:188} INFO - [2024-01-06T02:38:35.070+0000] {dag.py:3820} INFO - Setting next_dagrun for example_task_group to 2024-01-05T00:00:00+00:00, run_after=2024-01-06T00:00:00+00:00
[2024-01-06T02:38:35.081+0000] {processor.py:183} INFO - Processing /home/airflow/.local/lib/python3.8/site-packages/airflow/example_dags/example_task_group.py took 0.049 seconds
[2024-01-06T02:39:05.519+0000] {processor.py:161} INFO - Started process (PID=42150) to work on /home/airflow/.local/lib/python3.8/site-packages/airflow/example_dags/example_task_group.py
[2024-01-06T02:39:05.520+0000] {processor.py:830} INFO - Processing file /home/airflow/.local/lib/python3.8/site-packages/airflow/example_dags/example_task_group.py for tasks to queue
[2024-01-06T02:39:05.522+0000] {logging_mixin.py:188} INFO - [2024-01-06T02:39:05.522+0000] {dagbag.py:538} INFO - Filling up the DagBag from /home/airflow/.local/lib/python3.8/site-packages/airflow/example_dags/example_task_group.py
[2024-01-06T02:39:05.527+0000] {processor.py:840} INFO - DAG(s) 'example_task_group' retrieved from /home/airflow/.local/lib/python3.8/site-packages/airflow/example_dags/example_task_group.py
[2024-01-06T02:39:05.542+0000] {logging_mixin.py:188} INFO - [2024-01-06T02:39:05.542+0000] {dag.py:3033} INFO - Sync 1 DAGs
[2024-01-06T02:39:05.554+0000] {logging_mixin.py:188} INFO - [2024-01-06T02:39:05.554+0000] {dag.py:3820} INFO - Setting next_dagrun for example_task_group to 2024-01-05T00:00:00+00:00, run_after=2024-01-06T00:00:00+00:00
[2024-01-06T02:39:05.564+0000] {processor.py:183} INFO - Processing /home/airflow/.local/lib/python3.8/site-packages/airflow/example_dags/example_task_group.py took 0.048 seconds
[2024-01-06T02:39:36.367+0000] {processor.py:161} INFO - Started process (PID=42207) to work on /home/airflow/.local/lib/python3.8/site-packages/airflow/example_dags/example_task_group.py
[2024-01-06T02:39:36.370+0000] {processor.py:830} INFO - Processing file /home/airflow/.local/lib/python3.8/site-packages/airflow/example_dags/example_task_group.py for tasks to queue
[2024-01-06T02:39:36.372+0000] {logging_mixin.py:188} INFO - [2024-01-06T02:39:36.372+0000] {dagbag.py:538} INFO - Filling up the DagBag from /home/airflow/.local/lib/python3.8/site-packages/airflow/example_dags/example_task_group.py
[2024-01-06T02:39:36.377+0000] {processor.py:840} INFO - DAG(s) 'example_task_group' retrieved from /home/airflow/.local/lib/python3.8/site-packages/airflow/example_dags/example_task_group.py
[2024-01-06T02:39:36.393+0000] {logging_mixin.py:188} INFO - [2024-01-06T02:39:36.393+0000] {dag.py:3033} INFO - Sync 1 DAGs
[2024-01-06T02:39:36.407+0000] {logging_mixin.py:188} INFO - [2024-01-06T02:39:36.407+0000] {dag.py:3820} INFO - Setting next_dagrun for example_task_group to 2024-01-05T00:00:00+00:00, run_after=2024-01-06T00:00:00+00:00
[2024-01-06T02:39:36.422+0000] {processor.py:183} INFO - Processing /home/airflow/.local/lib/python3.8/site-packages/airflow/example_dags/example_task_group.py took 0.057 seconds
[2024-01-06T02:40:06.614+0000] {processor.py:161} INFO - Started process (PID=42266) to work on /home/airflow/.local/lib/python3.8/site-packages/airflow/example_dags/example_task_group.py
[2024-01-06T02:40:06.616+0000] {processor.py:830} INFO - Processing file /home/airflow/.local/lib/python3.8/site-packages/airflow/example_dags/example_task_group.py for tasks to queue
[2024-01-06T02:40:06.618+0000] {logging_mixin.py:188} INFO - [2024-01-06T02:40:06.618+0000] {dagbag.py:538} INFO - Filling up the DagBag from /home/airflow/.local/lib/python3.8/site-packages/airflow/example_dags/example_task_group.py
[2024-01-06T02:40:06.623+0000] {processor.py:840} INFO - DAG(s) 'example_task_group' retrieved from /home/airflow/.local/lib/python3.8/site-packages/airflow/example_dags/example_task_group.py
[2024-01-06T02:40:06.637+0000] {logging_mixin.py:188} INFO - [2024-01-06T02:40:06.637+0000] {dag.py:3033} INFO - Sync 1 DAGs
[2024-01-06T02:40:06.650+0000] {logging_mixin.py:188} INFO - [2024-01-06T02:40:06.650+0000] {dag.py:3820} INFO - Setting next_dagrun for example_task_group to 2024-01-05T00:00:00+00:00, run_after=2024-01-06T00:00:00+00:00
[2024-01-06T02:40:06.660+0000] {processor.py:183} INFO - Processing /home/airflow/.local/lib/python3.8/site-packages/airflow/example_dags/example_task_group.py took 0.048 seconds
[2024-01-06T02:40:37.423+0000] {processor.py:161} INFO - Started process (PID=42325) to work on /home/airflow/.local/lib/python3.8/site-packages/airflow/example_dags/example_task_group.py
[2024-01-06T02:40:37.428+0000] {processor.py:830} INFO - Processing file /home/airflow/.local/lib/python3.8/site-packages/airflow/example_dags/example_task_group.py for tasks to queue
[2024-01-06T02:40:37.438+0000] {logging_mixin.py:188} INFO - [2024-01-06T02:40:37.438+0000] {dagbag.py:538} INFO - Filling up the DagBag from /home/airflow/.local/lib/python3.8/site-packages/airflow/example_dags/example_task_group.py
[2024-01-06T02:40:37.453+0000] {processor.py:840} INFO - DAG(s) 'example_task_group' retrieved from /home/airflow/.local/lib/python3.8/site-packages/airflow/example_dags/example_task_group.py
[2024-01-06T02:40:37.514+0000] {logging_mixin.py:188} INFO - [2024-01-06T02:40:37.514+0000] {dag.py:3033} INFO - Sync 1 DAGs
[2024-01-06T02:40:37.574+0000] {logging_mixin.py:188} INFO - [2024-01-06T02:40:37.573+0000] {dag.py:3820} INFO - Setting next_dagrun for example_task_group to 2024-01-05T00:00:00+00:00, run_after=2024-01-06T00:00:00+00:00
[2024-01-06T02:40:37.628+0000] {processor.py:183} INFO - Processing /home/airflow/.local/lib/python3.8/site-packages/airflow/example_dags/example_task_group.py took 0.211 seconds
[2024-01-06T02:41:08.024+0000] {processor.py:161} INFO - Started process (PID=42383) to work on /home/airflow/.local/lib/python3.8/site-packages/airflow/example_dags/example_task_group.py
[2024-01-06T02:41:08.026+0000] {processor.py:830} INFO - Processing file /home/airflow/.local/lib/python3.8/site-packages/airflow/example_dags/example_task_group.py for tasks to queue
[2024-01-06T02:41:08.029+0000] {logging_mixin.py:188} INFO - [2024-01-06T02:41:08.029+0000] {dagbag.py:538} INFO - Filling up the DagBag from /home/airflow/.local/lib/python3.8/site-packages/airflow/example_dags/example_task_group.py
[2024-01-06T02:41:08.035+0000] {processor.py:840} INFO - DAG(s) 'example_task_group' retrieved from /home/airflow/.local/lib/python3.8/site-packages/airflow/example_dags/example_task_group.py
[2024-01-06T02:41:08.051+0000] {logging_mixin.py:188} INFO - [2024-01-06T02:41:08.051+0000] {dag.py:3033} INFO - Sync 1 DAGs
[2024-01-06T02:41:08.065+0000] {logging_mixin.py:188} INFO - [2024-01-06T02:41:08.064+0000] {dag.py:3820} INFO - Setting next_dagrun for example_task_group to 2024-01-05T00:00:00+00:00, run_after=2024-01-06T00:00:00+00:00
[2024-01-06T02:41:08.076+0000] {processor.py:183} INFO - Processing /home/airflow/.local/lib/python3.8/site-packages/airflow/example_dags/example_task_group.py took 0.054 seconds
[2024-01-06T02:41:38.936+0000] {processor.py:161} INFO - Started process (PID=42441) to work on /home/airflow/.local/lib/python3.8/site-packages/airflow/example_dags/example_task_group.py
[2024-01-06T02:41:38.939+0000] {processor.py:830} INFO - Processing file /home/airflow/.local/lib/python3.8/site-packages/airflow/example_dags/example_task_group.py for tasks to queue
[2024-01-06T02:41:38.943+0000] {logging_mixin.py:188} INFO - [2024-01-06T02:41:38.942+0000] {dagbag.py:538} INFO - Filling up the DagBag from /home/airflow/.local/lib/python3.8/site-packages/airflow/example_dags/example_task_group.py
[2024-01-06T02:41:38.950+0000] {processor.py:840} INFO - DAG(s) 'example_task_group' retrieved from /home/airflow/.local/lib/python3.8/site-packages/airflow/example_dags/example_task_group.py
[2024-01-06T02:41:38.980+0000] {logging_mixin.py:188} INFO - [2024-01-06T02:41:38.980+0000] {dag.py:3033} INFO - Sync 1 DAGs
[2024-01-06T02:41:39.002+0000] {logging_mixin.py:188} INFO - [2024-01-06T02:41:39.002+0000] {dag.py:3820} INFO - Setting next_dagrun for example_task_group to 2024-01-05T00:00:00+00:00, run_after=2024-01-06T00:00:00+00:00
[2024-01-06T02:41:39.018+0000] {processor.py:183} INFO - Processing /home/airflow/.local/lib/python3.8/site-packages/airflow/example_dags/example_task_group.py took 0.087 seconds
[2024-01-06T02:42:10.052+0000] {processor.py:161} INFO - Started process (PID=42498) to work on /home/airflow/.local/lib/python3.8/site-packages/airflow/example_dags/example_task_group.py
[2024-01-06T02:42:10.053+0000] {processor.py:830} INFO - Processing file /home/airflow/.local/lib/python3.8/site-packages/airflow/example_dags/example_task_group.py for tasks to queue
[2024-01-06T02:42:10.055+0000] {logging_mixin.py:188} INFO - [2024-01-06T02:42:10.055+0000] {dagbag.py:538} INFO - Filling up the DagBag from /home/airflow/.local/lib/python3.8/site-packages/airflow/example_dags/example_task_group.py
[2024-01-06T02:42:10.061+0000] {processor.py:840} INFO - DAG(s) 'example_task_group' retrieved from /home/airflow/.local/lib/python3.8/site-packages/airflow/example_dags/example_task_group.py
[2024-01-06T02:42:10.078+0000] {logging_mixin.py:188} INFO - [2024-01-06T02:42:10.078+0000] {dag.py:3033} INFO - Sync 1 DAGs
[2024-01-06T02:42:10.091+0000] {logging_mixin.py:188} INFO - [2024-01-06T02:42:10.091+0000] {dag.py:3820} INFO - Setting next_dagrun for example_task_group to 2024-01-05T00:00:00+00:00, run_after=2024-01-06T00:00:00+00:00
[2024-01-06T02:42:10.103+0000] {processor.py:183} INFO - Processing /home/airflow/.local/lib/python3.8/site-packages/airflow/example_dags/example_task_group.py took 0.053 seconds
[2024-01-06T02:42:40.230+0000] {processor.py:161} INFO - Started process (PID=42556) to work on /home/airflow/.local/lib/python3.8/site-packages/airflow/example_dags/example_task_group.py
[2024-01-06T02:42:40.232+0000] {processor.py:830} INFO - Processing file /home/airflow/.local/lib/python3.8/site-packages/airflow/example_dags/example_task_group.py for tasks to queue
[2024-01-06T02:42:40.234+0000] {logging_mixin.py:188} INFO - [2024-01-06T02:42:40.234+0000] {dagbag.py:538} INFO - Filling up the DagBag from /home/airflow/.local/lib/python3.8/site-packages/airflow/example_dags/example_task_group.py
[2024-01-06T02:42:40.240+0000] {processor.py:840} INFO - DAG(s) 'example_task_group' retrieved from /home/airflow/.local/lib/python3.8/site-packages/airflow/example_dags/example_task_group.py
[2024-01-06T02:42:40.253+0000] {logging_mixin.py:188} INFO - [2024-01-06T02:42:40.253+0000] {dag.py:3033} INFO - Sync 1 DAGs
[2024-01-06T02:42:40.267+0000] {logging_mixin.py:188} INFO - [2024-01-06T02:42:40.267+0000] {dag.py:3820} INFO - Setting next_dagrun for example_task_group to 2024-01-05T00:00:00+00:00, run_after=2024-01-06T00:00:00+00:00
[2024-01-06T02:42:40.277+0000] {processor.py:183} INFO - Processing /home/airflow/.local/lib/python3.8/site-packages/airflow/example_dags/example_task_group.py took 0.049 seconds
[2024-01-06T02:43:10.635+0000] {processor.py:161} INFO - Started process (PID=42614) to work on /home/airflow/.local/lib/python3.8/site-packages/airflow/example_dags/example_task_group.py
[2024-01-06T02:43:10.637+0000] {processor.py:830} INFO - Processing file /home/airflow/.local/lib/python3.8/site-packages/airflow/example_dags/example_task_group.py for tasks to queue
[2024-01-06T02:43:10.639+0000] {logging_mixin.py:188} INFO - [2024-01-06T02:43:10.638+0000] {dagbag.py:538} INFO - Filling up the DagBag from /home/airflow/.local/lib/python3.8/site-packages/airflow/example_dags/example_task_group.py
[2024-01-06T02:43:10.644+0000] {processor.py:840} INFO - DAG(s) 'example_task_group' retrieved from /home/airflow/.local/lib/python3.8/site-packages/airflow/example_dags/example_task_group.py
[2024-01-06T02:43:10.660+0000] {logging_mixin.py:188} INFO - [2024-01-06T02:43:10.660+0000] {dag.py:3033} INFO - Sync 1 DAGs
[2024-01-06T02:43:10.674+0000] {logging_mixin.py:188} INFO - [2024-01-06T02:43:10.674+0000] {dag.py:3820} INFO - Setting next_dagrun for example_task_group to 2024-01-05T00:00:00+00:00, run_after=2024-01-06T00:00:00+00:00
[2024-01-06T02:43:10.686+0000] {processor.py:183} INFO - Processing /home/airflow/.local/lib/python3.8/site-packages/airflow/example_dags/example_task_group.py took 0.053 seconds
[2024-01-06T02:43:40.843+0000] {processor.py:161} INFO - Started process (PID=42672) to work on /home/airflow/.local/lib/python3.8/site-packages/airflow/example_dags/example_task_group.py
[2024-01-06T02:43:40.844+0000] {processor.py:830} INFO - Processing file /home/airflow/.local/lib/python3.8/site-packages/airflow/example_dags/example_task_group.py for tasks to queue
[2024-01-06T02:43:40.846+0000] {logging_mixin.py:188} INFO - [2024-01-06T02:43:40.846+0000] {dagbag.py:538} INFO - Filling up the DagBag from /home/airflow/.local/lib/python3.8/site-packages/airflow/example_dags/example_task_group.py
[2024-01-06T02:43:40.851+0000] {processor.py:840} INFO - DAG(s) 'example_task_group' retrieved from /home/airflow/.local/lib/python3.8/site-packages/airflow/example_dags/example_task_group.py
[2024-01-06T02:43:40.865+0000] {logging_mixin.py:188} INFO - [2024-01-06T02:43:40.864+0000] {dag.py:3033} INFO - Sync 1 DAGs
[2024-01-06T02:43:40.877+0000] {logging_mixin.py:188} INFO - [2024-01-06T02:43:40.877+0000] {dag.py:3820} INFO - Setting next_dagrun for example_task_group to 2024-01-05T00:00:00+00:00, run_after=2024-01-06T00:00:00+00:00
[2024-01-06T02:43:40.889+0000] {processor.py:183} INFO - Processing /home/airflow/.local/lib/python3.8/site-packages/airflow/example_dags/example_task_group.py took 0.048 seconds
[2024-01-06T02:44:11.042+0000] {processor.py:161} INFO - Started process (PID=42730) to work on /home/airflow/.local/lib/python3.8/site-packages/airflow/example_dags/example_task_group.py
[2024-01-06T02:44:11.044+0000] {processor.py:830} INFO - Processing file /home/airflow/.local/lib/python3.8/site-packages/airflow/example_dags/example_task_group.py for tasks to queue
[2024-01-06T02:44:11.046+0000] {logging_mixin.py:188} INFO - [2024-01-06T02:44:11.046+0000] {dagbag.py:538} INFO - Filling up the DagBag from /home/airflow/.local/lib/python3.8/site-packages/airflow/example_dags/example_task_group.py
[2024-01-06T02:44:11.051+0000] {processor.py:840} INFO - DAG(s) 'example_task_group' retrieved from /home/airflow/.local/lib/python3.8/site-packages/airflow/example_dags/example_task_group.py
[2024-01-06T02:44:11.066+0000] {logging_mixin.py:188} INFO - [2024-01-06T02:44:11.066+0000] {dag.py:3033} INFO - Sync 1 DAGs
[2024-01-06T02:44:11.081+0000] {logging_mixin.py:188} INFO - [2024-01-06T02:44:11.080+0000] {dag.py:3820} INFO - Setting next_dagrun for example_task_group to 2024-01-05T00:00:00+00:00, run_after=2024-01-06T00:00:00+00:00
[2024-01-06T02:44:11.092+0000] {processor.py:183} INFO - Processing /home/airflow/.local/lib/python3.8/site-packages/airflow/example_dags/example_task_group.py took 0.053 seconds
[2024-01-06T02:44:41.317+0000] {processor.py:161} INFO - Started process (PID=42788) to work on /home/airflow/.local/lib/python3.8/site-packages/airflow/example_dags/example_task_group.py
[2024-01-06T02:44:41.319+0000] {processor.py:830} INFO - Processing file /home/airflow/.local/lib/python3.8/site-packages/airflow/example_dags/example_task_group.py for tasks to queue
[2024-01-06T02:44:41.323+0000] {logging_mixin.py:188} INFO - [2024-01-06T02:44:41.322+0000] {dagbag.py:538} INFO - Filling up the DagBag from /home/airflow/.local/lib/python3.8/site-packages/airflow/example_dags/example_task_group.py
[2024-01-06T02:44:41.330+0000] {processor.py:840} INFO - DAG(s) 'example_task_group' retrieved from /home/airflow/.local/lib/python3.8/site-packages/airflow/example_dags/example_task_group.py
[2024-01-06T02:44:41.347+0000] {logging_mixin.py:188} INFO - [2024-01-06T02:44:41.347+0000] {dag.py:3033} INFO - Sync 1 DAGs
[2024-01-06T02:44:41.388+0000] {logging_mixin.py:188} INFO - [2024-01-06T02:44:41.387+0000] {dag.py:3820} INFO - Setting next_dagrun for example_task_group to 2024-01-05T00:00:00+00:00, run_after=2024-01-06T00:00:00+00:00
[2024-01-06T02:44:41.407+0000] {processor.py:183} INFO - Processing /home/airflow/.local/lib/python3.8/site-packages/airflow/example_dags/example_task_group.py took 0.094 seconds
[2024-01-06T02:45:11.602+0000] {processor.py:161} INFO - Started process (PID=42846) to work on /home/airflow/.local/lib/python3.8/site-packages/airflow/example_dags/example_task_group.py
[2024-01-06T02:45:11.604+0000] {processor.py:830} INFO - Processing file /home/airflow/.local/lib/python3.8/site-packages/airflow/example_dags/example_task_group.py for tasks to queue
[2024-01-06T02:45:11.606+0000] {logging_mixin.py:188} INFO - [2024-01-06T02:45:11.606+0000] {dagbag.py:538} INFO - Filling up the DagBag from /home/airflow/.local/lib/python3.8/site-packages/airflow/example_dags/example_task_group.py
[2024-01-06T02:45:11.612+0000] {processor.py:840} INFO - DAG(s) 'example_task_group' retrieved from /home/airflow/.local/lib/python3.8/site-packages/airflow/example_dags/example_task_group.py
[2024-01-06T02:45:11.630+0000] {logging_mixin.py:188} INFO - [2024-01-06T02:45:11.630+0000] {dag.py:3033} INFO - Sync 1 DAGs
[2024-01-06T02:45:11.644+0000] {logging_mixin.py:188} INFO - [2024-01-06T02:45:11.644+0000] {dag.py:3820} INFO - Setting next_dagrun for example_task_group to 2024-01-05T00:00:00+00:00, run_after=2024-01-06T00:00:00+00:00
[2024-01-06T02:45:11.656+0000] {processor.py:183} INFO - Processing /home/airflow/.local/lib/python3.8/site-packages/airflow/example_dags/example_task_group.py took 0.056 seconds
[2024-01-06T02:45:42.052+0000] {processor.py:161} INFO - Started process (PID=42904) to work on /home/airflow/.local/lib/python3.8/site-packages/airflow/example_dags/example_task_group.py
[2024-01-06T02:45:42.054+0000] {processor.py:830} INFO - Processing file /home/airflow/.local/lib/python3.8/site-packages/airflow/example_dags/example_task_group.py for tasks to queue
[2024-01-06T02:45:42.056+0000] {logging_mixin.py:188} INFO - [2024-01-06T02:45:42.055+0000] {dagbag.py:538} INFO - Filling up the DagBag from /home/airflow/.local/lib/python3.8/site-packages/airflow/example_dags/example_task_group.py
[2024-01-06T02:45:42.061+0000] {processor.py:840} INFO - DAG(s) 'example_task_group' retrieved from /home/airflow/.local/lib/python3.8/site-packages/airflow/example_dags/example_task_group.py
[2024-01-06T02:45:42.077+0000] {logging_mixin.py:188} INFO - [2024-01-06T02:45:42.077+0000] {dag.py:3033} INFO - Sync 1 DAGs
[2024-01-06T02:45:42.093+0000] {logging_mixin.py:188} INFO - [2024-01-06T02:45:42.092+0000] {dag.py:3820} INFO - Setting next_dagrun for example_task_group to 2024-01-05T00:00:00+00:00, run_after=2024-01-06T00:00:00+00:00
[2024-01-06T02:45:42.105+0000] {processor.py:183} INFO - Processing /home/airflow/.local/lib/python3.8/site-packages/airflow/example_dags/example_task_group.py took 0.056 seconds
[2024-01-06T02:46:13.082+0000] {processor.py:161} INFO - Started process (PID=42962) to work on /home/airflow/.local/lib/python3.8/site-packages/airflow/example_dags/example_task_group.py
[2024-01-06T02:46:13.084+0000] {processor.py:830} INFO - Processing file /home/airflow/.local/lib/python3.8/site-packages/airflow/example_dags/example_task_group.py for tasks to queue
[2024-01-06T02:46:13.086+0000] {logging_mixin.py:188} INFO - [2024-01-06T02:46:13.086+0000] {dagbag.py:538} INFO - Filling up the DagBag from /home/airflow/.local/lib/python3.8/site-packages/airflow/example_dags/example_task_group.py
[2024-01-06T02:46:13.091+0000] {processor.py:840} INFO - DAG(s) 'example_task_group' retrieved from /home/airflow/.local/lib/python3.8/site-packages/airflow/example_dags/example_task_group.py
[2024-01-06T02:46:13.106+0000] {logging_mixin.py:188} INFO - [2024-01-06T02:46:13.106+0000] {dag.py:3033} INFO - Sync 1 DAGs
[2024-01-06T02:46:13.119+0000] {logging_mixin.py:188} INFO - [2024-01-06T02:46:13.119+0000] {dag.py:3820} INFO - Setting next_dagrun for example_task_group to 2024-01-05T00:00:00+00:00, run_after=2024-01-06T00:00:00+00:00
[2024-01-06T02:46:13.130+0000] {processor.py:183} INFO - Processing /home/airflow/.local/lib/python3.8/site-packages/airflow/example_dags/example_task_group.py took 0.051 seconds
[2024-01-06T02:46:43.548+0000] {processor.py:161} INFO - Started process (PID=43020) to work on /home/airflow/.local/lib/python3.8/site-packages/airflow/example_dags/example_task_group.py
[2024-01-06T02:46:43.550+0000] {processor.py:830} INFO - Processing file /home/airflow/.local/lib/python3.8/site-packages/airflow/example_dags/example_task_group.py for tasks to queue
[2024-01-06T02:46:43.552+0000] {logging_mixin.py:188} INFO - [2024-01-06T02:46:43.552+0000] {dagbag.py:538} INFO - Filling up the DagBag from /home/airflow/.local/lib/python3.8/site-packages/airflow/example_dags/example_task_group.py
[2024-01-06T02:46:43.559+0000] {processor.py:840} INFO - DAG(s) 'example_task_group' retrieved from /home/airflow/.local/lib/python3.8/site-packages/airflow/example_dags/example_task_group.py
[2024-01-06T02:46:43.576+0000] {logging_mixin.py:188} INFO - [2024-01-06T02:46:43.576+0000] {dag.py:3033} INFO - Sync 1 DAGs
[2024-01-06T02:46:43.589+0000] {logging_mixin.py:188} INFO - [2024-01-06T02:46:43.589+0000] {dag.py:3820} INFO - Setting next_dagrun for example_task_group to 2024-01-05T00:00:00+00:00, run_after=2024-01-06T00:00:00+00:00
[2024-01-06T02:46:43.600+0000] {processor.py:183} INFO - Processing /home/airflow/.local/lib/python3.8/site-packages/airflow/example_dags/example_task_group.py took 0.054 seconds
[2024-01-06T02:47:13.898+0000] {processor.py:161} INFO - Started process (PID=43078) to work on /home/airflow/.local/lib/python3.8/site-packages/airflow/example_dags/example_task_group.py
[2024-01-06T02:47:13.899+0000] {processor.py:830} INFO - Processing file /home/airflow/.local/lib/python3.8/site-packages/airflow/example_dags/example_task_group.py for tasks to queue
[2024-01-06T02:47:13.901+0000] {logging_mixin.py:188} INFO - [2024-01-06T02:47:13.901+0000] {dagbag.py:538} INFO - Filling up the DagBag from /home/airflow/.local/lib/python3.8/site-packages/airflow/example_dags/example_task_group.py
[2024-01-06T02:47:13.906+0000] {processor.py:840} INFO - DAG(s) 'example_task_group' retrieved from /home/airflow/.local/lib/python3.8/site-packages/airflow/example_dags/example_task_group.py
[2024-01-06T02:47:13.921+0000] {logging_mixin.py:188} INFO - [2024-01-06T02:47:13.921+0000] {dag.py:3033} INFO - Sync 1 DAGs
[2024-01-06T02:47:13.934+0000] {logging_mixin.py:188} INFO - [2024-01-06T02:47:13.934+0000] {dag.py:3820} INFO - Setting next_dagrun for example_task_group to 2024-01-05T00:00:00+00:00, run_after=2024-01-06T00:00:00+00:00
[2024-01-06T02:47:13.944+0000] {processor.py:183} INFO - Processing /home/airflow/.local/lib/python3.8/site-packages/airflow/example_dags/example_task_group.py took 0.049 seconds
[2024-01-06T02:47:44.400+0000] {processor.py:161} INFO - Started process (PID=43136) to work on /home/airflow/.local/lib/python3.8/site-packages/airflow/example_dags/example_task_group.py
[2024-01-06T02:47:44.402+0000] {processor.py:830} INFO - Processing file /home/airflow/.local/lib/python3.8/site-packages/airflow/example_dags/example_task_group.py for tasks to queue
[2024-01-06T02:47:44.404+0000] {logging_mixin.py:188} INFO - [2024-01-06T02:47:44.404+0000] {dagbag.py:538} INFO - Filling up the DagBag from /home/airflow/.local/lib/python3.8/site-packages/airflow/example_dags/example_task_group.py
[2024-01-06T02:47:44.409+0000] {processor.py:840} INFO - DAG(s) 'example_task_group' retrieved from /home/airflow/.local/lib/python3.8/site-packages/airflow/example_dags/example_task_group.py
[2024-01-06T02:47:44.424+0000] {logging_mixin.py:188} INFO - [2024-01-06T02:47:44.424+0000] {dag.py:3033} INFO - Sync 1 DAGs
[2024-01-06T02:47:44.436+0000] {logging_mixin.py:188} INFO - [2024-01-06T02:47:44.436+0000] {dag.py:3820} INFO - Setting next_dagrun for example_task_group to 2024-01-05T00:00:00+00:00, run_after=2024-01-06T00:00:00+00:00
[2024-01-06T02:47:44.447+0000] {processor.py:183} INFO - Processing /home/airflow/.local/lib/python3.8/site-packages/airflow/example_dags/example_task_group.py took 0.049 seconds
[2024-01-06T02:48:14.891+0000] {processor.py:161} INFO - Started process (PID=43194) to work on /home/airflow/.local/lib/python3.8/site-packages/airflow/example_dags/example_task_group.py
[2024-01-06T02:48:14.893+0000] {processor.py:830} INFO - Processing file /home/airflow/.local/lib/python3.8/site-packages/airflow/example_dags/example_task_group.py for tasks to queue
[2024-01-06T02:48:14.895+0000] {logging_mixin.py:188} INFO - [2024-01-06T02:48:14.895+0000] {dagbag.py:538} INFO - Filling up the DagBag from /home/airflow/.local/lib/python3.8/site-packages/airflow/example_dags/example_task_group.py
[2024-01-06T02:48:14.900+0000] {processor.py:840} INFO - DAG(s) 'example_task_group' retrieved from /home/airflow/.local/lib/python3.8/site-packages/airflow/example_dags/example_task_group.py
[2024-01-06T02:48:14.916+0000] {logging_mixin.py:188} INFO - [2024-01-06T02:48:14.916+0000] {dag.py:3033} INFO - Sync 1 DAGs
[2024-01-06T02:48:14.929+0000] {logging_mixin.py:188} INFO - [2024-01-06T02:48:14.928+0000] {dag.py:3820} INFO - Setting next_dagrun for example_task_group to 2024-01-05T00:00:00+00:00, run_after=2024-01-06T00:00:00+00:00
[2024-01-06T02:48:14.940+0000] {processor.py:183} INFO - Processing /home/airflow/.local/lib/python3.8/site-packages/airflow/example_dags/example_task_group.py took 0.052 seconds
[2024-01-06T02:48:45.898+0000] {processor.py:161} INFO - Started process (PID=43252) to work on /home/airflow/.local/lib/python3.8/site-packages/airflow/example_dags/example_task_group.py
[2024-01-06T02:48:45.899+0000] {processor.py:830} INFO - Processing file /home/airflow/.local/lib/python3.8/site-packages/airflow/example_dags/example_task_group.py for tasks to queue
[2024-01-06T02:48:45.902+0000] {logging_mixin.py:188} INFO - [2024-01-06T02:48:45.901+0000] {dagbag.py:538} INFO - Filling up the DagBag from /home/airflow/.local/lib/python3.8/site-packages/airflow/example_dags/example_task_group.py
[2024-01-06T02:48:45.907+0000] {processor.py:840} INFO - DAG(s) 'example_task_group' retrieved from /home/airflow/.local/lib/python3.8/site-packages/airflow/example_dags/example_task_group.py
[2024-01-06T02:48:45.922+0000] {logging_mixin.py:188} INFO - [2024-01-06T02:48:45.922+0000] {dag.py:3033} INFO - Sync 1 DAGs
[2024-01-06T02:48:45.935+0000] {logging_mixin.py:188} INFO - [2024-01-06T02:48:45.934+0000] {dag.py:3820} INFO - Setting next_dagrun for example_task_group to 2024-01-05T00:00:00+00:00, run_after=2024-01-06T00:00:00+00:00
[2024-01-06T02:48:45.947+0000] {processor.py:183} INFO - Processing /home/airflow/.local/lib/python3.8/site-packages/airflow/example_dags/example_task_group.py took 0.051 seconds
[2024-01-06T02:49:25.679+0000] {processor.py:161} INFO - Started process (PID=43309) to work on /home/airflow/.local/lib/python3.8/site-packages/airflow/example_dags/example_task_group.py
[2024-01-06T02:49:25.682+0000] {processor.py:830} INFO - Processing file /home/airflow/.local/lib/python3.8/site-packages/airflow/example_dags/example_task_group.py for tasks to queue
[2024-01-06T02:49:25.685+0000] {logging_mixin.py:188} INFO - [2024-01-06T02:49:25.685+0000] {dagbag.py:538} INFO - Filling up the DagBag from /home/airflow/.local/lib/python3.8/site-packages/airflow/example_dags/example_task_group.py
[2024-01-06T02:49:25.691+0000] {processor.py:840} INFO - DAG(s) 'example_task_group' retrieved from /home/airflow/.local/lib/python3.8/site-packages/airflow/example_dags/example_task_group.py
[2024-01-06T02:49:25.708+0000] {logging_mixin.py:188} INFO - [2024-01-06T02:49:25.707+0000] {dag.py:3033} INFO - Sync 1 DAGs
[2024-01-06T02:49:25.723+0000] {logging_mixin.py:188} INFO - [2024-01-06T02:49:25.722+0000] {dag.py:3820} INFO - Setting next_dagrun for example_task_group to 2024-01-05T00:00:00+00:00, run_after=2024-01-06T00:00:00+00:00
[2024-01-06T02:49:25.735+0000] {processor.py:183} INFO - Processing /home/airflow/.local/lib/python3.8/site-packages/airflow/example_dags/example_task_group.py took 0.058 seconds
[2024-01-06T02:49:56.975+0000] {processor.py:161} INFO - Started process (PID=43372) to work on /home/airflow/.local/lib/python3.8/site-packages/airflow/example_dags/example_task_group.py
[2024-01-06T02:49:56.976+0000] {processor.py:830} INFO - Processing file /home/airflow/.local/lib/python3.8/site-packages/airflow/example_dags/example_task_group.py for tasks to queue
[2024-01-06T02:49:56.978+0000] {logging_mixin.py:188} INFO - [2024-01-06T02:49:56.978+0000] {dagbag.py:538} INFO - Filling up the DagBag from /home/airflow/.local/lib/python3.8/site-packages/airflow/example_dags/example_task_group.py
[2024-01-06T02:49:56.984+0000] {processor.py:840} INFO - DAG(s) 'example_task_group' retrieved from /home/airflow/.local/lib/python3.8/site-packages/airflow/example_dags/example_task_group.py
[2024-01-06T02:49:57.001+0000] {logging_mixin.py:188} INFO - [2024-01-06T02:49:57.001+0000] {dag.py:3033} INFO - Sync 1 DAGs
[2024-01-06T02:49:57.014+0000] {logging_mixin.py:188} INFO - [2024-01-06T02:49:57.014+0000] {dag.py:3820} INFO - Setting next_dagrun for example_task_group to 2024-01-05T00:00:00+00:00, run_after=2024-01-06T00:00:00+00:00
[2024-01-06T02:49:57.026+0000] {processor.py:183} INFO - Processing /home/airflow/.local/lib/python3.8/site-packages/airflow/example_dags/example_task_group.py took 0.054 seconds
[2024-01-06T02:50:27.818+0000] {processor.py:161} INFO - Started process (PID=43425) to work on /home/airflow/.local/lib/python3.8/site-packages/airflow/example_dags/example_task_group.py
[2024-01-06T02:50:27.819+0000] {processor.py:830} INFO - Processing file /home/airflow/.local/lib/python3.8/site-packages/airflow/example_dags/example_task_group.py for tasks to queue
[2024-01-06T02:50:27.822+0000] {logging_mixin.py:188} INFO - [2024-01-06T02:50:27.821+0000] {dagbag.py:538} INFO - Filling up the DagBag from /home/airflow/.local/lib/python3.8/site-packages/airflow/example_dags/example_task_group.py
[2024-01-06T02:50:27.828+0000] {processor.py:840} INFO - DAG(s) 'example_task_group' retrieved from /home/airflow/.local/lib/python3.8/site-packages/airflow/example_dags/example_task_group.py
[2024-01-06T02:50:27.845+0000] {logging_mixin.py:188} INFO - [2024-01-06T02:50:27.845+0000] {dag.py:3033} INFO - Sync 1 DAGs
[2024-01-06T02:50:27.862+0000] {logging_mixin.py:188} INFO - [2024-01-06T02:50:27.862+0000] {dag.py:3820} INFO - Setting next_dagrun for example_task_group to 2024-01-05T00:00:00+00:00, run_after=2024-01-06T00:00:00+00:00
[2024-01-06T02:50:27.874+0000] {processor.py:183} INFO - Processing /home/airflow/.local/lib/python3.8/site-packages/airflow/example_dags/example_task_group.py took 0.059 seconds
[2024-01-06T02:50:58.082+0000] {processor.py:161} INFO - Started process (PID=43483) to work on /home/airflow/.local/lib/python3.8/site-packages/airflow/example_dags/example_task_group.py
[2024-01-06T02:50:58.083+0000] {processor.py:830} INFO - Processing file /home/airflow/.local/lib/python3.8/site-packages/airflow/example_dags/example_task_group.py for tasks to queue
[2024-01-06T02:50:58.086+0000] {logging_mixin.py:188} INFO - [2024-01-06T02:50:58.086+0000] {dagbag.py:538} INFO - Filling up the DagBag from /home/airflow/.local/lib/python3.8/site-packages/airflow/example_dags/example_task_group.py
[2024-01-06T02:50:58.091+0000] {processor.py:840} INFO - DAG(s) 'example_task_group' retrieved from /home/airflow/.local/lib/python3.8/site-packages/airflow/example_dags/example_task_group.py
[2024-01-06T02:50:58.107+0000] {logging_mixin.py:188} INFO - [2024-01-06T02:50:58.107+0000] {dag.py:3033} INFO - Sync 1 DAGs
[2024-01-06T02:50:58.122+0000] {logging_mixin.py:188} INFO - [2024-01-06T02:50:58.121+0000] {dag.py:3820} INFO - Setting next_dagrun for example_task_group to 2024-01-05T00:00:00+00:00, run_after=2024-01-06T00:00:00+00:00
[2024-01-06T02:50:58.133+0000] {processor.py:183} INFO - Processing /home/airflow/.local/lib/python3.8/site-packages/airflow/example_dags/example_task_group.py took 0.054 seconds
