[2024-01-06T01:20:16.004+0000] {processor.py:161} INFO - Started process (PID=39369) to work on /home/airflow/.local/lib/python3.8/site-packages/airflow/example_dags/example_skip_dag.py
[2024-01-06T01:20:16.005+0000] {processor.py:830} INFO - Processing file /home/airflow/.local/lib/python3.8/site-packages/airflow/example_dags/example_skip_dag.py for tasks to queue
[2024-01-06T01:20:16.007+0000] {logging_mixin.py:188} INFO - [2024-01-06T01:20:16.007+0000] {dagbag.py:538} INFO - Filling up the DagBag from /home/airflow/.local/lib/python3.8/site-packages/airflow/example_dags/example_skip_dag.py
[2024-01-06T01:20:16.013+0000] {processor.py:840} INFO - DAG(s) 'example_skip_dag' retrieved from /home/airflow/.local/lib/python3.8/site-packages/airflow/example_dags/example_skip_dag.py
[2024-01-06T01:20:16.030+0000] {logging_mixin.py:188} INFO - [2024-01-06T01:20:16.030+0000] {dag.py:3033} INFO - Sync 1 DAGs
[2024-01-06T01:20:16.044+0000] {logging_mixin.py:188} INFO - [2024-01-06T01:20:16.043+0000] {dag.py:3820} INFO - Setting next_dagrun for example_skip_dag to 2024-01-05T00:00:00+00:00, run_after=2024-01-06T00:00:00+00:00
[2024-01-06T01:20:16.055+0000] {processor.py:183} INFO - Processing /home/airflow/.local/lib/python3.8/site-packages/airflow/example_dags/example_skip_dag.py took 0.054 seconds
[2024-01-06T01:47:35.175+0000] {processor.py:161} INFO - Started process (PID=39427) to work on /home/airflow/.local/lib/python3.8/site-packages/airflow/example_dags/example_skip_dag.py
[2024-01-06T01:47:35.176+0000] {processor.py:830} INFO - Processing file /home/airflow/.local/lib/python3.8/site-packages/airflow/example_dags/example_skip_dag.py for tasks to queue
[2024-01-06T01:47:35.178+0000] {logging_mixin.py:188} INFO - [2024-01-06T01:47:35.178+0000] {dagbag.py:538} INFO - Filling up the DagBag from /home/airflow/.local/lib/python3.8/site-packages/airflow/example_dags/example_skip_dag.py
[2024-01-06T01:47:35.183+0000] {processor.py:840} INFO - DAG(s) 'example_skip_dag' retrieved from /home/airflow/.local/lib/python3.8/site-packages/airflow/example_dags/example_skip_dag.py
[2024-01-06T01:47:35.199+0000] {logging_mixin.py:188} INFO - [2024-01-06T01:47:35.199+0000] {dag.py:3033} INFO - Sync 1 DAGs
[2024-01-06T01:47:35.214+0000] {logging_mixin.py:188} INFO - [2024-01-06T01:47:35.214+0000] {dag.py:3820} INFO - Setting next_dagrun for example_skip_dag to 2024-01-05T00:00:00+00:00, run_after=2024-01-06T00:00:00+00:00
[2024-01-06T01:47:35.228+0000] {processor.py:183} INFO - Processing /home/airflow/.local/lib/python3.8/site-packages/airflow/example_dags/example_skip_dag.py took 0.056 seconds
[2024-01-06T01:48:05.832+0000] {processor.py:161} INFO - Started process (PID=39485) to work on /home/airflow/.local/lib/python3.8/site-packages/airflow/example_dags/example_skip_dag.py
[2024-01-06T01:48:05.834+0000] {processor.py:830} INFO - Processing file /home/airflow/.local/lib/python3.8/site-packages/airflow/example_dags/example_skip_dag.py for tasks to queue
[2024-01-06T01:48:05.836+0000] {logging_mixin.py:188} INFO - [2024-01-06T01:48:05.836+0000] {dagbag.py:538} INFO - Filling up the DagBag from /home/airflow/.local/lib/python3.8/site-packages/airflow/example_dags/example_skip_dag.py
[2024-01-06T01:48:05.841+0000] {processor.py:840} INFO - DAG(s) 'example_skip_dag' retrieved from /home/airflow/.local/lib/python3.8/site-packages/airflow/example_dags/example_skip_dag.py
[2024-01-06T01:48:05.855+0000] {logging_mixin.py:188} INFO - [2024-01-06T01:48:05.855+0000] {dag.py:3033} INFO - Sync 1 DAGs
[2024-01-06T01:48:05.868+0000] {logging_mixin.py:188} INFO - [2024-01-06T01:48:05.868+0000] {dag.py:3820} INFO - Setting next_dagrun for example_skip_dag to 2024-01-05T00:00:00+00:00, run_after=2024-01-06T00:00:00+00:00
[2024-01-06T01:48:05.880+0000] {processor.py:183} INFO - Processing /home/airflow/.local/lib/python3.8/site-packages/airflow/example_dags/example_skip_dag.py took 0.052 seconds
[2024-01-06T02:05:27.214+0000] {processor.py:161} INFO - Started process (PID=39543) to work on /home/airflow/.local/lib/python3.8/site-packages/airflow/example_dags/example_skip_dag.py
[2024-01-06T02:05:27.216+0000] {processor.py:830} INFO - Processing file /home/airflow/.local/lib/python3.8/site-packages/airflow/example_dags/example_skip_dag.py for tasks to queue
[2024-01-06T02:05:27.218+0000] {logging_mixin.py:188} INFO - [2024-01-06T02:05:27.218+0000] {dagbag.py:538} INFO - Filling up the DagBag from /home/airflow/.local/lib/python3.8/site-packages/airflow/example_dags/example_skip_dag.py
[2024-01-06T02:05:27.223+0000] {processor.py:840} INFO - DAG(s) 'example_skip_dag' retrieved from /home/airflow/.local/lib/python3.8/site-packages/airflow/example_dags/example_skip_dag.py
[2024-01-06T02:05:27.238+0000] {logging_mixin.py:188} INFO - [2024-01-06T02:05:27.238+0000] {dag.py:3033} INFO - Sync 1 DAGs
[2024-01-06T02:05:27.252+0000] {logging_mixin.py:188} INFO - [2024-01-06T02:05:27.252+0000] {dag.py:3820} INFO - Setting next_dagrun for example_skip_dag to 2024-01-05T00:00:00+00:00, run_after=2024-01-06T00:00:00+00:00
[2024-01-06T02:05:27.263+0000] {processor.py:183} INFO - Processing /home/airflow/.local/lib/python3.8/site-packages/airflow/example_dags/example_skip_dag.py took 0.051 seconds
[2024-01-06T02:16:26.833+0000] {processor.py:161} INFO - Started process (PID=39601) to work on /home/airflow/.local/lib/python3.8/site-packages/airflow/example_dags/example_skip_dag.py
[2024-01-06T02:16:26.835+0000] {processor.py:830} INFO - Processing file /home/airflow/.local/lib/python3.8/site-packages/airflow/example_dags/example_skip_dag.py for tasks to queue
[2024-01-06T02:16:26.837+0000] {logging_mixin.py:188} INFO - [2024-01-06T02:16:26.837+0000] {dagbag.py:538} INFO - Filling up the DagBag from /home/airflow/.local/lib/python3.8/site-packages/airflow/example_dags/example_skip_dag.py
[2024-01-06T02:16:26.843+0000] {processor.py:840} INFO - DAG(s) 'example_skip_dag' retrieved from /home/airflow/.local/lib/python3.8/site-packages/airflow/example_dags/example_skip_dag.py
[2024-01-06T02:16:26.858+0000] {logging_mixin.py:188} INFO - [2024-01-06T02:16:26.858+0000] {dag.py:3033} INFO - Sync 1 DAGs
[2024-01-06T02:16:26.871+0000] {logging_mixin.py:188} INFO - [2024-01-06T02:16:26.871+0000] {dag.py:3820} INFO - Setting next_dagrun for example_skip_dag to 2024-01-05T00:00:00+00:00, run_after=2024-01-06T00:00:00+00:00
[2024-01-06T02:16:26.883+0000] {processor.py:183} INFO - Processing /home/airflow/.local/lib/python3.8/site-packages/airflow/example_dags/example_skip_dag.py took 0.052 seconds
[2024-01-06T02:17:06.049+0000] {processor.py:161} INFO - Started process (PID=39659) to work on /home/airflow/.local/lib/python3.8/site-packages/airflow/example_dags/example_skip_dag.py
[2024-01-06T02:17:06.063+0000] {processor.py:830} INFO - Processing file /home/airflow/.local/lib/python3.8/site-packages/airflow/example_dags/example_skip_dag.py for tasks to queue
[2024-01-06T02:17:06.099+0000] {logging_mixin.py:188} INFO - [2024-01-06T02:17:06.097+0000] {dagbag.py:538} INFO - Filling up the DagBag from /home/airflow/.local/lib/python3.8/site-packages/airflow/example_dags/example_skip_dag.py
[2024-01-06T02:17:06.145+0000] {processor.py:840} INFO - DAG(s) 'example_skip_dag' retrieved from /home/airflow/.local/lib/python3.8/site-packages/airflow/example_dags/example_skip_dag.py
[2024-01-06T02:17:06.365+0000] {logging_mixin.py:188} INFO - [2024-01-06T02:17:06.364+0000] {dag.py:3033} INFO - Sync 1 DAGs
[2024-01-06T02:17:06.518+0000] {logging_mixin.py:188} INFO - [2024-01-06T02:17:06.518+0000] {dag.py:3820} INFO - Setting next_dagrun for example_skip_dag to 2024-01-05T00:00:00+00:00, run_after=2024-01-06T00:00:00+00:00
[2024-01-06T02:17:06.646+0000] {processor.py:183} INFO - Processing /home/airflow/.local/lib/python3.8/site-packages/airflow/example_dags/example_skip_dag.py took 0.616 seconds
[2024-01-06T02:17:37.589+0000] {processor.py:161} INFO - Started process (PID=39717) to work on /home/airflow/.local/lib/python3.8/site-packages/airflow/example_dags/example_skip_dag.py
[2024-01-06T02:17:37.592+0000] {processor.py:830} INFO - Processing file /home/airflow/.local/lib/python3.8/site-packages/airflow/example_dags/example_skip_dag.py for tasks to queue
[2024-01-06T02:17:37.596+0000] {logging_mixin.py:188} INFO - [2024-01-06T02:17:37.596+0000] {dagbag.py:538} INFO - Filling up the DagBag from /home/airflow/.local/lib/python3.8/site-packages/airflow/example_dags/example_skip_dag.py
[2024-01-06T02:17:37.606+0000] {processor.py:840} INFO - DAG(s) 'example_skip_dag' retrieved from /home/airflow/.local/lib/python3.8/site-packages/airflow/example_dags/example_skip_dag.py
[2024-01-06T02:17:37.625+0000] {logging_mixin.py:188} INFO - [2024-01-06T02:17:37.625+0000] {dag.py:3033} INFO - Sync 1 DAGs
[2024-01-06T02:17:37.639+0000] {logging_mixin.py:188} INFO - [2024-01-06T02:17:37.639+0000] {dag.py:3820} INFO - Setting next_dagrun for example_skip_dag to 2024-01-05T00:00:00+00:00, run_after=2024-01-06T00:00:00+00:00
[2024-01-06T02:17:37.651+0000] {processor.py:183} INFO - Processing /home/airflow/.local/lib/python3.8/site-packages/airflow/example_dags/example_skip_dag.py took 0.069 seconds
[2024-01-06T02:18:07.913+0000] {processor.py:161} INFO - Started process (PID=39775) to work on /home/airflow/.local/lib/python3.8/site-packages/airflow/example_dags/example_skip_dag.py
[2024-01-06T02:18:07.915+0000] {processor.py:830} INFO - Processing file /home/airflow/.local/lib/python3.8/site-packages/airflow/example_dags/example_skip_dag.py for tasks to queue
[2024-01-06T02:18:07.919+0000] {logging_mixin.py:188} INFO - [2024-01-06T02:18:07.918+0000] {dagbag.py:538} INFO - Filling up the DagBag from /home/airflow/.local/lib/python3.8/site-packages/airflow/example_dags/example_skip_dag.py
[2024-01-06T02:18:07.927+0000] {processor.py:840} INFO - DAG(s) 'example_skip_dag' retrieved from /home/airflow/.local/lib/python3.8/site-packages/airflow/example_dags/example_skip_dag.py
[2024-01-06T02:18:07.946+0000] {logging_mixin.py:188} INFO - [2024-01-06T02:18:07.946+0000] {dag.py:3033} INFO - Sync 1 DAGs
[2024-01-06T02:18:07.959+0000] {logging_mixin.py:188} INFO - [2024-01-06T02:18:07.959+0000] {dag.py:3820} INFO - Setting next_dagrun for example_skip_dag to 2024-01-05T00:00:00+00:00, run_after=2024-01-06T00:00:00+00:00
[2024-01-06T02:18:07.970+0000] {processor.py:183} INFO - Processing /home/airflow/.local/lib/python3.8/site-packages/airflow/example_dags/example_skip_dag.py took 0.062 seconds
[2024-01-06T02:18:38.408+0000] {processor.py:161} INFO - Started process (PID=39833) to work on /home/airflow/.local/lib/python3.8/site-packages/airflow/example_dags/example_skip_dag.py
[2024-01-06T02:18:38.411+0000] {processor.py:830} INFO - Processing file /home/airflow/.local/lib/python3.8/site-packages/airflow/example_dags/example_skip_dag.py for tasks to queue
[2024-01-06T02:18:38.415+0000] {logging_mixin.py:188} INFO - [2024-01-06T02:18:38.415+0000] {dagbag.py:538} INFO - Filling up the DagBag from /home/airflow/.local/lib/python3.8/site-packages/airflow/example_dags/example_skip_dag.py
[2024-01-06T02:18:38.424+0000] {processor.py:840} INFO - DAG(s) 'example_skip_dag' retrieved from /home/airflow/.local/lib/python3.8/site-packages/airflow/example_dags/example_skip_dag.py
[2024-01-06T02:18:38.443+0000] {logging_mixin.py:188} INFO - [2024-01-06T02:18:38.443+0000] {dag.py:3033} INFO - Sync 1 DAGs
[2024-01-06T02:18:38.458+0000] {logging_mixin.py:188} INFO - [2024-01-06T02:18:38.458+0000] {dag.py:3820} INFO - Setting next_dagrun for example_skip_dag to 2024-01-05T00:00:00+00:00, run_after=2024-01-06T00:00:00+00:00
[2024-01-06T02:18:38.470+0000] {processor.py:183} INFO - Processing /home/airflow/.local/lib/python3.8/site-packages/airflow/example_dags/example_skip_dag.py took 0.070 seconds
[2024-01-06T02:19:09.122+0000] {processor.py:161} INFO - Started process (PID=39892) to work on /home/airflow/.local/lib/python3.8/site-packages/airflow/example_dags/example_skip_dag.py
[2024-01-06T02:19:09.125+0000] {processor.py:830} INFO - Processing file /home/airflow/.local/lib/python3.8/site-packages/airflow/example_dags/example_skip_dag.py for tasks to queue
[2024-01-06T02:19:09.128+0000] {logging_mixin.py:188} INFO - [2024-01-06T02:19:09.128+0000] {dagbag.py:538} INFO - Filling up the DagBag from /home/airflow/.local/lib/python3.8/site-packages/airflow/example_dags/example_skip_dag.py
[2024-01-06T02:19:09.137+0000] {processor.py:840} INFO - DAG(s) 'example_skip_dag' retrieved from /home/airflow/.local/lib/python3.8/site-packages/airflow/example_dags/example_skip_dag.py
[2024-01-06T02:19:09.155+0000] {logging_mixin.py:188} INFO - [2024-01-06T02:19:09.155+0000] {dag.py:3033} INFO - Sync 1 DAGs
[2024-01-06T02:19:09.168+0000] {logging_mixin.py:188} INFO - [2024-01-06T02:19:09.168+0000] {dag.py:3820} INFO - Setting next_dagrun for example_skip_dag to 2024-01-05T00:00:00+00:00, run_after=2024-01-06T00:00:00+00:00
[2024-01-06T02:19:09.180+0000] {processor.py:183} INFO - Processing /home/airflow/.local/lib/python3.8/site-packages/airflow/example_dags/example_skip_dag.py took 0.067 seconds
[2024-01-06T02:19:39.399+0000] {processor.py:161} INFO - Started process (PID=39950) to work on /home/airflow/.local/lib/python3.8/site-packages/airflow/example_dags/example_skip_dag.py
[2024-01-06T02:19:39.402+0000] {processor.py:830} INFO - Processing file /home/airflow/.local/lib/python3.8/site-packages/airflow/example_dags/example_skip_dag.py for tasks to queue
[2024-01-06T02:19:39.404+0000] {logging_mixin.py:188} INFO - [2024-01-06T02:19:39.404+0000] {dagbag.py:538} INFO - Filling up the DagBag from /home/airflow/.local/lib/python3.8/site-packages/airflow/example_dags/example_skip_dag.py
[2024-01-06T02:19:39.411+0000] {processor.py:840} INFO - DAG(s) 'example_skip_dag' retrieved from /home/airflow/.local/lib/python3.8/site-packages/airflow/example_dags/example_skip_dag.py
[2024-01-06T02:19:39.430+0000] {logging_mixin.py:188} INFO - [2024-01-06T02:19:39.429+0000] {dag.py:3033} INFO - Sync 1 DAGs
[2024-01-06T02:19:39.449+0000] {logging_mixin.py:188} INFO - [2024-01-06T02:19:39.449+0000] {dag.py:3820} INFO - Setting next_dagrun for example_skip_dag to 2024-01-05T00:00:00+00:00, run_after=2024-01-06T00:00:00+00:00
[2024-01-06T02:19:39.464+0000] {processor.py:183} INFO - Processing /home/airflow/.local/lib/python3.8/site-packages/airflow/example_dags/example_skip_dag.py took 0.072 seconds
[2024-01-06T02:20:10.003+0000] {processor.py:161} INFO - Started process (PID=40008) to work on /home/airflow/.local/lib/python3.8/site-packages/airflow/example_dags/example_skip_dag.py
[2024-01-06T02:20:10.005+0000] {processor.py:830} INFO - Processing file /home/airflow/.local/lib/python3.8/site-packages/airflow/example_dags/example_skip_dag.py for tasks to queue
[2024-01-06T02:20:10.008+0000] {logging_mixin.py:188} INFO - [2024-01-06T02:20:10.008+0000] {dagbag.py:538} INFO - Filling up the DagBag from /home/airflow/.local/lib/python3.8/site-packages/airflow/example_dags/example_skip_dag.py
[2024-01-06T02:20:10.018+0000] {processor.py:840} INFO - DAG(s) 'example_skip_dag' retrieved from /home/airflow/.local/lib/python3.8/site-packages/airflow/example_dags/example_skip_dag.py
[2024-01-06T02:20:10.037+0000] {logging_mixin.py:188} INFO - [2024-01-06T02:20:10.037+0000] {dag.py:3033} INFO - Sync 1 DAGs
[2024-01-06T02:20:10.051+0000] {logging_mixin.py:188} INFO - [2024-01-06T02:20:10.051+0000] {dag.py:3820} INFO - Setting next_dagrun for example_skip_dag to 2024-01-05T00:00:00+00:00, run_after=2024-01-06T00:00:00+00:00
[2024-01-06T02:20:10.065+0000] {processor.py:183} INFO - Processing /home/airflow/.local/lib/python3.8/site-packages/airflow/example_dags/example_skip_dag.py took 0.067 seconds
[2024-01-06T02:20:40.874+0000] {processor.py:161} INFO - Started process (PID=40066) to work on /home/airflow/.local/lib/python3.8/site-packages/airflow/example_dags/example_skip_dag.py
[2024-01-06T02:20:40.881+0000] {processor.py:830} INFO - Processing file /home/airflow/.local/lib/python3.8/site-packages/airflow/example_dags/example_skip_dag.py for tasks to queue
[2024-01-06T02:20:40.886+0000] {logging_mixin.py:188} INFO - [2024-01-06T02:20:40.886+0000] {dagbag.py:538} INFO - Filling up the DagBag from /home/airflow/.local/lib/python3.8/site-packages/airflow/example_dags/example_skip_dag.py
[2024-01-06T02:20:40.896+0000] {processor.py:840} INFO - DAG(s) 'example_skip_dag' retrieved from /home/airflow/.local/lib/python3.8/site-packages/airflow/example_dags/example_skip_dag.py
[2024-01-06T02:20:40.943+0000] {logging_mixin.py:188} INFO - [2024-01-06T02:20:40.943+0000] {dag.py:3033} INFO - Sync 1 DAGs
[2024-01-06T02:20:40.961+0000] {logging_mixin.py:188} INFO - [2024-01-06T02:20:40.961+0000] {dag.py:3820} INFO - Setting next_dagrun for example_skip_dag to 2024-01-05T00:00:00+00:00, run_after=2024-01-06T00:00:00+00:00
[2024-01-06T02:20:40.976+0000] {processor.py:183} INFO - Processing /home/airflow/.local/lib/python3.8/site-packages/airflow/example_dags/example_skip_dag.py took 0.108 seconds
[2024-01-06T02:21:11.616+0000] {processor.py:161} INFO - Started process (PID=40124) to work on /home/airflow/.local/lib/python3.8/site-packages/airflow/example_dags/example_skip_dag.py
[2024-01-06T02:21:11.619+0000] {processor.py:830} INFO - Processing file /home/airflow/.local/lib/python3.8/site-packages/airflow/example_dags/example_skip_dag.py for tasks to queue
[2024-01-06T02:21:11.623+0000] {logging_mixin.py:188} INFO - [2024-01-06T02:21:11.622+0000] {dagbag.py:538} INFO - Filling up the DagBag from /home/airflow/.local/lib/python3.8/site-packages/airflow/example_dags/example_skip_dag.py
[2024-01-06T02:21:11.632+0000] {processor.py:840} INFO - DAG(s) 'example_skip_dag' retrieved from /home/airflow/.local/lib/python3.8/site-packages/airflow/example_dags/example_skip_dag.py
[2024-01-06T02:21:11.659+0000] {logging_mixin.py:188} INFO - [2024-01-06T02:21:11.659+0000] {dag.py:3033} INFO - Sync 1 DAGs
[2024-01-06T02:21:11.679+0000] {logging_mixin.py:188} INFO - [2024-01-06T02:21:11.679+0000] {dag.py:3820} INFO - Setting next_dagrun for example_skip_dag to 2024-01-05T00:00:00+00:00, run_after=2024-01-06T00:00:00+00:00
[2024-01-06T02:21:11.695+0000] {processor.py:183} INFO - Processing /home/airflow/.local/lib/python3.8/site-packages/airflow/example_dags/example_skip_dag.py took 0.085 seconds
[2024-01-06T02:21:42.618+0000] {processor.py:161} INFO - Started process (PID=40182) to work on /home/airflow/.local/lib/python3.8/site-packages/airflow/example_dags/example_skip_dag.py
[2024-01-06T02:21:42.621+0000] {processor.py:830} INFO - Processing file /home/airflow/.local/lib/python3.8/site-packages/airflow/example_dags/example_skip_dag.py for tasks to queue
[2024-01-06T02:21:42.624+0000] {logging_mixin.py:188} INFO - [2024-01-06T02:21:42.624+0000] {dagbag.py:538} INFO - Filling up the DagBag from /home/airflow/.local/lib/python3.8/site-packages/airflow/example_dags/example_skip_dag.py
[2024-01-06T02:21:42.632+0000] {processor.py:840} INFO - DAG(s) 'example_skip_dag' retrieved from /home/airflow/.local/lib/python3.8/site-packages/airflow/example_dags/example_skip_dag.py
[2024-01-06T02:21:42.652+0000] {logging_mixin.py:188} INFO - [2024-01-06T02:21:42.652+0000] {dag.py:3033} INFO - Sync 1 DAGs
[2024-01-06T02:21:42.667+0000] {logging_mixin.py:188} INFO - [2024-01-06T02:21:42.667+0000] {dag.py:3820} INFO - Setting next_dagrun for example_skip_dag to 2024-01-05T00:00:00+00:00, run_after=2024-01-06T00:00:00+00:00
[2024-01-06T02:21:42.679+0000] {processor.py:183} INFO - Processing /home/airflow/.local/lib/python3.8/site-packages/airflow/example_dags/example_skip_dag.py took 0.068 seconds
[2024-01-06T02:22:12.903+0000] {processor.py:161} INFO - Started process (PID=40240) to work on /home/airflow/.local/lib/python3.8/site-packages/airflow/example_dags/example_skip_dag.py
[2024-01-06T02:22:12.905+0000] {processor.py:830} INFO - Processing file /home/airflow/.local/lib/python3.8/site-packages/airflow/example_dags/example_skip_dag.py for tasks to queue
[2024-01-06T02:22:12.909+0000] {logging_mixin.py:188} INFO - [2024-01-06T02:22:12.908+0000] {dagbag.py:538} INFO - Filling up the DagBag from /home/airflow/.local/lib/python3.8/site-packages/airflow/example_dags/example_skip_dag.py
[2024-01-06T02:22:12.920+0000] {processor.py:840} INFO - DAG(s) 'example_skip_dag' retrieved from /home/airflow/.local/lib/python3.8/site-packages/airflow/example_dags/example_skip_dag.py
[2024-01-06T02:22:12.945+0000] {logging_mixin.py:188} INFO - [2024-01-06T02:22:12.945+0000] {dag.py:3033} INFO - Sync 1 DAGs
[2024-01-06T02:22:12.961+0000] {logging_mixin.py:188} INFO - [2024-01-06T02:22:12.961+0000] {dag.py:3820} INFO - Setting next_dagrun for example_skip_dag to 2024-01-05T00:00:00+00:00, run_after=2024-01-06T00:00:00+00:00
[2024-01-06T02:22:12.981+0000] {processor.py:183} INFO - Processing /home/airflow/.local/lib/python3.8/site-packages/airflow/example_dags/example_skip_dag.py took 0.085 seconds
[2024-01-06T02:22:43.738+0000] {processor.py:161} INFO - Started process (PID=40298) to work on /home/airflow/.local/lib/python3.8/site-packages/airflow/example_dags/example_skip_dag.py
[2024-01-06T02:22:43.741+0000] {processor.py:830} INFO - Processing file /home/airflow/.local/lib/python3.8/site-packages/airflow/example_dags/example_skip_dag.py for tasks to queue
[2024-01-06T02:22:43.744+0000] {logging_mixin.py:188} INFO - [2024-01-06T02:22:43.744+0000] {dagbag.py:538} INFO - Filling up the DagBag from /home/airflow/.local/lib/python3.8/site-packages/airflow/example_dags/example_skip_dag.py
[2024-01-06T02:22:43.752+0000] {processor.py:840} INFO - DAG(s) 'example_skip_dag' retrieved from /home/airflow/.local/lib/python3.8/site-packages/airflow/example_dags/example_skip_dag.py
[2024-01-06T02:22:43.772+0000] {logging_mixin.py:188} INFO - [2024-01-06T02:22:43.772+0000] {dag.py:3033} INFO - Sync 1 DAGs
[2024-01-06T02:22:43.788+0000] {logging_mixin.py:188} INFO - [2024-01-06T02:22:43.787+0000] {dag.py:3820} INFO - Setting next_dagrun for example_skip_dag to 2024-01-05T00:00:00+00:00, run_after=2024-01-06T00:00:00+00:00
[2024-01-06T02:22:43.801+0000] {processor.py:183} INFO - Processing /home/airflow/.local/lib/python3.8/site-packages/airflow/example_dags/example_skip_dag.py took 0.070 seconds
[2024-01-06T02:23:14.596+0000] {processor.py:161} INFO - Started process (PID=40356) to work on /home/airflow/.local/lib/python3.8/site-packages/airflow/example_dags/example_skip_dag.py
[2024-01-06T02:23:14.600+0000] {processor.py:830} INFO - Processing file /home/airflow/.local/lib/python3.8/site-packages/airflow/example_dags/example_skip_dag.py for tasks to queue
[2024-01-06T02:23:14.603+0000] {logging_mixin.py:188} INFO - [2024-01-06T02:23:14.603+0000] {dagbag.py:538} INFO - Filling up the DagBag from /home/airflow/.local/lib/python3.8/site-packages/airflow/example_dags/example_skip_dag.py
[2024-01-06T02:23:14.613+0000] {processor.py:840} INFO - DAG(s) 'example_skip_dag' retrieved from /home/airflow/.local/lib/python3.8/site-packages/airflow/example_dags/example_skip_dag.py
[2024-01-06T02:23:14.633+0000] {logging_mixin.py:188} INFO - [2024-01-06T02:23:14.633+0000] {dag.py:3033} INFO - Sync 1 DAGs
[2024-01-06T02:23:14.646+0000] {logging_mixin.py:188} INFO - [2024-01-06T02:23:14.646+0000] {dag.py:3820} INFO - Setting next_dagrun for example_skip_dag to 2024-01-05T00:00:00+00:00, run_after=2024-01-06T00:00:00+00:00
[2024-01-06T02:23:14.671+0000] {processor.py:183} INFO - Processing /home/airflow/.local/lib/python3.8/site-packages/airflow/example_dags/example_skip_dag.py took 0.080 seconds
[2024-01-06T02:23:45.050+0000] {processor.py:161} INFO - Started process (PID=40414) to work on /home/airflow/.local/lib/python3.8/site-packages/airflow/example_dags/example_skip_dag.py
[2024-01-06T02:23:45.053+0000] {processor.py:830} INFO - Processing file /home/airflow/.local/lib/python3.8/site-packages/airflow/example_dags/example_skip_dag.py for tasks to queue
[2024-01-06T02:23:45.055+0000] {logging_mixin.py:188} INFO - [2024-01-06T02:23:45.055+0000] {dagbag.py:538} INFO - Filling up the DagBag from /home/airflow/.local/lib/python3.8/site-packages/airflow/example_dags/example_skip_dag.py
[2024-01-06T02:23:45.062+0000] {processor.py:840} INFO - DAG(s) 'example_skip_dag' retrieved from /home/airflow/.local/lib/python3.8/site-packages/airflow/example_dags/example_skip_dag.py
[2024-01-06T02:23:45.080+0000] {logging_mixin.py:188} INFO - [2024-01-06T02:23:45.080+0000] {dag.py:3033} INFO - Sync 1 DAGs
[2024-01-06T02:23:45.094+0000] {logging_mixin.py:188} INFO - [2024-01-06T02:23:45.094+0000] {dag.py:3820} INFO - Setting next_dagrun for example_skip_dag to 2024-01-05T00:00:00+00:00, run_after=2024-01-06T00:00:00+00:00
[2024-01-06T02:23:45.118+0000] {processor.py:183} INFO - Processing /home/airflow/.local/lib/python3.8/site-packages/airflow/example_dags/example_skip_dag.py took 0.072 seconds
[2024-01-06T02:24:15.445+0000] {processor.py:161} INFO - Started process (PID=40472) to work on /home/airflow/.local/lib/python3.8/site-packages/airflow/example_dags/example_skip_dag.py
[2024-01-06T02:24:15.447+0000] {processor.py:830} INFO - Processing file /home/airflow/.local/lib/python3.8/site-packages/airflow/example_dags/example_skip_dag.py for tasks to queue
[2024-01-06T02:24:15.449+0000] {logging_mixin.py:188} INFO - [2024-01-06T02:24:15.449+0000] {dagbag.py:538} INFO - Filling up the DagBag from /home/airflow/.local/lib/python3.8/site-packages/airflow/example_dags/example_skip_dag.py
[2024-01-06T02:24:15.454+0000] {processor.py:840} INFO - DAG(s) 'example_skip_dag' retrieved from /home/airflow/.local/lib/python3.8/site-packages/airflow/example_dags/example_skip_dag.py
[2024-01-06T02:24:15.471+0000] {logging_mixin.py:188} INFO - [2024-01-06T02:24:15.471+0000] {dag.py:3033} INFO - Sync 1 DAGs
[2024-01-06T02:24:15.487+0000] {logging_mixin.py:188} INFO - [2024-01-06T02:24:15.487+0000] {dag.py:3820} INFO - Setting next_dagrun for example_skip_dag to 2024-01-05T00:00:00+00:00, run_after=2024-01-06T00:00:00+00:00
[2024-01-06T02:24:15.500+0000] {processor.py:183} INFO - Processing /home/airflow/.local/lib/python3.8/site-packages/airflow/example_dags/example_skip_dag.py took 0.057 seconds
[2024-01-06T02:24:45.873+0000] {processor.py:161} INFO - Started process (PID=40530) to work on /home/airflow/.local/lib/python3.8/site-packages/airflow/example_dags/example_skip_dag.py
[2024-01-06T02:24:45.877+0000] {processor.py:830} INFO - Processing file /home/airflow/.local/lib/python3.8/site-packages/airflow/example_dags/example_skip_dag.py for tasks to queue
[2024-01-06T02:24:45.882+0000] {logging_mixin.py:188} INFO - [2024-01-06T02:24:45.882+0000] {dagbag.py:538} INFO - Filling up the DagBag from /home/airflow/.local/lib/python3.8/site-packages/airflow/example_dags/example_skip_dag.py
[2024-01-06T02:24:45.891+0000] {processor.py:840} INFO - DAG(s) 'example_skip_dag' retrieved from /home/airflow/.local/lib/python3.8/site-packages/airflow/example_dags/example_skip_dag.py
[2024-01-06T02:24:45.920+0000] {logging_mixin.py:188} INFO - [2024-01-06T02:24:45.919+0000] {dag.py:3033} INFO - Sync 1 DAGs
[2024-01-06T02:24:45.940+0000] {logging_mixin.py:188} INFO - [2024-01-06T02:24:45.940+0000] {dag.py:3820} INFO - Setting next_dagrun for example_skip_dag to 2024-01-05T00:00:00+00:00, run_after=2024-01-06T00:00:00+00:00
[2024-01-06T02:24:45.958+0000] {processor.py:183} INFO - Processing /home/airflow/.local/lib/python3.8/site-packages/airflow/example_dags/example_skip_dag.py took 0.090 seconds
[2024-01-06T02:25:16.660+0000] {processor.py:161} INFO - Started process (PID=40588) to work on /home/airflow/.local/lib/python3.8/site-packages/airflow/example_dags/example_skip_dag.py
[2024-01-06T02:25:16.663+0000] {processor.py:830} INFO - Processing file /home/airflow/.local/lib/python3.8/site-packages/airflow/example_dags/example_skip_dag.py for tasks to queue
[2024-01-06T02:25:16.667+0000] {logging_mixin.py:188} INFO - [2024-01-06T02:25:16.667+0000] {dagbag.py:538} INFO - Filling up the DagBag from /home/airflow/.local/lib/python3.8/site-packages/airflow/example_dags/example_skip_dag.py
[2024-01-06T02:25:16.688+0000] {processor.py:840} INFO - DAG(s) 'example_skip_dag' retrieved from /home/airflow/.local/lib/python3.8/site-packages/airflow/example_dags/example_skip_dag.py
[2024-01-06T02:25:16.747+0000] {logging_mixin.py:188} INFO - [2024-01-06T02:25:16.747+0000] {dag.py:3033} INFO - Sync 1 DAGs
[2024-01-06T02:25:16.766+0000] {logging_mixin.py:188} INFO - [2024-01-06T02:25:16.766+0000] {dag.py:3820} INFO - Setting next_dagrun for example_skip_dag to 2024-01-05T00:00:00+00:00, run_after=2024-01-06T00:00:00+00:00
[2024-01-06T02:25:16.780+0000] {processor.py:183} INFO - Processing /home/airflow/.local/lib/python3.8/site-packages/airflow/example_dags/example_skip_dag.py took 0.128 seconds
[2024-01-06T02:25:46.872+0000] {processor.py:161} INFO - Started process (PID=40647) to work on /home/airflow/.local/lib/python3.8/site-packages/airflow/example_dags/example_skip_dag.py
[2024-01-06T02:25:46.874+0000] {processor.py:830} INFO - Processing file /home/airflow/.local/lib/python3.8/site-packages/airflow/example_dags/example_skip_dag.py for tasks to queue
[2024-01-06T02:25:46.877+0000] {logging_mixin.py:188} INFO - [2024-01-06T02:25:46.877+0000] {dagbag.py:538} INFO - Filling up the DagBag from /home/airflow/.local/lib/python3.8/site-packages/airflow/example_dags/example_skip_dag.py
[2024-01-06T02:25:46.882+0000] {processor.py:840} INFO - DAG(s) 'example_skip_dag' retrieved from /home/airflow/.local/lib/python3.8/site-packages/airflow/example_dags/example_skip_dag.py
[2024-01-06T02:25:46.899+0000] {logging_mixin.py:188} INFO - [2024-01-06T02:25:46.899+0000] {dag.py:3033} INFO - Sync 1 DAGs
[2024-01-06T02:25:46.914+0000] {logging_mixin.py:188} INFO - [2024-01-06T02:25:46.914+0000] {dag.py:3820} INFO - Setting next_dagrun for example_skip_dag to 2024-01-05T00:00:00+00:00, run_after=2024-01-06T00:00:00+00:00
[2024-01-06T02:25:46.929+0000] {processor.py:183} INFO - Processing /home/airflow/.local/lib/python3.8/site-packages/airflow/example_dags/example_skip_dag.py took 0.059 seconds
[2024-01-06T02:26:17.497+0000] {processor.py:161} INFO - Started process (PID=40704) to work on /home/airflow/.local/lib/python3.8/site-packages/airflow/example_dags/example_skip_dag.py
[2024-01-06T02:26:17.500+0000] {processor.py:830} INFO - Processing file /home/airflow/.local/lib/python3.8/site-packages/airflow/example_dags/example_skip_dag.py for tasks to queue
[2024-01-06T02:26:17.502+0000] {logging_mixin.py:188} INFO - [2024-01-06T02:26:17.502+0000] {dagbag.py:538} INFO - Filling up the DagBag from /home/airflow/.local/lib/python3.8/site-packages/airflow/example_dags/example_skip_dag.py
[2024-01-06T02:26:17.508+0000] {processor.py:840} INFO - DAG(s) 'example_skip_dag' retrieved from /home/airflow/.local/lib/python3.8/site-packages/airflow/example_dags/example_skip_dag.py
[2024-01-06T02:26:17.524+0000] {logging_mixin.py:188} INFO - [2024-01-06T02:26:17.524+0000] {dag.py:3033} INFO - Sync 1 DAGs
[2024-01-06T02:26:17.538+0000] {logging_mixin.py:188} INFO - [2024-01-06T02:26:17.538+0000] {dag.py:3820} INFO - Setting next_dagrun for example_skip_dag to 2024-01-05T00:00:00+00:00, run_after=2024-01-06T00:00:00+00:00
[2024-01-06T02:26:17.552+0000] {processor.py:183} INFO - Processing /home/airflow/.local/lib/python3.8/site-packages/airflow/example_dags/example_skip_dag.py took 0.062 seconds
[2024-01-06T02:26:48.134+0000] {processor.py:161} INFO - Started process (PID=40762) to work on /home/airflow/.local/lib/python3.8/site-packages/airflow/example_dags/example_skip_dag.py
[2024-01-06T02:26:48.137+0000] {processor.py:830} INFO - Processing file /home/airflow/.local/lib/python3.8/site-packages/airflow/example_dags/example_skip_dag.py for tasks to queue
[2024-01-06T02:26:48.140+0000] {logging_mixin.py:188} INFO - [2024-01-06T02:26:48.140+0000] {dagbag.py:538} INFO - Filling up the DagBag from /home/airflow/.local/lib/python3.8/site-packages/airflow/example_dags/example_skip_dag.py
[2024-01-06T02:26:48.149+0000] {processor.py:840} INFO - DAG(s) 'example_skip_dag' retrieved from /home/airflow/.local/lib/python3.8/site-packages/airflow/example_dags/example_skip_dag.py
[2024-01-06T02:26:48.170+0000] {logging_mixin.py:188} INFO - [2024-01-06T02:26:48.170+0000] {dag.py:3033} INFO - Sync 1 DAGs
[2024-01-06T02:26:48.185+0000] {logging_mixin.py:188} INFO - [2024-01-06T02:26:48.185+0000] {dag.py:3820} INFO - Setting next_dagrun for example_skip_dag to 2024-01-05T00:00:00+00:00, run_after=2024-01-06T00:00:00+00:00
[2024-01-06T02:26:48.196+0000] {processor.py:183} INFO - Processing /home/airflow/.local/lib/python3.8/site-packages/airflow/example_dags/example_skip_dag.py took 0.069 seconds
[2024-01-06T02:27:18.256+0000] {processor.py:161} INFO - Started process (PID=40820) to work on /home/airflow/.local/lib/python3.8/site-packages/airflow/example_dags/example_skip_dag.py
[2024-01-06T02:27:18.262+0000] {processor.py:830} INFO - Processing file /home/airflow/.local/lib/python3.8/site-packages/airflow/example_dags/example_skip_dag.py for tasks to queue
[2024-01-06T02:27:18.267+0000] {logging_mixin.py:188} INFO - [2024-01-06T02:27:18.267+0000] {dagbag.py:538} INFO - Filling up the DagBag from /home/airflow/.local/lib/python3.8/site-packages/airflow/example_dags/example_skip_dag.py
[2024-01-06T02:27:18.277+0000] {processor.py:840} INFO - DAG(s) 'example_skip_dag' retrieved from /home/airflow/.local/lib/python3.8/site-packages/airflow/example_dags/example_skip_dag.py
[2024-01-06T02:27:18.299+0000] {logging_mixin.py:188} INFO - [2024-01-06T02:27:18.299+0000] {dag.py:3033} INFO - Sync 1 DAGs
[2024-01-06T02:27:18.314+0000] {logging_mixin.py:188} INFO - [2024-01-06T02:27:18.314+0000] {dag.py:3820} INFO - Setting next_dagrun for example_skip_dag to 2024-01-05T00:00:00+00:00, run_after=2024-01-06T00:00:00+00:00
[2024-01-06T02:27:18.327+0000] {processor.py:183} INFO - Processing /home/airflow/.local/lib/python3.8/site-packages/airflow/example_dags/example_skip_dag.py took 0.078 seconds
[2024-01-06T02:27:48.879+0000] {processor.py:161} INFO - Started process (PID=40878) to work on /home/airflow/.local/lib/python3.8/site-packages/airflow/example_dags/example_skip_dag.py
[2024-01-06T02:27:48.882+0000] {processor.py:830} INFO - Processing file /home/airflow/.local/lib/python3.8/site-packages/airflow/example_dags/example_skip_dag.py for tasks to queue
[2024-01-06T02:27:48.887+0000] {logging_mixin.py:188} INFO - [2024-01-06T02:27:48.887+0000] {dagbag.py:538} INFO - Filling up the DagBag from /home/airflow/.local/lib/python3.8/site-packages/airflow/example_dags/example_skip_dag.py
[2024-01-06T02:27:48.895+0000] {processor.py:840} INFO - DAG(s) 'example_skip_dag' retrieved from /home/airflow/.local/lib/python3.8/site-packages/airflow/example_dags/example_skip_dag.py
[2024-01-06T02:27:48.915+0000] {logging_mixin.py:188} INFO - [2024-01-06T02:27:48.915+0000] {dag.py:3033} INFO - Sync 1 DAGs
[2024-01-06T02:27:48.929+0000] {logging_mixin.py:188} INFO - [2024-01-06T02:27:48.929+0000] {dag.py:3820} INFO - Setting next_dagrun for example_skip_dag to 2024-01-05T00:00:00+00:00, run_after=2024-01-06T00:00:00+00:00
[2024-01-06T02:27:48.941+0000] {processor.py:183} INFO - Processing /home/airflow/.local/lib/python3.8/site-packages/airflow/example_dags/example_skip_dag.py took 0.072 seconds
[2024-01-06T02:28:19.355+0000] {processor.py:161} INFO - Started process (PID=40936) to work on /home/airflow/.local/lib/python3.8/site-packages/airflow/example_dags/example_skip_dag.py
[2024-01-06T02:28:19.357+0000] {processor.py:830} INFO - Processing file /home/airflow/.local/lib/python3.8/site-packages/airflow/example_dags/example_skip_dag.py for tasks to queue
[2024-01-06T02:28:19.363+0000] {logging_mixin.py:188} INFO - [2024-01-06T02:28:19.363+0000] {dagbag.py:538} INFO - Filling up the DagBag from /home/airflow/.local/lib/python3.8/site-packages/airflow/example_dags/example_skip_dag.py
[2024-01-06T02:28:19.372+0000] {processor.py:840} INFO - DAG(s) 'example_skip_dag' retrieved from /home/airflow/.local/lib/python3.8/site-packages/airflow/example_dags/example_skip_dag.py
[2024-01-06T02:28:19.391+0000] {logging_mixin.py:188} INFO - [2024-01-06T02:28:19.391+0000] {dag.py:3033} INFO - Sync 1 DAGs
[2024-01-06T02:28:19.405+0000] {logging_mixin.py:188} INFO - [2024-01-06T02:28:19.405+0000] {dag.py:3820} INFO - Setting next_dagrun for example_skip_dag to 2024-01-05T00:00:00+00:00, run_after=2024-01-06T00:00:00+00:00
[2024-01-06T02:28:19.418+0000] {processor.py:183} INFO - Processing /home/airflow/.local/lib/python3.8/site-packages/airflow/example_dags/example_skip_dag.py took 0.071 seconds
[2024-01-06T02:28:50.021+0000] {processor.py:161} INFO - Started process (PID=40994) to work on /home/airflow/.local/lib/python3.8/site-packages/airflow/example_dags/example_skip_dag.py
[2024-01-06T02:28:50.027+0000] {processor.py:830} INFO - Processing file /home/airflow/.local/lib/python3.8/site-packages/airflow/example_dags/example_skip_dag.py for tasks to queue
[2024-01-06T02:28:50.031+0000] {logging_mixin.py:188} INFO - [2024-01-06T02:28:50.030+0000] {dagbag.py:538} INFO - Filling up the DagBag from /home/airflow/.local/lib/python3.8/site-packages/airflow/example_dags/example_skip_dag.py
[2024-01-06T02:28:50.037+0000] {processor.py:840} INFO - DAG(s) 'example_skip_dag' retrieved from /home/airflow/.local/lib/python3.8/site-packages/airflow/example_dags/example_skip_dag.py
[2024-01-06T02:28:50.055+0000] {logging_mixin.py:188} INFO - [2024-01-06T02:28:50.054+0000] {dag.py:3033} INFO - Sync 1 DAGs
[2024-01-06T02:28:50.074+0000] {logging_mixin.py:188} INFO - [2024-01-06T02:28:50.074+0000] {dag.py:3820} INFO - Setting next_dagrun for example_skip_dag to 2024-01-05T00:00:00+00:00, run_after=2024-01-06T00:00:00+00:00
[2024-01-06T02:28:50.088+0000] {processor.py:183} INFO - Processing /home/airflow/.local/lib/python3.8/site-packages/airflow/example_dags/example_skip_dag.py took 0.073 seconds
[2024-01-06T02:29:20.534+0000] {processor.py:161} INFO - Started process (PID=41058) to work on /home/airflow/.local/lib/python3.8/site-packages/airflow/example_dags/example_skip_dag.py
[2024-01-06T02:29:20.537+0000] {processor.py:830} INFO - Processing file /home/airflow/.local/lib/python3.8/site-packages/airflow/example_dags/example_skip_dag.py for tasks to queue
[2024-01-06T02:29:20.542+0000] {logging_mixin.py:188} INFO - [2024-01-06T02:29:20.542+0000] {dagbag.py:538} INFO - Filling up the DagBag from /home/airflow/.local/lib/python3.8/site-packages/airflow/example_dags/example_skip_dag.py
[2024-01-06T02:29:20.552+0000] {processor.py:840} INFO - DAG(s) 'example_skip_dag' retrieved from /home/airflow/.local/lib/python3.8/site-packages/airflow/example_dags/example_skip_dag.py
[2024-01-06T02:29:20.572+0000] {logging_mixin.py:188} INFO - [2024-01-06T02:29:20.572+0000] {dag.py:3033} INFO - Sync 1 DAGs
[2024-01-06T02:29:20.589+0000] {logging_mixin.py:188} INFO - [2024-01-06T02:29:20.589+0000] {dag.py:3820} INFO - Setting next_dagrun for example_skip_dag to 2024-01-05T00:00:00+00:00, run_after=2024-01-06T00:00:00+00:00
[2024-01-06T02:29:20.601+0000] {processor.py:183} INFO - Processing /home/airflow/.local/lib/python3.8/site-packages/airflow/example_dags/example_skip_dag.py took 0.074 seconds
[2024-01-06T02:29:51.235+0000] {processor.py:161} INFO - Started process (PID=41117) to work on /home/airflow/.local/lib/python3.8/site-packages/airflow/example_dags/example_skip_dag.py
[2024-01-06T02:29:51.237+0000] {processor.py:830} INFO - Processing file /home/airflow/.local/lib/python3.8/site-packages/airflow/example_dags/example_skip_dag.py for tasks to queue
[2024-01-06T02:29:51.241+0000] {logging_mixin.py:188} INFO - [2024-01-06T02:29:51.241+0000] {dagbag.py:538} INFO - Filling up the DagBag from /home/airflow/.local/lib/python3.8/site-packages/airflow/example_dags/example_skip_dag.py
[2024-01-06T02:29:51.253+0000] {processor.py:840} INFO - DAG(s) 'example_skip_dag' retrieved from /home/airflow/.local/lib/python3.8/site-packages/airflow/example_dags/example_skip_dag.py
[2024-01-06T02:29:51.295+0000] {logging_mixin.py:188} INFO - [2024-01-06T02:29:51.295+0000] {dag.py:3033} INFO - Sync 1 DAGs
[2024-01-06T02:29:51.320+0000] {logging_mixin.py:188} INFO - [2024-01-06T02:29:51.319+0000] {dag.py:3820} INFO - Setting next_dagrun for example_skip_dag to 2024-01-05T00:00:00+00:00, run_after=2024-01-06T00:00:00+00:00
[2024-01-06T02:29:51.335+0000] {processor.py:183} INFO - Processing /home/airflow/.local/lib/python3.8/site-packages/airflow/example_dags/example_skip_dag.py took 0.108 seconds
[2024-01-06T02:30:21.904+0000] {processor.py:161} INFO - Started process (PID=41175) to work on /home/airflow/.local/lib/python3.8/site-packages/airflow/example_dags/example_skip_dag.py
[2024-01-06T02:30:21.907+0000] {processor.py:830} INFO - Processing file /home/airflow/.local/lib/python3.8/site-packages/airflow/example_dags/example_skip_dag.py for tasks to queue
[2024-01-06T02:30:21.912+0000] {logging_mixin.py:188} INFO - [2024-01-06T02:30:21.912+0000] {dagbag.py:538} INFO - Filling up the DagBag from /home/airflow/.local/lib/python3.8/site-packages/airflow/example_dags/example_skip_dag.py
[2024-01-06T02:30:21.921+0000] {processor.py:840} INFO - DAG(s) 'example_skip_dag' retrieved from /home/airflow/.local/lib/python3.8/site-packages/airflow/example_dags/example_skip_dag.py
[2024-01-06T02:30:21.941+0000] {logging_mixin.py:188} INFO - [2024-01-06T02:30:21.941+0000] {dag.py:3033} INFO - Sync 1 DAGs
[2024-01-06T02:30:21.958+0000] {logging_mixin.py:188} INFO - [2024-01-06T02:30:21.957+0000] {dag.py:3820} INFO - Setting next_dagrun for example_skip_dag to 2024-01-05T00:00:00+00:00, run_after=2024-01-06T00:00:00+00:00
[2024-01-06T02:30:21.974+0000] {processor.py:183} INFO - Processing /home/airflow/.local/lib/python3.8/site-packages/airflow/example_dags/example_skip_dag.py took 0.078 seconds
[2024-01-06T02:30:52.546+0000] {processor.py:161} INFO - Started process (PID=41233) to work on /home/airflow/.local/lib/python3.8/site-packages/airflow/example_dags/example_skip_dag.py
[2024-01-06T02:30:52.551+0000] {processor.py:830} INFO - Processing file /home/airflow/.local/lib/python3.8/site-packages/airflow/example_dags/example_skip_dag.py for tasks to queue
[2024-01-06T02:30:52.555+0000] {logging_mixin.py:188} INFO - [2024-01-06T02:30:52.555+0000] {dagbag.py:538} INFO - Filling up the DagBag from /home/airflow/.local/lib/python3.8/site-packages/airflow/example_dags/example_skip_dag.py
[2024-01-06T02:30:52.563+0000] {processor.py:840} INFO - DAG(s) 'example_skip_dag' retrieved from /home/airflow/.local/lib/python3.8/site-packages/airflow/example_dags/example_skip_dag.py
[2024-01-06T02:30:52.584+0000] {logging_mixin.py:188} INFO - [2024-01-06T02:30:52.584+0000] {dag.py:3033} INFO - Sync 1 DAGs
[2024-01-06T02:30:52.599+0000] {logging_mixin.py:188} INFO - [2024-01-06T02:30:52.599+0000] {dag.py:3820} INFO - Setting next_dagrun for example_skip_dag to 2024-01-05T00:00:00+00:00, run_after=2024-01-06T00:00:00+00:00
[2024-01-06T02:30:52.612+0000] {processor.py:183} INFO - Processing /home/airflow/.local/lib/python3.8/site-packages/airflow/example_dags/example_skip_dag.py took 0.071 seconds
[2024-01-06T02:31:23.055+0000] {processor.py:161} INFO - Started process (PID=41291) to work on /home/airflow/.local/lib/python3.8/site-packages/airflow/example_dags/example_skip_dag.py
[2024-01-06T02:31:23.058+0000] {processor.py:830} INFO - Processing file /home/airflow/.local/lib/python3.8/site-packages/airflow/example_dags/example_skip_dag.py for tasks to queue
[2024-01-06T02:31:23.061+0000] {logging_mixin.py:188} INFO - [2024-01-06T02:31:23.061+0000] {dagbag.py:538} INFO - Filling up the DagBag from /home/airflow/.local/lib/python3.8/site-packages/airflow/example_dags/example_skip_dag.py
[2024-01-06T02:31:23.068+0000] {processor.py:840} INFO - DAG(s) 'example_skip_dag' retrieved from /home/airflow/.local/lib/python3.8/site-packages/airflow/example_dags/example_skip_dag.py
[2024-01-06T02:31:23.086+0000] {logging_mixin.py:188} INFO - [2024-01-06T02:31:23.086+0000] {dag.py:3033} INFO - Sync 1 DAGs
[2024-01-06T02:31:23.101+0000] {logging_mixin.py:188} INFO - [2024-01-06T02:31:23.101+0000] {dag.py:3820} INFO - Setting next_dagrun for example_skip_dag to 2024-01-05T00:00:00+00:00, run_after=2024-01-06T00:00:00+00:00
[2024-01-06T02:31:23.113+0000] {processor.py:183} INFO - Processing /home/airflow/.local/lib/python3.8/site-packages/airflow/example_dags/example_skip_dag.py took 0.063 seconds
[2024-01-06T02:31:53.493+0000] {processor.py:161} INFO - Started process (PID=41349) to work on /home/airflow/.local/lib/python3.8/site-packages/airflow/example_dags/example_skip_dag.py
[2024-01-06T02:31:53.496+0000] {processor.py:830} INFO - Processing file /home/airflow/.local/lib/python3.8/site-packages/airflow/example_dags/example_skip_dag.py for tasks to queue
[2024-01-06T02:31:53.501+0000] {logging_mixin.py:188} INFO - [2024-01-06T02:31:53.500+0000] {dagbag.py:538} INFO - Filling up the DagBag from /home/airflow/.local/lib/python3.8/site-packages/airflow/example_dags/example_skip_dag.py
[2024-01-06T02:31:53.512+0000] {processor.py:840} INFO - DAG(s) 'example_skip_dag' retrieved from /home/airflow/.local/lib/python3.8/site-packages/airflow/example_dags/example_skip_dag.py
[2024-01-06T02:31:53.536+0000] {logging_mixin.py:188} INFO - [2024-01-06T02:31:53.535+0000] {dag.py:3033} INFO - Sync 1 DAGs
[2024-01-06T02:31:53.551+0000] {logging_mixin.py:188} INFO - [2024-01-06T02:31:53.550+0000] {dag.py:3820} INFO - Setting next_dagrun for example_skip_dag to 2024-01-05T00:00:00+00:00, run_after=2024-01-06T00:00:00+00:00
[2024-01-06T02:31:53.563+0000] {processor.py:183} INFO - Processing /home/airflow/.local/lib/python3.8/site-packages/airflow/example_dags/example_skip_dag.py took 0.078 seconds
[2024-01-06T02:32:23.777+0000] {processor.py:161} INFO - Started process (PID=41407) to work on /home/airflow/.local/lib/python3.8/site-packages/airflow/example_dags/example_skip_dag.py
[2024-01-06T02:32:23.780+0000] {processor.py:830} INFO - Processing file /home/airflow/.local/lib/python3.8/site-packages/airflow/example_dags/example_skip_dag.py for tasks to queue
[2024-01-06T02:32:23.783+0000] {logging_mixin.py:188} INFO - [2024-01-06T02:32:23.783+0000] {dagbag.py:538} INFO - Filling up the DagBag from /home/airflow/.local/lib/python3.8/site-packages/airflow/example_dags/example_skip_dag.py
[2024-01-06T02:32:23.789+0000] {processor.py:840} INFO - DAG(s) 'example_skip_dag' retrieved from /home/airflow/.local/lib/python3.8/site-packages/airflow/example_dags/example_skip_dag.py
[2024-01-06T02:32:23.806+0000] {logging_mixin.py:188} INFO - [2024-01-06T02:32:23.805+0000] {dag.py:3033} INFO - Sync 1 DAGs
[2024-01-06T02:32:23.819+0000] {logging_mixin.py:188} INFO - [2024-01-06T02:32:23.819+0000] {dag.py:3820} INFO - Setting next_dagrun for example_skip_dag to 2024-01-05T00:00:00+00:00, run_after=2024-01-06T00:00:00+00:00
[2024-01-06T02:32:23.831+0000] {processor.py:183} INFO - Processing /home/airflow/.local/lib/python3.8/site-packages/airflow/example_dags/example_skip_dag.py took 0.058 seconds
[2024-01-06T02:32:54.427+0000] {processor.py:161} INFO - Started process (PID=41464) to work on /home/airflow/.local/lib/python3.8/site-packages/airflow/example_dags/example_skip_dag.py
[2024-01-06T02:32:54.430+0000] {processor.py:830} INFO - Processing file /home/airflow/.local/lib/python3.8/site-packages/airflow/example_dags/example_skip_dag.py for tasks to queue
[2024-01-06T02:32:54.434+0000] {logging_mixin.py:188} INFO - [2024-01-06T02:32:54.434+0000] {dagbag.py:538} INFO - Filling up the DagBag from /home/airflow/.local/lib/python3.8/site-packages/airflow/example_dags/example_skip_dag.py
[2024-01-06T02:32:54.442+0000] {processor.py:840} INFO - DAG(s) 'example_skip_dag' retrieved from /home/airflow/.local/lib/python3.8/site-packages/airflow/example_dags/example_skip_dag.py
[2024-01-06T02:32:54.464+0000] {logging_mixin.py:188} INFO - [2024-01-06T02:32:54.463+0000] {dag.py:3033} INFO - Sync 1 DAGs
[2024-01-06T02:32:54.479+0000] {logging_mixin.py:188} INFO - [2024-01-06T02:32:54.479+0000] {dag.py:3820} INFO - Setting next_dagrun for example_skip_dag to 2024-01-05T00:00:00+00:00, run_after=2024-01-06T00:00:00+00:00
[2024-01-06T02:32:54.493+0000] {processor.py:183} INFO - Processing /home/airflow/.local/lib/python3.8/site-packages/airflow/example_dags/example_skip_dag.py took 0.073 seconds
[2024-01-06T02:33:33.945+0000] {processor.py:161} INFO - Started process (PID=41522) to work on /home/airflow/.local/lib/python3.8/site-packages/airflow/example_dags/example_skip_dag.py
[2024-01-06T02:33:33.962+0000] {processor.py:830} INFO - Processing file /home/airflow/.local/lib/python3.8/site-packages/airflow/example_dags/example_skip_dag.py for tasks to queue
[2024-01-06T02:33:33.999+0000] {logging_mixin.py:188} INFO - [2024-01-06T02:33:33.997+0000] {dagbag.py:538} INFO - Filling up the DagBag from /home/airflow/.local/lib/python3.8/site-packages/airflow/example_dags/example_skip_dag.py
[2024-01-06T02:33:34.065+0000] {processor.py:840} INFO - DAG(s) 'example_skip_dag' retrieved from /home/airflow/.local/lib/python3.8/site-packages/airflow/example_dags/example_skip_dag.py
[2024-01-06T02:33:34.465+0000] {logging_mixin.py:188} INFO - [2024-01-06T02:33:34.461+0000] {dag.py:3033} INFO - Sync 1 DAGs
[2024-01-06T02:33:34.677+0000] {logging_mixin.py:188} INFO - [2024-01-06T02:33:34.675+0000] {dag.py:3820} INFO - Setting next_dagrun for example_skip_dag to 2024-01-05T00:00:00+00:00, run_after=2024-01-06T00:00:00+00:00
[2024-01-06T02:33:34.815+0000] {processor.py:183} INFO - Processing /home/airflow/.local/lib/python3.8/site-packages/airflow/example_dags/example_skip_dag.py took 0.897 seconds
[2024-01-06T02:34:05.497+0000] {processor.py:161} INFO - Started process (PID=41580) to work on /home/airflow/.local/lib/python3.8/site-packages/airflow/example_dags/example_skip_dag.py
[2024-01-06T02:34:05.500+0000] {processor.py:830} INFO - Processing file /home/airflow/.local/lib/python3.8/site-packages/airflow/example_dags/example_skip_dag.py for tasks to queue
[2024-01-06T02:34:05.510+0000] {logging_mixin.py:188} INFO - [2024-01-06T02:34:05.509+0000] {dagbag.py:538} INFO - Filling up the DagBag from /home/airflow/.local/lib/python3.8/site-packages/airflow/example_dags/example_skip_dag.py
[2024-01-06T02:34:05.524+0000] {processor.py:840} INFO - DAG(s) 'example_skip_dag' retrieved from /home/airflow/.local/lib/python3.8/site-packages/airflow/example_dags/example_skip_dag.py
[2024-01-06T02:34:05.566+0000] {logging_mixin.py:188} INFO - [2024-01-06T02:34:05.566+0000] {dag.py:3033} INFO - Sync 1 DAGs
[2024-01-06T02:34:05.594+0000] {logging_mixin.py:188} INFO - [2024-01-06T02:34:05.594+0000] {dag.py:3820} INFO - Setting next_dagrun for example_skip_dag to 2024-01-05T00:00:00+00:00, run_after=2024-01-06T00:00:00+00:00
[2024-01-06T02:34:05.621+0000] {processor.py:183} INFO - Processing /home/airflow/.local/lib/python3.8/site-packages/airflow/example_dags/example_skip_dag.py took 0.130 seconds
[2024-01-06T02:34:36.298+0000] {processor.py:161} INFO - Started process (PID=41638) to work on /home/airflow/.local/lib/python3.8/site-packages/airflow/example_dags/example_skip_dag.py
[2024-01-06T02:34:36.300+0000] {processor.py:830} INFO - Processing file /home/airflow/.local/lib/python3.8/site-packages/airflow/example_dags/example_skip_dag.py for tasks to queue
[2024-01-06T02:34:36.302+0000] {logging_mixin.py:188} INFO - [2024-01-06T02:34:36.302+0000] {dagbag.py:538} INFO - Filling up the DagBag from /home/airflow/.local/lib/python3.8/site-packages/airflow/example_dags/example_skip_dag.py
[2024-01-06T02:34:36.308+0000] {processor.py:840} INFO - DAG(s) 'example_skip_dag' retrieved from /home/airflow/.local/lib/python3.8/site-packages/airflow/example_dags/example_skip_dag.py
[2024-01-06T02:34:36.326+0000] {logging_mixin.py:188} INFO - [2024-01-06T02:34:36.326+0000] {dag.py:3033} INFO - Sync 1 DAGs
[2024-01-06T02:34:36.341+0000] {logging_mixin.py:188} INFO - [2024-01-06T02:34:36.341+0000] {dag.py:3820} INFO - Setting next_dagrun for example_skip_dag to 2024-01-05T00:00:00+00:00, run_after=2024-01-06T00:00:00+00:00
[2024-01-06T02:34:36.355+0000] {processor.py:183} INFO - Processing /home/airflow/.local/lib/python3.8/site-packages/airflow/example_dags/example_skip_dag.py took 0.059 seconds
[2024-01-06T02:35:06.589+0000] {processor.py:161} INFO - Started process (PID=41695) to work on /home/airflow/.local/lib/python3.8/site-packages/airflow/example_dags/example_skip_dag.py
[2024-01-06T02:35:06.592+0000] {processor.py:830} INFO - Processing file /home/airflow/.local/lib/python3.8/site-packages/airflow/example_dags/example_skip_dag.py for tasks to queue
[2024-01-06T02:35:06.595+0000] {logging_mixin.py:188} INFO - [2024-01-06T02:35:06.595+0000] {dagbag.py:538} INFO - Filling up the DagBag from /home/airflow/.local/lib/python3.8/site-packages/airflow/example_dags/example_skip_dag.py
[2024-01-06T02:35:06.603+0000] {processor.py:840} INFO - DAG(s) 'example_skip_dag' retrieved from /home/airflow/.local/lib/python3.8/site-packages/airflow/example_dags/example_skip_dag.py
[2024-01-06T02:35:06.621+0000] {logging_mixin.py:188} INFO - [2024-01-06T02:35:06.621+0000] {dag.py:3033} INFO - Sync 1 DAGs
[2024-01-06T02:35:06.634+0000] {logging_mixin.py:188} INFO - [2024-01-06T02:35:06.634+0000] {dag.py:3820} INFO - Setting next_dagrun for example_skip_dag to 2024-01-05T00:00:00+00:00, run_after=2024-01-06T00:00:00+00:00
[2024-01-06T02:35:06.646+0000] {processor.py:183} INFO - Processing /home/airflow/.local/lib/python3.8/site-packages/airflow/example_dags/example_skip_dag.py took 0.061 seconds
[2024-01-06T02:35:36.919+0000] {processor.py:161} INFO - Started process (PID=41753) to work on /home/airflow/.local/lib/python3.8/site-packages/airflow/example_dags/example_skip_dag.py
[2024-01-06T02:35:36.921+0000] {processor.py:830} INFO - Processing file /home/airflow/.local/lib/python3.8/site-packages/airflow/example_dags/example_skip_dag.py for tasks to queue
[2024-01-06T02:35:36.926+0000] {logging_mixin.py:188} INFO - [2024-01-06T02:35:36.926+0000] {dagbag.py:538} INFO - Filling up the DagBag from /home/airflow/.local/lib/python3.8/site-packages/airflow/example_dags/example_skip_dag.py
[2024-01-06T02:35:36.933+0000] {processor.py:840} INFO - DAG(s) 'example_skip_dag' retrieved from /home/airflow/.local/lib/python3.8/site-packages/airflow/example_dags/example_skip_dag.py
[2024-01-06T02:35:36.951+0000] {logging_mixin.py:188} INFO - [2024-01-06T02:35:36.951+0000] {dag.py:3033} INFO - Sync 1 DAGs
[2024-01-06T02:35:36.964+0000] {logging_mixin.py:188} INFO - [2024-01-06T02:35:36.964+0000] {dag.py:3820} INFO - Setting next_dagrun for example_skip_dag to 2024-01-05T00:00:00+00:00, run_after=2024-01-06T00:00:00+00:00
[2024-01-06T02:35:36.975+0000] {processor.py:183} INFO - Processing /home/airflow/.local/lib/python3.8/site-packages/airflow/example_dags/example_skip_dag.py took 0.061 seconds
[2024-01-06T02:36:07.318+0000] {processor.py:161} INFO - Started process (PID=41811) to work on /home/airflow/.local/lib/python3.8/site-packages/airflow/example_dags/example_skip_dag.py
[2024-01-06T02:36:07.320+0000] {processor.py:830} INFO - Processing file /home/airflow/.local/lib/python3.8/site-packages/airflow/example_dags/example_skip_dag.py for tasks to queue
[2024-01-06T02:36:07.323+0000] {logging_mixin.py:188} INFO - [2024-01-06T02:36:07.323+0000] {dagbag.py:538} INFO - Filling up the DagBag from /home/airflow/.local/lib/python3.8/site-packages/airflow/example_dags/example_skip_dag.py
[2024-01-06T02:36:07.330+0000] {processor.py:840} INFO - DAG(s) 'example_skip_dag' retrieved from /home/airflow/.local/lib/python3.8/site-packages/airflow/example_dags/example_skip_dag.py
[2024-01-06T02:36:07.349+0000] {logging_mixin.py:188} INFO - [2024-01-06T02:36:07.349+0000] {dag.py:3033} INFO - Sync 1 DAGs
[2024-01-06T02:36:07.363+0000] {logging_mixin.py:188} INFO - [2024-01-06T02:36:07.363+0000] {dag.py:3820} INFO - Setting next_dagrun for example_skip_dag to 2024-01-05T00:00:00+00:00, run_after=2024-01-06T00:00:00+00:00
[2024-01-06T02:36:07.375+0000] {processor.py:183} INFO - Processing /home/airflow/.local/lib/python3.8/site-packages/airflow/example_dags/example_skip_dag.py took 0.062 seconds
[2024-01-06T02:36:37.689+0000] {processor.py:161} INFO - Started process (PID=41869) to work on /home/airflow/.local/lib/python3.8/site-packages/airflow/example_dags/example_skip_dag.py
[2024-01-06T02:36:37.691+0000] {processor.py:830} INFO - Processing file /home/airflow/.local/lib/python3.8/site-packages/airflow/example_dags/example_skip_dag.py for tasks to queue
[2024-01-06T02:36:37.694+0000] {logging_mixin.py:188} INFO - [2024-01-06T02:36:37.694+0000] {dagbag.py:538} INFO - Filling up the DagBag from /home/airflow/.local/lib/python3.8/site-packages/airflow/example_dags/example_skip_dag.py
[2024-01-06T02:36:37.700+0000] {processor.py:840} INFO - DAG(s) 'example_skip_dag' retrieved from /home/airflow/.local/lib/python3.8/site-packages/airflow/example_dags/example_skip_dag.py
[2024-01-06T02:36:37.717+0000] {logging_mixin.py:188} INFO - [2024-01-06T02:36:37.717+0000] {dag.py:3033} INFO - Sync 1 DAGs
[2024-01-06T02:36:37.730+0000] {logging_mixin.py:188} INFO - [2024-01-06T02:36:37.730+0000] {dag.py:3820} INFO - Setting next_dagrun for example_skip_dag to 2024-01-05T00:00:00+00:00, run_after=2024-01-06T00:00:00+00:00
[2024-01-06T02:36:37.744+0000] {processor.py:183} INFO - Processing /home/airflow/.local/lib/python3.8/site-packages/airflow/example_dags/example_skip_dag.py took 0.060 seconds
[2024-01-06T02:37:08.060+0000] {processor.py:161} INFO - Started process (PID=41927) to work on /home/airflow/.local/lib/python3.8/site-packages/airflow/example_dags/example_skip_dag.py
[2024-01-06T02:37:08.063+0000] {processor.py:830} INFO - Processing file /home/airflow/.local/lib/python3.8/site-packages/airflow/example_dags/example_skip_dag.py for tasks to queue
[2024-01-06T02:37:08.066+0000] {logging_mixin.py:188} INFO - [2024-01-06T02:37:08.065+0000] {dagbag.py:538} INFO - Filling up the DagBag from /home/airflow/.local/lib/python3.8/site-packages/airflow/example_dags/example_skip_dag.py
[2024-01-06T02:37:08.073+0000] {processor.py:840} INFO - DAG(s) 'example_skip_dag' retrieved from /home/airflow/.local/lib/python3.8/site-packages/airflow/example_dags/example_skip_dag.py
[2024-01-06T02:37:08.091+0000] {logging_mixin.py:188} INFO - [2024-01-06T02:37:08.091+0000] {dag.py:3033} INFO - Sync 1 DAGs
[2024-01-06T02:37:08.104+0000] {logging_mixin.py:188} INFO - [2024-01-06T02:37:08.104+0000] {dag.py:3820} INFO - Setting next_dagrun for example_skip_dag to 2024-01-05T00:00:00+00:00, run_after=2024-01-06T00:00:00+00:00
[2024-01-06T02:37:08.117+0000] {processor.py:183} INFO - Processing /home/airflow/.local/lib/python3.8/site-packages/airflow/example_dags/example_skip_dag.py took 0.061 seconds
[2024-01-06T02:37:38.732+0000] {processor.py:161} INFO - Started process (PID=41984) to work on /home/airflow/.local/lib/python3.8/site-packages/airflow/example_dags/example_skip_dag.py
[2024-01-06T02:37:38.734+0000] {processor.py:830} INFO - Processing file /home/airflow/.local/lib/python3.8/site-packages/airflow/example_dags/example_skip_dag.py for tasks to queue
[2024-01-06T02:37:38.737+0000] {logging_mixin.py:188} INFO - [2024-01-06T02:37:38.737+0000] {dagbag.py:538} INFO - Filling up the DagBag from /home/airflow/.local/lib/python3.8/site-packages/airflow/example_dags/example_skip_dag.py
[2024-01-06T02:37:38.744+0000] {processor.py:840} INFO - DAG(s) 'example_skip_dag' retrieved from /home/airflow/.local/lib/python3.8/site-packages/airflow/example_dags/example_skip_dag.py
[2024-01-06T02:37:38.762+0000] {logging_mixin.py:188} INFO - [2024-01-06T02:37:38.762+0000] {dag.py:3033} INFO - Sync 1 DAGs
[2024-01-06T02:37:38.779+0000] {logging_mixin.py:188} INFO - [2024-01-06T02:37:38.779+0000] {dag.py:3820} INFO - Setting next_dagrun for example_skip_dag to 2024-01-05T00:00:00+00:00, run_after=2024-01-06T00:00:00+00:00
[2024-01-06T02:37:38.794+0000] {processor.py:183} INFO - Processing /home/airflow/.local/lib/python3.8/site-packages/airflow/example_dags/example_skip_dag.py took 0.066 seconds
[2024-01-06T02:38:08.937+0000] {processor.py:161} INFO - Started process (PID=42042) to work on /home/airflow/.local/lib/python3.8/site-packages/airflow/example_dags/example_skip_dag.py
[2024-01-06T02:38:08.940+0000] {processor.py:830} INFO - Processing file /home/airflow/.local/lib/python3.8/site-packages/airflow/example_dags/example_skip_dag.py for tasks to queue
[2024-01-06T02:38:08.954+0000] {logging_mixin.py:188} INFO - [2024-01-06T02:38:08.953+0000] {dagbag.py:538} INFO - Filling up the DagBag from /home/airflow/.local/lib/python3.8/site-packages/airflow/example_dags/example_skip_dag.py
[2024-01-06T02:38:08.967+0000] {processor.py:840} INFO - DAG(s) 'example_skip_dag' retrieved from /home/airflow/.local/lib/python3.8/site-packages/airflow/example_dags/example_skip_dag.py
[2024-01-06T02:38:08.990+0000] {logging_mixin.py:188} INFO - [2024-01-06T02:38:08.989+0000] {dag.py:3033} INFO - Sync 1 DAGs
[2024-01-06T02:38:09.010+0000] {logging_mixin.py:188} INFO - [2024-01-06T02:38:09.010+0000] {dag.py:3820} INFO - Setting next_dagrun for example_skip_dag to 2024-01-05T00:00:00+00:00, run_after=2024-01-06T00:00:00+00:00
[2024-01-06T02:38:09.026+0000] {processor.py:183} INFO - Processing /home/airflow/.local/lib/python3.8/site-packages/airflow/example_dags/example_skip_dag.py took 0.108 seconds
[2024-01-06T02:38:39.263+0000] {processor.py:161} INFO - Started process (PID=42100) to work on /home/airflow/.local/lib/python3.8/site-packages/airflow/example_dags/example_skip_dag.py
[2024-01-06T02:38:39.265+0000] {processor.py:830} INFO - Processing file /home/airflow/.local/lib/python3.8/site-packages/airflow/example_dags/example_skip_dag.py for tasks to queue
[2024-01-06T02:38:39.268+0000] {logging_mixin.py:188} INFO - [2024-01-06T02:38:39.267+0000] {dagbag.py:538} INFO - Filling up the DagBag from /home/airflow/.local/lib/python3.8/site-packages/airflow/example_dags/example_skip_dag.py
[2024-01-06T02:38:39.273+0000] {processor.py:840} INFO - DAG(s) 'example_skip_dag' retrieved from /home/airflow/.local/lib/python3.8/site-packages/airflow/example_dags/example_skip_dag.py
[2024-01-06T02:38:39.291+0000] {logging_mixin.py:188} INFO - [2024-01-06T02:38:39.291+0000] {dag.py:3033} INFO - Sync 1 DAGs
[2024-01-06T02:38:39.307+0000] {logging_mixin.py:188} INFO - [2024-01-06T02:38:39.307+0000] {dag.py:3820} INFO - Setting next_dagrun for example_skip_dag to 2024-01-05T00:00:00+00:00, run_after=2024-01-06T00:00:00+00:00
[2024-01-06T02:38:39.323+0000] {processor.py:183} INFO - Processing /home/airflow/.local/lib/python3.8/site-packages/airflow/example_dags/example_skip_dag.py took 0.062 seconds
[2024-01-06T02:39:09.770+0000] {processor.py:161} INFO - Started process (PID=42157) to work on /home/airflow/.local/lib/python3.8/site-packages/airflow/example_dags/example_skip_dag.py
[2024-01-06T02:39:09.773+0000] {processor.py:830} INFO - Processing file /home/airflow/.local/lib/python3.8/site-packages/airflow/example_dags/example_skip_dag.py for tasks to queue
[2024-01-06T02:39:09.776+0000] {logging_mixin.py:188} INFO - [2024-01-06T02:39:09.776+0000] {dagbag.py:538} INFO - Filling up the DagBag from /home/airflow/.local/lib/python3.8/site-packages/airflow/example_dags/example_skip_dag.py
[2024-01-06T02:39:09.784+0000] {processor.py:840} INFO - DAG(s) 'example_skip_dag' retrieved from /home/airflow/.local/lib/python3.8/site-packages/airflow/example_dags/example_skip_dag.py
[2024-01-06T02:39:09.813+0000] {logging_mixin.py:188} INFO - [2024-01-06T02:39:09.813+0000] {dag.py:3033} INFO - Sync 1 DAGs
[2024-01-06T02:39:09.826+0000] {logging_mixin.py:188} INFO - [2024-01-06T02:39:09.826+0000] {dag.py:3820} INFO - Setting next_dagrun for example_skip_dag to 2024-01-05T00:00:00+00:00, run_after=2024-01-06T00:00:00+00:00
[2024-01-06T02:39:09.838+0000] {processor.py:183} INFO - Processing /home/airflow/.local/lib/python3.8/site-packages/airflow/example_dags/example_skip_dag.py took 0.072 seconds
[2024-01-06T02:39:40.272+0000] {processor.py:161} INFO - Started process (PID=42214) to work on /home/airflow/.local/lib/python3.8/site-packages/airflow/example_dags/example_skip_dag.py
[2024-01-06T02:39:40.294+0000] {processor.py:830} INFO - Processing file /home/airflow/.local/lib/python3.8/site-packages/airflow/example_dags/example_skip_dag.py for tasks to queue
[2024-01-06T02:39:40.330+0000] {logging_mixin.py:188} INFO - [2024-01-06T02:39:40.329+0000] {dagbag.py:538} INFO - Filling up the DagBag from /home/airflow/.local/lib/python3.8/site-packages/airflow/example_dags/example_skip_dag.py
[2024-01-06T02:39:40.389+0000] {processor.py:840} INFO - DAG(s) 'example_skip_dag' retrieved from /home/airflow/.local/lib/python3.8/site-packages/airflow/example_dags/example_skip_dag.py
[2024-01-06T02:39:40.438+0000] {logging_mixin.py:188} INFO - [2024-01-06T02:39:40.438+0000] {dag.py:3033} INFO - Sync 1 DAGs
[2024-01-06T02:39:40.493+0000] {logging_mixin.py:188} INFO - [2024-01-06T02:39:40.493+0000] {dag.py:3820} INFO - Setting next_dagrun for example_skip_dag to 2024-01-05T00:00:00+00:00, run_after=2024-01-06T00:00:00+00:00
[2024-01-06T02:39:40.532+0000] {processor.py:183} INFO - Processing /home/airflow/.local/lib/python3.8/site-packages/airflow/example_dags/example_skip_dag.py took 0.285 seconds
[2024-01-06T02:40:10.894+0000] {processor.py:161} INFO - Started process (PID=42271) to work on /home/airflow/.local/lib/python3.8/site-packages/airflow/example_dags/example_skip_dag.py
[2024-01-06T02:40:10.898+0000] {processor.py:830} INFO - Processing file /home/airflow/.local/lib/python3.8/site-packages/airflow/example_dags/example_skip_dag.py for tasks to queue
[2024-01-06T02:40:10.901+0000] {logging_mixin.py:188} INFO - [2024-01-06T02:40:10.901+0000] {dagbag.py:538} INFO - Filling up the DagBag from /home/airflow/.local/lib/python3.8/site-packages/airflow/example_dags/example_skip_dag.py
[2024-01-06T02:40:10.909+0000] {processor.py:840} INFO - DAG(s) 'example_skip_dag' retrieved from /home/airflow/.local/lib/python3.8/site-packages/airflow/example_dags/example_skip_dag.py
[2024-01-06T02:40:10.926+0000] {logging_mixin.py:188} INFO - [2024-01-06T02:40:10.925+0000] {dag.py:3033} INFO - Sync 1 DAGs
[2024-01-06T02:40:10.939+0000] {logging_mixin.py:188} INFO - [2024-01-06T02:40:10.939+0000] {dag.py:3820} INFO - Setting next_dagrun for example_skip_dag to 2024-01-05T00:00:00+00:00, run_after=2024-01-06T00:00:00+00:00
[2024-01-06T02:40:10.951+0000] {processor.py:183} INFO - Processing /home/airflow/.local/lib/python3.8/site-packages/airflow/example_dags/example_skip_dag.py took 0.062 seconds
[2024-01-06T02:40:43.790+0000] {processor.py:161} INFO - Started process (PID=42330) to work on /home/airflow/.local/lib/python3.8/site-packages/airflow/example_dags/example_skip_dag.py
[2024-01-06T02:40:43.792+0000] {processor.py:830} INFO - Processing file /home/airflow/.local/lib/python3.8/site-packages/airflow/example_dags/example_skip_dag.py for tasks to queue
[2024-01-06T02:40:43.797+0000] {logging_mixin.py:188} INFO - [2024-01-06T02:40:43.796+0000] {dagbag.py:538} INFO - Filling up the DagBag from /home/airflow/.local/lib/python3.8/site-packages/airflow/example_dags/example_skip_dag.py
[2024-01-06T02:40:43.804+0000] {processor.py:840} INFO - DAG(s) 'example_skip_dag' retrieved from /home/airflow/.local/lib/python3.8/site-packages/airflow/example_dags/example_skip_dag.py
[2024-01-06T02:40:43.834+0000] {logging_mixin.py:188} INFO - [2024-01-06T02:40:43.833+0000] {dag.py:3033} INFO - Sync 1 DAGs
[2024-01-06T02:40:43.858+0000] {logging_mixin.py:188} INFO - [2024-01-06T02:40:43.858+0000] {dag.py:3820} INFO - Setting next_dagrun for example_skip_dag to 2024-01-05T00:00:00+00:00, run_after=2024-01-06T00:00:00+00:00
[2024-01-06T02:40:43.884+0000] {processor.py:183} INFO - Processing /home/airflow/.local/lib/python3.8/site-packages/airflow/example_dags/example_skip_dag.py took 0.097 seconds
[2024-01-06T02:41:14.395+0000] {processor.py:161} INFO - Started process (PID=42388) to work on /home/airflow/.local/lib/python3.8/site-packages/airflow/example_dags/example_skip_dag.py
[2024-01-06T02:41:14.398+0000] {processor.py:830} INFO - Processing file /home/airflow/.local/lib/python3.8/site-packages/airflow/example_dags/example_skip_dag.py for tasks to queue
[2024-01-06T02:41:14.403+0000] {logging_mixin.py:188} INFO - [2024-01-06T02:41:14.402+0000] {dagbag.py:538} INFO - Filling up the DagBag from /home/airflow/.local/lib/python3.8/site-packages/airflow/example_dags/example_skip_dag.py
[2024-01-06T02:41:14.410+0000] {processor.py:840} INFO - DAG(s) 'example_skip_dag' retrieved from /home/airflow/.local/lib/python3.8/site-packages/airflow/example_dags/example_skip_dag.py
[2024-01-06T02:41:14.432+0000] {logging_mixin.py:188} INFO - [2024-01-06T02:41:14.431+0000] {dag.py:3033} INFO - Sync 1 DAGs
[2024-01-06T02:41:14.455+0000] {logging_mixin.py:188} INFO - [2024-01-06T02:41:14.454+0000] {dag.py:3820} INFO - Setting next_dagrun for example_skip_dag to 2024-01-05T00:00:00+00:00, run_after=2024-01-06T00:00:00+00:00
[2024-01-06T02:41:14.476+0000] {processor.py:183} INFO - Processing /home/airflow/.local/lib/python3.8/site-packages/airflow/example_dags/example_skip_dag.py took 0.085 seconds
[2024-01-06T02:41:45.261+0000] {processor.py:161} INFO - Started process (PID=42446) to work on /home/airflow/.local/lib/python3.8/site-packages/airflow/example_dags/example_skip_dag.py
[2024-01-06T02:41:45.263+0000] {processor.py:830} INFO - Processing file /home/airflow/.local/lib/python3.8/site-packages/airflow/example_dags/example_skip_dag.py for tasks to queue
[2024-01-06T02:41:45.265+0000] {logging_mixin.py:188} INFO - [2024-01-06T02:41:45.265+0000] {dagbag.py:538} INFO - Filling up the DagBag from /home/airflow/.local/lib/python3.8/site-packages/airflow/example_dags/example_skip_dag.py
[2024-01-06T02:41:45.270+0000] {processor.py:840} INFO - DAG(s) 'example_skip_dag' retrieved from /home/airflow/.local/lib/python3.8/site-packages/airflow/example_dags/example_skip_dag.py
[2024-01-06T02:41:45.286+0000] {logging_mixin.py:188} INFO - [2024-01-06T02:41:45.285+0000] {dag.py:3033} INFO - Sync 1 DAGs
[2024-01-06T02:41:45.299+0000] {logging_mixin.py:188} INFO - [2024-01-06T02:41:45.299+0000] {dag.py:3820} INFO - Setting next_dagrun for example_skip_dag to 2024-01-05T00:00:00+00:00, run_after=2024-01-06T00:00:00+00:00
[2024-01-06T02:41:45.310+0000] {processor.py:183} INFO - Processing /home/airflow/.local/lib/python3.8/site-packages/airflow/example_dags/example_skip_dag.py took 0.051 seconds
[2024-01-06T02:42:15.439+0000] {processor.py:161} INFO - Started process (PID=42503) to work on /home/airflow/.local/lib/python3.8/site-packages/airflow/example_dags/example_skip_dag.py
[2024-01-06T02:42:15.441+0000] {processor.py:830} INFO - Processing file /home/airflow/.local/lib/python3.8/site-packages/airflow/example_dags/example_skip_dag.py for tasks to queue
[2024-01-06T02:42:15.443+0000] {logging_mixin.py:188} INFO - [2024-01-06T02:42:15.443+0000] {dagbag.py:538} INFO - Filling up the DagBag from /home/airflow/.local/lib/python3.8/site-packages/airflow/example_dags/example_skip_dag.py
[2024-01-06T02:42:15.448+0000] {processor.py:840} INFO - DAG(s) 'example_skip_dag' retrieved from /home/airflow/.local/lib/python3.8/site-packages/airflow/example_dags/example_skip_dag.py
[2024-01-06T02:42:15.463+0000] {logging_mixin.py:188} INFO - [2024-01-06T02:42:15.463+0000] {dag.py:3033} INFO - Sync 1 DAGs
[2024-01-06T02:42:15.480+0000] {logging_mixin.py:188} INFO - [2024-01-06T02:42:15.480+0000] {dag.py:3820} INFO - Setting next_dagrun for example_skip_dag to 2024-01-05T00:00:00+00:00, run_after=2024-01-06T00:00:00+00:00
[2024-01-06T02:42:15.492+0000] {processor.py:183} INFO - Processing /home/airflow/.local/lib/python3.8/site-packages/airflow/example_dags/example_skip_dag.py took 0.055 seconds
[2024-01-06T02:42:45.579+0000] {processor.py:161} INFO - Started process (PID=42561) to work on /home/airflow/.local/lib/python3.8/site-packages/airflow/example_dags/example_skip_dag.py
[2024-01-06T02:42:45.580+0000] {processor.py:830} INFO - Processing file /home/airflow/.local/lib/python3.8/site-packages/airflow/example_dags/example_skip_dag.py for tasks to queue
[2024-01-06T02:42:45.582+0000] {logging_mixin.py:188} INFO - [2024-01-06T02:42:45.582+0000] {dagbag.py:538} INFO - Filling up the DagBag from /home/airflow/.local/lib/python3.8/site-packages/airflow/example_dags/example_skip_dag.py
[2024-01-06T02:42:45.587+0000] {processor.py:840} INFO - DAG(s) 'example_skip_dag' retrieved from /home/airflow/.local/lib/python3.8/site-packages/airflow/example_dags/example_skip_dag.py
[2024-01-06T02:42:45.602+0000] {logging_mixin.py:188} INFO - [2024-01-06T02:42:45.602+0000] {dag.py:3033} INFO - Sync 1 DAGs
[2024-01-06T02:42:45.615+0000] {logging_mixin.py:188} INFO - [2024-01-06T02:42:45.615+0000] {dag.py:3820} INFO - Setting next_dagrun for example_skip_dag to 2024-01-05T00:00:00+00:00, run_after=2024-01-06T00:00:00+00:00
[2024-01-06T02:42:45.626+0000] {processor.py:183} INFO - Processing /home/airflow/.local/lib/python3.8/site-packages/airflow/example_dags/example_skip_dag.py took 0.051 seconds
[2024-01-06T02:43:15.945+0000] {processor.py:161} INFO - Started process (PID=42619) to work on /home/airflow/.local/lib/python3.8/site-packages/airflow/example_dags/example_skip_dag.py
[2024-01-06T02:43:15.947+0000] {processor.py:830} INFO - Processing file /home/airflow/.local/lib/python3.8/site-packages/airflow/example_dags/example_skip_dag.py for tasks to queue
[2024-01-06T02:43:15.949+0000] {logging_mixin.py:188} INFO - [2024-01-06T02:43:15.948+0000] {dagbag.py:538} INFO - Filling up the DagBag from /home/airflow/.local/lib/python3.8/site-packages/airflow/example_dags/example_skip_dag.py
[2024-01-06T02:43:15.953+0000] {processor.py:840} INFO - DAG(s) 'example_skip_dag' retrieved from /home/airflow/.local/lib/python3.8/site-packages/airflow/example_dags/example_skip_dag.py
[2024-01-06T02:43:15.968+0000] {logging_mixin.py:188} INFO - [2024-01-06T02:43:15.967+0000] {dag.py:3033} INFO - Sync 1 DAGs
[2024-01-06T02:43:15.980+0000] {logging_mixin.py:188} INFO - [2024-01-06T02:43:15.980+0000] {dag.py:3820} INFO - Setting next_dagrun for example_skip_dag to 2024-01-05T00:00:00+00:00, run_after=2024-01-06T00:00:00+00:00
[2024-01-06T02:43:15.991+0000] {processor.py:183} INFO - Processing /home/airflow/.local/lib/python3.8/site-packages/airflow/example_dags/example_skip_dag.py took 0.048 seconds
[2024-01-06T02:43:46.114+0000] {processor.py:161} INFO - Started process (PID=42677) to work on /home/airflow/.local/lib/python3.8/site-packages/airflow/example_dags/example_skip_dag.py
[2024-01-06T02:43:46.116+0000] {processor.py:830} INFO - Processing file /home/airflow/.local/lib/python3.8/site-packages/airflow/example_dags/example_skip_dag.py for tasks to queue
[2024-01-06T02:43:46.119+0000] {logging_mixin.py:188} INFO - [2024-01-06T02:43:46.119+0000] {dagbag.py:538} INFO - Filling up the DagBag from /home/airflow/.local/lib/python3.8/site-packages/airflow/example_dags/example_skip_dag.py
[2024-01-06T02:43:46.124+0000] {processor.py:840} INFO - DAG(s) 'example_skip_dag' retrieved from /home/airflow/.local/lib/python3.8/site-packages/airflow/example_dags/example_skip_dag.py
[2024-01-06T02:43:46.141+0000] {logging_mixin.py:188} INFO - [2024-01-06T02:43:46.141+0000] {dag.py:3033} INFO - Sync 1 DAGs
[2024-01-06T02:43:46.154+0000] {logging_mixin.py:188} INFO - [2024-01-06T02:43:46.154+0000] {dag.py:3820} INFO - Setting next_dagrun for example_skip_dag to 2024-01-05T00:00:00+00:00, run_after=2024-01-06T00:00:00+00:00
[2024-01-06T02:43:46.166+0000] {processor.py:183} INFO - Processing /home/airflow/.local/lib/python3.8/site-packages/airflow/example_dags/example_skip_dag.py took 0.055 seconds
[2024-01-06T02:44:16.381+0000] {processor.py:161} INFO - Started process (PID=42735) to work on /home/airflow/.local/lib/python3.8/site-packages/airflow/example_dags/example_skip_dag.py
[2024-01-06T02:44:16.383+0000] {processor.py:830} INFO - Processing file /home/airflow/.local/lib/python3.8/site-packages/airflow/example_dags/example_skip_dag.py for tasks to queue
[2024-01-06T02:44:16.385+0000] {logging_mixin.py:188} INFO - [2024-01-06T02:44:16.385+0000] {dagbag.py:538} INFO - Filling up the DagBag from /home/airflow/.local/lib/python3.8/site-packages/airflow/example_dags/example_skip_dag.py
[2024-01-06T02:44:16.390+0000] {processor.py:840} INFO - DAG(s) 'example_skip_dag' retrieved from /home/airflow/.local/lib/python3.8/site-packages/airflow/example_dags/example_skip_dag.py
[2024-01-06T02:44:16.407+0000] {logging_mixin.py:188} INFO - [2024-01-06T02:44:16.407+0000] {dag.py:3033} INFO - Sync 1 DAGs
[2024-01-06T02:44:16.421+0000] {logging_mixin.py:188} INFO - [2024-01-06T02:44:16.421+0000] {dag.py:3820} INFO - Setting next_dagrun for example_skip_dag to 2024-01-05T00:00:00+00:00, run_after=2024-01-06T00:00:00+00:00
[2024-01-06T02:44:16.434+0000] {processor.py:183} INFO - Processing /home/airflow/.local/lib/python3.8/site-packages/airflow/example_dags/example_skip_dag.py took 0.056 seconds
[2024-01-06T02:44:46.710+0000] {processor.py:161} INFO - Started process (PID=42793) to work on /home/airflow/.local/lib/python3.8/site-packages/airflow/example_dags/example_skip_dag.py
[2024-01-06T02:44:46.712+0000] {processor.py:830} INFO - Processing file /home/airflow/.local/lib/python3.8/site-packages/airflow/example_dags/example_skip_dag.py for tasks to queue
[2024-01-06T02:44:46.714+0000] {logging_mixin.py:188} INFO - [2024-01-06T02:44:46.714+0000] {dagbag.py:538} INFO - Filling up the DagBag from /home/airflow/.local/lib/python3.8/site-packages/airflow/example_dags/example_skip_dag.py
[2024-01-06T02:44:46.719+0000] {processor.py:840} INFO - DAG(s) 'example_skip_dag' retrieved from /home/airflow/.local/lib/python3.8/site-packages/airflow/example_dags/example_skip_dag.py
[2024-01-06T02:44:46.735+0000] {logging_mixin.py:188} INFO - [2024-01-06T02:44:46.734+0000] {dag.py:3033} INFO - Sync 1 DAGs
[2024-01-06T02:44:46.748+0000] {logging_mixin.py:188} INFO - [2024-01-06T02:44:46.748+0000] {dag.py:3820} INFO - Setting next_dagrun for example_skip_dag to 2024-01-05T00:00:00+00:00, run_after=2024-01-06T00:00:00+00:00
[2024-01-06T02:44:46.759+0000] {processor.py:183} INFO - Processing /home/airflow/.local/lib/python3.8/site-packages/airflow/example_dags/example_skip_dag.py took 0.052 seconds
[2024-01-06T02:45:16.888+0000] {processor.py:161} INFO - Started process (PID=42851) to work on /home/airflow/.local/lib/python3.8/site-packages/airflow/example_dags/example_skip_dag.py
[2024-01-06T02:45:16.890+0000] {processor.py:830} INFO - Processing file /home/airflow/.local/lib/python3.8/site-packages/airflow/example_dags/example_skip_dag.py for tasks to queue
[2024-01-06T02:45:16.892+0000] {logging_mixin.py:188} INFO - [2024-01-06T02:45:16.892+0000] {dagbag.py:538} INFO - Filling up the DagBag from /home/airflow/.local/lib/python3.8/site-packages/airflow/example_dags/example_skip_dag.py
[2024-01-06T02:45:16.898+0000] {processor.py:840} INFO - DAG(s) 'example_skip_dag' retrieved from /home/airflow/.local/lib/python3.8/site-packages/airflow/example_dags/example_skip_dag.py
[2024-01-06T02:45:16.918+0000] {logging_mixin.py:188} INFO - [2024-01-06T02:45:16.917+0000] {dag.py:3033} INFO - Sync 1 DAGs
[2024-01-06T02:45:16.932+0000] {logging_mixin.py:188} INFO - [2024-01-06T02:45:16.931+0000] {dag.py:3820} INFO - Setting next_dagrun for example_skip_dag to 2024-01-05T00:00:00+00:00, run_after=2024-01-06T00:00:00+00:00
[2024-01-06T02:45:16.942+0000] {processor.py:183} INFO - Processing /home/airflow/.local/lib/python3.8/site-packages/airflow/example_dags/example_skip_dag.py took 0.056 seconds
[2024-01-06T02:45:47.250+0000] {processor.py:161} INFO - Started process (PID=42909) to work on /home/airflow/.local/lib/python3.8/site-packages/airflow/example_dags/example_skip_dag.py
[2024-01-06T02:45:47.251+0000] {processor.py:830} INFO - Processing file /home/airflow/.local/lib/python3.8/site-packages/airflow/example_dags/example_skip_dag.py for tasks to queue
[2024-01-06T02:45:47.254+0000] {logging_mixin.py:188} INFO - [2024-01-06T02:45:47.253+0000] {dagbag.py:538} INFO - Filling up the DagBag from /home/airflow/.local/lib/python3.8/site-packages/airflow/example_dags/example_skip_dag.py
[2024-01-06T02:45:47.260+0000] {processor.py:840} INFO - DAG(s) 'example_skip_dag' retrieved from /home/airflow/.local/lib/python3.8/site-packages/airflow/example_dags/example_skip_dag.py
[2024-01-06T02:45:47.276+0000] {logging_mixin.py:188} INFO - [2024-01-06T02:45:47.276+0000] {dag.py:3033} INFO - Sync 1 DAGs
[2024-01-06T02:45:47.290+0000] {logging_mixin.py:188} INFO - [2024-01-06T02:45:47.290+0000] {dag.py:3820} INFO - Setting next_dagrun for example_skip_dag to 2024-01-05T00:00:00+00:00, run_after=2024-01-06T00:00:00+00:00
[2024-01-06T02:45:47.308+0000] {processor.py:183} INFO - Processing /home/airflow/.local/lib/python3.8/site-packages/airflow/example_dags/example_skip_dag.py took 0.060 seconds
[2024-01-06T02:46:18.327+0000] {processor.py:161} INFO - Started process (PID=42967) to work on /home/airflow/.local/lib/python3.8/site-packages/airflow/example_dags/example_skip_dag.py
[2024-01-06T02:46:18.329+0000] {processor.py:830} INFO - Processing file /home/airflow/.local/lib/python3.8/site-packages/airflow/example_dags/example_skip_dag.py for tasks to queue
[2024-01-06T02:46:18.331+0000] {logging_mixin.py:188} INFO - [2024-01-06T02:46:18.331+0000] {dagbag.py:538} INFO - Filling up the DagBag from /home/airflow/.local/lib/python3.8/site-packages/airflow/example_dags/example_skip_dag.py
[2024-01-06T02:46:18.336+0000] {processor.py:840} INFO - DAG(s) 'example_skip_dag' retrieved from /home/airflow/.local/lib/python3.8/site-packages/airflow/example_dags/example_skip_dag.py
[2024-01-06T02:46:18.353+0000] {logging_mixin.py:188} INFO - [2024-01-06T02:46:18.353+0000] {dag.py:3033} INFO - Sync 1 DAGs
[2024-01-06T02:46:18.366+0000] {logging_mixin.py:188} INFO - [2024-01-06T02:46:18.366+0000] {dag.py:3820} INFO - Setting next_dagrun for example_skip_dag to 2024-01-05T00:00:00+00:00, run_after=2024-01-06T00:00:00+00:00
[2024-01-06T02:46:18.378+0000] {processor.py:183} INFO - Processing /home/airflow/.local/lib/python3.8/site-packages/airflow/example_dags/example_skip_dag.py took 0.053 seconds
[2024-01-06T02:46:48.840+0000] {processor.py:161} INFO - Started process (PID=43025) to work on /home/airflow/.local/lib/python3.8/site-packages/airflow/example_dags/example_skip_dag.py
[2024-01-06T02:46:48.842+0000] {processor.py:830} INFO - Processing file /home/airflow/.local/lib/python3.8/site-packages/airflow/example_dags/example_skip_dag.py for tasks to queue
[2024-01-06T02:46:48.844+0000] {logging_mixin.py:188} INFO - [2024-01-06T02:46:48.843+0000] {dagbag.py:538} INFO - Filling up the DagBag from /home/airflow/.local/lib/python3.8/site-packages/airflow/example_dags/example_skip_dag.py
[2024-01-06T02:46:48.848+0000] {processor.py:840} INFO - DAG(s) 'example_skip_dag' retrieved from /home/airflow/.local/lib/python3.8/site-packages/airflow/example_dags/example_skip_dag.py
[2024-01-06T02:46:48.862+0000] {logging_mixin.py:188} INFO - [2024-01-06T02:46:48.862+0000] {dag.py:3033} INFO - Sync 1 DAGs
[2024-01-06T02:46:48.874+0000] {logging_mixin.py:188} INFO - [2024-01-06T02:46:48.874+0000] {dag.py:3820} INFO - Setting next_dagrun for example_skip_dag to 2024-01-05T00:00:00+00:00, run_after=2024-01-06T00:00:00+00:00
[2024-01-06T02:46:48.885+0000] {processor.py:183} INFO - Processing /home/airflow/.local/lib/python3.8/site-packages/airflow/example_dags/example_skip_dag.py took 0.047 seconds
[2024-01-06T02:47:19.184+0000] {processor.py:161} INFO - Started process (PID=43083) to work on /home/airflow/.local/lib/python3.8/site-packages/airflow/example_dags/example_skip_dag.py
[2024-01-06T02:47:19.186+0000] {processor.py:830} INFO - Processing file /home/airflow/.local/lib/python3.8/site-packages/airflow/example_dags/example_skip_dag.py for tasks to queue
[2024-01-06T02:47:19.189+0000] {logging_mixin.py:188} INFO - [2024-01-06T02:47:19.188+0000] {dagbag.py:538} INFO - Filling up the DagBag from /home/airflow/.local/lib/python3.8/site-packages/airflow/example_dags/example_skip_dag.py
[2024-01-06T02:47:19.195+0000] {processor.py:840} INFO - DAG(s) 'example_skip_dag' retrieved from /home/airflow/.local/lib/python3.8/site-packages/airflow/example_dags/example_skip_dag.py
[2024-01-06T02:47:19.211+0000] {logging_mixin.py:188} INFO - [2024-01-06T02:47:19.211+0000] {dag.py:3033} INFO - Sync 1 DAGs
[2024-01-06T02:47:19.225+0000] {logging_mixin.py:188} INFO - [2024-01-06T02:47:19.225+0000] {dag.py:3820} INFO - Setting next_dagrun for example_skip_dag to 2024-01-05T00:00:00+00:00, run_after=2024-01-06T00:00:00+00:00
[2024-01-06T02:47:19.239+0000] {processor.py:183} INFO - Processing /home/airflow/.local/lib/python3.8/site-packages/airflow/example_dags/example_skip_dag.py took 0.057 seconds
[2024-01-06T02:47:49.723+0000] {processor.py:161} INFO - Started process (PID=43141) to work on /home/airflow/.local/lib/python3.8/site-packages/airflow/example_dags/example_skip_dag.py
[2024-01-06T02:47:49.724+0000] {processor.py:830} INFO - Processing file /home/airflow/.local/lib/python3.8/site-packages/airflow/example_dags/example_skip_dag.py for tasks to queue
[2024-01-06T02:47:49.726+0000] {logging_mixin.py:188} INFO - [2024-01-06T02:47:49.726+0000] {dagbag.py:538} INFO - Filling up the DagBag from /home/airflow/.local/lib/python3.8/site-packages/airflow/example_dags/example_skip_dag.py
[2024-01-06T02:47:49.731+0000] {processor.py:840} INFO - DAG(s) 'example_skip_dag' retrieved from /home/airflow/.local/lib/python3.8/site-packages/airflow/example_dags/example_skip_dag.py
[2024-01-06T02:47:49.746+0000] {logging_mixin.py:188} INFO - [2024-01-06T02:47:49.746+0000] {dag.py:3033} INFO - Sync 1 DAGs
[2024-01-06T02:47:49.760+0000] {logging_mixin.py:188} INFO - [2024-01-06T02:47:49.760+0000] {dag.py:3820} INFO - Setting next_dagrun for example_skip_dag to 2024-01-05T00:00:00+00:00, run_after=2024-01-06T00:00:00+00:00
[2024-01-06T02:47:49.770+0000] {processor.py:183} INFO - Processing /home/airflow/.local/lib/python3.8/site-packages/airflow/example_dags/example_skip_dag.py took 0.050 seconds
[2024-01-06T02:48:20.402+0000] {processor.py:161} INFO - Started process (PID=43199) to work on /home/airflow/.local/lib/python3.8/site-packages/airflow/example_dags/example_skip_dag.py
[2024-01-06T02:48:20.404+0000] {processor.py:830} INFO - Processing file /home/airflow/.local/lib/python3.8/site-packages/airflow/example_dags/example_skip_dag.py for tasks to queue
[2024-01-06T02:48:20.407+0000] {logging_mixin.py:188} INFO - [2024-01-06T02:48:20.407+0000] {dagbag.py:538} INFO - Filling up the DagBag from /home/airflow/.local/lib/python3.8/site-packages/airflow/example_dags/example_skip_dag.py
[2024-01-06T02:48:20.414+0000] {processor.py:840} INFO - DAG(s) 'example_skip_dag' retrieved from /home/airflow/.local/lib/python3.8/site-packages/airflow/example_dags/example_skip_dag.py
[2024-01-06T02:48:20.446+0000] {logging_mixin.py:188} INFO - [2024-01-06T02:48:20.446+0000] {dag.py:3033} INFO - Sync 1 DAGs
[2024-01-06T02:48:20.472+0000] {logging_mixin.py:188} INFO - [2024-01-06T02:48:20.472+0000] {dag.py:3820} INFO - Setting next_dagrun for example_skip_dag to 2024-01-05T00:00:00+00:00, run_after=2024-01-06T00:00:00+00:00
[2024-01-06T02:48:20.526+0000] {processor.py:183} INFO - Processing /home/airflow/.local/lib/python3.8/site-packages/airflow/example_dags/example_skip_dag.py took 0.127 seconds
[2024-01-06T02:48:52.575+0000] {processor.py:161} INFO - Started process (PID=43257) to work on /home/airflow/.local/lib/python3.8/site-packages/airflow/example_dags/example_skip_dag.py
[2024-01-06T02:48:52.582+0000] {processor.py:830} INFO - Processing file /home/airflow/.local/lib/python3.8/site-packages/airflow/example_dags/example_skip_dag.py for tasks to queue
[2024-01-06T02:48:52.624+0000] {logging_mixin.py:188} INFO - [2024-01-06T02:48:52.623+0000] {dagbag.py:538} INFO - Filling up the DagBag from /home/airflow/.local/lib/python3.8/site-packages/airflow/example_dags/example_skip_dag.py
[2024-01-06T02:48:52.662+0000] {processor.py:840} INFO - DAG(s) 'example_skip_dag' retrieved from /home/airflow/.local/lib/python3.8/site-packages/airflow/example_dags/example_skip_dag.py
[2024-01-06T02:48:52.756+0000] {logging_mixin.py:188} INFO - [2024-01-06T02:48:52.755+0000] {dag.py:3033} INFO - Sync 1 DAGs
[2024-01-06T02:48:52.851+0000] {logging_mixin.py:188} INFO - [2024-01-06T02:48:52.851+0000] {dag.py:3820} INFO - Setting next_dagrun for example_skip_dag to 2024-01-05T00:00:00+00:00, run_after=2024-01-06T00:00:00+00:00
[2024-01-06T02:48:52.949+0000] {processor.py:183} INFO - Processing /home/airflow/.local/lib/python3.8/site-packages/airflow/example_dags/example_skip_dag.py took 0.390 seconds
[2024-01-06T02:49:25.882+0000] {processor.py:161} INFO - Started process (PID=43314) to work on /home/airflow/.local/lib/python3.8/site-packages/airflow/example_dags/example_skip_dag.py
[2024-01-06T02:49:25.883+0000] {processor.py:830} INFO - Processing file /home/airflow/.local/lib/python3.8/site-packages/airflow/example_dags/example_skip_dag.py for tasks to queue
[2024-01-06T02:49:25.886+0000] {logging_mixin.py:188} INFO - [2024-01-06T02:49:25.886+0000] {dagbag.py:538} INFO - Filling up the DagBag from /home/airflow/.local/lib/python3.8/site-packages/airflow/example_dags/example_skip_dag.py
[2024-01-06T02:49:25.891+0000] {processor.py:840} INFO - DAG(s) 'example_skip_dag' retrieved from /home/airflow/.local/lib/python3.8/site-packages/airflow/example_dags/example_skip_dag.py
[2024-01-06T02:49:25.906+0000] {logging_mixin.py:188} INFO - [2024-01-06T02:49:25.906+0000] {dag.py:3033} INFO - Sync 1 DAGs
[2024-01-06T02:49:25.923+0000] {logging_mixin.py:188} INFO - [2024-01-06T02:49:25.923+0000] {dag.py:3820} INFO - Setting next_dagrun for example_skip_dag to 2024-01-05T00:00:00+00:00, run_after=2024-01-06T00:00:00+00:00
[2024-01-06T02:49:25.951+0000] {processor.py:183} INFO - Processing /home/airflow/.local/lib/python3.8/site-packages/airflow/example_dags/example_skip_dag.py took 0.072 seconds
[2024-01-06T02:49:57.153+0000] {processor.py:161} INFO - Started process (PID=43377) to work on /home/airflow/.local/lib/python3.8/site-packages/airflow/example_dags/example_skip_dag.py
[2024-01-06T02:49:57.156+0000] {processor.py:830} INFO - Processing file /home/airflow/.local/lib/python3.8/site-packages/airflow/example_dags/example_skip_dag.py for tasks to queue
[2024-01-06T02:49:57.164+0000] {logging_mixin.py:188} INFO - [2024-01-06T02:49:57.164+0000] {dagbag.py:538} INFO - Filling up the DagBag from /home/airflow/.local/lib/python3.8/site-packages/airflow/example_dags/example_skip_dag.py
[2024-01-06T02:49:57.170+0000] {processor.py:840} INFO - DAG(s) 'example_skip_dag' retrieved from /home/airflow/.local/lib/python3.8/site-packages/airflow/example_dags/example_skip_dag.py
[2024-01-06T02:49:57.186+0000] {logging_mixin.py:188} INFO - [2024-01-06T02:49:57.186+0000] {dag.py:3033} INFO - Sync 1 DAGs
[2024-01-06T02:49:57.200+0000] {logging_mixin.py:188} INFO - [2024-01-06T02:49:57.200+0000] {dag.py:3820} INFO - Setting next_dagrun for example_skip_dag to 2024-01-05T00:00:00+00:00, run_after=2024-01-06T00:00:00+00:00
[2024-01-06T02:49:57.214+0000] {processor.py:183} INFO - Processing /home/airflow/.local/lib/python3.8/site-packages/airflow/example_dags/example_skip_dag.py took 0.064 seconds
[2024-01-06T02:50:28.287+0000] {processor.py:161} INFO - Started process (PID=43435) to work on /home/airflow/.local/lib/python3.8/site-packages/airflow/example_dags/example_skip_dag.py
[2024-01-06T02:50:28.289+0000] {processor.py:830} INFO - Processing file /home/airflow/.local/lib/python3.8/site-packages/airflow/example_dags/example_skip_dag.py for tasks to queue
[2024-01-06T02:50:28.292+0000] {logging_mixin.py:188} INFO - [2024-01-06T02:50:28.292+0000] {dagbag.py:538} INFO - Filling up the DagBag from /home/airflow/.local/lib/python3.8/site-packages/airflow/example_dags/example_skip_dag.py
[2024-01-06T02:50:28.298+0000] {processor.py:840} INFO - DAG(s) 'example_skip_dag' retrieved from /home/airflow/.local/lib/python3.8/site-packages/airflow/example_dags/example_skip_dag.py
[2024-01-06T02:50:28.315+0000] {logging_mixin.py:188} INFO - [2024-01-06T02:50:28.315+0000] {dag.py:3033} INFO - Sync 1 DAGs
[2024-01-06T02:50:28.335+0000] {logging_mixin.py:188} INFO - [2024-01-06T02:50:28.335+0000] {dag.py:3820} INFO - Setting next_dagrun for example_skip_dag to 2024-01-05T00:00:00+00:00, run_after=2024-01-06T00:00:00+00:00
[2024-01-06T02:50:28.349+0000] {processor.py:183} INFO - Processing /home/airflow/.local/lib/python3.8/site-packages/airflow/example_dags/example_skip_dag.py took 0.065 seconds
[2024-01-06T02:50:58.534+0000] {processor.py:161} INFO - Started process (PID=43493) to work on /home/airflow/.local/lib/python3.8/site-packages/airflow/example_dags/example_skip_dag.py
[2024-01-06T02:50:58.535+0000] {processor.py:830} INFO - Processing file /home/airflow/.local/lib/python3.8/site-packages/airflow/example_dags/example_skip_dag.py for tasks to queue
[2024-01-06T02:50:58.537+0000] {logging_mixin.py:188} INFO - [2024-01-06T02:50:58.537+0000] {dagbag.py:538} INFO - Filling up the DagBag from /home/airflow/.local/lib/python3.8/site-packages/airflow/example_dags/example_skip_dag.py
[2024-01-06T02:50:58.542+0000] {processor.py:840} INFO - DAG(s) 'example_skip_dag' retrieved from /home/airflow/.local/lib/python3.8/site-packages/airflow/example_dags/example_skip_dag.py
[2024-01-06T02:50:58.555+0000] {logging_mixin.py:188} INFO - [2024-01-06T02:50:58.555+0000] {dag.py:3033} INFO - Sync 1 DAGs
[2024-01-06T02:50:58.568+0000] {logging_mixin.py:188} INFO - [2024-01-06T02:50:58.568+0000] {dag.py:3820} INFO - Setting next_dagrun for example_skip_dag to 2024-01-05T00:00:00+00:00, run_after=2024-01-06T00:00:00+00:00
[2024-01-06T02:50:58.579+0000] {processor.py:183} INFO - Processing /home/airflow/.local/lib/python3.8/site-packages/airflow/example_dags/example_skip_dag.py took 0.047 seconds
