[2024-01-06T01:20:16.642+0000] {processor.py:161} INFO - Started process (PID=39383) to work on /home/airflow/.local/lib/python3.8/site-packages/airflow/example_dags/example_latest_only_with_trigger.py
[2024-01-06T01:20:16.643+0000] {processor.py:830} INFO - Processing file /home/airflow/.local/lib/python3.8/site-packages/airflow/example_dags/example_latest_only_with_trigger.py for tasks to queue
[2024-01-06T01:20:16.645+0000] {logging_mixin.py:188} INFO - [2024-01-06T01:20:16.645+0000] {dagbag.py:538} INFO - Filling up the DagBag from /home/airflow/.local/lib/python3.8/site-packages/airflow/example_dags/example_latest_only_with_trigger.py
[2024-01-06T01:20:16.649+0000] {processor.py:840} INFO - DAG(s) 'latest_only_with_trigger' retrieved from /home/airflow/.local/lib/python3.8/site-packages/airflow/example_dags/example_latest_only_with_trigger.py
[2024-01-06T01:20:16.664+0000] {logging_mixin.py:188} INFO - [2024-01-06T01:20:16.664+0000] {dag.py:3033} INFO - Sync 1 DAGs
[2024-01-06T01:20:16.677+0000] {logging_mixin.py:188} INFO - [2024-01-06T01:20:16.677+0000] {dag.py:3820} INFO - Setting next_dagrun for latest_only_with_trigger to 2024-01-05T20:00:00+00:00, run_after=2024-01-06T00:00:00+00:00
[2024-01-06T01:20:16.687+0000] {processor.py:183} INFO - Processing /home/airflow/.local/lib/python3.8/site-packages/airflow/example_dags/example_latest_only_with_trigger.py took 0.048 seconds
[2024-01-06T01:47:35.726+0000] {processor.py:161} INFO - Started process (PID=39441) to work on /home/airflow/.local/lib/python3.8/site-packages/airflow/example_dags/example_latest_only_with_trigger.py
[2024-01-06T01:47:35.727+0000] {processor.py:830} INFO - Processing file /home/airflow/.local/lib/python3.8/site-packages/airflow/example_dags/example_latest_only_with_trigger.py for tasks to queue
[2024-01-06T01:47:35.729+0000] {logging_mixin.py:188} INFO - [2024-01-06T01:47:35.729+0000] {dagbag.py:538} INFO - Filling up the DagBag from /home/airflow/.local/lib/python3.8/site-packages/airflow/example_dags/example_latest_only_with_trigger.py
[2024-01-06T01:47:35.734+0000] {processor.py:840} INFO - DAG(s) 'latest_only_with_trigger' retrieved from /home/airflow/.local/lib/python3.8/site-packages/airflow/example_dags/example_latest_only_with_trigger.py
[2024-01-06T01:47:35.751+0000] {logging_mixin.py:188} INFO - [2024-01-06T01:47:35.751+0000] {dag.py:3033} INFO - Sync 1 DAGs
[2024-01-06T01:47:35.766+0000] {logging_mixin.py:188} INFO - [2024-01-06T01:47:35.765+0000] {dag.py:3820} INFO - Setting next_dagrun for latest_only_with_trigger to 2024-01-05T20:00:00+00:00, run_after=2024-01-06T00:00:00+00:00
[2024-01-06T01:47:35.779+0000] {processor.py:183} INFO - Processing /home/airflow/.local/lib/python3.8/site-packages/airflow/example_dags/example_latest_only_with_trigger.py took 0.056 seconds
[2024-01-06T01:48:06.435+0000] {processor.py:161} INFO - Started process (PID=39499) to work on /home/airflow/.local/lib/python3.8/site-packages/airflow/example_dags/example_latest_only_with_trigger.py
[2024-01-06T01:48:06.438+0000] {processor.py:830} INFO - Processing file /home/airflow/.local/lib/python3.8/site-packages/airflow/example_dags/example_latest_only_with_trigger.py for tasks to queue
[2024-01-06T01:48:06.441+0000] {logging_mixin.py:188} INFO - [2024-01-06T01:48:06.441+0000] {dagbag.py:538} INFO - Filling up the DagBag from /home/airflow/.local/lib/python3.8/site-packages/airflow/example_dags/example_latest_only_with_trigger.py
[2024-01-06T01:48:06.446+0000] {processor.py:840} INFO - DAG(s) 'latest_only_with_trigger' retrieved from /home/airflow/.local/lib/python3.8/site-packages/airflow/example_dags/example_latest_only_with_trigger.py
[2024-01-06T01:48:06.461+0000] {logging_mixin.py:188} INFO - [2024-01-06T01:48:06.461+0000] {dag.py:3033} INFO - Sync 1 DAGs
[2024-01-06T01:48:06.478+0000] {logging_mixin.py:188} INFO - [2024-01-06T01:48:06.478+0000] {dag.py:3820} INFO - Setting next_dagrun for latest_only_with_trigger to 2024-01-05T20:00:00+00:00, run_after=2024-01-06T00:00:00+00:00
[2024-01-06T01:48:06.490+0000] {processor.py:183} INFO - Processing /home/airflow/.local/lib/python3.8/site-packages/airflow/example_dags/example_latest_only_with_trigger.py took 0.058 seconds
[2024-01-06T02:05:27.707+0000] {processor.py:161} INFO - Started process (PID=39557) to work on /home/airflow/.local/lib/python3.8/site-packages/airflow/example_dags/example_latest_only_with_trigger.py
[2024-01-06T02:05:27.708+0000] {processor.py:830} INFO - Processing file /home/airflow/.local/lib/python3.8/site-packages/airflow/example_dags/example_latest_only_with_trigger.py for tasks to queue
[2024-01-06T02:05:27.712+0000] {logging_mixin.py:188} INFO - [2024-01-06T02:05:27.712+0000] {dagbag.py:538} INFO - Filling up the DagBag from /home/airflow/.local/lib/python3.8/site-packages/airflow/example_dags/example_latest_only_with_trigger.py
[2024-01-06T02:05:27.716+0000] {processor.py:840} INFO - DAG(s) 'latest_only_with_trigger' retrieved from /home/airflow/.local/lib/python3.8/site-packages/airflow/example_dags/example_latest_only_with_trigger.py
[2024-01-06T02:05:27.732+0000] {logging_mixin.py:188} INFO - [2024-01-06T02:05:27.732+0000] {dag.py:3033} INFO - Sync 1 DAGs
[2024-01-06T02:05:27.745+0000] {logging_mixin.py:188} INFO - [2024-01-06T02:05:27.745+0000] {dag.py:3820} INFO - Setting next_dagrun for latest_only_with_trigger to 2024-01-05T20:00:00+00:00, run_after=2024-01-06T00:00:00+00:00
[2024-01-06T02:05:27.756+0000] {processor.py:183} INFO - Processing /home/airflow/.local/lib/python3.8/site-packages/airflow/example_dags/example_latest_only_with_trigger.py took 0.052 seconds
[2024-01-06T02:16:27.446+0000] {processor.py:161} INFO - Started process (PID=39615) to work on /home/airflow/.local/lib/python3.8/site-packages/airflow/example_dags/example_latest_only_with_trigger.py
[2024-01-06T02:16:27.470+0000] {processor.py:830} INFO - Processing file /home/airflow/.local/lib/python3.8/site-packages/airflow/example_dags/example_latest_only_with_trigger.py for tasks to queue
[2024-01-06T02:16:27.472+0000] {logging_mixin.py:188} INFO - [2024-01-06T02:16:27.472+0000] {dagbag.py:538} INFO - Filling up the DagBag from /home/airflow/.local/lib/python3.8/site-packages/airflow/example_dags/example_latest_only_with_trigger.py
[2024-01-06T02:16:27.476+0000] {processor.py:840} INFO - DAG(s) 'latest_only_with_trigger' retrieved from /home/airflow/.local/lib/python3.8/site-packages/airflow/example_dags/example_latest_only_with_trigger.py
[2024-01-06T02:16:27.492+0000] {logging_mixin.py:188} INFO - [2024-01-06T02:16:27.492+0000] {dag.py:3033} INFO - Sync 1 DAGs
[2024-01-06T02:16:27.506+0000] {logging_mixin.py:188} INFO - [2024-01-06T02:16:27.506+0000] {dag.py:3820} INFO - Setting next_dagrun for latest_only_with_trigger to 2024-01-05T20:00:00+00:00, run_after=2024-01-06T00:00:00+00:00
[2024-01-06T02:16:27.517+0000] {processor.py:183} INFO - Processing /home/airflow/.local/lib/python3.8/site-packages/airflow/example_dags/example_latest_only_with_trigger.py took 0.074 seconds
[2024-01-06T02:17:11.262+0000] {processor.py:161} INFO - Started process (PID=39673) to work on /home/airflow/.local/lib/python3.8/site-packages/airflow/example_dags/example_latest_only_with_trigger.py
[2024-01-06T02:17:11.280+0000] {processor.py:830} INFO - Processing file /home/airflow/.local/lib/python3.8/site-packages/airflow/example_dags/example_latest_only_with_trigger.py for tasks to queue
[2024-01-06T02:17:11.336+0000] {logging_mixin.py:188} INFO - [2024-01-06T02:17:11.325+0000] {dagbag.py:538} INFO - Filling up the DagBag from /home/airflow/.local/lib/python3.8/site-packages/airflow/example_dags/example_latest_only_with_trigger.py
[2024-01-06T02:17:11.438+0000] {processor.py:840} INFO - DAG(s) 'latest_only_with_trigger' retrieved from /home/airflow/.local/lib/python3.8/site-packages/airflow/example_dags/example_latest_only_with_trigger.py
[2024-01-06T02:17:11.653+0000] {logging_mixin.py:188} INFO - [2024-01-06T02:17:11.652+0000] {dag.py:3033} INFO - Sync 1 DAGs
[2024-01-06T02:17:11.769+0000] {logging_mixin.py:188} INFO - [2024-01-06T02:17:11.768+0000] {dag.py:3820} INFO - Setting next_dagrun for latest_only_with_trigger to 2024-01-05T20:00:00+00:00, run_after=2024-01-06T00:00:00+00:00
[2024-01-06T02:17:11.898+0000] {processor.py:183} INFO - Processing /home/airflow/.local/lib/python3.8/site-packages/airflow/example_dags/example_latest_only_with_trigger.py took 0.721 seconds
[2024-01-06T02:17:42.142+0000] {processor.py:161} INFO - Started process (PID=39731) to work on /home/airflow/.local/lib/python3.8/site-packages/airflow/example_dags/example_latest_only_with_trigger.py
[2024-01-06T02:17:42.146+0000] {processor.py:830} INFO - Processing file /home/airflow/.local/lib/python3.8/site-packages/airflow/example_dags/example_latest_only_with_trigger.py for tasks to queue
[2024-01-06T02:17:42.150+0000] {logging_mixin.py:188} INFO - [2024-01-06T02:17:42.150+0000] {dagbag.py:538} INFO - Filling up the DagBag from /home/airflow/.local/lib/python3.8/site-packages/airflow/example_dags/example_latest_only_with_trigger.py
[2024-01-06T02:17:42.157+0000] {processor.py:840} INFO - DAG(s) 'latest_only_with_trigger' retrieved from /home/airflow/.local/lib/python3.8/site-packages/airflow/example_dags/example_latest_only_with_trigger.py
[2024-01-06T02:17:42.176+0000] {logging_mixin.py:188} INFO - [2024-01-06T02:17:42.176+0000] {dag.py:3033} INFO - Sync 1 DAGs
[2024-01-06T02:17:42.190+0000] {logging_mixin.py:188} INFO - [2024-01-06T02:17:42.190+0000] {dag.py:3820} INFO - Setting next_dagrun for latest_only_with_trigger to 2024-01-05T20:00:00+00:00, run_after=2024-01-06T00:00:00+00:00
[2024-01-06T02:17:42.203+0000] {processor.py:183} INFO - Processing /home/airflow/.local/lib/python3.8/site-packages/airflow/example_dags/example_latest_only_with_trigger.py took 0.066 seconds
[2024-01-06T02:18:12.501+0000] {processor.py:161} INFO - Started process (PID=39789) to work on /home/airflow/.local/lib/python3.8/site-packages/airflow/example_dags/example_latest_only_with_trigger.py
[2024-01-06T02:18:12.505+0000] {processor.py:830} INFO - Processing file /home/airflow/.local/lib/python3.8/site-packages/airflow/example_dags/example_latest_only_with_trigger.py for tasks to queue
[2024-01-06T02:18:12.508+0000] {logging_mixin.py:188} INFO - [2024-01-06T02:18:12.508+0000] {dagbag.py:538} INFO - Filling up the DagBag from /home/airflow/.local/lib/python3.8/site-packages/airflow/example_dags/example_latest_only_with_trigger.py
[2024-01-06T02:18:12.516+0000] {processor.py:840} INFO - DAG(s) 'latest_only_with_trigger' retrieved from /home/airflow/.local/lib/python3.8/site-packages/airflow/example_dags/example_latest_only_with_trigger.py
[2024-01-06T02:18:12.535+0000] {logging_mixin.py:188} INFO - [2024-01-06T02:18:12.535+0000] {dag.py:3033} INFO - Sync 1 DAGs
[2024-01-06T02:18:12.550+0000] {logging_mixin.py:188} INFO - [2024-01-06T02:18:12.549+0000] {dag.py:3820} INFO - Setting next_dagrun for latest_only_with_trigger to 2024-01-05T20:00:00+00:00, run_after=2024-01-06T00:00:00+00:00
[2024-01-06T02:18:12.563+0000] {processor.py:183} INFO - Processing /home/airflow/.local/lib/python3.8/site-packages/airflow/example_dags/example_latest_only_with_trigger.py took 0.067 seconds
[2024-01-06T02:18:43.046+0000] {processor.py:161} INFO - Started process (PID=39847) to work on /home/airflow/.local/lib/python3.8/site-packages/airflow/example_dags/example_latest_only_with_trigger.py
[2024-01-06T02:18:43.050+0000] {processor.py:830} INFO - Processing file /home/airflow/.local/lib/python3.8/site-packages/airflow/example_dags/example_latest_only_with_trigger.py for tasks to queue
[2024-01-06T02:18:43.055+0000] {logging_mixin.py:188} INFO - [2024-01-06T02:18:43.054+0000] {dagbag.py:538} INFO - Filling up the DagBag from /home/airflow/.local/lib/python3.8/site-packages/airflow/example_dags/example_latest_only_with_trigger.py
[2024-01-06T02:18:43.061+0000] {processor.py:840} INFO - DAG(s) 'latest_only_with_trigger' retrieved from /home/airflow/.local/lib/python3.8/site-packages/airflow/example_dags/example_latest_only_with_trigger.py
[2024-01-06T02:18:43.079+0000] {logging_mixin.py:188} INFO - [2024-01-06T02:18:43.079+0000] {dag.py:3033} INFO - Sync 1 DAGs
[2024-01-06T02:18:43.094+0000] {logging_mixin.py:188} INFO - [2024-01-06T02:18:43.093+0000] {dag.py:3820} INFO - Setting next_dagrun for latest_only_with_trigger to 2024-01-05T20:00:00+00:00, run_after=2024-01-06T00:00:00+00:00
[2024-01-06T02:18:43.108+0000] {processor.py:183} INFO - Processing /home/airflow/.local/lib/python3.8/site-packages/airflow/example_dags/example_latest_only_with_trigger.py took 0.069 seconds
[2024-01-06T02:19:13.687+0000] {processor.py:161} INFO - Started process (PID=39906) to work on /home/airflow/.local/lib/python3.8/site-packages/airflow/example_dags/example_latest_only_with_trigger.py
[2024-01-06T02:19:13.690+0000] {processor.py:830} INFO - Processing file /home/airflow/.local/lib/python3.8/site-packages/airflow/example_dags/example_latest_only_with_trigger.py for tasks to queue
[2024-01-06T02:19:13.695+0000] {logging_mixin.py:188} INFO - [2024-01-06T02:19:13.694+0000] {dagbag.py:538} INFO - Filling up the DagBag from /home/airflow/.local/lib/python3.8/site-packages/airflow/example_dags/example_latest_only_with_trigger.py
[2024-01-06T02:19:13.708+0000] {processor.py:840} INFO - DAG(s) 'latest_only_with_trigger' retrieved from /home/airflow/.local/lib/python3.8/site-packages/airflow/example_dags/example_latest_only_with_trigger.py
[2024-01-06T02:19:13.740+0000] {logging_mixin.py:188} INFO - [2024-01-06T02:19:13.740+0000] {dag.py:3033} INFO - Sync 1 DAGs
[2024-01-06T02:19:13.755+0000] {logging_mixin.py:188} INFO - [2024-01-06T02:19:13.754+0000] {dag.py:3820} INFO - Setting next_dagrun for latest_only_with_trigger to 2024-01-05T20:00:00+00:00, run_after=2024-01-06T00:00:00+00:00
[2024-01-06T02:19:13.766+0000] {processor.py:183} INFO - Processing /home/airflow/.local/lib/python3.8/site-packages/airflow/example_dags/example_latest_only_with_trigger.py took 0.085 seconds
[2024-01-06T02:19:44.264+0000] {processor.py:161} INFO - Started process (PID=39964) to work on /home/airflow/.local/lib/python3.8/site-packages/airflow/example_dags/example_latest_only_with_trigger.py
[2024-01-06T02:19:44.270+0000] {processor.py:830} INFO - Processing file /home/airflow/.local/lib/python3.8/site-packages/airflow/example_dags/example_latest_only_with_trigger.py for tasks to queue
[2024-01-06T02:19:44.278+0000] {logging_mixin.py:188} INFO - [2024-01-06T02:19:44.277+0000] {dagbag.py:538} INFO - Filling up the DagBag from /home/airflow/.local/lib/python3.8/site-packages/airflow/example_dags/example_latest_only_with_trigger.py
[2024-01-06T02:19:44.301+0000] {processor.py:840} INFO - DAG(s) 'latest_only_with_trigger' retrieved from /home/airflow/.local/lib/python3.8/site-packages/airflow/example_dags/example_latest_only_with_trigger.py
[2024-01-06T02:19:44.347+0000] {logging_mixin.py:188} INFO - [2024-01-06T02:19:44.347+0000] {dag.py:3033} INFO - Sync 1 DAGs
[2024-01-06T02:19:44.372+0000] {logging_mixin.py:188} INFO - [2024-01-06T02:19:44.372+0000] {dag.py:3820} INFO - Setting next_dagrun for latest_only_with_trigger to 2024-01-05T20:00:00+00:00, run_after=2024-01-06T00:00:00+00:00
[2024-01-06T02:19:44.398+0000] {processor.py:183} INFO - Processing /home/airflow/.local/lib/python3.8/site-packages/airflow/example_dags/example_latest_only_with_trigger.py took 0.143 seconds
[2024-01-06T02:20:14.751+0000] {processor.py:161} INFO - Started process (PID=40022) to work on /home/airflow/.local/lib/python3.8/site-packages/airflow/example_dags/example_latest_only_with_trigger.py
[2024-01-06T02:20:14.755+0000] {processor.py:830} INFO - Processing file /home/airflow/.local/lib/python3.8/site-packages/airflow/example_dags/example_latest_only_with_trigger.py for tasks to queue
[2024-01-06T02:20:14.759+0000] {logging_mixin.py:188} INFO - [2024-01-06T02:20:14.759+0000] {dagbag.py:538} INFO - Filling up the DagBag from /home/airflow/.local/lib/python3.8/site-packages/airflow/example_dags/example_latest_only_with_trigger.py
[2024-01-06T02:20:14.765+0000] {processor.py:840} INFO - DAG(s) 'latest_only_with_trigger' retrieved from /home/airflow/.local/lib/python3.8/site-packages/airflow/example_dags/example_latest_only_with_trigger.py
[2024-01-06T02:20:14.786+0000] {logging_mixin.py:188} INFO - [2024-01-06T02:20:14.786+0000] {dag.py:3033} INFO - Sync 1 DAGs
[2024-01-06T02:20:14.804+0000] {logging_mixin.py:188} INFO - [2024-01-06T02:20:14.804+0000] {dag.py:3820} INFO - Setting next_dagrun for latest_only_with_trigger to 2024-01-05T20:00:00+00:00, run_after=2024-01-06T00:00:00+00:00
[2024-01-06T02:20:14.820+0000] {processor.py:183} INFO - Processing /home/airflow/.local/lib/python3.8/site-packages/airflow/example_dags/example_latest_only_with_trigger.py took 0.076 seconds
[2024-01-06T02:20:45.433+0000] {processor.py:161} INFO - Started process (PID=40080) to work on /home/airflow/.local/lib/python3.8/site-packages/airflow/example_dags/example_latest_only_with_trigger.py
[2024-01-06T02:20:45.436+0000] {processor.py:830} INFO - Processing file /home/airflow/.local/lib/python3.8/site-packages/airflow/example_dags/example_latest_only_with_trigger.py for tasks to queue
[2024-01-06T02:20:45.440+0000] {logging_mixin.py:188} INFO - [2024-01-06T02:20:45.440+0000] {dagbag.py:538} INFO - Filling up the DagBag from /home/airflow/.local/lib/python3.8/site-packages/airflow/example_dags/example_latest_only_with_trigger.py
[2024-01-06T02:20:45.447+0000] {processor.py:840} INFO - DAG(s) 'latest_only_with_trigger' retrieved from /home/airflow/.local/lib/python3.8/site-packages/airflow/example_dags/example_latest_only_with_trigger.py
[2024-01-06T02:20:45.466+0000] {logging_mixin.py:188} INFO - [2024-01-06T02:20:45.466+0000] {dag.py:3033} INFO - Sync 1 DAGs
[2024-01-06T02:20:45.480+0000] {logging_mixin.py:188} INFO - [2024-01-06T02:20:45.480+0000] {dag.py:3820} INFO - Setting next_dagrun for latest_only_with_trigger to 2024-01-05T20:00:00+00:00, run_after=2024-01-06T00:00:00+00:00
[2024-01-06T02:20:45.494+0000] {processor.py:183} INFO - Processing /home/airflow/.local/lib/python3.8/site-packages/airflow/example_dags/example_latest_only_with_trigger.py took 0.066 seconds
[2024-01-06T02:21:15.938+0000] {processor.py:161} INFO - Started process (PID=40138) to work on /home/airflow/.local/lib/python3.8/site-packages/airflow/example_dags/example_latest_only_with_trigger.py
[2024-01-06T02:21:15.950+0000] {processor.py:830} INFO - Processing file /home/airflow/.local/lib/python3.8/site-packages/airflow/example_dags/example_latest_only_with_trigger.py for tasks to queue
[2024-01-06T02:21:15.960+0000] {logging_mixin.py:188} INFO - [2024-01-06T02:21:15.958+0000] {dagbag.py:538} INFO - Filling up the DagBag from /home/airflow/.local/lib/python3.8/site-packages/airflow/example_dags/example_latest_only_with_trigger.py
[2024-01-06T02:21:15.977+0000] {processor.py:840} INFO - DAG(s) 'latest_only_with_trigger' retrieved from /home/airflow/.local/lib/python3.8/site-packages/airflow/example_dags/example_latest_only_with_trigger.py
[2024-01-06T02:21:16.018+0000] {logging_mixin.py:188} INFO - [2024-01-06T02:21:16.018+0000] {dag.py:3033} INFO - Sync 1 DAGs
[2024-01-06T02:21:16.043+0000] {logging_mixin.py:188} INFO - [2024-01-06T02:21:16.043+0000] {dag.py:3820} INFO - Setting next_dagrun for latest_only_with_trigger to 2024-01-05T20:00:00+00:00, run_after=2024-01-06T00:00:00+00:00
[2024-01-06T02:21:16.089+0000] {processor.py:183} INFO - Processing /home/airflow/.local/lib/python3.8/site-packages/airflow/example_dags/example_latest_only_with_trigger.py took 0.168 seconds
[2024-01-06T02:21:46.215+0000] {processor.py:161} INFO - Started process (PID=40196) to work on /home/airflow/.local/lib/python3.8/site-packages/airflow/example_dags/example_latest_only_with_trigger.py
[2024-01-06T02:21:46.216+0000] {processor.py:830} INFO - Processing file /home/airflow/.local/lib/python3.8/site-packages/airflow/example_dags/example_latest_only_with_trigger.py for tasks to queue
[2024-01-06T02:21:46.218+0000] {logging_mixin.py:188} INFO - [2024-01-06T02:21:46.218+0000] {dagbag.py:538} INFO - Filling up the DagBag from /home/airflow/.local/lib/python3.8/site-packages/airflow/example_dags/example_latest_only_with_trigger.py
[2024-01-06T02:21:46.222+0000] {processor.py:840} INFO - DAG(s) 'latest_only_with_trigger' retrieved from /home/airflow/.local/lib/python3.8/site-packages/airflow/example_dags/example_latest_only_with_trigger.py
[2024-01-06T02:21:46.242+0000] {logging_mixin.py:188} INFO - [2024-01-06T02:21:46.242+0000] {dag.py:3033} INFO - Sync 1 DAGs
[2024-01-06T02:21:46.256+0000] {logging_mixin.py:188} INFO - [2024-01-06T02:21:46.256+0000] {dag.py:3820} INFO - Setting next_dagrun for latest_only_with_trigger to 2024-01-05T20:00:00+00:00, run_after=2024-01-06T00:00:00+00:00
[2024-01-06T02:21:46.270+0000] {processor.py:183} INFO - Processing /home/airflow/.local/lib/python3.8/site-packages/airflow/example_dags/example_latest_only_with_trigger.py took 0.058 seconds
[2024-01-06T02:22:16.494+0000] {processor.py:161} INFO - Started process (PID=40254) to work on /home/airflow/.local/lib/python3.8/site-packages/airflow/example_dags/example_latest_only_with_trigger.py
[2024-01-06T02:22:16.496+0000] {processor.py:830} INFO - Processing file /home/airflow/.local/lib/python3.8/site-packages/airflow/example_dags/example_latest_only_with_trigger.py for tasks to queue
[2024-01-06T02:22:16.498+0000] {logging_mixin.py:188} INFO - [2024-01-06T02:22:16.498+0000] {dagbag.py:538} INFO - Filling up the DagBag from /home/airflow/.local/lib/python3.8/site-packages/airflow/example_dags/example_latest_only_with_trigger.py
[2024-01-06T02:22:16.503+0000] {processor.py:840} INFO - DAG(s) 'latest_only_with_trigger' retrieved from /home/airflow/.local/lib/python3.8/site-packages/airflow/example_dags/example_latest_only_with_trigger.py
[2024-01-06T02:22:16.518+0000] {logging_mixin.py:188} INFO - [2024-01-06T02:22:16.518+0000] {dag.py:3033} INFO - Sync 1 DAGs
[2024-01-06T02:22:16.533+0000] {logging_mixin.py:188} INFO - [2024-01-06T02:22:16.533+0000] {dag.py:3820} INFO - Setting next_dagrun for latest_only_with_trigger to 2024-01-05T20:00:00+00:00, run_after=2024-01-06T00:00:00+00:00
[2024-01-06T02:22:16.546+0000] {processor.py:183} INFO - Processing /home/airflow/.local/lib/python3.8/site-packages/airflow/example_dags/example_latest_only_with_trigger.py took 0.055 seconds
[2024-01-06T02:22:47.295+0000] {processor.py:161} INFO - Started process (PID=40312) to work on /home/airflow/.local/lib/python3.8/site-packages/airflow/example_dags/example_latest_only_with_trigger.py
[2024-01-06T02:22:47.297+0000] {processor.py:830} INFO - Processing file /home/airflow/.local/lib/python3.8/site-packages/airflow/example_dags/example_latest_only_with_trigger.py for tasks to queue
[2024-01-06T02:22:47.299+0000] {logging_mixin.py:188} INFO - [2024-01-06T02:22:47.299+0000] {dagbag.py:538} INFO - Filling up the DagBag from /home/airflow/.local/lib/python3.8/site-packages/airflow/example_dags/example_latest_only_with_trigger.py
[2024-01-06T02:22:47.303+0000] {processor.py:840} INFO - DAG(s) 'latest_only_with_trigger' retrieved from /home/airflow/.local/lib/python3.8/site-packages/airflow/example_dags/example_latest_only_with_trigger.py
[2024-01-06T02:22:47.321+0000] {logging_mixin.py:188} INFO - [2024-01-06T02:22:47.321+0000] {dag.py:3033} INFO - Sync 1 DAGs
[2024-01-06T02:22:47.336+0000] {logging_mixin.py:188} INFO - [2024-01-06T02:22:47.336+0000] {dag.py:3820} INFO - Setting next_dagrun for latest_only_with_trigger to 2024-01-05T20:00:00+00:00, run_after=2024-01-06T00:00:00+00:00
[2024-01-06T02:22:47.353+0000] {processor.py:183} INFO - Processing /home/airflow/.local/lib/python3.8/site-packages/airflow/example_dags/example_latest_only_with_trigger.py took 0.061 seconds
[2024-01-06T02:23:18.168+0000] {processor.py:161} INFO - Started process (PID=40370) to work on /home/airflow/.local/lib/python3.8/site-packages/airflow/example_dags/example_latest_only_with_trigger.py
[2024-01-06T02:23:18.170+0000] {processor.py:830} INFO - Processing file /home/airflow/.local/lib/python3.8/site-packages/airflow/example_dags/example_latest_only_with_trigger.py for tasks to queue
[2024-01-06T02:23:18.172+0000] {logging_mixin.py:188} INFO - [2024-01-06T02:23:18.172+0000] {dagbag.py:538} INFO - Filling up the DagBag from /home/airflow/.local/lib/python3.8/site-packages/airflow/example_dags/example_latest_only_with_trigger.py
[2024-01-06T02:23:18.176+0000] {processor.py:840} INFO - DAG(s) 'latest_only_with_trigger' retrieved from /home/airflow/.local/lib/python3.8/site-packages/airflow/example_dags/example_latest_only_with_trigger.py
[2024-01-06T02:23:18.193+0000] {logging_mixin.py:188} INFO - [2024-01-06T02:23:18.193+0000] {dag.py:3033} INFO - Sync 1 DAGs
[2024-01-06T02:23:18.206+0000] {logging_mixin.py:188} INFO - [2024-01-06T02:23:18.206+0000] {dag.py:3820} INFO - Setting next_dagrun for latest_only_with_trigger to 2024-01-05T20:00:00+00:00, run_after=2024-01-06T00:00:00+00:00
[2024-01-06T02:23:18.220+0000] {processor.py:183} INFO - Processing /home/airflow/.local/lib/python3.8/site-packages/airflow/example_dags/example_latest_only_with_trigger.py took 0.055 seconds
[2024-01-06T02:23:48.654+0000] {processor.py:161} INFO - Started process (PID=40428) to work on /home/airflow/.local/lib/python3.8/site-packages/airflow/example_dags/example_latest_only_with_trigger.py
[2024-01-06T02:23:48.656+0000] {processor.py:830} INFO - Processing file /home/airflow/.local/lib/python3.8/site-packages/airflow/example_dags/example_latest_only_with_trigger.py for tasks to queue
[2024-01-06T02:23:48.658+0000] {logging_mixin.py:188} INFO - [2024-01-06T02:23:48.658+0000] {dagbag.py:538} INFO - Filling up the DagBag from /home/airflow/.local/lib/python3.8/site-packages/airflow/example_dags/example_latest_only_with_trigger.py
[2024-01-06T02:23:48.663+0000] {processor.py:840} INFO - DAG(s) 'latest_only_with_trigger' retrieved from /home/airflow/.local/lib/python3.8/site-packages/airflow/example_dags/example_latest_only_with_trigger.py
[2024-01-06T02:23:48.679+0000] {logging_mixin.py:188} INFO - [2024-01-06T02:23:48.678+0000] {dag.py:3033} INFO - Sync 1 DAGs
[2024-01-06T02:23:48.692+0000] {logging_mixin.py:188} INFO - [2024-01-06T02:23:48.692+0000] {dag.py:3820} INFO - Setting next_dagrun for latest_only_with_trigger to 2024-01-05T20:00:00+00:00, run_after=2024-01-06T00:00:00+00:00
[2024-01-06T02:23:48.704+0000] {processor.py:183} INFO - Processing /home/airflow/.local/lib/python3.8/site-packages/airflow/example_dags/example_latest_only_with_trigger.py took 0.054 seconds
[2024-01-06T02:24:19.050+0000] {processor.py:161} INFO - Started process (PID=40486) to work on /home/airflow/.local/lib/python3.8/site-packages/airflow/example_dags/example_latest_only_with_trigger.py
[2024-01-06T02:24:19.052+0000] {processor.py:830} INFO - Processing file /home/airflow/.local/lib/python3.8/site-packages/airflow/example_dags/example_latest_only_with_trigger.py for tasks to queue
[2024-01-06T02:24:19.055+0000] {logging_mixin.py:188} INFO - [2024-01-06T02:24:19.054+0000] {dagbag.py:538} INFO - Filling up the DagBag from /home/airflow/.local/lib/python3.8/site-packages/airflow/example_dags/example_latest_only_with_trigger.py
[2024-01-06T02:24:19.059+0000] {processor.py:840} INFO - DAG(s) 'latest_only_with_trigger' retrieved from /home/airflow/.local/lib/python3.8/site-packages/airflow/example_dags/example_latest_only_with_trigger.py
[2024-01-06T02:24:19.074+0000] {logging_mixin.py:188} INFO - [2024-01-06T02:24:19.074+0000] {dag.py:3033} INFO - Sync 1 DAGs
[2024-01-06T02:24:19.091+0000] {logging_mixin.py:188} INFO - [2024-01-06T02:24:19.091+0000] {dag.py:3820} INFO - Setting next_dagrun for latest_only_with_trigger to 2024-01-05T20:00:00+00:00, run_after=2024-01-06T00:00:00+00:00
[2024-01-06T02:24:19.106+0000] {processor.py:183} INFO - Processing /home/airflow/.local/lib/python3.8/site-packages/airflow/example_dags/example_latest_only_with_trigger.py took 0.058 seconds
[2024-01-06T02:24:49.435+0000] {processor.py:161} INFO - Started process (PID=40550) to work on /home/airflow/.local/lib/python3.8/site-packages/airflow/example_dags/example_latest_only_with_trigger.py
[2024-01-06T02:24:49.437+0000] {processor.py:830} INFO - Processing file /home/airflow/.local/lib/python3.8/site-packages/airflow/example_dags/example_latest_only_with_trigger.py for tasks to queue
[2024-01-06T02:24:49.439+0000] {logging_mixin.py:188} INFO - [2024-01-06T02:24:49.439+0000] {dagbag.py:538} INFO - Filling up the DagBag from /home/airflow/.local/lib/python3.8/site-packages/airflow/example_dags/example_latest_only_with_trigger.py
[2024-01-06T02:24:49.444+0000] {processor.py:840} INFO - DAG(s) 'latest_only_with_trigger' retrieved from /home/airflow/.local/lib/python3.8/site-packages/airflow/example_dags/example_latest_only_with_trigger.py
[2024-01-06T02:24:49.459+0000] {logging_mixin.py:188} INFO - [2024-01-06T02:24:49.458+0000] {dag.py:3033} INFO - Sync 1 DAGs
[2024-01-06T02:24:49.472+0000] {logging_mixin.py:188} INFO - [2024-01-06T02:24:49.472+0000] {dag.py:3820} INFO - Setting next_dagrun for latest_only_with_trigger to 2024-01-05T20:00:00+00:00, run_after=2024-01-06T00:00:00+00:00
[2024-01-06T02:24:49.486+0000] {processor.py:183} INFO - Processing /home/airflow/.local/lib/python3.8/site-packages/airflow/example_dags/example_latest_only_with_trigger.py took 0.054 seconds
[2024-01-06T02:25:20.417+0000] {processor.py:161} INFO - Started process (PID=40608) to work on /home/airflow/.local/lib/python3.8/site-packages/airflow/example_dags/example_latest_only_with_trigger.py
[2024-01-06T02:25:20.419+0000] {processor.py:830} INFO - Processing file /home/airflow/.local/lib/python3.8/site-packages/airflow/example_dags/example_latest_only_with_trigger.py for tasks to queue
[2024-01-06T02:25:20.422+0000] {logging_mixin.py:188} INFO - [2024-01-06T02:25:20.422+0000] {dagbag.py:538} INFO - Filling up the DagBag from /home/airflow/.local/lib/python3.8/site-packages/airflow/example_dags/example_latest_only_with_trigger.py
[2024-01-06T02:25:20.427+0000] {processor.py:840} INFO - DAG(s) 'latest_only_with_trigger' retrieved from /home/airflow/.local/lib/python3.8/site-packages/airflow/example_dags/example_latest_only_with_trigger.py
[2024-01-06T02:25:20.445+0000] {logging_mixin.py:188} INFO - [2024-01-06T02:25:20.445+0000] {dag.py:3033} INFO - Sync 1 DAGs
[2024-01-06T02:25:20.461+0000] {logging_mixin.py:188} INFO - [2024-01-06T02:25:20.461+0000] {dag.py:3820} INFO - Setting next_dagrun for latest_only_with_trigger to 2024-01-05T20:00:00+00:00, run_after=2024-01-06T00:00:00+00:00
[2024-01-06T02:25:20.476+0000] {processor.py:183} INFO - Processing /home/airflow/.local/lib/python3.8/site-packages/airflow/example_dags/example_latest_only_with_trigger.py took 0.062 seconds
[2024-01-06T02:25:50.693+0000] {processor.py:161} INFO - Started process (PID=40666) to work on /home/airflow/.local/lib/python3.8/site-packages/airflow/example_dags/example_latest_only_with_trigger.py
[2024-01-06T02:25:50.694+0000] {processor.py:830} INFO - Processing file /home/airflow/.local/lib/python3.8/site-packages/airflow/example_dags/example_latest_only_with_trigger.py for tasks to queue
[2024-01-06T02:25:50.696+0000] {logging_mixin.py:188} INFO - [2024-01-06T02:25:50.696+0000] {dagbag.py:538} INFO - Filling up the DagBag from /home/airflow/.local/lib/python3.8/site-packages/airflow/example_dags/example_latest_only_with_trigger.py
[2024-01-06T02:25:50.702+0000] {processor.py:840} INFO - DAG(s) 'latest_only_with_trigger' retrieved from /home/airflow/.local/lib/python3.8/site-packages/airflow/example_dags/example_latest_only_with_trigger.py
[2024-01-06T02:25:50.720+0000] {logging_mixin.py:188} INFO - [2024-01-06T02:25:50.720+0000] {dag.py:3033} INFO - Sync 1 DAGs
[2024-01-06T02:25:50.734+0000] {logging_mixin.py:188} INFO - [2024-01-06T02:25:50.734+0000] {dag.py:3820} INFO - Setting next_dagrun for latest_only_with_trigger to 2024-01-05T20:00:00+00:00, run_after=2024-01-06T00:00:00+00:00
[2024-01-06T02:25:50.748+0000] {processor.py:183} INFO - Processing /home/airflow/.local/lib/python3.8/site-packages/airflow/example_dags/example_latest_only_with_trigger.py took 0.058 seconds
[2024-01-06T02:26:21.208+0000] {processor.py:161} INFO - Started process (PID=40724) to work on /home/airflow/.local/lib/python3.8/site-packages/airflow/example_dags/example_latest_only_with_trigger.py
[2024-01-06T02:26:21.209+0000] {processor.py:830} INFO - Processing file /home/airflow/.local/lib/python3.8/site-packages/airflow/example_dags/example_latest_only_with_trigger.py for tasks to queue
[2024-01-06T02:26:21.212+0000] {logging_mixin.py:188} INFO - [2024-01-06T02:26:21.211+0000] {dagbag.py:538} INFO - Filling up the DagBag from /home/airflow/.local/lib/python3.8/site-packages/airflow/example_dags/example_latest_only_with_trigger.py
[2024-01-06T02:26:21.216+0000] {processor.py:840} INFO - DAG(s) 'latest_only_with_trigger' retrieved from /home/airflow/.local/lib/python3.8/site-packages/airflow/example_dags/example_latest_only_with_trigger.py
[2024-01-06T02:26:21.232+0000] {logging_mixin.py:188} INFO - [2024-01-06T02:26:21.232+0000] {dag.py:3033} INFO - Sync 1 DAGs
[2024-01-06T02:26:21.246+0000] {logging_mixin.py:188} INFO - [2024-01-06T02:26:21.246+0000] {dag.py:3820} INFO - Setting next_dagrun for latest_only_with_trigger to 2024-01-05T20:00:00+00:00, run_after=2024-01-06T00:00:00+00:00
[2024-01-06T02:26:21.257+0000] {processor.py:183} INFO - Processing /home/airflow/.local/lib/python3.8/site-packages/airflow/example_dags/example_latest_only_with_trigger.py took 0.052 seconds
[2024-01-06T02:26:51.762+0000] {processor.py:161} INFO - Started process (PID=40782) to work on /home/airflow/.local/lib/python3.8/site-packages/airflow/example_dags/example_latest_only_with_trigger.py
[2024-01-06T02:26:51.764+0000] {processor.py:830} INFO - Processing file /home/airflow/.local/lib/python3.8/site-packages/airflow/example_dags/example_latest_only_with_trigger.py for tasks to queue
[2024-01-06T02:26:51.767+0000] {logging_mixin.py:188} INFO - [2024-01-06T02:26:51.766+0000] {dagbag.py:538} INFO - Filling up the DagBag from /home/airflow/.local/lib/python3.8/site-packages/airflow/example_dags/example_latest_only_with_trigger.py
[2024-01-06T02:26:51.771+0000] {processor.py:840} INFO - DAG(s) 'latest_only_with_trigger' retrieved from /home/airflow/.local/lib/python3.8/site-packages/airflow/example_dags/example_latest_only_with_trigger.py
[2024-01-06T02:26:51.788+0000] {logging_mixin.py:188} INFO - [2024-01-06T02:26:51.788+0000] {dag.py:3033} INFO - Sync 1 DAGs
[2024-01-06T02:26:51.802+0000] {logging_mixin.py:188} INFO - [2024-01-06T02:26:51.802+0000] {dag.py:3820} INFO - Setting next_dagrun for latest_only_with_trigger to 2024-01-05T20:00:00+00:00, run_after=2024-01-06T00:00:00+00:00
[2024-01-06T02:26:51.815+0000] {processor.py:183} INFO - Processing /home/airflow/.local/lib/python3.8/site-packages/airflow/example_dags/example_latest_only_with_trigger.py took 0.055 seconds
[2024-01-06T02:27:21.998+0000] {processor.py:161} INFO - Started process (PID=40840) to work on /home/airflow/.local/lib/python3.8/site-packages/airflow/example_dags/example_latest_only_with_trigger.py
[2024-01-06T02:27:22.000+0000] {processor.py:830} INFO - Processing file /home/airflow/.local/lib/python3.8/site-packages/airflow/example_dags/example_latest_only_with_trigger.py for tasks to queue
[2024-01-06T02:27:22.002+0000] {logging_mixin.py:188} INFO - [2024-01-06T02:27:22.002+0000] {dagbag.py:538} INFO - Filling up the DagBag from /home/airflow/.local/lib/python3.8/site-packages/airflow/example_dags/example_latest_only_with_trigger.py
[2024-01-06T02:27:22.006+0000] {processor.py:840} INFO - DAG(s) 'latest_only_with_trigger' retrieved from /home/airflow/.local/lib/python3.8/site-packages/airflow/example_dags/example_latest_only_with_trigger.py
[2024-01-06T02:27:22.024+0000] {logging_mixin.py:188} INFO - [2024-01-06T02:27:22.024+0000] {dag.py:3033} INFO - Sync 1 DAGs
[2024-01-06T02:27:22.041+0000] {logging_mixin.py:188} INFO - [2024-01-06T02:27:22.041+0000] {dag.py:3820} INFO - Setting next_dagrun for latest_only_with_trigger to 2024-01-05T20:00:00+00:00, run_after=2024-01-06T00:00:00+00:00
[2024-01-06T02:27:22.060+0000] {processor.py:183} INFO - Processing /home/airflow/.local/lib/python3.8/site-packages/airflow/example_dags/example_latest_only_with_trigger.py took 0.065 seconds
[2024-01-06T02:27:52.462+0000] {processor.py:161} INFO - Started process (PID=40898) to work on /home/airflow/.local/lib/python3.8/site-packages/airflow/example_dags/example_latest_only_with_trigger.py
[2024-01-06T02:27:52.464+0000] {processor.py:830} INFO - Processing file /home/airflow/.local/lib/python3.8/site-packages/airflow/example_dags/example_latest_only_with_trigger.py for tasks to queue
[2024-01-06T02:27:52.467+0000] {logging_mixin.py:188} INFO - [2024-01-06T02:27:52.466+0000] {dagbag.py:538} INFO - Filling up the DagBag from /home/airflow/.local/lib/python3.8/site-packages/airflow/example_dags/example_latest_only_with_trigger.py
[2024-01-06T02:27:52.471+0000] {processor.py:840} INFO - DAG(s) 'latest_only_with_trigger' retrieved from /home/airflow/.local/lib/python3.8/site-packages/airflow/example_dags/example_latest_only_with_trigger.py
[2024-01-06T02:27:52.486+0000] {logging_mixin.py:188} INFO - [2024-01-06T02:27:52.486+0000] {dag.py:3033} INFO - Sync 1 DAGs
[2024-01-06T02:27:52.501+0000] {logging_mixin.py:188} INFO - [2024-01-06T02:27:52.500+0000] {dag.py:3820} INFO - Setting next_dagrun for latest_only_with_trigger to 2024-01-05T20:00:00+00:00, run_after=2024-01-06T00:00:00+00:00
[2024-01-06T02:27:52.513+0000] {processor.py:183} INFO - Processing /home/airflow/.local/lib/python3.8/site-packages/airflow/example_dags/example_latest_only_with_trigger.py took 0.053 seconds
[2024-01-06T02:28:22.984+0000] {processor.py:161} INFO - Started process (PID=40956) to work on /home/airflow/.local/lib/python3.8/site-packages/airflow/example_dags/example_latest_only_with_trigger.py
[2024-01-06T02:28:22.986+0000] {processor.py:830} INFO - Processing file /home/airflow/.local/lib/python3.8/site-packages/airflow/example_dags/example_latest_only_with_trigger.py for tasks to queue
[2024-01-06T02:28:22.988+0000] {logging_mixin.py:188} INFO - [2024-01-06T02:28:22.988+0000] {dagbag.py:538} INFO - Filling up the DagBag from /home/airflow/.local/lib/python3.8/site-packages/airflow/example_dags/example_latest_only_with_trigger.py
[2024-01-06T02:28:22.992+0000] {processor.py:840} INFO - DAG(s) 'latest_only_with_trigger' retrieved from /home/airflow/.local/lib/python3.8/site-packages/airflow/example_dags/example_latest_only_with_trigger.py
[2024-01-06T02:28:23.008+0000] {logging_mixin.py:188} INFO - [2024-01-06T02:28:23.007+0000] {dag.py:3033} INFO - Sync 1 DAGs
[2024-01-06T02:28:23.025+0000] {logging_mixin.py:188} INFO - [2024-01-06T02:28:23.025+0000] {dag.py:3820} INFO - Setting next_dagrun for latest_only_with_trigger to 2024-01-05T20:00:00+00:00, run_after=2024-01-06T00:00:00+00:00
[2024-01-06T02:28:23.038+0000] {processor.py:183} INFO - Processing /home/airflow/.local/lib/python3.8/site-packages/airflow/example_dags/example_latest_only_with_trigger.py took 0.057 seconds
[2024-01-06T02:28:53.602+0000] {processor.py:161} INFO - Started process (PID=41014) to work on /home/airflow/.local/lib/python3.8/site-packages/airflow/example_dags/example_latest_only_with_trigger.py
[2024-01-06T02:28:53.604+0000] {processor.py:830} INFO - Processing file /home/airflow/.local/lib/python3.8/site-packages/airflow/example_dags/example_latest_only_with_trigger.py for tasks to queue
[2024-01-06T02:28:53.606+0000] {logging_mixin.py:188} INFO - [2024-01-06T02:28:53.606+0000] {dagbag.py:538} INFO - Filling up the DagBag from /home/airflow/.local/lib/python3.8/site-packages/airflow/example_dags/example_latest_only_with_trigger.py
[2024-01-06T02:28:53.610+0000] {processor.py:840} INFO - DAG(s) 'latest_only_with_trigger' retrieved from /home/airflow/.local/lib/python3.8/site-packages/airflow/example_dags/example_latest_only_with_trigger.py
[2024-01-06T02:28:53.625+0000] {logging_mixin.py:188} INFO - [2024-01-06T02:28:53.625+0000] {dag.py:3033} INFO - Sync 1 DAGs
[2024-01-06T02:28:53.639+0000] {logging_mixin.py:188} INFO - [2024-01-06T02:28:53.639+0000] {dag.py:3820} INFO - Setting next_dagrun for latest_only_with_trigger to 2024-01-05T20:00:00+00:00, run_after=2024-01-06T00:00:00+00:00
[2024-01-06T02:28:53.652+0000] {processor.py:183} INFO - Processing /home/airflow/.local/lib/python3.8/site-packages/airflow/example_dags/example_latest_only_with_trigger.py took 0.052 seconds
[2024-01-06T02:29:24.111+0000] {processor.py:161} INFO - Started process (PID=41072) to work on /home/airflow/.local/lib/python3.8/site-packages/airflow/example_dags/example_latest_only_with_trigger.py
[2024-01-06T02:29:24.113+0000] {processor.py:830} INFO - Processing file /home/airflow/.local/lib/python3.8/site-packages/airflow/example_dags/example_latest_only_with_trigger.py for tasks to queue
[2024-01-06T02:29:24.115+0000] {logging_mixin.py:188} INFO - [2024-01-06T02:29:24.115+0000] {dagbag.py:538} INFO - Filling up the DagBag from /home/airflow/.local/lib/python3.8/site-packages/airflow/example_dags/example_latest_only_with_trigger.py
[2024-01-06T02:29:24.119+0000] {processor.py:840} INFO - DAG(s) 'latest_only_with_trigger' retrieved from /home/airflow/.local/lib/python3.8/site-packages/airflow/example_dags/example_latest_only_with_trigger.py
[2024-01-06T02:29:24.135+0000] {logging_mixin.py:188} INFO - [2024-01-06T02:29:24.135+0000] {dag.py:3033} INFO - Sync 1 DAGs
[2024-01-06T02:29:24.148+0000] {logging_mixin.py:188} INFO - [2024-01-06T02:29:24.148+0000] {dag.py:3820} INFO - Setting next_dagrun for latest_only_with_trigger to 2024-01-05T20:00:00+00:00, run_after=2024-01-06T00:00:00+00:00
[2024-01-06T02:29:24.161+0000] {processor.py:183} INFO - Processing /home/airflow/.local/lib/python3.8/site-packages/airflow/example_dags/example_latest_only_with_trigger.py took 0.053 seconds
[2024-01-06T02:29:54.858+0000] {processor.py:161} INFO - Started process (PID=41131) to work on /home/airflow/.local/lib/python3.8/site-packages/airflow/example_dags/example_latest_only_with_trigger.py
[2024-01-06T02:29:54.861+0000] {processor.py:830} INFO - Processing file /home/airflow/.local/lib/python3.8/site-packages/airflow/example_dags/example_latest_only_with_trigger.py for tasks to queue
[2024-01-06T02:29:54.865+0000] {logging_mixin.py:188} INFO - [2024-01-06T02:29:54.865+0000] {dagbag.py:538} INFO - Filling up the DagBag from /home/airflow/.local/lib/python3.8/site-packages/airflow/example_dags/example_latest_only_with_trigger.py
[2024-01-06T02:29:54.873+0000] {processor.py:840} INFO - DAG(s) 'latest_only_with_trigger' retrieved from /home/airflow/.local/lib/python3.8/site-packages/airflow/example_dags/example_latest_only_with_trigger.py
[2024-01-06T02:29:54.888+0000] {logging_mixin.py:188} INFO - [2024-01-06T02:29:54.888+0000] {dag.py:3033} INFO - Sync 1 DAGs
[2024-01-06T02:29:54.900+0000] {logging_mixin.py:188} INFO - [2024-01-06T02:29:54.900+0000] {dag.py:3820} INFO - Setting next_dagrun for latest_only_with_trigger to 2024-01-05T20:00:00+00:00, run_after=2024-01-06T00:00:00+00:00
[2024-01-06T02:29:54.914+0000] {processor.py:183} INFO - Processing /home/airflow/.local/lib/python3.8/site-packages/airflow/example_dags/example_latest_only_with_trigger.py took 0.058 seconds
[2024-01-06T02:30:25.523+0000] {processor.py:161} INFO - Started process (PID=41189) to work on /home/airflow/.local/lib/python3.8/site-packages/airflow/example_dags/example_latest_only_with_trigger.py
[2024-01-06T02:30:25.525+0000] {processor.py:830} INFO - Processing file /home/airflow/.local/lib/python3.8/site-packages/airflow/example_dags/example_latest_only_with_trigger.py for tasks to queue
[2024-01-06T02:30:25.527+0000] {logging_mixin.py:188} INFO - [2024-01-06T02:30:25.527+0000] {dagbag.py:538} INFO - Filling up the DagBag from /home/airflow/.local/lib/python3.8/site-packages/airflow/example_dags/example_latest_only_with_trigger.py
[2024-01-06T02:30:25.532+0000] {processor.py:840} INFO - DAG(s) 'latest_only_with_trigger' retrieved from /home/airflow/.local/lib/python3.8/site-packages/airflow/example_dags/example_latest_only_with_trigger.py
[2024-01-06T02:30:25.547+0000] {logging_mixin.py:188} INFO - [2024-01-06T02:30:25.547+0000] {dag.py:3033} INFO - Sync 1 DAGs
[2024-01-06T02:30:25.561+0000] {logging_mixin.py:188} INFO - [2024-01-06T02:30:25.561+0000] {dag.py:3820} INFO - Setting next_dagrun for latest_only_with_trigger to 2024-01-05T20:00:00+00:00, run_after=2024-01-06T00:00:00+00:00
[2024-01-06T02:30:25.573+0000] {processor.py:183} INFO - Processing /home/airflow/.local/lib/python3.8/site-packages/airflow/example_dags/example_latest_only_with_trigger.py took 0.052 seconds
[2024-01-06T02:30:56.092+0000] {processor.py:161} INFO - Started process (PID=41247) to work on /home/airflow/.local/lib/python3.8/site-packages/airflow/example_dags/example_latest_only_with_trigger.py
[2024-01-06T02:30:56.096+0000] {processor.py:830} INFO - Processing file /home/airflow/.local/lib/python3.8/site-packages/airflow/example_dags/example_latest_only_with_trigger.py for tasks to queue
[2024-01-06T02:30:56.098+0000] {logging_mixin.py:188} INFO - [2024-01-06T02:30:56.097+0000] {dagbag.py:538} INFO - Filling up the DagBag from /home/airflow/.local/lib/python3.8/site-packages/airflow/example_dags/example_latest_only_with_trigger.py
[2024-01-06T02:30:56.102+0000] {processor.py:840} INFO - DAG(s) 'latest_only_with_trigger' retrieved from /home/airflow/.local/lib/python3.8/site-packages/airflow/example_dags/example_latest_only_with_trigger.py
[2024-01-06T02:30:56.117+0000] {logging_mixin.py:188} INFO - [2024-01-06T02:30:56.117+0000] {dag.py:3033} INFO - Sync 1 DAGs
[2024-01-06T02:30:56.130+0000] {logging_mixin.py:188} INFO - [2024-01-06T02:30:56.130+0000] {dag.py:3820} INFO - Setting next_dagrun for latest_only_with_trigger to 2024-01-05T20:00:00+00:00, run_after=2024-01-06T00:00:00+00:00
[2024-01-06T02:30:56.143+0000] {processor.py:183} INFO - Processing /home/airflow/.local/lib/python3.8/site-packages/airflow/example_dags/example_latest_only_with_trigger.py took 0.054 seconds
[2024-01-06T02:31:27.603+0000] {processor.py:161} INFO - Started process (PID=41305) to work on /home/airflow/.local/lib/python3.8/site-packages/airflow/example_dags/example_latest_only_with_trigger.py
[2024-01-06T02:31:27.605+0000] {processor.py:830} INFO - Processing file /home/airflow/.local/lib/python3.8/site-packages/airflow/example_dags/example_latest_only_with_trigger.py for tasks to queue
[2024-01-06T02:31:27.608+0000] {logging_mixin.py:188} INFO - [2024-01-06T02:31:27.608+0000] {dagbag.py:538} INFO - Filling up the DagBag from /home/airflow/.local/lib/python3.8/site-packages/airflow/example_dags/example_latest_only_with_trigger.py
[2024-01-06T02:31:27.614+0000] {processor.py:840} INFO - DAG(s) 'latest_only_with_trigger' retrieved from /home/airflow/.local/lib/python3.8/site-packages/airflow/example_dags/example_latest_only_with_trigger.py
[2024-01-06T02:31:27.631+0000] {logging_mixin.py:188} INFO - [2024-01-06T02:31:27.631+0000] {dag.py:3033} INFO - Sync 1 DAGs
[2024-01-06T02:31:27.652+0000] {logging_mixin.py:188} INFO - [2024-01-06T02:31:27.652+0000] {dag.py:3820} INFO - Setting next_dagrun for latest_only_with_trigger to 2024-01-05T20:00:00+00:00, run_after=2024-01-06T00:00:00+00:00
[2024-01-06T02:31:27.665+0000] {processor.py:183} INFO - Processing /home/airflow/.local/lib/python3.8/site-packages/airflow/example_dags/example_latest_only_with_trigger.py took 0.066 seconds
[2024-01-06T02:31:58.040+0000] {processor.py:161} INFO - Started process (PID=41363) to work on /home/airflow/.local/lib/python3.8/site-packages/airflow/example_dags/example_latest_only_with_trigger.py
[2024-01-06T02:31:58.042+0000] {processor.py:830} INFO - Processing file /home/airflow/.local/lib/python3.8/site-packages/airflow/example_dags/example_latest_only_with_trigger.py for tasks to queue
[2024-01-06T02:31:58.044+0000] {logging_mixin.py:188} INFO - [2024-01-06T02:31:58.043+0000] {dagbag.py:538} INFO - Filling up the DagBag from /home/airflow/.local/lib/python3.8/site-packages/airflow/example_dags/example_latest_only_with_trigger.py
[2024-01-06T02:31:58.048+0000] {processor.py:840} INFO - DAG(s) 'latest_only_with_trigger' retrieved from /home/airflow/.local/lib/python3.8/site-packages/airflow/example_dags/example_latest_only_with_trigger.py
[2024-01-06T02:31:58.064+0000] {logging_mixin.py:188} INFO - [2024-01-06T02:31:58.064+0000] {dag.py:3033} INFO - Sync 1 DAGs
[2024-01-06T02:31:58.081+0000] {logging_mixin.py:188} INFO - [2024-01-06T02:31:58.080+0000] {dag.py:3820} INFO - Setting next_dagrun for latest_only_with_trigger to 2024-01-05T20:00:00+00:00, run_after=2024-01-06T00:00:00+00:00
[2024-01-06T02:31:58.092+0000] {processor.py:183} INFO - Processing /home/airflow/.local/lib/python3.8/site-packages/airflow/example_dags/example_latest_only_with_trigger.py took 0.055 seconds
[2024-01-06T02:32:28.327+0000] {processor.py:161} INFO - Started process (PID=41421) to work on /home/airflow/.local/lib/python3.8/site-packages/airflow/example_dags/example_latest_only_with_trigger.py
[2024-01-06T02:32:28.328+0000] {processor.py:830} INFO - Processing file /home/airflow/.local/lib/python3.8/site-packages/airflow/example_dags/example_latest_only_with_trigger.py for tasks to queue
[2024-01-06T02:32:28.330+0000] {logging_mixin.py:188} INFO - [2024-01-06T02:32:28.330+0000] {dagbag.py:538} INFO - Filling up the DagBag from /home/airflow/.local/lib/python3.8/site-packages/airflow/example_dags/example_latest_only_with_trigger.py
[2024-01-06T02:32:28.335+0000] {processor.py:840} INFO - DAG(s) 'latest_only_with_trigger' retrieved from /home/airflow/.local/lib/python3.8/site-packages/airflow/example_dags/example_latest_only_with_trigger.py
[2024-01-06T02:32:28.351+0000] {logging_mixin.py:188} INFO - [2024-01-06T02:32:28.351+0000] {dag.py:3033} INFO - Sync 1 DAGs
[2024-01-06T02:32:28.364+0000] {logging_mixin.py:188} INFO - [2024-01-06T02:32:28.363+0000] {dag.py:3820} INFO - Setting next_dagrun for latest_only_with_trigger to 2024-01-05T20:00:00+00:00, run_after=2024-01-06T00:00:00+00:00
[2024-01-06T02:32:28.375+0000] {processor.py:183} INFO - Processing /home/airflow/.local/lib/python3.8/site-packages/airflow/example_dags/example_latest_only_with_trigger.py took 0.051 seconds
[2024-01-06T02:32:59.584+0000] {processor.py:161} INFO - Started process (PID=41478) to work on /home/airflow/.local/lib/python3.8/site-packages/airflow/example_dags/example_latest_only_with_trigger.py
[2024-01-06T02:32:59.586+0000] {processor.py:830} INFO - Processing file /home/airflow/.local/lib/python3.8/site-packages/airflow/example_dags/example_latest_only_with_trigger.py for tasks to queue
[2024-01-06T02:32:59.588+0000] {logging_mixin.py:188} INFO - [2024-01-06T02:32:59.588+0000] {dagbag.py:538} INFO - Filling up the DagBag from /home/airflow/.local/lib/python3.8/site-packages/airflow/example_dags/example_latest_only_with_trigger.py
[2024-01-06T02:32:59.594+0000] {processor.py:840} INFO - DAG(s) 'latest_only_with_trigger' retrieved from /home/airflow/.local/lib/python3.8/site-packages/airflow/example_dags/example_latest_only_with_trigger.py
[2024-01-06T02:32:59.610+0000] {logging_mixin.py:188} INFO - [2024-01-06T02:32:59.610+0000] {dag.py:3033} INFO - Sync 1 DAGs
[2024-01-06T02:32:59.625+0000] {logging_mixin.py:188} INFO - [2024-01-06T02:32:59.625+0000] {dag.py:3820} INFO - Setting next_dagrun for latest_only_with_trigger to 2024-01-05T20:00:00+00:00, run_after=2024-01-06T00:00:00+00:00
[2024-01-06T02:32:59.638+0000] {processor.py:183} INFO - Processing /home/airflow/.local/lib/python3.8/site-packages/airflow/example_dags/example_latest_only_with_trigger.py took 0.057 seconds
[2024-01-06T02:33:43.895+0000] {processor.py:161} INFO - Started process (PID=41536) to work on /home/airflow/.local/lib/python3.8/site-packages/airflow/example_dags/example_latest_only_with_trigger.py
[2024-01-06T02:33:43.906+0000] {processor.py:830} INFO - Processing file /home/airflow/.local/lib/python3.8/site-packages/airflow/example_dags/example_latest_only_with_trigger.py for tasks to queue
[2024-01-06T02:33:43.958+0000] {logging_mixin.py:188} INFO - [2024-01-06T02:33:43.956+0000] {dagbag.py:538} INFO - Filling up the DagBag from /home/airflow/.local/lib/python3.8/site-packages/airflow/example_dags/example_latest_only_with_trigger.py
[2024-01-06T02:33:44.001+0000] {processor.py:840} INFO - DAG(s) 'latest_only_with_trigger' retrieved from /home/airflow/.local/lib/python3.8/site-packages/airflow/example_dags/example_latest_only_with_trigger.py
[2024-01-06T02:33:44.260+0000] {logging_mixin.py:188} INFO - [2024-01-06T02:33:44.260+0000] {dag.py:3033} INFO - Sync 1 DAGs
[2024-01-06T02:33:44.338+0000] {logging_mixin.py:188} INFO - [2024-01-06T02:33:44.337+0000] {dag.py:3820} INFO - Setting next_dagrun for latest_only_with_trigger to 2024-01-05T20:00:00+00:00, run_after=2024-01-06T00:00:00+00:00
[2024-01-06T02:33:44.437+0000] {processor.py:183} INFO - Processing /home/airflow/.local/lib/python3.8/site-packages/airflow/example_dags/example_latest_only_with_trigger.py took 0.557 seconds
[2024-01-06T02:34:15.240+0000] {processor.py:161} INFO - Started process (PID=41594) to work on /home/airflow/.local/lib/python3.8/site-packages/airflow/example_dags/example_latest_only_with_trigger.py
[2024-01-06T02:34:15.243+0000] {processor.py:830} INFO - Processing file /home/airflow/.local/lib/python3.8/site-packages/airflow/example_dags/example_latest_only_with_trigger.py for tasks to queue
[2024-01-06T02:34:15.246+0000] {logging_mixin.py:188} INFO - [2024-01-06T02:34:15.246+0000] {dagbag.py:538} INFO - Filling up the DagBag from /home/airflow/.local/lib/python3.8/site-packages/airflow/example_dags/example_latest_only_with_trigger.py
[2024-01-06T02:34:15.253+0000] {processor.py:840} INFO - DAG(s) 'latest_only_with_trigger' retrieved from /home/airflow/.local/lib/python3.8/site-packages/airflow/example_dags/example_latest_only_with_trigger.py
[2024-01-06T02:34:15.271+0000] {logging_mixin.py:188} INFO - [2024-01-06T02:34:15.271+0000] {dag.py:3033} INFO - Sync 1 DAGs
[2024-01-06T02:34:15.285+0000] {logging_mixin.py:188} INFO - [2024-01-06T02:34:15.285+0000] {dag.py:3820} INFO - Setting next_dagrun for latest_only_with_trigger to 2024-01-05T20:00:00+00:00, run_after=2024-01-06T00:00:00+00:00
[2024-01-06T02:34:15.297+0000] {processor.py:183} INFO - Processing /home/airflow/.local/lib/python3.8/site-packages/airflow/example_dags/example_latest_only_with_trigger.py took 0.060 seconds
[2024-01-06T02:34:45.937+0000] {processor.py:161} INFO - Started process (PID=41652) to work on /home/airflow/.local/lib/python3.8/site-packages/airflow/example_dags/example_latest_only_with_trigger.py
[2024-01-06T02:34:45.939+0000] {processor.py:830} INFO - Processing file /home/airflow/.local/lib/python3.8/site-packages/airflow/example_dags/example_latest_only_with_trigger.py for tasks to queue
[2024-01-06T02:34:45.941+0000] {logging_mixin.py:188} INFO - [2024-01-06T02:34:45.941+0000] {dagbag.py:538} INFO - Filling up the DagBag from /home/airflow/.local/lib/python3.8/site-packages/airflow/example_dags/example_latest_only_with_trigger.py
[2024-01-06T02:34:45.947+0000] {processor.py:840} INFO - DAG(s) 'latest_only_with_trigger' retrieved from /home/airflow/.local/lib/python3.8/site-packages/airflow/example_dags/example_latest_only_with_trigger.py
[2024-01-06T02:34:45.961+0000] {logging_mixin.py:188} INFO - [2024-01-06T02:34:45.960+0000] {dag.py:3033} INFO - Sync 1 DAGs
[2024-01-06T02:34:45.975+0000] {logging_mixin.py:188} INFO - [2024-01-06T02:34:45.975+0000] {dag.py:3820} INFO - Setting next_dagrun for latest_only_with_trigger to 2024-01-05T20:00:00+00:00, run_after=2024-01-06T00:00:00+00:00
[2024-01-06T02:34:45.988+0000] {processor.py:183} INFO - Processing /home/airflow/.local/lib/python3.8/site-packages/airflow/example_dags/example_latest_only_with_trigger.py took 0.053 seconds
[2024-01-06T02:35:16.144+0000] {processor.py:161} INFO - Started process (PID=41709) to work on /home/airflow/.local/lib/python3.8/site-packages/airflow/example_dags/example_latest_only_with_trigger.py
[2024-01-06T02:35:16.146+0000] {processor.py:830} INFO - Processing file /home/airflow/.local/lib/python3.8/site-packages/airflow/example_dags/example_latest_only_with_trigger.py for tasks to queue
[2024-01-06T02:35:16.149+0000] {logging_mixin.py:188} INFO - [2024-01-06T02:35:16.149+0000] {dagbag.py:538} INFO - Filling up the DagBag from /home/airflow/.local/lib/python3.8/site-packages/airflow/example_dags/example_latest_only_with_trigger.py
[2024-01-06T02:35:16.154+0000] {processor.py:840} INFO - DAG(s) 'latest_only_with_trigger' retrieved from /home/airflow/.local/lib/python3.8/site-packages/airflow/example_dags/example_latest_only_with_trigger.py
[2024-01-06T02:35:16.175+0000] {logging_mixin.py:188} INFO - [2024-01-06T02:35:16.175+0000] {dag.py:3033} INFO - Sync 1 DAGs
[2024-01-06T02:35:16.190+0000] {logging_mixin.py:188} INFO - [2024-01-06T02:35:16.190+0000] {dag.py:3820} INFO - Setting next_dagrun for latest_only_with_trigger to 2024-01-05T20:00:00+00:00, run_after=2024-01-06T00:00:00+00:00
[2024-01-06T02:35:16.218+0000] {processor.py:183} INFO - Processing /home/airflow/.local/lib/python3.8/site-packages/airflow/example_dags/example_latest_only_with_trigger.py took 0.078 seconds
[2024-01-06T02:35:46.637+0000] {processor.py:161} INFO - Started process (PID=41767) to work on /home/airflow/.local/lib/python3.8/site-packages/airflow/example_dags/example_latest_only_with_trigger.py
[2024-01-06T02:35:46.639+0000] {processor.py:830} INFO - Processing file /home/airflow/.local/lib/python3.8/site-packages/airflow/example_dags/example_latest_only_with_trigger.py for tasks to queue
[2024-01-06T02:35:46.642+0000] {logging_mixin.py:188} INFO - [2024-01-06T02:35:46.642+0000] {dagbag.py:538} INFO - Filling up the DagBag from /home/airflow/.local/lib/python3.8/site-packages/airflow/example_dags/example_latest_only_with_trigger.py
[2024-01-06T02:35:46.648+0000] {processor.py:840} INFO - DAG(s) 'latest_only_with_trigger' retrieved from /home/airflow/.local/lib/python3.8/site-packages/airflow/example_dags/example_latest_only_with_trigger.py
[2024-01-06T02:35:46.665+0000] {logging_mixin.py:188} INFO - [2024-01-06T02:35:46.665+0000] {dag.py:3033} INFO - Sync 1 DAGs
[2024-01-06T02:35:46.678+0000] {logging_mixin.py:188} INFO - [2024-01-06T02:35:46.678+0000] {dag.py:3820} INFO - Setting next_dagrun for latest_only_with_trigger to 2024-01-05T20:00:00+00:00, run_after=2024-01-06T00:00:00+00:00
[2024-01-06T02:35:46.689+0000] {processor.py:183} INFO - Processing /home/airflow/.local/lib/python3.8/site-packages/airflow/example_dags/example_latest_only_with_trigger.py took 0.056 seconds
[2024-01-06T02:36:17.281+0000] {processor.py:161} INFO - Started process (PID=41825) to work on /home/airflow/.local/lib/python3.8/site-packages/airflow/example_dags/example_latest_only_with_trigger.py
[2024-01-06T02:36:17.283+0000] {processor.py:830} INFO - Processing file /home/airflow/.local/lib/python3.8/site-packages/airflow/example_dags/example_latest_only_with_trigger.py for tasks to queue
[2024-01-06T02:36:17.288+0000] {logging_mixin.py:188} INFO - [2024-01-06T02:36:17.288+0000] {dagbag.py:538} INFO - Filling up the DagBag from /home/airflow/.local/lib/python3.8/site-packages/airflow/example_dags/example_latest_only_with_trigger.py
[2024-01-06T02:36:17.294+0000] {processor.py:840} INFO - DAG(s) 'latest_only_with_trigger' retrieved from /home/airflow/.local/lib/python3.8/site-packages/airflow/example_dags/example_latest_only_with_trigger.py
[2024-01-06T02:36:17.318+0000] {logging_mixin.py:188} INFO - [2024-01-06T02:36:17.318+0000] {dag.py:3033} INFO - Sync 1 DAGs
[2024-01-06T02:36:17.336+0000] {logging_mixin.py:188} INFO - [2024-01-06T02:36:17.336+0000] {dag.py:3820} INFO - Setting next_dagrun for latest_only_with_trigger to 2024-01-05T20:00:00+00:00, run_after=2024-01-06T00:00:00+00:00
[2024-01-06T02:36:17.349+0000] {processor.py:183} INFO - Processing /home/airflow/.local/lib/python3.8/site-packages/airflow/example_dags/example_latest_only_with_trigger.py took 0.071 seconds
[2024-01-06T02:36:47.438+0000] {processor.py:161} INFO - Started process (PID=41883) to work on /home/airflow/.local/lib/python3.8/site-packages/airflow/example_dags/example_latest_only_with_trigger.py
[2024-01-06T02:36:47.444+0000] {processor.py:830} INFO - Processing file /home/airflow/.local/lib/python3.8/site-packages/airflow/example_dags/example_latest_only_with_trigger.py for tasks to queue
[2024-01-06T02:36:47.447+0000] {logging_mixin.py:188} INFO - [2024-01-06T02:36:47.447+0000] {dagbag.py:538} INFO - Filling up the DagBag from /home/airflow/.local/lib/python3.8/site-packages/airflow/example_dags/example_latest_only_with_trigger.py
[2024-01-06T02:36:47.454+0000] {processor.py:840} INFO - DAG(s) 'latest_only_with_trigger' retrieved from /home/airflow/.local/lib/python3.8/site-packages/airflow/example_dags/example_latest_only_with_trigger.py
[2024-01-06T02:36:47.470+0000] {logging_mixin.py:188} INFO - [2024-01-06T02:36:47.470+0000] {dag.py:3033} INFO - Sync 1 DAGs
[2024-01-06T02:36:47.485+0000] {logging_mixin.py:188} INFO - [2024-01-06T02:36:47.485+0000] {dag.py:3820} INFO - Setting next_dagrun for latest_only_with_trigger to 2024-01-05T20:00:00+00:00, run_after=2024-01-06T00:00:00+00:00
[2024-01-06T02:36:47.498+0000] {processor.py:183} INFO - Processing /home/airflow/.local/lib/python3.8/site-packages/airflow/example_dags/example_latest_only_with_trigger.py took 0.065 seconds
[2024-01-06T02:37:17.716+0000] {processor.py:161} INFO - Started process (PID=41941) to work on /home/airflow/.local/lib/python3.8/site-packages/airflow/example_dags/example_latest_only_with_trigger.py
[2024-01-06T02:37:17.718+0000] {processor.py:830} INFO - Processing file /home/airflow/.local/lib/python3.8/site-packages/airflow/example_dags/example_latest_only_with_trigger.py for tasks to queue
[2024-01-06T02:37:17.722+0000] {logging_mixin.py:188} INFO - [2024-01-06T02:37:17.721+0000] {dagbag.py:538} INFO - Filling up the DagBag from /home/airflow/.local/lib/python3.8/site-packages/airflow/example_dags/example_latest_only_with_trigger.py
[2024-01-06T02:37:17.728+0000] {processor.py:840} INFO - DAG(s) 'latest_only_with_trigger' retrieved from /home/airflow/.local/lib/python3.8/site-packages/airflow/example_dags/example_latest_only_with_trigger.py
[2024-01-06T02:37:17.746+0000] {logging_mixin.py:188} INFO - [2024-01-06T02:37:17.745+0000] {dag.py:3033} INFO - Sync 1 DAGs
[2024-01-06T02:37:17.760+0000] {logging_mixin.py:188} INFO - [2024-01-06T02:37:17.760+0000] {dag.py:3820} INFO - Setting next_dagrun for latest_only_with_trigger to 2024-01-05T20:00:00+00:00, run_after=2024-01-06T00:00:00+00:00
[2024-01-06T02:37:17.772+0000] {processor.py:183} INFO - Processing /home/airflow/.local/lib/python3.8/site-packages/airflow/example_dags/example_latest_only_with_trigger.py took 0.062 seconds
[2024-01-06T02:37:48.124+0000] {processor.py:161} INFO - Started process (PID=41998) to work on /home/airflow/.local/lib/python3.8/site-packages/airflow/example_dags/example_latest_only_with_trigger.py
[2024-01-06T02:37:48.127+0000] {processor.py:830} INFO - Processing file /home/airflow/.local/lib/python3.8/site-packages/airflow/example_dags/example_latest_only_with_trigger.py for tasks to queue
[2024-01-06T02:37:48.130+0000] {logging_mixin.py:188} INFO - [2024-01-06T02:37:48.130+0000] {dagbag.py:538} INFO - Filling up the DagBag from /home/airflow/.local/lib/python3.8/site-packages/airflow/example_dags/example_latest_only_with_trigger.py
[2024-01-06T02:37:48.136+0000] {processor.py:840} INFO - DAG(s) 'latest_only_with_trigger' retrieved from /home/airflow/.local/lib/python3.8/site-packages/airflow/example_dags/example_latest_only_with_trigger.py
[2024-01-06T02:37:48.154+0000] {logging_mixin.py:188} INFO - [2024-01-06T02:37:48.154+0000] {dag.py:3033} INFO - Sync 1 DAGs
[2024-01-06T02:37:48.168+0000] {logging_mixin.py:188} INFO - [2024-01-06T02:37:48.168+0000] {dag.py:3820} INFO - Setting next_dagrun for latest_only_with_trigger to 2024-01-05T20:00:00+00:00, run_after=2024-01-06T00:00:00+00:00
[2024-01-06T02:37:48.181+0000] {processor.py:183} INFO - Processing /home/airflow/.local/lib/python3.8/site-packages/airflow/example_dags/example_latest_only_with_trigger.py took 0.062 seconds
[2024-01-06T02:38:18.564+0000] {processor.py:161} INFO - Started process (PID=42056) to work on /home/airflow/.local/lib/python3.8/site-packages/airflow/example_dags/example_latest_only_with_trigger.py
[2024-01-06T02:38:18.565+0000] {processor.py:830} INFO - Processing file /home/airflow/.local/lib/python3.8/site-packages/airflow/example_dags/example_latest_only_with_trigger.py for tasks to queue
[2024-01-06T02:38:18.568+0000] {logging_mixin.py:188} INFO - [2024-01-06T02:38:18.567+0000] {dagbag.py:538} INFO - Filling up the DagBag from /home/airflow/.local/lib/python3.8/site-packages/airflow/example_dags/example_latest_only_with_trigger.py
[2024-01-06T02:38:18.572+0000] {processor.py:840} INFO - DAG(s) 'latest_only_with_trigger' retrieved from /home/airflow/.local/lib/python3.8/site-packages/airflow/example_dags/example_latest_only_with_trigger.py
[2024-01-06T02:38:18.588+0000] {logging_mixin.py:188} INFO - [2024-01-06T02:38:18.588+0000] {dag.py:3033} INFO - Sync 1 DAGs
[2024-01-06T02:38:18.602+0000] {logging_mixin.py:188} INFO - [2024-01-06T02:38:18.602+0000] {dag.py:3820} INFO - Setting next_dagrun for latest_only_with_trigger to 2024-01-05T20:00:00+00:00, run_after=2024-01-06T00:00:00+00:00
[2024-01-06T02:38:18.613+0000] {processor.py:183} INFO - Processing /home/airflow/.local/lib/python3.8/site-packages/airflow/example_dags/example_latest_only_with_trigger.py took 0.053 seconds
[2024-01-06T02:38:48.860+0000] {processor.py:161} INFO - Started process (PID=42114) to work on /home/airflow/.local/lib/python3.8/site-packages/airflow/example_dags/example_latest_only_with_trigger.py
[2024-01-06T02:38:48.862+0000] {processor.py:830} INFO - Processing file /home/airflow/.local/lib/python3.8/site-packages/airflow/example_dags/example_latest_only_with_trigger.py for tasks to queue
[2024-01-06T02:38:48.864+0000] {logging_mixin.py:188} INFO - [2024-01-06T02:38:48.864+0000] {dagbag.py:538} INFO - Filling up the DagBag from /home/airflow/.local/lib/python3.8/site-packages/airflow/example_dags/example_latest_only_with_trigger.py
[2024-01-06T02:38:48.872+0000] {processor.py:840} INFO - DAG(s) 'latest_only_with_trigger' retrieved from /home/airflow/.local/lib/python3.8/site-packages/airflow/example_dags/example_latest_only_with_trigger.py
[2024-01-06T02:38:48.900+0000] {logging_mixin.py:188} INFO - [2024-01-06T02:38:48.900+0000] {dag.py:3033} INFO - Sync 1 DAGs
[2024-01-06T02:38:48.927+0000] {logging_mixin.py:188} INFO - [2024-01-06T02:38:48.927+0000] {dag.py:3820} INFO - Setting next_dagrun for latest_only_with_trigger to 2024-01-05T20:00:00+00:00, run_after=2024-01-06T00:00:00+00:00
[2024-01-06T02:38:48.948+0000] {processor.py:183} INFO - Processing /home/airflow/.local/lib/python3.8/site-packages/airflow/example_dags/example_latest_only_with_trigger.py took 0.091 seconds
[2024-01-06T02:39:19.522+0000] {processor.py:161} INFO - Started process (PID=42171) to work on /home/airflow/.local/lib/python3.8/site-packages/airflow/example_dags/example_latest_only_with_trigger.py
[2024-01-06T02:39:19.524+0000] {processor.py:830} INFO - Processing file /home/airflow/.local/lib/python3.8/site-packages/airflow/example_dags/example_latest_only_with_trigger.py for tasks to queue
[2024-01-06T02:39:19.526+0000] {logging_mixin.py:188} INFO - [2024-01-06T02:39:19.526+0000] {dagbag.py:538} INFO - Filling up the DagBag from /home/airflow/.local/lib/python3.8/site-packages/airflow/example_dags/example_latest_only_with_trigger.py
[2024-01-06T02:39:19.532+0000] {processor.py:840} INFO - DAG(s) 'latest_only_with_trigger' retrieved from /home/airflow/.local/lib/python3.8/site-packages/airflow/example_dags/example_latest_only_with_trigger.py
[2024-01-06T02:39:19.548+0000] {logging_mixin.py:188} INFO - [2024-01-06T02:39:19.548+0000] {dag.py:3033} INFO - Sync 1 DAGs
[2024-01-06T02:39:19.562+0000] {logging_mixin.py:188} INFO - [2024-01-06T02:39:19.562+0000] {dag.py:3820} INFO - Setting next_dagrun for latest_only_with_trigger to 2024-01-05T20:00:00+00:00, run_after=2024-01-06T00:00:00+00:00
[2024-01-06T02:39:19.579+0000] {processor.py:183} INFO - Processing /home/airflow/.local/lib/python3.8/site-packages/airflow/example_dags/example_latest_only_with_trigger.py took 0.060 seconds
[2024-01-06T02:39:50.037+0000] {processor.py:161} INFO - Started process (PID=42228) to work on /home/airflow/.local/lib/python3.8/site-packages/airflow/example_dags/example_latest_only_with_trigger.py
[2024-01-06T02:39:50.039+0000] {processor.py:830} INFO - Processing file /home/airflow/.local/lib/python3.8/site-packages/airflow/example_dags/example_latest_only_with_trigger.py for tasks to queue
[2024-01-06T02:39:50.042+0000] {logging_mixin.py:188} INFO - [2024-01-06T02:39:50.041+0000] {dagbag.py:538} INFO - Filling up the DagBag from /home/airflow/.local/lib/python3.8/site-packages/airflow/example_dags/example_latest_only_with_trigger.py
[2024-01-06T02:39:50.049+0000] {processor.py:840} INFO - DAG(s) 'latest_only_with_trigger' retrieved from /home/airflow/.local/lib/python3.8/site-packages/airflow/example_dags/example_latest_only_with_trigger.py
[2024-01-06T02:39:50.065+0000] {logging_mixin.py:188} INFO - [2024-01-06T02:39:50.065+0000] {dag.py:3033} INFO - Sync 1 DAGs
[2024-01-06T02:39:50.079+0000] {logging_mixin.py:188} INFO - [2024-01-06T02:39:50.079+0000] {dag.py:3820} INFO - Setting next_dagrun for latest_only_with_trigger to 2024-01-05T20:00:00+00:00, run_after=2024-01-06T00:00:00+00:00
[2024-01-06T02:39:50.091+0000] {processor.py:183} INFO - Processing /home/airflow/.local/lib/python3.8/site-packages/airflow/example_dags/example_latest_only_with_trigger.py took 0.059 seconds
[2024-01-06T02:40:20.153+0000] {processor.py:161} INFO - Started process (PID=42287) to work on /home/airflow/.local/lib/python3.8/site-packages/airflow/example_dags/example_latest_only_with_trigger.py
[2024-01-06T02:40:20.156+0000] {processor.py:830} INFO - Processing file /home/airflow/.local/lib/python3.8/site-packages/airflow/example_dags/example_latest_only_with_trigger.py for tasks to queue
[2024-01-06T02:40:20.160+0000] {logging_mixin.py:188} INFO - [2024-01-06T02:40:20.160+0000] {dagbag.py:538} INFO - Filling up the DagBag from /home/airflow/.local/lib/python3.8/site-packages/airflow/example_dags/example_latest_only_with_trigger.py
[2024-01-06T02:40:20.166+0000] {processor.py:840} INFO - DAG(s) 'latest_only_with_trigger' retrieved from /home/airflow/.local/lib/python3.8/site-packages/airflow/example_dags/example_latest_only_with_trigger.py
[2024-01-06T02:40:20.186+0000] {logging_mixin.py:188} INFO - [2024-01-06T02:40:20.186+0000] {dag.py:3033} INFO - Sync 1 DAGs
[2024-01-06T02:40:20.203+0000] {logging_mixin.py:188} INFO - [2024-01-06T02:40:20.203+0000] {dag.py:3820} INFO - Setting next_dagrun for latest_only_with_trigger to 2024-01-05T20:00:00+00:00, run_after=2024-01-06T00:00:00+00:00
[2024-01-06T02:40:20.217+0000] {processor.py:183} INFO - Processing /home/airflow/.local/lib/python3.8/site-packages/airflow/example_dags/example_latest_only_with_trigger.py took 0.067 seconds
[2024-01-06T02:40:59.407+0000] {processor.py:161} INFO - Started process (PID=42352) to work on /home/airflow/.local/lib/python3.8/site-packages/airflow/example_dags/example_latest_only_with_trigger.py
[2024-01-06T02:40:59.433+0000] {processor.py:830} INFO - Processing file /home/airflow/.local/lib/python3.8/site-packages/airflow/example_dags/example_latest_only_with_trigger.py for tasks to queue
[2024-01-06T02:40:59.480+0000] {logging_mixin.py:188} INFO - [2024-01-06T02:40:59.475+0000] {dagbag.py:538} INFO - Filling up the DagBag from /home/airflow/.local/lib/python3.8/site-packages/airflow/example_dags/example_latest_only_with_trigger.py
[2024-01-06T02:40:59.607+0000] {processor.py:840} INFO - DAG(s) 'latest_only_with_trigger' retrieved from /home/airflow/.local/lib/python3.8/site-packages/airflow/example_dags/example_latest_only_with_trigger.py
[2024-01-06T02:40:59.839+0000] {logging_mixin.py:188} INFO - [2024-01-06T02:40:59.839+0000] {dag.py:3033} INFO - Sync 1 DAGs
[2024-01-06T02:41:00.090+0000] {logging_mixin.py:188} INFO - [2024-01-06T02:41:00.088+0000] {dag.py:3820} INFO - Setting next_dagrun for latest_only_with_trigger to 2024-01-05T20:00:00+00:00, run_after=2024-01-06T00:00:00+00:00
[2024-01-06T02:41:00.164+0000] {processor.py:183} INFO - Processing /home/airflow/.local/lib/python3.8/site-packages/airflow/example_dags/example_latest_only_with_trigger.py took 0.766 seconds
[2024-01-06T02:41:30.277+0000] {processor.py:161} INFO - Started process (PID=42410) to work on /home/airflow/.local/lib/python3.8/site-packages/airflow/example_dags/example_latest_only_with_trigger.py
[2024-01-06T02:41:30.279+0000] {processor.py:830} INFO - Processing file /home/airflow/.local/lib/python3.8/site-packages/airflow/example_dags/example_latest_only_with_trigger.py for tasks to queue
[2024-01-06T02:41:30.281+0000] {logging_mixin.py:188} INFO - [2024-01-06T02:41:30.281+0000] {dagbag.py:538} INFO - Filling up the DagBag from /home/airflow/.local/lib/python3.8/site-packages/airflow/example_dags/example_latest_only_with_trigger.py
[2024-01-06T02:41:30.286+0000] {processor.py:840} INFO - DAG(s) 'latest_only_with_trigger' retrieved from /home/airflow/.local/lib/python3.8/site-packages/airflow/example_dags/example_latest_only_with_trigger.py
[2024-01-06T02:41:30.301+0000] {logging_mixin.py:188} INFO - [2024-01-06T02:41:30.301+0000] {dag.py:3033} INFO - Sync 1 DAGs
[2024-01-06T02:41:30.315+0000] {logging_mixin.py:188} INFO - [2024-01-06T02:41:30.314+0000] {dag.py:3820} INFO - Setting next_dagrun for latest_only_with_trigger to 2024-01-05T20:00:00+00:00, run_after=2024-01-06T00:00:00+00:00
[2024-01-06T02:41:30.329+0000] {processor.py:183} INFO - Processing /home/airflow/.local/lib/python3.8/site-packages/airflow/example_dags/example_latest_only_with_trigger.py took 0.055 seconds
[2024-01-06T02:42:00.436+0000] {processor.py:161} INFO - Started process (PID=42467) to work on /home/airflow/.local/lib/python3.8/site-packages/airflow/example_dags/example_latest_only_with_trigger.py
[2024-01-06T02:42:00.439+0000] {processor.py:830} INFO - Processing file /home/airflow/.local/lib/python3.8/site-packages/airflow/example_dags/example_latest_only_with_trigger.py for tasks to queue
[2024-01-06T02:42:00.445+0000] {logging_mixin.py:188} INFO - [2024-01-06T02:42:00.444+0000] {dagbag.py:538} INFO - Filling up the DagBag from /home/airflow/.local/lib/python3.8/site-packages/airflow/example_dags/example_latest_only_with_trigger.py
[2024-01-06T02:42:00.454+0000] {processor.py:840} INFO - DAG(s) 'latest_only_with_trigger' retrieved from /home/airflow/.local/lib/python3.8/site-packages/airflow/example_dags/example_latest_only_with_trigger.py
[2024-01-06T02:42:00.506+0000] {logging_mixin.py:188} INFO - [2024-01-06T02:42:00.505+0000] {dag.py:3033} INFO - Sync 1 DAGs
[2024-01-06T02:42:00.539+0000] {logging_mixin.py:188} INFO - [2024-01-06T02:42:00.538+0000] {dag.py:3820} INFO - Setting next_dagrun for latest_only_with_trigger to 2024-01-05T20:00:00+00:00, run_after=2024-01-06T00:00:00+00:00
[2024-01-06T02:42:00.555+0000] {processor.py:183} INFO - Processing /home/airflow/.local/lib/python3.8/site-packages/airflow/example_dags/example_latest_only_with_trigger.py took 0.124 seconds
[2024-01-06T02:42:30.649+0000] {processor.py:161} INFO - Started process (PID=42525) to work on /home/airflow/.local/lib/python3.8/site-packages/airflow/example_dags/example_latest_only_with_trigger.py
[2024-01-06T02:42:30.650+0000] {processor.py:830} INFO - Processing file /home/airflow/.local/lib/python3.8/site-packages/airflow/example_dags/example_latest_only_with_trigger.py for tasks to queue
[2024-01-06T02:42:30.653+0000] {logging_mixin.py:188} INFO - [2024-01-06T02:42:30.653+0000] {dagbag.py:538} INFO - Filling up the DagBag from /home/airflow/.local/lib/python3.8/site-packages/airflow/example_dags/example_latest_only_with_trigger.py
[2024-01-06T02:42:30.674+0000] {processor.py:840} INFO - DAG(s) 'latest_only_with_trigger' retrieved from /home/airflow/.local/lib/python3.8/site-packages/airflow/example_dags/example_latest_only_with_trigger.py
[2024-01-06T02:42:30.692+0000] {logging_mixin.py:188} INFO - [2024-01-06T02:42:30.692+0000] {dag.py:3033} INFO - Sync 1 DAGs
[2024-01-06T02:42:30.705+0000] {logging_mixin.py:188} INFO - [2024-01-06T02:42:30.705+0000] {dag.py:3820} INFO - Setting next_dagrun for latest_only_with_trigger to 2024-01-05T20:00:00+00:00, run_after=2024-01-06T00:00:00+00:00
[2024-01-06T02:42:30.716+0000] {processor.py:183} INFO - Processing /home/airflow/.local/lib/python3.8/site-packages/airflow/example_dags/example_latest_only_with_trigger.py took 0.069 seconds
[2024-01-06T02:43:00.916+0000] {processor.py:161} INFO - Started process (PID=42583) to work on /home/airflow/.local/lib/python3.8/site-packages/airflow/example_dags/example_latest_only_with_trigger.py
[2024-01-06T02:43:00.918+0000] {processor.py:830} INFO - Processing file /home/airflow/.local/lib/python3.8/site-packages/airflow/example_dags/example_latest_only_with_trigger.py for tasks to queue
[2024-01-06T02:43:00.920+0000] {logging_mixin.py:188} INFO - [2024-01-06T02:43:00.920+0000] {dagbag.py:538} INFO - Filling up the DagBag from /home/airflow/.local/lib/python3.8/site-packages/airflow/example_dags/example_latest_only_with_trigger.py
[2024-01-06T02:43:00.925+0000] {processor.py:840} INFO - DAG(s) 'latest_only_with_trigger' retrieved from /home/airflow/.local/lib/python3.8/site-packages/airflow/example_dags/example_latest_only_with_trigger.py
[2024-01-06T02:43:00.939+0000] {logging_mixin.py:188} INFO - [2024-01-06T02:43:00.939+0000] {dag.py:3033} INFO - Sync 1 DAGs
[2024-01-06T02:43:00.952+0000] {logging_mixin.py:188} INFO - [2024-01-06T02:43:00.951+0000] {dag.py:3820} INFO - Setting next_dagrun for latest_only_with_trigger to 2024-01-05T20:00:00+00:00, run_after=2024-01-06T00:00:00+00:00
[2024-01-06T02:43:00.962+0000] {processor.py:183} INFO - Processing /home/airflow/.local/lib/python3.8/site-packages/airflow/example_dags/example_latest_only_with_trigger.py took 0.048 seconds
[2024-01-06T02:43:31.296+0000] {processor.py:161} INFO - Started process (PID=42641) to work on /home/airflow/.local/lib/python3.8/site-packages/airflow/example_dags/example_latest_only_with_trigger.py
[2024-01-06T02:43:31.298+0000] {processor.py:830} INFO - Processing file /home/airflow/.local/lib/python3.8/site-packages/airflow/example_dags/example_latest_only_with_trigger.py for tasks to queue
[2024-01-06T02:43:31.300+0000] {logging_mixin.py:188} INFO - [2024-01-06T02:43:31.300+0000] {dagbag.py:538} INFO - Filling up the DagBag from /home/airflow/.local/lib/python3.8/site-packages/airflow/example_dags/example_latest_only_with_trigger.py
[2024-01-06T02:43:31.304+0000] {processor.py:840} INFO - DAG(s) 'latest_only_with_trigger' retrieved from /home/airflow/.local/lib/python3.8/site-packages/airflow/example_dags/example_latest_only_with_trigger.py
[2024-01-06T02:43:31.319+0000] {logging_mixin.py:188} INFO - [2024-01-06T02:43:31.319+0000] {dag.py:3033} INFO - Sync 1 DAGs
[2024-01-06T02:43:31.337+0000] {logging_mixin.py:188} INFO - [2024-01-06T02:43:31.337+0000] {dag.py:3820} INFO - Setting next_dagrun for latest_only_with_trigger to 2024-01-05T20:00:00+00:00, run_after=2024-01-06T00:00:00+00:00
[2024-01-06T02:43:31.352+0000] {processor.py:183} INFO - Processing /home/airflow/.local/lib/python3.8/site-packages/airflow/example_dags/example_latest_only_with_trigger.py took 0.059 seconds
[2024-01-06T02:44:01.609+0000] {processor.py:161} INFO - Started process (PID=42699) to work on /home/airflow/.local/lib/python3.8/site-packages/airflow/example_dags/example_latest_only_with_trigger.py
[2024-01-06T02:44:01.611+0000] {processor.py:830} INFO - Processing file /home/airflow/.local/lib/python3.8/site-packages/airflow/example_dags/example_latest_only_with_trigger.py for tasks to queue
[2024-01-06T02:44:01.613+0000] {logging_mixin.py:188} INFO - [2024-01-06T02:44:01.612+0000] {dagbag.py:538} INFO - Filling up the DagBag from /home/airflow/.local/lib/python3.8/site-packages/airflow/example_dags/example_latest_only_with_trigger.py
[2024-01-06T02:44:01.617+0000] {processor.py:840} INFO - DAG(s) 'latest_only_with_trigger' retrieved from /home/airflow/.local/lib/python3.8/site-packages/airflow/example_dags/example_latest_only_with_trigger.py
[2024-01-06T02:44:01.634+0000] {logging_mixin.py:188} INFO - [2024-01-06T02:44:01.634+0000] {dag.py:3033} INFO - Sync 1 DAGs
[2024-01-06T02:44:01.657+0000] {logging_mixin.py:188} INFO - [2024-01-06T02:44:01.657+0000] {dag.py:3820} INFO - Setting next_dagrun for latest_only_with_trigger to 2024-01-05T20:00:00+00:00, run_after=2024-01-06T00:00:00+00:00
[2024-01-06T02:44:01.674+0000] {processor.py:183} INFO - Processing /home/airflow/.local/lib/python3.8/site-packages/airflow/example_dags/example_latest_only_with_trigger.py took 0.068 seconds
[2024-01-06T02:44:31.760+0000] {processor.py:161} INFO - Started process (PID=42757) to work on /home/airflow/.local/lib/python3.8/site-packages/airflow/example_dags/example_latest_only_with_trigger.py
[2024-01-06T02:44:31.761+0000] {processor.py:830} INFO - Processing file /home/airflow/.local/lib/python3.8/site-packages/airflow/example_dags/example_latest_only_with_trigger.py for tasks to queue
[2024-01-06T02:44:31.764+0000] {logging_mixin.py:188} INFO - [2024-01-06T02:44:31.764+0000] {dagbag.py:538} INFO - Filling up the DagBag from /home/airflow/.local/lib/python3.8/site-packages/airflow/example_dags/example_latest_only_with_trigger.py
[2024-01-06T02:44:31.769+0000] {processor.py:840} INFO - DAG(s) 'latest_only_with_trigger' retrieved from /home/airflow/.local/lib/python3.8/site-packages/airflow/example_dags/example_latest_only_with_trigger.py
[2024-01-06T02:44:31.784+0000] {logging_mixin.py:188} INFO - [2024-01-06T02:44:31.783+0000] {dag.py:3033} INFO - Sync 1 DAGs
[2024-01-06T02:44:31.798+0000] {logging_mixin.py:188} INFO - [2024-01-06T02:44:31.798+0000] {dag.py:3820} INFO - Setting next_dagrun for latest_only_with_trigger to 2024-01-05T20:00:00+00:00, run_after=2024-01-06T00:00:00+00:00
[2024-01-06T02:44:31.809+0000] {processor.py:183} INFO - Processing /home/airflow/.local/lib/python3.8/site-packages/airflow/example_dags/example_latest_only_with_trigger.py took 0.052 seconds
[2024-01-06T02:45:02.161+0000] {processor.py:161} INFO - Started process (PID=42815) to work on /home/airflow/.local/lib/python3.8/site-packages/airflow/example_dags/example_latest_only_with_trigger.py
[2024-01-06T02:45:02.163+0000] {processor.py:830} INFO - Processing file /home/airflow/.local/lib/python3.8/site-packages/airflow/example_dags/example_latest_only_with_trigger.py for tasks to queue
[2024-01-06T02:45:02.165+0000] {logging_mixin.py:188} INFO - [2024-01-06T02:45:02.165+0000] {dagbag.py:538} INFO - Filling up the DagBag from /home/airflow/.local/lib/python3.8/site-packages/airflow/example_dags/example_latest_only_with_trigger.py
[2024-01-06T02:45:02.169+0000] {processor.py:840} INFO - DAG(s) 'latest_only_with_trigger' retrieved from /home/airflow/.local/lib/python3.8/site-packages/airflow/example_dags/example_latest_only_with_trigger.py
[2024-01-06T02:45:02.184+0000] {logging_mixin.py:188} INFO - [2024-01-06T02:45:02.183+0000] {dag.py:3033} INFO - Sync 1 DAGs
[2024-01-06T02:45:02.196+0000] {logging_mixin.py:188} INFO - [2024-01-06T02:45:02.196+0000] {dag.py:3820} INFO - Setting next_dagrun for latest_only_with_trigger to 2024-01-05T20:00:00+00:00, run_after=2024-01-06T00:00:00+00:00
[2024-01-06T02:45:02.206+0000] {processor.py:183} INFO - Processing /home/airflow/.local/lib/python3.8/site-packages/airflow/example_dags/example_latest_only_with_trigger.py took 0.047 seconds
[2024-01-06T02:45:32.245+0000] {processor.py:161} INFO - Started process (PID=42873) to work on /home/airflow/.local/lib/python3.8/site-packages/airflow/example_dags/example_latest_only_with_trigger.py
[2024-01-06T02:45:32.247+0000] {processor.py:830} INFO - Processing file /home/airflow/.local/lib/python3.8/site-packages/airflow/example_dags/example_latest_only_with_trigger.py for tasks to queue
[2024-01-06T02:45:32.249+0000] {logging_mixin.py:188} INFO - [2024-01-06T02:45:32.249+0000] {dagbag.py:538} INFO - Filling up the DagBag from /home/airflow/.local/lib/python3.8/site-packages/airflow/example_dags/example_latest_only_with_trigger.py
[2024-01-06T02:45:32.253+0000] {processor.py:840} INFO - DAG(s) 'latest_only_with_trigger' retrieved from /home/airflow/.local/lib/python3.8/site-packages/airflow/example_dags/example_latest_only_with_trigger.py
[2024-01-06T02:45:32.267+0000] {logging_mixin.py:188} INFO - [2024-01-06T02:45:32.267+0000] {dag.py:3033} INFO - Sync 1 DAGs
[2024-01-06T02:45:32.280+0000] {logging_mixin.py:188} INFO - [2024-01-06T02:45:32.279+0000] {dag.py:3820} INFO - Setting next_dagrun for latest_only_with_trigger to 2024-01-05T20:00:00+00:00, run_after=2024-01-06T00:00:00+00:00
[2024-01-06T02:45:32.291+0000] {processor.py:183} INFO - Processing /home/airflow/.local/lib/python3.8/site-packages/airflow/example_dags/example_latest_only_with_trigger.py took 0.048 seconds
[2024-01-06T02:46:02.512+0000] {processor.py:161} INFO - Started process (PID=42931) to work on /home/airflow/.local/lib/python3.8/site-packages/airflow/example_dags/example_latest_only_with_trigger.py
[2024-01-06T02:46:02.513+0000] {processor.py:830} INFO - Processing file /home/airflow/.local/lib/python3.8/site-packages/airflow/example_dags/example_latest_only_with_trigger.py for tasks to queue
[2024-01-06T02:46:02.516+0000] {logging_mixin.py:188} INFO - [2024-01-06T02:46:02.516+0000] {dagbag.py:538} INFO - Filling up the DagBag from /home/airflow/.local/lib/python3.8/site-packages/airflow/example_dags/example_latest_only_with_trigger.py
[2024-01-06T02:46:02.520+0000] {processor.py:840} INFO - DAG(s) 'latest_only_with_trigger' retrieved from /home/airflow/.local/lib/python3.8/site-packages/airflow/example_dags/example_latest_only_with_trigger.py
[2024-01-06T02:46:02.535+0000] {logging_mixin.py:188} INFO - [2024-01-06T02:46:02.535+0000] {dag.py:3033} INFO - Sync 1 DAGs
[2024-01-06T02:46:02.548+0000] {logging_mixin.py:188} INFO - [2024-01-06T02:46:02.547+0000] {dag.py:3820} INFO - Setting next_dagrun for latest_only_with_trigger to 2024-01-05T20:00:00+00:00, run_after=2024-01-06T00:00:00+00:00
[2024-01-06T02:46:02.559+0000] {processor.py:183} INFO - Processing /home/airflow/.local/lib/python3.8/site-packages/airflow/example_dags/example_latest_only_with_trigger.py took 0.049 seconds
[2024-01-06T02:46:33.091+0000] {processor.py:161} INFO - Started process (PID=42989) to work on /home/airflow/.local/lib/python3.8/site-packages/airflow/example_dags/example_latest_only_with_trigger.py
[2024-01-06T02:46:33.093+0000] {processor.py:830} INFO - Processing file /home/airflow/.local/lib/python3.8/site-packages/airflow/example_dags/example_latest_only_with_trigger.py for tasks to queue
[2024-01-06T02:46:33.095+0000] {logging_mixin.py:188} INFO - [2024-01-06T02:46:33.094+0000] {dagbag.py:538} INFO - Filling up the DagBag from /home/airflow/.local/lib/python3.8/site-packages/airflow/example_dags/example_latest_only_with_trigger.py
[2024-01-06T02:46:33.100+0000] {processor.py:840} INFO - DAG(s) 'latest_only_with_trigger' retrieved from /home/airflow/.local/lib/python3.8/site-packages/airflow/example_dags/example_latest_only_with_trigger.py
[2024-01-06T02:46:33.116+0000] {logging_mixin.py:188} INFO - [2024-01-06T02:46:33.116+0000] {dag.py:3033} INFO - Sync 1 DAGs
[2024-01-06T02:46:33.130+0000] {logging_mixin.py:188} INFO - [2024-01-06T02:46:33.130+0000] {dag.py:3820} INFO - Setting next_dagrun for latest_only_with_trigger to 2024-01-05T20:00:00+00:00, run_after=2024-01-06T00:00:00+00:00
[2024-01-06T02:46:33.144+0000] {processor.py:183} INFO - Processing /home/airflow/.local/lib/python3.8/site-packages/airflow/example_dags/example_latest_only_with_trigger.py took 0.056 seconds
[2024-01-06T02:47:03.321+0000] {processor.py:161} INFO - Started process (PID=43047) to work on /home/airflow/.local/lib/python3.8/site-packages/airflow/example_dags/example_latest_only_with_trigger.py
[2024-01-06T02:47:03.322+0000] {processor.py:830} INFO - Processing file /home/airflow/.local/lib/python3.8/site-packages/airflow/example_dags/example_latest_only_with_trigger.py for tasks to queue
[2024-01-06T02:47:03.324+0000] {logging_mixin.py:188} INFO - [2024-01-06T02:47:03.324+0000] {dagbag.py:538} INFO - Filling up the DagBag from /home/airflow/.local/lib/python3.8/site-packages/airflow/example_dags/example_latest_only_with_trigger.py
[2024-01-06T02:47:03.329+0000] {processor.py:840} INFO - DAG(s) 'latest_only_with_trigger' retrieved from /home/airflow/.local/lib/python3.8/site-packages/airflow/example_dags/example_latest_only_with_trigger.py
[2024-01-06T02:47:03.344+0000] {logging_mixin.py:188} INFO - [2024-01-06T02:47:03.344+0000] {dag.py:3033} INFO - Sync 1 DAGs
[2024-01-06T02:47:03.357+0000] {logging_mixin.py:188} INFO - [2024-01-06T02:47:03.357+0000] {dag.py:3820} INFO - Setting next_dagrun for latest_only_with_trigger to 2024-01-05T20:00:00+00:00, run_after=2024-01-06T00:00:00+00:00
[2024-01-06T02:47:03.370+0000] {processor.py:183} INFO - Processing /home/airflow/.local/lib/python3.8/site-packages/airflow/example_dags/example_latest_only_with_trigger.py took 0.051 seconds
[2024-01-06T02:47:33.956+0000] {processor.py:161} INFO - Started process (PID=43105) to work on /home/airflow/.local/lib/python3.8/site-packages/airflow/example_dags/example_latest_only_with_trigger.py
[2024-01-06T02:47:33.958+0000] {processor.py:830} INFO - Processing file /home/airflow/.local/lib/python3.8/site-packages/airflow/example_dags/example_latest_only_with_trigger.py for tasks to queue
[2024-01-06T02:47:33.960+0000] {logging_mixin.py:188} INFO - [2024-01-06T02:47:33.959+0000] {dagbag.py:538} INFO - Filling up the DagBag from /home/airflow/.local/lib/python3.8/site-packages/airflow/example_dags/example_latest_only_with_trigger.py
[2024-01-06T02:47:33.964+0000] {processor.py:840} INFO - DAG(s) 'latest_only_with_trigger' retrieved from /home/airflow/.local/lib/python3.8/site-packages/airflow/example_dags/example_latest_only_with_trigger.py
[2024-01-06T02:47:33.977+0000] {logging_mixin.py:188} INFO - [2024-01-06T02:47:33.977+0000] {dag.py:3033} INFO - Sync 1 DAGs
[2024-01-06T02:47:33.990+0000] {logging_mixin.py:188} INFO - [2024-01-06T02:47:33.990+0000] {dag.py:3820} INFO - Setting next_dagrun for latest_only_with_trigger to 2024-01-05T20:00:00+00:00, run_after=2024-01-06T00:00:00+00:00
[2024-01-06T02:47:34.001+0000] {processor.py:183} INFO - Processing /home/airflow/.local/lib/python3.8/site-packages/airflow/example_dags/example_latest_only_with_trigger.py took 0.047 seconds
[2024-01-06T02:48:04.129+0000] {processor.py:161} INFO - Started process (PID=43163) to work on /home/airflow/.local/lib/python3.8/site-packages/airflow/example_dags/example_latest_only_with_trigger.py
[2024-01-06T02:48:04.130+0000] {processor.py:830} INFO - Processing file /home/airflow/.local/lib/python3.8/site-packages/airflow/example_dags/example_latest_only_with_trigger.py for tasks to queue
[2024-01-06T02:48:04.132+0000] {logging_mixin.py:188} INFO - [2024-01-06T02:48:04.132+0000] {dagbag.py:538} INFO - Filling up the DagBag from /home/airflow/.local/lib/python3.8/site-packages/airflow/example_dags/example_latest_only_with_trigger.py
[2024-01-06T02:48:04.136+0000] {processor.py:840} INFO - DAG(s) 'latest_only_with_trigger' retrieved from /home/airflow/.local/lib/python3.8/site-packages/airflow/example_dags/example_latest_only_with_trigger.py
[2024-01-06T02:48:04.149+0000] {logging_mixin.py:188} INFO - [2024-01-06T02:48:04.149+0000] {dag.py:3033} INFO - Sync 1 DAGs
[2024-01-06T02:48:04.161+0000] {logging_mixin.py:188} INFO - [2024-01-06T02:48:04.161+0000] {dag.py:3820} INFO - Setting next_dagrun for latest_only_with_trigger to 2024-01-05T20:00:00+00:00, run_after=2024-01-06T00:00:00+00:00
[2024-01-06T02:48:04.171+0000] {processor.py:183} INFO - Processing /home/airflow/.local/lib/python3.8/site-packages/airflow/example_dags/example_latest_only_with_trigger.py took 0.045 seconds
[2024-01-06T02:48:34.693+0000] {processor.py:161} INFO - Started process (PID=43221) to work on /home/airflow/.local/lib/python3.8/site-packages/airflow/example_dags/example_latest_only_with_trigger.py
[2024-01-06T02:48:34.697+0000] {processor.py:830} INFO - Processing file /home/airflow/.local/lib/python3.8/site-packages/airflow/example_dags/example_latest_only_with_trigger.py for tasks to queue
[2024-01-06T02:48:34.700+0000] {logging_mixin.py:188} INFO - [2024-01-06T02:48:34.700+0000] {dagbag.py:538} INFO - Filling up the DagBag from /home/airflow/.local/lib/python3.8/site-packages/airflow/example_dags/example_latest_only_with_trigger.py
[2024-01-06T02:48:34.706+0000] {processor.py:840} INFO - DAG(s) 'latest_only_with_trigger' retrieved from /home/airflow/.local/lib/python3.8/site-packages/airflow/example_dags/example_latest_only_with_trigger.py
[2024-01-06T02:48:34.730+0000] {logging_mixin.py:188} INFO - [2024-01-06T02:48:34.730+0000] {dag.py:3033} INFO - Sync 1 DAGs
[2024-01-06T02:48:34.747+0000] {logging_mixin.py:188} INFO - [2024-01-06T02:48:34.747+0000] {dag.py:3820} INFO - Setting next_dagrun for latest_only_with_trigger to 2024-01-05T20:00:00+00:00, run_after=2024-01-06T00:00:00+00:00
[2024-01-06T02:48:34.763+0000] {processor.py:183} INFO - Processing /home/airflow/.local/lib/python3.8/site-packages/airflow/example_dags/example_latest_only_with_trigger.py took 0.072 seconds
[2024-01-06T02:49:23.242+0000] {processor.py:161} INFO - Started process (PID=43279) to work on /home/airflow/.local/lib/python3.8/site-packages/airflow/example_dags/example_latest_only_with_trigger.py
[2024-01-06T02:49:23.246+0000] {processor.py:830} INFO - Processing file /home/airflow/.local/lib/python3.8/site-packages/airflow/example_dags/example_latest_only_with_trigger.py for tasks to queue
[2024-01-06T02:49:23.250+0000] {logging_mixin.py:188} INFO - [2024-01-06T02:49:23.250+0000] {dagbag.py:538} INFO - Filling up the DagBag from /home/airflow/.local/lib/python3.8/site-packages/airflow/example_dags/example_latest_only_with_trigger.py
[2024-01-06T02:49:23.255+0000] {processor.py:840} INFO - DAG(s) 'latest_only_with_trigger' retrieved from /home/airflow/.local/lib/python3.8/site-packages/airflow/example_dags/example_latest_only_with_trigger.py
[2024-01-06T02:49:23.274+0000] {logging_mixin.py:188} INFO - [2024-01-06T02:49:23.274+0000] {dag.py:3033} INFO - Sync 1 DAGs
[2024-01-06T02:49:23.289+0000] {logging_mixin.py:188} INFO - [2024-01-06T02:49:23.289+0000] {dag.py:3820} INFO - Setting next_dagrun for latest_only_with_trigger to 2024-01-05T20:00:00+00:00, run_after=2024-01-06T00:00:00+00:00
[2024-01-06T02:49:23.304+0000] {processor.py:183} INFO - Processing /home/airflow/.local/lib/python3.8/site-packages/airflow/example_dags/example_latest_only_with_trigger.py took 0.069 seconds
[2024-01-06T02:49:54.988+0000] {processor.py:161} INFO - Started process (PID=43335) to work on /home/airflow/.local/lib/python3.8/site-packages/airflow/example_dags/example_latest_only_with_trigger.py
[2024-01-06T02:49:54.990+0000] {processor.py:830} INFO - Processing file /home/airflow/.local/lib/python3.8/site-packages/airflow/example_dags/example_latest_only_with_trigger.py for tasks to queue
[2024-01-06T02:49:54.995+0000] {logging_mixin.py:188} INFO - [2024-01-06T02:49:54.995+0000] {dagbag.py:538} INFO - Filling up the DagBag from /home/airflow/.local/lib/python3.8/site-packages/airflow/example_dags/example_latest_only_with_trigger.py
[2024-01-06T02:49:55.003+0000] {processor.py:840} INFO - DAG(s) 'latest_only_with_trigger' retrieved from /home/airflow/.local/lib/python3.8/site-packages/airflow/example_dags/example_latest_only_with_trigger.py
[2024-01-06T02:49:55.050+0000] {logging_mixin.py:188} INFO - [2024-01-06T02:49:55.050+0000] {dag.py:3033} INFO - Sync 1 DAGs
[2024-01-06T02:49:55.071+0000] {logging_mixin.py:188} INFO - [2024-01-06T02:49:55.071+0000] {dag.py:3820} INFO - Setting next_dagrun for latest_only_with_trigger to 2024-01-05T20:00:00+00:00, run_after=2024-01-06T00:00:00+00:00
[2024-01-06T02:49:55.086+0000] {processor.py:183} INFO - Processing /home/airflow/.local/lib/python3.8/site-packages/airflow/example_dags/example_latest_only_with_trigger.py took 0.102 seconds
[2024-01-06T02:50:25.689+0000] {processor.py:161} INFO - Started process (PID=43393) to work on /home/airflow/.local/lib/python3.8/site-packages/airflow/example_dags/example_latest_only_with_trigger.py
[2024-01-06T02:50:25.691+0000] {processor.py:830} INFO - Processing file /home/airflow/.local/lib/python3.8/site-packages/airflow/example_dags/example_latest_only_with_trigger.py for tasks to queue
[2024-01-06T02:50:25.693+0000] {logging_mixin.py:188} INFO - [2024-01-06T02:50:25.693+0000] {dagbag.py:538} INFO - Filling up the DagBag from /home/airflow/.local/lib/python3.8/site-packages/airflow/example_dags/example_latest_only_with_trigger.py
[2024-01-06T02:50:25.699+0000] {processor.py:840} INFO - DAG(s) 'latest_only_with_trigger' retrieved from /home/airflow/.local/lib/python3.8/site-packages/airflow/example_dags/example_latest_only_with_trigger.py
[2024-01-06T02:50:25.718+0000] {logging_mixin.py:188} INFO - [2024-01-06T02:50:25.717+0000] {dag.py:3033} INFO - Sync 1 DAGs
[2024-01-06T02:50:25.737+0000] {logging_mixin.py:188} INFO - [2024-01-06T02:50:25.737+0000] {dag.py:3820} INFO - Setting next_dagrun for latest_only_with_trigger to 2024-01-05T20:00:00+00:00, run_after=2024-01-06T00:00:00+00:00
[2024-01-06T02:50:25.751+0000] {processor.py:183} INFO - Processing /home/airflow/.local/lib/python3.8/site-packages/airflow/example_dags/example_latest_only_with_trigger.py took 0.064 seconds
[2024-01-06T02:50:56.600+0000] {processor.py:161} INFO - Started process (PID=43453) to work on /home/airflow/.local/lib/python3.8/site-packages/airflow/example_dags/example_latest_only_with_trigger.py
[2024-01-06T02:50:56.602+0000] {processor.py:830} INFO - Processing file /home/airflow/.local/lib/python3.8/site-packages/airflow/example_dags/example_latest_only_with_trigger.py for tasks to queue
[2024-01-06T02:50:56.606+0000] {logging_mixin.py:188} INFO - [2024-01-06T02:50:56.606+0000] {dagbag.py:538} INFO - Filling up the DagBag from /home/airflow/.local/lib/python3.8/site-packages/airflow/example_dags/example_latest_only_with_trigger.py
[2024-01-06T02:50:56.610+0000] {processor.py:840} INFO - DAG(s) 'latest_only_with_trigger' retrieved from /home/airflow/.local/lib/python3.8/site-packages/airflow/example_dags/example_latest_only_with_trigger.py
[2024-01-06T02:50:56.627+0000] {logging_mixin.py:188} INFO - [2024-01-06T02:50:56.627+0000] {dag.py:3033} INFO - Sync 1 DAGs
[2024-01-06T02:50:56.643+0000] {logging_mixin.py:188} INFO - [2024-01-06T02:50:56.643+0000] {dag.py:3820} INFO - Setting next_dagrun for latest_only_with_trigger to 2024-01-05T20:00:00+00:00, run_after=2024-01-06T00:00:00+00:00
[2024-01-06T02:50:56.658+0000] {processor.py:183} INFO - Processing /home/airflow/.local/lib/python3.8/site-packages/airflow/example_dags/example_latest_only_with_trigger.py took 0.060 seconds
