[2024-01-06T01:20:15.319+0000] {processor.py:161} INFO - Started process (PID=39356) to work on /home/airflow/.local/lib/python3.8/site-packages/airflow/example_dags/example_dag_decorator.py
[2024-01-06T01:20:15.321+0000] {processor.py:830} INFO - Processing file /home/airflow/.local/lib/python3.8/site-packages/airflow/example_dags/example_dag_decorator.py for tasks to queue
[2024-01-06T01:20:15.323+0000] {logging_mixin.py:188} INFO - [2024-01-06T01:20:15.323+0000] {dagbag.py:538} INFO - Filling up the DagBag from /home/airflow/.local/lib/python3.8/site-packages/airflow/example_dags/example_dag_decorator.py
[2024-01-06T01:20:15.385+0000] {processor.py:840} INFO - DAG(s) 'example_dag_decorator' retrieved from /home/airflow/.local/lib/python3.8/site-packages/airflow/example_dags/example_dag_decorator.py
[2024-01-06T01:20:15.465+0000] {logging_mixin.py:188} INFO - [2024-01-06T01:20:15.465+0000] {dag.py:3033} INFO - Sync 1 DAGs
[2024-01-06T01:20:15.475+0000] {logging_mixin.py:188} INFO - [2024-01-06T01:20:15.474+0000] {dag.py:3820} INFO - Setting next_dagrun for example_dag_decorator to None, run_after=None
[2024-01-06T01:20:15.491+0000] {processor.py:183} INFO - Processing /home/airflow/.local/lib/python3.8/site-packages/airflow/example_dags/example_dag_decorator.py took 0.174 seconds
[2024-01-06T01:47:34.574+0000] {processor.py:161} INFO - Started process (PID=39414) to work on /home/airflow/.local/lib/python3.8/site-packages/airflow/example_dags/example_dag_decorator.py
[2024-01-06T01:47:34.576+0000] {processor.py:830} INFO - Processing file /home/airflow/.local/lib/python3.8/site-packages/airflow/example_dags/example_dag_decorator.py for tasks to queue
[2024-01-06T01:47:34.578+0000] {logging_mixin.py:188} INFO - [2024-01-06T01:47:34.578+0000] {dagbag.py:538} INFO - Filling up the DagBag from /home/airflow/.local/lib/python3.8/site-packages/airflow/example_dags/example_dag_decorator.py
[2024-01-06T01:47:34.644+0000] {processor.py:840} INFO - DAG(s) 'example_dag_decorator' retrieved from /home/airflow/.local/lib/python3.8/site-packages/airflow/example_dags/example_dag_decorator.py
[2024-01-06T01:47:34.661+0000] {logging_mixin.py:188} INFO - [2024-01-06T01:47:34.661+0000] {dag.py:3033} INFO - Sync 1 DAGs
[2024-01-06T01:47:34.670+0000] {logging_mixin.py:188} INFO - [2024-01-06T01:47:34.669+0000] {dag.py:3820} INFO - Setting next_dagrun for example_dag_decorator to None, run_after=None
[2024-01-06T01:47:34.684+0000] {processor.py:183} INFO - Processing /home/airflow/.local/lib/python3.8/site-packages/airflow/example_dags/example_dag_decorator.py took 0.112 seconds
[2024-01-06T01:48:05.165+0000] {processor.py:161} INFO - Started process (PID=39472) to work on /home/airflow/.local/lib/python3.8/site-packages/airflow/example_dags/example_dag_decorator.py
[2024-01-06T01:48:05.167+0000] {processor.py:830} INFO - Processing file /home/airflow/.local/lib/python3.8/site-packages/airflow/example_dags/example_dag_decorator.py for tasks to queue
[2024-01-06T01:48:05.169+0000] {logging_mixin.py:188} INFO - [2024-01-06T01:48:05.169+0000] {dagbag.py:538} INFO - Filling up the DagBag from /home/airflow/.local/lib/python3.8/site-packages/airflow/example_dags/example_dag_decorator.py
[2024-01-06T01:48:05.230+0000] {processor.py:840} INFO - DAG(s) 'example_dag_decorator' retrieved from /home/airflow/.local/lib/python3.8/site-packages/airflow/example_dags/example_dag_decorator.py
[2024-01-06T01:48:05.300+0000] {logging_mixin.py:188} INFO - [2024-01-06T01:48:05.300+0000] {dag.py:3033} INFO - Sync 1 DAGs
[2024-01-06T01:48:05.307+0000] {logging_mixin.py:188} INFO - [2024-01-06T01:48:05.307+0000] {dag.py:3820} INFO - Setting next_dagrun for example_dag_decorator to None, run_after=None
[2024-01-06T01:48:05.323+0000] {processor.py:183} INFO - Processing /home/airflow/.local/lib/python3.8/site-packages/airflow/example_dags/example_dag_decorator.py took 0.160 seconds
[2024-01-06T02:05:26.611+0000] {processor.py:161} INFO - Started process (PID=39530) to work on /home/airflow/.local/lib/python3.8/site-packages/airflow/example_dags/example_dag_decorator.py
[2024-01-06T02:05:26.613+0000] {processor.py:830} INFO - Processing file /home/airflow/.local/lib/python3.8/site-packages/airflow/example_dags/example_dag_decorator.py for tasks to queue
[2024-01-06T02:05:26.615+0000] {logging_mixin.py:188} INFO - [2024-01-06T02:05:26.614+0000] {dagbag.py:538} INFO - Filling up the DagBag from /home/airflow/.local/lib/python3.8/site-packages/airflow/example_dags/example_dag_decorator.py
[2024-01-06T02:05:26.668+0000] {processor.py:840} INFO - DAG(s) 'example_dag_decorator' retrieved from /home/airflow/.local/lib/python3.8/site-packages/airflow/example_dags/example_dag_decorator.py
[2024-01-06T02:05:26.736+0000] {logging_mixin.py:188} INFO - [2024-01-06T02:05:26.736+0000] {dag.py:3033} INFO - Sync 1 DAGs
[2024-01-06T02:05:26.744+0000] {logging_mixin.py:188} INFO - [2024-01-06T02:05:26.744+0000] {dag.py:3820} INFO - Setting next_dagrun for example_dag_decorator to None, run_after=None
[2024-01-06T02:05:26.758+0000] {processor.py:183} INFO - Processing /home/airflow/.local/lib/python3.8/site-packages/airflow/example_dags/example_dag_decorator.py took 0.149 seconds
[2024-01-06T02:16:26.218+0000] {processor.py:161} INFO - Started process (PID=39588) to work on /home/airflow/.local/lib/python3.8/site-packages/airflow/example_dags/example_dag_decorator.py
[2024-01-06T02:16:26.220+0000] {processor.py:830} INFO - Processing file /home/airflow/.local/lib/python3.8/site-packages/airflow/example_dags/example_dag_decorator.py for tasks to queue
[2024-01-06T02:16:26.222+0000] {logging_mixin.py:188} INFO - [2024-01-06T02:16:26.222+0000] {dagbag.py:538} INFO - Filling up the DagBag from /home/airflow/.local/lib/python3.8/site-packages/airflow/example_dags/example_dag_decorator.py
[2024-01-06T02:16:26.282+0000] {processor.py:840} INFO - DAG(s) 'example_dag_decorator' retrieved from /home/airflow/.local/lib/python3.8/site-packages/airflow/example_dags/example_dag_decorator.py
[2024-01-06T02:16:26.351+0000] {logging_mixin.py:188} INFO - [2024-01-06T02:16:26.350+0000] {dag.py:3033} INFO - Sync 1 DAGs
[2024-01-06T02:16:26.358+0000] {logging_mixin.py:188} INFO - [2024-01-06T02:16:26.358+0000] {dag.py:3820} INFO - Setting next_dagrun for example_dag_decorator to None, run_after=None
[2024-01-06T02:16:26.371+0000] {processor.py:183} INFO - Processing /home/airflow/.local/lib/python3.8/site-packages/airflow/example_dags/example_dag_decorator.py took 0.155 seconds
[2024-01-06T02:17:00.642+0000] {processor.py:161} INFO - Started process (PID=39646) to work on /home/airflow/.local/lib/python3.8/site-packages/airflow/example_dags/example_dag_decorator.py
[2024-01-06T02:17:00.663+0000] {processor.py:830} INFO - Processing file /home/airflow/.local/lib/python3.8/site-packages/airflow/example_dags/example_dag_decorator.py for tasks to queue
[2024-01-06T02:17:00.681+0000] {logging_mixin.py:188} INFO - [2024-01-06T02:17:00.680+0000] {dagbag.py:538} INFO - Filling up the DagBag from /home/airflow/.local/lib/python3.8/site-packages/airflow/example_dags/example_dag_decorator.py
[2024-01-06T02:17:01.066+0000] {processor.py:840} INFO - DAG(s) 'example_dag_decorator' retrieved from /home/airflow/.local/lib/python3.8/site-packages/airflow/example_dags/example_dag_decorator.py
[2024-01-06T02:17:01.277+0000] {logging_mixin.py:188} INFO - [2024-01-06T02:17:01.275+0000] {dag.py:3033} INFO - Sync 1 DAGs
[2024-01-06T02:17:01.362+0000] {logging_mixin.py:188} INFO - [2024-01-06T02:17:01.362+0000] {dag.py:3820} INFO - Setting next_dagrun for example_dag_decorator to None, run_after=None
[2024-01-06T02:17:01.448+0000] {processor.py:183} INFO - Processing /home/airflow/.local/lib/python3.8/site-packages/airflow/example_dags/example_dag_decorator.py took 0.828 seconds
[2024-01-06T02:17:31.845+0000] {processor.py:161} INFO - Started process (PID=39704) to work on /home/airflow/.local/lib/python3.8/site-packages/airflow/example_dags/example_dag_decorator.py
[2024-01-06T02:17:31.847+0000] {processor.py:830} INFO - Processing file /home/airflow/.local/lib/python3.8/site-packages/airflow/example_dags/example_dag_decorator.py for tasks to queue
[2024-01-06T02:17:31.850+0000] {logging_mixin.py:188} INFO - [2024-01-06T02:17:31.850+0000] {dagbag.py:538} INFO - Filling up the DagBag from /home/airflow/.local/lib/python3.8/site-packages/airflow/example_dags/example_dag_decorator.py
[2024-01-06T02:17:31.913+0000] {processor.py:840} INFO - DAG(s) 'example_dag_decorator' retrieved from /home/airflow/.local/lib/python3.8/site-packages/airflow/example_dags/example_dag_decorator.py
[2024-01-06T02:17:31.987+0000] {logging_mixin.py:188} INFO - [2024-01-06T02:17:31.986+0000] {dag.py:3033} INFO - Sync 1 DAGs
[2024-01-06T02:17:31.995+0000] {logging_mixin.py:188} INFO - [2024-01-06T02:17:31.995+0000] {dag.py:3820} INFO - Setting next_dagrun for example_dag_decorator to None, run_after=None
[2024-01-06T02:17:32.008+0000] {processor.py:183} INFO - Processing /home/airflow/.local/lib/python3.8/site-packages/airflow/example_dags/example_dag_decorator.py took 0.167 seconds
[2024-01-06T02:18:02.276+0000] {processor.py:161} INFO - Started process (PID=39762) to work on /home/airflow/.local/lib/python3.8/site-packages/airflow/example_dags/example_dag_decorator.py
[2024-01-06T02:18:02.280+0000] {processor.py:830} INFO - Processing file /home/airflow/.local/lib/python3.8/site-packages/airflow/example_dags/example_dag_decorator.py for tasks to queue
[2024-01-06T02:18:02.284+0000] {logging_mixin.py:188} INFO - [2024-01-06T02:18:02.284+0000] {dagbag.py:538} INFO - Filling up the DagBag from /home/airflow/.local/lib/python3.8/site-packages/airflow/example_dags/example_dag_decorator.py
[2024-01-06T02:18:02.347+0000] {processor.py:840} INFO - DAG(s) 'example_dag_decorator' retrieved from /home/airflow/.local/lib/python3.8/site-packages/airflow/example_dags/example_dag_decorator.py
[2024-01-06T02:18:02.432+0000] {logging_mixin.py:188} INFO - [2024-01-06T02:18:02.432+0000] {dag.py:3033} INFO - Sync 1 DAGs
[2024-01-06T02:18:02.441+0000] {logging_mixin.py:188} INFO - [2024-01-06T02:18:02.441+0000] {dag.py:3820} INFO - Setting next_dagrun for example_dag_decorator to None, run_after=None
[2024-01-06T02:18:02.455+0000] {processor.py:183} INFO - Processing /home/airflow/.local/lib/python3.8/site-packages/airflow/example_dags/example_dag_decorator.py took 0.185 seconds
[2024-01-06T02:18:32.755+0000] {processor.py:161} INFO - Started process (PID=39820) to work on /home/airflow/.local/lib/python3.8/site-packages/airflow/example_dags/example_dag_decorator.py
[2024-01-06T02:18:32.758+0000] {processor.py:830} INFO - Processing file /home/airflow/.local/lib/python3.8/site-packages/airflow/example_dags/example_dag_decorator.py for tasks to queue
[2024-01-06T02:18:32.762+0000] {logging_mixin.py:188} INFO - [2024-01-06T02:18:32.762+0000] {dagbag.py:538} INFO - Filling up the DagBag from /home/airflow/.local/lib/python3.8/site-packages/airflow/example_dags/example_dag_decorator.py
[2024-01-06T02:18:32.826+0000] {processor.py:840} INFO - DAG(s) 'example_dag_decorator' retrieved from /home/airflow/.local/lib/python3.8/site-packages/airflow/example_dags/example_dag_decorator.py
[2024-01-06T02:18:32.908+0000] {logging_mixin.py:188} INFO - [2024-01-06T02:18:32.908+0000] {dag.py:3033} INFO - Sync 1 DAGs
[2024-01-06T02:18:32.915+0000] {logging_mixin.py:188} INFO - [2024-01-06T02:18:32.915+0000] {dag.py:3820} INFO - Setting next_dagrun for example_dag_decorator to None, run_after=None
[2024-01-06T02:18:32.929+0000] {processor.py:183} INFO - Processing /home/airflow/.local/lib/python3.8/site-packages/airflow/example_dags/example_dag_decorator.py took 0.179 seconds
[2024-01-06T02:19:03.039+0000] {processor.py:161} INFO - Started process (PID=39879) to work on /home/airflow/.local/lib/python3.8/site-packages/airflow/example_dags/example_dag_decorator.py
[2024-01-06T02:19:03.041+0000] {processor.py:830} INFO - Processing file /home/airflow/.local/lib/python3.8/site-packages/airflow/example_dags/example_dag_decorator.py for tasks to queue
[2024-01-06T02:19:03.046+0000] {logging_mixin.py:188} INFO - [2024-01-06T02:19:03.046+0000] {dagbag.py:538} INFO - Filling up the DagBag from /home/airflow/.local/lib/python3.8/site-packages/airflow/example_dags/example_dag_decorator.py
[2024-01-06T02:19:03.154+0000] {processor.py:840} INFO - DAG(s) 'example_dag_decorator' retrieved from /home/airflow/.local/lib/python3.8/site-packages/airflow/example_dags/example_dag_decorator.py
[2024-01-06T02:19:03.256+0000] {logging_mixin.py:188} INFO - [2024-01-06T02:19:03.255+0000] {dag.py:3033} INFO - Sync 1 DAGs
[2024-01-06T02:19:03.271+0000] {logging_mixin.py:188} INFO - [2024-01-06T02:19:03.271+0000] {dag.py:3820} INFO - Setting next_dagrun for example_dag_decorator to None, run_after=None
[2024-01-06T02:19:03.289+0000] {processor.py:183} INFO - Processing /home/airflow/.local/lib/python3.8/site-packages/airflow/example_dags/example_dag_decorator.py took 0.254 seconds
[2024-01-06T02:19:33.414+0000] {processor.py:161} INFO - Started process (PID=39937) to work on /home/airflow/.local/lib/python3.8/site-packages/airflow/example_dags/example_dag_decorator.py
[2024-01-06T02:19:33.415+0000] {processor.py:830} INFO - Processing file /home/airflow/.local/lib/python3.8/site-packages/airflow/example_dags/example_dag_decorator.py for tasks to queue
[2024-01-06T02:19:33.417+0000] {logging_mixin.py:188} INFO - [2024-01-06T02:19:33.417+0000] {dagbag.py:538} INFO - Filling up the DagBag from /home/airflow/.local/lib/python3.8/site-packages/airflow/example_dags/example_dag_decorator.py
[2024-01-06T02:19:33.482+0000] {processor.py:840} INFO - DAG(s) 'example_dag_decorator' retrieved from /home/airflow/.local/lib/python3.8/site-packages/airflow/example_dags/example_dag_decorator.py
[2024-01-06T02:19:33.571+0000] {logging_mixin.py:188} INFO - [2024-01-06T02:19:33.570+0000] {dag.py:3033} INFO - Sync 1 DAGs
[2024-01-06T02:19:33.579+0000] {logging_mixin.py:188} INFO - [2024-01-06T02:19:33.578+0000] {dag.py:3820} INFO - Setting next_dagrun for example_dag_decorator to None, run_after=None
[2024-01-06T02:19:33.594+0000] {processor.py:183} INFO - Processing /home/airflow/.local/lib/python3.8/site-packages/airflow/example_dags/example_dag_decorator.py took 0.183 seconds
[2024-01-06T02:20:04.202+0000] {processor.py:161} INFO - Started process (PID=39995) to work on /home/airflow/.local/lib/python3.8/site-packages/airflow/example_dags/example_dag_decorator.py
[2024-01-06T02:20:04.205+0000] {processor.py:830} INFO - Processing file /home/airflow/.local/lib/python3.8/site-packages/airflow/example_dags/example_dag_decorator.py for tasks to queue
[2024-01-06T02:20:04.208+0000] {logging_mixin.py:188} INFO - [2024-01-06T02:20:04.208+0000] {dagbag.py:538} INFO - Filling up the DagBag from /home/airflow/.local/lib/python3.8/site-packages/airflow/example_dags/example_dag_decorator.py
[2024-01-06T02:20:04.288+0000] {processor.py:840} INFO - DAG(s) 'example_dag_decorator' retrieved from /home/airflow/.local/lib/python3.8/site-packages/airflow/example_dags/example_dag_decorator.py
[2024-01-06T02:20:04.309+0000] {logging_mixin.py:188} INFO - [2024-01-06T02:20:04.309+0000] {dag.py:3033} INFO - Sync 1 DAGs
[2024-01-06T02:20:04.321+0000] {logging_mixin.py:188} INFO - [2024-01-06T02:20:04.320+0000] {dag.py:3820} INFO - Setting next_dagrun for example_dag_decorator to None, run_after=None
[2024-01-06T02:20:04.337+0000] {processor.py:183} INFO - Processing /home/airflow/.local/lib/python3.8/site-packages/airflow/example_dags/example_dag_decorator.py took 0.138 seconds
[2024-01-06T02:20:35.222+0000] {processor.py:161} INFO - Started process (PID=40053) to work on /home/airflow/.local/lib/python3.8/site-packages/airflow/example_dags/example_dag_decorator.py
[2024-01-06T02:20:35.224+0000] {processor.py:830} INFO - Processing file /home/airflow/.local/lib/python3.8/site-packages/airflow/example_dags/example_dag_decorator.py for tasks to queue
[2024-01-06T02:20:35.226+0000] {logging_mixin.py:188} INFO - [2024-01-06T02:20:35.226+0000] {dagbag.py:538} INFO - Filling up the DagBag from /home/airflow/.local/lib/python3.8/site-packages/airflow/example_dags/example_dag_decorator.py
[2024-01-06T02:20:35.290+0000] {processor.py:840} INFO - DAG(s) 'example_dag_decorator' retrieved from /home/airflow/.local/lib/python3.8/site-packages/airflow/example_dags/example_dag_decorator.py
[2024-01-06T02:20:35.360+0000] {logging_mixin.py:188} INFO - [2024-01-06T02:20:35.360+0000] {dag.py:3033} INFO - Sync 1 DAGs
[2024-01-06T02:20:35.367+0000] {logging_mixin.py:188} INFO - [2024-01-06T02:20:35.367+0000] {dag.py:3820} INFO - Setting next_dagrun for example_dag_decorator to None, run_after=None
[2024-01-06T02:20:35.380+0000] {processor.py:183} INFO - Processing /home/airflow/.local/lib/python3.8/site-packages/airflow/example_dags/example_dag_decorator.py took 0.160 seconds
[2024-01-06T02:21:05.721+0000] {processor.py:161} INFO - Started process (PID=40111) to work on /home/airflow/.local/lib/python3.8/site-packages/airflow/example_dags/example_dag_decorator.py
[2024-01-06T02:21:05.723+0000] {processor.py:830} INFO - Processing file /home/airflow/.local/lib/python3.8/site-packages/airflow/example_dags/example_dag_decorator.py for tasks to queue
[2024-01-06T02:21:05.726+0000] {logging_mixin.py:188} INFO - [2024-01-06T02:21:05.726+0000] {dagbag.py:538} INFO - Filling up the DagBag from /home/airflow/.local/lib/python3.8/site-packages/airflow/example_dags/example_dag_decorator.py
[2024-01-06T02:21:05.847+0000] {processor.py:840} INFO - DAG(s) 'example_dag_decorator' retrieved from /home/airflow/.local/lib/python3.8/site-packages/airflow/example_dags/example_dag_decorator.py
[2024-01-06T02:21:05.961+0000] {logging_mixin.py:188} INFO - [2024-01-06T02:21:05.961+0000] {dag.py:3033} INFO - Sync 1 DAGs
[2024-01-06T02:21:05.971+0000] {logging_mixin.py:188} INFO - [2024-01-06T02:21:05.971+0000] {dag.py:3820} INFO - Setting next_dagrun for example_dag_decorator to None, run_after=None
[2024-01-06T02:21:05.995+0000] {processor.py:183} INFO - Processing /home/airflow/.local/lib/python3.8/site-packages/airflow/example_dags/example_dag_decorator.py took 0.277 seconds
[2024-01-06T02:21:36.864+0000] {processor.py:161} INFO - Started process (PID=40169) to work on /home/airflow/.local/lib/python3.8/site-packages/airflow/example_dags/example_dag_decorator.py
[2024-01-06T02:21:36.868+0000] {processor.py:830} INFO - Processing file /home/airflow/.local/lib/python3.8/site-packages/airflow/example_dags/example_dag_decorator.py for tasks to queue
[2024-01-06T02:21:36.872+0000] {logging_mixin.py:188} INFO - [2024-01-06T02:21:36.871+0000] {dagbag.py:538} INFO - Filling up the DagBag from /home/airflow/.local/lib/python3.8/site-packages/airflow/example_dags/example_dag_decorator.py
[2024-01-06T02:21:36.947+0000] {processor.py:840} INFO - DAG(s) 'example_dag_decorator' retrieved from /home/airflow/.local/lib/python3.8/site-packages/airflow/example_dags/example_dag_decorator.py
[2024-01-06T02:21:37.034+0000] {logging_mixin.py:188} INFO - [2024-01-06T02:21:37.033+0000] {dag.py:3033} INFO - Sync 1 DAGs
[2024-01-06T02:21:37.045+0000] {logging_mixin.py:188} INFO - [2024-01-06T02:21:37.045+0000] {dag.py:3820} INFO - Setting next_dagrun for example_dag_decorator to None, run_after=None
[2024-01-06T02:21:37.065+0000] {processor.py:183} INFO - Processing /home/airflow/.local/lib/python3.8/site-packages/airflow/example_dags/example_dag_decorator.py took 0.206 seconds
[2024-01-06T02:22:07.117+0000] {processor.py:161} INFO - Started process (PID=40228) to work on /home/airflow/.local/lib/python3.8/site-packages/airflow/example_dags/example_dag_decorator.py
[2024-01-06T02:22:07.119+0000] {processor.py:830} INFO - Processing file /home/airflow/.local/lib/python3.8/site-packages/airflow/example_dags/example_dag_decorator.py for tasks to queue
[2024-01-06T02:22:07.122+0000] {logging_mixin.py:188} INFO - [2024-01-06T02:22:07.122+0000] {dagbag.py:538} INFO - Filling up the DagBag from /home/airflow/.local/lib/python3.8/site-packages/airflow/example_dags/example_dag_decorator.py
[2024-01-06T02:22:07.194+0000] {processor.py:840} INFO - DAG(s) 'example_dag_decorator' retrieved from /home/airflow/.local/lib/python3.8/site-packages/airflow/example_dags/example_dag_decorator.py
[2024-01-06T02:22:07.269+0000] {logging_mixin.py:188} INFO - [2024-01-06T02:22:07.269+0000] {dag.py:3033} INFO - Sync 1 DAGs
[2024-01-06T02:22:07.276+0000] {logging_mixin.py:188} INFO - [2024-01-06T02:22:07.276+0000] {dag.py:3820} INFO - Setting next_dagrun for example_dag_decorator to None, run_after=None
[2024-01-06T02:22:07.288+0000] {processor.py:183} INFO - Processing /home/airflow/.local/lib/python3.8/site-packages/airflow/example_dags/example_dag_decorator.py took 0.174 seconds
[2024-01-06T02:22:38.001+0000] {processor.py:161} INFO - Started process (PID=40285) to work on /home/airflow/.local/lib/python3.8/site-packages/airflow/example_dags/example_dag_decorator.py
[2024-01-06T02:22:38.003+0000] {processor.py:830} INFO - Processing file /home/airflow/.local/lib/python3.8/site-packages/airflow/example_dags/example_dag_decorator.py for tasks to queue
[2024-01-06T02:22:38.007+0000] {logging_mixin.py:188} INFO - [2024-01-06T02:22:38.006+0000] {dagbag.py:538} INFO - Filling up the DagBag from /home/airflow/.local/lib/python3.8/site-packages/airflow/example_dags/example_dag_decorator.py
[2024-01-06T02:22:38.073+0000] {processor.py:840} INFO - DAG(s) 'example_dag_decorator' retrieved from /home/airflow/.local/lib/python3.8/site-packages/airflow/example_dags/example_dag_decorator.py
[2024-01-06T02:22:38.148+0000] {logging_mixin.py:188} INFO - [2024-01-06T02:22:38.148+0000] {dag.py:3033} INFO - Sync 1 DAGs
[2024-01-06T02:22:38.156+0000] {logging_mixin.py:188} INFO - [2024-01-06T02:22:38.156+0000] {dag.py:3820} INFO - Setting next_dagrun for example_dag_decorator to None, run_after=None
[2024-01-06T02:22:38.175+0000] {processor.py:183} INFO - Processing /home/airflow/.local/lib/python3.8/site-packages/airflow/example_dags/example_dag_decorator.py took 0.180 seconds
[2024-01-06T02:23:08.711+0000] {processor.py:161} INFO - Started process (PID=40343) to work on /home/airflow/.local/lib/python3.8/site-packages/airflow/example_dags/example_dag_decorator.py
[2024-01-06T02:23:08.715+0000] {processor.py:830} INFO - Processing file /home/airflow/.local/lib/python3.8/site-packages/airflow/example_dags/example_dag_decorator.py for tasks to queue
[2024-01-06T02:23:08.720+0000] {logging_mixin.py:188} INFO - [2024-01-06T02:23:08.719+0000] {dagbag.py:538} INFO - Filling up the DagBag from /home/airflow/.local/lib/python3.8/site-packages/airflow/example_dags/example_dag_decorator.py
[2024-01-06T02:23:08.788+0000] {processor.py:840} INFO - DAG(s) 'example_dag_decorator' retrieved from /home/airflow/.local/lib/python3.8/site-packages/airflow/example_dags/example_dag_decorator.py
[2024-01-06T02:23:08.807+0000] {logging_mixin.py:188} INFO - [2024-01-06T02:23:08.807+0000] {dag.py:3033} INFO - Sync 1 DAGs
[2024-01-06T02:23:08.815+0000] {logging_mixin.py:188} INFO - [2024-01-06T02:23:08.815+0000] {dag.py:3820} INFO - Setting next_dagrun for example_dag_decorator to None, run_after=None
[2024-01-06T02:23:08.831+0000] {processor.py:183} INFO - Processing /home/airflow/.local/lib/python3.8/site-packages/airflow/example_dags/example_dag_decorator.py took 0.124 seconds
[2024-01-06T02:23:39.528+0000] {processor.py:161} INFO - Started process (PID=40401) to work on /home/airflow/.local/lib/python3.8/site-packages/airflow/example_dags/example_dag_decorator.py
[2024-01-06T02:23:39.531+0000] {processor.py:830} INFO - Processing file /home/airflow/.local/lib/python3.8/site-packages/airflow/example_dags/example_dag_decorator.py for tasks to queue
[2024-01-06T02:23:39.536+0000] {logging_mixin.py:188} INFO - [2024-01-06T02:23:39.535+0000] {dagbag.py:538} INFO - Filling up the DagBag from /home/airflow/.local/lib/python3.8/site-packages/airflow/example_dags/example_dag_decorator.py
[2024-01-06T02:23:39.600+0000] {processor.py:840} INFO - DAG(s) 'example_dag_decorator' retrieved from /home/airflow/.local/lib/python3.8/site-packages/airflow/example_dags/example_dag_decorator.py
[2024-01-06T02:23:39.623+0000] {logging_mixin.py:188} INFO - [2024-01-06T02:23:39.623+0000] {dag.py:3033} INFO - Sync 1 DAGs
[2024-01-06T02:23:39.633+0000] {logging_mixin.py:188} INFO - [2024-01-06T02:23:39.633+0000] {dag.py:3820} INFO - Setting next_dagrun for example_dag_decorator to None, run_after=None
[2024-01-06T02:23:39.649+0000] {processor.py:183} INFO - Processing /home/airflow/.local/lib/python3.8/site-packages/airflow/example_dags/example_dag_decorator.py took 0.129 seconds
[2024-01-06T02:24:09.724+0000] {processor.py:161} INFO - Started process (PID=40459) to work on /home/airflow/.local/lib/python3.8/site-packages/airflow/example_dags/example_dag_decorator.py
[2024-01-06T02:24:09.728+0000] {processor.py:830} INFO - Processing file /home/airflow/.local/lib/python3.8/site-packages/airflow/example_dags/example_dag_decorator.py for tasks to queue
[2024-01-06T02:24:09.732+0000] {logging_mixin.py:188} INFO - [2024-01-06T02:24:09.732+0000] {dagbag.py:538} INFO - Filling up the DagBag from /home/airflow/.local/lib/python3.8/site-packages/airflow/example_dags/example_dag_decorator.py
[2024-01-06T02:24:09.808+0000] {processor.py:840} INFO - DAG(s) 'example_dag_decorator' retrieved from /home/airflow/.local/lib/python3.8/site-packages/airflow/example_dags/example_dag_decorator.py
[2024-01-06T02:24:09.909+0000] {logging_mixin.py:188} INFO - [2024-01-06T02:24:09.909+0000] {dag.py:3033} INFO - Sync 1 DAGs
[2024-01-06T02:24:09.918+0000] {logging_mixin.py:188} INFO - [2024-01-06T02:24:09.918+0000] {dag.py:3820} INFO - Setting next_dagrun for example_dag_decorator to None, run_after=None
[2024-01-06T02:24:09.932+0000] {processor.py:183} INFO - Processing /home/airflow/.local/lib/python3.8/site-packages/airflow/example_dags/example_dag_decorator.py took 0.216 seconds
[2024-01-06T02:24:40.257+0000] {processor.py:161} INFO - Started process (PID=40517) to work on /home/airflow/.local/lib/python3.8/site-packages/airflow/example_dags/example_dag_decorator.py
[2024-01-06T02:24:40.260+0000] {processor.py:830} INFO - Processing file /home/airflow/.local/lib/python3.8/site-packages/airflow/example_dags/example_dag_decorator.py for tasks to queue
[2024-01-06T02:24:40.264+0000] {logging_mixin.py:188} INFO - [2024-01-06T02:24:40.263+0000] {dagbag.py:538} INFO - Filling up the DagBag from /home/airflow/.local/lib/python3.8/site-packages/airflow/example_dags/example_dag_decorator.py
[2024-01-06T02:24:40.334+0000] {processor.py:840} INFO - DAG(s) 'example_dag_decorator' retrieved from /home/airflow/.local/lib/python3.8/site-packages/airflow/example_dags/example_dag_decorator.py
[2024-01-06T02:24:40.353+0000] {logging_mixin.py:188} INFO - [2024-01-06T02:24:40.353+0000] {dag.py:3033} INFO - Sync 1 DAGs
[2024-01-06T02:24:40.366+0000] {logging_mixin.py:188} INFO - [2024-01-06T02:24:40.366+0000] {dag.py:3820} INFO - Setting next_dagrun for example_dag_decorator to None, run_after=None
[2024-01-06T02:24:40.395+0000] {processor.py:183} INFO - Processing /home/airflow/.local/lib/python3.8/site-packages/airflow/example_dags/example_dag_decorator.py took 0.145 seconds
[2024-01-06T02:25:10.893+0000] {processor.py:161} INFO - Started process (PID=40575) to work on /home/airflow/.local/lib/python3.8/site-packages/airflow/example_dags/example_dag_decorator.py
[2024-01-06T02:25:10.898+0000] {processor.py:830} INFO - Processing file /home/airflow/.local/lib/python3.8/site-packages/airflow/example_dags/example_dag_decorator.py for tasks to queue
[2024-01-06T02:25:10.905+0000] {logging_mixin.py:188} INFO - [2024-01-06T02:25:10.904+0000] {dagbag.py:538} INFO - Filling up the DagBag from /home/airflow/.local/lib/python3.8/site-packages/airflow/example_dags/example_dag_decorator.py
[2024-01-06T02:25:11.051+0000] {processor.py:840} INFO - DAG(s) 'example_dag_decorator' retrieved from /home/airflow/.local/lib/python3.8/site-packages/airflow/example_dags/example_dag_decorator.py
[2024-01-06T02:25:11.161+0000] {logging_mixin.py:188} INFO - [2024-01-06T02:25:11.161+0000] {dag.py:3033} INFO - Sync 1 DAGs
[2024-01-06T02:25:11.170+0000] {logging_mixin.py:188} INFO - [2024-01-06T02:25:11.170+0000] {dag.py:3820} INFO - Setting next_dagrun for example_dag_decorator to None, run_after=None
[2024-01-06T02:25:11.189+0000] {processor.py:183} INFO - Processing /home/airflow/.local/lib/python3.8/site-packages/airflow/example_dags/example_dag_decorator.py took 0.303 seconds
[2024-01-06T02:25:41.216+0000] {processor.py:161} INFO - Started process (PID=40634) to work on /home/airflow/.local/lib/python3.8/site-packages/airflow/example_dags/example_dag_decorator.py
[2024-01-06T02:25:41.219+0000] {processor.py:830} INFO - Processing file /home/airflow/.local/lib/python3.8/site-packages/airflow/example_dags/example_dag_decorator.py for tasks to queue
[2024-01-06T02:25:41.222+0000] {logging_mixin.py:188} INFO - [2024-01-06T02:25:41.222+0000] {dagbag.py:538} INFO - Filling up the DagBag from /home/airflow/.local/lib/python3.8/site-packages/airflow/example_dags/example_dag_decorator.py
[2024-01-06T02:25:41.286+0000] {processor.py:840} INFO - DAG(s) 'example_dag_decorator' retrieved from /home/airflow/.local/lib/python3.8/site-packages/airflow/example_dags/example_dag_decorator.py
[2024-01-06T02:25:41.346+0000] {logging_mixin.py:188} INFO - [2024-01-06T02:25:41.346+0000] {dag.py:3033} INFO - Sync 1 DAGs
[2024-01-06T02:25:41.354+0000] {logging_mixin.py:188} INFO - [2024-01-06T02:25:41.353+0000] {dag.py:3820} INFO - Setting next_dagrun for example_dag_decorator to None, run_after=None
[2024-01-06T02:25:41.365+0000] {processor.py:183} INFO - Processing /home/airflow/.local/lib/python3.8/site-packages/airflow/example_dags/example_dag_decorator.py took 0.152 seconds
[2024-01-06T02:26:11.883+0000] {processor.py:161} INFO - Started process (PID=40691) to work on /home/airflow/.local/lib/python3.8/site-packages/airflow/example_dags/example_dag_decorator.py
[2024-01-06T02:26:11.886+0000] {processor.py:830} INFO - Processing file /home/airflow/.local/lib/python3.8/site-packages/airflow/example_dags/example_dag_decorator.py for tasks to queue
[2024-01-06T02:26:11.890+0000] {logging_mixin.py:188} INFO - [2024-01-06T02:26:11.890+0000] {dagbag.py:538} INFO - Filling up the DagBag from /home/airflow/.local/lib/python3.8/site-packages/airflow/example_dags/example_dag_decorator.py
[2024-01-06T02:26:11.963+0000] {processor.py:840} INFO - DAG(s) 'example_dag_decorator' retrieved from /home/airflow/.local/lib/python3.8/site-packages/airflow/example_dags/example_dag_decorator.py
[2024-01-06T02:26:12.057+0000] {logging_mixin.py:188} INFO - [2024-01-06T02:26:12.056+0000] {dag.py:3033} INFO - Sync 1 DAGs
[2024-01-06T02:26:12.066+0000] {logging_mixin.py:188} INFO - [2024-01-06T02:26:12.066+0000] {dag.py:3820} INFO - Setting next_dagrun for example_dag_decorator to None, run_after=None
[2024-01-06T02:26:12.078+0000] {processor.py:183} INFO - Processing /home/airflow/.local/lib/python3.8/site-packages/airflow/example_dags/example_dag_decorator.py took 0.202 seconds
[2024-01-06T02:26:42.454+0000] {processor.py:161} INFO - Started process (PID=40749) to work on /home/airflow/.local/lib/python3.8/site-packages/airflow/example_dags/example_dag_decorator.py
[2024-01-06T02:26:42.458+0000] {processor.py:830} INFO - Processing file /home/airflow/.local/lib/python3.8/site-packages/airflow/example_dags/example_dag_decorator.py for tasks to queue
[2024-01-06T02:26:42.461+0000] {logging_mixin.py:188} INFO - [2024-01-06T02:26:42.461+0000] {dagbag.py:538} INFO - Filling up the DagBag from /home/airflow/.local/lib/python3.8/site-packages/airflow/example_dags/example_dag_decorator.py
[2024-01-06T02:26:42.522+0000] {processor.py:840} INFO - DAG(s) 'example_dag_decorator' retrieved from /home/airflow/.local/lib/python3.8/site-packages/airflow/example_dags/example_dag_decorator.py
[2024-01-06T02:26:42.596+0000] {logging_mixin.py:188} INFO - [2024-01-06T02:26:42.596+0000] {dag.py:3033} INFO - Sync 1 DAGs
[2024-01-06T02:26:42.607+0000] {logging_mixin.py:188} INFO - [2024-01-06T02:26:42.606+0000] {dag.py:3820} INFO - Setting next_dagrun for example_dag_decorator to None, run_after=None
[2024-01-06T02:26:42.620+0000] {processor.py:183} INFO - Processing /home/airflow/.local/lib/python3.8/site-packages/airflow/example_dags/example_dag_decorator.py took 0.171 seconds
[2024-01-06T02:27:13.305+0000] {processor.py:161} INFO - Started process (PID=40807) to work on /home/airflow/.local/lib/python3.8/site-packages/airflow/example_dags/example_dag_decorator.py
[2024-01-06T02:27:13.311+0000] {processor.py:830} INFO - Processing file /home/airflow/.local/lib/python3.8/site-packages/airflow/example_dags/example_dag_decorator.py for tasks to queue
[2024-01-06T02:27:13.315+0000] {logging_mixin.py:188} INFO - [2024-01-06T02:27:13.315+0000] {dagbag.py:538} INFO - Filling up the DagBag from /home/airflow/.local/lib/python3.8/site-packages/airflow/example_dags/example_dag_decorator.py
[2024-01-06T02:27:13.378+0000] {processor.py:840} INFO - DAG(s) 'example_dag_decorator' retrieved from /home/airflow/.local/lib/python3.8/site-packages/airflow/example_dags/example_dag_decorator.py
[2024-01-06T02:27:13.564+0000] {logging_mixin.py:188} INFO - [2024-01-06T02:27:13.563+0000] {dag.py:3033} INFO - Sync 1 DAGs
[2024-01-06T02:27:13.574+0000] {logging_mixin.py:188} INFO - [2024-01-06T02:27:13.573+0000] {dag.py:3820} INFO - Setting next_dagrun for example_dag_decorator to None, run_after=None
[2024-01-06T02:27:13.606+0000] {processor.py:183} INFO - Processing /home/airflow/.local/lib/python3.8/site-packages/airflow/example_dags/example_dag_decorator.py took 0.306 seconds
[2024-01-06T02:27:44.149+0000] {processor.py:161} INFO - Started process (PID=40865) to work on /home/airflow/.local/lib/python3.8/site-packages/airflow/example_dags/example_dag_decorator.py
[2024-01-06T02:27:44.152+0000] {processor.py:830} INFO - Processing file /home/airflow/.local/lib/python3.8/site-packages/airflow/example_dags/example_dag_decorator.py for tasks to queue
[2024-01-06T02:27:44.156+0000] {logging_mixin.py:188} INFO - [2024-01-06T02:27:44.156+0000] {dagbag.py:538} INFO - Filling up the DagBag from /home/airflow/.local/lib/python3.8/site-packages/airflow/example_dags/example_dag_decorator.py
[2024-01-06T02:27:44.233+0000] {processor.py:840} INFO - DAG(s) 'example_dag_decorator' retrieved from /home/airflow/.local/lib/python3.8/site-packages/airflow/example_dags/example_dag_decorator.py
[2024-01-06T02:27:44.326+0000] {logging_mixin.py:188} INFO - [2024-01-06T02:27:44.326+0000] {dag.py:3033} INFO - Sync 1 DAGs
[2024-01-06T02:27:44.341+0000] {logging_mixin.py:188} INFO - [2024-01-06T02:27:44.341+0000] {dag.py:3820} INFO - Setting next_dagrun for example_dag_decorator to None, run_after=None
[2024-01-06T02:27:44.354+0000] {processor.py:183} INFO - Processing /home/airflow/.local/lib/python3.8/site-packages/airflow/example_dags/example_dag_decorator.py took 0.211 seconds
[2024-01-06T02:28:14.757+0000] {processor.py:161} INFO - Started process (PID=40923) to work on /home/airflow/.local/lib/python3.8/site-packages/airflow/example_dags/example_dag_decorator.py
[2024-01-06T02:28:14.760+0000] {processor.py:830} INFO - Processing file /home/airflow/.local/lib/python3.8/site-packages/airflow/example_dags/example_dag_decorator.py for tasks to queue
[2024-01-06T02:28:14.764+0000] {logging_mixin.py:188} INFO - [2024-01-06T02:28:14.764+0000] {dagbag.py:538} INFO - Filling up the DagBag from /home/airflow/.local/lib/python3.8/site-packages/airflow/example_dags/example_dag_decorator.py
[2024-01-06T02:28:14.827+0000] {processor.py:840} INFO - DAG(s) 'example_dag_decorator' retrieved from /home/airflow/.local/lib/python3.8/site-packages/airflow/example_dags/example_dag_decorator.py
[2024-01-06T02:28:14.844+0000] {logging_mixin.py:188} INFO - [2024-01-06T02:28:14.844+0000] {dag.py:3033} INFO - Sync 1 DAGs
[2024-01-06T02:28:14.855+0000] {logging_mixin.py:188} INFO - [2024-01-06T02:28:14.855+0000] {dag.py:3820} INFO - Setting next_dagrun for example_dag_decorator to None, run_after=None
[2024-01-06T02:28:14.866+0000] {processor.py:183} INFO - Processing /home/airflow/.local/lib/python3.8/site-packages/airflow/example_dags/example_dag_decorator.py took 0.119 seconds
[2024-01-06T02:28:45.304+0000] {processor.py:161} INFO - Started process (PID=40981) to work on /home/airflow/.local/lib/python3.8/site-packages/airflow/example_dags/example_dag_decorator.py
[2024-01-06T02:28:45.308+0000] {processor.py:830} INFO - Processing file /home/airflow/.local/lib/python3.8/site-packages/airflow/example_dags/example_dag_decorator.py for tasks to queue
[2024-01-06T02:28:45.313+0000] {logging_mixin.py:188} INFO - [2024-01-06T02:28:45.312+0000] {dagbag.py:538} INFO - Filling up the DagBag from /home/airflow/.local/lib/python3.8/site-packages/airflow/example_dags/example_dag_decorator.py
[2024-01-06T02:28:45.381+0000] {processor.py:840} INFO - DAG(s) 'example_dag_decorator' retrieved from /home/airflow/.local/lib/python3.8/site-packages/airflow/example_dags/example_dag_decorator.py
[2024-01-06T02:28:45.451+0000] {logging_mixin.py:188} INFO - [2024-01-06T02:28:45.450+0000] {dag.py:3033} INFO - Sync 1 DAGs
[2024-01-06T02:28:45.457+0000] {logging_mixin.py:188} INFO - [2024-01-06T02:28:45.457+0000] {dag.py:3820} INFO - Setting next_dagrun for example_dag_decorator to None, run_after=None
[2024-01-06T02:28:45.473+0000] {processor.py:183} INFO - Processing /home/airflow/.local/lib/python3.8/site-packages/airflow/example_dags/example_dag_decorator.py took 0.177 seconds
[2024-01-06T02:29:15.966+0000] {processor.py:161} INFO - Started process (PID=41039) to work on /home/airflow/.local/lib/python3.8/site-packages/airflow/example_dags/example_dag_decorator.py
[2024-01-06T02:29:15.968+0000] {processor.py:830} INFO - Processing file /home/airflow/.local/lib/python3.8/site-packages/airflow/example_dags/example_dag_decorator.py for tasks to queue
[2024-01-06T02:29:15.972+0000] {logging_mixin.py:188} INFO - [2024-01-06T02:29:15.971+0000] {dagbag.py:538} INFO - Filling up the DagBag from /home/airflow/.local/lib/python3.8/site-packages/airflow/example_dags/example_dag_decorator.py
[2024-01-06T02:29:16.063+0000] {processor.py:840} INFO - DAG(s) 'example_dag_decorator' retrieved from /home/airflow/.local/lib/python3.8/site-packages/airflow/example_dags/example_dag_decorator.py
[2024-01-06T02:29:16.141+0000] {logging_mixin.py:188} INFO - [2024-01-06T02:29:16.141+0000] {dag.py:3033} INFO - Sync 1 DAGs
[2024-01-06T02:29:16.149+0000] {logging_mixin.py:188} INFO - [2024-01-06T02:29:16.149+0000] {dag.py:3820} INFO - Setting next_dagrun for example_dag_decorator to None, run_after=None
[2024-01-06T02:29:16.161+0000] {processor.py:183} INFO - Processing /home/airflow/.local/lib/python3.8/site-packages/airflow/example_dags/example_dag_decorator.py took 0.199 seconds
[2024-01-06T02:29:46.463+0000] {processor.py:161} INFO - Started process (PID=41097) to work on /home/airflow/.local/lib/python3.8/site-packages/airflow/example_dags/example_dag_decorator.py
[2024-01-06T02:29:46.468+0000] {processor.py:830} INFO - Processing file /home/airflow/.local/lib/python3.8/site-packages/airflow/example_dags/example_dag_decorator.py for tasks to queue
[2024-01-06T02:29:46.488+0000] {logging_mixin.py:188} INFO - [2024-01-06T02:29:46.484+0000] {dagbag.py:538} INFO - Filling up the DagBag from /home/airflow/.local/lib/python3.8/site-packages/airflow/example_dags/example_dag_decorator.py
[2024-01-06T02:29:46.590+0000] {processor.py:840} INFO - DAG(s) 'example_dag_decorator' retrieved from /home/airflow/.local/lib/python3.8/site-packages/airflow/example_dags/example_dag_decorator.py
[2024-01-06T02:29:46.621+0000] {logging_mixin.py:188} INFO - [2024-01-06T02:29:46.620+0000] {dag.py:3033} INFO - Sync 1 DAGs
[2024-01-06T02:29:46.637+0000] {logging_mixin.py:188} INFO - [2024-01-06T02:29:46.637+0000] {dag.py:3820} INFO - Setting next_dagrun for example_dag_decorator to None, run_after=None
[2024-01-06T02:29:46.651+0000] {processor.py:183} INFO - Processing /home/airflow/.local/lib/python3.8/site-packages/airflow/example_dags/example_dag_decorator.py took 0.194 seconds
[2024-01-06T02:30:17.222+0000] {processor.py:161} INFO - Started process (PID=41156) to work on /home/airflow/.local/lib/python3.8/site-packages/airflow/example_dags/example_dag_decorator.py
[2024-01-06T02:30:17.226+0000] {processor.py:830} INFO - Processing file /home/airflow/.local/lib/python3.8/site-packages/airflow/example_dags/example_dag_decorator.py for tasks to queue
[2024-01-06T02:30:17.232+0000] {logging_mixin.py:188} INFO - [2024-01-06T02:30:17.231+0000] {dagbag.py:538} INFO - Filling up the DagBag from /home/airflow/.local/lib/python3.8/site-packages/airflow/example_dags/example_dag_decorator.py
[2024-01-06T02:30:17.300+0000] {processor.py:840} INFO - DAG(s) 'example_dag_decorator' retrieved from /home/airflow/.local/lib/python3.8/site-packages/airflow/example_dags/example_dag_decorator.py
[2024-01-06T02:30:17.397+0000] {logging_mixin.py:188} INFO - [2024-01-06T02:30:17.397+0000] {dag.py:3033} INFO - Sync 1 DAGs
[2024-01-06T02:30:17.405+0000] {logging_mixin.py:188} INFO - [2024-01-06T02:30:17.405+0000] {dag.py:3820} INFO - Setting next_dagrun for example_dag_decorator to None, run_after=None
[2024-01-06T02:30:17.417+0000] {processor.py:183} INFO - Processing /home/airflow/.local/lib/python3.8/site-packages/airflow/example_dags/example_dag_decorator.py took 0.203 seconds
[2024-01-06T02:30:47.784+0000] {processor.py:161} INFO - Started process (PID=41214) to work on /home/airflow/.local/lib/python3.8/site-packages/airflow/example_dags/example_dag_decorator.py
[2024-01-06T02:30:47.789+0000] {processor.py:830} INFO - Processing file /home/airflow/.local/lib/python3.8/site-packages/airflow/example_dags/example_dag_decorator.py for tasks to queue
[2024-01-06T02:30:47.799+0000] {logging_mixin.py:188} INFO - [2024-01-06T02:30:47.799+0000] {dagbag.py:538} INFO - Filling up the DagBag from /home/airflow/.local/lib/python3.8/site-packages/airflow/example_dags/example_dag_decorator.py
[2024-01-06T02:30:47.888+0000] {processor.py:840} INFO - DAG(s) 'example_dag_decorator' retrieved from /home/airflow/.local/lib/python3.8/site-packages/airflow/example_dags/example_dag_decorator.py
[2024-01-06T02:30:47.980+0000] {logging_mixin.py:188} INFO - [2024-01-06T02:30:47.980+0000] {dag.py:3033} INFO - Sync 1 DAGs
[2024-01-06T02:30:47.993+0000] {logging_mixin.py:188} INFO - [2024-01-06T02:30:47.992+0000] {dag.py:3820} INFO - Setting next_dagrun for example_dag_decorator to None, run_after=None
[2024-01-06T02:30:48.009+0000] {processor.py:183} INFO - Processing /home/airflow/.local/lib/python3.8/site-packages/airflow/example_dags/example_dag_decorator.py took 0.233 seconds
[2024-01-06T02:31:18.371+0000] {processor.py:161} INFO - Started process (PID=41272) to work on /home/airflow/.local/lib/python3.8/site-packages/airflow/example_dags/example_dag_decorator.py
[2024-01-06T02:31:18.374+0000] {processor.py:830} INFO - Processing file /home/airflow/.local/lib/python3.8/site-packages/airflow/example_dags/example_dag_decorator.py for tasks to queue
[2024-01-06T02:31:18.377+0000] {logging_mixin.py:188} INFO - [2024-01-06T02:31:18.376+0000] {dagbag.py:538} INFO - Filling up the DagBag from /home/airflow/.local/lib/python3.8/site-packages/airflow/example_dags/example_dag_decorator.py
[2024-01-06T02:31:18.445+0000] {processor.py:840} INFO - DAG(s) 'example_dag_decorator' retrieved from /home/airflow/.local/lib/python3.8/site-packages/airflow/example_dags/example_dag_decorator.py
[2024-01-06T02:31:18.476+0000] {logging_mixin.py:188} INFO - [2024-01-06T02:31:18.476+0000] {dag.py:3033} INFO - Sync 1 DAGs
[2024-01-06T02:31:18.488+0000] {logging_mixin.py:188} INFO - [2024-01-06T02:31:18.488+0000] {dag.py:3820} INFO - Setting next_dagrun for example_dag_decorator to None, run_after=None
[2024-01-06T02:31:18.508+0000] {processor.py:183} INFO - Processing /home/airflow/.local/lib/python3.8/site-packages/airflow/example_dags/example_dag_decorator.py took 0.140 seconds
[2024-01-06T02:31:48.918+0000] {processor.py:161} INFO - Started process (PID=41330) to work on /home/airflow/.local/lib/python3.8/site-packages/airflow/example_dags/example_dag_decorator.py
[2024-01-06T02:31:48.923+0000] {processor.py:830} INFO - Processing file /home/airflow/.local/lib/python3.8/site-packages/airflow/example_dags/example_dag_decorator.py for tasks to queue
[2024-01-06T02:31:48.927+0000] {logging_mixin.py:188} INFO - [2024-01-06T02:31:48.926+0000] {dagbag.py:538} INFO - Filling up the DagBag from /home/airflow/.local/lib/python3.8/site-packages/airflow/example_dags/example_dag_decorator.py
[2024-01-06T02:31:48.997+0000] {processor.py:840} INFO - DAG(s) 'example_dag_decorator' retrieved from /home/airflow/.local/lib/python3.8/site-packages/airflow/example_dags/example_dag_decorator.py
[2024-01-06T02:31:49.016+0000] {logging_mixin.py:188} INFO - [2024-01-06T02:31:49.016+0000] {dag.py:3033} INFO - Sync 1 DAGs
[2024-01-06T02:31:49.025+0000] {logging_mixin.py:188} INFO - [2024-01-06T02:31:49.025+0000] {dag.py:3820} INFO - Setting next_dagrun for example_dag_decorator to None, run_after=None
[2024-01-06T02:31:49.038+0000] {processor.py:183} INFO - Processing /home/airflow/.local/lib/python3.8/site-packages/airflow/example_dags/example_dag_decorator.py took 0.126 seconds
[2024-01-06T02:32:19.174+0000] {processor.py:161} INFO - Started process (PID=41388) to work on /home/airflow/.local/lib/python3.8/site-packages/airflow/example_dags/example_dag_decorator.py
[2024-01-06T02:32:19.177+0000] {processor.py:830} INFO - Processing file /home/airflow/.local/lib/python3.8/site-packages/airflow/example_dags/example_dag_decorator.py for tasks to queue
[2024-01-06T02:32:19.180+0000] {logging_mixin.py:188} INFO - [2024-01-06T02:32:19.180+0000] {dagbag.py:538} INFO - Filling up the DagBag from /home/airflow/.local/lib/python3.8/site-packages/airflow/example_dags/example_dag_decorator.py
[2024-01-06T02:32:19.246+0000] {processor.py:840} INFO - DAG(s) 'example_dag_decorator' retrieved from /home/airflow/.local/lib/python3.8/site-packages/airflow/example_dags/example_dag_decorator.py
[2024-01-06T02:32:19.322+0000] {logging_mixin.py:188} INFO - [2024-01-06T02:32:19.321+0000] {dag.py:3033} INFO - Sync 1 DAGs
[2024-01-06T02:32:19.331+0000] {logging_mixin.py:188} INFO - [2024-01-06T02:32:19.331+0000] {dag.py:3820} INFO - Setting next_dagrun for example_dag_decorator to None, run_after=None
[2024-01-06T02:32:19.344+0000] {processor.py:183} INFO - Processing /home/airflow/.local/lib/python3.8/site-packages/airflow/example_dags/example_dag_decorator.py took 0.179 seconds
[2024-01-06T02:32:49.479+0000] {processor.py:161} INFO - Started process (PID=41446) to work on /home/airflow/.local/lib/python3.8/site-packages/airflow/example_dags/example_dag_decorator.py
[2024-01-06T02:32:49.481+0000] {processor.py:830} INFO - Processing file /home/airflow/.local/lib/python3.8/site-packages/airflow/example_dags/example_dag_decorator.py for tasks to queue
[2024-01-06T02:32:49.483+0000] {logging_mixin.py:188} INFO - [2024-01-06T02:32:49.483+0000] {dagbag.py:538} INFO - Filling up the DagBag from /home/airflow/.local/lib/python3.8/site-packages/airflow/example_dags/example_dag_decorator.py
[2024-01-06T02:32:49.537+0000] {processor.py:840} INFO - DAG(s) 'example_dag_decorator' retrieved from /home/airflow/.local/lib/python3.8/site-packages/airflow/example_dags/example_dag_decorator.py
[2024-01-06T02:32:49.558+0000] {logging_mixin.py:188} INFO - [2024-01-06T02:32:49.557+0000] {dag.py:3033} INFO - Sync 1 DAGs
[2024-01-06T02:32:49.566+0000] {logging_mixin.py:188} INFO - [2024-01-06T02:32:49.566+0000] {dag.py:3820} INFO - Setting next_dagrun for example_dag_decorator to None, run_after=None
[2024-01-06T02:32:49.578+0000] {processor.py:183} INFO - Processing /home/airflow/.local/lib/python3.8/site-packages/airflow/example_dags/example_dag_decorator.py took 0.101 seconds
[2024-01-06T02:33:23.422+0000] {processor.py:161} INFO - Started process (PID=41509) to work on /home/airflow/.local/lib/python3.8/site-packages/airflow/example_dags/example_dag_decorator.py
[2024-01-06T02:33:23.439+0000] {processor.py:830} INFO - Processing file /home/airflow/.local/lib/python3.8/site-packages/airflow/example_dags/example_dag_decorator.py for tasks to queue
[2024-01-06T02:33:23.477+0000] {logging_mixin.py:188} INFO - [2024-01-06T02:33:23.469+0000] {dagbag.py:538} INFO - Filling up the DagBag from /home/airflow/.local/lib/python3.8/site-packages/airflow/example_dags/example_dag_decorator.py
[2024-01-06T02:33:23.958+0000] {processor.py:840} INFO - DAG(s) 'example_dag_decorator' retrieved from /home/airflow/.local/lib/python3.8/site-packages/airflow/example_dags/example_dag_decorator.py
[2024-01-06T02:33:25.063+0000] {logging_mixin.py:188} INFO - [2024-01-06T02:33:25.057+0000] {dag.py:3033} INFO - Sync 1 DAGs
[2024-01-06T02:33:25.236+0000] {logging_mixin.py:188} INFO - [2024-01-06T02:33:25.234+0000] {dag.py:3820} INFO - Setting next_dagrun for example_dag_decorator to None, run_after=None
[2024-01-06T02:33:25.430+0000] {processor.py:183} INFO - Processing /home/airflow/.local/lib/python3.8/site-packages/airflow/example_dags/example_dag_decorator.py took 2.050 seconds
[2024-01-06T02:33:59.551+0000] {processor.py:161} INFO - Started process (PID=41568) to work on /home/airflow/.local/lib/python3.8/site-packages/airflow/example_dags/example_dag_decorator.py
[2024-01-06T02:33:59.553+0000] {processor.py:830} INFO - Processing file /home/airflow/.local/lib/python3.8/site-packages/airflow/example_dags/example_dag_decorator.py for tasks to queue
[2024-01-06T02:33:59.556+0000] {logging_mixin.py:188} INFO - [2024-01-06T02:33:59.556+0000] {dagbag.py:538} INFO - Filling up the DagBag from /home/airflow/.local/lib/python3.8/site-packages/airflow/example_dags/example_dag_decorator.py
[2024-01-06T02:33:59.625+0000] {processor.py:840} INFO - DAG(s) 'example_dag_decorator' retrieved from /home/airflow/.local/lib/python3.8/site-packages/airflow/example_dags/example_dag_decorator.py
[2024-01-06T02:33:59.695+0000] {logging_mixin.py:188} INFO - [2024-01-06T02:33:59.695+0000] {dag.py:3033} INFO - Sync 1 DAGs
[2024-01-06T02:33:59.706+0000] {logging_mixin.py:188} INFO - [2024-01-06T02:33:59.706+0000] {dag.py:3820} INFO - Setting next_dagrun for example_dag_decorator to None, run_after=None
[2024-01-06T02:33:59.720+0000] {processor.py:183} INFO - Processing /home/airflow/.local/lib/python3.8/site-packages/airflow/example_dags/example_dag_decorator.py took 0.173 seconds
[2024-01-06T02:34:30.554+0000] {processor.py:161} INFO - Started process (PID=41625) to work on /home/airflow/.local/lib/python3.8/site-packages/airflow/example_dags/example_dag_decorator.py
[2024-01-06T02:34:30.558+0000] {processor.py:830} INFO - Processing file /home/airflow/.local/lib/python3.8/site-packages/airflow/example_dags/example_dag_decorator.py for tasks to queue
[2024-01-06T02:34:30.561+0000] {logging_mixin.py:188} INFO - [2024-01-06T02:34:30.561+0000] {dagbag.py:538} INFO - Filling up the DagBag from /home/airflow/.local/lib/python3.8/site-packages/airflow/example_dags/example_dag_decorator.py
[2024-01-06T02:34:30.649+0000] {processor.py:840} INFO - DAG(s) 'example_dag_decorator' retrieved from /home/airflow/.local/lib/python3.8/site-packages/airflow/example_dags/example_dag_decorator.py
[2024-01-06T02:34:30.744+0000] {logging_mixin.py:188} INFO - [2024-01-06T02:34:30.743+0000] {dag.py:3033} INFO - Sync 1 DAGs
[2024-01-06T02:34:30.754+0000] {logging_mixin.py:188} INFO - [2024-01-06T02:34:30.754+0000] {dag.py:3820} INFO - Setting next_dagrun for example_dag_decorator to None, run_after=None
[2024-01-06T02:34:30.768+0000] {processor.py:183} INFO - Processing /home/airflow/.local/lib/python3.8/site-packages/airflow/example_dags/example_dag_decorator.py took 0.218 seconds
[2024-01-06T02:35:01.706+0000] {processor.py:161} INFO - Started process (PID=41682) to work on /home/airflow/.local/lib/python3.8/site-packages/airflow/example_dags/example_dag_decorator.py
[2024-01-06T02:35:01.709+0000] {processor.py:830} INFO - Processing file /home/airflow/.local/lib/python3.8/site-packages/airflow/example_dags/example_dag_decorator.py for tasks to queue
[2024-01-06T02:35:01.717+0000] {logging_mixin.py:188} INFO - [2024-01-06T02:35:01.716+0000] {dagbag.py:538} INFO - Filling up the DagBag from /home/airflow/.local/lib/python3.8/site-packages/airflow/example_dags/example_dag_decorator.py
[2024-01-06T02:35:01.865+0000] {processor.py:840} INFO - DAG(s) 'example_dag_decorator' retrieved from /home/airflow/.local/lib/python3.8/site-packages/airflow/example_dags/example_dag_decorator.py
[2024-01-06T02:35:01.909+0000] {logging_mixin.py:188} INFO - [2024-01-06T02:35:01.909+0000] {dag.py:3033} INFO - Sync 1 DAGs
[2024-01-06T02:35:01.930+0000] {logging_mixin.py:188} INFO - [2024-01-06T02:35:01.930+0000] {dag.py:3820} INFO - Setting next_dagrun for example_dag_decorator to None, run_after=None
[2024-01-06T02:35:01.952+0000] {processor.py:183} INFO - Processing /home/airflow/.local/lib/python3.8/site-packages/airflow/example_dags/example_dag_decorator.py took 0.251 seconds
[2024-01-06T02:35:32.196+0000] {processor.py:161} INFO - Started process (PID=41740) to work on /home/airflow/.local/lib/python3.8/site-packages/airflow/example_dags/example_dag_decorator.py
[2024-01-06T02:35:32.200+0000] {processor.py:830} INFO - Processing file /home/airflow/.local/lib/python3.8/site-packages/airflow/example_dags/example_dag_decorator.py for tasks to queue
[2024-01-06T02:35:32.206+0000] {logging_mixin.py:188} INFO - [2024-01-06T02:35:32.206+0000] {dagbag.py:538} INFO - Filling up the DagBag from /home/airflow/.local/lib/python3.8/site-packages/airflow/example_dags/example_dag_decorator.py
[2024-01-06T02:35:32.319+0000] {processor.py:840} INFO - DAG(s) 'example_dag_decorator' retrieved from /home/airflow/.local/lib/python3.8/site-packages/airflow/example_dags/example_dag_decorator.py
[2024-01-06T02:35:32.348+0000] {logging_mixin.py:188} INFO - [2024-01-06T02:35:32.348+0000] {dag.py:3033} INFO - Sync 1 DAGs
[2024-01-06T02:35:32.359+0000] {logging_mixin.py:188} INFO - [2024-01-06T02:35:32.359+0000] {dag.py:3820} INFO - Setting next_dagrun for example_dag_decorator to None, run_after=None
[2024-01-06T02:35:32.381+0000] {processor.py:183} INFO - Processing /home/airflow/.local/lib/python3.8/site-packages/airflow/example_dags/example_dag_decorator.py took 0.189 seconds
[2024-01-06T02:36:02.612+0000] {processor.py:161} INFO - Started process (PID=41798) to work on /home/airflow/.local/lib/python3.8/site-packages/airflow/example_dags/example_dag_decorator.py
[2024-01-06T02:36:02.613+0000] {processor.py:830} INFO - Processing file /home/airflow/.local/lib/python3.8/site-packages/airflow/example_dags/example_dag_decorator.py for tasks to queue
[2024-01-06T02:36:02.617+0000] {logging_mixin.py:188} INFO - [2024-01-06T02:36:02.616+0000] {dagbag.py:538} INFO - Filling up the DagBag from /home/airflow/.local/lib/python3.8/site-packages/airflow/example_dags/example_dag_decorator.py
[2024-01-06T02:36:02.692+0000] {processor.py:840} INFO - DAG(s) 'example_dag_decorator' retrieved from /home/airflow/.local/lib/python3.8/site-packages/airflow/example_dags/example_dag_decorator.py
[2024-01-06T02:36:02.710+0000] {logging_mixin.py:188} INFO - [2024-01-06T02:36:02.710+0000] {dag.py:3033} INFO - Sync 1 DAGs
[2024-01-06T02:36:02.718+0000] {logging_mixin.py:188} INFO - [2024-01-06T02:36:02.718+0000] {dag.py:3820} INFO - Setting next_dagrun for example_dag_decorator to None, run_after=None
[2024-01-06T02:36:02.731+0000] {processor.py:183} INFO - Processing /home/airflow/.local/lib/python3.8/site-packages/airflow/example_dags/example_dag_decorator.py took 0.124 seconds
[2024-01-06T02:36:32.873+0000] {processor.py:161} INFO - Started process (PID=41856) to work on /home/airflow/.local/lib/python3.8/site-packages/airflow/example_dags/example_dag_decorator.py
[2024-01-06T02:36:32.879+0000] {processor.py:830} INFO - Processing file /home/airflow/.local/lib/python3.8/site-packages/airflow/example_dags/example_dag_decorator.py for tasks to queue
[2024-01-06T02:36:32.885+0000] {logging_mixin.py:188} INFO - [2024-01-06T02:36:32.884+0000] {dagbag.py:538} INFO - Filling up the DagBag from /home/airflow/.local/lib/python3.8/site-packages/airflow/example_dags/example_dag_decorator.py
[2024-01-06T02:36:32.980+0000] {processor.py:840} INFO - DAG(s) 'example_dag_decorator' retrieved from /home/airflow/.local/lib/python3.8/site-packages/airflow/example_dags/example_dag_decorator.py
[2024-01-06T02:36:33.009+0000] {logging_mixin.py:188} INFO - [2024-01-06T02:36:33.009+0000] {dag.py:3033} INFO - Sync 1 DAGs
[2024-01-06T02:36:33.021+0000] {logging_mixin.py:188} INFO - [2024-01-06T02:36:33.021+0000] {dag.py:3820} INFO - Setting next_dagrun for example_dag_decorator to None, run_after=None
[2024-01-06T02:36:33.045+0000] {processor.py:183} INFO - Processing /home/airflow/.local/lib/python3.8/site-packages/airflow/example_dags/example_dag_decorator.py took 0.178 seconds
[2024-01-06T02:37:03.340+0000] {processor.py:161} INFO - Started process (PID=41914) to work on /home/airflow/.local/lib/python3.8/site-packages/airflow/example_dags/example_dag_decorator.py
[2024-01-06T02:37:03.349+0000] {processor.py:830} INFO - Processing file /home/airflow/.local/lib/python3.8/site-packages/airflow/example_dags/example_dag_decorator.py for tasks to queue
[2024-01-06T02:37:03.352+0000] {logging_mixin.py:188} INFO - [2024-01-06T02:37:03.352+0000] {dagbag.py:538} INFO - Filling up the DagBag from /home/airflow/.local/lib/python3.8/site-packages/airflow/example_dags/example_dag_decorator.py
[2024-01-06T02:37:03.412+0000] {processor.py:840} INFO - DAG(s) 'example_dag_decorator' retrieved from /home/airflow/.local/lib/python3.8/site-packages/airflow/example_dags/example_dag_decorator.py
[2024-01-06T02:37:03.495+0000] {logging_mixin.py:188} INFO - [2024-01-06T02:37:03.495+0000] {dag.py:3033} INFO - Sync 1 DAGs
[2024-01-06T02:37:03.503+0000] {logging_mixin.py:188} INFO - [2024-01-06T02:37:03.503+0000] {dag.py:3820} INFO - Setting next_dagrun for example_dag_decorator to None, run_after=None
[2024-01-06T02:37:03.519+0000] {processor.py:183} INFO - Processing /home/airflow/.local/lib/python3.8/site-packages/airflow/example_dags/example_dag_decorator.py took 0.183 seconds
[2024-01-06T02:37:33.883+0000] {processor.py:161} INFO - Started process (PID=41969) to work on /home/airflow/.local/lib/python3.8/site-packages/airflow/example_dags/example_dag_decorator.py
[2024-01-06T02:37:33.885+0000] {processor.py:830} INFO - Processing file /home/airflow/.local/lib/python3.8/site-packages/airflow/example_dags/example_dag_decorator.py for tasks to queue
[2024-01-06T02:37:33.887+0000] {logging_mixin.py:188} INFO - [2024-01-06T02:37:33.887+0000] {dagbag.py:538} INFO - Filling up the DagBag from /home/airflow/.local/lib/python3.8/site-packages/airflow/example_dags/example_dag_decorator.py
[2024-01-06T02:37:33.952+0000] {processor.py:840} INFO - DAG(s) 'example_dag_decorator' retrieved from /home/airflow/.local/lib/python3.8/site-packages/airflow/example_dags/example_dag_decorator.py
[2024-01-06T02:37:34.028+0000] {logging_mixin.py:188} INFO - [2024-01-06T02:37:34.027+0000] {dag.py:3033} INFO - Sync 1 DAGs
[2024-01-06T02:37:34.037+0000] {logging_mixin.py:188} INFO - [2024-01-06T02:37:34.037+0000] {dag.py:3820} INFO - Setting next_dagrun for example_dag_decorator to None, run_after=None
[2024-01-06T02:37:34.060+0000] {processor.py:183} INFO - Processing /home/airflow/.local/lib/python3.8/site-packages/airflow/example_dags/example_dag_decorator.py took 0.180 seconds
[2024-01-06T02:38:04.357+0000] {processor.py:161} INFO - Started process (PID=42027) to work on /home/airflow/.local/lib/python3.8/site-packages/airflow/example_dags/example_dag_decorator.py
[2024-01-06T02:38:04.360+0000] {processor.py:830} INFO - Processing file /home/airflow/.local/lib/python3.8/site-packages/airflow/example_dags/example_dag_decorator.py for tasks to queue
[2024-01-06T02:38:04.362+0000] {logging_mixin.py:188} INFO - [2024-01-06T02:38:04.362+0000] {dagbag.py:538} INFO - Filling up the DagBag from /home/airflow/.local/lib/python3.8/site-packages/airflow/example_dags/example_dag_decorator.py
[2024-01-06T02:38:04.442+0000] {processor.py:840} INFO - DAG(s) 'example_dag_decorator' retrieved from /home/airflow/.local/lib/python3.8/site-packages/airflow/example_dags/example_dag_decorator.py
[2024-01-06T02:38:04.460+0000] {logging_mixin.py:188} INFO - [2024-01-06T02:38:04.460+0000] {dag.py:3033} INFO - Sync 1 DAGs
[2024-01-06T02:38:04.481+0000] {logging_mixin.py:188} INFO - [2024-01-06T02:38:04.481+0000] {dag.py:3820} INFO - Setting next_dagrun for example_dag_decorator to None, run_after=None
[2024-01-06T02:38:04.496+0000] {processor.py:183} INFO - Processing /home/airflow/.local/lib/python3.8/site-packages/airflow/example_dags/example_dag_decorator.py took 0.143 seconds
[2024-01-06T02:38:34.667+0000] {processor.py:161} INFO - Started process (PID=42085) to work on /home/airflow/.local/lib/python3.8/site-packages/airflow/example_dags/example_dag_decorator.py
[2024-01-06T02:38:34.669+0000] {processor.py:830} INFO - Processing file /home/airflow/.local/lib/python3.8/site-packages/airflow/example_dags/example_dag_decorator.py for tasks to queue
[2024-01-06T02:38:34.673+0000] {logging_mixin.py:188} INFO - [2024-01-06T02:38:34.672+0000] {dagbag.py:538} INFO - Filling up the DagBag from /home/airflow/.local/lib/python3.8/site-packages/airflow/example_dags/example_dag_decorator.py
[2024-01-06T02:38:34.741+0000] {processor.py:840} INFO - DAG(s) 'example_dag_decorator' retrieved from /home/airflow/.local/lib/python3.8/site-packages/airflow/example_dags/example_dag_decorator.py
[2024-01-06T02:38:34.759+0000] {logging_mixin.py:188} INFO - [2024-01-06T02:38:34.759+0000] {dag.py:3033} INFO - Sync 1 DAGs
[2024-01-06T02:38:34.766+0000] {logging_mixin.py:188} INFO - [2024-01-06T02:38:34.766+0000] {dag.py:3820} INFO - Setting next_dagrun for example_dag_decorator to None, run_after=None
[2024-01-06T02:38:34.778+0000] {processor.py:183} INFO - Processing /home/airflow/.local/lib/python3.8/site-packages/airflow/example_dags/example_dag_decorator.py took 0.116 seconds
[2024-01-06T02:39:05.144+0000] {processor.py:161} INFO - Started process (PID=42142) to work on /home/airflow/.local/lib/python3.8/site-packages/airflow/example_dags/example_dag_decorator.py
[2024-01-06T02:39:05.147+0000] {processor.py:830} INFO - Processing file /home/airflow/.local/lib/python3.8/site-packages/airflow/example_dags/example_dag_decorator.py for tasks to queue
[2024-01-06T02:39:05.150+0000] {logging_mixin.py:188} INFO - [2024-01-06T02:39:05.150+0000] {dagbag.py:538} INFO - Filling up the DagBag from /home/airflow/.local/lib/python3.8/site-packages/airflow/example_dags/example_dag_decorator.py
[2024-01-06T02:39:05.210+0000] {processor.py:840} INFO - DAG(s) 'example_dag_decorator' retrieved from /home/airflow/.local/lib/python3.8/site-packages/airflow/example_dags/example_dag_decorator.py
[2024-01-06T02:39:05.230+0000] {logging_mixin.py:188} INFO - [2024-01-06T02:39:05.230+0000] {dag.py:3033} INFO - Sync 1 DAGs
[2024-01-06T02:39:05.238+0000] {logging_mixin.py:188} INFO - [2024-01-06T02:39:05.238+0000] {dag.py:3820} INFO - Setting next_dagrun for example_dag_decorator to None, run_after=None
[2024-01-06T02:39:05.251+0000] {processor.py:183} INFO - Processing /home/airflow/.local/lib/python3.8/site-packages/airflow/example_dags/example_dag_decorator.py took 0.111 seconds
[2024-01-06T02:39:35.938+0000] {processor.py:161} INFO - Started process (PID=42199) to work on /home/airflow/.local/lib/python3.8/site-packages/airflow/example_dags/example_dag_decorator.py
[2024-01-06T02:39:35.940+0000] {processor.py:830} INFO - Processing file /home/airflow/.local/lib/python3.8/site-packages/airflow/example_dags/example_dag_decorator.py for tasks to queue
[2024-01-06T02:39:35.943+0000] {logging_mixin.py:188} INFO - [2024-01-06T02:39:35.943+0000] {dagbag.py:538} INFO - Filling up the DagBag from /home/airflow/.local/lib/python3.8/site-packages/airflow/example_dags/example_dag_decorator.py
[2024-01-06T02:39:36.009+0000] {processor.py:840} INFO - DAG(s) 'example_dag_decorator' retrieved from /home/airflow/.local/lib/python3.8/site-packages/airflow/example_dags/example_dag_decorator.py
[2024-01-06T02:39:36.030+0000] {logging_mixin.py:188} INFO - [2024-01-06T02:39:36.030+0000] {dag.py:3033} INFO - Sync 1 DAGs
[2024-01-06T02:39:36.040+0000] {logging_mixin.py:188} INFO - [2024-01-06T02:39:36.040+0000] {dag.py:3820} INFO - Setting next_dagrun for example_dag_decorator to None, run_after=None
[2024-01-06T02:39:36.052+0000] {processor.py:183} INFO - Processing /home/airflow/.local/lib/python3.8/site-packages/airflow/example_dags/example_dag_decorator.py took 0.118 seconds
[2024-01-06T02:40:06.237+0000] {processor.py:161} INFO - Started process (PID=42258) to work on /home/airflow/.local/lib/python3.8/site-packages/airflow/example_dags/example_dag_decorator.py
[2024-01-06T02:40:06.240+0000] {processor.py:830} INFO - Processing file /home/airflow/.local/lib/python3.8/site-packages/airflow/example_dags/example_dag_decorator.py for tasks to queue
[2024-01-06T02:40:06.243+0000] {logging_mixin.py:188} INFO - [2024-01-06T02:40:06.242+0000] {dagbag.py:538} INFO - Filling up the DagBag from /home/airflow/.local/lib/python3.8/site-packages/airflow/example_dags/example_dag_decorator.py
[2024-01-06T02:40:06.306+0000] {processor.py:840} INFO - DAG(s) 'example_dag_decorator' retrieved from /home/airflow/.local/lib/python3.8/site-packages/airflow/example_dags/example_dag_decorator.py
[2024-01-06T02:40:06.323+0000] {logging_mixin.py:188} INFO - [2024-01-06T02:40:06.323+0000] {dag.py:3033} INFO - Sync 1 DAGs
[2024-01-06T02:40:06.332+0000] {logging_mixin.py:188} INFO - [2024-01-06T02:40:06.331+0000] {dag.py:3820} INFO - Setting next_dagrun for example_dag_decorator to None, run_after=None
[2024-01-06T02:40:06.344+0000] {processor.py:183} INFO - Processing /home/airflow/.local/lib/python3.8/site-packages/airflow/example_dags/example_dag_decorator.py took 0.111 seconds
[2024-01-06T02:40:36.601+0000] {processor.py:161} INFO - Started process (PID=42317) to work on /home/airflow/.local/lib/python3.8/site-packages/airflow/example_dags/example_dag_decorator.py
[2024-01-06T02:40:36.603+0000] {processor.py:830} INFO - Processing file /home/airflow/.local/lib/python3.8/site-packages/airflow/example_dags/example_dag_decorator.py for tasks to queue
[2024-01-06T02:40:36.607+0000] {logging_mixin.py:188} INFO - [2024-01-06T02:40:36.606+0000] {dagbag.py:538} INFO - Filling up the DagBag from /home/airflow/.local/lib/python3.8/site-packages/airflow/example_dags/example_dag_decorator.py
[2024-01-06T02:40:36.753+0000] {processor.py:840} INFO - DAG(s) 'example_dag_decorator' retrieved from /home/airflow/.local/lib/python3.8/site-packages/airflow/example_dags/example_dag_decorator.py
[2024-01-06T02:40:36.852+0000] {logging_mixin.py:188} INFO - [2024-01-06T02:40:36.851+0000] {dag.py:3033} INFO - Sync 1 DAGs
[2024-01-06T02:40:36.885+0000] {logging_mixin.py:188} INFO - [2024-01-06T02:40:36.885+0000] {dag.py:3820} INFO - Setting next_dagrun for example_dag_decorator to None, run_after=None
[2024-01-06T02:40:36.915+0000] {processor.py:183} INFO - Processing /home/airflow/.local/lib/python3.8/site-packages/airflow/example_dags/example_dag_decorator.py took 0.318 seconds
[2024-01-06T02:41:07.584+0000] {processor.py:161} INFO - Started process (PID=42375) to work on /home/airflow/.local/lib/python3.8/site-packages/airflow/example_dags/example_dag_decorator.py
[2024-01-06T02:41:07.586+0000] {processor.py:830} INFO - Processing file /home/airflow/.local/lib/python3.8/site-packages/airflow/example_dags/example_dag_decorator.py for tasks to queue
[2024-01-06T02:41:07.590+0000] {logging_mixin.py:188} INFO - [2024-01-06T02:41:07.589+0000] {dagbag.py:538} INFO - Filling up the DagBag from /home/airflow/.local/lib/python3.8/site-packages/airflow/example_dags/example_dag_decorator.py
[2024-01-06T02:41:07.653+0000] {processor.py:840} INFO - DAG(s) 'example_dag_decorator' retrieved from /home/airflow/.local/lib/python3.8/site-packages/airflow/example_dags/example_dag_decorator.py
[2024-01-06T02:41:07.680+0000] {logging_mixin.py:188} INFO - [2024-01-06T02:41:07.680+0000] {dag.py:3033} INFO - Sync 1 DAGs
[2024-01-06T02:41:07.690+0000] {logging_mixin.py:188} INFO - [2024-01-06T02:41:07.690+0000] {dag.py:3820} INFO - Setting next_dagrun for example_dag_decorator to None, run_after=None
[2024-01-06T02:41:07.705+0000] {processor.py:183} INFO - Processing /home/airflow/.local/lib/python3.8/site-packages/airflow/example_dags/example_dag_decorator.py took 0.125 seconds
[2024-01-06T02:41:38.485+0000] {processor.py:161} INFO - Started process (PID=42433) to work on /home/airflow/.local/lib/python3.8/site-packages/airflow/example_dags/example_dag_decorator.py
[2024-01-06T02:41:38.487+0000] {processor.py:830} INFO - Processing file /home/airflow/.local/lib/python3.8/site-packages/airflow/example_dags/example_dag_decorator.py for tasks to queue
[2024-01-06T02:41:38.493+0000] {logging_mixin.py:188} INFO - [2024-01-06T02:41:38.493+0000] {dagbag.py:538} INFO - Filling up the DagBag from /home/airflow/.local/lib/python3.8/site-packages/airflow/example_dags/example_dag_decorator.py
[2024-01-06T02:41:38.572+0000] {processor.py:840} INFO - DAG(s) 'example_dag_decorator' retrieved from /home/airflow/.local/lib/python3.8/site-packages/airflow/example_dags/example_dag_decorator.py
[2024-01-06T02:41:38.590+0000] {logging_mixin.py:188} INFO - [2024-01-06T02:41:38.590+0000] {dag.py:3033} INFO - Sync 1 DAGs
[2024-01-06T02:41:38.600+0000] {logging_mixin.py:188} INFO - [2024-01-06T02:41:38.600+0000] {dag.py:3820} INFO - Setting next_dagrun for example_dag_decorator to None, run_after=None
[2024-01-06T02:41:38.615+0000] {processor.py:183} INFO - Processing /home/airflow/.local/lib/python3.8/site-packages/airflow/example_dags/example_dag_decorator.py took 0.135 seconds
[2024-01-06T02:42:09.668+0000] {processor.py:161} INFO - Started process (PID=42490) to work on /home/airflow/.local/lib/python3.8/site-packages/airflow/example_dags/example_dag_decorator.py
[2024-01-06T02:42:09.671+0000] {processor.py:830} INFO - Processing file /home/airflow/.local/lib/python3.8/site-packages/airflow/example_dags/example_dag_decorator.py for tasks to queue
[2024-01-06T02:42:09.675+0000] {logging_mixin.py:188} INFO - [2024-01-06T02:42:09.674+0000] {dagbag.py:538} INFO - Filling up the DagBag from /home/airflow/.local/lib/python3.8/site-packages/airflow/example_dags/example_dag_decorator.py
[2024-01-06T02:42:09.736+0000] {processor.py:840} INFO - DAG(s) 'example_dag_decorator' retrieved from /home/airflow/.local/lib/python3.8/site-packages/airflow/example_dags/example_dag_decorator.py
[2024-01-06T02:42:09.756+0000] {logging_mixin.py:188} INFO - [2024-01-06T02:42:09.756+0000] {dag.py:3033} INFO - Sync 1 DAGs
[2024-01-06T02:42:09.764+0000] {logging_mixin.py:188} INFO - [2024-01-06T02:42:09.764+0000] {dag.py:3820} INFO - Setting next_dagrun for example_dag_decorator to None, run_after=None
[2024-01-06T02:42:09.776+0000] {processor.py:183} INFO - Processing /home/airflow/.local/lib/python3.8/site-packages/airflow/example_dags/example_dag_decorator.py took 0.113 seconds
[2024-01-06T02:42:39.874+0000] {processor.py:161} INFO - Started process (PID=42548) to work on /home/airflow/.local/lib/python3.8/site-packages/airflow/example_dags/example_dag_decorator.py
[2024-01-06T02:42:39.876+0000] {processor.py:830} INFO - Processing file /home/airflow/.local/lib/python3.8/site-packages/airflow/example_dags/example_dag_decorator.py for tasks to queue
[2024-01-06T02:42:39.879+0000] {logging_mixin.py:188} INFO - [2024-01-06T02:42:39.879+0000] {dagbag.py:538} INFO - Filling up the DagBag from /home/airflow/.local/lib/python3.8/site-packages/airflow/example_dags/example_dag_decorator.py
[2024-01-06T02:42:39.934+0000] {processor.py:840} INFO - DAG(s) 'example_dag_decorator' retrieved from /home/airflow/.local/lib/python3.8/site-packages/airflow/example_dags/example_dag_decorator.py
[2024-01-06T02:42:40.005+0000] {logging_mixin.py:188} INFO - [2024-01-06T02:42:40.005+0000] {dag.py:3033} INFO - Sync 1 DAGs
[2024-01-06T02:42:40.011+0000] {logging_mixin.py:188} INFO - [2024-01-06T02:42:40.011+0000] {dag.py:3820} INFO - Setting next_dagrun for example_dag_decorator to None, run_after=None
[2024-01-06T02:42:40.026+0000] {processor.py:183} INFO - Processing /home/airflow/.local/lib/python3.8/site-packages/airflow/example_dags/example_dag_decorator.py took 0.155 seconds
[2024-01-06T02:43:10.349+0000] {processor.py:161} INFO - Started process (PID=42608) to work on /home/airflow/.local/lib/python3.8/site-packages/airflow/example_dags/example_dag_decorator.py
[2024-01-06T02:43:10.350+0000] {processor.py:830} INFO - Processing file /home/airflow/.local/lib/python3.8/site-packages/airflow/example_dags/example_dag_decorator.py for tasks to queue
[2024-01-06T02:43:10.352+0000] {logging_mixin.py:188} INFO - [2024-01-06T02:43:10.352+0000] {dagbag.py:538} INFO - Filling up the DagBag from /home/airflow/.local/lib/python3.8/site-packages/airflow/example_dags/example_dag_decorator.py
[2024-01-06T02:43:10.419+0000] {processor.py:840} INFO - DAG(s) 'example_dag_decorator' retrieved from /home/airflow/.local/lib/python3.8/site-packages/airflow/example_dags/example_dag_decorator.py
[2024-01-06T02:43:10.494+0000] {logging_mixin.py:188} INFO - [2024-01-06T02:43:10.494+0000] {dag.py:3033} INFO - Sync 1 DAGs
[2024-01-06T02:43:10.505+0000] {logging_mixin.py:188} INFO - [2024-01-06T02:43:10.505+0000] {dag.py:3820} INFO - Setting next_dagrun for example_dag_decorator to None, run_after=None
[2024-01-06T02:43:10.520+0000] {processor.py:183} INFO - Processing /home/airflow/.local/lib/python3.8/site-packages/airflow/example_dags/example_dag_decorator.py took 0.175 seconds
[2024-01-06T02:43:40.593+0000] {processor.py:161} INFO - Started process (PID=42668) to work on /home/airflow/.local/lib/python3.8/site-packages/airflow/example_dags/example_dag_decorator.py
[2024-01-06T02:43:40.594+0000] {processor.py:830} INFO - Processing file /home/airflow/.local/lib/python3.8/site-packages/airflow/example_dags/example_dag_decorator.py for tasks to queue
[2024-01-06T02:43:40.596+0000] {logging_mixin.py:188} INFO - [2024-01-06T02:43:40.596+0000] {dagbag.py:538} INFO - Filling up the DagBag from /home/airflow/.local/lib/python3.8/site-packages/airflow/example_dags/example_dag_decorator.py
[2024-01-06T02:43:40.645+0000] {processor.py:840} INFO - DAG(s) 'example_dag_decorator' retrieved from /home/airflow/.local/lib/python3.8/site-packages/airflow/example_dags/example_dag_decorator.py
[2024-01-06T02:43:40.706+0000] {logging_mixin.py:188} INFO - [2024-01-06T02:43:40.706+0000] {dag.py:3033} INFO - Sync 1 DAGs
[2024-01-06T02:43:40.713+0000] {logging_mixin.py:188} INFO - [2024-01-06T02:43:40.713+0000] {dag.py:3820} INFO - Setting next_dagrun for example_dag_decorator to None, run_after=None
[2024-01-06T02:43:40.726+0000] {processor.py:183} INFO - Processing /home/airflow/.local/lib/python3.8/site-packages/airflow/example_dags/example_dag_decorator.py took 0.135 seconds
[2024-01-06T02:44:10.847+0000] {processor.py:161} INFO - Started process (PID=42726) to work on /home/airflow/.local/lib/python3.8/site-packages/airflow/example_dags/example_dag_decorator.py
[2024-01-06T02:44:10.849+0000] {processor.py:830} INFO - Processing file /home/airflow/.local/lib/python3.8/site-packages/airflow/example_dags/example_dag_decorator.py for tasks to queue
[2024-01-06T02:44:10.851+0000] {logging_mixin.py:188} INFO - [2024-01-06T02:44:10.851+0000] {dagbag.py:538} INFO - Filling up the DagBag from /home/airflow/.local/lib/python3.8/site-packages/airflow/example_dags/example_dag_decorator.py
[2024-01-06T02:44:10.911+0000] {processor.py:840} INFO - DAG(s) 'example_dag_decorator' retrieved from /home/airflow/.local/lib/python3.8/site-packages/airflow/example_dags/example_dag_decorator.py
[2024-01-06T02:44:10.981+0000] {logging_mixin.py:188} INFO - [2024-01-06T02:44:10.980+0000] {dag.py:3033} INFO - Sync 1 DAGs
[2024-01-06T02:44:10.988+0000] {logging_mixin.py:188} INFO - [2024-01-06T02:44:10.988+0000] {dag.py:3820} INFO - Setting next_dagrun for example_dag_decorator to None, run_after=None
[2024-01-06T02:44:11.000+0000] {processor.py:183} INFO - Processing /home/airflow/.local/lib/python3.8/site-packages/airflow/example_dags/example_dag_decorator.py took 0.156 seconds
[2024-01-06T02:44:41.050+0000] {processor.py:161} INFO - Started process (PID=42784) to work on /home/airflow/.local/lib/python3.8/site-packages/airflow/example_dags/example_dag_decorator.py
[2024-01-06T02:44:41.052+0000] {processor.py:830} INFO - Processing file /home/airflow/.local/lib/python3.8/site-packages/airflow/example_dags/example_dag_decorator.py for tasks to queue
[2024-01-06T02:44:41.055+0000] {logging_mixin.py:188} INFO - [2024-01-06T02:44:41.055+0000] {dagbag.py:538} INFO - Filling up the DagBag from /home/airflow/.local/lib/python3.8/site-packages/airflow/example_dags/example_dag_decorator.py
[2024-01-06T02:44:41.143+0000] {processor.py:840} INFO - DAG(s) 'example_dag_decorator' retrieved from /home/airflow/.local/lib/python3.8/site-packages/airflow/example_dags/example_dag_decorator.py
[2024-01-06T02:44:41.168+0000] {logging_mixin.py:188} INFO - [2024-01-06T02:44:41.168+0000] {dag.py:3033} INFO - Sync 1 DAGs
[2024-01-06T02:44:41.181+0000] {logging_mixin.py:188} INFO - [2024-01-06T02:44:41.181+0000] {dag.py:3820} INFO - Setting next_dagrun for example_dag_decorator to None, run_after=None
[2024-01-06T02:44:41.199+0000] {processor.py:183} INFO - Processing /home/airflow/.local/lib/python3.8/site-packages/airflow/example_dags/example_dag_decorator.py took 0.151 seconds
[2024-01-06T02:45:11.364+0000] {processor.py:161} INFO - Started process (PID=42842) to work on /home/airflow/.local/lib/python3.8/site-packages/airflow/example_dags/example_dag_decorator.py
[2024-01-06T02:45:11.367+0000] {processor.py:830} INFO - Processing file /home/airflow/.local/lib/python3.8/site-packages/airflow/example_dags/example_dag_decorator.py for tasks to queue
[2024-01-06T02:45:11.372+0000] {logging_mixin.py:188} INFO - [2024-01-06T02:45:11.372+0000] {dagbag.py:538} INFO - Filling up the DagBag from /home/airflow/.local/lib/python3.8/site-packages/airflow/example_dags/example_dag_decorator.py
[2024-01-06T02:45:11.452+0000] {processor.py:840} INFO - DAG(s) 'example_dag_decorator' retrieved from /home/airflow/.local/lib/python3.8/site-packages/airflow/example_dags/example_dag_decorator.py
[2024-01-06T02:45:11.524+0000] {logging_mixin.py:188} INFO - [2024-01-06T02:45:11.524+0000] {dag.py:3033} INFO - Sync 1 DAGs
[2024-01-06T02:45:11.532+0000] {logging_mixin.py:188} INFO - [2024-01-06T02:45:11.532+0000] {dag.py:3820} INFO - Setting next_dagrun for example_dag_decorator to None, run_after=None
[2024-01-06T02:45:11.544+0000] {processor.py:183} INFO - Processing /home/airflow/.local/lib/python3.8/site-packages/airflow/example_dags/example_dag_decorator.py took 0.184 seconds
[2024-01-06T02:45:41.665+0000] {processor.py:161} INFO - Started process (PID=42899) to work on /home/airflow/.local/lib/python3.8/site-packages/airflow/example_dags/example_dag_decorator.py
[2024-01-06T02:45:41.670+0000] {processor.py:830} INFO - Processing file /home/airflow/.local/lib/python3.8/site-packages/airflow/example_dags/example_dag_decorator.py for tasks to queue
[2024-01-06T02:45:41.672+0000] {logging_mixin.py:188} INFO - [2024-01-06T02:45:41.672+0000] {dagbag.py:538} INFO - Filling up the DagBag from /home/airflow/.local/lib/python3.8/site-packages/airflow/example_dags/example_dag_decorator.py
[2024-01-06T02:45:41.755+0000] {processor.py:840} INFO - DAG(s) 'example_dag_decorator' retrieved from /home/airflow/.local/lib/python3.8/site-packages/airflow/example_dags/example_dag_decorator.py
[2024-01-06T02:45:41.841+0000] {logging_mixin.py:188} INFO - [2024-01-06T02:45:41.841+0000] {dag.py:3033} INFO - Sync 1 DAGs
[2024-01-06T02:45:41.856+0000] {logging_mixin.py:188} INFO - [2024-01-06T02:45:41.856+0000] {dag.py:3820} INFO - Setting next_dagrun for example_dag_decorator to None, run_after=None
[2024-01-06T02:45:41.871+0000] {processor.py:183} INFO - Processing /home/airflow/.local/lib/python3.8/site-packages/airflow/example_dags/example_dag_decorator.py took 0.208 seconds
[2024-01-06T02:46:12.731+0000] {processor.py:161} INFO - Started process (PID=42957) to work on /home/airflow/.local/lib/python3.8/site-packages/airflow/example_dags/example_dag_decorator.py
[2024-01-06T02:46:12.733+0000] {processor.py:830} INFO - Processing file /home/airflow/.local/lib/python3.8/site-packages/airflow/example_dags/example_dag_decorator.py for tasks to queue
[2024-01-06T02:46:12.735+0000] {logging_mixin.py:188} INFO - [2024-01-06T02:46:12.735+0000] {dagbag.py:538} INFO - Filling up the DagBag from /home/airflow/.local/lib/python3.8/site-packages/airflow/example_dags/example_dag_decorator.py
[2024-01-06T02:46:12.823+0000] {processor.py:840} INFO - DAG(s) 'example_dag_decorator' retrieved from /home/airflow/.local/lib/python3.8/site-packages/airflow/example_dags/example_dag_decorator.py
[2024-01-06T02:46:12.931+0000] {logging_mixin.py:188} INFO - [2024-01-06T02:46:12.931+0000] {dag.py:3033} INFO - Sync 1 DAGs
[2024-01-06T02:46:12.942+0000] {logging_mixin.py:188} INFO - [2024-01-06T02:46:12.942+0000] {dag.py:3820} INFO - Setting next_dagrun for example_dag_decorator to None, run_after=None
[2024-01-06T02:46:12.965+0000] {processor.py:183} INFO - Processing /home/airflow/.local/lib/python3.8/site-packages/airflow/example_dags/example_dag_decorator.py took 0.238 seconds
[2024-01-06T02:46:43.322+0000] {processor.py:161} INFO - Started process (PID=43015) to work on /home/airflow/.local/lib/python3.8/site-packages/airflow/example_dags/example_dag_decorator.py
[2024-01-06T02:46:43.324+0000] {processor.py:830} INFO - Processing file /home/airflow/.local/lib/python3.8/site-packages/airflow/example_dags/example_dag_decorator.py for tasks to queue
[2024-01-06T02:46:43.327+0000] {logging_mixin.py:188} INFO - [2024-01-06T02:46:43.327+0000] {dagbag.py:538} INFO - Filling up the DagBag from /home/airflow/.local/lib/python3.8/site-packages/airflow/example_dags/example_dag_decorator.py
[2024-01-06T02:46:43.390+0000] {processor.py:840} INFO - DAG(s) 'example_dag_decorator' retrieved from /home/airflow/.local/lib/python3.8/site-packages/airflow/example_dags/example_dag_decorator.py
[2024-01-06T02:46:43.411+0000] {logging_mixin.py:188} INFO - [2024-01-06T02:46:43.411+0000] {dag.py:3033} INFO - Sync 1 DAGs
[2024-01-06T02:46:43.422+0000] {logging_mixin.py:188} INFO - [2024-01-06T02:46:43.422+0000] {dag.py:3820} INFO - Setting next_dagrun for example_dag_decorator to None, run_after=None
[2024-01-06T02:46:43.437+0000] {processor.py:183} INFO - Processing /home/airflow/.local/lib/python3.8/site-packages/airflow/example_dags/example_dag_decorator.py took 0.118 seconds
[2024-01-06T02:47:13.637+0000] {processor.py:161} INFO - Started process (PID=43073) to work on /home/airflow/.local/lib/python3.8/site-packages/airflow/example_dags/example_dag_decorator.py
[2024-01-06T02:47:13.640+0000] {processor.py:830} INFO - Processing file /home/airflow/.local/lib/python3.8/site-packages/airflow/example_dags/example_dag_decorator.py for tasks to queue
[2024-01-06T02:47:13.648+0000] {logging_mixin.py:188} INFO - [2024-01-06T02:47:13.647+0000] {dagbag.py:538} INFO - Filling up the DagBag from /home/airflow/.local/lib/python3.8/site-packages/airflow/example_dags/example_dag_decorator.py
[2024-01-06T02:47:13.730+0000] {processor.py:840} INFO - DAG(s) 'example_dag_decorator' retrieved from /home/airflow/.local/lib/python3.8/site-packages/airflow/example_dags/example_dag_decorator.py
[2024-01-06T02:47:13.752+0000] {logging_mixin.py:188} INFO - [2024-01-06T02:47:13.752+0000] {dag.py:3033} INFO - Sync 1 DAGs
[2024-01-06T02:47:13.765+0000] {logging_mixin.py:188} INFO - [2024-01-06T02:47:13.765+0000] {dag.py:3820} INFO - Setting next_dagrun for example_dag_decorator to None, run_after=None
[2024-01-06T02:47:13.780+0000] {processor.py:183} INFO - Processing /home/airflow/.local/lib/python3.8/site-packages/airflow/example_dags/example_dag_decorator.py took 0.151 seconds
[2024-01-06T02:47:44.193+0000] {processor.py:161} INFO - Started process (PID=43131) to work on /home/airflow/.local/lib/python3.8/site-packages/airflow/example_dags/example_dag_decorator.py
[2024-01-06T02:47:44.195+0000] {processor.py:830} INFO - Processing file /home/airflow/.local/lib/python3.8/site-packages/airflow/example_dags/example_dag_decorator.py for tasks to queue
[2024-01-06T02:47:44.199+0000] {logging_mixin.py:188} INFO - [2024-01-06T02:47:44.198+0000] {dagbag.py:538} INFO - Filling up the DagBag from /home/airflow/.local/lib/python3.8/site-packages/airflow/example_dags/example_dag_decorator.py
[2024-01-06T02:47:44.259+0000] {processor.py:840} INFO - DAG(s) 'example_dag_decorator' retrieved from /home/airflow/.local/lib/python3.8/site-packages/airflow/example_dags/example_dag_decorator.py
[2024-01-06T02:47:44.276+0000] {logging_mixin.py:188} INFO - [2024-01-06T02:47:44.276+0000] {dag.py:3033} INFO - Sync 1 DAGs
[2024-01-06T02:47:44.284+0000] {logging_mixin.py:188} INFO - [2024-01-06T02:47:44.284+0000] {dag.py:3820} INFO - Setting next_dagrun for example_dag_decorator to None, run_after=None
[2024-01-06T02:47:44.297+0000] {processor.py:183} INFO - Processing /home/airflow/.local/lib/python3.8/site-packages/airflow/example_dags/example_dag_decorator.py took 0.111 seconds
[2024-01-06T02:48:14.620+0000] {processor.py:161} INFO - Started process (PID=43189) to work on /home/airflow/.local/lib/python3.8/site-packages/airflow/example_dags/example_dag_decorator.py
[2024-01-06T02:48:14.631+0000] {processor.py:830} INFO - Processing file /home/airflow/.local/lib/python3.8/site-packages/airflow/example_dags/example_dag_decorator.py for tasks to queue
[2024-01-06T02:48:14.639+0000] {logging_mixin.py:188} INFO - [2024-01-06T02:48:14.639+0000] {dagbag.py:538} INFO - Filling up the DagBag from /home/airflow/.local/lib/python3.8/site-packages/airflow/example_dags/example_dag_decorator.py
[2024-01-06T02:48:14.735+0000] {processor.py:840} INFO - DAG(s) 'example_dag_decorator' retrieved from /home/airflow/.local/lib/python3.8/site-packages/airflow/example_dags/example_dag_decorator.py
[2024-01-06T02:48:14.754+0000] {logging_mixin.py:188} INFO - [2024-01-06T02:48:14.754+0000] {dag.py:3033} INFO - Sync 1 DAGs
[2024-01-06T02:48:14.762+0000] {logging_mixin.py:188} INFO - [2024-01-06T02:48:14.762+0000] {dag.py:3820} INFO - Setting next_dagrun for example_dag_decorator to None, run_after=None
[2024-01-06T02:48:14.775+0000] {processor.py:183} INFO - Processing /home/airflow/.local/lib/python3.8/site-packages/airflow/example_dags/example_dag_decorator.py took 0.161 seconds
[2024-01-06T02:48:45.663+0000] {processor.py:161} INFO - Started process (PID=43247) to work on /home/airflow/.local/lib/python3.8/site-packages/airflow/example_dags/example_dag_decorator.py
[2024-01-06T02:48:45.667+0000] {processor.py:830} INFO - Processing file /home/airflow/.local/lib/python3.8/site-packages/airflow/example_dags/example_dag_decorator.py for tasks to queue
[2024-01-06T02:48:45.671+0000] {logging_mixin.py:188} INFO - [2024-01-06T02:48:45.671+0000] {dagbag.py:538} INFO - Filling up the DagBag from /home/airflow/.local/lib/python3.8/site-packages/airflow/example_dags/example_dag_decorator.py
[2024-01-06T02:48:45.743+0000] {processor.py:840} INFO - DAG(s) 'example_dag_decorator' retrieved from /home/airflow/.local/lib/python3.8/site-packages/airflow/example_dags/example_dag_decorator.py
[2024-01-06T02:48:45.763+0000] {logging_mixin.py:188} INFO - [2024-01-06T02:48:45.763+0000] {dag.py:3033} INFO - Sync 1 DAGs
[2024-01-06T02:48:45.772+0000] {logging_mixin.py:188} INFO - [2024-01-06T02:48:45.772+0000] {dag.py:3820} INFO - Setting next_dagrun for example_dag_decorator to None, run_after=None
[2024-01-06T02:48:45.785+0000] {processor.py:183} INFO - Processing /home/airflow/.local/lib/python3.8/site-packages/airflow/example_dags/example_dag_decorator.py took 0.128 seconds
[2024-01-06T02:49:25.110+0000] {processor.py:161} INFO - Started process (PID=43301) to work on /home/airflow/.local/lib/python3.8/site-packages/airflow/example_dags/example_dag_decorator.py
[2024-01-06T02:49:25.112+0000] {processor.py:830} INFO - Processing file /home/airflow/.local/lib/python3.8/site-packages/airflow/example_dags/example_dag_decorator.py for tasks to queue
[2024-01-06T02:49:25.114+0000] {logging_mixin.py:188} INFO - [2024-01-06T02:49:25.114+0000] {dagbag.py:538} INFO - Filling up the DagBag from /home/airflow/.local/lib/python3.8/site-packages/airflow/example_dags/example_dag_decorator.py
[2024-01-06T02:49:25.179+0000] {processor.py:840} INFO - DAG(s) 'example_dag_decorator' retrieved from /home/airflow/.local/lib/python3.8/site-packages/airflow/example_dags/example_dag_decorator.py
[2024-01-06T02:49:25.271+0000] {logging_mixin.py:188} INFO - [2024-01-06T02:49:25.271+0000] {dag.py:3033} INFO - Sync 1 DAGs
[2024-01-06T02:49:25.282+0000] {logging_mixin.py:188} INFO - [2024-01-06T02:49:25.281+0000] {dag.py:3820} INFO - Setting next_dagrun for example_dag_decorator to None, run_after=None
[2024-01-06T02:49:25.300+0000] {processor.py:183} INFO - Processing /home/airflow/.local/lib/python3.8/site-packages/airflow/example_dags/example_dag_decorator.py took 0.192 seconds
[2024-01-06T02:49:56.564+0000] {processor.py:161} INFO - Started process (PID=43359) to work on /home/airflow/.local/lib/python3.8/site-packages/airflow/example_dags/example_dag_decorator.py
[2024-01-06T02:49:56.566+0000] {processor.py:830} INFO - Processing file /home/airflow/.local/lib/python3.8/site-packages/airflow/example_dags/example_dag_decorator.py for tasks to queue
[2024-01-06T02:49:56.569+0000] {logging_mixin.py:188} INFO - [2024-01-06T02:49:56.568+0000] {dagbag.py:538} INFO - Filling up the DagBag from /home/airflow/.local/lib/python3.8/site-packages/airflow/example_dags/example_dag_decorator.py
[2024-01-06T02:49:56.658+0000] {processor.py:840} INFO - DAG(s) 'example_dag_decorator' retrieved from /home/airflow/.local/lib/python3.8/site-packages/airflow/example_dags/example_dag_decorator.py
[2024-01-06T02:49:56.678+0000] {logging_mixin.py:188} INFO - [2024-01-06T02:49:56.678+0000] {dag.py:3033} INFO - Sync 1 DAGs
[2024-01-06T02:49:56.687+0000] {logging_mixin.py:188} INFO - [2024-01-06T02:49:56.687+0000] {dag.py:3820} INFO - Setting next_dagrun for example_dag_decorator to None, run_after=None
[2024-01-06T02:49:56.699+0000] {processor.py:183} INFO - Processing /home/airflow/.local/lib/python3.8/site-packages/airflow/example_dags/example_dag_decorator.py took 0.138 seconds
[2024-01-06T02:50:27.166+0000] {processor.py:161} INFO - Started process (PID=43417) to work on /home/airflow/.local/lib/python3.8/site-packages/airflow/example_dags/example_dag_decorator.py
[2024-01-06T02:50:27.167+0000] {processor.py:830} INFO - Processing file /home/airflow/.local/lib/python3.8/site-packages/airflow/example_dags/example_dag_decorator.py for tasks to queue
[2024-01-06T02:50:27.170+0000] {logging_mixin.py:188} INFO - [2024-01-06T02:50:27.169+0000] {dagbag.py:538} INFO - Filling up the DagBag from /home/airflow/.local/lib/python3.8/site-packages/airflow/example_dags/example_dag_decorator.py
[2024-01-06T02:50:27.233+0000] {processor.py:840} INFO - DAG(s) 'example_dag_decorator' retrieved from /home/airflow/.local/lib/python3.8/site-packages/airflow/example_dags/example_dag_decorator.py
[2024-01-06T02:50:27.590+0000] {logging_mixin.py:188} INFO - [2024-01-06T02:50:27.590+0000] {dag.py:3033} INFO - Sync 1 DAGs
[2024-01-06T02:50:27.602+0000] {logging_mixin.py:188} INFO - [2024-01-06T02:50:27.602+0000] {dag.py:3820} INFO - Setting next_dagrun for example_dag_decorator to None, run_after=None
[2024-01-06T02:50:27.628+0000] {processor.py:183} INFO - Processing /home/airflow/.local/lib/python3.8/site-packages/airflow/example_dags/example_dag_decorator.py took 0.465 seconds
[2024-01-06T02:50:57.682+0000] {processor.py:161} INFO - Started process (PID=43478) to work on /home/airflow/.local/lib/python3.8/site-packages/airflow/example_dags/example_dag_decorator.py
[2024-01-06T02:50:57.683+0000] {processor.py:830} INFO - Processing file /home/airflow/.local/lib/python3.8/site-packages/airflow/example_dags/example_dag_decorator.py for tasks to queue
[2024-01-06T02:50:57.685+0000] {logging_mixin.py:188} INFO - [2024-01-06T02:50:57.685+0000] {dagbag.py:538} INFO - Filling up the DagBag from /home/airflow/.local/lib/python3.8/site-packages/airflow/example_dags/example_dag_decorator.py
[2024-01-06T02:50:57.730+0000] {processor.py:840} INFO - DAG(s) 'example_dag_decorator' retrieved from /home/airflow/.local/lib/python3.8/site-packages/airflow/example_dags/example_dag_decorator.py
[2024-01-06T02:50:57.868+0000] {logging_mixin.py:188} INFO - [2024-01-06T02:50:57.868+0000] {dag.py:3033} INFO - Sync 1 DAGs
[2024-01-06T02:50:57.874+0000] {logging_mixin.py:188} INFO - [2024-01-06T02:50:57.874+0000] {dag.py:3820} INFO - Setting next_dagrun for example_dag_decorator to None, run_after=None
[2024-01-06T02:50:57.886+0000] {processor.py:183} INFO - Processing /home/airflow/.local/lib/python3.8/site-packages/airflow/example_dags/example_dag_decorator.py took 0.206 seconds
