[2024-01-06T01:20:16.075+0000] {processor.py:161} INFO - Started process (PID=39371) to work on /home/airflow/.local/lib/python3.8/site-packages/airflow/example_dags/example_setup_teardown.py
[2024-01-06T01:20:16.076+0000] {processor.py:830} INFO - Processing file /home/airflow/.local/lib/python3.8/site-packages/airflow/example_dags/example_setup_teardown.py for tasks to queue
[2024-01-06T01:20:16.079+0000] {logging_mixin.py:188} INFO - [2024-01-06T01:20:16.078+0000] {dagbag.py:538} INFO - Filling up the DagBag from /home/airflow/.local/lib/python3.8/site-packages/airflow/example_dags/example_setup_teardown.py
[2024-01-06T01:20:16.083+0000] {processor.py:840} INFO - DAG(s) 'example_setup_teardown' retrieved from /home/airflow/.local/lib/python3.8/site-packages/airflow/example_dags/example_setup_teardown.py
[2024-01-06T01:20:16.097+0000] {logging_mixin.py:188} INFO - [2024-01-06T01:20:16.097+0000] {dag.py:3033} INFO - Sync 1 DAGs
[2024-01-06T01:20:16.109+0000] {logging_mixin.py:188} INFO - [2024-01-06T01:20:16.109+0000] {dag.py:3820} INFO - Setting next_dagrun for example_setup_teardown to 2024-01-05T00:00:00+00:00, run_after=2024-01-06T00:00:00+00:00
[2024-01-06T01:20:16.120+0000] {processor.py:183} INFO - Processing /home/airflow/.local/lib/python3.8/site-packages/airflow/example_dags/example_setup_teardown.py took 0.047 seconds
[2024-01-06T01:47:35.248+0000] {processor.py:161} INFO - Started process (PID=39429) to work on /home/airflow/.local/lib/python3.8/site-packages/airflow/example_dags/example_setup_teardown.py
[2024-01-06T01:47:35.250+0000] {processor.py:830} INFO - Processing file /home/airflow/.local/lib/python3.8/site-packages/airflow/example_dags/example_setup_teardown.py for tasks to queue
[2024-01-06T01:47:35.253+0000] {logging_mixin.py:188} INFO - [2024-01-06T01:47:35.252+0000] {dagbag.py:538} INFO - Filling up the DagBag from /home/airflow/.local/lib/python3.8/site-packages/airflow/example_dags/example_setup_teardown.py
[2024-01-06T01:47:35.258+0000] {processor.py:840} INFO - DAG(s) 'example_setup_teardown' retrieved from /home/airflow/.local/lib/python3.8/site-packages/airflow/example_dags/example_setup_teardown.py
[2024-01-06T01:47:35.274+0000] {logging_mixin.py:188} INFO - [2024-01-06T01:47:35.274+0000] {dag.py:3033} INFO - Sync 1 DAGs
[2024-01-06T01:47:35.291+0000] {logging_mixin.py:188} INFO - [2024-01-06T01:47:35.291+0000] {dag.py:3820} INFO - Setting next_dagrun for example_setup_teardown to 2024-01-05T00:00:00+00:00, run_after=2024-01-06T00:00:00+00:00
[2024-01-06T01:47:35.303+0000] {processor.py:183} INFO - Processing /home/airflow/.local/lib/python3.8/site-packages/airflow/example_dags/example_setup_teardown.py took 0.057 seconds
[2024-01-06T01:48:05.897+0000] {processor.py:161} INFO - Started process (PID=39487) to work on /home/airflow/.local/lib/python3.8/site-packages/airflow/example_dags/example_setup_teardown.py
[2024-01-06T01:48:05.899+0000] {processor.py:830} INFO - Processing file /home/airflow/.local/lib/python3.8/site-packages/airflow/example_dags/example_setup_teardown.py for tasks to queue
[2024-01-06T01:48:05.900+0000] {logging_mixin.py:188} INFO - [2024-01-06T01:48:05.900+0000] {dagbag.py:538} INFO - Filling up the DagBag from /home/airflow/.local/lib/python3.8/site-packages/airflow/example_dags/example_setup_teardown.py
[2024-01-06T01:48:05.905+0000] {processor.py:840} INFO - DAG(s) 'example_setup_teardown' retrieved from /home/airflow/.local/lib/python3.8/site-packages/airflow/example_dags/example_setup_teardown.py
[2024-01-06T01:48:05.918+0000] {logging_mixin.py:188} INFO - [2024-01-06T01:48:05.918+0000] {dag.py:3033} INFO - Sync 1 DAGs
[2024-01-06T01:48:05.931+0000] {logging_mixin.py:188} INFO - [2024-01-06T01:48:05.931+0000] {dag.py:3820} INFO - Setting next_dagrun for example_setup_teardown to 2024-01-05T00:00:00+00:00, run_after=2024-01-06T00:00:00+00:00
[2024-01-06T01:48:05.941+0000] {processor.py:183} INFO - Processing /home/airflow/.local/lib/python3.8/site-packages/airflow/example_dags/example_setup_teardown.py took 0.046 seconds
[2024-01-06T02:05:27.283+0000] {processor.py:161} INFO - Started process (PID=39545) to work on /home/airflow/.local/lib/python3.8/site-packages/airflow/example_dags/example_setup_teardown.py
[2024-01-06T02:05:27.286+0000] {processor.py:830} INFO - Processing file /home/airflow/.local/lib/python3.8/site-packages/airflow/example_dags/example_setup_teardown.py for tasks to queue
[2024-01-06T02:05:27.289+0000] {logging_mixin.py:188} INFO - [2024-01-06T02:05:27.289+0000] {dagbag.py:538} INFO - Filling up the DagBag from /home/airflow/.local/lib/python3.8/site-packages/airflow/example_dags/example_setup_teardown.py
[2024-01-06T02:05:27.294+0000] {processor.py:840} INFO - DAG(s) 'example_setup_teardown' retrieved from /home/airflow/.local/lib/python3.8/site-packages/airflow/example_dags/example_setup_teardown.py
[2024-01-06T02:05:27.309+0000] {logging_mixin.py:188} INFO - [2024-01-06T02:05:27.309+0000] {dag.py:3033} INFO - Sync 1 DAGs
[2024-01-06T02:05:27.323+0000] {logging_mixin.py:188} INFO - [2024-01-06T02:05:27.322+0000] {dag.py:3820} INFO - Setting next_dagrun for example_setup_teardown to 2024-01-05T00:00:00+00:00, run_after=2024-01-06T00:00:00+00:00
[2024-01-06T02:05:27.335+0000] {processor.py:183} INFO - Processing /home/airflow/.local/lib/python3.8/site-packages/airflow/example_dags/example_setup_teardown.py took 0.054 seconds
[2024-01-06T02:16:26.905+0000] {processor.py:161} INFO - Started process (PID=39603) to work on /home/airflow/.local/lib/python3.8/site-packages/airflow/example_dags/example_setup_teardown.py
[2024-01-06T02:16:26.906+0000] {processor.py:830} INFO - Processing file /home/airflow/.local/lib/python3.8/site-packages/airflow/example_dags/example_setup_teardown.py for tasks to queue
[2024-01-06T02:16:26.908+0000] {logging_mixin.py:188} INFO - [2024-01-06T02:16:26.908+0000] {dagbag.py:538} INFO - Filling up the DagBag from /home/airflow/.local/lib/python3.8/site-packages/airflow/example_dags/example_setup_teardown.py
[2024-01-06T02:16:26.913+0000] {processor.py:840} INFO - DAG(s) 'example_setup_teardown' retrieved from /home/airflow/.local/lib/python3.8/site-packages/airflow/example_dags/example_setup_teardown.py
[2024-01-06T02:16:26.926+0000] {logging_mixin.py:188} INFO - [2024-01-06T02:16:26.926+0000] {dag.py:3033} INFO - Sync 1 DAGs
[2024-01-06T02:16:26.937+0000] {logging_mixin.py:188} INFO - [2024-01-06T02:16:26.937+0000] {dag.py:3820} INFO - Setting next_dagrun for example_setup_teardown to 2024-01-05T00:00:00+00:00, run_after=2024-01-06T00:00:00+00:00
[2024-01-06T02:16:26.947+0000] {processor.py:183} INFO - Processing /home/airflow/.local/lib/python3.8/site-packages/airflow/example_dags/example_setup_teardown.py took 0.045 seconds
[2024-01-06T02:17:06.862+0000] {processor.py:161} INFO - Started process (PID=39661) to work on /home/airflow/.local/lib/python3.8/site-packages/airflow/example_dags/example_setup_teardown.py
[2024-01-06T02:17:06.873+0000] {processor.py:830} INFO - Processing file /home/airflow/.local/lib/python3.8/site-packages/airflow/example_dags/example_setup_teardown.py for tasks to queue
[2024-01-06T02:17:06.888+0000] {logging_mixin.py:188} INFO - [2024-01-06T02:17:06.887+0000] {dagbag.py:538} INFO - Filling up the DagBag from /home/airflow/.local/lib/python3.8/site-packages/airflow/example_dags/example_setup_teardown.py
[2024-01-06T02:17:06.923+0000] {processor.py:840} INFO - DAG(s) 'example_setup_teardown' retrieved from /home/airflow/.local/lib/python3.8/site-packages/airflow/example_dags/example_setup_teardown.py
[2024-01-06T02:17:07.091+0000] {logging_mixin.py:188} INFO - [2024-01-06T02:17:07.091+0000] {dag.py:3033} INFO - Sync 1 DAGs
[2024-01-06T02:17:07.229+0000] {logging_mixin.py:188} INFO - [2024-01-06T02:17:07.228+0000] {dag.py:3820} INFO - Setting next_dagrun for example_setup_teardown to 2024-01-05T00:00:00+00:00, run_after=2024-01-06T00:00:00+00:00
[2024-01-06T02:17:07.337+0000] {processor.py:183} INFO - Processing /home/airflow/.local/lib/python3.8/site-packages/airflow/example_dags/example_setup_teardown.py took 0.499 seconds
[2024-01-06T02:17:37.670+0000] {processor.py:161} INFO - Started process (PID=39719) to work on /home/airflow/.local/lib/python3.8/site-packages/airflow/example_dags/example_setup_teardown.py
[2024-01-06T02:17:37.672+0000] {processor.py:830} INFO - Processing file /home/airflow/.local/lib/python3.8/site-packages/airflow/example_dags/example_setup_teardown.py for tasks to queue
[2024-01-06T02:17:37.674+0000] {logging_mixin.py:188} INFO - [2024-01-06T02:17:37.674+0000] {dagbag.py:538} INFO - Filling up the DagBag from /home/airflow/.local/lib/python3.8/site-packages/airflow/example_dags/example_setup_teardown.py
[2024-01-06T02:17:37.678+0000] {processor.py:840} INFO - DAG(s) 'example_setup_teardown' retrieved from /home/airflow/.local/lib/python3.8/site-packages/airflow/example_dags/example_setup_teardown.py
[2024-01-06T02:17:37.692+0000] {logging_mixin.py:188} INFO - [2024-01-06T02:17:37.692+0000] {dag.py:3033} INFO - Sync 1 DAGs
[2024-01-06T02:17:37.704+0000] {logging_mixin.py:188} INFO - [2024-01-06T02:17:37.704+0000] {dag.py:3820} INFO - Setting next_dagrun for example_setup_teardown to 2024-01-05T00:00:00+00:00, run_after=2024-01-06T00:00:00+00:00
[2024-01-06T02:17:37.715+0000] {processor.py:183} INFO - Processing /home/airflow/.local/lib/python3.8/site-packages/airflow/example_dags/example_setup_teardown.py took 0.047 seconds
[2024-01-06T02:18:07.990+0000] {processor.py:161} INFO - Started process (PID=39777) to work on /home/airflow/.local/lib/python3.8/site-packages/airflow/example_dags/example_setup_teardown.py
[2024-01-06T02:18:07.991+0000] {processor.py:830} INFO - Processing file /home/airflow/.local/lib/python3.8/site-packages/airflow/example_dags/example_setup_teardown.py for tasks to queue
[2024-01-06T02:18:07.993+0000] {logging_mixin.py:188} INFO - [2024-01-06T02:18:07.993+0000] {dagbag.py:538} INFO - Filling up the DagBag from /home/airflow/.local/lib/python3.8/site-packages/airflow/example_dags/example_setup_teardown.py
[2024-01-06T02:18:07.998+0000] {processor.py:840} INFO - DAG(s) 'example_setup_teardown' retrieved from /home/airflow/.local/lib/python3.8/site-packages/airflow/example_dags/example_setup_teardown.py
[2024-01-06T02:18:08.012+0000] {logging_mixin.py:188} INFO - [2024-01-06T02:18:08.012+0000] {dag.py:3033} INFO - Sync 1 DAGs
[2024-01-06T02:18:08.024+0000] {logging_mixin.py:188} INFO - [2024-01-06T02:18:08.024+0000] {dag.py:3820} INFO - Setting next_dagrun for example_setup_teardown to 2024-01-05T00:00:00+00:00, run_after=2024-01-06T00:00:00+00:00
[2024-01-06T02:18:08.035+0000] {processor.py:183} INFO - Processing /home/airflow/.local/lib/python3.8/site-packages/airflow/example_dags/example_setup_teardown.py took 0.048 seconds
[2024-01-06T02:18:38.488+0000] {processor.py:161} INFO - Started process (PID=39835) to work on /home/airflow/.local/lib/python3.8/site-packages/airflow/example_dags/example_setup_teardown.py
[2024-01-06T02:18:38.489+0000] {processor.py:830} INFO - Processing file /home/airflow/.local/lib/python3.8/site-packages/airflow/example_dags/example_setup_teardown.py for tasks to queue
[2024-01-06T02:18:38.491+0000] {logging_mixin.py:188} INFO - [2024-01-06T02:18:38.491+0000] {dagbag.py:538} INFO - Filling up the DagBag from /home/airflow/.local/lib/python3.8/site-packages/airflow/example_dags/example_setup_teardown.py
[2024-01-06T02:18:38.496+0000] {processor.py:840} INFO - DAG(s) 'example_setup_teardown' retrieved from /home/airflow/.local/lib/python3.8/site-packages/airflow/example_dags/example_setup_teardown.py
[2024-01-06T02:18:38.510+0000] {logging_mixin.py:188} INFO - [2024-01-06T02:18:38.510+0000] {dag.py:3033} INFO - Sync 1 DAGs
[2024-01-06T02:18:38.523+0000] {logging_mixin.py:188} INFO - [2024-01-06T02:18:38.522+0000] {dag.py:3820} INFO - Setting next_dagrun for example_setup_teardown to 2024-01-05T00:00:00+00:00, run_after=2024-01-06T00:00:00+00:00
[2024-01-06T02:18:38.534+0000] {processor.py:183} INFO - Processing /home/airflow/.local/lib/python3.8/site-packages/airflow/example_dags/example_setup_teardown.py took 0.048 seconds
[2024-01-06T02:19:09.201+0000] {processor.py:161} INFO - Started process (PID=39894) to work on /home/airflow/.local/lib/python3.8/site-packages/airflow/example_dags/example_setup_teardown.py
[2024-01-06T02:19:09.204+0000] {processor.py:830} INFO - Processing file /home/airflow/.local/lib/python3.8/site-packages/airflow/example_dags/example_setup_teardown.py for tasks to queue
[2024-01-06T02:19:09.206+0000] {logging_mixin.py:188} INFO - [2024-01-06T02:19:09.206+0000] {dagbag.py:538} INFO - Filling up the DagBag from /home/airflow/.local/lib/python3.8/site-packages/airflow/example_dags/example_setup_teardown.py
[2024-01-06T02:19:09.210+0000] {processor.py:840} INFO - DAG(s) 'example_setup_teardown' retrieved from /home/airflow/.local/lib/python3.8/site-packages/airflow/example_dags/example_setup_teardown.py
[2024-01-06T02:19:09.224+0000] {logging_mixin.py:188} INFO - [2024-01-06T02:19:09.224+0000] {dag.py:3033} INFO - Sync 1 DAGs
[2024-01-06T02:19:09.237+0000] {logging_mixin.py:188} INFO - [2024-01-06T02:19:09.237+0000] {dag.py:3820} INFO - Setting next_dagrun for example_setup_teardown to 2024-01-05T00:00:00+00:00, run_after=2024-01-06T00:00:00+00:00
[2024-01-06T02:19:09.248+0000] {processor.py:183} INFO - Processing /home/airflow/.local/lib/python3.8/site-packages/airflow/example_dags/example_setup_teardown.py took 0.048 seconds
[2024-01-06T02:19:39.487+0000] {processor.py:161} INFO - Started process (PID=39952) to work on /home/airflow/.local/lib/python3.8/site-packages/airflow/example_dags/example_setup_teardown.py
[2024-01-06T02:19:39.489+0000] {processor.py:830} INFO - Processing file /home/airflow/.local/lib/python3.8/site-packages/airflow/example_dags/example_setup_teardown.py for tasks to queue
[2024-01-06T02:19:39.491+0000] {logging_mixin.py:188} INFO - [2024-01-06T02:19:39.491+0000] {dagbag.py:538} INFO - Filling up the DagBag from /home/airflow/.local/lib/python3.8/site-packages/airflow/example_dags/example_setup_teardown.py
[2024-01-06T02:19:39.496+0000] {processor.py:840} INFO - DAG(s) 'example_setup_teardown' retrieved from /home/airflow/.local/lib/python3.8/site-packages/airflow/example_dags/example_setup_teardown.py
[2024-01-06T02:19:39.512+0000] {logging_mixin.py:188} INFO - [2024-01-06T02:19:39.512+0000] {dag.py:3033} INFO - Sync 1 DAGs
[2024-01-06T02:19:39.525+0000] {logging_mixin.py:188} INFO - [2024-01-06T02:19:39.525+0000] {dag.py:3820} INFO - Setting next_dagrun for example_setup_teardown to 2024-01-05T00:00:00+00:00, run_after=2024-01-06T00:00:00+00:00
[2024-01-06T02:19:39.538+0000] {processor.py:183} INFO - Processing /home/airflow/.local/lib/python3.8/site-packages/airflow/example_dags/example_setup_teardown.py took 0.053 seconds
[2024-01-06T02:20:10.086+0000] {processor.py:161} INFO - Started process (PID=40010) to work on /home/airflow/.local/lib/python3.8/site-packages/airflow/example_dags/example_setup_teardown.py
[2024-01-06T02:20:10.087+0000] {processor.py:830} INFO - Processing file /home/airflow/.local/lib/python3.8/site-packages/airflow/example_dags/example_setup_teardown.py for tasks to queue
[2024-01-06T02:20:10.089+0000] {logging_mixin.py:188} INFO - [2024-01-06T02:20:10.089+0000] {dagbag.py:538} INFO - Filling up the DagBag from /home/airflow/.local/lib/python3.8/site-packages/airflow/example_dags/example_setup_teardown.py
[2024-01-06T02:20:10.094+0000] {processor.py:840} INFO - DAG(s) 'example_setup_teardown' retrieved from /home/airflow/.local/lib/python3.8/site-packages/airflow/example_dags/example_setup_teardown.py
[2024-01-06T02:20:10.110+0000] {logging_mixin.py:188} INFO - [2024-01-06T02:20:10.109+0000] {dag.py:3033} INFO - Sync 1 DAGs
[2024-01-06T02:20:10.123+0000] {logging_mixin.py:188} INFO - [2024-01-06T02:20:10.123+0000] {dag.py:3820} INFO - Setting next_dagrun for example_setup_teardown to 2024-01-05T00:00:00+00:00, run_after=2024-01-06T00:00:00+00:00
[2024-01-06T02:20:10.134+0000] {processor.py:183} INFO - Processing /home/airflow/.local/lib/python3.8/site-packages/airflow/example_dags/example_setup_teardown.py took 0.051 seconds
[2024-01-06T02:20:40.988+0000] {processor.py:161} INFO - Started process (PID=40068) to work on /home/airflow/.local/lib/python3.8/site-packages/airflow/example_dags/example_setup_teardown.py
[2024-01-06T02:20:40.990+0000] {processor.py:830} INFO - Processing file /home/airflow/.local/lib/python3.8/site-packages/airflow/example_dags/example_setup_teardown.py for tasks to queue
[2024-01-06T02:20:40.992+0000] {logging_mixin.py:188} INFO - [2024-01-06T02:20:40.991+0000] {dagbag.py:538} INFO - Filling up the DagBag from /home/airflow/.local/lib/python3.8/site-packages/airflow/example_dags/example_setup_teardown.py
[2024-01-06T02:20:40.996+0000] {processor.py:840} INFO - DAG(s) 'example_setup_teardown' retrieved from /home/airflow/.local/lib/python3.8/site-packages/airflow/example_dags/example_setup_teardown.py
[2024-01-06T02:20:41.009+0000] {logging_mixin.py:188} INFO - [2024-01-06T02:20:41.009+0000] {dag.py:3033} INFO - Sync 1 DAGs
[2024-01-06T02:20:41.022+0000] {logging_mixin.py:188} INFO - [2024-01-06T02:20:41.022+0000] {dag.py:3820} INFO - Setting next_dagrun for example_setup_teardown to 2024-01-05T00:00:00+00:00, run_after=2024-01-06T00:00:00+00:00
[2024-01-06T02:20:41.036+0000] {processor.py:183} INFO - Processing /home/airflow/.local/lib/python3.8/site-packages/airflow/example_dags/example_setup_teardown.py took 0.050 seconds
[2024-01-06T02:21:11.715+0000] {processor.py:161} INFO - Started process (PID=40126) to work on /home/airflow/.local/lib/python3.8/site-packages/airflow/example_dags/example_setup_teardown.py
[2024-01-06T02:21:11.717+0000] {processor.py:830} INFO - Processing file /home/airflow/.local/lib/python3.8/site-packages/airflow/example_dags/example_setup_teardown.py for tasks to queue
[2024-01-06T02:21:11.719+0000] {logging_mixin.py:188} INFO - [2024-01-06T02:21:11.718+0000] {dagbag.py:538} INFO - Filling up the DagBag from /home/airflow/.local/lib/python3.8/site-packages/airflow/example_dags/example_setup_teardown.py
[2024-01-06T02:21:11.724+0000] {processor.py:840} INFO - DAG(s) 'example_setup_teardown' retrieved from /home/airflow/.local/lib/python3.8/site-packages/airflow/example_dags/example_setup_teardown.py
[2024-01-06T02:21:11.738+0000] {logging_mixin.py:188} INFO - [2024-01-06T02:21:11.738+0000] {dag.py:3033} INFO - Sync 1 DAGs
[2024-01-06T02:21:11.751+0000] {logging_mixin.py:188} INFO - [2024-01-06T02:21:11.751+0000] {dag.py:3820} INFO - Setting next_dagrun for example_setup_teardown to 2024-01-05T00:00:00+00:00, run_after=2024-01-06T00:00:00+00:00
[2024-01-06T02:21:11.763+0000] {processor.py:183} INFO - Processing /home/airflow/.local/lib/python3.8/site-packages/airflow/example_dags/example_setup_teardown.py took 0.050 seconds
[2024-01-06T02:21:42.699+0000] {processor.py:161} INFO - Started process (PID=40184) to work on /home/airflow/.local/lib/python3.8/site-packages/airflow/example_dags/example_setup_teardown.py
[2024-01-06T02:21:42.701+0000] {processor.py:830} INFO - Processing file /home/airflow/.local/lib/python3.8/site-packages/airflow/example_dags/example_setup_teardown.py for tasks to queue
[2024-01-06T02:21:42.703+0000] {logging_mixin.py:188} INFO - [2024-01-06T02:21:42.703+0000] {dagbag.py:538} INFO - Filling up the DagBag from /home/airflow/.local/lib/python3.8/site-packages/airflow/example_dags/example_setup_teardown.py
[2024-01-06T02:21:42.707+0000] {processor.py:840} INFO - DAG(s) 'example_setup_teardown' retrieved from /home/airflow/.local/lib/python3.8/site-packages/airflow/example_dags/example_setup_teardown.py
[2024-01-06T02:21:42.721+0000] {logging_mixin.py:188} INFO - [2024-01-06T02:21:42.721+0000] {dag.py:3033} INFO - Sync 1 DAGs
[2024-01-06T02:21:42.733+0000] {logging_mixin.py:188} INFO - [2024-01-06T02:21:42.733+0000] {dag.py:3820} INFO - Setting next_dagrun for example_setup_teardown to 2024-01-05T00:00:00+00:00, run_after=2024-01-06T00:00:00+00:00
[2024-01-06T02:21:42.743+0000] {processor.py:183} INFO - Processing /home/airflow/.local/lib/python3.8/site-packages/airflow/example_dags/example_setup_teardown.py took 0.046 seconds
[2024-01-06T02:22:12.993+0000] {processor.py:161} INFO - Started process (PID=40242) to work on /home/airflow/.local/lib/python3.8/site-packages/airflow/example_dags/example_setup_teardown.py
[2024-01-06T02:22:12.994+0000] {processor.py:830} INFO - Processing file /home/airflow/.local/lib/python3.8/site-packages/airflow/example_dags/example_setup_teardown.py for tasks to queue
[2024-01-06T02:22:12.998+0000] {logging_mixin.py:188} INFO - [2024-01-06T02:22:12.998+0000] {dagbag.py:538} INFO - Filling up the DagBag from /home/airflow/.local/lib/python3.8/site-packages/airflow/example_dags/example_setup_teardown.py
[2024-01-06T02:22:13.003+0000] {processor.py:840} INFO - DAG(s) 'example_setup_teardown' retrieved from /home/airflow/.local/lib/python3.8/site-packages/airflow/example_dags/example_setup_teardown.py
[2024-01-06T02:22:13.016+0000] {logging_mixin.py:188} INFO - [2024-01-06T02:22:13.016+0000] {dag.py:3033} INFO - Sync 1 DAGs
[2024-01-06T02:22:13.029+0000] {logging_mixin.py:188} INFO - [2024-01-06T02:22:13.029+0000] {dag.py:3820} INFO - Setting next_dagrun for example_setup_teardown to 2024-01-05T00:00:00+00:00, run_after=2024-01-06T00:00:00+00:00
[2024-01-06T02:22:13.041+0000] {processor.py:183} INFO - Processing /home/airflow/.local/lib/python3.8/site-packages/airflow/example_dags/example_setup_teardown.py took 0.050 seconds
[2024-01-06T02:22:43.819+0000] {processor.py:161} INFO - Started process (PID=40300) to work on /home/airflow/.local/lib/python3.8/site-packages/airflow/example_dags/example_setup_teardown.py
[2024-01-06T02:22:43.821+0000] {processor.py:830} INFO - Processing file /home/airflow/.local/lib/python3.8/site-packages/airflow/example_dags/example_setup_teardown.py for tasks to queue
[2024-01-06T02:22:43.823+0000] {logging_mixin.py:188} INFO - [2024-01-06T02:22:43.822+0000] {dagbag.py:538} INFO - Filling up the DagBag from /home/airflow/.local/lib/python3.8/site-packages/airflow/example_dags/example_setup_teardown.py
[2024-01-06T02:22:43.827+0000] {processor.py:840} INFO - DAG(s) 'example_setup_teardown' retrieved from /home/airflow/.local/lib/python3.8/site-packages/airflow/example_dags/example_setup_teardown.py
[2024-01-06T02:22:43.841+0000] {logging_mixin.py:188} INFO - [2024-01-06T02:22:43.841+0000] {dag.py:3033} INFO - Sync 1 DAGs
[2024-01-06T02:22:43.853+0000] {logging_mixin.py:188} INFO - [2024-01-06T02:22:43.853+0000] {dag.py:3820} INFO - Setting next_dagrun for example_setup_teardown to 2024-01-05T00:00:00+00:00, run_after=2024-01-06T00:00:00+00:00
[2024-01-06T02:22:43.864+0000] {processor.py:183} INFO - Processing /home/airflow/.local/lib/python3.8/site-packages/airflow/example_dags/example_setup_teardown.py took 0.047 seconds
[2024-01-06T02:23:14.702+0000] {processor.py:161} INFO - Started process (PID=40358) to work on /home/airflow/.local/lib/python3.8/site-packages/airflow/example_dags/example_setup_teardown.py
[2024-01-06T02:23:14.704+0000] {processor.py:830} INFO - Processing file /home/airflow/.local/lib/python3.8/site-packages/airflow/example_dags/example_setup_teardown.py for tasks to queue
[2024-01-06T02:23:14.709+0000] {logging_mixin.py:188} INFO - [2024-01-06T02:23:14.709+0000] {dagbag.py:538} INFO - Filling up the DagBag from /home/airflow/.local/lib/python3.8/site-packages/airflow/example_dags/example_setup_teardown.py
[2024-01-06T02:23:14.718+0000] {processor.py:840} INFO - DAG(s) 'example_setup_teardown' retrieved from /home/airflow/.local/lib/python3.8/site-packages/airflow/example_dags/example_setup_teardown.py
[2024-01-06T02:23:14.738+0000] {logging_mixin.py:188} INFO - [2024-01-06T02:23:14.738+0000] {dag.py:3033} INFO - Sync 1 DAGs
[2024-01-06T02:23:14.753+0000] {logging_mixin.py:188} INFO - [2024-01-06T02:23:14.753+0000] {dag.py:3820} INFO - Setting next_dagrun for example_setup_teardown to 2024-01-05T00:00:00+00:00, run_after=2024-01-06T00:00:00+00:00
[2024-01-06T02:23:14.765+0000] {processor.py:183} INFO - Processing /home/airflow/.local/lib/python3.8/site-packages/airflow/example_dags/example_setup_teardown.py took 0.068 seconds
[2024-01-06T02:23:45.136+0000] {processor.py:161} INFO - Started process (PID=40416) to work on /home/airflow/.local/lib/python3.8/site-packages/airflow/example_dags/example_setup_teardown.py
[2024-01-06T02:23:45.138+0000] {processor.py:830} INFO - Processing file /home/airflow/.local/lib/python3.8/site-packages/airflow/example_dags/example_setup_teardown.py for tasks to queue
[2024-01-06T02:23:45.141+0000] {logging_mixin.py:188} INFO - [2024-01-06T02:23:45.140+0000] {dagbag.py:538} INFO - Filling up the DagBag from /home/airflow/.local/lib/python3.8/site-packages/airflow/example_dags/example_setup_teardown.py
[2024-01-06T02:23:45.145+0000] {processor.py:840} INFO - DAG(s) 'example_setup_teardown' retrieved from /home/airflow/.local/lib/python3.8/site-packages/airflow/example_dags/example_setup_teardown.py
[2024-01-06T02:23:45.164+0000] {logging_mixin.py:188} INFO - [2024-01-06T02:23:45.164+0000] {dag.py:3033} INFO - Sync 1 DAGs
[2024-01-06T02:23:45.178+0000] {logging_mixin.py:188} INFO - [2024-01-06T02:23:45.178+0000] {dag.py:3820} INFO - Setting next_dagrun for example_setup_teardown to 2024-01-05T00:00:00+00:00, run_after=2024-01-06T00:00:00+00:00
[2024-01-06T02:23:45.188+0000] {processor.py:183} INFO - Processing /home/airflow/.local/lib/python3.8/site-packages/airflow/example_dags/example_setup_teardown.py took 0.054 seconds
[2024-01-06T02:24:15.519+0000] {processor.py:161} INFO - Started process (PID=40474) to work on /home/airflow/.local/lib/python3.8/site-packages/airflow/example_dags/example_setup_teardown.py
[2024-01-06T02:24:15.521+0000] {processor.py:830} INFO - Processing file /home/airflow/.local/lib/python3.8/site-packages/airflow/example_dags/example_setup_teardown.py for tasks to queue
[2024-01-06T02:24:15.523+0000] {logging_mixin.py:188} INFO - [2024-01-06T02:24:15.522+0000] {dagbag.py:538} INFO - Filling up the DagBag from /home/airflow/.local/lib/python3.8/site-packages/airflow/example_dags/example_setup_teardown.py
[2024-01-06T02:24:15.527+0000] {processor.py:840} INFO - DAG(s) 'example_setup_teardown' retrieved from /home/airflow/.local/lib/python3.8/site-packages/airflow/example_dags/example_setup_teardown.py
[2024-01-06T02:24:15.541+0000] {logging_mixin.py:188} INFO - [2024-01-06T02:24:15.540+0000] {dag.py:3033} INFO - Sync 1 DAGs
[2024-01-06T02:24:15.553+0000] {logging_mixin.py:188} INFO - [2024-01-06T02:24:15.553+0000] {dag.py:3820} INFO - Setting next_dagrun for example_setup_teardown to 2024-01-05T00:00:00+00:00, run_after=2024-01-06T00:00:00+00:00
[2024-01-06T02:24:15.563+0000] {processor.py:183} INFO - Processing /home/airflow/.local/lib/python3.8/site-packages/airflow/example_dags/example_setup_teardown.py took 0.046 seconds
[2024-01-06T02:24:45.979+0000] {processor.py:161} INFO - Started process (PID=40532) to work on /home/airflow/.local/lib/python3.8/site-packages/airflow/example_dags/example_setup_teardown.py
[2024-01-06T02:24:45.981+0000] {processor.py:830} INFO - Processing file /home/airflow/.local/lib/python3.8/site-packages/airflow/example_dags/example_setup_teardown.py for tasks to queue
[2024-01-06T02:24:45.983+0000] {logging_mixin.py:188} INFO - [2024-01-06T02:24:45.982+0000] {dagbag.py:538} INFO - Filling up the DagBag from /home/airflow/.local/lib/python3.8/site-packages/airflow/example_dags/example_setup_teardown.py
[2024-01-06T02:24:45.988+0000] {processor.py:840} INFO - DAG(s) 'example_setup_teardown' retrieved from /home/airflow/.local/lib/python3.8/site-packages/airflow/example_dags/example_setup_teardown.py
[2024-01-06T02:24:46.005+0000] {logging_mixin.py:188} INFO - [2024-01-06T02:24:46.005+0000] {dag.py:3033} INFO - Sync 1 DAGs
[2024-01-06T02:24:46.021+0000] {logging_mixin.py:188} INFO - [2024-01-06T02:24:46.021+0000] {dag.py:3820} INFO - Setting next_dagrun for example_setup_teardown to 2024-01-05T00:00:00+00:00, run_after=2024-01-06T00:00:00+00:00
[2024-01-06T02:24:46.035+0000] {processor.py:183} INFO - Processing /home/airflow/.local/lib/python3.8/site-packages/airflow/example_dags/example_setup_teardown.py took 0.058 seconds
[2024-01-06T02:25:16.803+0000] {processor.py:161} INFO - Started process (PID=40590) to work on /home/airflow/.local/lib/python3.8/site-packages/airflow/example_dags/example_setup_teardown.py
[2024-01-06T02:25:16.805+0000] {processor.py:830} INFO - Processing file /home/airflow/.local/lib/python3.8/site-packages/airflow/example_dags/example_setup_teardown.py for tasks to queue
[2024-01-06T02:25:16.811+0000] {logging_mixin.py:188} INFO - [2024-01-06T02:25:16.810+0000] {dagbag.py:538} INFO - Filling up the DagBag from /home/airflow/.local/lib/python3.8/site-packages/airflow/example_dags/example_setup_teardown.py
[2024-01-06T02:25:16.816+0000] {processor.py:840} INFO - DAG(s) 'example_setup_teardown' retrieved from /home/airflow/.local/lib/python3.8/site-packages/airflow/example_dags/example_setup_teardown.py
[2024-01-06T02:25:16.832+0000] {logging_mixin.py:188} INFO - [2024-01-06T02:25:16.832+0000] {dag.py:3033} INFO - Sync 1 DAGs
[2024-01-06T02:25:16.846+0000] {logging_mixin.py:188} INFO - [2024-01-06T02:25:16.846+0000] {dag.py:3820} INFO - Setting next_dagrun for example_setup_teardown to 2024-01-05T00:00:00+00:00, run_after=2024-01-06T00:00:00+00:00
[2024-01-06T02:25:16.857+0000] {processor.py:183} INFO - Processing /home/airflow/.local/lib/python3.8/site-packages/airflow/example_dags/example_setup_teardown.py took 0.057 seconds
[2024-01-06T02:25:46.881+0000] {processor.py:161} INFO - Started process (PID=40648) to work on /home/airflow/.local/lib/python3.8/site-packages/airflow/example_dags/example_setup_teardown.py
[2024-01-06T02:25:46.883+0000] {processor.py:830} INFO - Processing file /home/airflow/.local/lib/python3.8/site-packages/airflow/example_dags/example_setup_teardown.py for tasks to queue
[2024-01-06T02:25:46.885+0000] {logging_mixin.py:188} INFO - [2024-01-06T02:25:46.885+0000] {dagbag.py:538} INFO - Filling up the DagBag from /home/airflow/.local/lib/python3.8/site-packages/airflow/example_dags/example_setup_teardown.py
[2024-01-06T02:25:46.892+0000] {processor.py:840} INFO - DAG(s) 'example_setup_teardown' retrieved from /home/airflow/.local/lib/python3.8/site-packages/airflow/example_dags/example_setup_teardown.py
[2024-01-06T02:25:46.909+0000] {logging_mixin.py:188} INFO - [2024-01-06T02:25:46.909+0000] {dag.py:3033} INFO - Sync 1 DAGs
[2024-01-06T02:25:46.925+0000] {logging_mixin.py:188} INFO - [2024-01-06T02:25:46.925+0000] {dag.py:3820} INFO - Setting next_dagrun for example_setup_teardown to 2024-01-05T00:00:00+00:00, run_after=2024-01-06T00:00:00+00:00
[2024-01-06T02:25:46.938+0000] {processor.py:183} INFO - Processing /home/airflow/.local/lib/python3.8/site-packages/airflow/example_dags/example_setup_teardown.py took 0.059 seconds
[2024-01-06T02:26:17.570+0000] {processor.py:161} INFO - Started process (PID=40706) to work on /home/airflow/.local/lib/python3.8/site-packages/airflow/example_dags/example_setup_teardown.py
[2024-01-06T02:26:17.572+0000] {processor.py:830} INFO - Processing file /home/airflow/.local/lib/python3.8/site-packages/airflow/example_dags/example_setup_teardown.py for tasks to queue
[2024-01-06T02:26:17.574+0000] {logging_mixin.py:188} INFO - [2024-01-06T02:26:17.574+0000] {dagbag.py:538} INFO - Filling up the DagBag from /home/airflow/.local/lib/python3.8/site-packages/airflow/example_dags/example_setup_teardown.py
[2024-01-06T02:26:17.579+0000] {processor.py:840} INFO - DAG(s) 'example_setup_teardown' retrieved from /home/airflow/.local/lib/python3.8/site-packages/airflow/example_dags/example_setup_teardown.py
[2024-01-06T02:26:17.593+0000] {logging_mixin.py:188} INFO - [2024-01-06T02:26:17.593+0000] {dag.py:3033} INFO - Sync 1 DAGs
[2024-01-06T02:26:17.605+0000] {logging_mixin.py:188} INFO - [2024-01-06T02:26:17.605+0000] {dag.py:3820} INFO - Setting next_dagrun for example_setup_teardown to 2024-01-05T00:00:00+00:00, run_after=2024-01-06T00:00:00+00:00
[2024-01-06T02:26:17.616+0000] {processor.py:183} INFO - Processing /home/airflow/.local/lib/python3.8/site-packages/airflow/example_dags/example_setup_teardown.py took 0.048 seconds
[2024-01-06T02:26:48.216+0000] {processor.py:161} INFO - Started process (PID=40764) to work on /home/airflow/.local/lib/python3.8/site-packages/airflow/example_dags/example_setup_teardown.py
[2024-01-06T02:26:48.217+0000] {processor.py:830} INFO - Processing file /home/airflow/.local/lib/python3.8/site-packages/airflow/example_dags/example_setup_teardown.py for tasks to queue
[2024-01-06T02:26:48.220+0000] {logging_mixin.py:188} INFO - [2024-01-06T02:26:48.219+0000] {dagbag.py:538} INFO - Filling up the DagBag from /home/airflow/.local/lib/python3.8/site-packages/airflow/example_dags/example_setup_teardown.py
[2024-01-06T02:26:48.224+0000] {processor.py:840} INFO - DAG(s) 'example_setup_teardown' retrieved from /home/airflow/.local/lib/python3.8/site-packages/airflow/example_dags/example_setup_teardown.py
[2024-01-06T02:26:48.237+0000] {logging_mixin.py:188} INFO - [2024-01-06T02:26:48.237+0000] {dag.py:3033} INFO - Sync 1 DAGs
[2024-01-06T02:26:48.249+0000] {logging_mixin.py:188} INFO - [2024-01-06T02:26:48.249+0000] {dag.py:3820} INFO - Setting next_dagrun for example_setup_teardown to 2024-01-05T00:00:00+00:00, run_after=2024-01-06T00:00:00+00:00
[2024-01-06T02:26:48.260+0000] {processor.py:183} INFO - Processing /home/airflow/.local/lib/python3.8/site-packages/airflow/example_dags/example_setup_teardown.py took 0.047 seconds
[2024-01-06T02:27:18.346+0000] {processor.py:161} INFO - Started process (PID=40822) to work on /home/airflow/.local/lib/python3.8/site-packages/airflow/example_dags/example_setup_teardown.py
[2024-01-06T02:27:18.351+0000] {processor.py:830} INFO - Processing file /home/airflow/.local/lib/python3.8/site-packages/airflow/example_dags/example_setup_teardown.py for tasks to queue
[2024-01-06T02:27:18.353+0000] {logging_mixin.py:188} INFO - [2024-01-06T02:27:18.353+0000] {dagbag.py:538} INFO - Filling up the DagBag from /home/airflow/.local/lib/python3.8/site-packages/airflow/example_dags/example_setup_teardown.py
[2024-01-06T02:27:18.358+0000] {processor.py:840} INFO - DAG(s) 'example_setup_teardown' retrieved from /home/airflow/.local/lib/python3.8/site-packages/airflow/example_dags/example_setup_teardown.py
[2024-01-06T02:27:18.376+0000] {logging_mixin.py:188} INFO - [2024-01-06T02:27:18.376+0000] {dag.py:3033} INFO - Sync 1 DAGs
[2024-01-06T02:27:18.395+0000] {logging_mixin.py:188} INFO - [2024-01-06T02:27:18.395+0000] {dag.py:3820} INFO - Setting next_dagrun for example_setup_teardown to 2024-01-05T00:00:00+00:00, run_after=2024-01-06T00:00:00+00:00
[2024-01-06T02:27:18.407+0000] {processor.py:183} INFO - Processing /home/airflow/.local/lib/python3.8/site-packages/airflow/example_dags/example_setup_teardown.py took 0.063 seconds
[2024-01-06T02:27:48.960+0000] {processor.py:161} INFO - Started process (PID=40880) to work on /home/airflow/.local/lib/python3.8/site-packages/airflow/example_dags/example_setup_teardown.py
[2024-01-06T02:27:48.962+0000] {processor.py:830} INFO - Processing file /home/airflow/.local/lib/python3.8/site-packages/airflow/example_dags/example_setup_teardown.py for tasks to queue
[2024-01-06T02:27:48.964+0000] {logging_mixin.py:188} INFO - [2024-01-06T02:27:48.963+0000] {dagbag.py:538} INFO - Filling up the DagBag from /home/airflow/.local/lib/python3.8/site-packages/airflow/example_dags/example_setup_teardown.py
[2024-01-06T02:27:48.968+0000] {processor.py:840} INFO - DAG(s) 'example_setup_teardown' retrieved from /home/airflow/.local/lib/python3.8/site-packages/airflow/example_dags/example_setup_teardown.py
[2024-01-06T02:27:48.983+0000] {logging_mixin.py:188} INFO - [2024-01-06T02:27:48.983+0000] {dag.py:3033} INFO - Sync 1 DAGs
[2024-01-06T02:27:48.995+0000] {logging_mixin.py:188} INFO - [2024-01-06T02:27:48.995+0000] {dag.py:3820} INFO - Setting next_dagrun for example_setup_teardown to 2024-01-05T00:00:00+00:00, run_after=2024-01-06T00:00:00+00:00
[2024-01-06T02:27:49.005+0000] {processor.py:183} INFO - Processing /home/airflow/.local/lib/python3.8/site-packages/airflow/example_dags/example_setup_teardown.py took 0.048 seconds
[2024-01-06T02:28:19.437+0000] {processor.py:161} INFO - Started process (PID=40938) to work on /home/airflow/.local/lib/python3.8/site-packages/airflow/example_dags/example_setup_teardown.py
[2024-01-06T02:28:19.439+0000] {processor.py:830} INFO - Processing file /home/airflow/.local/lib/python3.8/site-packages/airflow/example_dags/example_setup_teardown.py for tasks to queue
[2024-01-06T02:28:19.441+0000] {logging_mixin.py:188} INFO - [2024-01-06T02:28:19.441+0000] {dagbag.py:538} INFO - Filling up the DagBag from /home/airflow/.local/lib/python3.8/site-packages/airflow/example_dags/example_setup_teardown.py
[2024-01-06T02:28:19.447+0000] {processor.py:840} INFO - DAG(s) 'example_setup_teardown' retrieved from /home/airflow/.local/lib/python3.8/site-packages/airflow/example_dags/example_setup_teardown.py
[2024-01-06T02:28:19.464+0000] {logging_mixin.py:188} INFO - [2024-01-06T02:28:19.464+0000] {dag.py:3033} INFO - Sync 1 DAGs
[2024-01-06T02:28:19.483+0000] {logging_mixin.py:188} INFO - [2024-01-06T02:28:19.483+0000] {dag.py:3820} INFO - Setting next_dagrun for example_setup_teardown to 2024-01-05T00:00:00+00:00, run_after=2024-01-06T00:00:00+00:00
[2024-01-06T02:28:19.493+0000] {processor.py:183} INFO - Processing /home/airflow/.local/lib/python3.8/site-packages/airflow/example_dags/example_setup_teardown.py took 0.059 seconds
[2024-01-06T02:28:50.106+0000] {processor.py:161} INFO - Started process (PID=41002) to work on /home/airflow/.local/lib/python3.8/site-packages/airflow/example_dags/example_setup_teardown.py
[2024-01-06T02:28:50.108+0000] {processor.py:830} INFO - Processing file /home/airflow/.local/lib/python3.8/site-packages/airflow/example_dags/example_setup_teardown.py for tasks to queue
[2024-01-06T02:28:50.110+0000] {logging_mixin.py:188} INFO - [2024-01-06T02:28:50.110+0000] {dagbag.py:538} INFO - Filling up the DagBag from /home/airflow/.local/lib/python3.8/site-packages/airflow/example_dags/example_setup_teardown.py
[2024-01-06T02:28:50.114+0000] {processor.py:840} INFO - DAG(s) 'example_setup_teardown' retrieved from /home/airflow/.local/lib/python3.8/site-packages/airflow/example_dags/example_setup_teardown.py
[2024-01-06T02:28:50.128+0000] {logging_mixin.py:188} INFO - [2024-01-06T02:28:50.128+0000] {dag.py:3033} INFO - Sync 1 DAGs
[2024-01-06T02:28:50.140+0000] {logging_mixin.py:188} INFO - [2024-01-06T02:28:50.140+0000] {dag.py:3820} INFO - Setting next_dagrun for example_setup_teardown to 2024-01-05T00:00:00+00:00, run_after=2024-01-06T00:00:00+00:00
[2024-01-06T02:28:50.150+0000] {processor.py:183} INFO - Processing /home/airflow/.local/lib/python3.8/site-packages/airflow/example_dags/example_setup_teardown.py took 0.046 seconds
[2024-01-06T02:29:20.621+0000] {processor.py:161} INFO - Started process (PID=41060) to work on /home/airflow/.local/lib/python3.8/site-packages/airflow/example_dags/example_setup_teardown.py
[2024-01-06T02:29:20.622+0000] {processor.py:830} INFO - Processing file /home/airflow/.local/lib/python3.8/site-packages/airflow/example_dags/example_setup_teardown.py for tasks to queue
[2024-01-06T02:29:20.624+0000] {logging_mixin.py:188} INFO - [2024-01-06T02:29:20.624+0000] {dagbag.py:538} INFO - Filling up the DagBag from /home/airflow/.local/lib/python3.8/site-packages/airflow/example_dags/example_setup_teardown.py
[2024-01-06T02:29:20.629+0000] {processor.py:840} INFO - DAG(s) 'example_setup_teardown' retrieved from /home/airflow/.local/lib/python3.8/site-packages/airflow/example_dags/example_setup_teardown.py
[2024-01-06T02:29:20.644+0000] {logging_mixin.py:188} INFO - [2024-01-06T02:29:20.644+0000] {dag.py:3033} INFO - Sync 1 DAGs
[2024-01-06T02:29:20.657+0000] {logging_mixin.py:188} INFO - [2024-01-06T02:29:20.657+0000] {dag.py:3820} INFO - Setting next_dagrun for example_setup_teardown to 2024-01-05T00:00:00+00:00, run_after=2024-01-06T00:00:00+00:00
[2024-01-06T02:29:20.668+0000] {processor.py:183} INFO - Processing /home/airflow/.local/lib/python3.8/site-packages/airflow/example_dags/example_setup_teardown.py took 0.049 seconds
[2024-01-06T02:29:51.357+0000] {processor.py:161} INFO - Started process (PID=41119) to work on /home/airflow/.local/lib/python3.8/site-packages/airflow/example_dags/example_setup_teardown.py
[2024-01-06T02:29:51.359+0000] {processor.py:830} INFO - Processing file /home/airflow/.local/lib/python3.8/site-packages/airflow/example_dags/example_setup_teardown.py for tasks to queue
[2024-01-06T02:29:51.361+0000] {logging_mixin.py:188} INFO - [2024-01-06T02:29:51.360+0000] {dagbag.py:538} INFO - Filling up the DagBag from /home/airflow/.local/lib/python3.8/site-packages/airflow/example_dags/example_setup_teardown.py
[2024-01-06T02:29:51.366+0000] {processor.py:840} INFO - DAG(s) 'example_setup_teardown' retrieved from /home/airflow/.local/lib/python3.8/site-packages/airflow/example_dags/example_setup_teardown.py
[2024-01-06T02:29:51.381+0000] {logging_mixin.py:188} INFO - [2024-01-06T02:29:51.381+0000] {dag.py:3033} INFO - Sync 1 DAGs
[2024-01-06T02:29:51.395+0000] {logging_mixin.py:188} INFO - [2024-01-06T02:29:51.395+0000] {dag.py:3820} INFO - Setting next_dagrun for example_setup_teardown to 2024-01-05T00:00:00+00:00, run_after=2024-01-06T00:00:00+00:00
[2024-01-06T02:29:51.414+0000] {processor.py:183} INFO - Processing /home/airflow/.local/lib/python3.8/site-packages/airflow/example_dags/example_setup_teardown.py took 0.059 seconds
[2024-01-06T02:30:22.003+0000] {processor.py:161} INFO - Started process (PID=41177) to work on /home/airflow/.local/lib/python3.8/site-packages/airflow/example_dags/example_setup_teardown.py
[2024-01-06T02:30:22.006+0000] {processor.py:830} INFO - Processing file /home/airflow/.local/lib/python3.8/site-packages/airflow/example_dags/example_setup_teardown.py for tasks to queue
[2024-01-06T02:30:22.008+0000] {logging_mixin.py:188} INFO - [2024-01-06T02:30:22.008+0000] {dagbag.py:538} INFO - Filling up the DagBag from /home/airflow/.local/lib/python3.8/site-packages/airflow/example_dags/example_setup_teardown.py
[2024-01-06T02:30:22.013+0000] {processor.py:840} INFO - DAG(s) 'example_setup_teardown' retrieved from /home/airflow/.local/lib/python3.8/site-packages/airflow/example_dags/example_setup_teardown.py
[2024-01-06T02:30:22.031+0000] {logging_mixin.py:188} INFO - [2024-01-06T02:30:22.031+0000] {dag.py:3033} INFO - Sync 1 DAGs
[2024-01-06T02:30:22.044+0000] {logging_mixin.py:188} INFO - [2024-01-06T02:30:22.044+0000] {dag.py:3820} INFO - Setting next_dagrun for example_setup_teardown to 2024-01-05T00:00:00+00:00, run_after=2024-01-06T00:00:00+00:00
[2024-01-06T02:30:22.056+0000] {processor.py:183} INFO - Processing /home/airflow/.local/lib/python3.8/site-packages/airflow/example_dags/example_setup_teardown.py took 0.056 seconds
[2024-01-06T02:30:52.630+0000] {processor.py:161} INFO - Started process (PID=41235) to work on /home/airflow/.local/lib/python3.8/site-packages/airflow/example_dags/example_setup_teardown.py
[2024-01-06T02:30:52.631+0000] {processor.py:830} INFO - Processing file /home/airflow/.local/lib/python3.8/site-packages/airflow/example_dags/example_setup_teardown.py for tasks to queue
[2024-01-06T02:30:52.633+0000] {logging_mixin.py:188} INFO - [2024-01-06T02:30:52.633+0000] {dagbag.py:538} INFO - Filling up the DagBag from /home/airflow/.local/lib/python3.8/site-packages/airflow/example_dags/example_setup_teardown.py
[2024-01-06T02:30:52.638+0000] {processor.py:840} INFO - DAG(s) 'example_setup_teardown' retrieved from /home/airflow/.local/lib/python3.8/site-packages/airflow/example_dags/example_setup_teardown.py
[2024-01-06T02:30:52.659+0000] {logging_mixin.py:188} INFO - [2024-01-06T02:30:52.659+0000] {dag.py:3033} INFO - Sync 1 DAGs
[2024-01-06T02:30:52.672+0000] {logging_mixin.py:188} INFO - [2024-01-06T02:30:52.672+0000] {dag.py:3820} INFO - Setting next_dagrun for example_setup_teardown to 2024-01-05T00:00:00+00:00, run_after=2024-01-06T00:00:00+00:00
[2024-01-06T02:30:52.684+0000] {processor.py:183} INFO - Processing /home/airflow/.local/lib/python3.8/site-packages/airflow/example_dags/example_setup_teardown.py took 0.057 seconds
[2024-01-06T02:31:23.132+0000] {processor.py:161} INFO - Started process (PID=41293) to work on /home/airflow/.local/lib/python3.8/site-packages/airflow/example_dags/example_setup_teardown.py
[2024-01-06T02:31:23.134+0000] {processor.py:830} INFO - Processing file /home/airflow/.local/lib/python3.8/site-packages/airflow/example_dags/example_setup_teardown.py for tasks to queue
[2024-01-06T02:31:23.137+0000] {logging_mixin.py:188} INFO - [2024-01-06T02:31:23.137+0000] {dagbag.py:538} INFO - Filling up the DagBag from /home/airflow/.local/lib/python3.8/site-packages/airflow/example_dags/example_setup_teardown.py
[2024-01-06T02:31:23.143+0000] {processor.py:840} INFO - DAG(s) 'example_setup_teardown' retrieved from /home/airflow/.local/lib/python3.8/site-packages/airflow/example_dags/example_setup_teardown.py
[2024-01-06T02:31:23.164+0000] {logging_mixin.py:188} INFO - [2024-01-06T02:31:23.164+0000] {dag.py:3033} INFO - Sync 1 DAGs
[2024-01-06T02:31:23.177+0000] {logging_mixin.py:188} INFO - [2024-01-06T02:31:23.177+0000] {dag.py:3820} INFO - Setting next_dagrun for example_setup_teardown to 2024-01-05T00:00:00+00:00, run_after=2024-01-06T00:00:00+00:00
[2024-01-06T02:31:23.187+0000] {processor.py:183} INFO - Processing /home/airflow/.local/lib/python3.8/site-packages/airflow/example_dags/example_setup_teardown.py took 0.057 seconds
[2024-01-06T02:31:53.584+0000] {processor.py:161} INFO - Started process (PID=41351) to work on /home/airflow/.local/lib/python3.8/site-packages/airflow/example_dags/example_setup_teardown.py
[2024-01-06T02:31:53.585+0000] {processor.py:830} INFO - Processing file /home/airflow/.local/lib/python3.8/site-packages/airflow/example_dags/example_setup_teardown.py for tasks to queue
[2024-01-06T02:31:53.588+0000] {logging_mixin.py:188} INFO - [2024-01-06T02:31:53.587+0000] {dagbag.py:538} INFO - Filling up the DagBag from /home/airflow/.local/lib/python3.8/site-packages/airflow/example_dags/example_setup_teardown.py
[2024-01-06T02:31:53.593+0000] {processor.py:840} INFO - DAG(s) 'example_setup_teardown' retrieved from /home/airflow/.local/lib/python3.8/site-packages/airflow/example_dags/example_setup_teardown.py
[2024-01-06T02:31:53.608+0000] {logging_mixin.py:188} INFO - [2024-01-06T02:31:53.608+0000] {dag.py:3033} INFO - Sync 1 DAGs
[2024-01-06T02:31:53.622+0000] {logging_mixin.py:188} INFO - [2024-01-06T02:31:53.622+0000] {dag.py:3820} INFO - Setting next_dagrun for example_setup_teardown to 2024-01-05T00:00:00+00:00, run_after=2024-01-06T00:00:00+00:00
[2024-01-06T02:31:53.634+0000] {processor.py:183} INFO - Processing /home/airflow/.local/lib/python3.8/site-packages/airflow/example_dags/example_setup_teardown.py took 0.054 seconds
[2024-01-06T02:32:23.851+0000] {processor.py:161} INFO - Started process (PID=41409) to work on /home/airflow/.local/lib/python3.8/site-packages/airflow/example_dags/example_setup_teardown.py
[2024-01-06T02:32:23.852+0000] {processor.py:830} INFO - Processing file /home/airflow/.local/lib/python3.8/site-packages/airflow/example_dags/example_setup_teardown.py for tasks to queue
[2024-01-06T02:32:23.854+0000] {logging_mixin.py:188} INFO - [2024-01-06T02:32:23.854+0000] {dagbag.py:538} INFO - Filling up the DagBag from /home/airflow/.local/lib/python3.8/site-packages/airflow/example_dags/example_setup_teardown.py
[2024-01-06T02:32:23.859+0000] {processor.py:840} INFO - DAG(s) 'example_setup_teardown' retrieved from /home/airflow/.local/lib/python3.8/site-packages/airflow/example_dags/example_setup_teardown.py
[2024-01-06T02:32:23.874+0000] {logging_mixin.py:188} INFO - [2024-01-06T02:32:23.874+0000] {dag.py:3033} INFO - Sync 1 DAGs
[2024-01-06T02:32:23.886+0000] {logging_mixin.py:188} INFO - [2024-01-06T02:32:23.886+0000] {dag.py:3820} INFO - Setting next_dagrun for example_setup_teardown to 2024-01-05T00:00:00+00:00, run_after=2024-01-06T00:00:00+00:00
[2024-01-06T02:32:23.896+0000] {processor.py:183} INFO - Processing /home/airflow/.local/lib/python3.8/site-packages/airflow/example_dags/example_setup_teardown.py took 0.047 seconds
[2024-01-06T02:32:54.516+0000] {processor.py:161} INFO - Started process (PID=41466) to work on /home/airflow/.local/lib/python3.8/site-packages/airflow/example_dags/example_setup_teardown.py
[2024-01-06T02:32:54.518+0000] {processor.py:830} INFO - Processing file /home/airflow/.local/lib/python3.8/site-packages/airflow/example_dags/example_setup_teardown.py for tasks to queue
[2024-01-06T02:32:54.521+0000] {logging_mixin.py:188} INFO - [2024-01-06T02:32:54.521+0000] {dagbag.py:538} INFO - Filling up the DagBag from /home/airflow/.local/lib/python3.8/site-packages/airflow/example_dags/example_setup_teardown.py
[2024-01-06T02:32:54.527+0000] {processor.py:840} INFO - DAG(s) 'example_setup_teardown' retrieved from /home/airflow/.local/lib/python3.8/site-packages/airflow/example_dags/example_setup_teardown.py
[2024-01-06T02:32:54.544+0000] {logging_mixin.py:188} INFO - [2024-01-06T02:32:54.544+0000] {dag.py:3033} INFO - Sync 1 DAGs
[2024-01-06T02:32:54.556+0000] {logging_mixin.py:188} INFO - [2024-01-06T02:32:54.556+0000] {dag.py:3820} INFO - Setting next_dagrun for example_setup_teardown to 2024-01-05T00:00:00+00:00, run_after=2024-01-06T00:00:00+00:00
[2024-01-06T02:32:54.567+0000] {processor.py:183} INFO - Processing /home/airflow/.local/lib/python3.8/site-packages/airflow/example_dags/example_setup_teardown.py took 0.055 seconds
[2024-01-06T02:33:36.003+0000] {processor.py:161} INFO - Started process (PID=41524) to work on /home/airflow/.local/lib/python3.8/site-packages/airflow/example_dags/example_setup_teardown.py
[2024-01-06T02:33:36.021+0000] {processor.py:830} INFO - Processing file /home/airflow/.local/lib/python3.8/site-packages/airflow/example_dags/example_setup_teardown.py for tasks to queue
[2024-01-06T02:33:36.059+0000] {logging_mixin.py:188} INFO - [2024-01-06T02:33:36.056+0000] {dagbag.py:538} INFO - Filling up the DagBag from /home/airflow/.local/lib/python3.8/site-packages/airflow/example_dags/example_setup_teardown.py
[2024-01-06T02:33:36.171+0000] {processor.py:840} INFO - DAG(s) 'example_setup_teardown' retrieved from /home/airflow/.local/lib/python3.8/site-packages/airflow/example_dags/example_setup_teardown.py
[2024-01-06T02:33:36.577+0000] {logging_mixin.py:188} INFO - [2024-01-06T02:33:36.571+0000] {dag.py:3033} INFO - Sync 1 DAGs
[2024-01-06T02:33:36.857+0000] {logging_mixin.py:188} INFO - [2024-01-06T02:33:36.856+0000] {dag.py:3820} INFO - Setting next_dagrun for example_setup_teardown to 2024-01-05T00:00:00+00:00, run_after=2024-01-06T00:00:00+00:00
[2024-01-06T02:33:37.138+0000] {processor.py:183} INFO - Processing /home/airflow/.local/lib/python3.8/site-packages/airflow/example_dags/example_setup_teardown.py took 1.172 seconds
[2024-01-06T02:34:07.558+0000] {processor.py:161} INFO - Started process (PID=41582) to work on /home/airflow/.local/lib/python3.8/site-packages/airflow/example_dags/example_setup_teardown.py
[2024-01-06T02:34:07.560+0000] {processor.py:830} INFO - Processing file /home/airflow/.local/lib/python3.8/site-packages/airflow/example_dags/example_setup_teardown.py for tasks to queue
[2024-01-06T02:34:07.563+0000] {logging_mixin.py:188} INFO - [2024-01-06T02:34:07.563+0000] {dagbag.py:538} INFO - Filling up the DagBag from /home/airflow/.local/lib/python3.8/site-packages/airflow/example_dags/example_setup_teardown.py
[2024-01-06T02:34:07.570+0000] {processor.py:840} INFO - DAG(s) 'example_setup_teardown' retrieved from /home/airflow/.local/lib/python3.8/site-packages/airflow/example_dags/example_setup_teardown.py
[2024-01-06T02:34:07.589+0000] {logging_mixin.py:188} INFO - [2024-01-06T02:34:07.589+0000] {dag.py:3033} INFO - Sync 1 DAGs
[2024-01-06T02:34:07.603+0000] {logging_mixin.py:188} INFO - [2024-01-06T02:34:07.603+0000] {dag.py:3820} INFO - Setting next_dagrun for example_setup_teardown to 2024-01-05T00:00:00+00:00, run_after=2024-01-06T00:00:00+00:00
[2024-01-06T02:34:07.615+0000] {processor.py:183} INFO - Processing /home/airflow/.local/lib/python3.8/site-packages/airflow/example_dags/example_setup_teardown.py took 0.061 seconds
[2024-01-06T02:34:38.423+0000] {processor.py:161} INFO - Started process (PID=41640) to work on /home/airflow/.local/lib/python3.8/site-packages/airflow/example_dags/example_setup_teardown.py
[2024-01-06T02:34:38.427+0000] {processor.py:830} INFO - Processing file /home/airflow/.local/lib/python3.8/site-packages/airflow/example_dags/example_setup_teardown.py for tasks to queue
[2024-01-06T02:34:38.431+0000] {logging_mixin.py:188} INFO - [2024-01-06T02:34:38.430+0000] {dagbag.py:538} INFO - Filling up the DagBag from /home/airflow/.local/lib/python3.8/site-packages/airflow/example_dags/example_setup_teardown.py
[2024-01-06T02:34:38.440+0000] {processor.py:840} INFO - DAG(s) 'example_setup_teardown' retrieved from /home/airflow/.local/lib/python3.8/site-packages/airflow/example_dags/example_setup_teardown.py
[2024-01-06T02:34:38.459+0000] {logging_mixin.py:188} INFO - [2024-01-06T02:34:38.459+0000] {dag.py:3033} INFO - Sync 1 DAGs
[2024-01-06T02:34:38.477+0000] {logging_mixin.py:188} INFO - [2024-01-06T02:34:38.477+0000] {dag.py:3820} INFO - Setting next_dagrun for example_setup_teardown to 2024-01-05T00:00:00+00:00, run_after=2024-01-06T00:00:00+00:00
[2024-01-06T02:34:38.487+0000] {processor.py:183} INFO - Processing /home/airflow/.local/lib/python3.8/site-packages/airflow/example_dags/example_setup_teardown.py took 0.069 seconds
[2024-01-06T02:35:08.693+0000] {processor.py:161} INFO - Started process (PID=41697) to work on /home/airflow/.local/lib/python3.8/site-packages/airflow/example_dags/example_setup_teardown.py
[2024-01-06T02:35:08.696+0000] {processor.py:830} INFO - Processing file /home/airflow/.local/lib/python3.8/site-packages/airflow/example_dags/example_setup_teardown.py for tasks to queue
[2024-01-06T02:35:08.699+0000] {logging_mixin.py:188} INFO - [2024-01-06T02:35:08.699+0000] {dagbag.py:538} INFO - Filling up the DagBag from /home/airflow/.local/lib/python3.8/site-packages/airflow/example_dags/example_setup_teardown.py
[2024-01-06T02:35:08.708+0000] {processor.py:840} INFO - DAG(s) 'example_setup_teardown' retrieved from /home/airflow/.local/lib/python3.8/site-packages/airflow/example_dags/example_setup_teardown.py
[2024-01-06T02:35:08.734+0000] {logging_mixin.py:188} INFO - [2024-01-06T02:35:08.733+0000] {dag.py:3033} INFO - Sync 1 DAGs
[2024-01-06T02:35:08.754+0000] {logging_mixin.py:188} INFO - [2024-01-06T02:35:08.754+0000] {dag.py:3820} INFO - Setting next_dagrun for example_setup_teardown to 2024-01-05T00:00:00+00:00, run_after=2024-01-06T00:00:00+00:00
[2024-01-06T02:35:08.771+0000] {processor.py:183} INFO - Processing /home/airflow/.local/lib/python3.8/site-packages/airflow/example_dags/example_setup_teardown.py took 0.083 seconds
[2024-01-06T02:35:39.010+0000] {processor.py:161} INFO - Started process (PID=41755) to work on /home/airflow/.local/lib/python3.8/site-packages/airflow/example_dags/example_setup_teardown.py
[2024-01-06T02:35:39.012+0000] {processor.py:830} INFO - Processing file /home/airflow/.local/lib/python3.8/site-packages/airflow/example_dags/example_setup_teardown.py for tasks to queue
[2024-01-06T02:35:39.014+0000] {logging_mixin.py:188} INFO - [2024-01-06T02:35:39.014+0000] {dagbag.py:538} INFO - Filling up the DagBag from /home/airflow/.local/lib/python3.8/site-packages/airflow/example_dags/example_setup_teardown.py
[2024-01-06T02:35:39.020+0000] {processor.py:840} INFO - DAG(s) 'example_setup_teardown' retrieved from /home/airflow/.local/lib/python3.8/site-packages/airflow/example_dags/example_setup_teardown.py
[2024-01-06T02:35:39.035+0000] {logging_mixin.py:188} INFO - [2024-01-06T02:35:39.035+0000] {dag.py:3033} INFO - Sync 1 DAGs
[2024-01-06T02:35:39.049+0000] {logging_mixin.py:188} INFO - [2024-01-06T02:35:39.049+0000] {dag.py:3820} INFO - Setting next_dagrun for example_setup_teardown to 2024-01-05T00:00:00+00:00, run_after=2024-01-06T00:00:00+00:00
[2024-01-06T02:35:39.061+0000] {processor.py:183} INFO - Processing /home/airflow/.local/lib/python3.8/site-packages/airflow/example_dags/example_setup_teardown.py took 0.054 seconds
[2024-01-06T02:36:09.435+0000] {processor.py:161} INFO - Started process (PID=41813) to work on /home/airflow/.local/lib/python3.8/site-packages/airflow/example_dags/example_setup_teardown.py
[2024-01-06T02:36:09.437+0000] {processor.py:830} INFO - Processing file /home/airflow/.local/lib/python3.8/site-packages/airflow/example_dags/example_setup_teardown.py for tasks to queue
[2024-01-06T02:36:09.441+0000] {logging_mixin.py:188} INFO - [2024-01-06T02:36:09.441+0000] {dagbag.py:538} INFO - Filling up the DagBag from /home/airflow/.local/lib/python3.8/site-packages/airflow/example_dags/example_setup_teardown.py
[2024-01-06T02:36:09.450+0000] {processor.py:840} INFO - DAG(s) 'example_setup_teardown' retrieved from /home/airflow/.local/lib/python3.8/site-packages/airflow/example_dags/example_setup_teardown.py
[2024-01-06T02:36:09.467+0000] {logging_mixin.py:188} INFO - [2024-01-06T02:36:09.467+0000] {dag.py:3033} INFO - Sync 1 DAGs
[2024-01-06T02:36:09.480+0000] {logging_mixin.py:188} INFO - [2024-01-06T02:36:09.480+0000] {dag.py:3820} INFO - Setting next_dagrun for example_setup_teardown to 2024-01-05T00:00:00+00:00, run_after=2024-01-06T00:00:00+00:00
[2024-01-06T02:36:09.493+0000] {processor.py:183} INFO - Processing /home/airflow/.local/lib/python3.8/site-packages/airflow/example_dags/example_setup_teardown.py took 0.063 seconds
[2024-01-06T02:36:39.783+0000] {processor.py:161} INFO - Started process (PID=41871) to work on /home/airflow/.local/lib/python3.8/site-packages/airflow/example_dags/example_setup_teardown.py
[2024-01-06T02:36:39.785+0000] {processor.py:830} INFO - Processing file /home/airflow/.local/lib/python3.8/site-packages/airflow/example_dags/example_setup_teardown.py for tasks to queue
[2024-01-06T02:36:39.788+0000] {logging_mixin.py:188} INFO - [2024-01-06T02:36:39.788+0000] {dagbag.py:538} INFO - Filling up the DagBag from /home/airflow/.local/lib/python3.8/site-packages/airflow/example_dags/example_setup_teardown.py
[2024-01-06T02:36:39.794+0000] {processor.py:840} INFO - DAG(s) 'example_setup_teardown' retrieved from /home/airflow/.local/lib/python3.8/site-packages/airflow/example_dags/example_setup_teardown.py
[2024-01-06T02:36:39.811+0000] {logging_mixin.py:188} INFO - [2024-01-06T02:36:39.811+0000] {dag.py:3033} INFO - Sync 1 DAGs
[2024-01-06T02:36:39.824+0000] {logging_mixin.py:188} INFO - [2024-01-06T02:36:39.824+0000] {dag.py:3820} INFO - Setting next_dagrun for example_setup_teardown to 2024-01-05T00:00:00+00:00, run_after=2024-01-06T00:00:00+00:00
[2024-01-06T02:36:39.835+0000] {processor.py:183} INFO - Processing /home/airflow/.local/lib/python3.8/site-packages/airflow/example_dags/example_setup_teardown.py took 0.055 seconds
[2024-01-06T02:37:10.190+0000] {processor.py:161} INFO - Started process (PID=41929) to work on /home/airflow/.local/lib/python3.8/site-packages/airflow/example_dags/example_setup_teardown.py
[2024-01-06T02:37:10.193+0000] {processor.py:830} INFO - Processing file /home/airflow/.local/lib/python3.8/site-packages/airflow/example_dags/example_setup_teardown.py for tasks to queue
[2024-01-06T02:37:10.197+0000] {logging_mixin.py:188} INFO - [2024-01-06T02:37:10.196+0000] {dagbag.py:538} INFO - Filling up the DagBag from /home/airflow/.local/lib/python3.8/site-packages/airflow/example_dags/example_setup_teardown.py
[2024-01-06T02:37:10.203+0000] {processor.py:840} INFO - DAG(s) 'example_setup_teardown' retrieved from /home/airflow/.local/lib/python3.8/site-packages/airflow/example_dags/example_setup_teardown.py
[2024-01-06T02:37:10.220+0000] {logging_mixin.py:188} INFO - [2024-01-06T02:37:10.219+0000] {dag.py:3033} INFO - Sync 1 DAGs
[2024-01-06T02:37:10.232+0000] {logging_mixin.py:188} INFO - [2024-01-06T02:37:10.232+0000] {dag.py:3820} INFO - Setting next_dagrun for example_setup_teardown to 2024-01-05T00:00:00+00:00, run_after=2024-01-06T00:00:00+00:00
[2024-01-06T02:37:10.243+0000] {processor.py:183} INFO - Processing /home/airflow/.local/lib/python3.8/site-packages/airflow/example_dags/example_setup_teardown.py took 0.056 seconds
[2024-01-06T02:37:40.901+0000] {processor.py:161} INFO - Started process (PID=41986) to work on /home/airflow/.local/lib/python3.8/site-packages/airflow/example_dags/example_setup_teardown.py
[2024-01-06T02:37:40.904+0000] {processor.py:830} INFO - Processing file /home/airflow/.local/lib/python3.8/site-packages/airflow/example_dags/example_setup_teardown.py for tasks to queue
[2024-01-06T02:37:40.908+0000] {logging_mixin.py:188} INFO - [2024-01-06T02:37:40.907+0000] {dagbag.py:538} INFO - Filling up the DagBag from /home/airflow/.local/lib/python3.8/site-packages/airflow/example_dags/example_setup_teardown.py
[2024-01-06T02:37:40.916+0000] {processor.py:840} INFO - DAG(s) 'example_setup_teardown' retrieved from /home/airflow/.local/lib/python3.8/site-packages/airflow/example_dags/example_setup_teardown.py
[2024-01-06T02:37:40.935+0000] {logging_mixin.py:188} INFO - [2024-01-06T02:37:40.935+0000] {dag.py:3033} INFO - Sync 1 DAGs
[2024-01-06T02:37:40.954+0000] {logging_mixin.py:188} INFO - [2024-01-06T02:37:40.953+0000] {dag.py:3820} INFO - Setting next_dagrun for example_setup_teardown to 2024-01-05T00:00:00+00:00, run_after=2024-01-06T00:00:00+00:00
[2024-01-06T02:37:40.967+0000] {processor.py:183} INFO - Processing /home/airflow/.local/lib/python3.8/site-packages/airflow/example_dags/example_setup_teardown.py took 0.071 seconds
[2024-01-06T02:38:11.093+0000] {processor.py:161} INFO - Started process (PID=42044) to work on /home/airflow/.local/lib/python3.8/site-packages/airflow/example_dags/example_setup_teardown.py
[2024-01-06T02:38:11.097+0000] {processor.py:830} INFO - Processing file /home/airflow/.local/lib/python3.8/site-packages/airflow/example_dags/example_setup_teardown.py for tasks to queue
[2024-01-06T02:38:11.101+0000] {logging_mixin.py:188} INFO - [2024-01-06T02:38:11.101+0000] {dagbag.py:538} INFO - Filling up the DagBag from /home/airflow/.local/lib/python3.8/site-packages/airflow/example_dags/example_setup_teardown.py
[2024-01-06T02:38:11.109+0000] {processor.py:840} INFO - DAG(s) 'example_setup_teardown' retrieved from /home/airflow/.local/lib/python3.8/site-packages/airflow/example_dags/example_setup_teardown.py
[2024-01-06T02:38:11.126+0000] {logging_mixin.py:188} INFO - [2024-01-06T02:38:11.126+0000] {dag.py:3033} INFO - Sync 1 DAGs
[2024-01-06T02:38:11.140+0000] {logging_mixin.py:188} INFO - [2024-01-06T02:38:11.139+0000] {dag.py:3820} INFO - Setting next_dagrun for example_setup_teardown to 2024-01-05T00:00:00+00:00, run_after=2024-01-06T00:00:00+00:00
[2024-01-06T02:38:11.150+0000] {processor.py:183} INFO - Processing /home/airflow/.local/lib/python3.8/site-packages/airflow/example_dags/example_setup_teardown.py took 0.061 seconds
[2024-01-06T02:38:41.367+0000] {processor.py:161} INFO - Started process (PID=42102) to work on /home/airflow/.local/lib/python3.8/site-packages/airflow/example_dags/example_setup_teardown.py
[2024-01-06T02:38:41.369+0000] {processor.py:830} INFO - Processing file /home/airflow/.local/lib/python3.8/site-packages/airflow/example_dags/example_setup_teardown.py for tasks to queue
[2024-01-06T02:38:41.372+0000] {logging_mixin.py:188} INFO - [2024-01-06T02:38:41.372+0000] {dagbag.py:538} INFO - Filling up the DagBag from /home/airflow/.local/lib/python3.8/site-packages/airflow/example_dags/example_setup_teardown.py
[2024-01-06T02:38:41.378+0000] {processor.py:840} INFO - DAG(s) 'example_setup_teardown' retrieved from /home/airflow/.local/lib/python3.8/site-packages/airflow/example_dags/example_setup_teardown.py
[2024-01-06T02:38:41.396+0000] {logging_mixin.py:188} INFO - [2024-01-06T02:38:41.396+0000] {dag.py:3033} INFO - Sync 1 DAGs
[2024-01-06T02:38:41.411+0000] {logging_mixin.py:188} INFO - [2024-01-06T02:38:41.411+0000] {dag.py:3820} INFO - Setting next_dagrun for example_setup_teardown to 2024-01-05T00:00:00+00:00, run_after=2024-01-06T00:00:00+00:00
[2024-01-06T02:38:41.422+0000] {processor.py:183} INFO - Processing /home/airflow/.local/lib/python3.8/site-packages/airflow/example_dags/example_setup_teardown.py took 0.059 seconds
[2024-01-06T02:39:11.929+0000] {processor.py:161} INFO - Started process (PID=42159) to work on /home/airflow/.local/lib/python3.8/site-packages/airflow/example_dags/example_setup_teardown.py
[2024-01-06T02:39:11.938+0000] {processor.py:830} INFO - Processing file /home/airflow/.local/lib/python3.8/site-packages/airflow/example_dags/example_setup_teardown.py for tasks to queue
[2024-01-06T02:39:11.948+0000] {logging_mixin.py:188} INFO - [2024-01-06T02:39:11.947+0000] {dagbag.py:538} INFO - Filling up the DagBag from /home/airflow/.local/lib/python3.8/site-packages/airflow/example_dags/example_setup_teardown.py
[2024-01-06T02:39:11.980+0000] {processor.py:840} INFO - DAG(s) 'example_setup_teardown' retrieved from /home/airflow/.local/lib/python3.8/site-packages/airflow/example_dags/example_setup_teardown.py
[2024-01-06T02:39:12.018+0000] {logging_mixin.py:188} INFO - [2024-01-06T02:39:12.018+0000] {dag.py:3033} INFO - Sync 1 DAGs
[2024-01-06T02:39:12.044+0000] {logging_mixin.py:188} INFO - [2024-01-06T02:39:12.044+0000] {dag.py:3820} INFO - Setting next_dagrun for example_setup_teardown to 2024-01-05T00:00:00+00:00, run_after=2024-01-06T00:00:00+00:00
[2024-01-06T02:39:12.061+0000] {processor.py:183} INFO - Processing /home/airflow/.local/lib/python3.8/site-packages/airflow/example_dags/example_setup_teardown.py took 0.140 seconds
[2024-01-06T02:39:42.252+0000] {processor.py:161} INFO - Started process (PID=42216) to work on /home/airflow/.local/lib/python3.8/site-packages/airflow/example_dags/example_setup_teardown.py
[2024-01-06T02:39:42.268+0000] {processor.py:830} INFO - Processing file /home/airflow/.local/lib/python3.8/site-packages/airflow/example_dags/example_setup_teardown.py for tasks to queue
[2024-01-06T02:39:42.279+0000] {logging_mixin.py:188} INFO - [2024-01-06T02:39:42.278+0000] {dagbag.py:538} INFO - Filling up the DagBag from /home/airflow/.local/lib/python3.8/site-packages/airflow/example_dags/example_setup_teardown.py
[2024-01-06T02:39:42.308+0000] {processor.py:840} INFO - DAG(s) 'example_setup_teardown' retrieved from /home/airflow/.local/lib/python3.8/site-packages/airflow/example_dags/example_setup_teardown.py
[2024-01-06T02:39:42.352+0000] {logging_mixin.py:188} INFO - [2024-01-06T02:39:42.352+0000] {dag.py:3033} INFO - Sync 1 DAGs
[2024-01-06T02:39:42.385+0000] {logging_mixin.py:188} INFO - [2024-01-06T02:39:42.385+0000] {dag.py:3820} INFO - Setting next_dagrun for example_setup_teardown to 2024-01-05T00:00:00+00:00, run_after=2024-01-06T00:00:00+00:00
[2024-01-06T02:39:42.401+0000] {processor.py:183} INFO - Processing /home/airflow/.local/lib/python3.8/site-packages/airflow/example_dags/example_setup_teardown.py took 0.158 seconds
[2024-01-06T02:40:12.550+0000] {processor.py:161} INFO - Started process (PID=42275) to work on /home/airflow/.local/lib/python3.8/site-packages/airflow/example_dags/example_setup_teardown.py
[2024-01-06T02:40:12.553+0000] {processor.py:830} INFO - Processing file /home/airflow/.local/lib/python3.8/site-packages/airflow/example_dags/example_setup_teardown.py for tasks to queue
[2024-01-06T02:40:12.557+0000] {logging_mixin.py:188} INFO - [2024-01-06T02:40:12.557+0000] {dagbag.py:538} INFO - Filling up the DagBag from /home/airflow/.local/lib/python3.8/site-packages/airflow/example_dags/example_setup_teardown.py
[2024-01-06T02:40:12.566+0000] {processor.py:840} INFO - DAG(s) 'example_setup_teardown' retrieved from /home/airflow/.local/lib/python3.8/site-packages/airflow/example_dags/example_setup_teardown.py
[2024-01-06T02:40:12.594+0000] {logging_mixin.py:188} INFO - [2024-01-06T02:40:12.594+0000] {dag.py:3033} INFO - Sync 1 DAGs
[2024-01-06T02:40:12.611+0000] {logging_mixin.py:188} INFO - [2024-01-06T02:40:12.611+0000] {dag.py:3820} INFO - Setting next_dagrun for example_setup_teardown to 2024-01-05T00:00:00+00:00, run_after=2024-01-06T00:00:00+00:00
[2024-01-06T02:40:12.626+0000] {processor.py:183} INFO - Processing /home/airflow/.local/lib/python3.8/site-packages/airflow/example_dags/example_setup_teardown.py took 0.080 seconds
[2024-01-06T02:40:43.930+0000] {processor.py:161} INFO - Started process (PID=42332) to work on /home/airflow/.local/lib/python3.8/site-packages/airflow/example_dags/example_setup_teardown.py
[2024-01-06T02:40:43.935+0000] {processor.py:830} INFO - Processing file /home/airflow/.local/lib/python3.8/site-packages/airflow/example_dags/example_setup_teardown.py for tasks to queue
[2024-01-06T02:40:43.940+0000] {logging_mixin.py:188} INFO - [2024-01-06T02:40:43.940+0000] {dagbag.py:538} INFO - Filling up the DagBag from /home/airflow/.local/lib/python3.8/site-packages/airflow/example_dags/example_setup_teardown.py
[2024-01-06T02:40:43.949+0000] {processor.py:840} INFO - DAG(s) 'example_setup_teardown' retrieved from /home/airflow/.local/lib/python3.8/site-packages/airflow/example_dags/example_setup_teardown.py
[2024-01-06T02:40:43.983+0000] {logging_mixin.py:188} INFO - [2024-01-06T02:40:43.983+0000] {dag.py:3033} INFO - Sync 1 DAGs
[2024-01-06T02:40:44.005+0000] {logging_mixin.py:188} INFO - [2024-01-06T02:40:44.004+0000] {dag.py:3820} INFO - Setting next_dagrun for example_setup_teardown to 2024-01-05T00:00:00+00:00, run_after=2024-01-06T00:00:00+00:00
[2024-01-06T02:40:44.022+0000] {processor.py:183} INFO - Processing /home/airflow/.local/lib/python3.8/site-packages/airflow/example_dags/example_setup_teardown.py took 0.096 seconds
[2024-01-06T02:41:14.694+0000] {processor.py:161} INFO - Started process (PID=42390) to work on /home/airflow/.local/lib/python3.8/site-packages/airflow/example_dags/example_setup_teardown.py
[2024-01-06T02:41:14.700+0000] {processor.py:830} INFO - Processing file /home/airflow/.local/lib/python3.8/site-packages/airflow/example_dags/example_setup_teardown.py for tasks to queue
[2024-01-06T02:41:14.706+0000] {logging_mixin.py:188} INFO - [2024-01-06T02:41:14.706+0000] {dagbag.py:538} INFO - Filling up the DagBag from /home/airflow/.local/lib/python3.8/site-packages/airflow/example_dags/example_setup_teardown.py
[2024-01-06T02:41:14.714+0000] {processor.py:840} INFO - DAG(s) 'example_setup_teardown' retrieved from /home/airflow/.local/lib/python3.8/site-packages/airflow/example_dags/example_setup_teardown.py
[2024-01-06T02:41:14.742+0000] {logging_mixin.py:188} INFO - [2024-01-06T02:41:14.742+0000] {dag.py:3033} INFO - Sync 1 DAGs
[2024-01-06T02:41:14.766+0000] {logging_mixin.py:188} INFO - [2024-01-06T02:41:14.766+0000] {dag.py:3820} INFO - Setting next_dagrun for example_setup_teardown to 2024-01-05T00:00:00+00:00, run_after=2024-01-06T00:00:00+00:00
[2024-01-06T02:41:14.781+0000] {processor.py:183} INFO - Processing /home/airflow/.local/lib/python3.8/site-packages/airflow/example_dags/example_setup_teardown.py took 0.097 seconds
[2024-01-06T02:41:45.330+0000] {processor.py:161} INFO - Started process (PID=42448) to work on /home/airflow/.local/lib/python3.8/site-packages/airflow/example_dags/example_setup_teardown.py
[2024-01-06T02:41:45.331+0000] {processor.py:830} INFO - Processing file /home/airflow/.local/lib/python3.8/site-packages/airflow/example_dags/example_setup_teardown.py for tasks to queue
[2024-01-06T02:41:45.333+0000] {logging_mixin.py:188} INFO - [2024-01-06T02:41:45.333+0000] {dagbag.py:538} INFO - Filling up the DagBag from /home/airflow/.local/lib/python3.8/site-packages/airflow/example_dags/example_setup_teardown.py
[2024-01-06T02:41:45.338+0000] {processor.py:840} INFO - DAG(s) 'example_setup_teardown' retrieved from /home/airflow/.local/lib/python3.8/site-packages/airflow/example_dags/example_setup_teardown.py
[2024-01-06T02:41:45.353+0000] {logging_mixin.py:188} INFO - [2024-01-06T02:41:45.353+0000] {dag.py:3033} INFO - Sync 1 DAGs
[2024-01-06T02:41:45.366+0000] {logging_mixin.py:188} INFO - [2024-01-06T02:41:45.366+0000] {dag.py:3820} INFO - Setting next_dagrun for example_setup_teardown to 2024-01-05T00:00:00+00:00, run_after=2024-01-06T00:00:00+00:00
[2024-01-06T02:41:45.378+0000] {processor.py:183} INFO - Processing /home/airflow/.local/lib/python3.8/site-packages/airflow/example_dags/example_setup_teardown.py took 0.050 seconds
[2024-01-06T02:42:15.511+0000] {processor.py:161} INFO - Started process (PID=42505) to work on /home/airflow/.local/lib/python3.8/site-packages/airflow/example_dags/example_setup_teardown.py
[2024-01-06T02:42:15.512+0000] {processor.py:830} INFO - Processing file /home/airflow/.local/lib/python3.8/site-packages/airflow/example_dags/example_setup_teardown.py for tasks to queue
[2024-01-06T02:42:15.515+0000] {logging_mixin.py:188} INFO - [2024-01-06T02:42:15.515+0000] {dagbag.py:538} INFO - Filling up the DagBag from /home/airflow/.local/lib/python3.8/site-packages/airflow/example_dags/example_setup_teardown.py
[2024-01-06T02:42:15.521+0000] {processor.py:840} INFO - DAG(s) 'example_setup_teardown' retrieved from /home/airflow/.local/lib/python3.8/site-packages/airflow/example_dags/example_setup_teardown.py
[2024-01-06T02:42:15.537+0000] {logging_mixin.py:188} INFO - [2024-01-06T02:42:15.537+0000] {dag.py:3033} INFO - Sync 1 DAGs
[2024-01-06T02:42:15.549+0000] {logging_mixin.py:188} INFO - [2024-01-06T02:42:15.549+0000] {dag.py:3820} INFO - Setting next_dagrun for example_setup_teardown to 2024-01-05T00:00:00+00:00, run_after=2024-01-06T00:00:00+00:00
[2024-01-06T02:42:15.594+0000] {processor.py:183} INFO - Processing /home/airflow/.local/lib/python3.8/site-packages/airflow/example_dags/example_setup_teardown.py took 0.086 seconds
[2024-01-06T02:42:45.649+0000] {processor.py:161} INFO - Started process (PID=42563) to work on /home/airflow/.local/lib/python3.8/site-packages/airflow/example_dags/example_setup_teardown.py
[2024-01-06T02:42:45.651+0000] {processor.py:830} INFO - Processing file /home/airflow/.local/lib/python3.8/site-packages/airflow/example_dags/example_setup_teardown.py for tasks to queue
[2024-01-06T02:42:45.654+0000] {logging_mixin.py:188} INFO - [2024-01-06T02:42:45.654+0000] {dagbag.py:538} INFO - Filling up the DagBag from /home/airflow/.local/lib/python3.8/site-packages/airflow/example_dags/example_setup_teardown.py
[2024-01-06T02:42:45.661+0000] {processor.py:840} INFO - DAG(s) 'example_setup_teardown' retrieved from /home/airflow/.local/lib/python3.8/site-packages/airflow/example_dags/example_setup_teardown.py
[2024-01-06T02:42:45.677+0000] {logging_mixin.py:188} INFO - [2024-01-06T02:42:45.677+0000] {dag.py:3033} INFO - Sync 1 DAGs
[2024-01-06T02:42:45.692+0000] {logging_mixin.py:188} INFO - [2024-01-06T02:42:45.692+0000] {dag.py:3820} INFO - Setting next_dagrun for example_setup_teardown to 2024-01-05T00:00:00+00:00, run_after=2024-01-06T00:00:00+00:00
[2024-01-06T02:42:45.709+0000] {processor.py:183} INFO - Processing /home/airflow/.local/lib/python3.8/site-packages/airflow/example_dags/example_setup_teardown.py took 0.063 seconds
[2024-01-06T02:43:16.015+0000] {processor.py:161} INFO - Started process (PID=42621) to work on /home/airflow/.local/lib/python3.8/site-packages/airflow/example_dags/example_setup_teardown.py
[2024-01-06T02:43:16.016+0000] {processor.py:830} INFO - Processing file /home/airflow/.local/lib/python3.8/site-packages/airflow/example_dags/example_setup_teardown.py for tasks to queue
[2024-01-06T02:43:16.018+0000] {logging_mixin.py:188} INFO - [2024-01-06T02:43:16.018+0000] {dagbag.py:538} INFO - Filling up the DagBag from /home/airflow/.local/lib/python3.8/site-packages/airflow/example_dags/example_setup_teardown.py
[2024-01-06T02:43:16.023+0000] {processor.py:840} INFO - DAG(s) 'example_setup_teardown' retrieved from /home/airflow/.local/lib/python3.8/site-packages/airflow/example_dags/example_setup_teardown.py
[2024-01-06T02:43:16.037+0000] {logging_mixin.py:188} INFO - [2024-01-06T02:43:16.037+0000] {dag.py:3033} INFO - Sync 1 DAGs
[2024-01-06T02:43:16.049+0000] {logging_mixin.py:188} INFO - [2024-01-06T02:43:16.049+0000] {dag.py:3820} INFO - Setting next_dagrun for example_setup_teardown to 2024-01-05T00:00:00+00:00, run_after=2024-01-06T00:00:00+00:00
[2024-01-06T02:43:16.061+0000] {processor.py:183} INFO - Processing /home/airflow/.local/lib/python3.8/site-packages/airflow/example_dags/example_setup_teardown.py took 0.049 seconds
[2024-01-06T02:43:46.184+0000] {processor.py:161} INFO - Started process (PID=42679) to work on /home/airflow/.local/lib/python3.8/site-packages/airflow/example_dags/example_setup_teardown.py
[2024-01-06T02:43:46.187+0000] {processor.py:830} INFO - Processing file /home/airflow/.local/lib/python3.8/site-packages/airflow/example_dags/example_setup_teardown.py for tasks to queue
[2024-01-06T02:43:46.189+0000] {logging_mixin.py:188} INFO - [2024-01-06T02:43:46.189+0000] {dagbag.py:538} INFO - Filling up the DagBag from /home/airflow/.local/lib/python3.8/site-packages/airflow/example_dags/example_setup_teardown.py
[2024-01-06T02:43:46.194+0000] {processor.py:840} INFO - DAG(s) 'example_setup_teardown' retrieved from /home/airflow/.local/lib/python3.8/site-packages/airflow/example_dags/example_setup_teardown.py
[2024-01-06T02:43:46.212+0000] {logging_mixin.py:188} INFO - [2024-01-06T02:43:46.212+0000] {dag.py:3033} INFO - Sync 1 DAGs
[2024-01-06T02:43:46.229+0000] {logging_mixin.py:188} INFO - [2024-01-06T02:43:46.229+0000] {dag.py:3820} INFO - Setting next_dagrun for example_setup_teardown to 2024-01-05T00:00:00+00:00, run_after=2024-01-06T00:00:00+00:00
[2024-01-06T02:43:46.242+0000] {processor.py:183} INFO - Processing /home/airflow/.local/lib/python3.8/site-packages/airflow/example_dags/example_setup_teardown.py took 0.059 seconds
[2024-01-06T02:44:16.461+0000] {processor.py:161} INFO - Started process (PID=42737) to work on /home/airflow/.local/lib/python3.8/site-packages/airflow/example_dags/example_setup_teardown.py
[2024-01-06T02:44:16.463+0000] {processor.py:830} INFO - Processing file /home/airflow/.local/lib/python3.8/site-packages/airflow/example_dags/example_setup_teardown.py for tasks to queue
[2024-01-06T02:44:16.466+0000] {logging_mixin.py:188} INFO - [2024-01-06T02:44:16.466+0000] {dagbag.py:538} INFO - Filling up the DagBag from /home/airflow/.local/lib/python3.8/site-packages/airflow/example_dags/example_setup_teardown.py
[2024-01-06T02:44:16.472+0000] {processor.py:840} INFO - DAG(s) 'example_setup_teardown' retrieved from /home/airflow/.local/lib/python3.8/site-packages/airflow/example_dags/example_setup_teardown.py
[2024-01-06T02:44:16.491+0000] {logging_mixin.py:188} INFO - [2024-01-06T02:44:16.491+0000] {dag.py:3033} INFO - Sync 1 DAGs
[2024-01-06T02:44:16.507+0000] {logging_mixin.py:188} INFO - [2024-01-06T02:44:16.507+0000] {dag.py:3820} INFO - Setting next_dagrun for example_setup_teardown to 2024-01-05T00:00:00+00:00, run_after=2024-01-06T00:00:00+00:00
[2024-01-06T02:44:16.526+0000] {processor.py:183} INFO - Processing /home/airflow/.local/lib/python3.8/site-packages/airflow/example_dags/example_setup_teardown.py took 0.071 seconds
[2024-01-06T02:44:46.839+0000] {processor.py:161} INFO - Started process (PID=42795) to work on /home/airflow/.local/lib/python3.8/site-packages/airflow/example_dags/example_setup_teardown.py
[2024-01-06T02:44:46.840+0000] {processor.py:830} INFO - Processing file /home/airflow/.local/lib/python3.8/site-packages/airflow/example_dags/example_setup_teardown.py for tasks to queue
[2024-01-06T02:44:46.842+0000] {logging_mixin.py:188} INFO - [2024-01-06T02:44:46.842+0000] {dagbag.py:538} INFO - Filling up the DagBag from /home/airflow/.local/lib/python3.8/site-packages/airflow/example_dags/example_setup_teardown.py
[2024-01-06T02:44:46.847+0000] {processor.py:840} INFO - DAG(s) 'example_setup_teardown' retrieved from /home/airflow/.local/lib/python3.8/site-packages/airflow/example_dags/example_setup_teardown.py
[2024-01-06T02:44:46.862+0000] {logging_mixin.py:188} INFO - [2024-01-06T02:44:46.862+0000] {dag.py:3033} INFO - Sync 1 DAGs
[2024-01-06T02:44:46.875+0000] {logging_mixin.py:188} INFO - [2024-01-06T02:44:46.875+0000] {dag.py:3820} INFO - Setting next_dagrun for example_setup_teardown to 2024-01-05T00:00:00+00:00, run_after=2024-01-06T00:00:00+00:00
[2024-01-06T02:44:46.887+0000] {processor.py:183} INFO - Processing /home/airflow/.local/lib/python3.8/site-packages/airflow/example_dags/example_setup_teardown.py took 0.051 seconds
[2024-01-06T02:45:16.965+0000] {processor.py:161} INFO - Started process (PID=42853) to work on /home/airflow/.local/lib/python3.8/site-packages/airflow/example_dags/example_setup_teardown.py
[2024-01-06T02:45:16.966+0000] {processor.py:830} INFO - Processing file /home/airflow/.local/lib/python3.8/site-packages/airflow/example_dags/example_setup_teardown.py for tasks to queue
[2024-01-06T02:45:16.968+0000] {logging_mixin.py:188} INFO - [2024-01-06T02:45:16.968+0000] {dagbag.py:538} INFO - Filling up the DagBag from /home/airflow/.local/lib/python3.8/site-packages/airflow/example_dags/example_setup_teardown.py
[2024-01-06T02:45:16.973+0000] {processor.py:840} INFO - DAG(s) 'example_setup_teardown' retrieved from /home/airflow/.local/lib/python3.8/site-packages/airflow/example_dags/example_setup_teardown.py
[2024-01-06T02:45:16.988+0000] {logging_mixin.py:188} INFO - [2024-01-06T02:45:16.987+0000] {dag.py:3033} INFO - Sync 1 DAGs
[2024-01-06T02:45:17.001+0000] {logging_mixin.py:188} INFO - [2024-01-06T02:45:17.001+0000] {dag.py:3820} INFO - Setting next_dagrun for example_setup_teardown to 2024-01-05T00:00:00+00:00, run_after=2024-01-06T00:00:00+00:00
[2024-01-06T02:45:17.012+0000] {processor.py:183} INFO - Processing /home/airflow/.local/lib/python3.8/site-packages/airflow/example_dags/example_setup_teardown.py took 0.050 seconds
[2024-01-06T02:45:47.331+0000] {processor.py:161} INFO - Started process (PID=42911) to work on /home/airflow/.local/lib/python3.8/site-packages/airflow/example_dags/example_setup_teardown.py
[2024-01-06T02:45:47.332+0000] {processor.py:830} INFO - Processing file /home/airflow/.local/lib/python3.8/site-packages/airflow/example_dags/example_setup_teardown.py for tasks to queue
[2024-01-06T02:45:47.335+0000] {logging_mixin.py:188} INFO - [2024-01-06T02:45:47.334+0000] {dagbag.py:538} INFO - Filling up the DagBag from /home/airflow/.local/lib/python3.8/site-packages/airflow/example_dags/example_setup_teardown.py
[2024-01-06T02:45:47.342+0000] {processor.py:840} INFO - DAG(s) 'example_setup_teardown' retrieved from /home/airflow/.local/lib/python3.8/site-packages/airflow/example_dags/example_setup_teardown.py
[2024-01-06T02:45:47.358+0000] {logging_mixin.py:188} INFO - [2024-01-06T02:45:47.358+0000] {dag.py:3033} INFO - Sync 1 DAGs
[2024-01-06T02:45:47.374+0000] {logging_mixin.py:188} INFO - [2024-01-06T02:45:47.374+0000] {dag.py:3820} INFO - Setting next_dagrun for example_setup_teardown to 2024-01-05T00:00:00+00:00, run_after=2024-01-06T00:00:00+00:00
[2024-01-06T02:45:47.386+0000] {processor.py:183} INFO - Processing /home/airflow/.local/lib/python3.8/site-packages/airflow/example_dags/example_setup_teardown.py took 0.058 seconds
[2024-01-06T02:46:18.398+0000] {processor.py:161} INFO - Started process (PID=42969) to work on /home/airflow/.local/lib/python3.8/site-packages/airflow/example_dags/example_setup_teardown.py
[2024-01-06T02:46:18.399+0000] {processor.py:830} INFO - Processing file /home/airflow/.local/lib/python3.8/site-packages/airflow/example_dags/example_setup_teardown.py for tasks to queue
[2024-01-06T02:46:18.401+0000] {logging_mixin.py:188} INFO - [2024-01-06T02:46:18.401+0000] {dagbag.py:538} INFO - Filling up the DagBag from /home/airflow/.local/lib/python3.8/site-packages/airflow/example_dags/example_setup_teardown.py
[2024-01-06T02:46:18.406+0000] {processor.py:840} INFO - DAG(s) 'example_setup_teardown' retrieved from /home/airflow/.local/lib/python3.8/site-packages/airflow/example_dags/example_setup_teardown.py
[2024-01-06T02:46:18.422+0000] {logging_mixin.py:188} INFO - [2024-01-06T02:46:18.422+0000] {dag.py:3033} INFO - Sync 1 DAGs
[2024-01-06T02:46:18.435+0000] {logging_mixin.py:188} INFO - [2024-01-06T02:46:18.434+0000] {dag.py:3820} INFO - Setting next_dagrun for example_setup_teardown to 2024-01-05T00:00:00+00:00, run_after=2024-01-06T00:00:00+00:00
[2024-01-06T02:46:18.446+0000] {processor.py:183} INFO - Processing /home/airflow/.local/lib/python3.8/site-packages/airflow/example_dags/example_setup_teardown.py took 0.050 seconds
[2024-01-06T02:46:48.906+0000] {processor.py:161} INFO - Started process (PID=43027) to work on /home/airflow/.local/lib/python3.8/site-packages/airflow/example_dags/example_setup_teardown.py
[2024-01-06T02:46:48.907+0000] {processor.py:830} INFO - Processing file /home/airflow/.local/lib/python3.8/site-packages/airflow/example_dags/example_setup_teardown.py for tasks to queue
[2024-01-06T02:46:48.909+0000] {logging_mixin.py:188} INFO - [2024-01-06T02:46:48.909+0000] {dagbag.py:538} INFO - Filling up the DagBag from /home/airflow/.local/lib/python3.8/site-packages/airflow/example_dags/example_setup_teardown.py
[2024-01-06T02:46:48.914+0000] {processor.py:840} INFO - DAG(s) 'example_setup_teardown' retrieved from /home/airflow/.local/lib/python3.8/site-packages/airflow/example_dags/example_setup_teardown.py
[2024-01-06T02:46:48.929+0000] {logging_mixin.py:188} INFO - [2024-01-06T02:46:48.929+0000] {dag.py:3033} INFO - Sync 1 DAGs
[2024-01-06T02:46:48.941+0000] {logging_mixin.py:188} INFO - [2024-01-06T02:46:48.941+0000] {dag.py:3820} INFO - Setting next_dagrun for example_setup_teardown to 2024-01-05T00:00:00+00:00, run_after=2024-01-06T00:00:00+00:00
[2024-01-06T02:46:48.953+0000] {processor.py:183} INFO - Processing /home/airflow/.local/lib/python3.8/site-packages/airflow/example_dags/example_setup_teardown.py took 0.049 seconds
[2024-01-06T02:47:19.261+0000] {processor.py:161} INFO - Started process (PID=43085) to work on /home/airflow/.local/lib/python3.8/site-packages/airflow/example_dags/example_setup_teardown.py
[2024-01-06T02:47:19.263+0000] {processor.py:830} INFO - Processing file /home/airflow/.local/lib/python3.8/site-packages/airflow/example_dags/example_setup_teardown.py for tasks to queue
[2024-01-06T02:47:19.265+0000] {logging_mixin.py:188} INFO - [2024-01-06T02:47:19.265+0000] {dagbag.py:538} INFO - Filling up the DagBag from /home/airflow/.local/lib/python3.8/site-packages/airflow/example_dags/example_setup_teardown.py
[2024-01-06T02:47:19.270+0000] {processor.py:840} INFO - DAG(s) 'example_setup_teardown' retrieved from /home/airflow/.local/lib/python3.8/site-packages/airflow/example_dags/example_setup_teardown.py
[2024-01-06T02:47:19.286+0000] {logging_mixin.py:188} INFO - [2024-01-06T02:47:19.286+0000] {dag.py:3033} INFO - Sync 1 DAGs
[2024-01-06T02:47:19.299+0000] {logging_mixin.py:188} INFO - [2024-01-06T02:47:19.299+0000] {dag.py:3820} INFO - Setting next_dagrun for example_setup_teardown to 2024-01-05T00:00:00+00:00, run_after=2024-01-06T00:00:00+00:00
[2024-01-06T02:47:19.311+0000] {processor.py:183} INFO - Processing /home/airflow/.local/lib/python3.8/site-packages/airflow/example_dags/example_setup_teardown.py took 0.053 seconds
[2024-01-06T02:47:49.795+0000] {processor.py:161} INFO - Started process (PID=43143) to work on /home/airflow/.local/lib/python3.8/site-packages/airflow/example_dags/example_setup_teardown.py
[2024-01-06T02:47:49.797+0000] {processor.py:830} INFO - Processing file /home/airflow/.local/lib/python3.8/site-packages/airflow/example_dags/example_setup_teardown.py for tasks to queue
[2024-01-06T02:47:49.799+0000] {logging_mixin.py:188} INFO - [2024-01-06T02:47:49.799+0000] {dagbag.py:538} INFO - Filling up the DagBag from /home/airflow/.local/lib/python3.8/site-packages/airflow/example_dags/example_setup_teardown.py
[2024-01-06T02:47:49.804+0000] {processor.py:840} INFO - DAG(s) 'example_setup_teardown' retrieved from /home/airflow/.local/lib/python3.8/site-packages/airflow/example_dags/example_setup_teardown.py
[2024-01-06T02:47:49.819+0000] {logging_mixin.py:188} INFO - [2024-01-06T02:47:49.819+0000] {dag.py:3033} INFO - Sync 1 DAGs
[2024-01-06T02:47:49.832+0000] {logging_mixin.py:188} INFO - [2024-01-06T02:47:49.832+0000] {dag.py:3820} INFO - Setting next_dagrun for example_setup_teardown to 2024-01-05T00:00:00+00:00, run_after=2024-01-06T00:00:00+00:00
[2024-01-06T02:47:49.848+0000] {processor.py:183} INFO - Processing /home/airflow/.local/lib/python3.8/site-packages/airflow/example_dags/example_setup_teardown.py took 0.054 seconds
[2024-01-06T02:48:20.562+0000] {processor.py:161} INFO - Started process (PID=43201) to work on /home/airflow/.local/lib/python3.8/site-packages/airflow/example_dags/example_setup_teardown.py
[2024-01-06T02:48:20.565+0000] {processor.py:830} INFO - Processing file /home/airflow/.local/lib/python3.8/site-packages/airflow/example_dags/example_setup_teardown.py for tasks to queue
[2024-01-06T02:48:20.570+0000] {logging_mixin.py:188} INFO - [2024-01-06T02:48:20.569+0000] {dagbag.py:538} INFO - Filling up the DagBag from /home/airflow/.local/lib/python3.8/site-packages/airflow/example_dags/example_setup_teardown.py
[2024-01-06T02:48:20.578+0000] {processor.py:840} INFO - DAG(s) 'example_setup_teardown' retrieved from /home/airflow/.local/lib/python3.8/site-packages/airflow/example_dags/example_setup_teardown.py
[2024-01-06T02:48:20.601+0000] {logging_mixin.py:188} INFO - [2024-01-06T02:48:20.601+0000] {dag.py:3033} INFO - Sync 1 DAGs
[2024-01-06T02:48:20.625+0000] {logging_mixin.py:188} INFO - [2024-01-06T02:48:20.625+0000] {dag.py:3820} INFO - Setting next_dagrun for example_setup_teardown to 2024-01-05T00:00:00+00:00, run_after=2024-01-06T00:00:00+00:00
[2024-01-06T02:48:20.643+0000] {processor.py:183} INFO - Processing /home/airflow/.local/lib/python3.8/site-packages/airflow/example_dags/example_setup_teardown.py took 0.085 seconds
[2024-01-06T02:48:53.325+0000] {processor.py:161} INFO - Started process (PID=43259) to work on /home/airflow/.local/lib/python3.8/site-packages/airflow/example_dags/example_setup_teardown.py
[2024-01-06T02:48:53.337+0000] {processor.py:830} INFO - Processing file /home/airflow/.local/lib/python3.8/site-packages/airflow/example_dags/example_setup_teardown.py for tasks to queue
[2024-01-06T02:48:53.370+0000] {logging_mixin.py:188} INFO - [2024-01-06T02:48:53.369+0000] {dagbag.py:538} INFO - Filling up the DagBag from /home/airflow/.local/lib/python3.8/site-packages/airflow/example_dags/example_setup_teardown.py
[2024-01-06T02:48:53.462+0000] {processor.py:840} INFO - DAG(s) 'example_setup_teardown' retrieved from /home/airflow/.local/lib/python3.8/site-packages/airflow/example_dags/example_setup_teardown.py
[2024-01-06T02:48:53.612+0000] {logging_mixin.py:188} INFO - [2024-01-06T02:48:53.612+0000] {dag.py:3033} INFO - Sync 1 DAGs
[2024-01-06T02:48:53.718+0000] {logging_mixin.py:188} INFO - [2024-01-06T02:48:53.717+0000] {dag.py:3820} INFO - Setting next_dagrun for example_setup_teardown to 2024-01-05T00:00:00+00:00, run_after=2024-01-06T00:00:00+00:00
[2024-01-06T02:48:53.865+0000] {processor.py:183} INFO - Processing /home/airflow/.local/lib/python3.8/site-packages/airflow/example_dags/example_setup_teardown.py took 0.573 seconds
[2024-01-06T02:49:25.983+0000] {processor.py:161} INFO - Started process (PID=43316) to work on /home/airflow/.local/lib/python3.8/site-packages/airflow/example_dags/example_setup_teardown.py
[2024-01-06T02:49:25.985+0000] {processor.py:830} INFO - Processing file /home/airflow/.local/lib/python3.8/site-packages/airflow/example_dags/example_setup_teardown.py for tasks to queue
[2024-01-06T02:49:25.989+0000] {logging_mixin.py:188} INFO - [2024-01-06T02:49:25.988+0000] {dagbag.py:538} INFO - Filling up the DagBag from /home/airflow/.local/lib/python3.8/site-packages/airflow/example_dags/example_setup_teardown.py
[2024-01-06T02:49:25.995+0000] {processor.py:840} INFO - DAG(s) 'example_setup_teardown' retrieved from /home/airflow/.local/lib/python3.8/site-packages/airflow/example_dags/example_setup_teardown.py
[2024-01-06T02:49:26.020+0000] {logging_mixin.py:188} INFO - [2024-01-06T02:49:26.020+0000] {dag.py:3033} INFO - Sync 1 DAGs
[2024-01-06T02:49:26.042+0000] {logging_mixin.py:188} INFO - [2024-01-06T02:49:26.042+0000] {dag.py:3820} INFO - Setting next_dagrun for example_setup_teardown to 2024-01-05T00:00:00+00:00, run_after=2024-01-06T00:00:00+00:00
[2024-01-06T02:49:26.062+0000] {processor.py:183} INFO - Processing /home/airflow/.local/lib/python3.8/site-packages/airflow/example_dags/example_setup_teardown.py took 0.083 seconds
[2024-01-06T02:49:57.257+0000] {processor.py:161} INFO - Started process (PID=43379) to work on /home/airflow/.local/lib/python3.8/site-packages/airflow/example_dags/example_setup_teardown.py
[2024-01-06T02:49:57.260+0000] {processor.py:830} INFO - Processing file /home/airflow/.local/lib/python3.8/site-packages/airflow/example_dags/example_setup_teardown.py for tasks to queue
[2024-01-06T02:49:57.262+0000] {logging_mixin.py:188} INFO - [2024-01-06T02:49:57.261+0000] {dagbag.py:538} INFO - Filling up the DagBag from /home/airflow/.local/lib/python3.8/site-packages/airflow/example_dags/example_setup_teardown.py
[2024-01-06T02:49:57.268+0000] {processor.py:840} INFO - DAG(s) 'example_setup_teardown' retrieved from /home/airflow/.local/lib/python3.8/site-packages/airflow/example_dags/example_setup_teardown.py
[2024-01-06T02:49:57.287+0000] {logging_mixin.py:188} INFO - [2024-01-06T02:49:57.287+0000] {dag.py:3033} INFO - Sync 1 DAGs
[2024-01-06T02:49:57.302+0000] {logging_mixin.py:188} INFO - [2024-01-06T02:49:57.301+0000] {dag.py:3820} INFO - Setting next_dagrun for example_setup_teardown to 2024-01-05T00:00:00+00:00, run_after=2024-01-06T00:00:00+00:00
[2024-01-06T02:49:57.314+0000] {processor.py:183} INFO - Processing /home/airflow/.local/lib/python3.8/site-packages/airflow/example_dags/example_setup_teardown.py took 0.068 seconds
[2024-01-06T02:50:28.371+0000] {processor.py:161} INFO - Started process (PID=43437) to work on /home/airflow/.local/lib/python3.8/site-packages/airflow/example_dags/example_setup_teardown.py
[2024-01-06T02:50:28.373+0000] {processor.py:830} INFO - Processing file /home/airflow/.local/lib/python3.8/site-packages/airflow/example_dags/example_setup_teardown.py for tasks to queue
[2024-01-06T02:50:28.376+0000] {logging_mixin.py:188} INFO - [2024-01-06T02:50:28.376+0000] {dagbag.py:538} INFO - Filling up the DagBag from /home/airflow/.local/lib/python3.8/site-packages/airflow/example_dags/example_setup_teardown.py
[2024-01-06T02:50:28.382+0000] {processor.py:840} INFO - DAG(s) 'example_setup_teardown' retrieved from /home/airflow/.local/lib/python3.8/site-packages/airflow/example_dags/example_setup_teardown.py
[2024-01-06T02:50:28.398+0000] {logging_mixin.py:188} INFO - [2024-01-06T02:50:28.398+0000] {dag.py:3033} INFO - Sync 1 DAGs
[2024-01-06T02:50:28.414+0000] {logging_mixin.py:188} INFO - [2024-01-06T02:50:28.414+0000] {dag.py:3820} INFO - Setting next_dagrun for example_setup_teardown to 2024-01-05T00:00:00+00:00, run_after=2024-01-06T00:00:00+00:00
[2024-01-06T02:50:28.428+0000] {processor.py:183} INFO - Processing /home/airflow/.local/lib/python3.8/site-packages/airflow/example_dags/example_setup_teardown.py took 0.060 seconds
[2024-01-06T02:50:58.602+0000] {processor.py:161} INFO - Started process (PID=43495) to work on /home/airflow/.local/lib/python3.8/site-packages/airflow/example_dags/example_setup_teardown.py
[2024-01-06T02:50:58.603+0000] {processor.py:830} INFO - Processing file /home/airflow/.local/lib/python3.8/site-packages/airflow/example_dags/example_setup_teardown.py for tasks to queue
[2024-01-06T02:50:58.605+0000] {logging_mixin.py:188} INFO - [2024-01-06T02:50:58.605+0000] {dagbag.py:538} INFO - Filling up the DagBag from /home/airflow/.local/lib/python3.8/site-packages/airflow/example_dags/example_setup_teardown.py
[2024-01-06T02:50:58.609+0000] {processor.py:840} INFO - DAG(s) 'example_setup_teardown' retrieved from /home/airflow/.local/lib/python3.8/site-packages/airflow/example_dags/example_setup_teardown.py
[2024-01-06T02:50:58.623+0000] {logging_mixin.py:188} INFO - [2024-01-06T02:50:58.623+0000] {dag.py:3033} INFO - Sync 1 DAGs
[2024-01-06T02:50:58.636+0000] {logging_mixin.py:188} INFO - [2024-01-06T02:50:58.636+0000] {dag.py:3820} INFO - Setting next_dagrun for example_setup_teardown to 2024-01-05T00:00:00+00:00, run_after=2024-01-06T00:00:00+00:00
[2024-01-06T02:50:58.647+0000] {processor.py:183} INFO - Processing /home/airflow/.local/lib/python3.8/site-packages/airflow/example_dags/example_setup_teardown.py took 0.048 seconds
