[2024-01-06T01:20:16.445+0000] {processor.py:161} INFO - Started process (PID=39379) to work on /home/airflow/.local/lib/python3.8/site-packages/airflow/example_dags/example_xcom.py
[2024-01-06T01:20:16.446+0000] {processor.py:830} INFO - Processing file /home/airflow/.local/lib/python3.8/site-packages/airflow/example_dags/example_xcom.py for tasks to queue
[2024-01-06T01:20:16.448+0000] {logging_mixin.py:188} INFO - [2024-01-06T01:20:16.448+0000] {dagbag.py:538} INFO - Filling up the DagBag from /home/airflow/.local/lib/python3.8/site-packages/airflow/example_dags/example_xcom.py
[2024-01-06T01:20:16.454+0000] {processor.py:840} INFO - DAG(s) 'example_xcom' retrieved from /home/airflow/.local/lib/python3.8/site-packages/airflow/example_dags/example_xcom.py
[2024-01-06T01:20:16.468+0000] {logging_mixin.py:188} INFO - [2024-01-06T01:20:16.468+0000] {dag.py:3033} INFO - Sync 1 DAGs
[2024-01-06T01:20:16.481+0000] {logging_mixin.py:188} INFO - [2024-01-06T01:20:16.481+0000] {dag.py:3820} INFO - Setting next_dagrun for example_xcom to 2021-01-01T00:00:00+00:00, run_after=2021-01-01T00:00:00+00:00
[2024-01-06T01:20:16.493+0000] {processor.py:183} INFO - Processing /home/airflow/.local/lib/python3.8/site-packages/airflow/example_dags/example_xcom.py took 0.050 seconds
[2024-01-06T01:47:35.573+0000] {processor.py:161} INFO - Started process (PID=39437) to work on /home/airflow/.local/lib/python3.8/site-packages/airflow/example_dags/example_xcom.py
[2024-01-06T01:47:35.574+0000] {processor.py:830} INFO - Processing file /home/airflow/.local/lib/python3.8/site-packages/airflow/example_dags/example_xcom.py for tasks to queue
[2024-01-06T01:47:35.576+0000] {logging_mixin.py:188} INFO - [2024-01-06T01:47:35.576+0000] {dagbag.py:538} INFO - Filling up the DagBag from /home/airflow/.local/lib/python3.8/site-packages/airflow/example_dags/example_xcom.py
[2024-01-06T01:47:35.582+0000] {processor.py:840} INFO - DAG(s) 'example_xcom' retrieved from /home/airflow/.local/lib/python3.8/site-packages/airflow/example_dags/example_xcom.py
[2024-01-06T01:47:35.601+0000] {logging_mixin.py:188} INFO - [2024-01-06T01:47:35.601+0000] {dag.py:3033} INFO - Sync 1 DAGs
[2024-01-06T01:47:35.616+0000] {logging_mixin.py:188} INFO - [2024-01-06T01:47:35.616+0000] {dag.py:3820} INFO - Setting next_dagrun for example_xcom to 2021-01-01T00:00:00+00:00, run_after=2021-01-01T00:00:00+00:00
[2024-01-06T01:47:35.630+0000] {processor.py:183} INFO - Processing /home/airflow/.local/lib/python3.8/site-packages/airflow/example_dags/example_xcom.py took 0.060 seconds
[2024-01-06T01:48:06.247+0000] {processor.py:161} INFO - Started process (PID=39495) to work on /home/airflow/.local/lib/python3.8/site-packages/airflow/example_dags/example_xcom.py
[2024-01-06T01:48:06.249+0000] {processor.py:830} INFO - Processing file /home/airflow/.local/lib/python3.8/site-packages/airflow/example_dags/example_xcom.py for tasks to queue
[2024-01-06T01:48:06.251+0000] {logging_mixin.py:188} INFO - [2024-01-06T01:48:06.251+0000] {dagbag.py:538} INFO - Filling up the DagBag from /home/airflow/.local/lib/python3.8/site-packages/airflow/example_dags/example_xcom.py
[2024-01-06T01:48:06.257+0000] {processor.py:840} INFO - DAG(s) 'example_xcom' retrieved from /home/airflow/.local/lib/python3.8/site-packages/airflow/example_dags/example_xcom.py
[2024-01-06T01:48:06.270+0000] {logging_mixin.py:188} INFO - [2024-01-06T01:48:06.270+0000] {dag.py:3033} INFO - Sync 1 DAGs
[2024-01-06T01:48:06.282+0000] {logging_mixin.py:188} INFO - [2024-01-06T01:48:06.281+0000] {dag.py:3820} INFO - Setting next_dagrun for example_xcom to 2021-01-01T00:00:00+00:00, run_after=2021-01-01T00:00:00+00:00
[2024-01-06T01:48:06.292+0000] {processor.py:183} INFO - Processing /home/airflow/.local/lib/python3.8/site-packages/airflow/example_dags/example_xcom.py took 0.047 seconds
[2024-01-06T02:05:27.563+0000] {processor.py:161} INFO - Started process (PID=39553) to work on /home/airflow/.local/lib/python3.8/site-packages/airflow/example_dags/example_xcom.py
[2024-01-06T02:05:27.565+0000] {processor.py:830} INFO - Processing file /home/airflow/.local/lib/python3.8/site-packages/airflow/example_dags/example_xcom.py for tasks to queue
[2024-01-06T02:05:27.568+0000] {logging_mixin.py:188} INFO - [2024-01-06T02:05:27.568+0000] {dagbag.py:538} INFO - Filling up the DagBag from /home/airflow/.local/lib/python3.8/site-packages/airflow/example_dags/example_xcom.py
[2024-01-06T02:05:27.574+0000] {processor.py:840} INFO - DAG(s) 'example_xcom' retrieved from /home/airflow/.local/lib/python3.8/site-packages/airflow/example_dags/example_xcom.py
[2024-01-06T02:05:27.590+0000] {logging_mixin.py:188} INFO - [2024-01-06T02:05:27.590+0000] {dag.py:3033} INFO - Sync 1 DAGs
[2024-01-06T02:05:27.608+0000] {logging_mixin.py:188} INFO - [2024-01-06T02:05:27.608+0000] {dag.py:3820} INFO - Setting next_dagrun for example_xcom to 2021-01-01T00:00:00+00:00, run_after=2021-01-01T00:00:00+00:00
[2024-01-06T02:05:27.621+0000] {processor.py:183} INFO - Processing /home/airflow/.local/lib/python3.8/site-packages/airflow/example_dags/example_xcom.py took 0.060 seconds
[2024-01-06T02:16:27.259+0000] {processor.py:161} INFO - Started process (PID=39611) to work on /home/airflow/.local/lib/python3.8/site-packages/airflow/example_dags/example_xcom.py
[2024-01-06T02:16:27.261+0000] {processor.py:830} INFO - Processing file /home/airflow/.local/lib/python3.8/site-packages/airflow/example_dags/example_xcom.py for tasks to queue
[2024-01-06T02:16:27.263+0000] {logging_mixin.py:188} INFO - [2024-01-06T02:16:27.263+0000] {dagbag.py:538} INFO - Filling up the DagBag from /home/airflow/.local/lib/python3.8/site-packages/airflow/example_dags/example_xcom.py
[2024-01-06T02:16:27.268+0000] {processor.py:840} INFO - DAG(s) 'example_xcom' retrieved from /home/airflow/.local/lib/python3.8/site-packages/airflow/example_dags/example_xcom.py
[2024-01-06T02:16:27.283+0000] {logging_mixin.py:188} INFO - [2024-01-06T02:16:27.283+0000] {dag.py:3033} INFO - Sync 1 DAGs
[2024-01-06T02:16:27.295+0000] {logging_mixin.py:188} INFO - [2024-01-06T02:16:27.295+0000] {dag.py:3820} INFO - Setting next_dagrun for example_xcom to 2021-01-01T00:00:00+00:00, run_after=2021-01-01T00:00:00+00:00
[2024-01-06T02:16:27.308+0000] {processor.py:183} INFO - Processing /home/airflow/.local/lib/python3.8/site-packages/airflow/example_dags/example_xcom.py took 0.051 seconds
[2024-01-06T02:17:09.568+0000] {processor.py:161} INFO - Started process (PID=39669) to work on /home/airflow/.local/lib/python3.8/site-packages/airflow/example_dags/example_xcom.py
[2024-01-06T02:17:09.578+0000] {processor.py:830} INFO - Processing file /home/airflow/.local/lib/python3.8/site-packages/airflow/example_dags/example_xcom.py for tasks to queue
[2024-01-06T02:17:09.609+0000] {logging_mixin.py:188} INFO - [2024-01-06T02:17:09.608+0000] {dagbag.py:538} INFO - Filling up the DagBag from /home/airflow/.local/lib/python3.8/site-packages/airflow/example_dags/example_xcom.py
[2024-01-06T02:17:09.646+0000] {processor.py:840} INFO - DAG(s) 'example_xcom' retrieved from /home/airflow/.local/lib/python3.8/site-packages/airflow/example_dags/example_xcom.py
[2024-01-06T02:17:09.734+0000] {logging_mixin.py:188} INFO - [2024-01-06T02:17:09.733+0000] {dag.py:3033} INFO - Sync 1 DAGs
[2024-01-06T02:17:09.805+0000] {logging_mixin.py:188} INFO - [2024-01-06T02:17:09.800+0000] {dag.py:3820} INFO - Setting next_dagrun for example_xcom to 2021-01-01T00:00:00+00:00, run_after=2021-01-01T00:00:00+00:00
[2024-01-06T02:17:09.972+0000] {processor.py:183} INFO - Processing /home/airflow/.local/lib/python3.8/site-packages/airflow/example_dags/example_xcom.py took 0.418 seconds
[2024-01-06T02:17:40.965+0000] {processor.py:161} INFO - Started process (PID=39727) to work on /home/airflow/.local/lib/python3.8/site-packages/airflow/example_dags/example_xcom.py
[2024-01-06T02:17:40.968+0000] {processor.py:830} INFO - Processing file /home/airflow/.local/lib/python3.8/site-packages/airflow/example_dags/example_xcom.py for tasks to queue
[2024-01-06T02:17:40.970+0000] {logging_mixin.py:188} INFO - [2024-01-06T02:17:40.970+0000] {dagbag.py:538} INFO - Filling up the DagBag from /home/airflow/.local/lib/python3.8/site-packages/airflow/example_dags/example_xcom.py
[2024-01-06T02:17:40.977+0000] {processor.py:840} INFO - DAG(s) 'example_xcom' retrieved from /home/airflow/.local/lib/python3.8/site-packages/airflow/example_dags/example_xcom.py
[2024-01-06T02:17:40.996+0000] {logging_mixin.py:188} INFO - [2024-01-06T02:17:40.996+0000] {dag.py:3033} INFO - Sync 1 DAGs
[2024-01-06T02:17:41.011+0000] {logging_mixin.py:188} INFO - [2024-01-06T02:17:41.011+0000] {dag.py:3820} INFO - Setting next_dagrun for example_xcom to 2021-01-01T00:00:00+00:00, run_after=2021-01-01T00:00:00+00:00
[2024-01-06T02:17:41.023+0000] {processor.py:183} INFO - Processing /home/airflow/.local/lib/python3.8/site-packages/airflow/example_dags/example_xcom.py took 0.061 seconds
[2024-01-06T02:18:11.320+0000] {processor.py:161} INFO - Started process (PID=39785) to work on /home/airflow/.local/lib/python3.8/site-packages/airflow/example_dags/example_xcom.py
[2024-01-06T02:18:11.324+0000] {processor.py:830} INFO - Processing file /home/airflow/.local/lib/python3.8/site-packages/airflow/example_dags/example_xcom.py for tasks to queue
[2024-01-06T02:18:11.327+0000] {logging_mixin.py:188} INFO - [2024-01-06T02:18:11.327+0000] {dagbag.py:538} INFO - Filling up the DagBag from /home/airflow/.local/lib/python3.8/site-packages/airflow/example_dags/example_xcom.py
[2024-01-06T02:18:11.336+0000] {processor.py:840} INFO - DAG(s) 'example_xcom' retrieved from /home/airflow/.local/lib/python3.8/site-packages/airflow/example_dags/example_xcom.py
[2024-01-06T02:18:11.355+0000] {logging_mixin.py:188} INFO - [2024-01-06T02:18:11.355+0000] {dag.py:3033} INFO - Sync 1 DAGs
[2024-01-06T02:18:11.369+0000] {logging_mixin.py:188} INFO - [2024-01-06T02:18:11.369+0000] {dag.py:3820} INFO - Setting next_dagrun for example_xcom to 2021-01-01T00:00:00+00:00, run_after=2021-01-01T00:00:00+00:00
[2024-01-06T02:18:11.381+0000] {processor.py:183} INFO - Processing /home/airflow/.local/lib/python3.8/site-packages/airflow/example_dags/example_xcom.py took 0.066 seconds
[2024-01-06T02:18:41.850+0000] {processor.py:161} INFO - Started process (PID=39843) to work on /home/airflow/.local/lib/python3.8/site-packages/airflow/example_dags/example_xcom.py
[2024-01-06T02:18:41.855+0000] {processor.py:830} INFO - Processing file /home/airflow/.local/lib/python3.8/site-packages/airflow/example_dags/example_xcom.py for tasks to queue
[2024-01-06T02:18:41.859+0000] {logging_mixin.py:188} INFO - [2024-01-06T02:18:41.859+0000] {dagbag.py:538} INFO - Filling up the DagBag from /home/airflow/.local/lib/python3.8/site-packages/airflow/example_dags/example_xcom.py
[2024-01-06T02:18:41.867+0000] {processor.py:840} INFO - DAG(s) 'example_xcom' retrieved from /home/airflow/.local/lib/python3.8/site-packages/airflow/example_dags/example_xcom.py
[2024-01-06T02:18:41.891+0000] {logging_mixin.py:188} INFO - [2024-01-06T02:18:41.891+0000] {dag.py:3033} INFO - Sync 1 DAGs
[2024-01-06T02:18:41.908+0000] {logging_mixin.py:188} INFO - [2024-01-06T02:18:41.908+0000] {dag.py:3820} INFO - Setting next_dagrun for example_xcom to 2021-01-01T00:00:00+00:00, run_after=2021-01-01T00:00:00+00:00
[2024-01-06T02:18:41.921+0000] {processor.py:183} INFO - Processing /home/airflow/.local/lib/python3.8/site-packages/airflow/example_dags/example_xcom.py took 0.082 seconds
[2024-01-06T02:19:12.495+0000] {processor.py:161} INFO - Started process (PID=39902) to work on /home/airflow/.local/lib/python3.8/site-packages/airflow/example_dags/example_xcom.py
[2024-01-06T02:19:12.498+0000] {processor.py:830} INFO - Processing file /home/airflow/.local/lib/python3.8/site-packages/airflow/example_dags/example_xcom.py for tasks to queue
[2024-01-06T02:19:12.503+0000] {logging_mixin.py:188} INFO - [2024-01-06T02:19:12.503+0000] {dagbag.py:538} INFO - Filling up the DagBag from /home/airflow/.local/lib/python3.8/site-packages/airflow/example_dags/example_xcom.py
[2024-01-06T02:19:12.512+0000] {processor.py:840} INFO - DAG(s) 'example_xcom' retrieved from /home/airflow/.local/lib/python3.8/site-packages/airflow/example_dags/example_xcom.py
[2024-01-06T02:19:12.533+0000] {logging_mixin.py:188} INFO - [2024-01-06T02:19:12.533+0000] {dag.py:3033} INFO - Sync 1 DAGs
[2024-01-06T02:19:12.546+0000] {logging_mixin.py:188} INFO - [2024-01-06T02:19:12.546+0000] {dag.py:3820} INFO - Setting next_dagrun for example_xcom to 2021-01-01T00:00:00+00:00, run_after=2021-01-01T00:00:00+00:00
[2024-01-06T02:19:12.558+0000] {processor.py:183} INFO - Processing /home/airflow/.local/lib/python3.8/site-packages/airflow/example_dags/example_xcom.py took 0.068 seconds
[2024-01-06T02:19:43.049+0000] {processor.py:161} INFO - Started process (PID=39960) to work on /home/airflow/.local/lib/python3.8/site-packages/airflow/example_dags/example_xcom.py
[2024-01-06T02:19:43.051+0000] {processor.py:830} INFO - Processing file /home/airflow/.local/lib/python3.8/site-packages/airflow/example_dags/example_xcom.py for tasks to queue
[2024-01-06T02:19:43.055+0000] {logging_mixin.py:188} INFO - [2024-01-06T02:19:43.054+0000] {dagbag.py:538} INFO - Filling up the DagBag from /home/airflow/.local/lib/python3.8/site-packages/airflow/example_dags/example_xcom.py
[2024-01-06T02:19:43.061+0000] {processor.py:840} INFO - DAG(s) 'example_xcom' retrieved from /home/airflow/.local/lib/python3.8/site-packages/airflow/example_dags/example_xcom.py
[2024-01-06T02:19:43.083+0000] {logging_mixin.py:188} INFO - [2024-01-06T02:19:43.083+0000] {dag.py:3033} INFO - Sync 1 DAGs
[2024-01-06T02:19:43.096+0000] {logging_mixin.py:188} INFO - [2024-01-06T02:19:43.096+0000] {dag.py:3820} INFO - Setting next_dagrun for example_xcom to 2021-01-01T00:00:00+00:00, run_after=2021-01-01T00:00:00+00:00
[2024-01-06T02:19:43.107+0000] {processor.py:183} INFO - Processing /home/airflow/.local/lib/python3.8/site-packages/airflow/example_dags/example_xcom.py took 0.062 seconds
[2024-01-06T02:20:13.319+0000] {processor.py:161} INFO - Started process (PID=40018) to work on /home/airflow/.local/lib/python3.8/site-packages/airflow/example_dags/example_xcom.py
[2024-01-06T02:20:13.327+0000] {processor.py:830} INFO - Processing file /home/airflow/.local/lib/python3.8/site-packages/airflow/example_dags/example_xcom.py for tasks to queue
[2024-01-06T02:20:13.336+0000] {logging_mixin.py:188} INFO - [2024-01-06T02:20:13.335+0000] {dagbag.py:538} INFO - Filling up the DagBag from /home/airflow/.local/lib/python3.8/site-packages/airflow/example_dags/example_xcom.py
[2024-01-06T02:20:13.422+0000] {processor.py:840} INFO - DAG(s) 'example_xcom' retrieved from /home/airflow/.local/lib/python3.8/site-packages/airflow/example_dags/example_xcom.py
[2024-01-06T02:20:13.490+0000] {logging_mixin.py:188} INFO - [2024-01-06T02:20:13.489+0000] {dag.py:3033} INFO - Sync 1 DAGs
[2024-01-06T02:20:13.523+0000] {logging_mixin.py:188} INFO - [2024-01-06T02:20:13.523+0000] {dag.py:3820} INFO - Setting next_dagrun for example_xcom to 2021-01-01T00:00:00+00:00, run_after=2021-01-01T00:00:00+00:00
[2024-01-06T02:20:13.553+0000] {processor.py:183} INFO - Processing /home/airflow/.local/lib/python3.8/site-packages/airflow/example_dags/example_xcom.py took 0.267 seconds
[2024-01-06T02:20:44.263+0000] {processor.py:161} INFO - Started process (PID=40076) to work on /home/airflow/.local/lib/python3.8/site-packages/airflow/example_dags/example_xcom.py
[2024-01-06T02:20:44.265+0000] {processor.py:830} INFO - Processing file /home/airflow/.local/lib/python3.8/site-packages/airflow/example_dags/example_xcom.py for tasks to queue
[2024-01-06T02:20:44.269+0000] {logging_mixin.py:188} INFO - [2024-01-06T02:20:44.268+0000] {dagbag.py:538} INFO - Filling up the DagBag from /home/airflow/.local/lib/python3.8/site-packages/airflow/example_dags/example_xcom.py
[2024-01-06T02:20:44.276+0000] {processor.py:840} INFO - DAG(s) 'example_xcom' retrieved from /home/airflow/.local/lib/python3.8/site-packages/airflow/example_dags/example_xcom.py
[2024-01-06T02:20:44.293+0000] {logging_mixin.py:188} INFO - [2024-01-06T02:20:44.293+0000] {dag.py:3033} INFO - Sync 1 DAGs
[2024-01-06T02:20:44.306+0000] {logging_mixin.py:188} INFO - [2024-01-06T02:20:44.306+0000] {dag.py:3820} INFO - Setting next_dagrun for example_xcom to 2021-01-01T00:00:00+00:00, run_after=2021-01-01T00:00:00+00:00
[2024-01-06T02:20:44.321+0000] {processor.py:183} INFO - Processing /home/airflow/.local/lib/python3.8/site-packages/airflow/example_dags/example_xcom.py took 0.062 seconds
[2024-01-06T02:21:15.050+0000] {processor.py:161} INFO - Started process (PID=40134) to work on /home/airflow/.local/lib/python3.8/site-packages/airflow/example_dags/example_xcom.py
[2024-01-06T02:21:15.052+0000] {processor.py:830} INFO - Processing file /home/airflow/.local/lib/python3.8/site-packages/airflow/example_dags/example_xcom.py for tasks to queue
[2024-01-06T02:21:15.062+0000] {logging_mixin.py:188} INFO - [2024-01-06T02:21:15.061+0000] {dagbag.py:538} INFO - Filling up the DagBag from /home/airflow/.local/lib/python3.8/site-packages/airflow/example_dags/example_xcom.py
[2024-01-06T02:21:15.083+0000] {processor.py:840} INFO - DAG(s) 'example_xcom' retrieved from /home/airflow/.local/lib/python3.8/site-packages/airflow/example_dags/example_xcom.py
[2024-01-06T02:21:15.145+0000] {logging_mixin.py:188} INFO - [2024-01-06T02:21:15.144+0000] {dag.py:3033} INFO - Sync 1 DAGs
[2024-01-06T02:21:15.205+0000] {logging_mixin.py:188} INFO - [2024-01-06T02:21:15.204+0000] {dag.py:3820} INFO - Setting next_dagrun for example_xcom to 2021-01-01T00:00:00+00:00, run_after=2021-01-01T00:00:00+00:00
[2024-01-06T02:21:15.228+0000] {processor.py:183} INFO - Processing /home/airflow/.local/lib/python3.8/site-packages/airflow/example_dags/example_xcom.py took 0.186 seconds
[2024-01-06T02:21:46.027+0000] {processor.py:161} INFO - Started process (PID=40192) to work on /home/airflow/.local/lib/python3.8/site-packages/airflow/example_dags/example_xcom.py
[2024-01-06T02:21:46.031+0000] {processor.py:830} INFO - Processing file /home/airflow/.local/lib/python3.8/site-packages/airflow/example_dags/example_xcom.py for tasks to queue
[2024-01-06T02:21:46.034+0000] {logging_mixin.py:188} INFO - [2024-01-06T02:21:46.034+0000] {dagbag.py:538} INFO - Filling up the DagBag from /home/airflow/.local/lib/python3.8/site-packages/airflow/example_dags/example_xcom.py
[2024-01-06T02:21:46.050+0000] {processor.py:840} INFO - DAG(s) 'example_xcom' retrieved from /home/airflow/.local/lib/python3.8/site-packages/airflow/example_dags/example_xcom.py
[2024-01-06T02:21:46.080+0000] {logging_mixin.py:188} INFO - [2024-01-06T02:21:46.080+0000] {dag.py:3033} INFO - Sync 1 DAGs
[2024-01-06T02:21:46.098+0000] {logging_mixin.py:188} INFO - [2024-01-06T02:21:46.098+0000] {dag.py:3820} INFO - Setting next_dagrun for example_xcom to 2021-01-01T00:00:00+00:00, run_after=2021-01-01T00:00:00+00:00
[2024-01-06T02:21:46.117+0000] {processor.py:183} INFO - Processing /home/airflow/.local/lib/python3.8/site-packages/airflow/example_dags/example_xcom.py took 0.098 seconds
[2024-01-06T02:22:16.327+0000] {processor.py:161} INFO - Started process (PID=40250) to work on /home/airflow/.local/lib/python3.8/site-packages/airflow/example_dags/example_xcom.py
[2024-01-06T02:22:16.330+0000] {processor.py:830} INFO - Processing file /home/airflow/.local/lib/python3.8/site-packages/airflow/example_dags/example_xcom.py for tasks to queue
[2024-01-06T02:22:16.333+0000] {logging_mixin.py:188} INFO - [2024-01-06T02:22:16.333+0000] {dagbag.py:538} INFO - Filling up the DagBag from /home/airflow/.local/lib/python3.8/site-packages/airflow/example_dags/example_xcom.py
[2024-01-06T02:22:16.342+0000] {processor.py:840} INFO - DAG(s) 'example_xcom' retrieved from /home/airflow/.local/lib/python3.8/site-packages/airflow/example_dags/example_xcom.py
[2024-01-06T02:22:16.359+0000] {logging_mixin.py:188} INFO - [2024-01-06T02:22:16.359+0000] {dag.py:3033} INFO - Sync 1 DAGs
[2024-01-06T02:22:16.373+0000] {logging_mixin.py:188} INFO - [2024-01-06T02:22:16.372+0000] {dag.py:3820} INFO - Setting next_dagrun for example_xcom to 2021-01-01T00:00:00+00:00, run_after=2021-01-01T00:00:00+00:00
[2024-01-06T02:22:16.389+0000] {processor.py:183} INFO - Processing /home/airflow/.local/lib/python3.8/site-packages/airflow/example_dags/example_xcom.py took 0.066 seconds
[2024-01-06T02:22:47.123+0000] {processor.py:161} INFO - Started process (PID=40308) to work on /home/airflow/.local/lib/python3.8/site-packages/airflow/example_dags/example_xcom.py
[2024-01-06T02:22:47.125+0000] {processor.py:830} INFO - Processing file /home/airflow/.local/lib/python3.8/site-packages/airflow/example_dags/example_xcom.py for tasks to queue
[2024-01-06T02:22:47.129+0000] {logging_mixin.py:188} INFO - [2024-01-06T02:22:47.129+0000] {dagbag.py:538} INFO - Filling up the DagBag from /home/airflow/.local/lib/python3.8/site-packages/airflow/example_dags/example_xcom.py
[2024-01-06T02:22:47.138+0000] {processor.py:840} INFO - DAG(s) 'example_xcom' retrieved from /home/airflow/.local/lib/python3.8/site-packages/airflow/example_dags/example_xcom.py
[2024-01-06T02:22:47.157+0000] {logging_mixin.py:188} INFO - [2024-01-06T02:22:47.156+0000] {dag.py:3033} INFO - Sync 1 DAGs
[2024-01-06T02:22:47.172+0000] {logging_mixin.py:188} INFO - [2024-01-06T02:22:47.172+0000] {dag.py:3820} INFO - Setting next_dagrun for example_xcom to 2021-01-01T00:00:00+00:00, run_after=2021-01-01T00:00:00+00:00
[2024-01-06T02:22:47.189+0000] {processor.py:183} INFO - Processing /home/airflow/.local/lib/python3.8/site-packages/airflow/example_dags/example_xcom.py took 0.070 seconds
[2024-01-06T02:23:17.993+0000] {processor.py:161} INFO - Started process (PID=40366) to work on /home/airflow/.local/lib/python3.8/site-packages/airflow/example_dags/example_xcom.py
[2024-01-06T02:23:17.997+0000] {processor.py:830} INFO - Processing file /home/airflow/.local/lib/python3.8/site-packages/airflow/example_dags/example_xcom.py for tasks to queue
[2024-01-06T02:23:18.000+0000] {logging_mixin.py:188} INFO - [2024-01-06T02:23:18.000+0000] {dagbag.py:538} INFO - Filling up the DagBag from /home/airflow/.local/lib/python3.8/site-packages/airflow/example_dags/example_xcom.py
[2024-01-06T02:23:18.010+0000] {processor.py:840} INFO - DAG(s) 'example_xcom' retrieved from /home/airflow/.local/lib/python3.8/site-packages/airflow/example_dags/example_xcom.py
[2024-01-06T02:23:18.036+0000] {logging_mixin.py:188} INFO - [2024-01-06T02:23:18.036+0000] {dag.py:3033} INFO - Sync 1 DAGs
[2024-01-06T02:23:18.052+0000] {logging_mixin.py:188} INFO - [2024-01-06T02:23:18.051+0000] {dag.py:3820} INFO - Setting next_dagrun for example_xcom to 2021-01-01T00:00:00+00:00, run_after=2021-01-01T00:00:00+00:00
[2024-01-06T02:23:18.066+0000] {processor.py:183} INFO - Processing /home/airflow/.local/lib/python3.8/site-packages/airflow/example_dags/example_xcom.py took 0.078 seconds
[2024-01-06T02:23:48.426+0000] {processor.py:161} INFO - Started process (PID=40424) to work on /home/airflow/.local/lib/python3.8/site-packages/airflow/example_dags/example_xcom.py
[2024-01-06T02:23:48.428+0000] {processor.py:830} INFO - Processing file /home/airflow/.local/lib/python3.8/site-packages/airflow/example_dags/example_xcom.py for tasks to queue
[2024-01-06T02:23:48.432+0000] {logging_mixin.py:188} INFO - [2024-01-06T02:23:48.432+0000] {dagbag.py:538} INFO - Filling up the DagBag from /home/airflow/.local/lib/python3.8/site-packages/airflow/example_dags/example_xcom.py
[2024-01-06T02:23:48.441+0000] {processor.py:840} INFO - DAG(s) 'example_xcom' retrieved from /home/airflow/.local/lib/python3.8/site-packages/airflow/example_dags/example_xcom.py
[2024-01-06T02:23:48.459+0000] {logging_mixin.py:188} INFO - [2024-01-06T02:23:48.459+0000] {dag.py:3033} INFO - Sync 1 DAGs
[2024-01-06T02:23:48.474+0000] {logging_mixin.py:188} INFO - [2024-01-06T02:23:48.474+0000] {dag.py:3820} INFO - Setting next_dagrun for example_xcom to 2021-01-01T00:00:00+00:00, run_after=2021-01-01T00:00:00+00:00
[2024-01-06T02:23:48.486+0000] {processor.py:183} INFO - Processing /home/airflow/.local/lib/python3.8/site-packages/airflow/example_dags/example_xcom.py took 0.065 seconds
[2024-01-06T02:24:18.899+0000] {processor.py:161} INFO - Started process (PID=40482) to work on /home/airflow/.local/lib/python3.8/site-packages/airflow/example_dags/example_xcom.py
[2024-01-06T02:24:18.901+0000] {processor.py:830} INFO - Processing file /home/airflow/.local/lib/python3.8/site-packages/airflow/example_dags/example_xcom.py for tasks to queue
[2024-01-06T02:24:18.905+0000] {logging_mixin.py:188} INFO - [2024-01-06T02:24:18.905+0000] {dagbag.py:538} INFO - Filling up the DagBag from /home/airflow/.local/lib/python3.8/site-packages/airflow/example_dags/example_xcom.py
[2024-01-06T02:24:18.914+0000] {processor.py:840} INFO - DAG(s) 'example_xcom' retrieved from /home/airflow/.local/lib/python3.8/site-packages/airflow/example_dags/example_xcom.py
[2024-01-06T02:24:18.931+0000] {logging_mixin.py:188} INFO - [2024-01-06T02:24:18.931+0000] {dag.py:3033} INFO - Sync 1 DAGs
[2024-01-06T02:24:18.945+0000] {logging_mixin.py:188} INFO - [2024-01-06T02:24:18.944+0000] {dag.py:3820} INFO - Setting next_dagrun for example_xcom to 2021-01-01T00:00:00+00:00, run_after=2021-01-01T00:00:00+00:00
[2024-01-06T02:24:18.957+0000] {processor.py:183} INFO - Processing /home/airflow/.local/lib/python3.8/site-packages/airflow/example_dags/example_xcom.py took 0.063 seconds
[2024-01-06T02:24:49.272+0000] {processor.py:161} INFO - Started process (PID=40540) to work on /home/airflow/.local/lib/python3.8/site-packages/airflow/example_dags/example_xcom.py
[2024-01-06T02:24:49.274+0000] {processor.py:830} INFO - Processing file /home/airflow/.local/lib/python3.8/site-packages/airflow/example_dags/example_xcom.py for tasks to queue
[2024-01-06T02:24:49.277+0000] {logging_mixin.py:188} INFO - [2024-01-06T02:24:49.277+0000] {dagbag.py:538} INFO - Filling up the DagBag from /home/airflow/.local/lib/python3.8/site-packages/airflow/example_dags/example_xcom.py
[2024-01-06T02:24:49.285+0000] {processor.py:840} INFO - DAG(s) 'example_xcom' retrieved from /home/airflow/.local/lib/python3.8/site-packages/airflow/example_dags/example_xcom.py
[2024-01-06T02:24:49.302+0000] {logging_mixin.py:188} INFO - [2024-01-06T02:24:49.302+0000] {dag.py:3033} INFO - Sync 1 DAGs
[2024-01-06T02:24:49.315+0000] {logging_mixin.py:188} INFO - [2024-01-06T02:24:49.315+0000] {dag.py:3820} INFO - Setting next_dagrun for example_xcom to 2021-01-01T00:00:00+00:00, run_after=2021-01-01T00:00:00+00:00
[2024-01-06T02:24:49.332+0000] {processor.py:183} INFO - Processing /home/airflow/.local/lib/python3.8/site-packages/airflow/example_dags/example_xcom.py took 0.064 seconds
[2024-01-06T02:25:20.242+0000] {processor.py:161} INFO - Started process (PID=40604) to work on /home/airflow/.local/lib/python3.8/site-packages/airflow/example_dags/example_xcom.py
[2024-01-06T02:25:20.245+0000] {processor.py:830} INFO - Processing file /home/airflow/.local/lib/python3.8/site-packages/airflow/example_dags/example_xcom.py for tasks to queue
[2024-01-06T02:25:20.248+0000] {logging_mixin.py:188} INFO - [2024-01-06T02:25:20.248+0000] {dagbag.py:538} INFO - Filling up the DagBag from /home/airflow/.local/lib/python3.8/site-packages/airflow/example_dags/example_xcom.py
[2024-01-06T02:25:20.258+0000] {processor.py:840} INFO - DAG(s) 'example_xcom' retrieved from /home/airflow/.local/lib/python3.8/site-packages/airflow/example_dags/example_xcom.py
[2024-01-06T02:25:20.282+0000] {logging_mixin.py:188} INFO - [2024-01-06T02:25:20.282+0000] {dag.py:3033} INFO - Sync 1 DAGs
[2024-01-06T02:25:20.300+0000] {logging_mixin.py:188} INFO - [2024-01-06T02:25:20.300+0000] {dag.py:3820} INFO - Setting next_dagrun for example_xcom to 2021-01-01T00:00:00+00:00, run_after=2021-01-01T00:00:00+00:00
[2024-01-06T02:25:20.314+0000] {processor.py:183} INFO - Processing /home/airflow/.local/lib/python3.8/site-packages/airflow/example_dags/example_xcom.py took 0.077 seconds
[2024-01-06T02:25:50.393+0000] {processor.py:161} INFO - Started process (PID=40662) to work on /home/airflow/.local/lib/python3.8/site-packages/airflow/example_dags/example_xcom.py
[2024-01-06T02:25:50.398+0000] {processor.py:830} INFO - Processing file /home/airflow/.local/lib/python3.8/site-packages/airflow/example_dags/example_xcom.py for tasks to queue
[2024-01-06T02:25:50.405+0000] {logging_mixin.py:188} INFO - [2024-01-06T02:25:50.405+0000] {dagbag.py:538} INFO - Filling up the DagBag from /home/airflow/.local/lib/python3.8/site-packages/airflow/example_dags/example_xcom.py
[2024-01-06T02:25:50.430+0000] {processor.py:840} INFO - DAG(s) 'example_xcom' retrieved from /home/airflow/.local/lib/python3.8/site-packages/airflow/example_dags/example_xcom.py
[2024-01-06T02:25:50.471+0000] {logging_mixin.py:188} INFO - [2024-01-06T02:25:50.471+0000] {dag.py:3033} INFO - Sync 1 DAGs
[2024-01-06T02:25:50.502+0000] {logging_mixin.py:188} INFO - [2024-01-06T02:25:50.501+0000] {dag.py:3820} INFO - Setting next_dagrun for example_xcom to 2021-01-01T00:00:00+00:00, run_after=2021-01-01T00:00:00+00:00
[2024-01-06T02:25:50.519+0000] {processor.py:183} INFO - Processing /home/airflow/.local/lib/python3.8/site-packages/airflow/example_dags/example_xcom.py took 0.138 seconds
[2024-01-06T02:26:20.882+0000] {processor.py:161} INFO - Started process (PID=40720) to work on /home/airflow/.local/lib/python3.8/site-packages/airflow/example_dags/example_xcom.py
[2024-01-06T02:26:20.885+0000] {processor.py:830} INFO - Processing file /home/airflow/.local/lib/python3.8/site-packages/airflow/example_dags/example_xcom.py for tasks to queue
[2024-01-06T02:26:20.907+0000] {logging_mixin.py:188} INFO - [2024-01-06T02:26:20.907+0000] {dagbag.py:538} INFO - Filling up the DagBag from /home/airflow/.local/lib/python3.8/site-packages/airflow/example_dags/example_xcom.py
[2024-01-06T02:26:20.916+0000] {processor.py:840} INFO - DAG(s) 'example_xcom' retrieved from /home/airflow/.local/lib/python3.8/site-packages/airflow/example_dags/example_xcom.py
[2024-01-06T02:26:20.970+0000] {logging_mixin.py:188} INFO - [2024-01-06T02:26:20.970+0000] {dag.py:3033} INFO - Sync 1 DAGs
[2024-01-06T02:26:20.997+0000] {logging_mixin.py:188} INFO - [2024-01-06T02:26:20.997+0000] {dag.py:3820} INFO - Setting next_dagrun for example_xcom to 2021-01-01T00:00:00+00:00, run_after=2021-01-01T00:00:00+00:00
[2024-01-06T02:26:21.020+0000] {processor.py:183} INFO - Processing /home/airflow/.local/lib/python3.8/site-packages/airflow/example_dags/example_xcom.py took 0.142 seconds
[2024-01-06T02:26:51.538+0000] {processor.py:161} INFO - Started process (PID=40778) to work on /home/airflow/.local/lib/python3.8/site-packages/airflow/example_dags/example_xcom.py
[2024-01-06T02:26:51.540+0000] {processor.py:830} INFO - Processing file /home/airflow/.local/lib/python3.8/site-packages/airflow/example_dags/example_xcom.py for tasks to queue
[2024-01-06T02:26:51.543+0000] {logging_mixin.py:188} INFO - [2024-01-06T02:26:51.543+0000] {dagbag.py:538} INFO - Filling up the DagBag from /home/airflow/.local/lib/python3.8/site-packages/airflow/example_dags/example_xcom.py
[2024-01-06T02:26:51.551+0000] {processor.py:840} INFO - DAG(s) 'example_xcom' retrieved from /home/airflow/.local/lib/python3.8/site-packages/airflow/example_dags/example_xcom.py
[2024-01-06T02:26:51.570+0000] {logging_mixin.py:188} INFO - [2024-01-06T02:26:51.569+0000] {dag.py:3033} INFO - Sync 1 DAGs
[2024-01-06T02:26:51.585+0000] {logging_mixin.py:188} INFO - [2024-01-06T02:26:51.585+0000] {dag.py:3820} INFO - Setting next_dagrun for example_xcom to 2021-01-01T00:00:00+00:00, run_after=2021-01-01T00:00:00+00:00
[2024-01-06T02:26:51.601+0000] {processor.py:183} INFO - Processing /home/airflow/.local/lib/python3.8/site-packages/airflow/example_dags/example_xcom.py took 0.068 seconds
[2024-01-06T02:27:21.841+0000] {processor.py:161} INFO - Started process (PID=40836) to work on /home/airflow/.local/lib/python3.8/site-packages/airflow/example_dags/example_xcom.py
[2024-01-06T02:27:21.844+0000] {processor.py:830} INFO - Processing file /home/airflow/.local/lib/python3.8/site-packages/airflow/example_dags/example_xcom.py for tasks to queue
[2024-01-06T02:27:21.848+0000] {logging_mixin.py:188} INFO - [2024-01-06T02:27:21.847+0000] {dagbag.py:538} INFO - Filling up the DagBag from /home/airflow/.local/lib/python3.8/site-packages/airflow/example_dags/example_xcom.py
[2024-01-06T02:27:21.857+0000] {processor.py:840} INFO - DAG(s) 'example_xcom' retrieved from /home/airflow/.local/lib/python3.8/site-packages/airflow/example_dags/example_xcom.py
[2024-01-06T02:27:21.874+0000] {logging_mixin.py:188} INFO - [2024-01-06T02:27:21.874+0000] {dag.py:3033} INFO - Sync 1 DAGs
[2024-01-06T02:27:21.888+0000] {logging_mixin.py:188} INFO - [2024-01-06T02:27:21.888+0000] {dag.py:3820} INFO - Setting next_dagrun for example_xcom to 2021-01-01T00:00:00+00:00, run_after=2021-01-01T00:00:00+00:00
[2024-01-06T02:27:21.902+0000] {processor.py:183} INFO - Processing /home/airflow/.local/lib/python3.8/site-packages/airflow/example_dags/example_xcom.py took 0.067 seconds
[2024-01-06T02:27:52.306+0000] {processor.py:161} INFO - Started process (PID=40894) to work on /home/airflow/.local/lib/python3.8/site-packages/airflow/example_dags/example_xcom.py
[2024-01-06T02:27:52.308+0000] {processor.py:830} INFO - Processing file /home/airflow/.local/lib/python3.8/site-packages/airflow/example_dags/example_xcom.py for tasks to queue
[2024-01-06T02:27:52.310+0000] {logging_mixin.py:188} INFO - [2024-01-06T02:27:52.310+0000] {dagbag.py:538} INFO - Filling up the DagBag from /home/airflow/.local/lib/python3.8/site-packages/airflow/example_dags/example_xcom.py
[2024-01-06T02:27:52.317+0000] {processor.py:840} INFO - DAG(s) 'example_xcom' retrieved from /home/airflow/.local/lib/python3.8/site-packages/airflow/example_dags/example_xcom.py
[2024-01-06T02:27:52.332+0000] {logging_mixin.py:188} INFO - [2024-01-06T02:27:52.332+0000] {dag.py:3033} INFO - Sync 1 DAGs
[2024-01-06T02:27:52.347+0000] {logging_mixin.py:188} INFO - [2024-01-06T02:27:52.347+0000] {dag.py:3820} INFO - Setting next_dagrun for example_xcom to 2021-01-01T00:00:00+00:00, run_after=2021-01-01T00:00:00+00:00
[2024-01-06T02:27:52.360+0000] {processor.py:183} INFO - Processing /home/airflow/.local/lib/python3.8/site-packages/airflow/example_dags/example_xcom.py took 0.058 seconds
[2024-01-06T02:28:22.828+0000] {processor.py:161} INFO - Started process (PID=40952) to work on /home/airflow/.local/lib/python3.8/site-packages/airflow/example_dags/example_xcom.py
[2024-01-06T02:28:22.830+0000] {processor.py:830} INFO - Processing file /home/airflow/.local/lib/python3.8/site-packages/airflow/example_dags/example_xcom.py for tasks to queue
[2024-01-06T02:28:22.832+0000] {logging_mixin.py:188} INFO - [2024-01-06T02:28:22.832+0000] {dagbag.py:538} INFO - Filling up the DagBag from /home/airflow/.local/lib/python3.8/site-packages/airflow/example_dags/example_xcom.py
[2024-01-06T02:28:22.839+0000] {processor.py:840} INFO - DAG(s) 'example_xcom' retrieved from /home/airflow/.local/lib/python3.8/site-packages/airflow/example_dags/example_xcom.py
[2024-01-06T02:28:22.857+0000] {logging_mixin.py:188} INFO - [2024-01-06T02:28:22.857+0000] {dag.py:3033} INFO - Sync 1 DAGs
[2024-01-06T02:28:22.875+0000] {logging_mixin.py:188} INFO - [2024-01-06T02:28:22.875+0000] {dag.py:3820} INFO - Setting next_dagrun for example_xcom to 2021-01-01T00:00:00+00:00, run_after=2021-01-01T00:00:00+00:00
[2024-01-06T02:28:22.892+0000] {processor.py:183} INFO - Processing /home/airflow/.local/lib/python3.8/site-packages/airflow/example_dags/example_xcom.py took 0.070 seconds
[2024-01-06T02:28:53.433+0000] {processor.py:161} INFO - Started process (PID=41010) to work on /home/airflow/.local/lib/python3.8/site-packages/airflow/example_dags/example_xcom.py
[2024-01-06T02:28:53.434+0000] {processor.py:830} INFO - Processing file /home/airflow/.local/lib/python3.8/site-packages/airflow/example_dags/example_xcom.py for tasks to queue
[2024-01-06T02:28:53.437+0000] {logging_mixin.py:188} INFO - [2024-01-06T02:28:53.437+0000] {dagbag.py:538} INFO - Filling up the DagBag from /home/airflow/.local/lib/python3.8/site-packages/airflow/example_dags/example_xcom.py
[2024-01-06T02:28:53.443+0000] {processor.py:840} INFO - DAG(s) 'example_xcom' retrieved from /home/airflow/.local/lib/python3.8/site-packages/airflow/example_dags/example_xcom.py
[2024-01-06T02:28:53.460+0000] {logging_mixin.py:188} INFO - [2024-01-06T02:28:53.460+0000] {dag.py:3033} INFO - Sync 1 DAGs
[2024-01-06T02:28:53.474+0000] {logging_mixin.py:188} INFO - [2024-01-06T02:28:53.474+0000] {dag.py:3820} INFO - Setting next_dagrun for example_xcom to 2021-01-01T00:00:00+00:00, run_after=2021-01-01T00:00:00+00:00
[2024-01-06T02:28:53.488+0000] {processor.py:183} INFO - Processing /home/airflow/.local/lib/python3.8/site-packages/airflow/example_dags/example_xcom.py took 0.061 seconds
[2024-01-06T02:29:23.957+0000] {processor.py:161} INFO - Started process (PID=41068) to work on /home/airflow/.local/lib/python3.8/site-packages/airflow/example_dags/example_xcom.py
[2024-01-06T02:29:23.959+0000] {processor.py:830} INFO - Processing file /home/airflow/.local/lib/python3.8/site-packages/airflow/example_dags/example_xcom.py for tasks to queue
[2024-01-06T02:29:23.962+0000] {logging_mixin.py:188} INFO - [2024-01-06T02:29:23.961+0000] {dagbag.py:538} INFO - Filling up the DagBag from /home/airflow/.local/lib/python3.8/site-packages/airflow/example_dags/example_xcom.py
[2024-01-06T02:29:23.969+0000] {processor.py:840} INFO - DAG(s) 'example_xcom' retrieved from /home/airflow/.local/lib/python3.8/site-packages/airflow/example_dags/example_xcom.py
[2024-01-06T02:29:23.988+0000] {logging_mixin.py:188} INFO - [2024-01-06T02:29:23.987+0000] {dag.py:3033} INFO - Sync 1 DAGs
[2024-01-06T02:29:24.002+0000] {logging_mixin.py:188} INFO - [2024-01-06T02:29:24.002+0000] {dag.py:3820} INFO - Setting next_dagrun for example_xcom to 2021-01-01T00:00:00+00:00, run_after=2021-01-01T00:00:00+00:00
[2024-01-06T02:29:24.015+0000] {processor.py:183} INFO - Processing /home/airflow/.local/lib/python3.8/site-packages/airflow/example_dags/example_xcom.py took 0.062 seconds
[2024-01-06T02:29:54.647+0000] {processor.py:161} INFO - Started process (PID=41127) to work on /home/airflow/.local/lib/python3.8/site-packages/airflow/example_dags/example_xcom.py
[2024-01-06T02:29:54.649+0000] {processor.py:830} INFO - Processing file /home/airflow/.local/lib/python3.8/site-packages/airflow/example_dags/example_xcom.py for tasks to queue
[2024-01-06T02:29:54.652+0000] {logging_mixin.py:188} INFO - [2024-01-06T02:29:54.652+0000] {dagbag.py:538} INFO - Filling up the DagBag from /home/airflow/.local/lib/python3.8/site-packages/airflow/example_dags/example_xcom.py
[2024-01-06T02:29:54.660+0000] {processor.py:840} INFO - DAG(s) 'example_xcom' retrieved from /home/airflow/.local/lib/python3.8/site-packages/airflow/example_dags/example_xcom.py
[2024-01-06T02:29:54.677+0000] {logging_mixin.py:188} INFO - [2024-01-06T02:29:54.677+0000] {dag.py:3033} INFO - Sync 1 DAGs
[2024-01-06T02:29:54.692+0000] {logging_mixin.py:188} INFO - [2024-01-06T02:29:54.692+0000] {dag.py:3820} INFO - Setting next_dagrun for example_xcom to 2021-01-01T00:00:00+00:00, run_after=2021-01-01T00:00:00+00:00
[2024-01-06T02:29:54.705+0000] {processor.py:183} INFO - Processing /home/airflow/.local/lib/python3.8/site-packages/airflow/example_dags/example_xcom.py took 0.062 seconds
[2024-01-06T02:30:25.357+0000] {processor.py:161} INFO - Started process (PID=41185) to work on /home/airflow/.local/lib/python3.8/site-packages/airflow/example_dags/example_xcom.py
[2024-01-06T02:30:25.359+0000] {processor.py:830} INFO - Processing file /home/airflow/.local/lib/python3.8/site-packages/airflow/example_dags/example_xcom.py for tasks to queue
[2024-01-06T02:30:25.362+0000] {logging_mixin.py:188} INFO - [2024-01-06T02:30:25.362+0000] {dagbag.py:538} INFO - Filling up the DagBag from /home/airflow/.local/lib/python3.8/site-packages/airflow/example_dags/example_xcom.py
[2024-01-06T02:30:25.371+0000] {processor.py:840} INFO - DAG(s) 'example_xcom' retrieved from /home/airflow/.local/lib/python3.8/site-packages/airflow/example_dags/example_xcom.py
[2024-01-06T02:30:25.388+0000] {logging_mixin.py:188} INFO - [2024-01-06T02:30:25.388+0000] {dag.py:3033} INFO - Sync 1 DAGs
[2024-01-06T02:30:25.402+0000] {logging_mixin.py:188} INFO - [2024-01-06T02:30:25.402+0000] {dag.py:3820} INFO - Setting next_dagrun for example_xcom to 2021-01-01T00:00:00+00:00, run_after=2021-01-01T00:00:00+00:00
[2024-01-06T02:30:25.416+0000] {processor.py:183} INFO - Processing /home/airflow/.local/lib/python3.8/site-packages/airflow/example_dags/example_xcom.py took 0.063 seconds
[2024-01-06T02:30:55.940+0000] {processor.py:161} INFO - Started process (PID=41243) to work on /home/airflow/.local/lib/python3.8/site-packages/airflow/example_dags/example_xcom.py
[2024-01-06T02:30:55.943+0000] {processor.py:830} INFO - Processing file /home/airflow/.local/lib/python3.8/site-packages/airflow/example_dags/example_xcom.py for tasks to queue
[2024-01-06T02:30:55.945+0000] {logging_mixin.py:188} INFO - [2024-01-06T02:30:55.945+0000] {dagbag.py:538} INFO - Filling up the DagBag from /home/airflow/.local/lib/python3.8/site-packages/airflow/example_dags/example_xcom.py
[2024-01-06T02:30:55.953+0000] {processor.py:840} INFO - DAG(s) 'example_xcom' retrieved from /home/airflow/.local/lib/python3.8/site-packages/airflow/example_dags/example_xcom.py
[2024-01-06T02:30:55.969+0000] {logging_mixin.py:188} INFO - [2024-01-06T02:30:55.969+0000] {dag.py:3033} INFO - Sync 1 DAGs
[2024-01-06T02:30:55.984+0000] {logging_mixin.py:188} INFO - [2024-01-06T02:30:55.984+0000] {dag.py:3820} INFO - Setting next_dagrun for example_xcom to 2021-01-01T00:00:00+00:00, run_after=2021-01-01T00:00:00+00:00
[2024-01-06T02:30:55.998+0000] {processor.py:183} INFO - Processing /home/airflow/.local/lib/python3.8/site-packages/airflow/example_dags/example_xcom.py took 0.061 seconds
[2024-01-06T02:31:27.424+0000] {processor.py:161} INFO - Started process (PID=41301) to work on /home/airflow/.local/lib/python3.8/site-packages/airflow/example_dags/example_xcom.py
[2024-01-06T02:31:27.443+0000] {processor.py:830} INFO - Processing file /home/airflow/.local/lib/python3.8/site-packages/airflow/example_dags/example_xcom.py for tasks to queue
[2024-01-06T02:31:27.445+0000] {logging_mixin.py:188} INFO - [2024-01-06T02:31:27.445+0000] {dagbag.py:538} INFO - Filling up the DagBag from /home/airflow/.local/lib/python3.8/site-packages/airflow/example_dags/example_xcom.py
[2024-01-06T02:31:27.452+0000] {processor.py:840} INFO - DAG(s) 'example_xcom' retrieved from /home/airflow/.local/lib/python3.8/site-packages/airflow/example_dags/example_xcom.py
[2024-01-06T02:31:27.469+0000] {logging_mixin.py:188} INFO - [2024-01-06T02:31:27.469+0000] {dag.py:3033} INFO - Sync 1 DAGs
[2024-01-06T02:31:27.485+0000] {logging_mixin.py:188} INFO - [2024-01-06T02:31:27.485+0000] {dag.py:3820} INFO - Setting next_dagrun for example_xcom to 2021-01-01T00:00:00+00:00, run_after=2021-01-01T00:00:00+00:00
[2024-01-06T02:31:27.498+0000] {processor.py:183} INFO - Processing /home/airflow/.local/lib/python3.8/site-packages/airflow/example_dags/example_xcom.py took 0.077 seconds
[2024-01-06T02:31:57.897+0000] {processor.py:161} INFO - Started process (PID=41359) to work on /home/airflow/.local/lib/python3.8/site-packages/airflow/example_dags/example_xcom.py
[2024-01-06T02:31:57.899+0000] {processor.py:830} INFO - Processing file /home/airflow/.local/lib/python3.8/site-packages/airflow/example_dags/example_xcom.py for tasks to queue
[2024-01-06T02:31:57.901+0000] {logging_mixin.py:188} INFO - [2024-01-06T02:31:57.901+0000] {dagbag.py:538} INFO - Filling up the DagBag from /home/airflow/.local/lib/python3.8/site-packages/airflow/example_dags/example_xcom.py
[2024-01-06T02:31:57.906+0000] {processor.py:840} INFO - DAG(s) 'example_xcom' retrieved from /home/airflow/.local/lib/python3.8/site-packages/airflow/example_dags/example_xcom.py
[2024-01-06T02:31:57.922+0000] {logging_mixin.py:188} INFO - [2024-01-06T02:31:57.921+0000] {dag.py:3033} INFO - Sync 1 DAGs
[2024-01-06T02:31:57.938+0000] {logging_mixin.py:188} INFO - [2024-01-06T02:31:57.938+0000] {dag.py:3820} INFO - Setting next_dagrun for example_xcom to 2021-01-01T00:00:00+00:00, run_after=2021-01-01T00:00:00+00:00
[2024-01-06T02:31:57.949+0000] {processor.py:183} INFO - Processing /home/airflow/.local/lib/python3.8/site-packages/airflow/example_dags/example_xcom.py took 0.055 seconds
[2024-01-06T02:32:28.185+0000] {processor.py:161} INFO - Started process (PID=41417) to work on /home/airflow/.local/lib/python3.8/site-packages/airflow/example_dags/example_xcom.py
[2024-01-06T02:32:28.187+0000] {processor.py:830} INFO - Processing file /home/airflow/.local/lib/python3.8/site-packages/airflow/example_dags/example_xcom.py for tasks to queue
[2024-01-06T02:32:28.190+0000] {logging_mixin.py:188} INFO - [2024-01-06T02:32:28.189+0000] {dagbag.py:538} INFO - Filling up the DagBag from /home/airflow/.local/lib/python3.8/site-packages/airflow/example_dags/example_xcom.py
[2024-01-06T02:32:28.195+0000] {processor.py:840} INFO - DAG(s) 'example_xcom' retrieved from /home/airflow/.local/lib/python3.8/site-packages/airflow/example_dags/example_xcom.py
[2024-01-06T02:32:28.209+0000] {logging_mixin.py:188} INFO - [2024-01-06T02:32:28.209+0000] {dag.py:3033} INFO - Sync 1 DAGs
[2024-01-06T02:32:28.225+0000] {logging_mixin.py:188} INFO - [2024-01-06T02:32:28.225+0000] {dag.py:3820} INFO - Setting next_dagrun for example_xcom to 2021-01-01T00:00:00+00:00, run_after=2021-01-01T00:00:00+00:00
[2024-01-06T02:32:28.238+0000] {processor.py:183} INFO - Processing /home/airflow/.local/lib/python3.8/site-packages/airflow/example_dags/example_xcom.py took 0.055 seconds
[2024-01-06T02:32:59.321+0000] {processor.py:161} INFO - Started process (PID=41474) to work on /home/airflow/.local/lib/python3.8/site-packages/airflow/example_dags/example_xcom.py
[2024-01-06T02:32:59.325+0000] {processor.py:830} INFO - Processing file /home/airflow/.local/lib/python3.8/site-packages/airflow/example_dags/example_xcom.py for tasks to queue
[2024-01-06T02:32:59.327+0000] {logging_mixin.py:188} INFO - [2024-01-06T02:32:59.327+0000] {dagbag.py:538} INFO - Filling up the DagBag from /home/airflow/.local/lib/python3.8/site-packages/airflow/example_dags/example_xcom.py
[2024-01-06T02:32:59.333+0000] {processor.py:840} INFO - DAG(s) 'example_xcom' retrieved from /home/airflow/.local/lib/python3.8/site-packages/airflow/example_dags/example_xcom.py
[2024-01-06T02:32:59.350+0000] {logging_mixin.py:188} INFO - [2024-01-06T02:32:59.350+0000] {dag.py:3033} INFO - Sync 1 DAGs
[2024-01-06T02:32:59.367+0000] {logging_mixin.py:188} INFO - [2024-01-06T02:32:59.367+0000] {dag.py:3820} INFO - Setting next_dagrun for example_xcom to 2021-01-01T00:00:00+00:00, run_after=2021-01-01T00:00:00+00:00
[2024-01-06T02:32:59.381+0000] {processor.py:183} INFO - Processing /home/airflow/.local/lib/python3.8/site-packages/airflow/example_dags/example_xcom.py took 0.063 seconds
[2024-01-06T02:33:42.470+0000] {processor.py:161} INFO - Started process (PID=41532) to work on /home/airflow/.local/lib/python3.8/site-packages/airflow/example_dags/example_xcom.py
[2024-01-06T02:33:42.480+0000] {processor.py:830} INFO - Processing file /home/airflow/.local/lib/python3.8/site-packages/airflow/example_dags/example_xcom.py for tasks to queue
[2024-01-06T02:33:42.509+0000] {logging_mixin.py:188} INFO - [2024-01-06T02:33:42.508+0000] {dagbag.py:538} INFO - Filling up the DagBag from /home/airflow/.local/lib/python3.8/site-packages/airflow/example_dags/example_xcom.py
[2024-01-06T02:33:42.548+0000] {processor.py:840} INFO - DAG(s) 'example_xcom' retrieved from /home/airflow/.local/lib/python3.8/site-packages/airflow/example_dags/example_xcom.py
[2024-01-06T02:33:42.698+0000] {logging_mixin.py:188} INFO - [2024-01-06T02:33:42.697+0000] {dag.py:3033} INFO - Sync 1 DAGs
[2024-01-06T02:33:42.907+0000] {logging_mixin.py:188} INFO - [2024-01-06T02:33:42.904+0000] {dag.py:3820} INFO - Setting next_dagrun for example_xcom to 2021-01-01T00:00:00+00:00, run_after=2021-01-01T00:00:00+00:00
[2024-01-06T02:33:43.098+0000] {processor.py:183} INFO - Processing /home/airflow/.local/lib/python3.8/site-packages/airflow/example_dags/example_xcom.py took 0.669 seconds
[2024-01-06T02:34:14.109+0000] {processor.py:161} INFO - Started process (PID=41590) to work on /home/airflow/.local/lib/python3.8/site-packages/airflow/example_dags/example_xcom.py
[2024-01-06T02:34:14.113+0000] {processor.py:830} INFO - Processing file /home/airflow/.local/lib/python3.8/site-packages/airflow/example_dags/example_xcom.py for tasks to queue
[2024-01-06T02:34:14.117+0000] {logging_mixin.py:188} INFO - [2024-01-06T02:34:14.116+0000] {dagbag.py:538} INFO - Filling up the DagBag from /home/airflow/.local/lib/python3.8/site-packages/airflow/example_dags/example_xcom.py
[2024-01-06T02:34:14.126+0000] {processor.py:840} INFO - DAG(s) 'example_xcom' retrieved from /home/airflow/.local/lib/python3.8/site-packages/airflow/example_dags/example_xcom.py
[2024-01-06T02:34:14.144+0000] {logging_mixin.py:188} INFO - [2024-01-06T02:34:14.144+0000] {dag.py:3033} INFO - Sync 1 DAGs
[2024-01-06T02:34:14.160+0000] {logging_mixin.py:188} INFO - [2024-01-06T02:34:14.159+0000] {dag.py:3820} INFO - Setting next_dagrun for example_xcom to 2021-01-01T00:00:00+00:00, run_after=2021-01-01T00:00:00+00:00
[2024-01-06T02:34:14.173+0000] {processor.py:183} INFO - Processing /home/airflow/.local/lib/python3.8/site-packages/airflow/example_dags/example_xcom.py took 0.072 seconds
[2024-01-06T02:34:44.844+0000] {processor.py:161} INFO - Started process (PID=41648) to work on /home/airflow/.local/lib/python3.8/site-packages/airflow/example_dags/example_xcom.py
[2024-01-06T02:34:44.846+0000] {processor.py:830} INFO - Processing file /home/airflow/.local/lib/python3.8/site-packages/airflow/example_dags/example_xcom.py for tasks to queue
[2024-01-06T02:34:44.850+0000] {logging_mixin.py:188} INFO - [2024-01-06T02:34:44.849+0000] {dagbag.py:538} INFO - Filling up the DagBag from /home/airflow/.local/lib/python3.8/site-packages/airflow/example_dags/example_xcom.py
[2024-01-06T02:34:44.858+0000] {processor.py:840} INFO - DAG(s) 'example_xcom' retrieved from /home/airflow/.local/lib/python3.8/site-packages/airflow/example_dags/example_xcom.py
[2024-01-06T02:34:44.875+0000] {logging_mixin.py:188} INFO - [2024-01-06T02:34:44.875+0000] {dag.py:3033} INFO - Sync 1 DAGs
[2024-01-06T02:34:44.890+0000] {logging_mixin.py:188} INFO - [2024-01-06T02:34:44.890+0000] {dag.py:3820} INFO - Setting next_dagrun for example_xcom to 2021-01-01T00:00:00+00:00, run_after=2021-01-01T00:00:00+00:00
[2024-01-06T02:34:44.901+0000] {processor.py:183} INFO - Processing /home/airflow/.local/lib/python3.8/site-packages/airflow/example_dags/example_xcom.py took 0.060 seconds
[2024-01-06T02:35:15.055+0000] {processor.py:161} INFO - Started process (PID=41705) to work on /home/airflow/.local/lib/python3.8/site-packages/airflow/example_dags/example_xcom.py
[2024-01-06T02:35:15.057+0000] {processor.py:830} INFO - Processing file /home/airflow/.local/lib/python3.8/site-packages/airflow/example_dags/example_xcom.py for tasks to queue
[2024-01-06T02:35:15.059+0000] {logging_mixin.py:188} INFO - [2024-01-06T02:35:15.059+0000] {dagbag.py:538} INFO - Filling up the DagBag from /home/airflow/.local/lib/python3.8/site-packages/airflow/example_dags/example_xcom.py
[2024-01-06T02:35:15.066+0000] {processor.py:840} INFO - DAG(s) 'example_xcom' retrieved from /home/airflow/.local/lib/python3.8/site-packages/airflow/example_dags/example_xcom.py
[2024-01-06T02:35:15.083+0000] {logging_mixin.py:188} INFO - [2024-01-06T02:35:15.082+0000] {dag.py:3033} INFO - Sync 1 DAGs
[2024-01-06T02:35:15.096+0000] {logging_mixin.py:188} INFO - [2024-01-06T02:35:15.096+0000] {dag.py:3820} INFO - Setting next_dagrun for example_xcom to 2021-01-01T00:00:00+00:00, run_after=2021-01-01T00:00:00+00:00
[2024-01-06T02:35:15.108+0000] {processor.py:183} INFO - Processing /home/airflow/.local/lib/python3.8/site-packages/airflow/example_dags/example_xcom.py took 0.057 seconds
[2024-01-06T02:35:45.530+0000] {processor.py:161} INFO - Started process (PID=41763) to work on /home/airflow/.local/lib/python3.8/site-packages/airflow/example_dags/example_xcom.py
[2024-01-06T02:35:45.533+0000] {processor.py:830} INFO - Processing file /home/airflow/.local/lib/python3.8/site-packages/airflow/example_dags/example_xcom.py for tasks to queue
[2024-01-06T02:35:45.537+0000] {logging_mixin.py:188} INFO - [2024-01-06T02:35:45.537+0000] {dagbag.py:538} INFO - Filling up the DagBag from /home/airflow/.local/lib/python3.8/site-packages/airflow/example_dags/example_xcom.py
[2024-01-06T02:35:45.544+0000] {processor.py:840} INFO - DAG(s) 'example_xcom' retrieved from /home/airflow/.local/lib/python3.8/site-packages/airflow/example_dags/example_xcom.py
[2024-01-06T02:35:45.563+0000] {logging_mixin.py:188} INFO - [2024-01-06T02:35:45.563+0000] {dag.py:3033} INFO - Sync 1 DAGs
[2024-01-06T02:35:45.577+0000] {logging_mixin.py:188} INFO - [2024-01-06T02:35:45.577+0000] {dag.py:3820} INFO - Setting next_dagrun for example_xcom to 2021-01-01T00:00:00+00:00, run_after=2021-01-01T00:00:00+00:00
[2024-01-06T02:35:45.589+0000] {processor.py:183} INFO - Processing /home/airflow/.local/lib/python3.8/site-packages/airflow/example_dags/example_xcom.py took 0.065 seconds
[2024-01-06T02:36:16.178+0000] {processor.py:161} INFO - Started process (PID=41821) to work on /home/airflow/.local/lib/python3.8/site-packages/airflow/example_dags/example_xcom.py
[2024-01-06T02:36:16.181+0000] {processor.py:830} INFO - Processing file /home/airflow/.local/lib/python3.8/site-packages/airflow/example_dags/example_xcom.py for tasks to queue
[2024-01-06T02:36:16.184+0000] {logging_mixin.py:188} INFO - [2024-01-06T02:36:16.184+0000] {dagbag.py:538} INFO - Filling up the DagBag from /home/airflow/.local/lib/python3.8/site-packages/airflow/example_dags/example_xcom.py
[2024-01-06T02:36:16.191+0000] {processor.py:840} INFO - DAG(s) 'example_xcom' retrieved from /home/airflow/.local/lib/python3.8/site-packages/airflow/example_dags/example_xcom.py
[2024-01-06T02:36:16.207+0000] {logging_mixin.py:188} INFO - [2024-01-06T02:36:16.207+0000] {dag.py:3033} INFO - Sync 1 DAGs
[2024-01-06T02:36:16.220+0000] {logging_mixin.py:188} INFO - [2024-01-06T02:36:16.220+0000] {dag.py:3820} INFO - Setting next_dagrun for example_xcom to 2021-01-01T00:00:00+00:00, run_after=2021-01-01T00:00:00+00:00
[2024-01-06T02:36:16.232+0000] {processor.py:183} INFO - Processing /home/airflow/.local/lib/python3.8/site-packages/airflow/example_dags/example_xcom.py took 0.057 seconds
[2024-01-06T02:36:46.321+0000] {processor.py:161} INFO - Started process (PID=41879) to work on /home/airflow/.local/lib/python3.8/site-packages/airflow/example_dags/example_xcom.py
[2024-01-06T02:36:46.324+0000] {processor.py:830} INFO - Processing file /home/airflow/.local/lib/python3.8/site-packages/airflow/example_dags/example_xcom.py for tasks to queue
[2024-01-06T02:36:46.327+0000] {logging_mixin.py:188} INFO - [2024-01-06T02:36:46.326+0000] {dagbag.py:538} INFO - Filling up the DagBag from /home/airflow/.local/lib/python3.8/site-packages/airflow/example_dags/example_xcom.py
[2024-01-06T02:36:46.334+0000] {processor.py:840} INFO - DAG(s) 'example_xcom' retrieved from /home/airflow/.local/lib/python3.8/site-packages/airflow/example_dags/example_xcom.py
[2024-01-06T02:36:46.352+0000] {logging_mixin.py:188} INFO - [2024-01-06T02:36:46.352+0000] {dag.py:3033} INFO - Sync 1 DAGs
[2024-01-06T02:36:46.365+0000] {logging_mixin.py:188} INFO - [2024-01-06T02:36:46.365+0000] {dag.py:3820} INFO - Setting next_dagrun for example_xcom to 2021-01-01T00:00:00+00:00, run_after=2021-01-01T00:00:00+00:00
[2024-01-06T02:36:46.376+0000] {processor.py:183} INFO - Processing /home/airflow/.local/lib/python3.8/site-packages/airflow/example_dags/example_xcom.py took 0.060 seconds
[2024-01-06T02:37:16.579+0000] {processor.py:161} INFO - Started process (PID=41937) to work on /home/airflow/.local/lib/python3.8/site-packages/airflow/example_dags/example_xcom.py
[2024-01-06T02:37:16.581+0000] {processor.py:830} INFO - Processing file /home/airflow/.local/lib/python3.8/site-packages/airflow/example_dags/example_xcom.py for tasks to queue
[2024-01-06T02:37:16.585+0000] {logging_mixin.py:188} INFO - [2024-01-06T02:37:16.584+0000] {dagbag.py:538} INFO - Filling up the DagBag from /home/airflow/.local/lib/python3.8/site-packages/airflow/example_dags/example_xcom.py
[2024-01-06T02:37:16.594+0000] {processor.py:840} INFO - DAG(s) 'example_xcom' retrieved from /home/airflow/.local/lib/python3.8/site-packages/airflow/example_dags/example_xcom.py
[2024-01-06T02:37:16.614+0000] {logging_mixin.py:188} INFO - [2024-01-06T02:37:16.614+0000] {dag.py:3033} INFO - Sync 1 DAGs
[2024-01-06T02:37:16.628+0000] {logging_mixin.py:188} INFO - [2024-01-06T02:37:16.627+0000] {dag.py:3820} INFO - Setting next_dagrun for example_xcom to 2021-01-01T00:00:00+00:00, run_after=2021-01-01T00:00:00+00:00
[2024-01-06T02:37:16.639+0000] {processor.py:183} INFO - Processing /home/airflow/.local/lib/python3.8/site-packages/airflow/example_dags/example_xcom.py took 0.065 seconds
[2024-01-06T02:37:46.947+0000] {processor.py:161} INFO - Started process (PID=41994) to work on /home/airflow/.local/lib/python3.8/site-packages/airflow/example_dags/example_xcom.py
[2024-01-06T02:37:46.952+0000] {processor.py:830} INFO - Processing file /home/airflow/.local/lib/python3.8/site-packages/airflow/example_dags/example_xcom.py for tasks to queue
[2024-01-06T02:37:46.962+0000] {logging_mixin.py:188} INFO - [2024-01-06T02:37:46.962+0000] {dagbag.py:538} INFO - Filling up the DagBag from /home/airflow/.local/lib/python3.8/site-packages/airflow/example_dags/example_xcom.py
[2024-01-06T02:37:46.973+0000] {processor.py:840} INFO - DAG(s) 'example_xcom' retrieved from /home/airflow/.local/lib/python3.8/site-packages/airflow/example_dags/example_xcom.py
[2024-01-06T02:37:47.006+0000] {logging_mixin.py:188} INFO - [2024-01-06T02:37:47.006+0000] {dag.py:3033} INFO - Sync 1 DAGs
[2024-01-06T02:37:47.030+0000] {logging_mixin.py:188} INFO - [2024-01-06T02:37:47.030+0000] {dag.py:3820} INFO - Setting next_dagrun for example_xcom to 2021-01-01T00:00:00+00:00, run_after=2021-01-01T00:00:00+00:00
[2024-01-06T02:37:47.045+0000] {processor.py:183} INFO - Processing /home/airflow/.local/lib/python3.8/site-packages/airflow/example_dags/example_xcom.py took 0.109 seconds
[2024-01-06T02:38:17.449+0000] {processor.py:161} INFO - Started process (PID=42052) to work on /home/airflow/.local/lib/python3.8/site-packages/airflow/example_dags/example_xcom.py
[2024-01-06T02:38:17.451+0000] {processor.py:830} INFO - Processing file /home/airflow/.local/lib/python3.8/site-packages/airflow/example_dags/example_xcom.py for tasks to queue
[2024-01-06T02:38:17.454+0000] {logging_mixin.py:188} INFO - [2024-01-06T02:38:17.454+0000] {dagbag.py:538} INFO - Filling up the DagBag from /home/airflow/.local/lib/python3.8/site-packages/airflow/example_dags/example_xcom.py
[2024-01-06T02:38:17.461+0000] {processor.py:840} INFO - DAG(s) 'example_xcom' retrieved from /home/airflow/.local/lib/python3.8/site-packages/airflow/example_dags/example_xcom.py
[2024-01-06T02:38:17.485+0000] {logging_mixin.py:188} INFO - [2024-01-06T02:38:17.485+0000] {dag.py:3033} INFO - Sync 1 DAGs
[2024-01-06T02:38:17.509+0000] {logging_mixin.py:188} INFO - [2024-01-06T02:38:17.509+0000] {dag.py:3820} INFO - Setting next_dagrun for example_xcom to 2021-01-01T00:00:00+00:00, run_after=2021-01-01T00:00:00+00:00
[2024-01-06T02:38:17.526+0000] {processor.py:183} INFO - Processing /home/airflow/.local/lib/python3.8/site-packages/airflow/example_dags/example_xcom.py took 0.079 seconds
[2024-01-06T02:38:47.768+0000] {processor.py:161} INFO - Started process (PID=42110) to work on /home/airflow/.local/lib/python3.8/site-packages/airflow/example_dags/example_xcom.py
[2024-01-06T02:38:47.771+0000] {processor.py:830} INFO - Processing file /home/airflow/.local/lib/python3.8/site-packages/airflow/example_dags/example_xcom.py for tasks to queue
[2024-01-06T02:38:47.774+0000] {logging_mixin.py:188} INFO - [2024-01-06T02:38:47.774+0000] {dagbag.py:538} INFO - Filling up the DagBag from /home/airflow/.local/lib/python3.8/site-packages/airflow/example_dags/example_xcom.py
[2024-01-06T02:38:47.782+0000] {processor.py:840} INFO - DAG(s) 'example_xcom' retrieved from /home/airflow/.local/lib/python3.8/site-packages/airflow/example_dags/example_xcom.py
[2024-01-06T02:38:47.800+0000] {logging_mixin.py:188} INFO - [2024-01-06T02:38:47.800+0000] {dag.py:3033} INFO - Sync 1 DAGs
[2024-01-06T02:38:47.814+0000] {logging_mixin.py:188} INFO - [2024-01-06T02:38:47.814+0000] {dag.py:3820} INFO - Setting next_dagrun for example_xcom to 2021-01-01T00:00:00+00:00, run_after=2021-01-01T00:00:00+00:00
[2024-01-06T02:38:47.828+0000] {processor.py:183} INFO - Processing /home/airflow/.local/lib/python3.8/site-packages/airflow/example_dags/example_xcom.py took 0.066 seconds
[2024-01-06T02:39:18.400+0000] {processor.py:161} INFO - Started process (PID=42167) to work on /home/airflow/.local/lib/python3.8/site-packages/airflow/example_dags/example_xcom.py
[2024-01-06T02:39:18.404+0000] {processor.py:830} INFO - Processing file /home/airflow/.local/lib/python3.8/site-packages/airflow/example_dags/example_xcom.py for tasks to queue
[2024-01-06T02:39:18.409+0000] {logging_mixin.py:188} INFO - [2024-01-06T02:39:18.409+0000] {dagbag.py:538} INFO - Filling up the DagBag from /home/airflow/.local/lib/python3.8/site-packages/airflow/example_dags/example_xcom.py
[2024-01-06T02:39:18.420+0000] {processor.py:840} INFO - DAG(s) 'example_xcom' retrieved from /home/airflow/.local/lib/python3.8/site-packages/airflow/example_dags/example_xcom.py
[2024-01-06T02:39:18.440+0000] {logging_mixin.py:188} INFO - [2024-01-06T02:39:18.440+0000] {dag.py:3033} INFO - Sync 1 DAGs
[2024-01-06T02:39:18.464+0000] {logging_mixin.py:188} INFO - [2024-01-06T02:39:18.463+0000] {dag.py:3820} INFO - Setting next_dagrun for example_xcom to 2021-01-01T00:00:00+00:00, run_after=2021-01-01T00:00:00+00:00
[2024-01-06T02:39:18.479+0000] {processor.py:183} INFO - Processing /home/airflow/.local/lib/python3.8/site-packages/airflow/example_dags/example_xcom.py took 0.086 seconds
[2024-01-06T02:39:48.896+0000] {processor.py:161} INFO - Started process (PID=42224) to work on /home/airflow/.local/lib/python3.8/site-packages/airflow/example_dags/example_xcom.py
[2024-01-06T02:39:48.899+0000] {processor.py:830} INFO - Processing file /home/airflow/.local/lib/python3.8/site-packages/airflow/example_dags/example_xcom.py for tasks to queue
[2024-01-06T02:39:48.901+0000] {logging_mixin.py:188} INFO - [2024-01-06T02:39:48.901+0000] {dagbag.py:538} INFO - Filling up the DagBag from /home/airflow/.local/lib/python3.8/site-packages/airflow/example_dags/example_xcom.py
[2024-01-06T02:39:48.912+0000] {processor.py:840} INFO - DAG(s) 'example_xcom' retrieved from /home/airflow/.local/lib/python3.8/site-packages/airflow/example_dags/example_xcom.py
[2024-01-06T02:39:48.930+0000] {logging_mixin.py:188} INFO - [2024-01-06T02:39:48.929+0000] {dag.py:3033} INFO - Sync 1 DAGs
[2024-01-06T02:39:48.945+0000] {logging_mixin.py:188} INFO - [2024-01-06T02:39:48.944+0000] {dag.py:3820} INFO - Setting next_dagrun for example_xcom to 2021-01-01T00:00:00+00:00, run_after=2021-01-01T00:00:00+00:00
[2024-01-06T02:39:48.960+0000] {processor.py:183} INFO - Processing /home/airflow/.local/lib/python3.8/site-packages/airflow/example_dags/example_xcom.py took 0.069 seconds
[2024-01-06T02:40:18.994+0000] {processor.py:161} INFO - Started process (PID=42283) to work on /home/airflow/.local/lib/python3.8/site-packages/airflow/example_dags/example_xcom.py
[2024-01-06T02:40:18.996+0000] {processor.py:830} INFO - Processing file /home/airflow/.local/lib/python3.8/site-packages/airflow/example_dags/example_xcom.py for tasks to queue
[2024-01-06T02:40:18.999+0000] {logging_mixin.py:188} INFO - [2024-01-06T02:40:18.998+0000] {dagbag.py:538} INFO - Filling up the DagBag from /home/airflow/.local/lib/python3.8/site-packages/airflow/example_dags/example_xcom.py
[2024-01-06T02:40:19.004+0000] {processor.py:840} INFO - DAG(s) 'example_xcom' retrieved from /home/airflow/.local/lib/python3.8/site-packages/airflow/example_dags/example_xcom.py
[2024-01-06T02:40:19.019+0000] {logging_mixin.py:188} INFO - [2024-01-06T02:40:19.019+0000] {dag.py:3033} INFO - Sync 1 DAGs
[2024-01-06T02:40:19.037+0000] {logging_mixin.py:188} INFO - [2024-01-06T02:40:19.037+0000] {dag.py:3820} INFO - Setting next_dagrun for example_xcom to 2021-01-01T00:00:00+00:00, run_after=2021-01-01T00:00:00+00:00
[2024-01-06T02:40:19.050+0000] {processor.py:183} INFO - Processing /home/airflow/.local/lib/python3.8/site-packages/airflow/example_dags/example_xcom.py took 0.058 seconds
[2024-01-06T02:40:56.353+0000] {processor.py:161} INFO - Started process (PID=42348) to work on /home/airflow/.local/lib/python3.8/site-packages/airflow/example_dags/example_xcom.py
[2024-01-06T02:40:56.408+0000] {processor.py:830} INFO - Processing file /home/airflow/.local/lib/python3.8/site-packages/airflow/example_dags/example_xcom.py for tasks to queue
[2024-01-06T02:40:56.469+0000] {logging_mixin.py:188} INFO - [2024-01-06T02:40:56.468+0000] {dagbag.py:538} INFO - Filling up the DagBag from /home/airflow/.local/lib/python3.8/site-packages/airflow/example_dags/example_xcom.py
[2024-01-06T02:40:56.602+0000] {processor.py:840} INFO - DAG(s) 'example_xcom' retrieved from /home/airflow/.local/lib/python3.8/site-packages/airflow/example_dags/example_xcom.py
[2024-01-06T02:40:56.829+0000] {logging_mixin.py:188} INFO - [2024-01-06T02:40:56.828+0000] {dag.py:3033} INFO - Sync 1 DAGs
[2024-01-06T02:40:57.105+0000] {logging_mixin.py:188} INFO - [2024-01-06T02:40:57.105+0000] {dag.py:3820} INFO - Setting next_dagrun for example_xcom to 2021-01-01T00:00:00+00:00, run_after=2021-01-01T00:00:00+00:00
[2024-01-06T02:40:57.295+0000] {processor.py:183} INFO - Processing /home/airflow/.local/lib/python3.8/site-packages/airflow/example_dags/example_xcom.py took 0.967 seconds
[2024-01-06T02:41:29.106+0000] {processor.py:161} INFO - Started process (PID=42406) to work on /home/airflow/.local/lib/python3.8/site-packages/airflow/example_dags/example_xcom.py
[2024-01-06T02:41:29.108+0000] {processor.py:830} INFO - Processing file /home/airflow/.local/lib/python3.8/site-packages/airflow/example_dags/example_xcom.py for tasks to queue
[2024-01-06T02:41:29.110+0000] {logging_mixin.py:188} INFO - [2024-01-06T02:41:29.110+0000] {dagbag.py:538} INFO - Filling up the DagBag from /home/airflow/.local/lib/python3.8/site-packages/airflow/example_dags/example_xcom.py
[2024-01-06T02:41:29.122+0000] {processor.py:840} INFO - DAG(s) 'example_xcom' retrieved from /home/airflow/.local/lib/python3.8/site-packages/airflow/example_dags/example_xcom.py
[2024-01-06T02:41:29.147+0000] {logging_mixin.py:188} INFO - [2024-01-06T02:41:29.147+0000] {dag.py:3033} INFO - Sync 1 DAGs
[2024-01-06T02:41:29.170+0000] {logging_mixin.py:188} INFO - [2024-01-06T02:41:29.170+0000] {dag.py:3820} INFO - Setting next_dagrun for example_xcom to 2021-01-01T00:00:00+00:00, run_after=2021-01-01T00:00:00+00:00
[2024-01-06T02:41:29.184+0000] {processor.py:183} INFO - Processing /home/airflow/.local/lib/python3.8/site-packages/airflow/example_dags/example_xcom.py took 0.082 seconds
[2024-01-06T02:41:59.854+0000] {processor.py:161} INFO - Started process (PID=42463) to work on /home/airflow/.local/lib/python3.8/site-packages/airflow/example_dags/example_xcom.py
[2024-01-06T02:41:59.856+0000] {processor.py:830} INFO - Processing file /home/airflow/.local/lib/python3.8/site-packages/airflow/example_dags/example_xcom.py for tasks to queue
[2024-01-06T02:41:59.858+0000] {logging_mixin.py:188} INFO - [2024-01-06T02:41:59.858+0000] {dagbag.py:538} INFO - Filling up the DagBag from /home/airflow/.local/lib/python3.8/site-packages/airflow/example_dags/example_xcom.py
[2024-01-06T02:41:59.864+0000] {processor.py:840} INFO - DAG(s) 'example_xcom' retrieved from /home/airflow/.local/lib/python3.8/site-packages/airflow/example_dags/example_xcom.py
[2024-01-06T02:41:59.881+0000] {logging_mixin.py:188} INFO - [2024-01-06T02:41:59.880+0000] {dag.py:3033} INFO - Sync 1 DAGs
[2024-01-06T02:41:59.893+0000] {logging_mixin.py:188} INFO - [2024-01-06T02:41:59.893+0000] {dag.py:3820} INFO - Setting next_dagrun for example_xcom to 2021-01-01T00:00:00+00:00, run_after=2021-01-01T00:00:00+00:00
[2024-01-06T02:41:59.907+0000] {processor.py:183} INFO - Processing /home/airflow/.local/lib/python3.8/site-packages/airflow/example_dags/example_xcom.py took 0.056 seconds
[2024-01-06T02:42:30.354+0000] {processor.py:161} INFO - Started process (PID=42521) to work on /home/airflow/.local/lib/python3.8/site-packages/airflow/example_dags/example_xcom.py
[2024-01-06T02:42:30.356+0000] {processor.py:830} INFO - Processing file /home/airflow/.local/lib/python3.8/site-packages/airflow/example_dags/example_xcom.py for tasks to queue
[2024-01-06T02:42:30.359+0000] {logging_mixin.py:188} INFO - [2024-01-06T02:42:30.358+0000] {dagbag.py:538} INFO - Filling up the DagBag from /home/airflow/.local/lib/python3.8/site-packages/airflow/example_dags/example_xcom.py
[2024-01-06T02:42:30.364+0000] {processor.py:840} INFO - DAG(s) 'example_xcom' retrieved from /home/airflow/.local/lib/python3.8/site-packages/airflow/example_dags/example_xcom.py
[2024-01-06T02:42:30.379+0000] {logging_mixin.py:188} INFO - [2024-01-06T02:42:30.379+0000] {dag.py:3033} INFO - Sync 1 DAGs
[2024-01-06T02:42:30.391+0000] {logging_mixin.py:188} INFO - [2024-01-06T02:42:30.391+0000] {dag.py:3820} INFO - Setting next_dagrun for example_xcom to 2021-01-01T00:00:00+00:00, run_after=2021-01-01T00:00:00+00:00
[2024-01-06T02:42:30.403+0000] {processor.py:183} INFO - Processing /home/airflow/.local/lib/python3.8/site-packages/airflow/example_dags/example_xcom.py took 0.051 seconds
[2024-01-06T02:43:00.693+0000] {processor.py:161} INFO - Started process (PID=42579) to work on /home/airflow/.local/lib/python3.8/site-packages/airflow/example_dags/example_xcom.py
[2024-01-06T02:43:00.694+0000] {processor.py:830} INFO - Processing file /home/airflow/.local/lib/python3.8/site-packages/airflow/example_dags/example_xcom.py for tasks to queue
[2024-01-06T02:43:00.696+0000] {logging_mixin.py:188} INFO - [2024-01-06T02:43:00.696+0000] {dagbag.py:538} INFO - Filling up the DagBag from /home/airflow/.local/lib/python3.8/site-packages/airflow/example_dags/example_xcom.py
[2024-01-06T02:43:00.701+0000] {processor.py:840} INFO - DAG(s) 'example_xcom' retrieved from /home/airflow/.local/lib/python3.8/site-packages/airflow/example_dags/example_xcom.py
[2024-01-06T02:43:00.715+0000] {logging_mixin.py:188} INFO - [2024-01-06T02:43:00.715+0000] {dag.py:3033} INFO - Sync 1 DAGs
[2024-01-06T02:43:00.728+0000] {logging_mixin.py:188} INFO - [2024-01-06T02:43:00.728+0000] {dag.py:3820} INFO - Setting next_dagrun for example_xcom to 2021-01-01T00:00:00+00:00, run_after=2021-01-01T00:00:00+00:00
[2024-01-06T02:43:00.739+0000] {processor.py:183} INFO - Processing /home/airflow/.local/lib/python3.8/site-packages/airflow/example_dags/example_xcom.py took 0.048 seconds
[2024-01-06T02:43:31.149+0000] {processor.py:161} INFO - Started process (PID=42637) to work on /home/airflow/.local/lib/python3.8/site-packages/airflow/example_dags/example_xcom.py
[2024-01-06T02:43:31.151+0000] {processor.py:830} INFO - Processing file /home/airflow/.local/lib/python3.8/site-packages/airflow/example_dags/example_xcom.py for tasks to queue
[2024-01-06T02:43:31.153+0000] {logging_mixin.py:188} INFO - [2024-01-06T02:43:31.153+0000] {dagbag.py:538} INFO - Filling up the DagBag from /home/airflow/.local/lib/python3.8/site-packages/airflow/example_dags/example_xcom.py
[2024-01-06T02:43:31.158+0000] {processor.py:840} INFO - DAG(s) 'example_xcom' retrieved from /home/airflow/.local/lib/python3.8/site-packages/airflow/example_dags/example_xcom.py
[2024-01-06T02:43:31.173+0000] {logging_mixin.py:188} INFO - [2024-01-06T02:43:31.173+0000] {dag.py:3033} INFO - Sync 1 DAGs
[2024-01-06T02:43:31.187+0000] {logging_mixin.py:188} INFO - [2024-01-06T02:43:31.186+0000] {dag.py:3820} INFO - Setting next_dagrun for example_xcom to 2021-01-01T00:00:00+00:00, run_after=2021-01-01T00:00:00+00:00
[2024-01-06T02:43:31.201+0000] {processor.py:183} INFO - Processing /home/airflow/.local/lib/python3.8/site-packages/airflow/example_dags/example_xcom.py took 0.054 seconds
[2024-01-06T02:44:01.460+0000] {processor.py:161} INFO - Started process (PID=42695) to work on /home/airflow/.local/lib/python3.8/site-packages/airflow/example_dags/example_xcom.py
[2024-01-06T02:44:01.462+0000] {processor.py:830} INFO - Processing file /home/airflow/.local/lib/python3.8/site-packages/airflow/example_dags/example_xcom.py for tasks to queue
[2024-01-06T02:44:01.464+0000] {logging_mixin.py:188} INFO - [2024-01-06T02:44:01.464+0000] {dagbag.py:538} INFO - Filling up the DagBag from /home/airflow/.local/lib/python3.8/site-packages/airflow/example_dags/example_xcom.py
[2024-01-06T02:44:01.469+0000] {processor.py:840} INFO - DAG(s) 'example_xcom' retrieved from /home/airflow/.local/lib/python3.8/site-packages/airflow/example_dags/example_xcom.py
[2024-01-06T02:44:01.486+0000] {logging_mixin.py:188} INFO - [2024-01-06T02:44:01.486+0000] {dag.py:3033} INFO - Sync 1 DAGs
[2024-01-06T02:44:01.500+0000] {logging_mixin.py:188} INFO - [2024-01-06T02:44:01.500+0000] {dag.py:3820} INFO - Setting next_dagrun for example_xcom to 2021-01-01T00:00:00+00:00, run_after=2021-01-01T00:00:00+00:00
[2024-01-06T02:44:01.512+0000] {processor.py:183} INFO - Processing /home/airflow/.local/lib/python3.8/site-packages/airflow/example_dags/example_xcom.py took 0.054 seconds
[2024-01-06T02:44:31.616+0000] {processor.py:161} INFO - Started process (PID=42753) to work on /home/airflow/.local/lib/python3.8/site-packages/airflow/example_dags/example_xcom.py
[2024-01-06T02:44:31.618+0000] {processor.py:830} INFO - Processing file /home/airflow/.local/lib/python3.8/site-packages/airflow/example_dags/example_xcom.py for tasks to queue
[2024-01-06T02:44:31.620+0000] {logging_mixin.py:188} INFO - [2024-01-06T02:44:31.620+0000] {dagbag.py:538} INFO - Filling up the DagBag from /home/airflow/.local/lib/python3.8/site-packages/airflow/example_dags/example_xcom.py
[2024-01-06T02:44:31.625+0000] {processor.py:840} INFO - DAG(s) 'example_xcom' retrieved from /home/airflow/.local/lib/python3.8/site-packages/airflow/example_dags/example_xcom.py
[2024-01-06T02:44:31.640+0000] {logging_mixin.py:188} INFO - [2024-01-06T02:44:31.639+0000] {dag.py:3033} INFO - Sync 1 DAGs
[2024-01-06T02:44:31.652+0000] {logging_mixin.py:188} INFO - [2024-01-06T02:44:31.652+0000] {dag.py:3820} INFO - Setting next_dagrun for example_xcom to 2021-01-01T00:00:00+00:00, run_after=2021-01-01T00:00:00+00:00
[2024-01-06T02:44:31.662+0000] {processor.py:183} INFO - Processing /home/airflow/.local/lib/python3.8/site-packages/airflow/example_dags/example_xcom.py took 0.048 seconds
[2024-01-06T02:45:01.959+0000] {processor.py:161} INFO - Started process (PID=42811) to work on /home/airflow/.local/lib/python3.8/site-packages/airflow/example_dags/example_xcom.py
[2024-01-06T02:45:01.960+0000] {processor.py:830} INFO - Processing file /home/airflow/.local/lib/python3.8/site-packages/airflow/example_dags/example_xcom.py for tasks to queue
[2024-01-06T02:45:01.962+0000] {logging_mixin.py:188} INFO - [2024-01-06T02:45:01.962+0000] {dagbag.py:538} INFO - Filling up the DagBag from /home/airflow/.local/lib/python3.8/site-packages/airflow/example_dags/example_xcom.py
[2024-01-06T02:45:01.968+0000] {processor.py:840} INFO - DAG(s) 'example_xcom' retrieved from /home/airflow/.local/lib/python3.8/site-packages/airflow/example_dags/example_xcom.py
[2024-01-06T02:45:01.983+0000] {logging_mixin.py:188} INFO - [2024-01-06T02:45:01.983+0000] {dag.py:3033} INFO - Sync 1 DAGs
[2024-01-06T02:45:01.996+0000] {logging_mixin.py:188} INFO - [2024-01-06T02:45:01.996+0000] {dag.py:3820} INFO - Setting next_dagrun for example_xcom to 2021-01-01T00:00:00+00:00, run_after=2021-01-01T00:00:00+00:00
[2024-01-06T02:45:02.009+0000] {processor.py:183} INFO - Processing /home/airflow/.local/lib/python3.8/site-packages/airflow/example_dags/example_xcom.py took 0.052 seconds
[2024-01-06T02:45:32.110+0000] {processor.py:161} INFO - Started process (PID=42869) to work on /home/airflow/.local/lib/python3.8/site-packages/airflow/example_dags/example_xcom.py
[2024-01-06T02:45:32.112+0000] {processor.py:830} INFO - Processing file /home/airflow/.local/lib/python3.8/site-packages/airflow/example_dags/example_xcom.py for tasks to queue
[2024-01-06T02:45:32.115+0000] {logging_mixin.py:188} INFO - [2024-01-06T02:45:32.115+0000] {dagbag.py:538} INFO - Filling up the DagBag from /home/airflow/.local/lib/python3.8/site-packages/airflow/example_dags/example_xcom.py
[2024-01-06T02:45:32.120+0000] {processor.py:840} INFO - DAG(s) 'example_xcom' retrieved from /home/airflow/.local/lib/python3.8/site-packages/airflow/example_dags/example_xcom.py
[2024-01-06T02:45:32.136+0000] {logging_mixin.py:188} INFO - [2024-01-06T02:45:32.136+0000] {dag.py:3033} INFO - Sync 1 DAGs
[2024-01-06T02:45:32.149+0000] {logging_mixin.py:188} INFO - [2024-01-06T02:45:32.149+0000] {dag.py:3820} INFO - Setting next_dagrun for example_xcom to 2021-01-01T00:00:00+00:00, run_after=2021-01-01T00:00:00+00:00
[2024-01-06T02:45:32.163+0000] {processor.py:183} INFO - Processing /home/airflow/.local/lib/python3.8/site-packages/airflow/example_dags/example_xcom.py took 0.057 seconds
[2024-01-06T02:46:02.350+0000] {processor.py:161} INFO - Started process (PID=42927) to work on /home/airflow/.local/lib/python3.8/site-packages/airflow/example_dags/example_xcom.py
[2024-01-06T02:46:02.351+0000] {processor.py:830} INFO - Processing file /home/airflow/.local/lib/python3.8/site-packages/airflow/example_dags/example_xcom.py for tasks to queue
[2024-01-06T02:46:02.354+0000] {logging_mixin.py:188} INFO - [2024-01-06T02:46:02.354+0000] {dagbag.py:538} INFO - Filling up the DagBag from /home/airflow/.local/lib/python3.8/site-packages/airflow/example_dags/example_xcom.py
[2024-01-06T02:46:02.360+0000] {processor.py:840} INFO - DAG(s) 'example_xcom' retrieved from /home/airflow/.local/lib/python3.8/site-packages/airflow/example_dags/example_xcom.py
[2024-01-06T02:46:02.376+0000] {logging_mixin.py:188} INFO - [2024-01-06T02:46:02.376+0000] {dag.py:3033} INFO - Sync 1 DAGs
[2024-01-06T02:46:02.391+0000] {logging_mixin.py:188} INFO - [2024-01-06T02:46:02.391+0000] {dag.py:3820} INFO - Setting next_dagrun for example_xcom to 2021-01-01T00:00:00+00:00, run_after=2021-01-01T00:00:00+00:00
[2024-01-06T02:46:02.410+0000] {processor.py:183} INFO - Processing /home/airflow/.local/lib/python3.8/site-packages/airflow/example_dags/example_xcom.py took 0.063 seconds
[2024-01-06T02:46:32.949+0000] {processor.py:161} INFO - Started process (PID=42985) to work on /home/airflow/.local/lib/python3.8/site-packages/airflow/example_dags/example_xcom.py
[2024-01-06T02:46:32.951+0000] {processor.py:830} INFO - Processing file /home/airflow/.local/lib/python3.8/site-packages/airflow/example_dags/example_xcom.py for tasks to queue
[2024-01-06T02:46:32.953+0000] {logging_mixin.py:188} INFO - [2024-01-06T02:46:32.953+0000] {dagbag.py:538} INFO - Filling up the DagBag from /home/airflow/.local/lib/python3.8/site-packages/airflow/example_dags/example_xcom.py
[2024-01-06T02:46:32.959+0000] {processor.py:840} INFO - DAG(s) 'example_xcom' retrieved from /home/airflow/.local/lib/python3.8/site-packages/airflow/example_dags/example_xcom.py
[2024-01-06T02:46:32.974+0000] {logging_mixin.py:188} INFO - [2024-01-06T02:46:32.974+0000] {dag.py:3033} INFO - Sync 1 DAGs
[2024-01-06T02:46:32.987+0000] {logging_mixin.py:188} INFO - [2024-01-06T02:46:32.987+0000] {dag.py:3820} INFO - Setting next_dagrun for example_xcom to 2021-01-01T00:00:00+00:00, run_after=2021-01-01T00:00:00+00:00
[2024-01-06T02:46:33.000+0000] {processor.py:183} INFO - Processing /home/airflow/.local/lib/python3.8/site-packages/airflow/example_dags/example_xcom.py took 0.053 seconds
[2024-01-06T02:47:03.186+0000] {processor.py:161} INFO - Started process (PID=43043) to work on /home/airflow/.local/lib/python3.8/site-packages/airflow/example_dags/example_xcom.py
[2024-01-06T02:47:03.189+0000] {processor.py:830} INFO - Processing file /home/airflow/.local/lib/python3.8/site-packages/airflow/example_dags/example_xcom.py for tasks to queue
[2024-01-06T02:47:03.191+0000] {logging_mixin.py:188} INFO - [2024-01-06T02:47:03.191+0000] {dagbag.py:538} INFO - Filling up the DagBag from /home/airflow/.local/lib/python3.8/site-packages/airflow/example_dags/example_xcom.py
[2024-01-06T02:47:03.197+0000] {processor.py:840} INFO - DAG(s) 'example_xcom' retrieved from /home/airflow/.local/lib/python3.8/site-packages/airflow/example_dags/example_xcom.py
[2024-01-06T02:47:03.213+0000] {logging_mixin.py:188} INFO - [2024-01-06T02:47:03.213+0000] {dag.py:3033} INFO - Sync 1 DAGs
[2024-01-06T02:47:03.227+0000] {logging_mixin.py:188} INFO - [2024-01-06T02:47:03.227+0000] {dag.py:3820} INFO - Setting next_dagrun for example_xcom to 2021-01-01T00:00:00+00:00, run_after=2021-01-01T00:00:00+00:00
[2024-01-06T02:47:03.239+0000] {processor.py:183} INFO - Processing /home/airflow/.local/lib/python3.8/site-packages/airflow/example_dags/example_xcom.py took 0.057 seconds
[2024-01-06T02:47:33.815+0000] {processor.py:161} INFO - Started process (PID=43101) to work on /home/airflow/.local/lib/python3.8/site-packages/airflow/example_dags/example_xcom.py
[2024-01-06T02:47:33.817+0000] {processor.py:830} INFO - Processing file /home/airflow/.local/lib/python3.8/site-packages/airflow/example_dags/example_xcom.py for tasks to queue
[2024-01-06T02:47:33.819+0000] {logging_mixin.py:188} INFO - [2024-01-06T02:47:33.819+0000] {dagbag.py:538} INFO - Filling up the DagBag from /home/airflow/.local/lib/python3.8/site-packages/airflow/example_dags/example_xcom.py
[2024-01-06T02:47:33.824+0000] {processor.py:840} INFO - DAG(s) 'example_xcom' retrieved from /home/airflow/.local/lib/python3.8/site-packages/airflow/example_dags/example_xcom.py
[2024-01-06T02:47:33.839+0000] {logging_mixin.py:188} INFO - [2024-01-06T02:47:33.839+0000] {dag.py:3033} INFO - Sync 1 DAGs
[2024-01-06T02:47:33.853+0000] {logging_mixin.py:188} INFO - [2024-01-06T02:47:33.853+0000] {dag.py:3820} INFO - Setting next_dagrun for example_xcom to 2021-01-01T00:00:00+00:00, run_after=2021-01-01T00:00:00+00:00
[2024-01-06T02:47:33.865+0000] {processor.py:183} INFO - Processing /home/airflow/.local/lib/python3.8/site-packages/airflow/example_dags/example_xcom.py took 0.052 seconds
[2024-01-06T02:48:03.925+0000] {processor.py:161} INFO - Started process (PID=43159) to work on /home/airflow/.local/lib/python3.8/site-packages/airflow/example_dags/example_xcom.py
[2024-01-06T02:48:03.934+0000] {processor.py:830} INFO - Processing file /home/airflow/.local/lib/python3.8/site-packages/airflow/example_dags/example_xcom.py for tasks to queue
[2024-01-06T02:48:03.937+0000] {logging_mixin.py:188} INFO - [2024-01-06T02:48:03.936+0000] {dagbag.py:538} INFO - Filling up the DagBag from /home/airflow/.local/lib/python3.8/site-packages/airflow/example_dags/example_xcom.py
[2024-01-06T02:48:03.942+0000] {processor.py:840} INFO - DAG(s) 'example_xcom' retrieved from /home/airflow/.local/lib/python3.8/site-packages/airflow/example_dags/example_xcom.py
[2024-01-06T02:48:03.958+0000] {logging_mixin.py:188} INFO - [2024-01-06T02:48:03.958+0000] {dag.py:3033} INFO - Sync 1 DAGs
[2024-01-06T02:48:03.972+0000] {logging_mixin.py:188} INFO - [2024-01-06T02:48:03.972+0000] {dag.py:3820} INFO - Setting next_dagrun for example_xcom to 2021-01-01T00:00:00+00:00, run_after=2021-01-01T00:00:00+00:00
[2024-01-06T02:48:03.984+0000] {processor.py:183} INFO - Processing /home/airflow/.local/lib/python3.8/site-packages/airflow/example_dags/example_xcom.py took 0.063 seconds
[2024-01-06T02:48:34.514+0000] {processor.py:161} INFO - Started process (PID=43217) to work on /home/airflow/.local/lib/python3.8/site-packages/airflow/example_dags/example_xcom.py
[2024-01-06T02:48:34.516+0000] {processor.py:830} INFO - Processing file /home/airflow/.local/lib/python3.8/site-packages/airflow/example_dags/example_xcom.py for tasks to queue
[2024-01-06T02:48:34.518+0000] {logging_mixin.py:188} INFO - [2024-01-06T02:48:34.518+0000] {dagbag.py:538} INFO - Filling up the DagBag from /home/airflow/.local/lib/python3.8/site-packages/airflow/example_dags/example_xcom.py
[2024-01-06T02:48:34.528+0000] {processor.py:840} INFO - DAG(s) 'example_xcom' retrieved from /home/airflow/.local/lib/python3.8/site-packages/airflow/example_dags/example_xcom.py
[2024-01-06T02:48:34.545+0000] {logging_mixin.py:188} INFO - [2024-01-06T02:48:34.545+0000] {dag.py:3033} INFO - Sync 1 DAGs
[2024-01-06T02:48:34.566+0000] {logging_mixin.py:188} INFO - [2024-01-06T02:48:34.565+0000] {dag.py:3820} INFO - Setting next_dagrun for example_xcom to 2021-01-01T00:00:00+00:00, run_after=2021-01-01T00:00:00+00:00
[2024-01-06T02:48:34.579+0000] {processor.py:183} INFO - Processing /home/airflow/.local/lib/python3.8/site-packages/airflow/example_dags/example_xcom.py took 0.068 seconds
[2024-01-06T02:49:22.706+0000] {processor.py:161} INFO - Started process (PID=43275) to work on /home/airflow/.local/lib/python3.8/site-packages/airflow/example_dags/example_xcom.py
[2024-01-06T02:49:22.713+0000] {processor.py:830} INFO - Processing file /home/airflow/.local/lib/python3.8/site-packages/airflow/example_dags/example_xcom.py for tasks to queue
[2024-01-06T02:49:22.717+0000] {logging_mixin.py:188} INFO - [2024-01-06T02:49:22.717+0000] {dagbag.py:538} INFO - Filling up the DagBag from /home/airflow/.local/lib/python3.8/site-packages/airflow/example_dags/example_xcom.py
[2024-01-06T02:49:22.752+0000] {processor.py:840} INFO - DAG(s) 'example_xcom' retrieved from /home/airflow/.local/lib/python3.8/site-packages/airflow/example_dags/example_xcom.py
[2024-01-06T02:49:22.855+0000] {logging_mixin.py:188} INFO - [2024-01-06T02:49:22.855+0000] {dag.py:3033} INFO - Sync 1 DAGs
[2024-01-06T02:49:22.913+0000] {logging_mixin.py:188} INFO - [2024-01-06T02:49:22.913+0000] {dag.py:3820} INFO - Setting next_dagrun for example_xcom to 2021-01-01T00:00:00+00:00, run_after=2021-01-01T00:00:00+00:00
[2024-01-06T02:49:22.949+0000] {processor.py:183} INFO - Processing /home/airflow/.local/lib/python3.8/site-packages/airflow/example_dags/example_xcom.py took 0.250 seconds
[2024-01-06T02:49:53.622+0000] {processor.py:161} INFO - Started process (PID=43331) to work on /home/airflow/.local/lib/python3.8/site-packages/airflow/example_dags/example_xcom.py
[2024-01-06T02:49:53.624+0000] {processor.py:830} INFO - Processing file /home/airflow/.local/lib/python3.8/site-packages/airflow/example_dags/example_xcom.py for tasks to queue
[2024-01-06T02:49:53.636+0000] {logging_mixin.py:188} INFO - [2024-01-06T02:49:53.635+0000] {dagbag.py:538} INFO - Filling up the DagBag from /home/airflow/.local/lib/python3.8/site-packages/airflow/example_dags/example_xcom.py
[2024-01-06T02:49:53.660+0000] {processor.py:840} INFO - DAG(s) 'example_xcom' retrieved from /home/airflow/.local/lib/python3.8/site-packages/airflow/example_dags/example_xcom.py
[2024-01-06T02:49:53.732+0000] {logging_mixin.py:188} INFO - [2024-01-06T02:49:53.731+0000] {dag.py:3033} INFO - Sync 1 DAGs
[2024-01-06T02:49:53.769+0000] {logging_mixin.py:188} INFO - [2024-01-06T02:49:53.768+0000] {dag.py:3820} INFO - Setting next_dagrun for example_xcom to 2021-01-01T00:00:00+00:00, run_after=2021-01-01T00:00:00+00:00
[2024-01-06T02:49:53.798+0000] {processor.py:183} INFO - Processing /home/airflow/.local/lib/python3.8/site-packages/airflow/example_dags/example_xcom.py took 0.190 seconds
[2024-01-06T02:50:24.345+0000] {processor.py:161} INFO - Started process (PID=43388) to work on /home/airflow/.local/lib/python3.8/site-packages/airflow/example_dags/example_xcom.py
[2024-01-06T02:50:24.349+0000] {processor.py:830} INFO - Processing file /home/airflow/.local/lib/python3.8/site-packages/airflow/example_dags/example_xcom.py for tasks to queue
[2024-01-06T02:50:24.353+0000] {logging_mixin.py:188} INFO - [2024-01-06T02:50:24.353+0000] {dagbag.py:538} INFO - Filling up the DagBag from /home/airflow/.local/lib/python3.8/site-packages/airflow/example_dags/example_xcom.py
[2024-01-06T02:50:24.366+0000] {processor.py:840} INFO - DAG(s) 'example_xcom' retrieved from /home/airflow/.local/lib/python3.8/site-packages/airflow/example_dags/example_xcom.py
[2024-01-06T02:50:24.394+0000] {logging_mixin.py:188} INFO - [2024-01-06T02:50:24.393+0000] {dag.py:3033} INFO - Sync 1 DAGs
[2024-01-06T02:50:24.419+0000] {logging_mixin.py:188} INFO - [2024-01-06T02:50:24.419+0000] {dag.py:3820} INFO - Setting next_dagrun for example_xcom to 2021-01-01T00:00:00+00:00, run_after=2021-01-01T00:00:00+00:00
[2024-01-06T02:50:24.444+0000] {processor.py:183} INFO - Processing /home/airflow/.local/lib/python3.8/site-packages/airflow/example_dags/example_xcom.py took 0.115 seconds
[2024-01-06T02:50:55.211+0000] {processor.py:161} INFO - Started process (PID=43446) to work on /home/airflow/.local/lib/python3.8/site-packages/airflow/example_dags/example_xcom.py
[2024-01-06T02:50:55.213+0000] {processor.py:830} INFO - Processing file /home/airflow/.local/lib/python3.8/site-packages/airflow/example_dags/example_xcom.py for tasks to queue
[2024-01-06T02:50:55.219+0000] {logging_mixin.py:188} INFO - [2024-01-06T02:50:55.218+0000] {dagbag.py:538} INFO - Filling up the DagBag from /home/airflow/.local/lib/python3.8/site-packages/airflow/example_dags/example_xcom.py
[2024-01-06T02:50:55.231+0000] {processor.py:840} INFO - DAG(s) 'example_xcom' retrieved from /home/airflow/.local/lib/python3.8/site-packages/airflow/example_dags/example_xcom.py
[2024-01-06T02:50:55.255+0000] {logging_mixin.py:188} INFO - [2024-01-06T02:50:55.254+0000] {dag.py:3033} INFO - Sync 1 DAGs
[2024-01-06T02:50:55.271+0000] {logging_mixin.py:188} INFO - [2024-01-06T02:50:55.271+0000] {dag.py:3820} INFO - Setting next_dagrun for example_xcom to 2021-01-01T00:00:00+00:00, run_after=2021-01-01T00:00:00+00:00
[2024-01-06T02:50:55.287+0000] {processor.py:183} INFO - Processing /home/airflow/.local/lib/python3.8/site-packages/airflow/example_dags/example_xcom.py took 0.082 seconds
[2024-01-06T02:51:26.237+0000] {processor.py:161} INFO - Started process (PID=43504) to work on /home/airflow/.local/lib/python3.8/site-packages/airflow/example_dags/example_xcom.py
[2024-01-06T02:51:26.241+0000] {processor.py:830} INFO - Processing file /home/airflow/.local/lib/python3.8/site-packages/airflow/example_dags/example_xcom.py for tasks to queue
[2024-01-06T02:51:26.244+0000] {logging_mixin.py:188} INFO - [2024-01-06T02:51:26.244+0000] {dagbag.py:538} INFO - Filling up the DagBag from /home/airflow/.local/lib/python3.8/site-packages/airflow/example_dags/example_xcom.py
[2024-01-06T02:51:26.259+0000] {processor.py:840} INFO - DAG(s) 'example_xcom' retrieved from /home/airflow/.local/lib/python3.8/site-packages/airflow/example_dags/example_xcom.py
[2024-01-06T02:51:26.285+0000] {logging_mixin.py:188} INFO - [2024-01-06T02:51:26.285+0000] {dag.py:3033} INFO - Sync 1 DAGs
[2024-01-06T02:51:26.303+0000] {logging_mixin.py:188} INFO - [2024-01-06T02:51:26.303+0000] {dag.py:3820} INFO - Setting next_dagrun for example_xcom to 2021-01-01T00:00:00+00:00, run_after=2021-01-01T00:00:00+00:00
[2024-01-06T02:51:26.316+0000] {processor.py:183} INFO - Processing /home/airflow/.local/lib/python3.8/site-packages/airflow/example_dags/example_xcom.py took 0.089 seconds
