[2024-01-06T01:20:15.868+0000] {processor.py:161} INFO - Started process (PID=39367) to work on /home/airflow/.local/lib/python3.8/site-packages/airflow/example_dags/example_complex.py
[2024-01-06T01:20:15.869+0000] {processor.py:830} INFO - Processing file /home/airflow/.local/lib/python3.8/site-packages/airflow/example_dags/example_complex.py for tasks to queue
[2024-01-06T01:20:15.872+0000] {logging_mixin.py:188} INFO - [2024-01-06T01:20:15.871+0000] {dagbag.py:538} INFO - Filling up the DagBag from /home/airflow/.local/lib/python3.8/site-packages/airflow/example_dags/example_complex.py
[2024-01-06T01:20:15.878+0000] {processor.py:840} INFO - DAG(s) 'example_complex' retrieved from /home/airflow/.local/lib/python3.8/site-packages/airflow/example_dags/example_complex.py
[2024-01-06T01:20:15.897+0000] {logging_mixin.py:188} INFO - [2024-01-06T01:20:15.897+0000] {dag.py:3033} INFO - Sync 1 DAGs
[2024-01-06T01:20:15.905+0000] {logging_mixin.py:188} INFO - [2024-01-06T01:20:15.904+0000] {dag.py:3820} INFO - Setting next_dagrun for example_complex to None, run_after=None
[2024-01-06T01:20:15.917+0000] {processor.py:183} INFO - Processing /home/airflow/.local/lib/python3.8/site-packages/airflow/example_dags/example_complex.py took 0.052 seconds
[2024-01-06T01:47:35.099+0000] {processor.py:161} INFO - Started process (PID=39425) to work on /home/airflow/.local/lib/python3.8/site-packages/airflow/example_dags/example_complex.py
[2024-01-06T01:47:35.101+0000] {processor.py:830} INFO - Processing file /home/airflow/.local/lib/python3.8/site-packages/airflow/example_dags/example_complex.py for tasks to queue
[2024-01-06T01:47:35.103+0000] {logging_mixin.py:188} INFO - [2024-01-06T01:47:35.103+0000] {dagbag.py:538} INFO - Filling up the DagBag from /home/airflow/.local/lib/python3.8/site-packages/airflow/example_dags/example_complex.py
[2024-01-06T01:47:35.110+0000] {processor.py:840} INFO - DAG(s) 'example_complex' retrieved from /home/airflow/.local/lib/python3.8/site-packages/airflow/example_dags/example_complex.py
[2024-01-06T01:47:35.132+0000] {logging_mixin.py:188} INFO - [2024-01-06T01:47:35.132+0000] {dag.py:3033} INFO - Sync 1 DAGs
[2024-01-06T01:47:35.141+0000] {logging_mixin.py:188} INFO - [2024-01-06T01:47:35.141+0000] {dag.py:3820} INFO - Setting next_dagrun for example_complex to None, run_after=None
[2024-01-06T01:47:35.154+0000] {processor.py:183} INFO - Processing /home/airflow/.local/lib/python3.8/site-packages/airflow/example_dags/example_complex.py took 0.058 seconds
[2024-01-06T01:48:05.700+0000] {processor.py:161} INFO - Started process (PID=39483) to work on /home/airflow/.local/lib/python3.8/site-packages/airflow/example_dags/example_complex.py
[2024-01-06T01:48:05.701+0000] {processor.py:830} INFO - Processing file /home/airflow/.local/lib/python3.8/site-packages/airflow/example_dags/example_complex.py for tasks to queue
[2024-01-06T01:48:05.703+0000] {logging_mixin.py:188} INFO - [2024-01-06T01:48:05.703+0000] {dagbag.py:538} INFO - Filling up the DagBag from /home/airflow/.local/lib/python3.8/site-packages/airflow/example_dags/example_complex.py
[2024-01-06T01:48:05.710+0000] {processor.py:840} INFO - DAG(s) 'example_complex' retrieved from /home/airflow/.local/lib/python3.8/site-packages/airflow/example_dags/example_complex.py
[2024-01-06T01:48:05.730+0000] {logging_mixin.py:188} INFO - [2024-01-06T01:48:05.730+0000] {dag.py:3033} INFO - Sync 1 DAGs
[2024-01-06T01:48:05.738+0000] {logging_mixin.py:188} INFO - [2024-01-06T01:48:05.738+0000] {dag.py:3820} INFO - Setting next_dagrun for example_complex to None, run_after=None
[2024-01-06T01:48:05.750+0000] {processor.py:183} INFO - Processing /home/airflow/.local/lib/python3.8/site-packages/airflow/example_dags/example_complex.py took 0.053 seconds
[2024-01-06T02:05:27.142+0000] {processor.py:161} INFO - Started process (PID=39541) to work on /home/airflow/.local/lib/python3.8/site-packages/airflow/example_dags/example_complex.py
[2024-01-06T02:05:27.144+0000] {processor.py:830} INFO - Processing file /home/airflow/.local/lib/python3.8/site-packages/airflow/example_dags/example_complex.py for tasks to queue
[2024-01-06T02:05:27.146+0000] {logging_mixin.py:188} INFO - [2024-01-06T02:05:27.146+0000] {dagbag.py:538} INFO - Filling up the DagBag from /home/airflow/.local/lib/python3.8/site-packages/airflow/example_dags/example_complex.py
[2024-01-06T02:05:27.153+0000] {processor.py:840} INFO - DAG(s) 'example_complex' retrieved from /home/airflow/.local/lib/python3.8/site-packages/airflow/example_dags/example_complex.py
[2024-01-06T02:05:27.174+0000] {logging_mixin.py:188} INFO - [2024-01-06T02:05:27.174+0000] {dag.py:3033} INFO - Sync 1 DAGs
[2024-01-06T02:05:27.182+0000] {logging_mixin.py:188} INFO - [2024-01-06T02:05:27.182+0000] {dag.py:3820} INFO - Setting next_dagrun for example_complex to None, run_after=None
[2024-01-06T02:05:27.194+0000] {processor.py:183} INFO - Processing /home/airflow/.local/lib/python3.8/site-packages/airflow/example_dags/example_complex.py took 0.055 seconds
[2024-01-06T02:16:26.759+0000] {processor.py:161} INFO - Started process (PID=39599) to work on /home/airflow/.local/lib/python3.8/site-packages/airflow/example_dags/example_complex.py
[2024-01-06T02:16:26.761+0000] {processor.py:830} INFO - Processing file /home/airflow/.local/lib/python3.8/site-packages/airflow/example_dags/example_complex.py for tasks to queue
[2024-01-06T02:16:26.763+0000] {logging_mixin.py:188} INFO - [2024-01-06T02:16:26.763+0000] {dagbag.py:538} INFO - Filling up the DagBag from /home/airflow/.local/lib/python3.8/site-packages/airflow/example_dags/example_complex.py
[2024-01-06T02:16:26.770+0000] {processor.py:840} INFO - DAG(s) 'example_complex' retrieved from /home/airflow/.local/lib/python3.8/site-packages/airflow/example_dags/example_complex.py
[2024-01-06T02:16:26.791+0000] {logging_mixin.py:188} INFO - [2024-01-06T02:16:26.791+0000] {dag.py:3033} INFO - Sync 1 DAGs
[2024-01-06T02:16:26.800+0000] {logging_mixin.py:188} INFO - [2024-01-06T02:16:26.800+0000] {dag.py:3820} INFO - Setting next_dagrun for example_complex to None, run_after=None
[2024-01-06T02:16:26.813+0000] {processor.py:183} INFO - Processing /home/airflow/.local/lib/python3.8/site-packages/airflow/example_dags/example_complex.py took 0.056 seconds
[2024-01-06T02:17:05.046+0000] {processor.py:161} INFO - Started process (PID=39657) to work on /home/airflow/.local/lib/python3.8/site-packages/airflow/example_dags/example_complex.py
[2024-01-06T02:17:05.058+0000] {processor.py:830} INFO - Processing file /home/airflow/.local/lib/python3.8/site-packages/airflow/example_dags/example_complex.py for tasks to queue
[2024-01-06T02:17:05.082+0000] {logging_mixin.py:188} INFO - [2024-01-06T02:17:05.081+0000] {dagbag.py:538} INFO - Filling up the DagBag from /home/airflow/.local/lib/python3.8/site-packages/airflow/example_dags/example_complex.py
[2024-01-06T02:17:05.114+0000] {processor.py:840} INFO - DAG(s) 'example_complex' retrieved from /home/airflow/.local/lib/python3.8/site-packages/airflow/example_dags/example_complex.py
[2024-01-06T02:17:05.422+0000] {logging_mixin.py:188} INFO - [2024-01-06T02:17:05.420+0000] {dag.py:3033} INFO - Sync 1 DAGs
[2024-01-06T02:17:05.563+0000] {logging_mixin.py:188} INFO - [2024-01-06T02:17:05.562+0000] {dag.py:3820} INFO - Setting next_dagrun for example_complex to None, run_after=None
[2024-01-06T02:17:05.779+0000] {processor.py:183} INFO - Processing /home/airflow/.local/lib/python3.8/site-packages/airflow/example_dags/example_complex.py took 0.756 seconds
[2024-01-06T02:17:36.506+0000] {processor.py:161} INFO - Started process (PID=39715) to work on /home/airflow/.local/lib/python3.8/site-packages/airflow/example_dags/example_complex.py
[2024-01-06T02:17:36.509+0000] {processor.py:830} INFO - Processing file /home/airflow/.local/lib/python3.8/site-packages/airflow/example_dags/example_complex.py for tasks to queue
[2024-01-06T02:17:36.512+0000] {logging_mixin.py:188} INFO - [2024-01-06T02:17:36.512+0000] {dagbag.py:538} INFO - Filling up the DagBag from /home/airflow/.local/lib/python3.8/site-packages/airflow/example_dags/example_complex.py
[2024-01-06T02:17:36.522+0000] {processor.py:840} INFO - DAG(s) 'example_complex' retrieved from /home/airflow/.local/lib/python3.8/site-packages/airflow/example_dags/example_complex.py
[2024-01-06T02:17:36.547+0000] {logging_mixin.py:188} INFO - [2024-01-06T02:17:36.546+0000] {dag.py:3033} INFO - Sync 1 DAGs
[2024-01-06T02:17:36.554+0000] {logging_mixin.py:188} INFO - [2024-01-06T02:17:36.554+0000] {dag.py:3820} INFO - Setting next_dagrun for example_complex to None, run_after=None
[2024-01-06T02:17:36.566+0000] {processor.py:183} INFO - Processing /home/airflow/.local/lib/python3.8/site-packages/airflow/example_dags/example_complex.py took 0.065 seconds
[2024-01-06T02:18:06.857+0000] {processor.py:161} INFO - Started process (PID=39773) to work on /home/airflow/.local/lib/python3.8/site-packages/airflow/example_dags/example_complex.py
[2024-01-06T02:18:06.860+0000] {processor.py:830} INFO - Processing file /home/airflow/.local/lib/python3.8/site-packages/airflow/example_dags/example_complex.py for tasks to queue
[2024-01-06T02:18:06.865+0000] {logging_mixin.py:188} INFO - [2024-01-06T02:18:06.864+0000] {dagbag.py:538} INFO - Filling up the DagBag from /home/airflow/.local/lib/python3.8/site-packages/airflow/example_dags/example_complex.py
[2024-01-06T02:18:06.875+0000] {processor.py:840} INFO - DAG(s) 'example_complex' retrieved from /home/airflow/.local/lib/python3.8/site-packages/airflow/example_dags/example_complex.py
[2024-01-06T02:18:06.896+0000] {logging_mixin.py:188} INFO - [2024-01-06T02:18:06.896+0000] {dag.py:3033} INFO - Sync 1 DAGs
[2024-01-06T02:18:06.904+0000] {logging_mixin.py:188} INFO - [2024-01-06T02:18:06.904+0000] {dag.py:3820} INFO - Setting next_dagrun for example_complex to None, run_after=None
[2024-01-06T02:18:06.915+0000] {processor.py:183} INFO - Processing /home/airflow/.local/lib/python3.8/site-packages/airflow/example_dags/example_complex.py took 0.068 seconds
[2024-01-06T02:18:37.351+0000] {processor.py:161} INFO - Started process (PID=39831) to work on /home/airflow/.local/lib/python3.8/site-packages/airflow/example_dags/example_complex.py
[2024-01-06T02:18:37.354+0000] {processor.py:830} INFO - Processing file /home/airflow/.local/lib/python3.8/site-packages/airflow/example_dags/example_complex.py for tasks to queue
[2024-01-06T02:18:37.358+0000] {logging_mixin.py:188} INFO - [2024-01-06T02:18:37.357+0000] {dagbag.py:538} INFO - Filling up the DagBag from /home/airflow/.local/lib/python3.8/site-packages/airflow/example_dags/example_complex.py
[2024-01-06T02:18:37.369+0000] {processor.py:840} INFO - DAG(s) 'example_complex' retrieved from /home/airflow/.local/lib/python3.8/site-packages/airflow/example_dags/example_complex.py
[2024-01-06T02:18:37.393+0000] {logging_mixin.py:188} INFO - [2024-01-06T02:18:37.393+0000] {dag.py:3033} INFO - Sync 1 DAGs
[2024-01-06T02:18:37.400+0000] {logging_mixin.py:188} INFO - [2024-01-06T02:18:37.400+0000] {dag.py:3820} INFO - Setting next_dagrun for example_complex to None, run_after=None
[2024-01-06T02:18:37.412+0000] {processor.py:183} INFO - Processing /home/airflow/.local/lib/python3.8/site-packages/airflow/example_dags/example_complex.py took 0.067 seconds
[2024-01-06T02:19:07.939+0000] {processor.py:161} INFO - Started process (PID=39890) to work on /home/airflow/.local/lib/python3.8/site-packages/airflow/example_dags/example_complex.py
[2024-01-06T02:19:07.966+0000] {processor.py:830} INFO - Processing file /home/airflow/.local/lib/python3.8/site-packages/airflow/example_dags/example_complex.py for tasks to queue
[2024-01-06T02:19:07.984+0000] {logging_mixin.py:188} INFO - [2024-01-06T02:19:07.981+0000] {dagbag.py:538} INFO - Filling up the DagBag from /home/airflow/.local/lib/python3.8/site-packages/airflow/example_dags/example_complex.py
[2024-01-06T02:19:08.001+0000] {processor.py:840} INFO - DAG(s) 'example_complex' retrieved from /home/airflow/.local/lib/python3.8/site-packages/airflow/example_dags/example_complex.py
[2024-01-06T02:19:08.033+0000] {logging_mixin.py:188} INFO - [2024-01-06T02:19:08.032+0000] {dag.py:3033} INFO - Sync 1 DAGs
[2024-01-06T02:19:08.049+0000] {logging_mixin.py:188} INFO - [2024-01-06T02:19:08.049+0000] {dag.py:3820} INFO - Setting next_dagrun for example_complex to None, run_after=None
[2024-01-06T02:19:08.066+0000] {processor.py:183} INFO - Processing /home/airflow/.local/lib/python3.8/site-packages/airflow/example_dags/example_complex.py took 0.140 seconds
[2024-01-06T02:19:38.369+0000] {processor.py:161} INFO - Started process (PID=39948) to work on /home/airflow/.local/lib/python3.8/site-packages/airflow/example_dags/example_complex.py
[2024-01-06T02:19:38.373+0000] {processor.py:830} INFO - Processing file /home/airflow/.local/lib/python3.8/site-packages/airflow/example_dags/example_complex.py for tasks to queue
[2024-01-06T02:19:38.382+0000] {logging_mixin.py:188} INFO - [2024-01-06T02:19:38.381+0000] {dagbag.py:538} INFO - Filling up the DagBag from /home/airflow/.local/lib/python3.8/site-packages/airflow/example_dags/example_complex.py
[2024-01-06T02:19:38.409+0000] {processor.py:840} INFO - DAG(s) 'example_complex' retrieved from /home/airflow/.local/lib/python3.8/site-packages/airflow/example_dags/example_complex.py
[2024-01-06T02:19:38.464+0000] {logging_mixin.py:188} INFO - [2024-01-06T02:19:38.463+0000] {dag.py:3033} INFO - Sync 1 DAGs
[2024-01-06T02:19:38.486+0000] {logging_mixin.py:188} INFO - [2024-01-06T02:19:38.486+0000] {dag.py:3820} INFO - Setting next_dagrun for example_complex to None, run_after=None
[2024-01-06T02:19:38.505+0000] {processor.py:183} INFO - Processing /home/airflow/.local/lib/python3.8/site-packages/airflow/example_dags/example_complex.py took 0.147 seconds
[2024-01-06T02:20:08.901+0000] {processor.py:161} INFO - Started process (PID=40006) to work on /home/airflow/.local/lib/python3.8/site-packages/airflow/example_dags/example_complex.py
[2024-01-06T02:20:08.902+0000] {processor.py:830} INFO - Processing file /home/airflow/.local/lib/python3.8/site-packages/airflow/example_dags/example_complex.py for tasks to queue
[2024-01-06T02:20:08.905+0000] {logging_mixin.py:188} INFO - [2024-01-06T02:20:08.904+0000] {dagbag.py:538} INFO - Filling up the DagBag from /home/airflow/.local/lib/python3.8/site-packages/airflow/example_dags/example_complex.py
[2024-01-06T02:20:08.913+0000] {processor.py:840} INFO - DAG(s) 'example_complex' retrieved from /home/airflow/.local/lib/python3.8/site-packages/airflow/example_dags/example_complex.py
[2024-01-06T02:20:08.936+0000] {logging_mixin.py:188} INFO - [2024-01-06T02:20:08.936+0000] {dag.py:3033} INFO - Sync 1 DAGs
[2024-01-06T02:20:08.945+0000] {logging_mixin.py:188} INFO - [2024-01-06T02:20:08.945+0000] {dag.py:3820} INFO - Setting next_dagrun for example_complex to None, run_after=None
[2024-01-06T02:20:08.959+0000] {processor.py:183} INFO - Processing /home/airflow/.local/lib/python3.8/site-packages/airflow/example_dags/example_complex.py took 0.061 seconds
[2024-01-06T02:20:39.820+0000] {processor.py:161} INFO - Started process (PID=40064) to work on /home/airflow/.local/lib/python3.8/site-packages/airflow/example_dags/example_complex.py
[2024-01-06T02:20:39.824+0000] {processor.py:830} INFO - Processing file /home/airflow/.local/lib/python3.8/site-packages/airflow/example_dags/example_complex.py for tasks to queue
[2024-01-06T02:20:39.828+0000] {logging_mixin.py:188} INFO - [2024-01-06T02:20:39.827+0000] {dagbag.py:538} INFO - Filling up the DagBag from /home/airflow/.local/lib/python3.8/site-packages/airflow/example_dags/example_complex.py
[2024-01-06T02:20:39.839+0000] {processor.py:840} INFO - DAG(s) 'example_complex' retrieved from /home/airflow/.local/lib/python3.8/site-packages/airflow/example_dags/example_complex.py
[2024-01-06T02:20:39.863+0000] {logging_mixin.py:188} INFO - [2024-01-06T02:20:39.863+0000] {dag.py:3033} INFO - Sync 1 DAGs
[2024-01-06T02:20:39.871+0000] {logging_mixin.py:188} INFO - [2024-01-06T02:20:39.870+0000] {dag.py:3820} INFO - Setting next_dagrun for example_complex to None, run_after=None
[2024-01-06T02:20:39.883+0000] {processor.py:183} INFO - Processing /home/airflow/.local/lib/python3.8/site-packages/airflow/example_dags/example_complex.py took 0.070 seconds
[2024-01-06T02:21:10.523+0000] {processor.py:161} INFO - Started process (PID=40122) to work on /home/airflow/.local/lib/python3.8/site-packages/airflow/example_dags/example_complex.py
[2024-01-06T02:21:10.526+0000] {processor.py:830} INFO - Processing file /home/airflow/.local/lib/python3.8/site-packages/airflow/example_dags/example_complex.py for tasks to queue
[2024-01-06T02:21:10.530+0000] {logging_mixin.py:188} INFO - [2024-01-06T02:21:10.529+0000] {dagbag.py:538} INFO - Filling up the DagBag from /home/airflow/.local/lib/python3.8/site-packages/airflow/example_dags/example_complex.py
[2024-01-06T02:21:10.540+0000] {processor.py:840} INFO - DAG(s) 'example_complex' retrieved from /home/airflow/.local/lib/python3.8/site-packages/airflow/example_dags/example_complex.py
[2024-01-06T02:21:10.564+0000] {logging_mixin.py:188} INFO - [2024-01-06T02:21:10.564+0000] {dag.py:3033} INFO - Sync 1 DAGs
[2024-01-06T02:21:10.572+0000] {logging_mixin.py:188} INFO - [2024-01-06T02:21:10.572+0000] {dag.py:3820} INFO - Setting next_dagrun for example_complex to None, run_after=None
[2024-01-06T02:21:10.584+0000] {processor.py:183} INFO - Processing /home/airflow/.local/lib/python3.8/site-packages/airflow/example_dags/example_complex.py took 0.067 seconds
[2024-01-06T02:21:41.475+0000] {processor.py:161} INFO - Started process (PID=40180) to work on /home/airflow/.local/lib/python3.8/site-packages/airflow/example_dags/example_complex.py
[2024-01-06T02:21:41.478+0000] {processor.py:830} INFO - Processing file /home/airflow/.local/lib/python3.8/site-packages/airflow/example_dags/example_complex.py for tasks to queue
[2024-01-06T02:21:41.482+0000] {logging_mixin.py:188} INFO - [2024-01-06T02:21:41.482+0000] {dagbag.py:538} INFO - Filling up the DagBag from /home/airflow/.local/lib/python3.8/site-packages/airflow/example_dags/example_complex.py
[2024-01-06T02:21:41.493+0000] {processor.py:840} INFO - DAG(s) 'example_complex' retrieved from /home/airflow/.local/lib/python3.8/site-packages/airflow/example_dags/example_complex.py
[2024-01-06T02:21:41.516+0000] {logging_mixin.py:188} INFO - [2024-01-06T02:21:41.516+0000] {dag.py:3033} INFO - Sync 1 DAGs
[2024-01-06T02:21:41.532+0000] {logging_mixin.py:188} INFO - [2024-01-06T02:21:41.532+0000] {dag.py:3820} INFO - Setting next_dagrun for example_complex to None, run_after=None
[2024-01-06T02:21:41.557+0000] {processor.py:183} INFO - Processing /home/airflow/.local/lib/python3.8/site-packages/airflow/example_dags/example_complex.py took 0.091 seconds
[2024-01-06T02:22:11.779+0000] {processor.py:161} INFO - Started process (PID=40238) to work on /home/airflow/.local/lib/python3.8/site-packages/airflow/example_dags/example_complex.py
[2024-01-06T02:22:11.782+0000] {processor.py:830} INFO - Processing file /home/airflow/.local/lib/python3.8/site-packages/airflow/example_dags/example_complex.py for tasks to queue
[2024-01-06T02:22:11.787+0000] {logging_mixin.py:188} INFO - [2024-01-06T02:22:11.786+0000] {dagbag.py:538} INFO - Filling up the DagBag from /home/airflow/.local/lib/python3.8/site-packages/airflow/example_dags/example_complex.py
[2024-01-06T02:22:11.799+0000] {processor.py:840} INFO - DAG(s) 'example_complex' retrieved from /home/airflow/.local/lib/python3.8/site-packages/airflow/example_dags/example_complex.py
[2024-01-06T02:22:11.825+0000] {logging_mixin.py:188} INFO - [2024-01-06T02:22:11.825+0000] {dag.py:3033} INFO - Sync 1 DAGs
[2024-01-06T02:22:11.835+0000] {logging_mixin.py:188} INFO - [2024-01-06T02:22:11.835+0000] {dag.py:3820} INFO - Setting next_dagrun for example_complex to None, run_after=None
[2024-01-06T02:22:11.849+0000] {processor.py:183} INFO - Processing /home/airflow/.local/lib/python3.8/site-packages/airflow/example_dags/example_complex.py took 0.078 seconds
[2024-01-06T02:22:42.655+0000] {processor.py:161} INFO - Started process (PID=40296) to work on /home/airflow/.local/lib/python3.8/site-packages/airflow/example_dags/example_complex.py
[2024-01-06T02:22:42.658+0000] {processor.py:830} INFO - Processing file /home/airflow/.local/lib/python3.8/site-packages/airflow/example_dags/example_complex.py for tasks to queue
[2024-01-06T02:22:42.662+0000] {logging_mixin.py:188} INFO - [2024-01-06T02:22:42.662+0000] {dagbag.py:538} INFO - Filling up the DagBag from /home/airflow/.local/lib/python3.8/site-packages/airflow/example_dags/example_complex.py
[2024-01-06T02:22:42.674+0000] {processor.py:840} INFO - DAG(s) 'example_complex' retrieved from /home/airflow/.local/lib/python3.8/site-packages/airflow/example_dags/example_complex.py
[2024-01-06T02:22:42.696+0000] {logging_mixin.py:188} INFO - [2024-01-06T02:22:42.696+0000] {dag.py:3033} INFO - Sync 1 DAGs
[2024-01-06T02:22:42.704+0000] {logging_mixin.py:188} INFO - [2024-01-06T02:22:42.704+0000] {dag.py:3820} INFO - Setting next_dagrun for example_complex to None, run_after=None
[2024-01-06T02:22:42.715+0000] {processor.py:183} INFO - Processing /home/airflow/.local/lib/python3.8/site-packages/airflow/example_dags/example_complex.py took 0.066 seconds
[2024-01-06T02:23:13.504+0000] {processor.py:161} INFO - Started process (PID=40354) to work on /home/airflow/.local/lib/python3.8/site-packages/airflow/example_dags/example_complex.py
[2024-01-06T02:23:13.507+0000] {processor.py:830} INFO - Processing file /home/airflow/.local/lib/python3.8/site-packages/airflow/example_dags/example_complex.py for tasks to queue
[2024-01-06T02:23:13.512+0000] {logging_mixin.py:188} INFO - [2024-01-06T02:23:13.511+0000] {dagbag.py:538} INFO - Filling up the DagBag from /home/airflow/.local/lib/python3.8/site-packages/airflow/example_dags/example_complex.py
[2024-01-06T02:23:13.524+0000] {processor.py:840} INFO - DAG(s) 'example_complex' retrieved from /home/airflow/.local/lib/python3.8/site-packages/airflow/example_dags/example_complex.py
[2024-01-06T02:23:13.551+0000] {logging_mixin.py:188} INFO - [2024-01-06T02:23:13.551+0000] {dag.py:3033} INFO - Sync 1 DAGs
[2024-01-06T02:23:13.561+0000] {logging_mixin.py:188} INFO - [2024-01-06T02:23:13.561+0000] {dag.py:3820} INFO - Setting next_dagrun for example_complex to None, run_after=None
[2024-01-06T02:23:13.574+0000] {processor.py:183} INFO - Processing /home/airflow/.local/lib/python3.8/site-packages/airflow/example_dags/example_complex.py took 0.082 seconds
[2024-01-06T02:23:44.029+0000] {processor.py:161} INFO - Started process (PID=40412) to work on /home/airflow/.local/lib/python3.8/site-packages/airflow/example_dags/example_complex.py
[2024-01-06T02:23:44.031+0000] {processor.py:830} INFO - Processing file /home/airflow/.local/lib/python3.8/site-packages/airflow/example_dags/example_complex.py for tasks to queue
[2024-01-06T02:23:44.034+0000] {logging_mixin.py:188} INFO - [2024-01-06T02:23:44.033+0000] {dagbag.py:538} INFO - Filling up the DagBag from /home/airflow/.local/lib/python3.8/site-packages/airflow/example_dags/example_complex.py
[2024-01-06T02:23:44.043+0000] {processor.py:840} INFO - DAG(s) 'example_complex' retrieved from /home/airflow/.local/lib/python3.8/site-packages/airflow/example_dags/example_complex.py
[2024-01-06T02:23:44.061+0000] {logging_mixin.py:188} INFO - [2024-01-06T02:23:44.061+0000] {dag.py:3033} INFO - Sync 1 DAGs
[2024-01-06T02:23:44.070+0000] {logging_mixin.py:188} INFO - [2024-01-06T02:23:44.070+0000] {dag.py:3820} INFO - Setting next_dagrun for example_complex to None, run_after=None
[2024-01-06T02:23:44.082+0000] {processor.py:183} INFO - Processing /home/airflow/.local/lib/python3.8/site-packages/airflow/example_dags/example_complex.py took 0.058 seconds
[2024-01-06T02:24:14.363+0000] {processor.py:161} INFO - Started process (PID=40470) to work on /home/airflow/.local/lib/python3.8/site-packages/airflow/example_dags/example_complex.py
[2024-01-06T02:24:14.365+0000] {processor.py:830} INFO - Processing file /home/airflow/.local/lib/python3.8/site-packages/airflow/example_dags/example_complex.py for tasks to queue
[2024-01-06T02:24:14.368+0000] {logging_mixin.py:188} INFO - [2024-01-06T02:24:14.367+0000] {dagbag.py:538} INFO - Filling up the DagBag from /home/airflow/.local/lib/python3.8/site-packages/airflow/example_dags/example_complex.py
[2024-01-06T02:24:14.377+0000] {processor.py:840} INFO - DAG(s) 'example_complex' retrieved from /home/airflow/.local/lib/python3.8/site-packages/airflow/example_dags/example_complex.py
[2024-01-06T02:24:14.408+0000] {logging_mixin.py:188} INFO - [2024-01-06T02:24:14.407+0000] {dag.py:3033} INFO - Sync 1 DAGs
[2024-01-06T02:24:14.418+0000] {logging_mixin.py:188} INFO - [2024-01-06T02:24:14.418+0000] {dag.py:3820} INFO - Setting next_dagrun for example_complex to None, run_after=None
[2024-01-06T02:24:14.433+0000] {processor.py:183} INFO - Processing /home/airflow/.local/lib/python3.8/site-packages/airflow/example_dags/example_complex.py took 0.074 seconds
[2024-01-06T02:24:44.845+0000] {processor.py:161} INFO - Started process (PID=40528) to work on /home/airflow/.local/lib/python3.8/site-packages/airflow/example_dags/example_complex.py
[2024-01-06T02:24:44.849+0000] {processor.py:830} INFO - Processing file /home/airflow/.local/lib/python3.8/site-packages/airflow/example_dags/example_complex.py for tasks to queue
[2024-01-06T02:24:44.853+0000] {logging_mixin.py:188} INFO - [2024-01-06T02:24:44.853+0000] {dagbag.py:538} INFO - Filling up the DagBag from /home/airflow/.local/lib/python3.8/site-packages/airflow/example_dags/example_complex.py
[2024-01-06T02:24:44.864+0000] {processor.py:840} INFO - DAG(s) 'example_complex' retrieved from /home/airflow/.local/lib/python3.8/site-packages/airflow/example_dags/example_complex.py
[2024-01-06T02:24:44.885+0000] {logging_mixin.py:188} INFO - [2024-01-06T02:24:44.885+0000] {dag.py:3033} INFO - Sync 1 DAGs
[2024-01-06T02:24:44.893+0000] {logging_mixin.py:188} INFO - [2024-01-06T02:24:44.893+0000] {dag.py:3820} INFO - Setting next_dagrun for example_complex to None, run_after=None
[2024-01-06T02:24:44.905+0000] {processor.py:183} INFO - Processing /home/airflow/.local/lib/python3.8/site-packages/airflow/example_dags/example_complex.py took 0.065 seconds
[2024-01-06T02:25:15.616+0000] {processor.py:161} INFO - Started process (PID=40586) to work on /home/airflow/.local/lib/python3.8/site-packages/airflow/example_dags/example_complex.py
[2024-01-06T02:25:15.620+0000] {processor.py:830} INFO - Processing file /home/airflow/.local/lib/python3.8/site-packages/airflow/example_dags/example_complex.py for tasks to queue
[2024-01-06T02:25:15.626+0000] {logging_mixin.py:188} INFO - [2024-01-06T02:25:15.625+0000] {dagbag.py:538} INFO - Filling up the DagBag from /home/airflow/.local/lib/python3.8/site-packages/airflow/example_dags/example_complex.py
[2024-01-06T02:25:15.644+0000] {processor.py:840} INFO - DAG(s) 'example_complex' retrieved from /home/airflow/.local/lib/python3.8/site-packages/airflow/example_dags/example_complex.py
[2024-01-06T02:25:15.669+0000] {logging_mixin.py:188} INFO - [2024-01-06T02:25:15.668+0000] {dag.py:3033} INFO - Sync 1 DAGs
[2024-01-06T02:25:15.682+0000] {logging_mixin.py:188} INFO - [2024-01-06T02:25:15.682+0000] {dag.py:3820} INFO - Setting next_dagrun for example_complex to None, run_after=None
[2024-01-06T02:25:15.705+0000] {processor.py:183} INFO - Processing /home/airflow/.local/lib/python3.8/site-packages/airflow/example_dags/example_complex.py took 0.098 seconds
[2024-01-06T02:25:45.787+0000] {processor.py:161} INFO - Started process (PID=40644) to work on /home/airflow/.local/lib/python3.8/site-packages/airflow/example_dags/example_complex.py
[2024-01-06T02:25:45.790+0000] {processor.py:830} INFO - Processing file /home/airflow/.local/lib/python3.8/site-packages/airflow/example_dags/example_complex.py for tasks to queue
[2024-01-06T02:25:45.793+0000] {logging_mixin.py:188} INFO - [2024-01-06T02:25:45.792+0000] {dagbag.py:538} INFO - Filling up the DagBag from /home/airflow/.local/lib/python3.8/site-packages/airflow/example_dags/example_complex.py
[2024-01-06T02:25:45.804+0000] {processor.py:840} INFO - DAG(s) 'example_complex' retrieved from /home/airflow/.local/lib/python3.8/site-packages/airflow/example_dags/example_complex.py
[2024-01-06T02:25:45.826+0000] {logging_mixin.py:188} INFO - [2024-01-06T02:25:45.826+0000] {dag.py:3033} INFO - Sync 1 DAGs
[2024-01-06T02:25:45.834+0000] {logging_mixin.py:188} INFO - [2024-01-06T02:25:45.834+0000] {dag.py:3820} INFO - Setting next_dagrun for example_complex to None, run_after=None
[2024-01-06T02:25:45.847+0000] {processor.py:183} INFO - Processing /home/airflow/.local/lib/python3.8/site-packages/airflow/example_dags/example_complex.py took 0.064 seconds
[2024-01-06T02:26:16.415+0000] {processor.py:161} INFO - Started process (PID=40702) to work on /home/airflow/.local/lib/python3.8/site-packages/airflow/example_dags/example_complex.py
[2024-01-06T02:26:16.417+0000] {processor.py:830} INFO - Processing file /home/airflow/.local/lib/python3.8/site-packages/airflow/example_dags/example_complex.py for tasks to queue
[2024-01-06T02:26:16.420+0000] {logging_mixin.py:188} INFO - [2024-01-06T02:26:16.419+0000] {dagbag.py:538} INFO - Filling up the DagBag from /home/airflow/.local/lib/python3.8/site-packages/airflow/example_dags/example_complex.py
[2024-01-06T02:26:16.429+0000] {processor.py:840} INFO - DAG(s) 'example_complex' retrieved from /home/airflow/.local/lib/python3.8/site-packages/airflow/example_dags/example_complex.py
[2024-01-06T02:26:16.450+0000] {logging_mixin.py:188} INFO - [2024-01-06T02:26:16.450+0000] {dag.py:3033} INFO - Sync 1 DAGs
[2024-01-06T02:26:16.459+0000] {logging_mixin.py:188} INFO - [2024-01-06T02:26:16.459+0000] {dag.py:3820} INFO - Setting next_dagrun for example_complex to None, run_after=None
[2024-01-06T02:26:16.471+0000] {processor.py:183} INFO - Processing /home/airflow/.local/lib/python3.8/site-packages/airflow/example_dags/example_complex.py took 0.060 seconds
[2024-01-06T02:26:47.010+0000] {processor.py:161} INFO - Started process (PID=40760) to work on /home/airflow/.local/lib/python3.8/site-packages/airflow/example_dags/example_complex.py
[2024-01-06T02:26:47.013+0000] {processor.py:830} INFO - Processing file /home/airflow/.local/lib/python3.8/site-packages/airflow/example_dags/example_complex.py for tasks to queue
[2024-01-06T02:26:47.017+0000] {logging_mixin.py:188} INFO - [2024-01-06T02:26:47.017+0000] {dagbag.py:538} INFO - Filling up the DagBag from /home/airflow/.local/lib/python3.8/site-packages/airflow/example_dags/example_complex.py
[2024-01-06T02:26:47.028+0000] {processor.py:840} INFO - DAG(s) 'example_complex' retrieved from /home/airflow/.local/lib/python3.8/site-packages/airflow/example_dags/example_complex.py
[2024-01-06T02:26:47.051+0000] {logging_mixin.py:188} INFO - [2024-01-06T02:26:47.051+0000] {dag.py:3033} INFO - Sync 1 DAGs
[2024-01-06T02:26:47.059+0000] {logging_mixin.py:188} INFO - [2024-01-06T02:26:47.059+0000] {dag.py:3820} INFO - Setting next_dagrun for example_complex to None, run_after=None
[2024-01-06T02:26:47.071+0000] {processor.py:183} INFO - Processing /home/airflow/.local/lib/python3.8/site-packages/airflow/example_dags/example_complex.py took 0.067 seconds
[2024-01-06T02:27:17.120+0000] {processor.py:161} INFO - Started process (PID=40818) to work on /home/airflow/.local/lib/python3.8/site-packages/airflow/example_dags/example_complex.py
[2024-01-06T02:27:17.122+0000] {processor.py:830} INFO - Processing file /home/airflow/.local/lib/python3.8/site-packages/airflow/example_dags/example_complex.py for tasks to queue
[2024-01-06T02:27:17.125+0000] {logging_mixin.py:188} INFO - [2024-01-06T02:27:17.125+0000] {dagbag.py:538} INFO - Filling up the DagBag from /home/airflow/.local/lib/python3.8/site-packages/airflow/example_dags/example_complex.py
[2024-01-06T02:27:17.137+0000] {processor.py:840} INFO - DAG(s) 'example_complex' retrieved from /home/airflow/.local/lib/python3.8/site-packages/airflow/example_dags/example_complex.py
[2024-01-06T02:27:17.165+0000] {logging_mixin.py:188} INFO - [2024-01-06T02:27:17.165+0000] {dag.py:3033} INFO - Sync 1 DAGs
[2024-01-06T02:27:17.174+0000] {logging_mixin.py:188} INFO - [2024-01-06T02:27:17.174+0000] {dag.py:3820} INFO - Setting next_dagrun for example_complex to None, run_after=None
[2024-01-06T02:27:17.190+0000] {processor.py:183} INFO - Processing /home/airflow/.local/lib/python3.8/site-packages/airflow/example_dags/example_complex.py took 0.073 seconds
[2024-01-06T02:27:47.744+0000] {processor.py:161} INFO - Started process (PID=40876) to work on /home/airflow/.local/lib/python3.8/site-packages/airflow/example_dags/example_complex.py
[2024-01-06T02:27:47.745+0000] {processor.py:830} INFO - Processing file /home/airflow/.local/lib/python3.8/site-packages/airflow/example_dags/example_complex.py for tasks to queue
[2024-01-06T02:27:47.747+0000] {logging_mixin.py:188} INFO - [2024-01-06T02:27:47.747+0000] {dagbag.py:538} INFO - Filling up the DagBag from /home/airflow/.local/lib/python3.8/site-packages/airflow/example_dags/example_complex.py
[2024-01-06T02:27:47.754+0000] {processor.py:840} INFO - DAG(s) 'example_complex' retrieved from /home/airflow/.local/lib/python3.8/site-packages/airflow/example_dags/example_complex.py
[2024-01-06T02:27:47.777+0000] {logging_mixin.py:188} INFO - [2024-01-06T02:27:47.777+0000] {dag.py:3033} INFO - Sync 1 DAGs
[2024-01-06T02:27:47.786+0000] {logging_mixin.py:188} INFO - [2024-01-06T02:27:47.785+0000] {dag.py:3820} INFO - Setting next_dagrun for example_complex to None, run_after=None
[2024-01-06T02:27:47.802+0000] {processor.py:183} INFO - Processing /home/airflow/.local/lib/python3.8/site-packages/airflow/example_dags/example_complex.py took 0.061 seconds
[2024-01-06T02:28:18.253+0000] {processor.py:161} INFO - Started process (PID=40934) to work on /home/airflow/.local/lib/python3.8/site-packages/airflow/example_dags/example_complex.py
[2024-01-06T02:28:18.254+0000] {processor.py:830} INFO - Processing file /home/airflow/.local/lib/python3.8/site-packages/airflow/example_dags/example_complex.py for tasks to queue
[2024-01-06T02:28:18.256+0000] {logging_mixin.py:188} INFO - [2024-01-06T02:28:18.256+0000] {dagbag.py:538} INFO - Filling up the DagBag from /home/airflow/.local/lib/python3.8/site-packages/airflow/example_dags/example_complex.py
[2024-01-06T02:28:18.263+0000] {processor.py:840} INFO - DAG(s) 'example_complex' retrieved from /home/airflow/.local/lib/python3.8/site-packages/airflow/example_dags/example_complex.py
[2024-01-06T02:28:18.281+0000] {logging_mixin.py:188} INFO - [2024-01-06T02:28:18.281+0000] {dag.py:3033} INFO - Sync 1 DAGs
[2024-01-06T02:28:18.288+0000] {logging_mixin.py:188} INFO - [2024-01-06T02:28:18.288+0000] {dag.py:3820} INFO - Setting next_dagrun for example_complex to None, run_after=None
[2024-01-06T02:28:18.301+0000] {processor.py:183} INFO - Processing /home/airflow/.local/lib/python3.8/site-packages/airflow/example_dags/example_complex.py took 0.050 seconds
[2024-01-06T02:28:48.894+0000] {processor.py:161} INFO - Started process (PID=40992) to work on /home/airflow/.local/lib/python3.8/site-packages/airflow/example_dags/example_complex.py
[2024-01-06T02:28:48.895+0000] {processor.py:830} INFO - Processing file /home/airflow/.local/lib/python3.8/site-packages/airflow/example_dags/example_complex.py for tasks to queue
[2024-01-06T02:28:48.897+0000] {logging_mixin.py:188} INFO - [2024-01-06T02:28:48.897+0000] {dagbag.py:538} INFO - Filling up the DagBag from /home/airflow/.local/lib/python3.8/site-packages/airflow/example_dags/example_complex.py
[2024-01-06T02:28:48.904+0000] {processor.py:840} INFO - DAG(s) 'example_complex' retrieved from /home/airflow/.local/lib/python3.8/site-packages/airflow/example_dags/example_complex.py
[2024-01-06T02:28:48.923+0000] {logging_mixin.py:188} INFO - [2024-01-06T02:28:48.923+0000] {dag.py:3033} INFO - Sync 1 DAGs
[2024-01-06T02:28:48.931+0000] {logging_mixin.py:188} INFO - [2024-01-06T02:28:48.931+0000] {dag.py:3820} INFO - Setting next_dagrun for example_complex to None, run_after=None
[2024-01-06T02:28:48.943+0000] {processor.py:183} INFO - Processing /home/airflow/.local/lib/python3.8/site-packages/airflow/example_dags/example_complex.py took 0.052 seconds
[2024-01-06T02:29:19.484+0000] {processor.py:161} INFO - Started process (PID=41050) to work on /home/airflow/.local/lib/python3.8/site-packages/airflow/example_dags/example_complex.py
[2024-01-06T02:29:19.485+0000] {processor.py:830} INFO - Processing file /home/airflow/.local/lib/python3.8/site-packages/airflow/example_dags/example_complex.py for tasks to queue
[2024-01-06T02:29:19.488+0000] {logging_mixin.py:188} INFO - [2024-01-06T02:29:19.488+0000] {dagbag.py:538} INFO - Filling up the DagBag from /home/airflow/.local/lib/python3.8/site-packages/airflow/example_dags/example_complex.py
[2024-01-06T02:29:19.498+0000] {processor.py:840} INFO - DAG(s) 'example_complex' retrieved from /home/airflow/.local/lib/python3.8/site-packages/airflow/example_dags/example_complex.py
[2024-01-06T02:29:19.519+0000] {logging_mixin.py:188} INFO - [2024-01-06T02:29:19.519+0000] {dag.py:3033} INFO - Sync 1 DAGs
[2024-01-06T02:29:19.528+0000] {logging_mixin.py:188} INFO - [2024-01-06T02:29:19.528+0000] {dag.py:3820} INFO - Setting next_dagrun for example_complex to None, run_after=None
[2024-01-06T02:29:19.542+0000] {processor.py:183} INFO - Processing /home/airflow/.local/lib/python3.8/site-packages/airflow/example_dags/example_complex.py took 0.062 seconds
[2024-01-06T02:29:50.126+0000] {processor.py:161} INFO - Started process (PID=41108) to work on /home/airflow/.local/lib/python3.8/site-packages/airflow/example_dags/example_complex.py
[2024-01-06T02:29:50.127+0000] {processor.py:830} INFO - Processing file /home/airflow/.local/lib/python3.8/site-packages/airflow/example_dags/example_complex.py for tasks to queue
[2024-01-06T02:29:50.129+0000] {logging_mixin.py:188} INFO - [2024-01-06T02:29:50.129+0000] {dagbag.py:538} INFO - Filling up the DagBag from /home/airflow/.local/lib/python3.8/site-packages/airflow/example_dags/example_complex.py
[2024-01-06T02:29:50.136+0000] {processor.py:840} INFO - DAG(s) 'example_complex' retrieved from /home/airflow/.local/lib/python3.8/site-packages/airflow/example_dags/example_complex.py
[2024-01-06T02:29:50.156+0000] {logging_mixin.py:188} INFO - [2024-01-06T02:29:50.156+0000] {dag.py:3033} INFO - Sync 1 DAGs
[2024-01-06T02:29:50.165+0000] {logging_mixin.py:188} INFO - [2024-01-06T02:29:50.165+0000] {dag.py:3820} INFO - Setting next_dagrun for example_complex to None, run_after=None
[2024-01-06T02:29:50.178+0000] {processor.py:183} INFO - Processing /home/airflow/.local/lib/python3.8/site-packages/airflow/example_dags/example_complex.py took 0.055 seconds
[2024-01-06T02:30:20.786+0000] {processor.py:161} INFO - Started process (PID=41173) to work on /home/airflow/.local/lib/python3.8/site-packages/airflow/example_dags/example_complex.py
[2024-01-06T02:30:20.788+0000] {processor.py:830} INFO - Processing file /home/airflow/.local/lib/python3.8/site-packages/airflow/example_dags/example_complex.py for tasks to queue
[2024-01-06T02:30:20.789+0000] {logging_mixin.py:188} INFO - [2024-01-06T02:30:20.789+0000] {dagbag.py:538} INFO - Filling up the DagBag from /home/airflow/.local/lib/python3.8/site-packages/airflow/example_dags/example_complex.py
[2024-01-06T02:30:20.796+0000] {processor.py:840} INFO - DAG(s) 'example_complex' retrieved from /home/airflow/.local/lib/python3.8/site-packages/airflow/example_dags/example_complex.py
[2024-01-06T02:30:20.817+0000] {logging_mixin.py:188} INFO - [2024-01-06T02:30:20.817+0000] {dag.py:3033} INFO - Sync 1 DAGs
[2024-01-06T02:30:20.826+0000] {logging_mixin.py:188} INFO - [2024-01-06T02:30:20.825+0000] {dag.py:3820} INFO - Setting next_dagrun for example_complex to None, run_after=None
[2024-01-06T02:30:20.838+0000] {processor.py:183} INFO - Processing /home/airflow/.local/lib/python3.8/site-packages/airflow/example_dags/example_complex.py took 0.054 seconds
[2024-01-06T02:30:51.431+0000] {processor.py:161} INFO - Started process (PID=41231) to work on /home/airflow/.local/lib/python3.8/site-packages/airflow/example_dags/example_complex.py
[2024-01-06T02:30:51.433+0000] {processor.py:830} INFO - Processing file /home/airflow/.local/lib/python3.8/site-packages/airflow/example_dags/example_complex.py for tasks to queue
[2024-01-06T02:30:51.435+0000] {logging_mixin.py:188} INFO - [2024-01-06T02:30:51.435+0000] {dagbag.py:538} INFO - Filling up the DagBag from /home/airflow/.local/lib/python3.8/site-packages/airflow/example_dags/example_complex.py
[2024-01-06T02:30:51.442+0000] {processor.py:840} INFO - DAG(s) 'example_complex' retrieved from /home/airflow/.local/lib/python3.8/site-packages/airflow/example_dags/example_complex.py
[2024-01-06T02:30:51.462+0000] {logging_mixin.py:188} INFO - [2024-01-06T02:30:51.462+0000] {dag.py:3033} INFO - Sync 1 DAGs
[2024-01-06T02:30:51.470+0000] {logging_mixin.py:188} INFO - [2024-01-06T02:30:51.469+0000] {dag.py:3820} INFO - Setting next_dagrun for example_complex to None, run_after=None
[2024-01-06T02:30:51.483+0000] {processor.py:183} INFO - Processing /home/airflow/.local/lib/python3.8/site-packages/airflow/example_dags/example_complex.py took 0.054 seconds
[2024-01-06T02:31:21.946+0000] {processor.py:161} INFO - Started process (PID=41289) to work on /home/airflow/.local/lib/python3.8/site-packages/airflow/example_dags/example_complex.py
[2024-01-06T02:31:21.948+0000] {processor.py:830} INFO - Processing file /home/airflow/.local/lib/python3.8/site-packages/airflow/example_dags/example_complex.py for tasks to queue
[2024-01-06T02:31:21.951+0000] {logging_mixin.py:188} INFO - [2024-01-06T02:31:21.950+0000] {dagbag.py:538} INFO - Filling up the DagBag from /home/airflow/.local/lib/python3.8/site-packages/airflow/example_dags/example_complex.py
[2024-01-06T02:31:21.958+0000] {processor.py:840} INFO - DAG(s) 'example_complex' retrieved from /home/airflow/.local/lib/python3.8/site-packages/airflow/example_dags/example_complex.py
[2024-01-06T02:31:21.980+0000] {logging_mixin.py:188} INFO - [2024-01-06T02:31:21.979+0000] {dag.py:3033} INFO - Sync 1 DAGs
[2024-01-06T02:31:21.988+0000] {logging_mixin.py:188} INFO - [2024-01-06T02:31:21.988+0000] {dag.py:3820} INFO - Setting next_dagrun for example_complex to None, run_after=None
[2024-01-06T02:31:22.001+0000] {processor.py:183} INFO - Processing /home/airflow/.local/lib/python3.8/site-packages/airflow/example_dags/example_complex.py took 0.059 seconds
[2024-01-06T02:31:52.398+0000] {processor.py:161} INFO - Started process (PID=41347) to work on /home/airflow/.local/lib/python3.8/site-packages/airflow/example_dags/example_complex.py
[2024-01-06T02:31:52.400+0000] {processor.py:830} INFO - Processing file /home/airflow/.local/lib/python3.8/site-packages/airflow/example_dags/example_complex.py for tasks to queue
[2024-01-06T02:31:52.402+0000] {logging_mixin.py:188} INFO - [2024-01-06T02:31:52.402+0000] {dagbag.py:538} INFO - Filling up the DagBag from /home/airflow/.local/lib/python3.8/site-packages/airflow/example_dags/example_complex.py
[2024-01-06T02:31:52.408+0000] {processor.py:840} INFO - DAG(s) 'example_complex' retrieved from /home/airflow/.local/lib/python3.8/site-packages/airflow/example_dags/example_complex.py
[2024-01-06T02:31:52.429+0000] {logging_mixin.py:188} INFO - [2024-01-06T02:31:52.429+0000] {dag.py:3033} INFO - Sync 1 DAGs
[2024-01-06T02:31:52.436+0000] {logging_mixin.py:188} INFO - [2024-01-06T02:31:52.436+0000] {dag.py:3820} INFO - Setting next_dagrun for example_complex to None, run_after=None
[2024-01-06T02:31:52.449+0000] {processor.py:183} INFO - Processing /home/airflow/.local/lib/python3.8/site-packages/airflow/example_dags/example_complex.py took 0.054 seconds
[2024-01-06T02:32:22.674+0000] {processor.py:161} INFO - Started process (PID=41405) to work on /home/airflow/.local/lib/python3.8/site-packages/airflow/example_dags/example_complex.py
[2024-01-06T02:32:22.676+0000] {processor.py:830} INFO - Processing file /home/airflow/.local/lib/python3.8/site-packages/airflow/example_dags/example_complex.py for tasks to queue
[2024-01-06T02:32:22.678+0000] {logging_mixin.py:188} INFO - [2024-01-06T02:32:22.678+0000] {dagbag.py:538} INFO - Filling up the DagBag from /home/airflow/.local/lib/python3.8/site-packages/airflow/example_dags/example_complex.py
[2024-01-06T02:32:22.685+0000] {processor.py:840} INFO - DAG(s) 'example_complex' retrieved from /home/airflow/.local/lib/python3.8/site-packages/airflow/example_dags/example_complex.py
[2024-01-06T02:32:22.704+0000] {logging_mixin.py:188} INFO - [2024-01-06T02:32:22.704+0000] {dag.py:3033} INFO - Sync 1 DAGs
[2024-01-06T02:32:22.728+0000] {logging_mixin.py:188} INFO - [2024-01-06T02:32:22.728+0000] {dag.py:3820} INFO - Setting next_dagrun for example_complex to None, run_after=None
[2024-01-06T02:32:22.741+0000] {processor.py:183} INFO - Processing /home/airflow/.local/lib/python3.8/site-packages/airflow/example_dags/example_complex.py took 0.069 seconds
[2024-01-06T02:32:53.272+0000] {processor.py:161} INFO - Started process (PID=41462) to work on /home/airflow/.local/lib/python3.8/site-packages/airflow/example_dags/example_complex.py
[2024-01-06T02:32:53.275+0000] {processor.py:830} INFO - Processing file /home/airflow/.local/lib/python3.8/site-packages/airflow/example_dags/example_complex.py for tasks to queue
[2024-01-06T02:32:53.278+0000] {logging_mixin.py:188} INFO - [2024-01-06T02:32:53.278+0000] {dagbag.py:538} INFO - Filling up the DagBag from /home/airflow/.local/lib/python3.8/site-packages/airflow/example_dags/example_complex.py
[2024-01-06T02:32:53.287+0000] {processor.py:840} INFO - DAG(s) 'example_complex' retrieved from /home/airflow/.local/lib/python3.8/site-packages/airflow/example_dags/example_complex.py
[2024-01-06T02:32:53.311+0000] {logging_mixin.py:188} INFO - [2024-01-06T02:32:53.311+0000] {dag.py:3033} INFO - Sync 1 DAGs
[2024-01-06T02:32:53.338+0000] {logging_mixin.py:188} INFO - [2024-01-06T02:32:53.338+0000] {dag.py:3820} INFO - Setting next_dagrun for example_complex to None, run_after=None
[2024-01-06T02:32:53.355+0000] {processor.py:183} INFO - Processing /home/airflow/.local/lib/python3.8/site-packages/airflow/example_dags/example_complex.py took 0.088 seconds
[2024-01-06T02:33:32.433+0000] {processor.py:161} INFO - Started process (PID=41520) to work on /home/airflow/.local/lib/python3.8/site-packages/airflow/example_dags/example_complex.py
[2024-01-06T02:33:32.452+0000] {processor.py:830} INFO - Processing file /home/airflow/.local/lib/python3.8/site-packages/airflow/example_dags/example_complex.py for tasks to queue
[2024-01-06T02:33:32.492+0000] {logging_mixin.py:188} INFO - [2024-01-06T02:33:32.491+0000] {dagbag.py:538} INFO - Filling up the DagBag from /home/airflow/.local/lib/python3.8/site-packages/airflow/example_dags/example_complex.py
[2024-01-06T02:33:32.593+0000] {processor.py:840} INFO - DAG(s) 'example_complex' retrieved from /home/airflow/.local/lib/python3.8/site-packages/airflow/example_dags/example_complex.py
[2024-01-06T02:33:33.196+0000] {logging_mixin.py:188} INFO - [2024-01-06T02:33:33.188+0000] {dag.py:3033} INFO - Sync 1 DAGs
[2024-01-06T02:33:33.326+0000] {logging_mixin.py:188} INFO - [2024-01-06T02:33:33.326+0000] {dag.py:3820} INFO - Setting next_dagrun for example_complex to None, run_after=None
[2024-01-06T02:33:33.490+0000] {processor.py:183} INFO - Processing /home/airflow/.local/lib/python3.8/site-packages/airflow/example_dags/example_complex.py took 1.085 seconds
[2024-01-06T02:34:04.372+0000] {processor.py:161} INFO - Started process (PID=41578) to work on /home/airflow/.local/lib/python3.8/site-packages/airflow/example_dags/example_complex.py
[2024-01-06T02:34:04.375+0000] {processor.py:830} INFO - Processing file /home/airflow/.local/lib/python3.8/site-packages/airflow/example_dags/example_complex.py for tasks to queue
[2024-01-06T02:34:04.378+0000] {logging_mixin.py:188} INFO - [2024-01-06T02:34:04.378+0000] {dagbag.py:538} INFO - Filling up the DagBag from /home/airflow/.local/lib/python3.8/site-packages/airflow/example_dags/example_complex.py
[2024-01-06T02:34:04.387+0000] {processor.py:840} INFO - DAG(s) 'example_complex' retrieved from /home/airflow/.local/lib/python3.8/site-packages/airflow/example_dags/example_complex.py
[2024-01-06T02:34:04.416+0000] {logging_mixin.py:188} INFO - [2024-01-06T02:34:04.416+0000] {dag.py:3033} INFO - Sync 1 DAGs
[2024-01-06T02:34:04.427+0000] {logging_mixin.py:188} INFO - [2024-01-06T02:34:04.427+0000] {dag.py:3820} INFO - Setting next_dagrun for example_complex to None, run_after=None
[2024-01-06T02:34:04.442+0000] {processor.py:183} INFO - Processing /home/airflow/.local/lib/python3.8/site-packages/airflow/example_dags/example_complex.py took 0.075 seconds
[2024-01-06T02:34:35.245+0000] {processor.py:161} INFO - Started process (PID=41636) to work on /home/airflow/.local/lib/python3.8/site-packages/airflow/example_dags/example_complex.py
[2024-01-06T02:34:35.248+0000] {processor.py:830} INFO - Processing file /home/airflow/.local/lib/python3.8/site-packages/airflow/example_dags/example_complex.py for tasks to queue
[2024-01-06T02:34:35.253+0000] {logging_mixin.py:188} INFO - [2024-01-06T02:34:35.252+0000] {dagbag.py:538} INFO - Filling up the DagBag from /home/airflow/.local/lib/python3.8/site-packages/airflow/example_dags/example_complex.py
[2024-01-06T02:34:35.264+0000] {processor.py:840} INFO - DAG(s) 'example_complex' retrieved from /home/airflow/.local/lib/python3.8/site-packages/airflow/example_dags/example_complex.py
[2024-01-06T02:34:35.290+0000] {logging_mixin.py:188} INFO - [2024-01-06T02:34:35.289+0000] {dag.py:3033} INFO - Sync 1 DAGs
[2024-01-06T02:34:35.298+0000] {logging_mixin.py:188} INFO - [2024-01-06T02:34:35.297+0000] {dag.py:3820} INFO - Setting next_dagrun for example_complex to None, run_after=None
[2024-01-06T02:34:35.309+0000] {processor.py:183} INFO - Processing /home/airflow/.local/lib/python3.8/site-packages/airflow/example_dags/example_complex.py took 0.069 seconds
[2024-01-06T02:35:05.523+0000] {processor.py:161} INFO - Started process (PID=41693) to work on /home/airflow/.local/lib/python3.8/site-packages/airflow/example_dags/example_complex.py
[2024-01-06T02:35:05.526+0000] {processor.py:830} INFO - Processing file /home/airflow/.local/lib/python3.8/site-packages/airflow/example_dags/example_complex.py for tasks to queue
[2024-01-06T02:35:05.530+0000] {logging_mixin.py:188} INFO - [2024-01-06T02:35:05.530+0000] {dagbag.py:538} INFO - Filling up the DagBag from /home/airflow/.local/lib/python3.8/site-packages/airflow/example_dags/example_complex.py
[2024-01-06T02:35:05.541+0000] {processor.py:840} INFO - DAG(s) 'example_complex' retrieved from /home/airflow/.local/lib/python3.8/site-packages/airflow/example_dags/example_complex.py
[2024-01-06T02:35:05.565+0000] {logging_mixin.py:188} INFO - [2024-01-06T02:35:05.565+0000] {dag.py:3033} INFO - Sync 1 DAGs
[2024-01-06T02:35:05.574+0000] {logging_mixin.py:188} INFO - [2024-01-06T02:35:05.574+0000] {dag.py:3820} INFO - Setting next_dagrun for example_complex to None, run_after=None
[2024-01-06T02:35:05.585+0000] {processor.py:183} INFO - Processing /home/airflow/.local/lib/python3.8/site-packages/airflow/example_dags/example_complex.py took 0.067 seconds
[2024-01-06T02:35:35.861+0000] {processor.py:161} INFO - Started process (PID=41751) to work on /home/airflow/.local/lib/python3.8/site-packages/airflow/example_dags/example_complex.py
[2024-01-06T02:35:35.865+0000] {processor.py:830} INFO - Processing file /home/airflow/.local/lib/python3.8/site-packages/airflow/example_dags/example_complex.py for tasks to queue
[2024-01-06T02:35:35.868+0000] {logging_mixin.py:188} INFO - [2024-01-06T02:35:35.868+0000] {dagbag.py:538} INFO - Filling up the DagBag from /home/airflow/.local/lib/python3.8/site-packages/airflow/example_dags/example_complex.py
[2024-01-06T02:35:35.879+0000] {processor.py:840} INFO - DAG(s) 'example_complex' retrieved from /home/airflow/.local/lib/python3.8/site-packages/airflow/example_dags/example_complex.py
[2024-01-06T02:35:35.901+0000] {logging_mixin.py:188} INFO - [2024-01-06T02:35:35.900+0000] {dag.py:3033} INFO - Sync 1 DAGs
[2024-01-06T02:35:35.908+0000] {logging_mixin.py:188} INFO - [2024-01-06T02:35:35.908+0000] {dag.py:3820} INFO - Setting next_dagrun for example_complex to None, run_after=None
[2024-01-06T02:35:35.920+0000] {processor.py:183} INFO - Processing /home/airflow/.local/lib/python3.8/site-packages/airflow/example_dags/example_complex.py took 0.063 seconds
[2024-01-06T02:36:06.257+0000] {processor.py:161} INFO - Started process (PID=41809) to work on /home/airflow/.local/lib/python3.8/site-packages/airflow/example_dags/example_complex.py
[2024-01-06T02:36:06.260+0000] {processor.py:830} INFO - Processing file /home/airflow/.local/lib/python3.8/site-packages/airflow/example_dags/example_complex.py for tasks to queue
[2024-01-06T02:36:06.264+0000] {logging_mixin.py:188} INFO - [2024-01-06T02:36:06.264+0000] {dagbag.py:538} INFO - Filling up the DagBag from /home/airflow/.local/lib/python3.8/site-packages/airflow/example_dags/example_complex.py
[2024-01-06T02:36:06.275+0000] {processor.py:840} INFO - DAG(s) 'example_complex' retrieved from /home/airflow/.local/lib/python3.8/site-packages/airflow/example_dags/example_complex.py
[2024-01-06T02:36:06.297+0000] {logging_mixin.py:188} INFO - [2024-01-06T02:36:06.297+0000] {dag.py:3033} INFO - Sync 1 DAGs
[2024-01-06T02:36:06.306+0000] {logging_mixin.py:188} INFO - [2024-01-06T02:36:06.306+0000] {dag.py:3820} INFO - Setting next_dagrun for example_complex to None, run_after=None
[2024-01-06T02:36:06.318+0000] {processor.py:183} INFO - Processing /home/airflow/.local/lib/python3.8/site-packages/airflow/example_dags/example_complex.py took 0.068 seconds
[2024-01-06T02:36:36.615+0000] {processor.py:161} INFO - Started process (PID=41867) to work on /home/airflow/.local/lib/python3.8/site-packages/airflow/example_dags/example_complex.py
[2024-01-06T02:36:36.618+0000] {processor.py:830} INFO - Processing file /home/airflow/.local/lib/python3.8/site-packages/airflow/example_dags/example_complex.py for tasks to queue
[2024-01-06T02:36:36.622+0000] {logging_mixin.py:188} INFO - [2024-01-06T02:36:36.622+0000] {dagbag.py:538} INFO - Filling up the DagBag from /home/airflow/.local/lib/python3.8/site-packages/airflow/example_dags/example_complex.py
[2024-01-06T02:36:36.633+0000] {processor.py:840} INFO - DAG(s) 'example_complex' retrieved from /home/airflow/.local/lib/python3.8/site-packages/airflow/example_dags/example_complex.py
[2024-01-06T02:36:36.655+0000] {logging_mixin.py:188} INFO - [2024-01-06T02:36:36.655+0000] {dag.py:3033} INFO - Sync 1 DAGs
[2024-01-06T02:36:36.663+0000] {logging_mixin.py:188} INFO - [2024-01-06T02:36:36.663+0000] {dag.py:3820} INFO - Setting next_dagrun for example_complex to None, run_after=None
[2024-01-06T02:36:36.674+0000] {processor.py:183} INFO - Processing /home/airflow/.local/lib/python3.8/site-packages/airflow/example_dags/example_complex.py took 0.064 seconds
[2024-01-06T02:37:07.030+0000] {processor.py:161} INFO - Started process (PID=41925) to work on /home/airflow/.local/lib/python3.8/site-packages/airflow/example_dags/example_complex.py
[2024-01-06T02:37:07.033+0000] {processor.py:830} INFO - Processing file /home/airflow/.local/lib/python3.8/site-packages/airflow/example_dags/example_complex.py for tasks to queue
[2024-01-06T02:37:07.036+0000] {logging_mixin.py:188} INFO - [2024-01-06T02:37:07.036+0000] {dagbag.py:538} INFO - Filling up the DagBag from /home/airflow/.local/lib/python3.8/site-packages/airflow/example_dags/example_complex.py
[2024-01-06T02:37:07.047+0000] {processor.py:840} INFO - DAG(s) 'example_complex' retrieved from /home/airflow/.local/lib/python3.8/site-packages/airflow/example_dags/example_complex.py
[2024-01-06T02:37:07.074+0000] {logging_mixin.py:188} INFO - [2024-01-06T02:37:07.074+0000] {dag.py:3033} INFO - Sync 1 DAGs
[2024-01-06T02:37:07.083+0000] {logging_mixin.py:188} INFO - [2024-01-06T02:37:07.083+0000] {dag.py:3820} INFO - Setting next_dagrun for example_complex to None, run_after=None
[2024-01-06T02:37:07.095+0000] {processor.py:183} INFO - Processing /home/airflow/.local/lib/python3.8/site-packages/airflow/example_dags/example_complex.py took 0.071 seconds
[2024-01-06T02:37:37.677+0000] {processor.py:161} INFO - Started process (PID=41982) to work on /home/airflow/.local/lib/python3.8/site-packages/airflow/example_dags/example_complex.py
[2024-01-06T02:37:37.678+0000] {processor.py:830} INFO - Processing file /home/airflow/.local/lib/python3.8/site-packages/airflow/example_dags/example_complex.py for tasks to queue
[2024-01-06T02:37:37.680+0000] {logging_mixin.py:188} INFO - [2024-01-06T02:37:37.680+0000] {dagbag.py:538} INFO - Filling up the DagBag from /home/airflow/.local/lib/python3.8/site-packages/airflow/example_dags/example_complex.py
[2024-01-06T02:37:37.687+0000] {processor.py:840} INFO - DAG(s) 'example_complex' retrieved from /home/airflow/.local/lib/python3.8/site-packages/airflow/example_dags/example_complex.py
[2024-01-06T02:37:37.707+0000] {logging_mixin.py:188} INFO - [2024-01-06T02:37:37.707+0000] {dag.py:3033} INFO - Sync 1 DAGs
[2024-01-06T02:37:37.714+0000] {logging_mixin.py:188} INFO - [2024-01-06T02:37:37.714+0000] {dag.py:3820} INFO - Setting next_dagrun for example_complex to None, run_after=None
[2024-01-06T02:37:37.727+0000] {processor.py:183} INFO - Processing /home/airflow/.local/lib/python3.8/site-packages/airflow/example_dags/example_complex.py took 0.053 seconds
[2024-01-06T02:38:07.896+0000] {processor.py:161} INFO - Started process (PID=42040) to work on /home/airflow/.local/lib/python3.8/site-packages/airflow/example_dags/example_complex.py
[2024-01-06T02:38:07.898+0000] {processor.py:830} INFO - Processing file /home/airflow/.local/lib/python3.8/site-packages/airflow/example_dags/example_complex.py for tasks to queue
[2024-01-06T02:38:07.900+0000] {logging_mixin.py:188} INFO - [2024-01-06T02:38:07.900+0000] {dagbag.py:538} INFO - Filling up the DagBag from /home/airflow/.local/lib/python3.8/site-packages/airflow/example_dags/example_complex.py
[2024-01-06T02:38:07.907+0000] {processor.py:840} INFO - DAG(s) 'example_complex' retrieved from /home/airflow/.local/lib/python3.8/site-packages/airflow/example_dags/example_complex.py
[2024-01-06T02:38:07.929+0000] {logging_mixin.py:188} INFO - [2024-01-06T02:38:07.929+0000] {dag.py:3033} INFO - Sync 1 DAGs
[2024-01-06T02:38:07.937+0000] {logging_mixin.py:188} INFO - [2024-01-06T02:38:07.937+0000] {dag.py:3820} INFO - Setting next_dagrun for example_complex to None, run_after=None
[2024-01-06T02:38:07.950+0000] {processor.py:183} INFO - Processing /home/airflow/.local/lib/python3.8/site-packages/airflow/example_dags/example_complex.py took 0.057 seconds
[2024-01-06T02:38:38.261+0000] {processor.py:161} INFO - Started process (PID=42098) to work on /home/airflow/.local/lib/python3.8/site-packages/airflow/example_dags/example_complex.py
[2024-01-06T02:38:38.263+0000] {processor.py:830} INFO - Processing file /home/airflow/.local/lib/python3.8/site-packages/airflow/example_dags/example_complex.py for tasks to queue
[2024-01-06T02:38:38.267+0000] {logging_mixin.py:188} INFO - [2024-01-06T02:38:38.266+0000] {dagbag.py:538} INFO - Filling up the DagBag from /home/airflow/.local/lib/python3.8/site-packages/airflow/example_dags/example_complex.py
[2024-01-06T02:38:38.276+0000] {processor.py:840} INFO - DAG(s) 'example_complex' retrieved from /home/airflow/.local/lib/python3.8/site-packages/airflow/example_dags/example_complex.py
[2024-01-06T02:38:38.297+0000] {logging_mixin.py:188} INFO - [2024-01-06T02:38:38.297+0000] {dag.py:3033} INFO - Sync 1 DAGs
[2024-01-06T02:38:38.304+0000] {logging_mixin.py:188} INFO - [2024-01-06T02:38:38.304+0000] {dag.py:3820} INFO - Setting next_dagrun for example_complex to None, run_after=None
[2024-01-06T02:38:38.318+0000] {processor.py:183} INFO - Processing /home/airflow/.local/lib/python3.8/site-packages/airflow/example_dags/example_complex.py took 0.062 seconds
[2024-01-06T02:39:08.722+0000] {processor.py:161} INFO - Started process (PID=42155) to work on /home/airflow/.local/lib/python3.8/site-packages/airflow/example_dags/example_complex.py
[2024-01-06T02:39:08.723+0000] {processor.py:830} INFO - Processing file /home/airflow/.local/lib/python3.8/site-packages/airflow/example_dags/example_complex.py for tasks to queue
[2024-01-06T02:39:08.726+0000] {logging_mixin.py:188} INFO - [2024-01-06T02:39:08.726+0000] {dagbag.py:538} INFO - Filling up the DagBag from /home/airflow/.local/lib/python3.8/site-packages/airflow/example_dags/example_complex.py
[2024-01-06T02:39:08.733+0000] {processor.py:840} INFO - DAG(s) 'example_complex' retrieved from /home/airflow/.local/lib/python3.8/site-packages/airflow/example_dags/example_complex.py
[2024-01-06T02:39:08.754+0000] {logging_mixin.py:188} INFO - [2024-01-06T02:39:08.754+0000] {dag.py:3033} INFO - Sync 1 DAGs
[2024-01-06T02:39:08.765+0000] {logging_mixin.py:188} INFO - [2024-01-06T02:39:08.765+0000] {dag.py:3820} INFO - Setting next_dagrun for example_complex to None, run_after=None
[2024-01-06T02:39:08.778+0000] {processor.py:183} INFO - Processing /home/airflow/.local/lib/python3.8/site-packages/airflow/example_dags/example_complex.py took 0.060 seconds
[2024-01-06T02:39:38.950+0000] {processor.py:161} INFO - Started process (PID=42212) to work on /home/airflow/.local/lib/python3.8/site-packages/airflow/example_dags/example_complex.py
[2024-01-06T02:39:38.956+0000] {processor.py:830} INFO - Processing file /home/airflow/.local/lib/python3.8/site-packages/airflow/example_dags/example_complex.py for tasks to queue
[2024-01-06T02:39:38.964+0000] {logging_mixin.py:188} INFO - [2024-01-06T02:39:38.963+0000] {dagbag.py:538} INFO - Filling up the DagBag from /home/airflow/.local/lib/python3.8/site-packages/airflow/example_dags/example_complex.py
[2024-01-06T02:39:38.989+0000] {processor.py:840} INFO - DAG(s) 'example_complex' retrieved from /home/airflow/.local/lib/python3.8/site-packages/airflow/example_dags/example_complex.py
[2024-01-06T02:39:39.063+0000] {logging_mixin.py:188} INFO - [2024-01-06T02:39:39.062+0000] {dag.py:3033} INFO - Sync 1 DAGs
[2024-01-06T02:39:39.097+0000] {logging_mixin.py:188} INFO - [2024-01-06T02:39:39.097+0000] {dag.py:3820} INFO - Setting next_dagrun for example_complex to None, run_after=None
[2024-01-06T02:39:39.175+0000] {processor.py:183} INFO - Processing /home/airflow/.local/lib/python3.8/site-packages/airflow/example_dags/example_complex.py took 0.232 seconds
[2024-01-06T02:40:09.761+0000] {processor.py:161} INFO - Started process (PID=42269) to work on /home/airflow/.local/lib/python3.8/site-packages/airflow/example_dags/example_complex.py
[2024-01-06T02:40:09.763+0000] {processor.py:830} INFO - Processing file /home/airflow/.local/lib/python3.8/site-packages/airflow/example_dags/example_complex.py for tasks to queue
[2024-01-06T02:40:09.766+0000] {logging_mixin.py:188} INFO - [2024-01-06T02:40:09.766+0000] {dagbag.py:538} INFO - Filling up the DagBag from /home/airflow/.local/lib/python3.8/site-packages/airflow/example_dags/example_complex.py
[2024-01-06T02:40:09.777+0000] {processor.py:840} INFO - DAG(s) 'example_complex' retrieved from /home/airflow/.local/lib/python3.8/site-packages/airflow/example_dags/example_complex.py
[2024-01-06T02:40:09.803+0000] {logging_mixin.py:188} INFO - [2024-01-06T02:40:09.803+0000] {dag.py:3033} INFO - Sync 1 DAGs
[2024-01-06T02:40:09.813+0000] {logging_mixin.py:188} INFO - [2024-01-06T02:40:09.813+0000] {dag.py:3820} INFO - Setting next_dagrun for example_complex to None, run_after=None
[2024-01-06T02:40:09.828+0000] {processor.py:183} INFO - Processing /home/airflow/.local/lib/python3.8/site-packages/airflow/example_dags/example_complex.py took 0.072 seconds
[2024-01-06T02:40:43.608+0000] {processor.py:161} INFO - Started process (PID=42328) to work on /home/airflow/.local/lib/python3.8/site-packages/airflow/example_dags/example_complex.py
[2024-01-06T02:40:43.616+0000] {processor.py:830} INFO - Processing file /home/airflow/.local/lib/python3.8/site-packages/airflow/example_dags/example_complex.py for tasks to queue
[2024-01-06T02:40:43.622+0000] {logging_mixin.py:188} INFO - [2024-01-06T02:40:43.621+0000] {dagbag.py:538} INFO - Filling up the DagBag from /home/airflow/.local/lib/python3.8/site-packages/airflow/example_dags/example_complex.py
[2024-01-06T02:40:43.643+0000] {processor.py:840} INFO - DAG(s) 'example_complex' retrieved from /home/airflow/.local/lib/python3.8/site-packages/airflow/example_dags/example_complex.py
[2024-01-06T02:40:43.696+0000] {logging_mixin.py:188} INFO - [2024-01-06T02:40:43.696+0000] {dag.py:3033} INFO - Sync 1 DAGs
[2024-01-06T02:40:43.712+0000] {logging_mixin.py:188} INFO - [2024-01-06T02:40:43.712+0000] {dag.py:3820} INFO - Setting next_dagrun for example_complex to None, run_after=None
[2024-01-06T02:40:43.743+0000] {processor.py:183} INFO - Processing /home/airflow/.local/lib/python3.8/site-packages/airflow/example_dags/example_complex.py took 0.154 seconds
[2024-01-06T02:41:14.282+0000] {processor.py:161} INFO - Started process (PID=42386) to work on /home/airflow/.local/lib/python3.8/site-packages/airflow/example_dags/example_complex.py
[2024-01-06T02:41:14.284+0000] {processor.py:830} INFO - Processing file /home/airflow/.local/lib/python3.8/site-packages/airflow/example_dags/example_complex.py for tasks to queue
[2024-01-06T02:41:14.288+0000] {logging_mixin.py:188} INFO - [2024-01-06T02:41:14.287+0000] {dagbag.py:538} INFO - Filling up the DagBag from /home/airflow/.local/lib/python3.8/site-packages/airflow/example_dags/example_complex.py
[2024-01-06T02:41:14.298+0000] {processor.py:840} INFO - DAG(s) 'example_complex' retrieved from /home/airflow/.local/lib/python3.8/site-packages/airflow/example_dags/example_complex.py
[2024-01-06T02:41:14.329+0000] {logging_mixin.py:188} INFO - [2024-01-06T02:41:14.329+0000] {dag.py:3033} INFO - Sync 1 DAGs
[2024-01-06T02:41:14.340+0000] {logging_mixin.py:188} INFO - [2024-01-06T02:41:14.340+0000] {dag.py:3820} INFO - Setting next_dagrun for example_complex to None, run_after=None
[2024-01-06T02:41:14.357+0000] {processor.py:183} INFO - Processing /home/airflow/.local/lib/python3.8/site-packages/airflow/example_dags/example_complex.py took 0.078 seconds
[2024-01-06T02:41:45.177+0000] {processor.py:161} INFO - Started process (PID=42444) to work on /home/airflow/.local/lib/python3.8/site-packages/airflow/example_dags/example_complex.py
[2024-01-06T02:41:45.180+0000] {processor.py:830} INFO - Processing file /home/airflow/.local/lib/python3.8/site-packages/airflow/example_dags/example_complex.py for tasks to queue
[2024-01-06T02:41:45.182+0000] {logging_mixin.py:188} INFO - [2024-01-06T02:41:45.182+0000] {dagbag.py:538} INFO - Filling up the DagBag from /home/airflow/.local/lib/python3.8/site-packages/airflow/example_dags/example_complex.py
[2024-01-06T02:41:45.189+0000] {processor.py:840} INFO - DAG(s) 'example_complex' retrieved from /home/airflow/.local/lib/python3.8/site-packages/airflow/example_dags/example_complex.py
[2024-01-06T02:41:45.214+0000] {logging_mixin.py:188} INFO - [2024-01-06T02:41:45.213+0000] {dag.py:3033} INFO - Sync 1 DAGs
[2024-01-06T02:41:45.223+0000] {logging_mixin.py:188} INFO - [2024-01-06T02:41:45.222+0000] {dag.py:3820} INFO - Setting next_dagrun for example_complex to None, run_after=None
[2024-01-06T02:41:45.237+0000] {processor.py:183} INFO - Processing /home/airflow/.local/lib/python3.8/site-packages/airflow/example_dags/example_complex.py took 0.063 seconds
[2024-01-06T02:42:15.299+0000] {processor.py:161} INFO - Started process (PID=42501) to work on /home/airflow/.local/lib/python3.8/site-packages/airflow/example_dags/example_complex.py
[2024-01-06T02:42:15.300+0000] {processor.py:830} INFO - Processing file /home/airflow/.local/lib/python3.8/site-packages/airflow/example_dags/example_complex.py for tasks to queue
[2024-01-06T02:42:15.302+0000] {logging_mixin.py:188} INFO - [2024-01-06T02:42:15.302+0000] {dagbag.py:538} INFO - Filling up the DagBag from /home/airflow/.local/lib/python3.8/site-packages/airflow/example_dags/example_complex.py
[2024-01-06T02:42:15.310+0000] {processor.py:840} INFO - DAG(s) 'example_complex' retrieved from /home/airflow/.local/lib/python3.8/site-packages/airflow/example_dags/example_complex.py
[2024-01-06T02:42:15.331+0000] {logging_mixin.py:188} INFO - [2024-01-06T02:42:15.331+0000] {dag.py:3033} INFO - Sync 1 DAGs
[2024-01-06T02:42:15.339+0000] {logging_mixin.py:188} INFO - [2024-01-06T02:42:15.339+0000] {dag.py:3820} INFO - Setting next_dagrun for example_complex to None, run_after=None
[2024-01-06T02:42:15.351+0000] {processor.py:183} INFO - Processing /home/airflow/.local/lib/python3.8/site-packages/airflow/example_dags/example_complex.py took 0.055 seconds
[2024-01-06T02:42:45.444+0000] {processor.py:161} INFO - Started process (PID=42559) to work on /home/airflow/.local/lib/python3.8/site-packages/airflow/example_dags/example_complex.py
[2024-01-06T02:42:45.446+0000] {processor.py:830} INFO - Processing file /home/airflow/.local/lib/python3.8/site-packages/airflow/example_dags/example_complex.py for tasks to queue
[2024-01-06T02:42:45.448+0000] {logging_mixin.py:188} INFO - [2024-01-06T02:42:45.448+0000] {dagbag.py:538} INFO - Filling up the DagBag from /home/airflow/.local/lib/python3.8/site-packages/airflow/example_dags/example_complex.py
[2024-01-06T02:42:45.455+0000] {processor.py:840} INFO - DAG(s) 'example_complex' retrieved from /home/airflow/.local/lib/python3.8/site-packages/airflow/example_dags/example_complex.py
[2024-01-06T02:42:45.475+0000] {logging_mixin.py:188} INFO - [2024-01-06T02:42:45.475+0000] {dag.py:3033} INFO - Sync 1 DAGs
[2024-01-06T02:42:45.483+0000] {logging_mixin.py:188} INFO - [2024-01-06T02:42:45.483+0000] {dag.py:3820} INFO - Setting next_dagrun for example_complex to None, run_after=None
[2024-01-06T02:42:45.495+0000] {processor.py:183} INFO - Processing /home/airflow/.local/lib/python3.8/site-packages/airflow/example_dags/example_complex.py took 0.055 seconds
[2024-01-06T02:43:15.850+0000] {processor.py:161} INFO - Started process (PID=42617) to work on /home/airflow/.local/lib/python3.8/site-packages/airflow/example_dags/example_complex.py
[2024-01-06T02:43:15.851+0000] {processor.py:830} INFO - Processing file /home/airflow/.local/lib/python3.8/site-packages/airflow/example_dags/example_complex.py for tasks to queue
[2024-01-06T02:43:15.853+0000] {logging_mixin.py:188} INFO - [2024-01-06T02:43:15.853+0000] {dagbag.py:538} INFO - Filling up the DagBag from /home/airflow/.local/lib/python3.8/site-packages/airflow/example_dags/example_complex.py
[2024-01-06T02:43:15.861+0000] {processor.py:840} INFO - DAG(s) 'example_complex' retrieved from /home/airflow/.local/lib/python3.8/site-packages/airflow/example_dags/example_complex.py
[2024-01-06T02:43:15.883+0000] {logging_mixin.py:188} INFO - [2024-01-06T02:43:15.883+0000] {dag.py:3033} INFO - Sync 1 DAGs
[2024-01-06T02:43:15.895+0000] {logging_mixin.py:188} INFO - [2024-01-06T02:43:15.894+0000] {dag.py:3820} INFO - Setting next_dagrun for example_complex to None, run_after=None
[2024-01-06T02:43:15.922+0000] {processor.py:183} INFO - Processing /home/airflow/.local/lib/python3.8/site-packages/airflow/example_dags/example_complex.py took 0.075 seconds
[2024-01-06T02:43:46.006+0000] {processor.py:161} INFO - Started process (PID=42675) to work on /home/airflow/.local/lib/python3.8/site-packages/airflow/example_dags/example_complex.py
[2024-01-06T02:43:46.008+0000] {processor.py:830} INFO - Processing file /home/airflow/.local/lib/python3.8/site-packages/airflow/example_dags/example_complex.py for tasks to queue
[2024-01-06T02:43:46.010+0000] {logging_mixin.py:188} INFO - [2024-01-06T02:43:46.010+0000] {dagbag.py:538} INFO - Filling up the DagBag from /home/airflow/.local/lib/python3.8/site-packages/airflow/example_dags/example_complex.py
[2024-01-06T02:43:46.019+0000] {processor.py:840} INFO - DAG(s) 'example_complex' retrieved from /home/airflow/.local/lib/python3.8/site-packages/airflow/example_dags/example_complex.py
[2024-01-06T02:43:46.044+0000] {logging_mixin.py:188} INFO - [2024-01-06T02:43:46.044+0000] {dag.py:3033} INFO - Sync 1 DAGs
[2024-01-06T02:43:46.052+0000] {logging_mixin.py:188} INFO - [2024-01-06T02:43:46.052+0000] {dag.py:3820} INFO - Setting next_dagrun for example_complex to None, run_after=None
[2024-01-06T02:43:46.092+0000] {processor.py:183} INFO - Processing /home/airflow/.local/lib/python3.8/site-packages/airflow/example_dags/example_complex.py took 0.088 seconds
[2024-01-06T02:44:16.301+0000] {processor.py:161} INFO - Started process (PID=42733) to work on /home/airflow/.local/lib/python3.8/site-packages/airflow/example_dags/example_complex.py
[2024-01-06T02:44:16.302+0000] {processor.py:830} INFO - Processing file /home/airflow/.local/lib/python3.8/site-packages/airflow/example_dags/example_complex.py for tasks to queue
[2024-01-06T02:44:16.305+0000] {logging_mixin.py:188} INFO - [2024-01-06T02:44:16.305+0000] {dagbag.py:538} INFO - Filling up the DagBag from /home/airflow/.local/lib/python3.8/site-packages/airflow/example_dags/example_complex.py
[2024-01-06T02:44:16.314+0000] {processor.py:840} INFO - DAG(s) 'example_complex' retrieved from /home/airflow/.local/lib/python3.8/site-packages/airflow/example_dags/example_complex.py
[2024-01-06T02:44:16.338+0000] {logging_mixin.py:188} INFO - [2024-01-06T02:44:16.338+0000] {dag.py:3033} INFO - Sync 1 DAGs
[2024-01-06T02:44:16.347+0000] {logging_mixin.py:188} INFO - [2024-01-06T02:44:16.347+0000] {dag.py:3820} INFO - Setting next_dagrun for example_complex to None, run_after=None
[2024-01-06T02:44:16.360+0000] {processor.py:183} INFO - Processing /home/airflow/.local/lib/python3.8/site-packages/airflow/example_dags/example_complex.py took 0.062 seconds
[2024-01-06T02:44:46.627+0000] {processor.py:161} INFO - Started process (PID=42791) to work on /home/airflow/.local/lib/python3.8/site-packages/airflow/example_dags/example_complex.py
[2024-01-06T02:44:46.629+0000] {processor.py:830} INFO - Processing file /home/airflow/.local/lib/python3.8/site-packages/airflow/example_dags/example_complex.py for tasks to queue
[2024-01-06T02:44:46.631+0000] {logging_mixin.py:188} INFO - [2024-01-06T02:44:46.631+0000] {dagbag.py:538} INFO - Filling up the DagBag from /home/airflow/.local/lib/python3.8/site-packages/airflow/example_dags/example_complex.py
[2024-01-06T02:44:46.638+0000] {processor.py:840} INFO - DAG(s) 'example_complex' retrieved from /home/airflow/.local/lib/python3.8/site-packages/airflow/example_dags/example_complex.py
[2024-01-06T02:44:46.659+0000] {logging_mixin.py:188} INFO - [2024-01-06T02:44:46.659+0000] {dag.py:3033} INFO - Sync 1 DAGs
[2024-01-06T02:44:46.666+0000] {logging_mixin.py:188} INFO - [2024-01-06T02:44:46.666+0000] {dag.py:3820} INFO - Setting next_dagrun for example_complex to None, run_after=None
[2024-01-06T02:44:46.677+0000] {processor.py:183} INFO - Processing /home/airflow/.local/lib/python3.8/site-packages/airflow/example_dags/example_complex.py took 0.052 seconds
[2024-01-06T02:45:16.817+0000] {processor.py:161} INFO - Started process (PID=42849) to work on /home/airflow/.local/lib/python3.8/site-packages/airflow/example_dags/example_complex.py
[2024-01-06T02:45:16.819+0000] {processor.py:830} INFO - Processing file /home/airflow/.local/lib/python3.8/site-packages/airflow/example_dags/example_complex.py for tasks to queue
[2024-01-06T02:45:16.821+0000] {logging_mixin.py:188} INFO - [2024-01-06T02:45:16.821+0000] {dagbag.py:538} INFO - Filling up the DagBag from /home/airflow/.local/lib/python3.8/site-packages/airflow/example_dags/example_complex.py
[2024-01-06T02:45:16.828+0000] {processor.py:840} INFO - DAG(s) 'example_complex' retrieved from /home/airflow/.local/lib/python3.8/site-packages/airflow/example_dags/example_complex.py
[2024-01-06T02:45:16.849+0000] {logging_mixin.py:188} INFO - [2024-01-06T02:45:16.849+0000] {dag.py:3033} INFO - Sync 1 DAGs
[2024-01-06T02:45:16.857+0000] {logging_mixin.py:188} INFO - [2024-01-06T02:45:16.856+0000] {dag.py:3820} INFO - Setting next_dagrun for example_complex to None, run_after=None
[2024-01-06T02:45:16.869+0000] {processor.py:183} INFO - Processing /home/airflow/.local/lib/python3.8/site-packages/airflow/example_dags/example_complex.py took 0.055 seconds
[2024-01-06T02:45:47.176+0000] {processor.py:161} INFO - Started process (PID=42907) to work on /home/airflow/.local/lib/python3.8/site-packages/airflow/example_dags/example_complex.py
[2024-01-06T02:45:47.177+0000] {processor.py:830} INFO - Processing file /home/airflow/.local/lib/python3.8/site-packages/airflow/example_dags/example_complex.py for tasks to queue
[2024-01-06T02:45:47.179+0000] {logging_mixin.py:188} INFO - [2024-01-06T02:45:47.179+0000] {dagbag.py:538} INFO - Filling up the DagBag from /home/airflow/.local/lib/python3.8/site-packages/airflow/example_dags/example_complex.py
[2024-01-06T02:45:47.187+0000] {processor.py:840} INFO - DAG(s) 'example_complex' retrieved from /home/airflow/.local/lib/python3.8/site-packages/airflow/example_dags/example_complex.py
[2024-01-06T02:45:47.210+0000] {logging_mixin.py:188} INFO - [2024-01-06T02:45:47.210+0000] {dag.py:3033} INFO - Sync 1 DAGs
[2024-01-06T02:45:47.218+0000] {logging_mixin.py:188} INFO - [2024-01-06T02:45:47.218+0000] {dag.py:3820} INFO - Setting next_dagrun for example_complex to None, run_after=None
[2024-01-06T02:45:47.230+0000] {processor.py:183} INFO - Processing /home/airflow/.local/lib/python3.8/site-packages/airflow/example_dags/example_complex.py took 0.057 seconds
[2024-01-06T02:46:18.252+0000] {processor.py:161} INFO - Started process (PID=42965) to work on /home/airflow/.local/lib/python3.8/site-packages/airflow/example_dags/example_complex.py
[2024-01-06T02:46:18.253+0000] {processor.py:830} INFO - Processing file /home/airflow/.local/lib/python3.8/site-packages/airflow/example_dags/example_complex.py for tasks to queue
[2024-01-06T02:46:18.255+0000] {logging_mixin.py:188} INFO - [2024-01-06T02:46:18.255+0000] {dagbag.py:538} INFO - Filling up the DagBag from /home/airflow/.local/lib/python3.8/site-packages/airflow/example_dags/example_complex.py
[2024-01-06T02:46:18.262+0000] {processor.py:840} INFO - DAG(s) 'example_complex' retrieved from /home/airflow/.local/lib/python3.8/site-packages/airflow/example_dags/example_complex.py
[2024-01-06T02:46:18.284+0000] {logging_mixin.py:188} INFO - [2024-01-06T02:46:18.284+0000] {dag.py:3033} INFO - Sync 1 DAGs
[2024-01-06T02:46:18.292+0000] {logging_mixin.py:188} INFO - [2024-01-06T02:46:18.292+0000] {dag.py:3820} INFO - Setting next_dagrun for example_complex to None, run_after=None
[2024-01-06T02:46:18.305+0000] {processor.py:183} INFO - Processing /home/airflow/.local/lib/python3.8/site-packages/airflow/example_dags/example_complex.py took 0.056 seconds
[2024-01-06T02:46:48.770+0000] {processor.py:161} INFO - Started process (PID=43023) to work on /home/airflow/.local/lib/python3.8/site-packages/airflow/example_dags/example_complex.py
[2024-01-06T02:46:48.772+0000] {processor.py:830} INFO - Processing file /home/airflow/.local/lib/python3.8/site-packages/airflow/example_dags/example_complex.py for tasks to queue
[2024-01-06T02:46:48.774+0000] {logging_mixin.py:188} INFO - [2024-01-06T02:46:48.774+0000] {dagbag.py:538} INFO - Filling up the DagBag from /home/airflow/.local/lib/python3.8/site-packages/airflow/example_dags/example_complex.py
[2024-01-06T02:46:48.781+0000] {processor.py:840} INFO - DAG(s) 'example_complex' retrieved from /home/airflow/.local/lib/python3.8/site-packages/airflow/example_dags/example_complex.py
[2024-01-06T02:46:48.802+0000] {logging_mixin.py:188} INFO - [2024-01-06T02:46:48.802+0000] {dag.py:3033} INFO - Sync 1 DAGs
[2024-01-06T02:46:48.810+0000] {logging_mixin.py:188} INFO - [2024-01-06T02:46:48.810+0000] {dag.py:3820} INFO - Setting next_dagrun for example_complex to None, run_after=None
[2024-01-06T02:46:48.822+0000] {processor.py:183} INFO - Processing /home/airflow/.local/lib/python3.8/site-packages/airflow/example_dags/example_complex.py took 0.054 seconds
[2024-01-06T02:47:19.110+0000] {processor.py:161} INFO - Started process (PID=43081) to work on /home/airflow/.local/lib/python3.8/site-packages/airflow/example_dags/example_complex.py
[2024-01-06T02:47:19.111+0000] {processor.py:830} INFO - Processing file /home/airflow/.local/lib/python3.8/site-packages/airflow/example_dags/example_complex.py for tasks to queue
[2024-01-06T02:47:19.113+0000] {logging_mixin.py:188} INFO - [2024-01-06T02:47:19.113+0000] {dagbag.py:538} INFO - Filling up the DagBag from /home/airflow/.local/lib/python3.8/site-packages/airflow/example_dags/example_complex.py
[2024-01-06T02:47:19.121+0000] {processor.py:840} INFO - DAG(s) 'example_complex' retrieved from /home/airflow/.local/lib/python3.8/site-packages/airflow/example_dags/example_complex.py
[2024-01-06T02:47:19.143+0000] {logging_mixin.py:188} INFO - [2024-01-06T02:47:19.143+0000] {dag.py:3033} INFO - Sync 1 DAGs
[2024-01-06T02:47:19.152+0000] {logging_mixin.py:188} INFO - [2024-01-06T02:47:19.152+0000] {dag.py:3820} INFO - Setting next_dagrun for example_complex to None, run_after=None
[2024-01-06T02:47:19.164+0000] {processor.py:183} INFO - Processing /home/airflow/.local/lib/python3.8/site-packages/airflow/example_dags/example_complex.py took 0.057 seconds
[2024-01-06T02:47:49.648+0000] {processor.py:161} INFO - Started process (PID=43139) to work on /home/airflow/.local/lib/python3.8/site-packages/airflow/example_dags/example_complex.py
[2024-01-06T02:47:49.650+0000] {processor.py:830} INFO - Processing file /home/airflow/.local/lib/python3.8/site-packages/airflow/example_dags/example_complex.py for tasks to queue
[2024-01-06T02:47:49.653+0000] {logging_mixin.py:188} INFO - [2024-01-06T02:47:49.652+0000] {dagbag.py:538} INFO - Filling up the DagBag from /home/airflow/.local/lib/python3.8/site-packages/airflow/example_dags/example_complex.py
[2024-01-06T02:47:49.660+0000] {processor.py:840} INFO - DAG(s) 'example_complex' retrieved from /home/airflow/.local/lib/python3.8/site-packages/airflow/example_dags/example_complex.py
[2024-01-06T02:47:49.681+0000] {logging_mixin.py:188} INFO - [2024-01-06T02:47:49.681+0000] {dag.py:3033} INFO - Sync 1 DAGs
[2024-01-06T02:47:49.689+0000] {logging_mixin.py:188} INFO - [2024-01-06T02:47:49.689+0000] {dag.py:3820} INFO - Setting next_dagrun for example_complex to None, run_after=None
[2024-01-06T02:47:49.700+0000] {processor.py:183} INFO - Processing /home/airflow/.local/lib/python3.8/site-packages/airflow/example_dags/example_complex.py took 0.056 seconds
[2024-01-06T02:48:20.301+0000] {processor.py:161} INFO - Started process (PID=43197) to work on /home/airflow/.local/lib/python3.8/site-packages/airflow/example_dags/example_complex.py
[2024-01-06T02:48:20.303+0000] {processor.py:830} INFO - Processing file /home/airflow/.local/lib/python3.8/site-packages/airflow/example_dags/example_complex.py for tasks to queue
[2024-01-06T02:48:20.305+0000] {logging_mixin.py:188} INFO - [2024-01-06T02:48:20.305+0000] {dagbag.py:538} INFO - Filling up the DagBag from /home/airflow/.local/lib/python3.8/site-packages/airflow/example_dags/example_complex.py
[2024-01-06T02:48:20.312+0000] {processor.py:840} INFO - DAG(s) 'example_complex' retrieved from /home/airflow/.local/lib/python3.8/site-packages/airflow/example_dags/example_complex.py
[2024-01-06T02:48:20.335+0000] {logging_mixin.py:188} INFO - [2024-01-06T02:48:20.335+0000] {dag.py:3033} INFO - Sync 1 DAGs
[2024-01-06T02:48:20.346+0000] {logging_mixin.py:188} INFO - [2024-01-06T02:48:20.346+0000] {dag.py:3820} INFO - Setting next_dagrun for example_complex to None, run_after=None
[2024-01-06T02:48:20.364+0000] {processor.py:183} INFO - Processing /home/airflow/.local/lib/python3.8/site-packages/airflow/example_dags/example_complex.py took 0.067 seconds
[2024-01-06T02:48:52.018+0000] {processor.py:161} INFO - Started process (PID=43255) to work on /home/airflow/.local/lib/python3.8/site-packages/airflow/example_dags/example_complex.py
[2024-01-06T02:48:52.027+0000] {processor.py:830} INFO - Processing file /home/airflow/.local/lib/python3.8/site-packages/airflow/example_dags/example_complex.py for tasks to queue
[2024-01-06T02:48:52.070+0000] {logging_mixin.py:188} INFO - [2024-01-06T02:48:52.062+0000] {dagbag.py:538} INFO - Filling up the DagBag from /home/airflow/.local/lib/python3.8/site-packages/airflow/example_dags/example_complex.py
[2024-01-06T02:48:52.121+0000] {processor.py:840} INFO - DAG(s) 'example_complex' retrieved from /home/airflow/.local/lib/python3.8/site-packages/airflow/example_dags/example_complex.py
[2024-01-06T02:48:52.265+0000] {logging_mixin.py:188} INFO - [2024-01-06T02:48:52.264+0000] {dag.py:3033} INFO - Sync 1 DAGs
[2024-01-06T02:48:52.316+0000] {logging_mixin.py:188} INFO - [2024-01-06T02:48:52.316+0000] {dag.py:3820} INFO - Setting next_dagrun for example_complex to None, run_after=None
[2024-01-06T02:48:52.391+0000] {processor.py:183} INFO - Processing /home/airflow/.local/lib/python3.8/site-packages/airflow/example_dags/example_complex.py took 0.398 seconds
[2024-01-06T02:49:25.797+0000] {processor.py:161} INFO - Started process (PID=43312) to work on /home/airflow/.local/lib/python3.8/site-packages/airflow/example_dags/example_complex.py
[2024-01-06T02:49:25.799+0000] {processor.py:830} INFO - Processing file /home/airflow/.local/lib/python3.8/site-packages/airflow/example_dags/example_complex.py for tasks to queue
[2024-01-06T02:49:25.802+0000] {logging_mixin.py:188} INFO - [2024-01-06T02:49:25.802+0000] {dagbag.py:538} INFO - Filling up the DagBag from /home/airflow/.local/lib/python3.8/site-packages/airflow/example_dags/example_complex.py
[2024-01-06T02:49:25.812+0000] {processor.py:840} INFO - DAG(s) 'example_complex' retrieved from /home/airflow/.local/lib/python3.8/site-packages/airflow/example_dags/example_complex.py
[2024-01-06T02:49:25.837+0000] {logging_mixin.py:188} INFO - [2024-01-06T02:49:25.836+0000] {dag.py:3033} INFO - Sync 1 DAGs
[2024-01-06T02:49:25.846+0000] {logging_mixin.py:188} INFO - [2024-01-06T02:49:25.846+0000] {dag.py:3820} INFO - Setting next_dagrun for example_complex to None, run_after=None
[2024-01-06T02:49:25.861+0000] {processor.py:183} INFO - Processing /home/airflow/.local/lib/python3.8/site-packages/airflow/example_dags/example_complex.py took 0.067 seconds
[2024-01-06T02:49:57.069+0000] {processor.py:161} INFO - Started process (PID=43375) to work on /home/airflow/.local/lib/python3.8/site-packages/airflow/example_dags/example_complex.py
[2024-01-06T02:49:57.071+0000] {processor.py:830} INFO - Processing file /home/airflow/.local/lib/python3.8/site-packages/airflow/example_dags/example_complex.py for tasks to queue
[2024-01-06T02:49:57.073+0000] {logging_mixin.py:188} INFO - [2024-01-06T02:49:57.073+0000] {dagbag.py:538} INFO - Filling up the DagBag from /home/airflow/.local/lib/python3.8/site-packages/airflow/example_dags/example_complex.py
[2024-01-06T02:49:57.081+0000] {processor.py:840} INFO - DAG(s) 'example_complex' retrieved from /home/airflow/.local/lib/python3.8/site-packages/airflow/example_dags/example_complex.py
[2024-01-06T02:49:57.102+0000] {logging_mixin.py:188} INFO - [2024-01-06T02:49:57.102+0000] {dag.py:3033} INFO - Sync 1 DAGs
[2024-01-06T02:49:57.110+0000] {logging_mixin.py:188} INFO - [2024-01-06T02:49:57.109+0000] {dag.py:3820} INFO - Setting next_dagrun for example_complex to None, run_after=None
[2024-01-06T02:49:57.123+0000] {processor.py:183} INFO - Processing /home/airflow/.local/lib/python3.8/site-packages/airflow/example_dags/example_complex.py took 0.056 seconds
[2024-01-06T02:50:28.155+0000] {processor.py:161} INFO - Started process (PID=43433) to work on /home/airflow/.local/lib/python3.8/site-packages/airflow/example_dags/example_complex.py
[2024-01-06T02:50:28.157+0000] {processor.py:830} INFO - Processing file /home/airflow/.local/lib/python3.8/site-packages/airflow/example_dags/example_complex.py for tasks to queue
[2024-01-06T02:50:28.161+0000] {logging_mixin.py:188} INFO - [2024-01-06T02:50:28.161+0000] {dagbag.py:538} INFO - Filling up the DagBag from /home/airflow/.local/lib/python3.8/site-packages/airflow/example_dags/example_complex.py
[2024-01-06T02:50:28.204+0000] {processor.py:840} INFO - DAG(s) 'example_complex' retrieved from /home/airflow/.local/lib/python3.8/site-packages/airflow/example_dags/example_complex.py
[2024-01-06T02:50:28.235+0000] {logging_mixin.py:188} INFO - [2024-01-06T02:50:28.234+0000] {dag.py:3033} INFO - Sync 1 DAGs
[2024-01-06T02:50:28.246+0000] {logging_mixin.py:188} INFO - [2024-01-06T02:50:28.246+0000] {dag.py:3820} INFO - Setting next_dagrun for example_complex to None, run_after=None
[2024-01-06T02:50:28.262+0000] {processor.py:183} INFO - Processing /home/airflow/.local/lib/python3.8/site-packages/airflow/example_dags/example_complex.py took 0.110 seconds
[2024-01-06T02:50:58.404+0000] {processor.py:161} INFO - Started process (PID=43491) to work on /home/airflow/.local/lib/python3.8/site-packages/airflow/example_dags/example_complex.py
[2024-01-06T02:50:58.406+0000] {processor.py:830} INFO - Processing file /home/airflow/.local/lib/python3.8/site-packages/airflow/example_dags/example_complex.py for tasks to queue
[2024-01-06T02:50:58.408+0000] {logging_mixin.py:188} INFO - [2024-01-06T02:50:58.407+0000] {dagbag.py:538} INFO - Filling up the DagBag from /home/airflow/.local/lib/python3.8/site-packages/airflow/example_dags/example_complex.py
[2024-01-06T02:50:58.415+0000] {processor.py:840} INFO - DAG(s) 'example_complex' retrieved from /home/airflow/.local/lib/python3.8/site-packages/airflow/example_dags/example_complex.py
[2024-01-06T02:50:58.436+0000] {logging_mixin.py:188} INFO - [2024-01-06T02:50:58.436+0000] {dag.py:3033} INFO - Sync 1 DAGs
[2024-01-06T02:50:58.445+0000] {logging_mixin.py:188} INFO - [2024-01-06T02:50:58.445+0000] {dag.py:3820} INFO - Setting next_dagrun for example_complex to None, run_after=None
[2024-01-06T02:50:58.458+0000] {processor.py:183} INFO - Processing /home/airflow/.local/lib/python3.8/site-packages/airflow/example_dags/example_complex.py took 0.056 seconds
