[2024-01-06T01:20:15.285+0000] {processor.py:161} INFO - Started process (PID=39355) to work on /home/airflow/.local/lib/python3.8/site-packages/airflow/example_dags/example_branch_operator.py
[2024-01-06T01:20:15.288+0000] {processor.py:830} INFO - Processing file /home/airflow/.local/lib/python3.8/site-packages/airflow/example_dags/example_branch_operator.py for tasks to queue
[2024-01-06T01:20:15.291+0000] {logging_mixin.py:188} INFO - [2024-01-06T01:20:15.291+0000] {dagbag.py:538} INFO - Filling up the DagBag from /home/airflow/.local/lib/python3.8/site-packages/airflow/example_dags/example_branch_operator.py
[2024-01-06T01:20:15.306+0000] {processor.py:840} INFO - DAG(s) 'example_branch_operator' retrieved from /home/airflow/.local/lib/python3.8/site-packages/airflow/example_dags/example_branch_operator.py
[2024-01-06T01:20:15.329+0000] {logging_mixin.py:188} INFO - [2024-01-06T01:20:15.329+0000] {dag.py:3033} INFO - Sync 1 DAGs
[2024-01-06T01:20:15.343+0000] {logging_mixin.py:188} INFO - [2024-01-06T01:20:15.343+0000] {dag.py:3820} INFO - Setting next_dagrun for example_branch_operator to 2024-01-05T00:00:00+00:00, run_after=2024-01-06T00:00:00+00:00
[2024-01-06T01:20:15.355+0000] {processor.py:183} INFO - Processing /home/airflow/.local/lib/python3.8/site-packages/airflow/example_dags/example_branch_operator.py took 0.075 seconds
[2024-01-06T01:47:34.544+0000] {processor.py:161} INFO - Started process (PID=39413) to work on /home/airflow/.local/lib/python3.8/site-packages/airflow/example_dags/example_branch_operator.py
[2024-01-06T01:47:34.545+0000] {processor.py:830} INFO - Processing file /home/airflow/.local/lib/python3.8/site-packages/airflow/example_dags/example_branch_operator.py for tasks to queue
[2024-01-06T01:47:34.547+0000] {logging_mixin.py:188} INFO - [2024-01-06T01:47:34.547+0000] {dagbag.py:538} INFO - Filling up the DagBag from /home/airflow/.local/lib/python3.8/site-packages/airflow/example_dags/example_branch_operator.py
[2024-01-06T01:47:34.561+0000] {processor.py:840} INFO - DAG(s) 'example_branch_operator' retrieved from /home/airflow/.local/lib/python3.8/site-packages/airflow/example_dags/example_branch_operator.py
[2024-01-06T01:47:34.581+0000] {logging_mixin.py:188} INFO - [2024-01-06T01:47:34.580+0000] {dag.py:3033} INFO - Sync 1 DAGs
[2024-01-06T01:47:34.594+0000] {logging_mixin.py:188} INFO - [2024-01-06T01:47:34.594+0000] {dag.py:3820} INFO - Setting next_dagrun for example_branch_operator to 2024-01-05T00:00:00+00:00, run_after=2024-01-06T00:00:00+00:00
[2024-01-06T01:47:34.604+0000] {processor.py:183} INFO - Processing /home/airflow/.local/lib/python3.8/site-packages/airflow/example_dags/example_branch_operator.py took 0.063 seconds
[2024-01-06T01:48:05.148+0000] {processor.py:161} INFO - Started process (PID=39471) to work on /home/airflow/.local/lib/python3.8/site-packages/airflow/example_dags/example_branch_operator.py
[2024-01-06T01:48:05.149+0000] {processor.py:830} INFO - Processing file /home/airflow/.local/lib/python3.8/site-packages/airflow/example_dags/example_branch_operator.py for tasks to queue
[2024-01-06T01:48:05.151+0000] {logging_mixin.py:188} INFO - [2024-01-06T01:48:05.151+0000] {dagbag.py:538} INFO - Filling up the DagBag from /home/airflow/.local/lib/python3.8/site-packages/airflow/example_dags/example_branch_operator.py
[2024-01-06T01:48:05.163+0000] {processor.py:840} INFO - DAG(s) 'example_branch_operator' retrieved from /home/airflow/.local/lib/python3.8/site-packages/airflow/example_dags/example_branch_operator.py
[2024-01-06T01:48:05.193+0000] {logging_mixin.py:188} INFO - [2024-01-06T01:48:05.193+0000] {dag.py:3033} INFO - Sync 1 DAGs
[2024-01-06T01:48:05.206+0000] {logging_mixin.py:188} INFO - [2024-01-06T01:48:05.206+0000] {dag.py:3820} INFO - Setting next_dagrun for example_branch_operator to 2024-01-05T00:00:00+00:00, run_after=2024-01-06T00:00:00+00:00
[2024-01-06T01:48:05.218+0000] {processor.py:183} INFO - Processing /home/airflow/.local/lib/python3.8/site-packages/airflow/example_dags/example_branch_operator.py took 0.072 seconds
[2024-01-06T02:05:26.590+0000] {processor.py:161} INFO - Started process (PID=39529) to work on /home/airflow/.local/lib/python3.8/site-packages/airflow/example_dags/example_branch_operator.py
[2024-01-06T02:05:26.593+0000] {processor.py:830} INFO - Processing file /home/airflow/.local/lib/python3.8/site-packages/airflow/example_dags/example_branch_operator.py for tasks to queue
[2024-01-06T02:05:26.595+0000] {logging_mixin.py:188} INFO - [2024-01-06T02:05:26.595+0000] {dagbag.py:538} INFO - Filling up the DagBag from /home/airflow/.local/lib/python3.8/site-packages/airflow/example_dags/example_branch_operator.py
[2024-01-06T02:05:26.609+0000] {processor.py:840} INFO - DAG(s) 'example_branch_operator' retrieved from /home/airflow/.local/lib/python3.8/site-packages/airflow/example_dags/example_branch_operator.py
[2024-01-06T02:05:26.627+0000] {logging_mixin.py:188} INFO - [2024-01-06T02:05:26.627+0000] {dag.py:3033} INFO - Sync 1 DAGs
[2024-01-06T02:05:26.641+0000] {logging_mixin.py:188} INFO - [2024-01-06T02:05:26.641+0000] {dag.py:3820} INFO - Setting next_dagrun for example_branch_operator to 2024-01-05T00:00:00+00:00, run_after=2024-01-06T00:00:00+00:00
[2024-01-06T02:05:26.652+0000] {processor.py:183} INFO - Processing /home/airflow/.local/lib/python3.8/site-packages/airflow/example_dags/example_branch_operator.py took 0.064 seconds
[2024-01-06T02:16:26.200+0000] {processor.py:161} INFO - Started process (PID=39587) to work on /home/airflow/.local/lib/python3.8/site-packages/airflow/example_dags/example_branch_operator.py
[2024-01-06T02:16:26.201+0000] {processor.py:830} INFO - Processing file /home/airflow/.local/lib/python3.8/site-packages/airflow/example_dags/example_branch_operator.py for tasks to queue
[2024-01-06T02:16:26.204+0000] {logging_mixin.py:188} INFO - [2024-01-06T02:16:26.204+0000] {dagbag.py:538} INFO - Filling up the DagBag from /home/airflow/.local/lib/python3.8/site-packages/airflow/example_dags/example_branch_operator.py
[2024-01-06T02:16:26.218+0000] {processor.py:840} INFO - DAG(s) 'example_branch_operator' retrieved from /home/airflow/.local/lib/python3.8/site-packages/airflow/example_dags/example_branch_operator.py
[2024-01-06T02:16:26.236+0000] {logging_mixin.py:188} INFO - [2024-01-06T02:16:26.236+0000] {dag.py:3033} INFO - Sync 1 DAGs
[2024-01-06T02:16:26.249+0000] {logging_mixin.py:188} INFO - [2024-01-06T02:16:26.249+0000] {dag.py:3820} INFO - Setting next_dagrun for example_branch_operator to 2024-01-05T00:00:00+00:00, run_after=2024-01-06T00:00:00+00:00
[2024-01-06T02:16:26.264+0000] {processor.py:183} INFO - Processing /home/airflow/.local/lib/python3.8/site-packages/airflow/example_dags/example_branch_operator.py took 0.066 seconds
[2024-01-06T02:17:00.158+0000] {processor.py:161} INFO - Started process (PID=39645) to work on /home/airflow/.local/lib/python3.8/site-packages/airflow/example_dags/example_branch_operator.py
[2024-01-06T02:17:00.176+0000] {processor.py:830} INFO - Processing file /home/airflow/.local/lib/python3.8/site-packages/airflow/example_dags/example_branch_operator.py for tasks to queue
[2024-01-06T02:17:00.183+0000] {logging_mixin.py:188} INFO - [2024-01-06T02:17:00.182+0000] {dagbag.py:538} INFO - Filling up the DagBag from /home/airflow/.local/lib/python3.8/site-packages/airflow/example_dags/example_branch_operator.py
[2024-01-06T02:17:00.251+0000] {processor.py:840} INFO - DAG(s) 'example_branch_operator' retrieved from /home/airflow/.local/lib/python3.8/site-packages/airflow/example_dags/example_branch_operator.py
[2024-01-06T02:17:00.388+0000] {logging_mixin.py:188} INFO - [2024-01-06T02:17:00.387+0000] {dag.py:3033} INFO - Sync 1 DAGs
[2024-01-06T02:17:00.509+0000] {logging_mixin.py:188} INFO - [2024-01-06T02:17:00.508+0000] {dag.py:3820} INFO - Setting next_dagrun for example_branch_operator to 2024-01-05T00:00:00+00:00, run_after=2024-01-06T00:00:00+00:00
[2024-01-06T02:17:00.683+0000] {processor.py:183} INFO - Processing /home/airflow/.local/lib/python3.8/site-packages/airflow/example_dags/example_branch_operator.py took 0.535 seconds
[2024-01-06T02:17:30.808+0000] {processor.py:161} INFO - Started process (PID=39703) to work on /home/airflow/.local/lib/python3.8/site-packages/airflow/example_dags/example_branch_operator.py
[2024-01-06T02:17:30.810+0000] {processor.py:830} INFO - Processing file /home/airflow/.local/lib/python3.8/site-packages/airflow/example_dags/example_branch_operator.py for tasks to queue
[2024-01-06T02:17:30.812+0000] {logging_mixin.py:188} INFO - [2024-01-06T02:17:30.812+0000] {dagbag.py:538} INFO - Filling up the DagBag from /home/airflow/.local/lib/python3.8/site-packages/airflow/example_dags/example_branch_operator.py
[2024-01-06T02:17:30.822+0000] {processor.py:840} INFO - DAG(s) 'example_branch_operator' retrieved from /home/airflow/.local/lib/python3.8/site-packages/airflow/example_dags/example_branch_operator.py
[2024-01-06T02:17:30.841+0000] {logging_mixin.py:188} INFO - [2024-01-06T02:17:30.841+0000] {dag.py:3033} INFO - Sync 1 DAGs
[2024-01-06T02:17:30.854+0000] {logging_mixin.py:188} INFO - [2024-01-06T02:17:30.854+0000] {dag.py:3820} INFO - Setting next_dagrun for example_branch_operator to 2024-01-05T00:00:00+00:00, run_after=2024-01-06T00:00:00+00:00
[2024-01-06T02:17:30.863+0000] {processor.py:183} INFO - Processing /home/airflow/.local/lib/python3.8/site-packages/airflow/example_dags/example_branch_operator.py took 0.058 seconds
[2024-01-06T02:18:01.241+0000] {processor.py:161} INFO - Started process (PID=39761) to work on /home/airflow/.local/lib/python3.8/site-packages/airflow/example_dags/example_branch_operator.py
[2024-01-06T02:18:01.243+0000] {processor.py:830} INFO - Processing file /home/airflow/.local/lib/python3.8/site-packages/airflow/example_dags/example_branch_operator.py for tasks to queue
[2024-01-06T02:18:01.245+0000] {logging_mixin.py:188} INFO - [2024-01-06T02:18:01.245+0000] {dagbag.py:538} INFO - Filling up the DagBag from /home/airflow/.local/lib/python3.8/site-packages/airflow/example_dags/example_branch_operator.py
[2024-01-06T02:18:01.256+0000] {processor.py:840} INFO - DAG(s) 'example_branch_operator' retrieved from /home/airflow/.local/lib/python3.8/site-packages/airflow/example_dags/example_branch_operator.py
[2024-01-06T02:18:01.274+0000] {logging_mixin.py:188} INFO - [2024-01-06T02:18:01.274+0000] {dag.py:3033} INFO - Sync 1 DAGs
[2024-01-06T02:18:01.286+0000] {logging_mixin.py:188} INFO - [2024-01-06T02:18:01.286+0000] {dag.py:3820} INFO - Setting next_dagrun for example_branch_operator to 2024-01-05T00:00:00+00:00, run_after=2024-01-06T00:00:00+00:00
[2024-01-06T02:18:01.298+0000] {processor.py:183} INFO - Processing /home/airflow/.local/lib/python3.8/site-packages/airflow/example_dags/example_branch_operator.py took 0.059 seconds
[2024-01-06T02:18:31.712+0000] {processor.py:161} INFO - Started process (PID=39819) to work on /home/airflow/.local/lib/python3.8/site-packages/airflow/example_dags/example_branch_operator.py
[2024-01-06T02:18:31.713+0000] {processor.py:830} INFO - Processing file /home/airflow/.local/lib/python3.8/site-packages/airflow/example_dags/example_branch_operator.py for tasks to queue
[2024-01-06T02:18:31.715+0000] {logging_mixin.py:188} INFO - [2024-01-06T02:18:31.715+0000] {dagbag.py:538} INFO - Filling up the DagBag from /home/airflow/.local/lib/python3.8/site-packages/airflow/example_dags/example_branch_operator.py
[2024-01-06T02:18:31.725+0000] {processor.py:840} INFO - DAG(s) 'example_branch_operator' retrieved from /home/airflow/.local/lib/python3.8/site-packages/airflow/example_dags/example_branch_operator.py
[2024-01-06T02:18:31.743+0000] {logging_mixin.py:188} INFO - [2024-01-06T02:18:31.743+0000] {dag.py:3033} INFO - Sync 1 DAGs
[2024-01-06T02:18:31.756+0000] {logging_mixin.py:188} INFO - [2024-01-06T02:18:31.756+0000] {dag.py:3820} INFO - Setting next_dagrun for example_branch_operator to 2024-01-05T00:00:00+00:00, run_after=2024-01-06T00:00:00+00:00
[2024-01-06T02:18:31.767+0000] {processor.py:183} INFO - Processing /home/airflow/.local/lib/python3.8/site-packages/airflow/example_dags/example_branch_operator.py took 0.057 seconds
[2024-01-06T02:19:02.881+0000] {processor.py:161} INFO - Started process (PID=39878) to work on /home/airflow/.local/lib/python3.8/site-packages/airflow/example_dags/example_branch_operator.py
[2024-01-06T02:19:02.889+0000] {processor.py:830} INFO - Processing file /home/airflow/.local/lib/python3.8/site-packages/airflow/example_dags/example_branch_operator.py for tasks to queue
[2024-01-06T02:19:02.901+0000] {logging_mixin.py:188} INFO - [2024-01-06T02:19:02.900+0000] {dagbag.py:538} INFO - Filling up the DagBag from /home/airflow/.local/lib/python3.8/site-packages/airflow/example_dags/example_branch_operator.py
[2024-01-06T02:19:02.935+0000] {processor.py:840} INFO - DAG(s) 'example_branch_operator' retrieved from /home/airflow/.local/lib/python3.8/site-packages/airflow/example_dags/example_branch_operator.py
[2024-01-06T02:19:02.971+0000] {logging_mixin.py:188} INFO - [2024-01-06T02:19:02.970+0000] {dag.py:3033} INFO - Sync 1 DAGs
[2024-01-06T02:19:02.993+0000] {logging_mixin.py:188} INFO - [2024-01-06T02:19:02.993+0000] {dag.py:3820} INFO - Setting next_dagrun for example_branch_operator to 2024-01-05T00:00:00+00:00, run_after=2024-01-06T00:00:00+00:00
[2024-01-06T02:19:03.026+0000] {processor.py:183} INFO - Processing /home/airflow/.local/lib/python3.8/site-packages/airflow/example_dags/example_branch_operator.py took 0.154 seconds
[2024-01-06T02:19:33.330+0000] {processor.py:161} INFO - Started process (PID=39936) to work on /home/airflow/.local/lib/python3.8/site-packages/airflow/example_dags/example_branch_operator.py
[2024-01-06T02:19:33.333+0000] {processor.py:830} INFO - Processing file /home/airflow/.local/lib/python3.8/site-packages/airflow/example_dags/example_branch_operator.py for tasks to queue
[2024-01-06T02:19:33.335+0000] {logging_mixin.py:188} INFO - [2024-01-06T02:19:33.335+0000] {dagbag.py:538} INFO - Filling up the DagBag from /home/airflow/.local/lib/python3.8/site-packages/airflow/example_dags/example_branch_operator.py
[2024-01-06T02:19:33.353+0000] {processor.py:840} INFO - DAG(s) 'example_branch_operator' retrieved from /home/airflow/.local/lib/python3.8/site-packages/airflow/example_dags/example_branch_operator.py
[2024-01-06T02:19:33.374+0000] {logging_mixin.py:188} INFO - [2024-01-06T02:19:33.374+0000] {dag.py:3033} INFO - Sync 1 DAGs
[2024-01-06T02:19:33.389+0000] {logging_mixin.py:188} INFO - [2024-01-06T02:19:33.389+0000] {dag.py:3820} INFO - Setting next_dagrun for example_branch_operator to 2024-01-05T00:00:00+00:00, run_after=2024-01-06T00:00:00+00:00
[2024-01-06T02:19:33.406+0000] {processor.py:183} INFO - Processing /home/airflow/.local/lib/python3.8/site-packages/airflow/example_dags/example_branch_operator.py took 0.079 seconds
[2024-01-06T02:20:04.187+0000] {processor.py:161} INFO - Started process (PID=39994) to work on /home/airflow/.local/lib/python3.8/site-packages/airflow/example_dags/example_branch_operator.py
[2024-01-06T02:20:04.189+0000] {processor.py:830} INFO - Processing file /home/airflow/.local/lib/python3.8/site-packages/airflow/example_dags/example_branch_operator.py for tasks to queue
[2024-01-06T02:20:04.194+0000] {logging_mixin.py:188} INFO - [2024-01-06T02:20:04.194+0000] {dagbag.py:538} INFO - Filling up the DagBag from /home/airflow/.local/lib/python3.8/site-packages/airflow/example_dags/example_branch_operator.py
[2024-01-06T02:20:04.213+0000] {processor.py:840} INFO - DAG(s) 'example_branch_operator' retrieved from /home/airflow/.local/lib/python3.8/site-packages/airflow/example_dags/example_branch_operator.py
[2024-01-06T02:20:04.241+0000] {logging_mixin.py:188} INFO - [2024-01-06T02:20:04.240+0000] {dag.py:3033} INFO - Sync 1 DAGs
[2024-01-06T02:20:04.256+0000] {logging_mixin.py:188} INFO - [2024-01-06T02:20:04.256+0000] {dag.py:3820} INFO - Setting next_dagrun for example_branch_operator to 2024-01-05T00:00:00+00:00, run_after=2024-01-06T00:00:00+00:00
[2024-01-06T02:20:04.274+0000] {processor.py:183} INFO - Processing /home/airflow/.local/lib/python3.8/site-packages/airflow/example_dags/example_branch_operator.py took 0.089 seconds
[2024-01-06T02:20:35.142+0000] {processor.py:161} INFO - Started process (PID=40052) to work on /home/airflow/.local/lib/python3.8/site-packages/airflow/example_dags/example_branch_operator.py
[2024-01-06T02:20:35.144+0000] {processor.py:830} INFO - Processing file /home/airflow/.local/lib/python3.8/site-packages/airflow/example_dags/example_branch_operator.py for tasks to queue
[2024-01-06T02:20:35.146+0000] {logging_mixin.py:188} INFO - [2024-01-06T02:20:35.146+0000] {dagbag.py:538} INFO - Filling up the DagBag from /home/airflow/.local/lib/python3.8/site-packages/airflow/example_dags/example_branch_operator.py
[2024-01-06T02:20:35.157+0000] {processor.py:840} INFO - DAG(s) 'example_branch_operator' retrieved from /home/airflow/.local/lib/python3.8/site-packages/airflow/example_dags/example_branch_operator.py
[2024-01-06T02:20:35.174+0000] {logging_mixin.py:188} INFO - [2024-01-06T02:20:35.174+0000] {dag.py:3033} INFO - Sync 1 DAGs
[2024-01-06T02:20:35.191+0000] {logging_mixin.py:188} INFO - [2024-01-06T02:20:35.191+0000] {dag.py:3820} INFO - Setting next_dagrun for example_branch_operator to 2024-01-05T00:00:00+00:00, run_after=2024-01-06T00:00:00+00:00
[2024-01-06T02:20:35.203+0000] {processor.py:183} INFO - Processing /home/airflow/.local/lib/python3.8/site-packages/airflow/example_dags/example_branch_operator.py took 0.063 seconds
[2024-01-06T02:21:05.698+0000] {processor.py:161} INFO - Started process (PID=40110) to work on /home/airflow/.local/lib/python3.8/site-packages/airflow/example_dags/example_branch_operator.py
[2024-01-06T02:21:05.700+0000] {processor.py:830} INFO - Processing file /home/airflow/.local/lib/python3.8/site-packages/airflow/example_dags/example_branch_operator.py for tasks to queue
[2024-01-06T02:21:05.703+0000] {logging_mixin.py:188} INFO - [2024-01-06T02:21:05.703+0000] {dagbag.py:538} INFO - Filling up the DagBag from /home/airflow/.local/lib/python3.8/site-packages/airflow/example_dags/example_branch_operator.py
[2024-01-06T02:21:05.717+0000] {processor.py:840} INFO - DAG(s) 'example_branch_operator' retrieved from /home/airflow/.local/lib/python3.8/site-packages/airflow/example_dags/example_branch_operator.py
[2024-01-06T02:21:05.741+0000] {logging_mixin.py:188} INFO - [2024-01-06T02:21:05.740+0000] {dag.py:3033} INFO - Sync 1 DAGs
[2024-01-06T02:21:05.765+0000] {logging_mixin.py:188} INFO - [2024-01-06T02:21:05.764+0000] {dag.py:3820} INFO - Setting next_dagrun for example_branch_operator to 2024-01-05T00:00:00+00:00, run_after=2024-01-06T00:00:00+00:00
[2024-01-06T02:21:05.788+0000] {processor.py:183} INFO - Processing /home/airflow/.local/lib/python3.8/site-packages/airflow/example_dags/example_branch_operator.py took 0.092 seconds
[2024-01-06T02:21:35.852+0000] {processor.py:161} INFO - Started process (PID=40168) to work on /home/airflow/.local/lib/python3.8/site-packages/airflow/example_dags/example_branch_operator.py
[2024-01-06T02:21:35.854+0000] {processor.py:830} INFO - Processing file /home/airflow/.local/lib/python3.8/site-packages/airflow/example_dags/example_branch_operator.py for tasks to queue
[2024-01-06T02:21:35.856+0000] {logging_mixin.py:188} INFO - [2024-01-06T02:21:35.856+0000] {dagbag.py:538} INFO - Filling up the DagBag from /home/airflow/.local/lib/python3.8/site-packages/airflow/example_dags/example_branch_operator.py
[2024-01-06T02:21:35.868+0000] {processor.py:840} INFO - DAG(s) 'example_branch_operator' retrieved from /home/airflow/.local/lib/python3.8/site-packages/airflow/example_dags/example_branch_operator.py
[2024-01-06T02:21:35.885+0000] {logging_mixin.py:188} INFO - [2024-01-06T02:21:35.885+0000] {dag.py:3033} INFO - Sync 1 DAGs
[2024-01-06T02:21:35.898+0000] {logging_mixin.py:188} INFO - [2024-01-06T02:21:35.897+0000] {dag.py:3820} INFO - Setting next_dagrun for example_branch_operator to 2024-01-05T00:00:00+00:00, run_after=2024-01-06T00:00:00+00:00
[2024-01-06T02:21:35.908+0000] {processor.py:183} INFO - Processing /home/airflow/.local/lib/python3.8/site-packages/airflow/example_dags/example_branch_operator.py took 0.058 seconds
[2024-01-06T02:22:06.023+0000] {processor.py:161} INFO - Started process (PID=40226) to work on /home/airflow/.local/lib/python3.8/site-packages/airflow/example_dags/example_branch_operator.py
[2024-01-06T02:22:06.025+0000] {processor.py:830} INFO - Processing file /home/airflow/.local/lib/python3.8/site-packages/airflow/example_dags/example_branch_operator.py for tasks to queue
[2024-01-06T02:22:06.027+0000] {logging_mixin.py:188} INFO - [2024-01-06T02:22:06.027+0000] {dagbag.py:538} INFO - Filling up the DagBag from /home/airflow/.local/lib/python3.8/site-packages/airflow/example_dags/example_branch_operator.py
[2024-01-06T02:22:06.042+0000] {processor.py:840} INFO - DAG(s) 'example_branch_operator' retrieved from /home/airflow/.local/lib/python3.8/site-packages/airflow/example_dags/example_branch_operator.py
[2024-01-06T02:22:06.062+0000] {logging_mixin.py:188} INFO - [2024-01-06T02:22:06.062+0000] {dag.py:3033} INFO - Sync 1 DAGs
[2024-01-06T02:22:06.076+0000] {logging_mixin.py:188} INFO - [2024-01-06T02:22:06.076+0000] {dag.py:3820} INFO - Setting next_dagrun for example_branch_operator to 2024-01-05T00:00:00+00:00, run_after=2024-01-06T00:00:00+00:00
[2024-01-06T02:22:06.087+0000] {processor.py:183} INFO - Processing /home/airflow/.local/lib/python3.8/site-packages/airflow/example_dags/example_branch_operator.py took 0.067 seconds
[2024-01-06T02:22:36.932+0000] {processor.py:161} INFO - Started process (PID=40284) to work on /home/airflow/.local/lib/python3.8/site-packages/airflow/example_dags/example_branch_operator.py
[2024-01-06T02:22:36.937+0000] {processor.py:830} INFO - Processing file /home/airflow/.local/lib/python3.8/site-packages/airflow/example_dags/example_branch_operator.py for tasks to queue
[2024-01-06T02:22:36.939+0000] {logging_mixin.py:188} INFO - [2024-01-06T02:22:36.939+0000] {dagbag.py:538} INFO - Filling up the DagBag from /home/airflow/.local/lib/python3.8/site-packages/airflow/example_dags/example_branch_operator.py
[2024-01-06T02:22:36.955+0000] {processor.py:840} INFO - DAG(s) 'example_branch_operator' retrieved from /home/airflow/.local/lib/python3.8/site-packages/airflow/example_dags/example_branch_operator.py
[2024-01-06T02:22:36.974+0000] {logging_mixin.py:188} INFO - [2024-01-06T02:22:36.974+0000] {dag.py:3033} INFO - Sync 1 DAGs
[2024-01-06T02:22:36.987+0000] {logging_mixin.py:188} INFO - [2024-01-06T02:22:36.987+0000] {dag.py:3820} INFO - Setting next_dagrun for example_branch_operator to 2024-01-05T00:00:00+00:00, run_after=2024-01-06T00:00:00+00:00
[2024-01-06T02:22:36.997+0000] {processor.py:183} INFO - Processing /home/airflow/.local/lib/python3.8/site-packages/airflow/example_dags/example_branch_operator.py took 0.068 seconds
[2024-01-06T02:23:07.640+0000] {processor.py:161} INFO - Started process (PID=40342) to work on /home/airflow/.local/lib/python3.8/site-packages/airflow/example_dags/example_branch_operator.py
[2024-01-06T02:23:07.643+0000] {processor.py:830} INFO - Processing file /home/airflow/.local/lib/python3.8/site-packages/airflow/example_dags/example_branch_operator.py for tasks to queue
[2024-01-06T02:23:07.646+0000] {logging_mixin.py:188} INFO - [2024-01-06T02:23:07.646+0000] {dagbag.py:538} INFO - Filling up the DagBag from /home/airflow/.local/lib/python3.8/site-packages/airflow/example_dags/example_branch_operator.py
[2024-01-06T02:23:07.659+0000] {processor.py:840} INFO - DAG(s) 'example_branch_operator' retrieved from /home/airflow/.local/lib/python3.8/site-packages/airflow/example_dags/example_branch_operator.py
[2024-01-06T02:23:07.680+0000] {logging_mixin.py:188} INFO - [2024-01-06T02:23:07.680+0000] {dag.py:3033} INFO - Sync 1 DAGs
[2024-01-06T02:23:07.694+0000] {logging_mixin.py:188} INFO - [2024-01-06T02:23:07.694+0000] {dag.py:3820} INFO - Setting next_dagrun for example_branch_operator to 2024-01-05T00:00:00+00:00, run_after=2024-01-06T00:00:00+00:00
[2024-01-06T02:23:07.706+0000] {processor.py:183} INFO - Processing /home/airflow/.local/lib/python3.8/site-packages/airflow/example_dags/example_branch_operator.py took 0.068 seconds
[2024-01-06T02:23:38.438+0000] {processor.py:161} INFO - Started process (PID=40400) to work on /home/airflow/.local/lib/python3.8/site-packages/airflow/example_dags/example_branch_operator.py
[2024-01-06T02:23:38.441+0000] {processor.py:830} INFO - Processing file /home/airflow/.local/lib/python3.8/site-packages/airflow/example_dags/example_branch_operator.py for tasks to queue
[2024-01-06T02:23:38.448+0000] {logging_mixin.py:188} INFO - [2024-01-06T02:23:38.448+0000] {dagbag.py:538} INFO - Filling up the DagBag from /home/airflow/.local/lib/python3.8/site-packages/airflow/example_dags/example_branch_operator.py
[2024-01-06T02:23:38.468+0000] {processor.py:840} INFO - DAG(s) 'example_branch_operator' retrieved from /home/airflow/.local/lib/python3.8/site-packages/airflow/example_dags/example_branch_operator.py
[2024-01-06T02:23:38.491+0000] {logging_mixin.py:188} INFO - [2024-01-06T02:23:38.491+0000] {dag.py:3033} INFO - Sync 1 DAGs
[2024-01-06T02:23:38.505+0000] {logging_mixin.py:188} INFO - [2024-01-06T02:23:38.505+0000] {dag.py:3820} INFO - Setting next_dagrun for example_branch_operator to 2024-01-05T00:00:00+00:00, run_after=2024-01-06T00:00:00+00:00
[2024-01-06T02:23:38.517+0000] {processor.py:183} INFO - Processing /home/airflow/.local/lib/python3.8/site-packages/airflow/example_dags/example_branch_operator.py took 0.082 seconds
[2024-01-06T02:24:08.636+0000] {processor.py:161} INFO - Started process (PID=40458) to work on /home/airflow/.local/lib/python3.8/site-packages/airflow/example_dags/example_branch_operator.py
[2024-01-06T02:24:08.638+0000] {processor.py:830} INFO - Processing file /home/airflow/.local/lib/python3.8/site-packages/airflow/example_dags/example_branch_operator.py for tasks to queue
[2024-01-06T02:24:08.640+0000] {logging_mixin.py:188} INFO - [2024-01-06T02:24:08.639+0000] {dagbag.py:538} INFO - Filling up the DagBag from /home/airflow/.local/lib/python3.8/site-packages/airflow/example_dags/example_branch_operator.py
[2024-01-06T02:24:08.651+0000] {processor.py:840} INFO - DAG(s) 'example_branch_operator' retrieved from /home/airflow/.local/lib/python3.8/site-packages/airflow/example_dags/example_branch_operator.py
[2024-01-06T02:24:08.672+0000] {logging_mixin.py:188} INFO - [2024-01-06T02:24:08.672+0000] {dag.py:3033} INFO - Sync 1 DAGs
[2024-01-06T02:24:08.685+0000] {logging_mixin.py:188} INFO - [2024-01-06T02:24:08.685+0000] {dag.py:3820} INFO - Setting next_dagrun for example_branch_operator to 2024-01-05T00:00:00+00:00, run_after=2024-01-06T00:00:00+00:00
[2024-01-06T02:24:08.696+0000] {processor.py:183} INFO - Processing /home/airflow/.local/lib/python3.8/site-packages/airflow/example_dags/example_branch_operator.py took 0.062 seconds
[2024-01-06T02:24:39.168+0000] {processor.py:161} INFO - Started process (PID=40516) to work on /home/airflow/.local/lib/python3.8/site-packages/airflow/example_dags/example_branch_operator.py
[2024-01-06T02:24:39.170+0000] {processor.py:830} INFO - Processing file /home/airflow/.local/lib/python3.8/site-packages/airflow/example_dags/example_branch_operator.py for tasks to queue
[2024-01-06T02:24:39.173+0000] {logging_mixin.py:188} INFO - [2024-01-06T02:24:39.172+0000] {dagbag.py:538} INFO - Filling up the DagBag from /home/airflow/.local/lib/python3.8/site-packages/airflow/example_dags/example_branch_operator.py
[2024-01-06T02:24:39.186+0000] {processor.py:840} INFO - DAG(s) 'example_branch_operator' retrieved from /home/airflow/.local/lib/python3.8/site-packages/airflow/example_dags/example_branch_operator.py
[2024-01-06T02:24:39.206+0000] {logging_mixin.py:188} INFO - [2024-01-06T02:24:39.206+0000] {dag.py:3033} INFO - Sync 1 DAGs
[2024-01-06T02:24:39.219+0000] {logging_mixin.py:188} INFO - [2024-01-06T02:24:39.219+0000] {dag.py:3820} INFO - Setting next_dagrun for example_branch_operator to 2024-01-05T00:00:00+00:00, run_after=2024-01-06T00:00:00+00:00
[2024-01-06T02:24:39.229+0000] {processor.py:183} INFO - Processing /home/airflow/.local/lib/python3.8/site-packages/airflow/example_dags/example_branch_operator.py took 0.063 seconds
[2024-01-06T02:25:09.796+0000] {processor.py:161} INFO - Started process (PID=40574) to work on /home/airflow/.local/lib/python3.8/site-packages/airflow/example_dags/example_branch_operator.py
[2024-01-06T02:25:09.800+0000] {processor.py:830} INFO - Processing file /home/airflow/.local/lib/python3.8/site-packages/airflow/example_dags/example_branch_operator.py for tasks to queue
[2024-01-06T02:25:09.802+0000] {logging_mixin.py:188} INFO - [2024-01-06T02:25:09.802+0000] {dagbag.py:538} INFO - Filling up the DagBag from /home/airflow/.local/lib/python3.8/site-packages/airflow/example_dags/example_branch_operator.py
[2024-01-06T02:25:09.819+0000] {processor.py:840} INFO - DAG(s) 'example_branch_operator' retrieved from /home/airflow/.local/lib/python3.8/site-packages/airflow/example_dags/example_branch_operator.py
[2024-01-06T02:25:09.845+0000] {logging_mixin.py:188} INFO - [2024-01-06T02:25:09.845+0000] {dag.py:3033} INFO - Sync 1 DAGs
[2024-01-06T02:25:09.867+0000] {logging_mixin.py:188} INFO - [2024-01-06T02:25:09.867+0000] {dag.py:3820} INFO - Setting next_dagrun for example_branch_operator to 2024-01-05T00:00:00+00:00, run_after=2024-01-06T00:00:00+00:00
[2024-01-06T02:25:09.886+0000] {processor.py:183} INFO - Processing /home/airflow/.local/lib/python3.8/site-packages/airflow/example_dags/example_branch_operator.py took 0.093 seconds
[2024-01-06T02:25:40.048+0000] {processor.py:161} INFO - Started process (PID=40632) to work on /home/airflow/.local/lib/python3.8/site-packages/airflow/example_dags/example_branch_operator.py
[2024-01-06T02:25:40.050+0000] {processor.py:830} INFO - Processing file /home/airflow/.local/lib/python3.8/site-packages/airflow/example_dags/example_branch_operator.py for tasks to queue
[2024-01-06T02:25:40.052+0000] {logging_mixin.py:188} INFO - [2024-01-06T02:25:40.052+0000] {dagbag.py:538} INFO - Filling up the DagBag from /home/airflow/.local/lib/python3.8/site-packages/airflow/example_dags/example_branch_operator.py
[2024-01-06T02:25:40.068+0000] {processor.py:840} INFO - DAG(s) 'example_branch_operator' retrieved from /home/airflow/.local/lib/python3.8/site-packages/airflow/example_dags/example_branch_operator.py
[2024-01-06T02:25:40.088+0000] {logging_mixin.py:188} INFO - [2024-01-06T02:25:40.088+0000] {dag.py:3033} INFO - Sync 1 DAGs
[2024-01-06T02:25:40.101+0000] {logging_mixin.py:188} INFO - [2024-01-06T02:25:40.101+0000] {dag.py:3820} INFO - Setting next_dagrun for example_branch_operator to 2024-01-05T00:00:00+00:00, run_after=2024-01-06T00:00:00+00:00
[2024-01-06T02:25:40.112+0000] {processor.py:183} INFO - Processing /home/airflow/.local/lib/python3.8/site-packages/airflow/example_dags/example_branch_operator.py took 0.067 seconds
[2024-01-06T02:26:10.784+0000] {processor.py:161} INFO - Started process (PID=40690) to work on /home/airflow/.local/lib/python3.8/site-packages/airflow/example_dags/example_branch_operator.py
[2024-01-06T02:26:10.785+0000] {processor.py:830} INFO - Processing file /home/airflow/.local/lib/python3.8/site-packages/airflow/example_dags/example_branch_operator.py for tasks to queue
[2024-01-06T02:26:10.788+0000] {logging_mixin.py:188} INFO - [2024-01-06T02:26:10.788+0000] {dagbag.py:538} INFO - Filling up the DagBag from /home/airflow/.local/lib/python3.8/site-packages/airflow/example_dags/example_branch_operator.py
[2024-01-06T02:26:10.800+0000] {processor.py:840} INFO - DAG(s) 'example_branch_operator' retrieved from /home/airflow/.local/lib/python3.8/site-packages/airflow/example_dags/example_branch_operator.py
[2024-01-06T02:26:10.819+0000] {logging_mixin.py:188} INFO - [2024-01-06T02:26:10.819+0000] {dag.py:3033} INFO - Sync 1 DAGs
[2024-01-06T02:26:10.833+0000] {logging_mixin.py:188} INFO - [2024-01-06T02:26:10.832+0000] {dag.py:3820} INFO - Setting next_dagrun for example_branch_operator to 2024-01-05T00:00:00+00:00, run_after=2024-01-06T00:00:00+00:00
[2024-01-06T02:26:10.845+0000] {processor.py:183} INFO - Processing /home/airflow/.local/lib/python3.8/site-packages/airflow/example_dags/example_branch_operator.py took 0.064 seconds
[2024-01-06T02:26:41.388+0000] {processor.py:161} INFO - Started process (PID=40748) to work on /home/airflow/.local/lib/python3.8/site-packages/airflow/example_dags/example_branch_operator.py
[2024-01-06T02:26:41.390+0000] {processor.py:830} INFO - Processing file /home/airflow/.local/lib/python3.8/site-packages/airflow/example_dags/example_branch_operator.py for tasks to queue
[2024-01-06T02:26:41.392+0000] {logging_mixin.py:188} INFO - [2024-01-06T02:26:41.392+0000] {dagbag.py:538} INFO - Filling up the DagBag from /home/airflow/.local/lib/python3.8/site-packages/airflow/example_dags/example_branch_operator.py
[2024-01-06T02:26:41.403+0000] {processor.py:840} INFO - DAG(s) 'example_branch_operator' retrieved from /home/airflow/.local/lib/python3.8/site-packages/airflow/example_dags/example_branch_operator.py
[2024-01-06T02:26:41.424+0000] {logging_mixin.py:188} INFO - [2024-01-06T02:26:41.424+0000] {dag.py:3033} INFO - Sync 1 DAGs
[2024-01-06T02:26:41.437+0000] {logging_mixin.py:188} INFO - [2024-01-06T02:26:41.437+0000] {dag.py:3820} INFO - Setting next_dagrun for example_branch_operator to 2024-01-05T00:00:00+00:00, run_after=2024-01-06T00:00:00+00:00
[2024-01-06T02:26:41.447+0000] {processor.py:183} INFO - Processing /home/airflow/.local/lib/python3.8/site-packages/airflow/example_dags/example_branch_operator.py took 0.062 seconds
[2024-01-06T02:27:12.235+0000] {processor.py:161} INFO - Started process (PID=40806) to work on /home/airflow/.local/lib/python3.8/site-packages/airflow/example_dags/example_branch_operator.py
[2024-01-06T02:27:12.237+0000] {processor.py:830} INFO - Processing file /home/airflow/.local/lib/python3.8/site-packages/airflow/example_dags/example_branch_operator.py for tasks to queue
[2024-01-06T02:27:12.239+0000] {logging_mixin.py:188} INFO - [2024-01-06T02:27:12.239+0000] {dagbag.py:538} INFO - Filling up the DagBag from /home/airflow/.local/lib/python3.8/site-packages/airflow/example_dags/example_branch_operator.py
[2024-01-06T02:27:12.252+0000] {processor.py:840} INFO - DAG(s) 'example_branch_operator' retrieved from /home/airflow/.local/lib/python3.8/site-packages/airflow/example_dags/example_branch_operator.py
[2024-01-06T02:27:12.273+0000] {logging_mixin.py:188} INFO - [2024-01-06T02:27:12.272+0000] {dag.py:3033} INFO - Sync 1 DAGs
[2024-01-06T02:27:12.286+0000] {logging_mixin.py:188} INFO - [2024-01-06T02:27:12.286+0000] {dag.py:3820} INFO - Setting next_dagrun for example_branch_operator to 2024-01-05T00:00:00+00:00, run_after=2024-01-06T00:00:00+00:00
[2024-01-06T02:27:12.297+0000] {processor.py:183} INFO - Processing /home/airflow/.local/lib/python3.8/site-packages/airflow/example_dags/example_branch_operator.py took 0.066 seconds
[2024-01-06T02:27:43.061+0000] {processor.py:161} INFO - Started process (PID=40864) to work on /home/airflow/.local/lib/python3.8/site-packages/airflow/example_dags/example_branch_operator.py
[2024-01-06T02:27:43.063+0000] {processor.py:830} INFO - Processing file /home/airflow/.local/lib/python3.8/site-packages/airflow/example_dags/example_branch_operator.py for tasks to queue
[2024-01-06T02:27:43.066+0000] {logging_mixin.py:188} INFO - [2024-01-06T02:27:43.065+0000] {dagbag.py:538} INFO - Filling up the DagBag from /home/airflow/.local/lib/python3.8/site-packages/airflow/example_dags/example_branch_operator.py
[2024-01-06T02:27:43.079+0000] {processor.py:840} INFO - DAG(s) 'example_branch_operator' retrieved from /home/airflow/.local/lib/python3.8/site-packages/airflow/example_dags/example_branch_operator.py
[2024-01-06T02:27:43.100+0000] {logging_mixin.py:188} INFO - [2024-01-06T02:27:43.100+0000] {dag.py:3033} INFO - Sync 1 DAGs
[2024-01-06T02:27:43.115+0000] {logging_mixin.py:188} INFO - [2024-01-06T02:27:43.115+0000] {dag.py:3820} INFO - Setting next_dagrun for example_branch_operator to 2024-01-05T00:00:00+00:00, run_after=2024-01-06T00:00:00+00:00
[2024-01-06T02:27:43.127+0000] {processor.py:183} INFO - Processing /home/airflow/.local/lib/python3.8/site-packages/airflow/example_dags/example_branch_operator.py took 0.069 seconds
[2024-01-06T02:28:13.674+0000] {processor.py:161} INFO - Started process (PID=40922) to work on /home/airflow/.local/lib/python3.8/site-packages/airflow/example_dags/example_branch_operator.py
[2024-01-06T02:28:13.677+0000] {processor.py:830} INFO - Processing file /home/airflow/.local/lib/python3.8/site-packages/airflow/example_dags/example_branch_operator.py for tasks to queue
[2024-01-06T02:28:13.679+0000] {logging_mixin.py:188} INFO - [2024-01-06T02:28:13.679+0000] {dagbag.py:538} INFO - Filling up the DagBag from /home/airflow/.local/lib/python3.8/site-packages/airflow/example_dags/example_branch_operator.py
[2024-01-06T02:28:13.691+0000] {processor.py:840} INFO - DAG(s) 'example_branch_operator' retrieved from /home/airflow/.local/lib/python3.8/site-packages/airflow/example_dags/example_branch_operator.py
[2024-01-06T02:28:13.709+0000] {logging_mixin.py:188} INFO - [2024-01-06T02:28:13.709+0000] {dag.py:3033} INFO - Sync 1 DAGs
[2024-01-06T02:28:13.722+0000] {logging_mixin.py:188} INFO - [2024-01-06T02:28:13.722+0000] {dag.py:3820} INFO - Setting next_dagrun for example_branch_operator to 2024-01-05T00:00:00+00:00, run_after=2024-01-06T00:00:00+00:00
[2024-01-06T02:28:13.743+0000] {processor.py:183} INFO - Processing /home/airflow/.local/lib/python3.8/site-packages/airflow/example_dags/example_branch_operator.py took 0.071 seconds
[2024-01-06T02:28:44.216+0000] {processor.py:161} INFO - Started process (PID=40980) to work on /home/airflow/.local/lib/python3.8/site-packages/airflow/example_dags/example_branch_operator.py
[2024-01-06T02:28:44.218+0000] {processor.py:830} INFO - Processing file /home/airflow/.local/lib/python3.8/site-packages/airflow/example_dags/example_branch_operator.py for tasks to queue
[2024-01-06T02:28:44.220+0000] {logging_mixin.py:188} INFO - [2024-01-06T02:28:44.220+0000] {dagbag.py:538} INFO - Filling up the DagBag from /home/airflow/.local/lib/python3.8/site-packages/airflow/example_dags/example_branch_operator.py
[2024-01-06T02:28:44.232+0000] {processor.py:840} INFO - DAG(s) 'example_branch_operator' retrieved from /home/airflow/.local/lib/python3.8/site-packages/airflow/example_dags/example_branch_operator.py
[2024-01-06T02:28:44.251+0000] {logging_mixin.py:188} INFO - [2024-01-06T02:28:44.251+0000] {dag.py:3033} INFO - Sync 1 DAGs
[2024-01-06T02:28:44.264+0000] {logging_mixin.py:188} INFO - [2024-01-06T02:28:44.264+0000] {dag.py:3820} INFO - Setting next_dagrun for example_branch_operator to 2024-01-05T00:00:00+00:00, run_after=2024-01-06T00:00:00+00:00
[2024-01-06T02:28:44.276+0000] {processor.py:183} INFO - Processing /home/airflow/.local/lib/python3.8/site-packages/airflow/example_dags/example_branch_operator.py took 0.062 seconds
[2024-01-06T02:29:14.903+0000] {processor.py:161} INFO - Started process (PID=41038) to work on /home/airflow/.local/lib/python3.8/site-packages/airflow/example_dags/example_branch_operator.py
[2024-01-06T02:29:14.905+0000] {processor.py:830} INFO - Processing file /home/airflow/.local/lib/python3.8/site-packages/airflow/example_dags/example_branch_operator.py for tasks to queue
[2024-01-06T02:29:14.908+0000] {logging_mixin.py:188} INFO - [2024-01-06T02:29:14.907+0000] {dagbag.py:538} INFO - Filling up the DagBag from /home/airflow/.local/lib/python3.8/site-packages/airflow/example_dags/example_branch_operator.py
[2024-01-06T02:29:14.920+0000] {processor.py:840} INFO - DAG(s) 'example_branch_operator' retrieved from /home/airflow/.local/lib/python3.8/site-packages/airflow/example_dags/example_branch_operator.py
[2024-01-06T02:29:14.941+0000] {logging_mixin.py:188} INFO - [2024-01-06T02:29:14.940+0000] {dag.py:3033} INFO - Sync 1 DAGs
[2024-01-06T02:29:14.953+0000] {logging_mixin.py:188} INFO - [2024-01-06T02:29:14.953+0000] {dag.py:3820} INFO - Setting next_dagrun for example_branch_operator to 2024-01-05T00:00:00+00:00, run_after=2024-01-06T00:00:00+00:00
[2024-01-06T02:29:14.964+0000] {processor.py:183} INFO - Processing /home/airflow/.local/lib/python3.8/site-packages/airflow/example_dags/example_branch_operator.py took 0.065 seconds
[2024-01-06T02:29:45.307+0000] {processor.py:161} INFO - Started process (PID=41096) to work on /home/airflow/.local/lib/python3.8/site-packages/airflow/example_dags/example_branch_operator.py
[2024-01-06T02:29:45.310+0000] {processor.py:830} INFO - Processing file /home/airflow/.local/lib/python3.8/site-packages/airflow/example_dags/example_branch_operator.py for tasks to queue
[2024-01-06T02:29:45.312+0000] {logging_mixin.py:188} INFO - [2024-01-06T02:29:45.312+0000] {dagbag.py:538} INFO - Filling up the DagBag from /home/airflow/.local/lib/python3.8/site-packages/airflow/example_dags/example_branch_operator.py
[2024-01-06T02:29:45.327+0000] {processor.py:840} INFO - DAG(s) 'example_branch_operator' retrieved from /home/airflow/.local/lib/python3.8/site-packages/airflow/example_dags/example_branch_operator.py
[2024-01-06T02:29:45.347+0000] {logging_mixin.py:188} INFO - [2024-01-06T02:29:45.347+0000] {dag.py:3033} INFO - Sync 1 DAGs
[2024-01-06T02:29:45.360+0000] {logging_mixin.py:188} INFO - [2024-01-06T02:29:45.360+0000] {dag.py:3820} INFO - Setting next_dagrun for example_branch_operator to 2024-01-05T00:00:00+00:00, run_after=2024-01-06T00:00:00+00:00
[2024-01-06T02:29:45.370+0000] {processor.py:183} INFO - Processing /home/airflow/.local/lib/python3.8/site-packages/airflow/example_dags/example_branch_operator.py took 0.066 seconds
[2024-01-06T02:30:16.123+0000] {processor.py:161} INFO - Started process (PID=41155) to work on /home/airflow/.local/lib/python3.8/site-packages/airflow/example_dags/example_branch_operator.py
[2024-01-06T02:30:16.125+0000] {processor.py:830} INFO - Processing file /home/airflow/.local/lib/python3.8/site-packages/airflow/example_dags/example_branch_operator.py for tasks to queue
[2024-01-06T02:30:16.128+0000] {logging_mixin.py:188} INFO - [2024-01-06T02:30:16.127+0000] {dagbag.py:538} INFO - Filling up the DagBag from /home/airflow/.local/lib/python3.8/site-packages/airflow/example_dags/example_branch_operator.py
[2024-01-06T02:30:16.141+0000] {processor.py:840} INFO - DAG(s) 'example_branch_operator' retrieved from /home/airflow/.local/lib/python3.8/site-packages/airflow/example_dags/example_branch_operator.py
[2024-01-06T02:30:16.171+0000] {logging_mixin.py:188} INFO - [2024-01-06T02:30:16.170+0000] {dag.py:3033} INFO - Sync 1 DAGs
[2024-01-06T02:30:16.188+0000] {logging_mixin.py:188} INFO - [2024-01-06T02:30:16.188+0000] {dag.py:3820} INFO - Setting next_dagrun for example_branch_operator to 2024-01-05T00:00:00+00:00, run_after=2024-01-06T00:00:00+00:00
[2024-01-06T02:30:16.202+0000] {processor.py:183} INFO - Processing /home/airflow/.local/lib/python3.8/site-packages/airflow/example_dags/example_branch_operator.py took 0.082 seconds
[2024-01-06T02:30:46.698+0000] {processor.py:161} INFO - Started process (PID=41213) to work on /home/airflow/.local/lib/python3.8/site-packages/airflow/example_dags/example_branch_operator.py
[2024-01-06T02:30:46.699+0000] {processor.py:830} INFO - Processing file /home/airflow/.local/lib/python3.8/site-packages/airflow/example_dags/example_branch_operator.py for tasks to queue
[2024-01-06T02:30:46.702+0000] {logging_mixin.py:188} INFO - [2024-01-06T02:30:46.702+0000] {dagbag.py:538} INFO - Filling up the DagBag from /home/airflow/.local/lib/python3.8/site-packages/airflow/example_dags/example_branch_operator.py
[2024-01-06T02:30:46.713+0000] {processor.py:840} INFO - DAG(s) 'example_branch_operator' retrieved from /home/airflow/.local/lib/python3.8/site-packages/airflow/example_dags/example_branch_operator.py
[2024-01-06T02:30:46.740+0000] {logging_mixin.py:188} INFO - [2024-01-06T02:30:46.739+0000] {dag.py:3033} INFO - Sync 1 DAGs
[2024-01-06T02:30:46.758+0000] {logging_mixin.py:188} INFO - [2024-01-06T02:30:46.758+0000] {dag.py:3820} INFO - Setting next_dagrun for example_branch_operator to 2024-01-05T00:00:00+00:00, run_after=2024-01-06T00:00:00+00:00
[2024-01-06T02:30:46.772+0000] {processor.py:183} INFO - Processing /home/airflow/.local/lib/python3.8/site-packages/airflow/example_dags/example_branch_operator.py took 0.077 seconds
[2024-01-06T02:31:17.323+0000] {processor.py:161} INFO - Started process (PID=41271) to work on /home/airflow/.local/lib/python3.8/site-packages/airflow/example_dags/example_branch_operator.py
[2024-01-06T02:31:17.325+0000] {processor.py:830} INFO - Processing file /home/airflow/.local/lib/python3.8/site-packages/airflow/example_dags/example_branch_operator.py for tasks to queue
[2024-01-06T02:31:17.327+0000] {logging_mixin.py:188} INFO - [2024-01-06T02:31:17.327+0000] {dagbag.py:538} INFO - Filling up the DagBag from /home/airflow/.local/lib/python3.8/site-packages/airflow/example_dags/example_branch_operator.py
[2024-01-06T02:31:17.340+0000] {processor.py:840} INFO - DAG(s) 'example_branch_operator' retrieved from /home/airflow/.local/lib/python3.8/site-packages/airflow/example_dags/example_branch_operator.py
[2024-01-06T02:31:17.357+0000] {logging_mixin.py:188} INFO - [2024-01-06T02:31:17.357+0000] {dag.py:3033} INFO - Sync 1 DAGs
[2024-01-06T02:31:17.384+0000] {logging_mixin.py:188} INFO - [2024-01-06T02:31:17.384+0000] {dag.py:3820} INFO - Setting next_dagrun for example_branch_operator to 2024-01-05T00:00:00+00:00, run_after=2024-01-06T00:00:00+00:00
[2024-01-06T02:31:17.397+0000] {processor.py:183} INFO - Processing /home/airflow/.local/lib/python3.8/site-packages/airflow/example_dags/example_branch_operator.py took 0.076 seconds
[2024-01-06T02:31:47.835+0000] {processor.py:161} INFO - Started process (PID=41329) to work on /home/airflow/.local/lib/python3.8/site-packages/airflow/example_dags/example_branch_operator.py
[2024-01-06T02:31:47.837+0000] {processor.py:830} INFO - Processing file /home/airflow/.local/lib/python3.8/site-packages/airflow/example_dags/example_branch_operator.py for tasks to queue
[2024-01-06T02:31:47.839+0000] {logging_mixin.py:188} INFO - [2024-01-06T02:31:47.839+0000] {dagbag.py:538} INFO - Filling up the DagBag from /home/airflow/.local/lib/python3.8/site-packages/airflow/example_dags/example_branch_operator.py
[2024-01-06T02:31:47.851+0000] {processor.py:840} INFO - DAG(s) 'example_branch_operator' retrieved from /home/airflow/.local/lib/python3.8/site-packages/airflow/example_dags/example_branch_operator.py
[2024-01-06T02:31:47.869+0000] {logging_mixin.py:188} INFO - [2024-01-06T02:31:47.869+0000] {dag.py:3033} INFO - Sync 1 DAGs
[2024-01-06T02:31:47.883+0000] {logging_mixin.py:188} INFO - [2024-01-06T02:31:47.883+0000] {dag.py:3820} INFO - Setting next_dagrun for example_branch_operator to 2024-01-05T00:00:00+00:00, run_after=2024-01-06T00:00:00+00:00
[2024-01-06T02:31:47.894+0000] {processor.py:183} INFO - Processing /home/airflow/.local/lib/python3.8/site-packages/airflow/example_dags/example_branch_operator.py took 0.062 seconds
[2024-01-06T02:32:18.099+0000] {processor.py:161} INFO - Started process (PID=41387) to work on /home/airflow/.local/lib/python3.8/site-packages/airflow/example_dags/example_branch_operator.py
[2024-01-06T02:32:18.101+0000] {processor.py:830} INFO - Processing file /home/airflow/.local/lib/python3.8/site-packages/airflow/example_dags/example_branch_operator.py for tasks to queue
[2024-01-06T02:32:18.103+0000] {logging_mixin.py:188} INFO - [2024-01-06T02:32:18.103+0000] {dagbag.py:538} INFO - Filling up the DagBag from /home/airflow/.local/lib/python3.8/site-packages/airflow/example_dags/example_branch_operator.py
[2024-01-06T02:32:18.115+0000] {processor.py:840} INFO - DAG(s) 'example_branch_operator' retrieved from /home/airflow/.local/lib/python3.8/site-packages/airflow/example_dags/example_branch_operator.py
[2024-01-06T02:32:18.134+0000] {logging_mixin.py:188} INFO - [2024-01-06T02:32:18.134+0000] {dag.py:3033} INFO - Sync 1 DAGs
[2024-01-06T02:32:18.148+0000] {logging_mixin.py:188} INFO - [2024-01-06T02:32:18.148+0000] {dag.py:3820} INFO - Setting next_dagrun for example_branch_operator to 2024-01-05T00:00:00+00:00, run_after=2024-01-06T00:00:00+00:00
[2024-01-06T02:32:18.158+0000] {processor.py:183} INFO - Processing /home/airflow/.local/lib/python3.8/site-packages/airflow/example_dags/example_branch_operator.py took 0.061 seconds
[2024-01-06T02:32:48.426+0000] {processor.py:161} INFO - Started process (PID=41445) to work on /home/airflow/.local/lib/python3.8/site-packages/airflow/example_dags/example_branch_operator.py
[2024-01-06T02:32:48.428+0000] {processor.py:830} INFO - Processing file /home/airflow/.local/lib/python3.8/site-packages/airflow/example_dags/example_branch_operator.py for tasks to queue
[2024-01-06T02:32:48.431+0000] {logging_mixin.py:188} INFO - [2024-01-06T02:32:48.431+0000] {dagbag.py:538} INFO - Filling up the DagBag from /home/airflow/.local/lib/python3.8/site-packages/airflow/example_dags/example_branch_operator.py
[2024-01-06T02:32:48.442+0000] {processor.py:840} INFO - DAG(s) 'example_branch_operator' retrieved from /home/airflow/.local/lib/python3.8/site-packages/airflow/example_dags/example_branch_operator.py
[2024-01-06T02:32:48.461+0000] {logging_mixin.py:188} INFO - [2024-01-06T02:32:48.461+0000] {dag.py:3033} INFO - Sync 1 DAGs
[2024-01-06T02:32:48.474+0000] {logging_mixin.py:188} INFO - [2024-01-06T02:32:48.474+0000] {dag.py:3820} INFO - Setting next_dagrun for example_branch_operator to 2024-01-05T00:00:00+00:00, run_after=2024-01-06T00:00:00+00:00
[2024-01-06T02:32:48.484+0000] {processor.py:183} INFO - Processing /home/airflow/.local/lib/python3.8/site-packages/airflow/example_dags/example_branch_operator.py took 0.061 seconds
[2024-01-06T02:33:22.200+0000] {processor.py:161} INFO - Started process (PID=41508) to work on /home/airflow/.local/lib/python3.8/site-packages/airflow/example_dags/example_branch_operator.py
[2024-01-06T02:33:22.229+0000] {processor.py:830} INFO - Processing file /home/airflow/.local/lib/python3.8/site-packages/airflow/example_dags/example_branch_operator.py for tasks to queue
[2024-01-06T02:33:22.270+0000] {logging_mixin.py:188} INFO - [2024-01-06T02:33:22.269+0000] {dagbag.py:538} INFO - Filling up the DagBag from /home/airflow/.local/lib/python3.8/site-packages/airflow/example_dags/example_branch_operator.py
[2024-01-06T02:33:22.420+0000] {processor.py:840} INFO - DAG(s) 'example_branch_operator' retrieved from /home/airflow/.local/lib/python3.8/site-packages/airflow/example_dags/example_branch_operator.py
[2024-01-06T02:33:22.620+0000] {logging_mixin.py:188} INFO - [2024-01-06T02:33:22.619+0000] {dag.py:3033} INFO - Sync 1 DAGs
[2024-01-06T02:33:22.783+0000] {logging_mixin.py:188} INFO - [2024-01-06T02:33:22.780+0000] {dag.py:3820} INFO - Setting next_dagrun for example_branch_operator to 2024-01-05T00:00:00+00:00, run_after=2024-01-06T00:00:00+00:00
[2024-01-06T02:33:22.971+0000] {processor.py:183} INFO - Processing /home/airflow/.local/lib/python3.8/site-packages/airflow/example_dags/example_branch_operator.py took 0.789 seconds
[2024-01-06T02:33:59.420+0000] {processor.py:161} INFO - Started process (PID=41566) to work on /home/airflow/.local/lib/python3.8/site-packages/airflow/example_dags/example_branch_operator.py
[2024-01-06T02:33:59.424+0000] {processor.py:830} INFO - Processing file /home/airflow/.local/lib/python3.8/site-packages/airflow/example_dags/example_branch_operator.py for tasks to queue
[2024-01-06T02:33:59.428+0000] {logging_mixin.py:188} INFO - [2024-01-06T02:33:59.428+0000] {dagbag.py:538} INFO - Filling up the DagBag from /home/airflow/.local/lib/python3.8/site-packages/airflow/example_dags/example_branch_operator.py
[2024-01-06T02:33:59.455+0000] {processor.py:840} INFO - DAG(s) 'example_branch_operator' retrieved from /home/airflow/.local/lib/python3.8/site-packages/airflow/example_dags/example_branch_operator.py
[2024-01-06T02:33:59.486+0000] {logging_mixin.py:188} INFO - [2024-01-06T02:33:59.486+0000] {dag.py:3033} INFO - Sync 1 DAGs
[2024-01-06T02:33:59.504+0000] {logging_mixin.py:188} INFO - [2024-01-06T02:33:59.504+0000] {dag.py:3820} INFO - Setting next_dagrun for example_branch_operator to 2024-01-05T00:00:00+00:00, run_after=2024-01-06T00:00:00+00:00
[2024-01-06T02:33:59.521+0000] {processor.py:183} INFO - Processing /home/airflow/.local/lib/python3.8/site-packages/airflow/example_dags/example_branch_operator.py took 0.105 seconds
[2024-01-06T02:34:30.548+0000] {processor.py:161} INFO - Started process (PID=41624) to work on /home/airflow/.local/lib/python3.8/site-packages/airflow/example_dags/example_branch_operator.py
[2024-01-06T02:34:30.550+0000] {processor.py:830} INFO - Processing file /home/airflow/.local/lib/python3.8/site-packages/airflow/example_dags/example_branch_operator.py for tasks to queue
[2024-01-06T02:34:30.558+0000] {logging_mixin.py:188} INFO - [2024-01-06T02:34:30.558+0000] {dagbag.py:538} INFO - Filling up the DagBag from /home/airflow/.local/lib/python3.8/site-packages/airflow/example_dags/example_branch_operator.py
[2024-01-06T02:34:30.583+0000] {processor.py:840} INFO - DAG(s) 'example_branch_operator' retrieved from /home/airflow/.local/lib/python3.8/site-packages/airflow/example_dags/example_branch_operator.py
[2024-01-06T02:34:30.621+0000] {logging_mixin.py:188} INFO - [2024-01-06T02:34:30.620+0000] {dag.py:3033} INFO - Sync 1 DAGs
[2024-01-06T02:34:30.646+0000] {logging_mixin.py:188} INFO - [2024-01-06T02:34:30.646+0000] {dag.py:3820} INFO - Setting next_dagrun for example_branch_operator to 2024-01-05T00:00:00+00:00, run_after=2024-01-06T00:00:00+00:00
[2024-01-06T02:34:30.667+0000] {processor.py:183} INFO - Processing /home/airflow/.local/lib/python3.8/site-packages/airflow/example_dags/example_branch_operator.py took 0.125 seconds
[2024-01-06T02:35:01.695+0000] {processor.py:161} INFO - Started process (PID=41681) to work on /home/airflow/.local/lib/python3.8/site-packages/airflow/example_dags/example_branch_operator.py
[2024-01-06T02:35:01.699+0000] {processor.py:830} INFO - Processing file /home/airflow/.local/lib/python3.8/site-packages/airflow/example_dags/example_branch_operator.py for tasks to queue
[2024-01-06T02:35:01.703+0000] {logging_mixin.py:188} INFO - [2024-01-06T02:35:01.703+0000] {dagbag.py:538} INFO - Filling up the DagBag from /home/airflow/.local/lib/python3.8/site-packages/airflow/example_dags/example_branch_operator.py
[2024-01-06T02:35:01.746+0000] {processor.py:840} INFO - DAG(s) 'example_branch_operator' retrieved from /home/airflow/.local/lib/python3.8/site-packages/airflow/example_dags/example_branch_operator.py
[2024-01-06T02:35:01.788+0000] {logging_mixin.py:188} INFO - [2024-01-06T02:35:01.788+0000] {dag.py:3033} INFO - Sync 1 DAGs
[2024-01-06T02:35:01.834+0000] {logging_mixin.py:188} INFO - [2024-01-06T02:35:01.834+0000] {dag.py:3820} INFO - Setting next_dagrun for example_branch_operator to 2024-01-05T00:00:00+00:00, run_after=2024-01-06T00:00:00+00:00
[2024-01-06T02:35:01.854+0000] {processor.py:183} INFO - Processing /home/airflow/.local/lib/python3.8/site-packages/airflow/example_dags/example_branch_operator.py took 0.167 seconds
[2024-01-06T02:35:32.196+0000] {processor.py:161} INFO - Started process (PID=41739) to work on /home/airflow/.local/lib/python3.8/site-packages/airflow/example_dags/example_branch_operator.py
[2024-01-06T02:35:32.200+0000] {processor.py:830} INFO - Processing file /home/airflow/.local/lib/python3.8/site-packages/airflow/example_dags/example_branch_operator.py for tasks to queue
[2024-01-06T02:35:32.206+0000] {logging_mixin.py:188} INFO - [2024-01-06T02:35:32.206+0000] {dagbag.py:538} INFO - Filling up the DagBag from /home/airflow/.local/lib/python3.8/site-packages/airflow/example_dags/example_branch_operator.py
[2024-01-06T02:35:32.247+0000] {processor.py:840} INFO - DAG(s) 'example_branch_operator' retrieved from /home/airflow/.local/lib/python3.8/site-packages/airflow/example_dags/example_branch_operator.py
[2024-01-06T02:35:32.290+0000] {logging_mixin.py:188} INFO - [2024-01-06T02:35:32.290+0000] {dag.py:3033} INFO - Sync 1 DAGs
[2024-01-06T02:35:32.324+0000] {logging_mixin.py:188} INFO - [2024-01-06T02:35:32.323+0000] {dag.py:3820} INFO - Setting next_dagrun for example_branch_operator to 2024-01-05T00:00:00+00:00, run_after=2024-01-06T00:00:00+00:00
[2024-01-06T02:35:32.345+0000] {processor.py:183} INFO - Processing /home/airflow/.local/lib/python3.8/site-packages/airflow/example_dags/example_branch_operator.py took 0.160 seconds
[2024-01-06T02:36:02.604+0000] {processor.py:161} INFO - Started process (PID=41797) to work on /home/airflow/.local/lib/python3.8/site-packages/airflow/example_dags/example_branch_operator.py
[2024-01-06T02:36:02.606+0000] {processor.py:830} INFO - Processing file /home/airflow/.local/lib/python3.8/site-packages/airflow/example_dags/example_branch_operator.py for tasks to queue
[2024-01-06T02:36:02.610+0000] {logging_mixin.py:188} INFO - [2024-01-06T02:36:02.610+0000] {dagbag.py:538} INFO - Filling up the DagBag from /home/airflow/.local/lib/python3.8/site-packages/airflow/example_dags/example_branch_operator.py
[2024-01-06T02:36:02.630+0000] {processor.py:840} INFO - DAG(s) 'example_branch_operator' retrieved from /home/airflow/.local/lib/python3.8/site-packages/airflow/example_dags/example_branch_operator.py
[2024-01-06T02:36:02.650+0000] {logging_mixin.py:188} INFO - [2024-01-06T02:36:02.650+0000] {dag.py:3033} INFO - Sync 1 DAGs
[2024-01-06T02:36:02.667+0000] {logging_mixin.py:188} INFO - [2024-01-06T02:36:02.666+0000] {dag.py:3820} INFO - Setting next_dagrun for example_branch_operator to 2024-01-05T00:00:00+00:00, run_after=2024-01-06T00:00:00+00:00
[2024-01-06T02:36:02.681+0000] {processor.py:183} INFO - Processing /home/airflow/.local/lib/python3.8/site-packages/airflow/example_dags/example_branch_operator.py took 0.082 seconds
[2024-01-06T02:36:32.865+0000] {processor.py:161} INFO - Started process (PID=41855) to work on /home/airflow/.local/lib/python3.8/site-packages/airflow/example_dags/example_branch_operator.py
[2024-01-06T02:36:32.868+0000] {processor.py:830} INFO - Processing file /home/airflow/.local/lib/python3.8/site-packages/airflow/example_dags/example_branch_operator.py for tasks to queue
[2024-01-06T02:36:32.876+0000] {logging_mixin.py:188} INFO - [2024-01-06T02:36:32.874+0000] {dagbag.py:538} INFO - Filling up the DagBag from /home/airflow/.local/lib/python3.8/site-packages/airflow/example_dags/example_branch_operator.py
[2024-01-06T02:36:32.909+0000] {processor.py:840} INFO - DAG(s) 'example_branch_operator' retrieved from /home/airflow/.local/lib/python3.8/site-packages/airflow/example_dags/example_branch_operator.py
[2024-01-06T02:36:32.946+0000] {logging_mixin.py:188} INFO - [2024-01-06T02:36:32.946+0000] {dag.py:3033} INFO - Sync 1 DAGs
[2024-01-06T02:36:32.973+0000] {logging_mixin.py:188} INFO - [2024-01-06T02:36:32.973+0000] {dag.py:3820} INFO - Setting next_dagrun for example_branch_operator to 2024-01-05T00:00:00+00:00, run_after=2024-01-06T00:00:00+00:00
[2024-01-06T02:36:32.997+0000] {processor.py:183} INFO - Processing /home/airflow/.local/lib/python3.8/site-packages/airflow/example_dags/example_branch_operator.py took 0.138 seconds
[2024-01-06T02:37:03.335+0000] {processor.py:161} INFO - Started process (PID=41913) to work on /home/airflow/.local/lib/python3.8/site-packages/airflow/example_dags/example_branch_operator.py
[2024-01-06T02:37:03.337+0000] {processor.py:830} INFO - Processing file /home/airflow/.local/lib/python3.8/site-packages/airflow/example_dags/example_branch_operator.py for tasks to queue
[2024-01-06T02:37:03.340+0000] {logging_mixin.py:188} INFO - [2024-01-06T02:37:03.340+0000] {dagbag.py:538} INFO - Filling up the DagBag from /home/airflow/.local/lib/python3.8/site-packages/airflow/example_dags/example_branch_operator.py
[2024-01-06T02:37:03.358+0000] {processor.py:840} INFO - DAG(s) 'example_branch_operator' retrieved from /home/airflow/.local/lib/python3.8/site-packages/airflow/example_dags/example_branch_operator.py
[2024-01-06T02:37:03.382+0000] {logging_mixin.py:188} INFO - [2024-01-06T02:37:03.382+0000] {dag.py:3033} INFO - Sync 1 DAGs
[2024-01-06T02:37:03.399+0000] {logging_mixin.py:188} INFO - [2024-01-06T02:37:03.399+0000] {dag.py:3820} INFO - Setting next_dagrun for example_branch_operator to 2024-01-05T00:00:00+00:00, run_after=2024-01-06T00:00:00+00:00
[2024-01-06T02:37:03.419+0000] {processor.py:183} INFO - Processing /home/airflow/.local/lib/python3.8/site-packages/airflow/example_dags/example_branch_operator.py took 0.088 seconds
[2024-01-06T02:37:33.878+0000] {processor.py:161} INFO - Started process (PID=41968) to work on /home/airflow/.local/lib/python3.8/site-packages/airflow/example_dags/example_branch_operator.py
[2024-01-06T02:37:33.880+0000] {processor.py:830} INFO - Processing file /home/airflow/.local/lib/python3.8/site-packages/airflow/example_dags/example_branch_operator.py for tasks to queue
[2024-01-06T02:37:33.884+0000] {logging_mixin.py:188} INFO - [2024-01-06T02:37:33.883+0000] {dagbag.py:538} INFO - Filling up the DagBag from /home/airflow/.local/lib/python3.8/site-packages/airflow/example_dags/example_branch_operator.py
[2024-01-06T02:37:33.898+0000] {processor.py:840} INFO - DAG(s) 'example_branch_operator' retrieved from /home/airflow/.local/lib/python3.8/site-packages/airflow/example_dags/example_branch_operator.py
[2024-01-06T02:37:33.921+0000] {logging_mixin.py:188} INFO - [2024-01-06T02:37:33.921+0000] {dag.py:3033} INFO - Sync 1 DAGs
[2024-01-06T02:37:33.938+0000] {logging_mixin.py:188} INFO - [2024-01-06T02:37:33.937+0000] {dag.py:3820} INFO - Setting next_dagrun for example_branch_operator to 2024-01-05T00:00:00+00:00, run_after=2024-01-06T00:00:00+00:00
[2024-01-06T02:37:33.954+0000] {processor.py:183} INFO - Processing /home/airflow/.local/lib/python3.8/site-packages/airflow/example_dags/example_branch_operator.py took 0.080 seconds
[2024-01-06T02:38:04.351+0000] {processor.py:161} INFO - Started process (PID=42026) to work on /home/airflow/.local/lib/python3.8/site-packages/airflow/example_dags/example_branch_operator.py
[2024-01-06T02:38:04.354+0000] {processor.py:830} INFO - Processing file /home/airflow/.local/lib/python3.8/site-packages/airflow/example_dags/example_branch_operator.py for tasks to queue
[2024-01-06T02:38:04.357+0000] {logging_mixin.py:188} INFO - [2024-01-06T02:38:04.357+0000] {dagbag.py:538} INFO - Filling up the DagBag from /home/airflow/.local/lib/python3.8/site-packages/airflow/example_dags/example_branch_operator.py
[2024-01-06T02:38:04.380+0000] {processor.py:840} INFO - DAG(s) 'example_branch_operator' retrieved from /home/airflow/.local/lib/python3.8/site-packages/airflow/example_dags/example_branch_operator.py
[2024-01-06T02:38:04.400+0000] {logging_mixin.py:188} INFO - [2024-01-06T02:38:04.400+0000] {dag.py:3033} INFO - Sync 1 DAGs
[2024-01-06T02:38:04.415+0000] {logging_mixin.py:188} INFO - [2024-01-06T02:38:04.415+0000] {dag.py:3820} INFO - Setting next_dagrun for example_branch_operator to 2024-01-05T00:00:00+00:00, run_after=2024-01-06T00:00:00+00:00
[2024-01-06T02:38:04.428+0000] {processor.py:183} INFO - Processing /home/airflow/.local/lib/python3.8/site-packages/airflow/example_dags/example_branch_operator.py took 0.082 seconds
[2024-01-06T02:38:34.659+0000] {processor.py:161} INFO - Started process (PID=42084) to work on /home/airflow/.local/lib/python3.8/site-packages/airflow/example_dags/example_branch_operator.py
[2024-01-06T02:38:34.663+0000] {processor.py:830} INFO - Processing file /home/airflow/.local/lib/python3.8/site-packages/airflow/example_dags/example_branch_operator.py for tasks to queue
[2024-01-06T02:38:34.666+0000] {logging_mixin.py:188} INFO - [2024-01-06T02:38:34.666+0000] {dagbag.py:538} INFO - Filling up the DagBag from /home/airflow/.local/lib/python3.8/site-packages/airflow/example_dags/example_branch_operator.py
[2024-01-06T02:38:34.685+0000] {processor.py:840} INFO - DAG(s) 'example_branch_operator' retrieved from /home/airflow/.local/lib/python3.8/site-packages/airflow/example_dags/example_branch_operator.py
[2024-01-06T02:38:34.706+0000] {logging_mixin.py:188} INFO - [2024-01-06T02:38:34.706+0000] {dag.py:3033} INFO - Sync 1 DAGs
[2024-01-06T02:38:34.722+0000] {logging_mixin.py:188} INFO - [2024-01-06T02:38:34.722+0000] {dag.py:3820} INFO - Setting next_dagrun for example_branch_operator to 2024-01-05T00:00:00+00:00, run_after=2024-01-06T00:00:00+00:00
[2024-01-06T02:38:34.736+0000] {processor.py:183} INFO - Processing /home/airflow/.local/lib/python3.8/site-packages/airflow/example_dags/example_branch_operator.py took 0.083 seconds
[2024-01-06T02:39:05.137+0000] {processor.py:161} INFO - Started process (PID=42141) to work on /home/airflow/.local/lib/python3.8/site-packages/airflow/example_dags/example_branch_operator.py
[2024-01-06T02:39:05.141+0000] {processor.py:830} INFO - Processing file /home/airflow/.local/lib/python3.8/site-packages/airflow/example_dags/example_branch_operator.py for tasks to queue
[2024-01-06T02:39:05.149+0000] {logging_mixin.py:188} INFO - [2024-01-06T02:39:05.149+0000] {dagbag.py:538} INFO - Filling up the DagBag from /home/airflow/.local/lib/python3.8/site-packages/airflow/example_dags/example_branch_operator.py
[2024-01-06T02:39:05.165+0000] {processor.py:840} INFO - DAG(s) 'example_branch_operator' retrieved from /home/airflow/.local/lib/python3.8/site-packages/airflow/example_dags/example_branch_operator.py
[2024-01-06T02:39:05.184+0000] {logging_mixin.py:188} INFO - [2024-01-06T02:39:05.184+0000] {dag.py:3033} INFO - Sync 1 DAGs
[2024-01-06T02:39:05.198+0000] {logging_mixin.py:188} INFO - [2024-01-06T02:39:05.198+0000] {dag.py:3820} INFO - Setting next_dagrun for example_branch_operator to 2024-01-05T00:00:00+00:00, run_after=2024-01-06T00:00:00+00:00
[2024-01-06T02:39:05.212+0000] {processor.py:183} INFO - Processing /home/airflow/.local/lib/python3.8/site-packages/airflow/example_dags/example_branch_operator.py took 0.080 seconds
[2024-01-06T02:39:35.937+0000] {processor.py:161} INFO - Started process (PID=42198) to work on /home/airflow/.local/lib/python3.8/site-packages/airflow/example_dags/example_branch_operator.py
[2024-01-06T02:39:35.940+0000] {processor.py:830} INFO - Processing file /home/airflow/.local/lib/python3.8/site-packages/airflow/example_dags/example_branch_operator.py for tasks to queue
[2024-01-06T02:39:35.943+0000] {logging_mixin.py:188} INFO - [2024-01-06T02:39:35.943+0000] {dagbag.py:538} INFO - Filling up the DagBag from /home/airflow/.local/lib/python3.8/site-packages/airflow/example_dags/example_branch_operator.py
[2024-01-06T02:39:35.961+0000] {processor.py:840} INFO - DAG(s) 'example_branch_operator' retrieved from /home/airflow/.local/lib/python3.8/site-packages/airflow/example_dags/example_branch_operator.py
[2024-01-06T02:39:35.982+0000] {logging_mixin.py:188} INFO - [2024-01-06T02:39:35.981+0000] {dag.py:3033} INFO - Sync 1 DAGs
[2024-01-06T02:39:35.997+0000] {logging_mixin.py:188} INFO - [2024-01-06T02:39:35.996+0000] {dag.py:3820} INFO - Setting next_dagrun for example_branch_operator to 2024-01-05T00:00:00+00:00, run_after=2024-01-06T00:00:00+00:00
[2024-01-06T02:39:36.012+0000] {processor.py:183} INFO - Processing /home/airflow/.local/lib/python3.8/site-packages/airflow/example_dags/example_branch_operator.py took 0.082 seconds
[2024-01-06T02:40:06.227+0000] {processor.py:161} INFO - Started process (PID=42257) to work on /home/airflow/.local/lib/python3.8/site-packages/airflow/example_dags/example_branch_operator.py
[2024-01-06T02:40:06.230+0000] {processor.py:830} INFO - Processing file /home/airflow/.local/lib/python3.8/site-packages/airflow/example_dags/example_branch_operator.py for tasks to queue
[2024-01-06T02:40:06.234+0000] {logging_mixin.py:188} INFO - [2024-01-06T02:40:06.234+0000] {dagbag.py:538} INFO - Filling up the DagBag from /home/airflow/.local/lib/python3.8/site-packages/airflow/example_dags/example_branch_operator.py
[2024-01-06T02:40:06.252+0000] {processor.py:840} INFO - DAG(s) 'example_branch_operator' retrieved from /home/airflow/.local/lib/python3.8/site-packages/airflow/example_dags/example_branch_operator.py
[2024-01-06T02:40:06.272+0000] {logging_mixin.py:188} INFO - [2024-01-06T02:40:06.272+0000] {dag.py:3033} INFO - Sync 1 DAGs
[2024-01-06T02:40:06.287+0000] {logging_mixin.py:188} INFO - [2024-01-06T02:40:06.287+0000] {dag.py:3820} INFO - Setting next_dagrun for example_branch_operator to 2024-01-05T00:00:00+00:00, run_after=2024-01-06T00:00:00+00:00
[2024-01-06T02:40:06.298+0000] {processor.py:183} INFO - Processing /home/airflow/.local/lib/python3.8/site-packages/airflow/example_dags/example_branch_operator.py took 0.077 seconds
[2024-01-06T02:40:36.597+0000] {processor.py:161} INFO - Started process (PID=42316) to work on /home/airflow/.local/lib/python3.8/site-packages/airflow/example_dags/example_branch_operator.py
[2024-01-06T02:40:36.598+0000] {processor.py:830} INFO - Processing file /home/airflow/.local/lib/python3.8/site-packages/airflow/example_dags/example_branch_operator.py for tasks to queue
[2024-01-06T02:40:36.605+0000] {logging_mixin.py:188} INFO - [2024-01-06T02:40:36.604+0000] {dagbag.py:538} INFO - Filling up the DagBag from /home/airflow/.local/lib/python3.8/site-packages/airflow/example_dags/example_branch_operator.py
[2024-01-06T02:40:36.627+0000] {processor.py:840} INFO - DAG(s) 'example_branch_operator' retrieved from /home/airflow/.local/lib/python3.8/site-packages/airflow/example_dags/example_branch_operator.py
[2024-01-06T02:40:36.664+0000] {logging_mixin.py:188} INFO - [2024-01-06T02:40:36.664+0000] {dag.py:3033} INFO - Sync 1 DAGs
[2024-01-06T02:40:36.751+0000] {logging_mixin.py:188} INFO - [2024-01-06T02:40:36.751+0000] {dag.py:3820} INFO - Setting next_dagrun for example_branch_operator to 2024-01-05T00:00:00+00:00, run_after=2024-01-06T00:00:00+00:00
[2024-01-06T02:40:36.824+0000] {processor.py:183} INFO - Processing /home/airflow/.local/lib/python3.8/site-packages/airflow/example_dags/example_branch_operator.py took 0.232 seconds
[2024-01-06T02:41:07.575+0000] {processor.py:161} INFO - Started process (PID=42374) to work on /home/airflow/.local/lib/python3.8/site-packages/airflow/example_dags/example_branch_operator.py
[2024-01-06T02:41:07.579+0000] {processor.py:830} INFO - Processing file /home/airflow/.local/lib/python3.8/site-packages/airflow/example_dags/example_branch_operator.py for tasks to queue
[2024-01-06T02:41:07.583+0000] {logging_mixin.py:188} INFO - [2024-01-06T02:41:07.583+0000] {dagbag.py:538} INFO - Filling up the DagBag from /home/airflow/.local/lib/python3.8/site-packages/airflow/example_dags/example_branch_operator.py
[2024-01-06T02:41:07.604+0000] {processor.py:840} INFO - DAG(s) 'example_branch_operator' retrieved from /home/airflow/.local/lib/python3.8/site-packages/airflow/example_dags/example_branch_operator.py
[2024-01-06T02:41:07.625+0000] {logging_mixin.py:188} INFO - [2024-01-06T02:41:07.625+0000] {dag.py:3033} INFO - Sync 1 DAGs
[2024-01-06T02:41:07.642+0000] {logging_mixin.py:188} INFO - [2024-01-06T02:41:07.641+0000] {dag.py:3820} INFO - Setting next_dagrun for example_branch_operator to 2024-01-05T00:00:00+00:00, run_after=2024-01-06T00:00:00+00:00
[2024-01-06T02:41:07.656+0000] {processor.py:183} INFO - Processing /home/airflow/.local/lib/python3.8/site-packages/airflow/example_dags/example_branch_operator.py took 0.087 seconds
[2024-01-06T02:41:38.481+0000] {processor.py:161} INFO - Started process (PID=42432) to work on /home/airflow/.local/lib/python3.8/site-packages/airflow/example_dags/example_branch_operator.py
[2024-01-06T02:41:38.485+0000] {processor.py:830} INFO - Processing file /home/airflow/.local/lib/python3.8/site-packages/airflow/example_dags/example_branch_operator.py for tasks to queue
[2024-01-06T02:41:38.493+0000] {logging_mixin.py:188} INFO - [2024-01-06T02:41:38.493+0000] {dagbag.py:538} INFO - Filling up the DagBag from /home/airflow/.local/lib/python3.8/site-packages/airflow/example_dags/example_branch_operator.py
[2024-01-06T02:41:38.520+0000] {processor.py:840} INFO - DAG(s) 'example_branch_operator' retrieved from /home/airflow/.local/lib/python3.8/site-packages/airflow/example_dags/example_branch_operator.py
[2024-01-06T02:41:38.552+0000] {logging_mixin.py:188} INFO - [2024-01-06T02:41:38.552+0000] {dag.py:3033} INFO - Sync 1 DAGs
[2024-01-06T02:41:38.571+0000] {logging_mixin.py:188} INFO - [2024-01-06T02:41:38.571+0000] {dag.py:3820} INFO - Setting next_dagrun for example_branch_operator to 2024-01-05T00:00:00+00:00, run_after=2024-01-06T00:00:00+00:00
[2024-01-06T02:41:38.587+0000] {processor.py:183} INFO - Processing /home/airflow/.local/lib/python3.8/site-packages/airflow/example_dags/example_branch_operator.py took 0.116 seconds
[2024-01-06T02:42:09.655+0000] {processor.py:161} INFO - Started process (PID=42489) to work on /home/airflow/.local/lib/python3.8/site-packages/airflow/example_dags/example_branch_operator.py
[2024-01-06T02:42:09.659+0000] {processor.py:830} INFO - Processing file /home/airflow/.local/lib/python3.8/site-packages/airflow/example_dags/example_branch_operator.py for tasks to queue
[2024-01-06T02:42:09.664+0000] {logging_mixin.py:188} INFO - [2024-01-06T02:42:09.664+0000] {dagbag.py:538} INFO - Filling up the DagBag from /home/airflow/.local/lib/python3.8/site-packages/airflow/example_dags/example_branch_operator.py
[2024-01-06T02:42:09.682+0000] {processor.py:840} INFO - DAG(s) 'example_branch_operator' retrieved from /home/airflow/.local/lib/python3.8/site-packages/airflow/example_dags/example_branch_operator.py
[2024-01-06T02:42:09.701+0000] {logging_mixin.py:188} INFO - [2024-01-06T02:42:09.701+0000] {dag.py:3033} INFO - Sync 1 DAGs
[2024-01-06T02:42:09.716+0000] {logging_mixin.py:188} INFO - [2024-01-06T02:42:09.716+0000] {dag.py:3820} INFO - Setting next_dagrun for example_branch_operator to 2024-01-05T00:00:00+00:00, run_after=2024-01-06T00:00:00+00:00
[2024-01-06T02:42:09.728+0000] {processor.py:183} INFO - Processing /home/airflow/.local/lib/python3.8/site-packages/airflow/example_dags/example_branch_operator.py took 0.081 seconds
[2024-01-06T02:42:39.790+0000] {processor.py:161} INFO - Started process (PID=42547) to work on /home/airflow/.local/lib/python3.8/site-packages/airflow/example_dags/example_branch_operator.py
[2024-01-06T02:42:39.793+0000] {processor.py:830} INFO - Processing file /home/airflow/.local/lib/python3.8/site-packages/airflow/example_dags/example_branch_operator.py for tasks to queue
[2024-01-06T02:42:39.796+0000] {logging_mixin.py:188} INFO - [2024-01-06T02:42:39.796+0000] {dagbag.py:538} INFO - Filling up the DagBag from /home/airflow/.local/lib/python3.8/site-packages/airflow/example_dags/example_branch_operator.py
[2024-01-06T02:42:39.811+0000] {processor.py:840} INFO - DAG(s) 'example_branch_operator' retrieved from /home/airflow/.local/lib/python3.8/site-packages/airflow/example_dags/example_branch_operator.py
[2024-01-06T02:42:39.830+0000] {logging_mixin.py:188} INFO - [2024-01-06T02:42:39.830+0000] {dag.py:3033} INFO - Sync 1 DAGs
[2024-01-06T02:42:39.844+0000] {logging_mixin.py:188} INFO - [2024-01-06T02:42:39.844+0000] {dag.py:3820} INFO - Setting next_dagrun for example_branch_operator to 2024-01-05T00:00:00+00:00, run_after=2024-01-06T00:00:00+00:00
[2024-01-06T02:42:39.855+0000] {processor.py:183} INFO - Processing /home/airflow/.local/lib/python3.8/site-packages/airflow/example_dags/example_branch_operator.py took 0.069 seconds
[2024-01-06T02:43:10.134+0000] {processor.py:161} INFO - Started process (PID=42605) to work on /home/airflow/.local/lib/python3.8/site-packages/airflow/example_dags/example_branch_operator.py
[2024-01-06T02:43:10.139+0000] {processor.py:830} INFO - Processing file /home/airflow/.local/lib/python3.8/site-packages/airflow/example_dags/example_branch_operator.py for tasks to queue
[2024-01-06T02:43:10.145+0000] {logging_mixin.py:188} INFO - [2024-01-06T02:43:10.145+0000] {dagbag.py:538} INFO - Filling up the DagBag from /home/airflow/.local/lib/python3.8/site-packages/airflow/example_dags/example_branch_operator.py
[2024-01-06T02:43:10.181+0000] {processor.py:840} INFO - DAG(s) 'example_branch_operator' retrieved from /home/airflow/.local/lib/python3.8/site-packages/airflow/example_dags/example_branch_operator.py
[2024-01-06T02:43:10.214+0000] {logging_mixin.py:188} INFO - [2024-01-06T02:43:10.214+0000] {dag.py:3033} INFO - Sync 1 DAGs
[2024-01-06T02:43:10.238+0000] {logging_mixin.py:188} INFO - [2024-01-06T02:43:10.238+0000] {dag.py:3820} INFO - Setting next_dagrun for example_branch_operator to 2024-01-05T00:00:00+00:00, run_after=2024-01-06T00:00:00+00:00
[2024-01-06T02:43:10.254+0000] {processor.py:183} INFO - Processing /home/airflow/.local/lib/python3.8/site-packages/airflow/example_dags/example_branch_operator.py took 0.132 seconds
[2024-01-06T02:43:40.298+0000] {processor.py:161} INFO - Started process (PID=42663) to work on /home/airflow/.local/lib/python3.8/site-packages/airflow/example_dags/example_branch_operator.py
[2024-01-06T02:43:40.301+0000] {processor.py:830} INFO - Processing file /home/airflow/.local/lib/python3.8/site-packages/airflow/example_dags/example_branch_operator.py for tasks to queue
[2024-01-06T02:43:40.306+0000] {logging_mixin.py:188} INFO - [2024-01-06T02:43:40.306+0000] {dagbag.py:538} INFO - Filling up the DagBag from /home/airflow/.local/lib/python3.8/site-packages/airflow/example_dags/example_branch_operator.py
[2024-01-06T02:43:40.321+0000] {processor.py:840} INFO - DAG(s) 'example_branch_operator' retrieved from /home/airflow/.local/lib/python3.8/site-packages/airflow/example_dags/example_branch_operator.py
[2024-01-06T02:43:40.341+0000] {logging_mixin.py:188} INFO - [2024-01-06T02:43:40.341+0000] {dag.py:3033} INFO - Sync 1 DAGs
[2024-01-06T02:43:40.353+0000] {logging_mixin.py:188} INFO - [2024-01-06T02:43:40.353+0000] {dag.py:3820} INFO - Setting next_dagrun for example_branch_operator to 2024-01-05T00:00:00+00:00, run_after=2024-01-06T00:00:00+00:00
[2024-01-06T02:43:40.364+0000] {processor.py:183} INFO - Processing /home/airflow/.local/lib/python3.8/site-packages/airflow/example_dags/example_branch_operator.py took 0.071 seconds
[2024-01-06T02:44:10.618+0000] {processor.py:161} INFO - Started process (PID=42721) to work on /home/airflow/.local/lib/python3.8/site-packages/airflow/example_dags/example_branch_operator.py
[2024-01-06T02:44:10.622+0000] {processor.py:830} INFO - Processing file /home/airflow/.local/lib/python3.8/site-packages/airflow/example_dags/example_branch_operator.py for tasks to queue
[2024-01-06T02:44:10.627+0000] {logging_mixin.py:188} INFO - [2024-01-06T02:44:10.626+0000] {dagbag.py:538} INFO - Filling up the DagBag from /home/airflow/.local/lib/python3.8/site-packages/airflow/example_dags/example_branch_operator.py
[2024-01-06T02:44:10.647+0000] {processor.py:840} INFO - DAG(s) 'example_branch_operator' retrieved from /home/airflow/.local/lib/python3.8/site-packages/airflow/example_dags/example_branch_operator.py
[2024-01-06T02:44:10.669+0000] {logging_mixin.py:188} INFO - [2024-01-06T02:44:10.669+0000] {dag.py:3033} INFO - Sync 1 DAGs
[2024-01-06T02:44:10.682+0000] {logging_mixin.py:188} INFO - [2024-01-06T02:44:10.682+0000] {dag.py:3820} INFO - Setting next_dagrun for example_branch_operator to 2024-01-05T00:00:00+00:00, run_after=2024-01-06T00:00:00+00:00
[2024-01-06T02:44:10.695+0000] {processor.py:183} INFO - Processing /home/airflow/.local/lib/python3.8/site-packages/airflow/example_dags/example_branch_operator.py took 0.083 seconds
[2024-01-06T02:44:40.751+0000] {processor.py:161} INFO - Started process (PID=42779) to work on /home/airflow/.local/lib/python3.8/site-packages/airflow/example_dags/example_branch_operator.py
[2024-01-06T02:44:40.753+0000] {processor.py:830} INFO - Processing file /home/airflow/.local/lib/python3.8/site-packages/airflow/example_dags/example_branch_operator.py for tasks to queue
[2024-01-06T02:44:40.760+0000] {logging_mixin.py:188} INFO - [2024-01-06T02:44:40.760+0000] {dagbag.py:538} INFO - Filling up the DagBag from /home/airflow/.local/lib/python3.8/site-packages/airflow/example_dags/example_branch_operator.py
[2024-01-06T02:44:40.792+0000] {processor.py:840} INFO - DAG(s) 'example_branch_operator' retrieved from /home/airflow/.local/lib/python3.8/site-packages/airflow/example_dags/example_branch_operator.py
[2024-01-06T02:44:40.819+0000] {logging_mixin.py:188} INFO - [2024-01-06T02:44:40.819+0000] {dag.py:3033} INFO - Sync 1 DAGs
[2024-01-06T02:44:40.851+0000] {logging_mixin.py:188} INFO - [2024-01-06T02:44:40.851+0000] {dag.py:3820} INFO - Setting next_dagrun for example_branch_operator to 2024-01-05T00:00:00+00:00, run_after=2024-01-06T00:00:00+00:00
[2024-01-06T02:44:40.870+0000] {processor.py:183} INFO - Processing /home/airflow/.local/lib/python3.8/site-packages/airflow/example_dags/example_branch_operator.py took 0.124 seconds
[2024-01-06T02:45:11.112+0000] {processor.py:161} INFO - Started process (PID=42837) to work on /home/airflow/.local/lib/python3.8/site-packages/airflow/example_dags/example_branch_operator.py
[2024-01-06T02:45:11.115+0000] {processor.py:830} INFO - Processing file /home/airflow/.local/lib/python3.8/site-packages/airflow/example_dags/example_branch_operator.py for tasks to queue
[2024-01-06T02:45:11.119+0000] {logging_mixin.py:188} INFO - [2024-01-06T02:45:11.119+0000] {dagbag.py:538} INFO - Filling up the DagBag from /home/airflow/.local/lib/python3.8/site-packages/airflow/example_dags/example_branch_operator.py
[2024-01-06T02:45:11.133+0000] {processor.py:840} INFO - DAG(s) 'example_branch_operator' retrieved from /home/airflow/.local/lib/python3.8/site-packages/airflow/example_dags/example_branch_operator.py
[2024-01-06T02:45:11.151+0000] {logging_mixin.py:188} INFO - [2024-01-06T02:45:11.151+0000] {dag.py:3033} INFO - Sync 1 DAGs
[2024-01-06T02:45:11.164+0000] {logging_mixin.py:188} INFO - [2024-01-06T02:45:11.164+0000] {dag.py:3820} INFO - Setting next_dagrun for example_branch_operator to 2024-01-05T00:00:00+00:00, run_after=2024-01-06T00:00:00+00:00
[2024-01-06T02:45:11.176+0000] {processor.py:183} INFO - Processing /home/airflow/.local/lib/python3.8/site-packages/airflow/example_dags/example_branch_operator.py took 0.069 seconds
[2024-01-06T02:45:41.288+0000] {processor.py:161} INFO - Started process (PID=42895) to work on /home/airflow/.local/lib/python3.8/site-packages/airflow/example_dags/example_branch_operator.py
[2024-01-06T02:45:41.291+0000] {processor.py:830} INFO - Processing file /home/airflow/.local/lib/python3.8/site-packages/airflow/example_dags/example_branch_operator.py for tasks to queue
[2024-01-06T02:45:41.299+0000] {logging_mixin.py:188} INFO - [2024-01-06T02:45:41.299+0000] {dagbag.py:538} INFO - Filling up the DagBag from /home/airflow/.local/lib/python3.8/site-packages/airflow/example_dags/example_branch_operator.py
[2024-01-06T02:45:41.336+0000] {processor.py:840} INFO - DAG(s) 'example_branch_operator' retrieved from /home/airflow/.local/lib/python3.8/site-packages/airflow/example_dags/example_branch_operator.py
[2024-01-06T02:45:41.392+0000] {logging_mixin.py:188} INFO - [2024-01-06T02:45:41.391+0000] {dag.py:3033} INFO - Sync 1 DAGs
[2024-01-06T02:45:41.449+0000] {logging_mixin.py:188} INFO - [2024-01-06T02:45:41.448+0000] {dag.py:3820} INFO - Setting next_dagrun for example_branch_operator to 2024-01-05T00:00:00+00:00, run_after=2024-01-06T00:00:00+00:00
[2024-01-06T02:45:41.478+0000] {processor.py:183} INFO - Processing /home/airflow/.local/lib/python3.8/site-packages/airflow/example_dags/example_branch_operator.py took 0.202 seconds
[2024-01-06T02:46:11.565+0000] {processor.py:161} INFO - Started process (PID=42953) to work on /home/airflow/.local/lib/python3.8/site-packages/airflow/example_dags/example_branch_operator.py
[2024-01-06T02:46:11.567+0000] {processor.py:830} INFO - Processing file /home/airflow/.local/lib/python3.8/site-packages/airflow/example_dags/example_branch_operator.py for tasks to queue
[2024-01-06T02:46:11.570+0000] {logging_mixin.py:188} INFO - [2024-01-06T02:46:11.570+0000] {dagbag.py:538} INFO - Filling up the DagBag from /home/airflow/.local/lib/python3.8/site-packages/airflow/example_dags/example_branch_operator.py
[2024-01-06T02:46:11.583+0000] {processor.py:840} INFO - DAG(s) 'example_branch_operator' retrieved from /home/airflow/.local/lib/python3.8/site-packages/airflow/example_dags/example_branch_operator.py
[2024-01-06T02:46:11.602+0000] {logging_mixin.py:188} INFO - [2024-01-06T02:46:11.602+0000] {dag.py:3033} INFO - Sync 1 DAGs
[2024-01-06T02:46:11.616+0000] {logging_mixin.py:188} INFO - [2024-01-06T02:46:11.616+0000] {dag.py:3820} INFO - Setting next_dagrun for example_branch_operator to 2024-01-05T00:00:00+00:00, run_after=2024-01-06T00:00:00+00:00
[2024-01-06T02:46:11.629+0000] {processor.py:183} INFO - Processing /home/airflow/.local/lib/python3.8/site-packages/airflow/example_dags/example_branch_operator.py took 0.067 seconds
[2024-01-06T02:46:42.149+0000] {processor.py:161} INFO - Started process (PID=43011) to work on /home/airflow/.local/lib/python3.8/site-packages/airflow/example_dags/example_branch_operator.py
[2024-01-06T02:46:42.152+0000] {processor.py:830} INFO - Processing file /home/airflow/.local/lib/python3.8/site-packages/airflow/example_dags/example_branch_operator.py for tasks to queue
[2024-01-06T02:46:42.156+0000] {logging_mixin.py:188} INFO - [2024-01-06T02:46:42.156+0000] {dagbag.py:538} INFO - Filling up the DagBag from /home/airflow/.local/lib/python3.8/site-packages/airflow/example_dags/example_branch_operator.py
[2024-01-06T02:46:42.173+0000] {processor.py:840} INFO - DAG(s) 'example_branch_operator' retrieved from /home/airflow/.local/lib/python3.8/site-packages/airflow/example_dags/example_branch_operator.py
[2024-01-06T02:46:42.193+0000] {logging_mixin.py:188} INFO - [2024-01-06T02:46:42.193+0000] {dag.py:3033} INFO - Sync 1 DAGs
[2024-01-06T02:46:42.210+0000] {logging_mixin.py:188} INFO - [2024-01-06T02:46:42.209+0000] {dag.py:3820} INFO - Setting next_dagrun for example_branch_operator to 2024-01-05T00:00:00+00:00, run_after=2024-01-06T00:00:00+00:00
[2024-01-06T02:46:42.223+0000] {processor.py:183} INFO - Processing /home/airflow/.local/lib/python3.8/site-packages/airflow/example_dags/example_branch_operator.py took 0.079 seconds
[2024-01-06T02:47:12.438+0000] {processor.py:161} INFO - Started process (PID=43069) to work on /home/airflow/.local/lib/python3.8/site-packages/airflow/example_dags/example_branch_operator.py
[2024-01-06T02:47:12.440+0000] {processor.py:830} INFO - Processing file /home/airflow/.local/lib/python3.8/site-packages/airflow/example_dags/example_branch_operator.py for tasks to queue
[2024-01-06T02:47:12.444+0000] {logging_mixin.py:188} INFO - [2024-01-06T02:47:12.443+0000] {dagbag.py:538} INFO - Filling up the DagBag from /home/airflow/.local/lib/python3.8/site-packages/airflow/example_dags/example_branch_operator.py
[2024-01-06T02:47:12.459+0000] {processor.py:840} INFO - DAG(s) 'example_branch_operator' retrieved from /home/airflow/.local/lib/python3.8/site-packages/airflow/example_dags/example_branch_operator.py
[2024-01-06T02:47:12.479+0000] {logging_mixin.py:188} INFO - [2024-01-06T02:47:12.479+0000] {dag.py:3033} INFO - Sync 1 DAGs
[2024-01-06T02:47:12.493+0000] {logging_mixin.py:188} INFO - [2024-01-06T02:47:12.493+0000] {dag.py:3820} INFO - Setting next_dagrun for example_branch_operator to 2024-01-05T00:00:00+00:00, run_after=2024-01-06T00:00:00+00:00
[2024-01-06T02:47:12.506+0000] {processor.py:183} INFO - Processing /home/airflow/.local/lib/python3.8/site-packages/airflow/example_dags/example_branch_operator.py took 0.074 seconds
[2024-01-06T02:47:43.005+0000] {processor.py:161} INFO - Started process (PID=43127) to work on /home/airflow/.local/lib/python3.8/site-packages/airflow/example_dags/example_branch_operator.py
[2024-01-06T02:47:43.008+0000] {processor.py:830} INFO - Processing file /home/airflow/.local/lib/python3.8/site-packages/airflow/example_dags/example_branch_operator.py for tasks to queue
[2024-01-06T02:47:43.012+0000] {logging_mixin.py:188} INFO - [2024-01-06T02:47:43.012+0000] {dagbag.py:538} INFO - Filling up the DagBag from /home/airflow/.local/lib/python3.8/site-packages/airflow/example_dags/example_branch_operator.py
[2024-01-06T02:47:43.028+0000] {processor.py:840} INFO - DAG(s) 'example_branch_operator' retrieved from /home/airflow/.local/lib/python3.8/site-packages/airflow/example_dags/example_branch_operator.py
[2024-01-06T02:47:43.047+0000] {logging_mixin.py:188} INFO - [2024-01-06T02:47:43.047+0000] {dag.py:3033} INFO - Sync 1 DAGs
[2024-01-06T02:47:43.061+0000] {logging_mixin.py:188} INFO - [2024-01-06T02:47:43.060+0000] {dag.py:3820} INFO - Setting next_dagrun for example_branch_operator to 2024-01-05T00:00:00+00:00, run_after=2024-01-06T00:00:00+00:00
[2024-01-06T02:47:43.074+0000] {processor.py:183} INFO - Processing /home/airflow/.local/lib/python3.8/site-packages/airflow/example_dags/example_branch_operator.py took 0.074 seconds
[2024-01-06T02:48:13.426+0000] {processor.py:161} INFO - Started process (PID=43185) to work on /home/airflow/.local/lib/python3.8/site-packages/airflow/example_dags/example_branch_operator.py
[2024-01-06T02:48:13.430+0000] {processor.py:830} INFO - Processing file /home/airflow/.local/lib/python3.8/site-packages/airflow/example_dags/example_branch_operator.py for tasks to queue
[2024-01-06T02:48:13.433+0000] {logging_mixin.py:188} INFO - [2024-01-06T02:48:13.433+0000] {dagbag.py:538} INFO - Filling up the DagBag from /home/airflow/.local/lib/python3.8/site-packages/airflow/example_dags/example_branch_operator.py
[2024-01-06T02:48:13.456+0000] {processor.py:840} INFO - DAG(s) 'example_branch_operator' retrieved from /home/airflow/.local/lib/python3.8/site-packages/airflow/example_dags/example_branch_operator.py
[2024-01-06T02:48:13.474+0000] {logging_mixin.py:188} INFO - [2024-01-06T02:48:13.474+0000] {dag.py:3033} INFO - Sync 1 DAGs
[2024-01-06T02:48:13.487+0000] {logging_mixin.py:188} INFO - [2024-01-06T02:48:13.487+0000] {dag.py:3820} INFO - Setting next_dagrun for example_branch_operator to 2024-01-05T00:00:00+00:00, run_after=2024-01-06T00:00:00+00:00
[2024-01-06T02:48:13.500+0000] {processor.py:183} INFO - Processing /home/airflow/.local/lib/python3.8/site-packages/airflow/example_dags/example_branch_operator.py took 0.078 seconds
[2024-01-06T02:48:44.408+0000] {processor.py:161} INFO - Started process (PID=43243) to work on /home/airflow/.local/lib/python3.8/site-packages/airflow/example_dags/example_branch_operator.py
[2024-01-06T02:48:44.415+0000] {processor.py:830} INFO - Processing file /home/airflow/.local/lib/python3.8/site-packages/airflow/example_dags/example_branch_operator.py for tasks to queue
[2024-01-06T02:48:44.423+0000] {logging_mixin.py:188} INFO - [2024-01-06T02:48:44.423+0000] {dagbag.py:538} INFO - Filling up the DagBag from /home/airflow/.local/lib/python3.8/site-packages/airflow/example_dags/example_branch_operator.py
[2024-01-06T02:48:44.463+0000] {processor.py:840} INFO - DAG(s) 'example_branch_operator' retrieved from /home/airflow/.local/lib/python3.8/site-packages/airflow/example_dags/example_branch_operator.py
[2024-01-06T02:48:44.492+0000] {logging_mixin.py:188} INFO - [2024-01-06T02:48:44.492+0000] {dag.py:3033} INFO - Sync 1 DAGs
[2024-01-06T02:48:44.513+0000] {logging_mixin.py:188} INFO - [2024-01-06T02:48:44.513+0000] {dag.py:3820} INFO - Setting next_dagrun for example_branch_operator to 2024-01-05T00:00:00+00:00, run_after=2024-01-06T00:00:00+00:00
[2024-01-06T02:48:44.529+0000] {processor.py:183} INFO - Processing /home/airflow/.local/lib/python3.8/site-packages/airflow/example_dags/example_branch_operator.py took 0.132 seconds
[2024-01-06T02:49:25.060+0000] {processor.py:161} INFO - Started process (PID=43300) to work on /home/airflow/.local/lib/python3.8/site-packages/airflow/example_dags/example_branch_operator.py
[2024-01-06T02:49:25.062+0000] {processor.py:830} INFO - Processing file /home/airflow/.local/lib/python3.8/site-packages/airflow/example_dags/example_branch_operator.py for tasks to queue
[2024-01-06T02:49:25.064+0000] {logging_mixin.py:188} INFO - [2024-01-06T02:49:25.064+0000] {dagbag.py:538} INFO - Filling up the DagBag from /home/airflow/.local/lib/python3.8/site-packages/airflow/example_dags/example_branch_operator.py
[2024-01-06T02:49:25.077+0000] {processor.py:840} INFO - DAG(s) 'example_branch_operator' retrieved from /home/airflow/.local/lib/python3.8/site-packages/airflow/example_dags/example_branch_operator.py
[2024-01-06T02:49:25.097+0000] {logging_mixin.py:188} INFO - [2024-01-06T02:49:25.097+0000] {dag.py:3033} INFO - Sync 1 DAGs
[2024-01-06T02:49:25.112+0000] {logging_mixin.py:188} INFO - [2024-01-06T02:49:25.112+0000] {dag.py:3820} INFO - Setting next_dagrun for example_branch_operator to 2024-01-05T00:00:00+00:00, run_after=2024-01-06T00:00:00+00:00
[2024-01-06T02:49:25.127+0000] {processor.py:183} INFO - Processing /home/airflow/.local/lib/python3.8/site-packages/airflow/example_dags/example_branch_operator.py took 0.069 seconds
[2024-01-06T02:49:56.554+0000] {processor.py:161} INFO - Started process (PID=43358) to work on /home/airflow/.local/lib/python3.8/site-packages/airflow/example_dags/example_branch_operator.py
[2024-01-06T02:49:56.556+0000] {processor.py:830} INFO - Processing file /home/airflow/.local/lib/python3.8/site-packages/airflow/example_dags/example_branch_operator.py for tasks to queue
[2024-01-06T02:49:56.558+0000] {logging_mixin.py:188} INFO - [2024-01-06T02:49:56.558+0000] {dagbag.py:538} INFO - Filling up the DagBag from /home/airflow/.local/lib/python3.8/site-packages/airflow/example_dags/example_branch_operator.py
[2024-01-06T02:49:56.572+0000] {processor.py:840} INFO - DAG(s) 'example_branch_operator' retrieved from /home/airflow/.local/lib/python3.8/site-packages/airflow/example_dags/example_branch_operator.py
[2024-01-06T02:49:56.603+0000] {logging_mixin.py:188} INFO - [2024-01-06T02:49:56.603+0000] {dag.py:3033} INFO - Sync 1 DAGs
[2024-01-06T02:49:56.624+0000] {logging_mixin.py:188} INFO - [2024-01-06T02:49:56.624+0000] {dag.py:3820} INFO - Setting next_dagrun for example_branch_operator to 2024-01-05T00:00:00+00:00, run_after=2024-01-06T00:00:00+00:00
[2024-01-06T02:49:56.645+0000] {processor.py:183} INFO - Processing /home/airflow/.local/lib/python3.8/site-packages/airflow/example_dags/example_branch_operator.py took 0.093 seconds
[2024-01-06T02:50:27.110+0000] {processor.py:161} INFO - Started process (PID=43416) to work on /home/airflow/.local/lib/python3.8/site-packages/airflow/example_dags/example_branch_operator.py
[2024-01-06T02:50:27.113+0000] {processor.py:830} INFO - Processing file /home/airflow/.local/lib/python3.8/site-packages/airflow/example_dags/example_branch_operator.py for tasks to queue
[2024-01-06T02:50:27.115+0000] {logging_mixin.py:188} INFO - [2024-01-06T02:50:27.114+0000] {dagbag.py:538} INFO - Filling up the DagBag from /home/airflow/.local/lib/python3.8/site-packages/airflow/example_dags/example_branch_operator.py
[2024-01-06T02:50:27.128+0000] {processor.py:840} INFO - DAG(s) 'example_branch_operator' retrieved from /home/airflow/.local/lib/python3.8/site-packages/airflow/example_dags/example_branch_operator.py
[2024-01-06T02:50:27.148+0000] {logging_mixin.py:188} INFO - [2024-01-06T02:50:27.148+0000] {dag.py:3033} INFO - Sync 1 DAGs
[2024-01-06T02:50:27.167+0000] {logging_mixin.py:188} INFO - [2024-01-06T02:50:27.166+0000] {dag.py:3820} INFO - Setting next_dagrun for example_branch_operator to 2024-01-05T00:00:00+00:00, run_after=2024-01-06T00:00:00+00:00
[2024-01-06T02:50:27.178+0000] {processor.py:183} INFO - Processing /home/airflow/.local/lib/python3.8/site-packages/airflow/example_dags/example_branch_operator.py took 0.071 seconds
[2024-01-06T02:50:57.307+0000] {processor.py:161} INFO - Started process (PID=43469) to work on /home/airflow/.local/lib/python3.8/site-packages/airflow/example_dags/example_branch_operator.py
[2024-01-06T02:50:57.309+0000] {processor.py:830} INFO - Processing file /home/airflow/.local/lib/python3.8/site-packages/airflow/example_dags/example_branch_operator.py for tasks to queue
[2024-01-06T02:50:57.311+0000] {logging_mixin.py:188} INFO - [2024-01-06T02:50:57.311+0000] {dagbag.py:538} INFO - Filling up the DagBag from /home/airflow/.local/lib/python3.8/site-packages/airflow/example_dags/example_branch_operator.py
[2024-01-06T02:50:57.323+0000] {processor.py:840} INFO - DAG(s) 'example_branch_operator' retrieved from /home/airflow/.local/lib/python3.8/site-packages/airflow/example_dags/example_branch_operator.py
[2024-01-06T02:50:57.341+0000] {logging_mixin.py:188} INFO - [2024-01-06T02:50:57.340+0000] {dag.py:3033} INFO - Sync 1 DAGs
[2024-01-06T02:50:57.353+0000] {logging_mixin.py:188} INFO - [2024-01-06T02:50:57.353+0000] {dag.py:3820} INFO - Setting next_dagrun for example_branch_operator to 2024-01-05T00:00:00+00:00, run_after=2024-01-06T00:00:00+00:00
[2024-01-06T02:50:57.364+0000] {processor.py:183} INFO - Processing /home/airflow/.local/lib/python3.8/site-packages/airflow/example_dags/example_branch_operator.py took 0.059 seconds
