[2024-01-06T01:20:16.854+0000] {processor.py:161} INFO - Started process (PID=39388) to work on /home/airflow/.local/lib/python3.8/site-packages/airflow/example_dags/example_task_group_decorator.py
[2024-01-06T01:20:16.855+0000] {processor.py:830} INFO - Processing file /home/airflow/.local/lib/python3.8/site-packages/airflow/example_dags/example_task_group_decorator.py for tasks to queue
[2024-01-06T01:20:16.858+0000] {logging_mixin.py:188} INFO - [2024-01-06T01:20:16.858+0000] {dagbag.py:538} INFO - Filling up the DagBag from /home/airflow/.local/lib/python3.8/site-packages/airflow/example_dags/example_task_group_decorator.py
[2024-01-06T01:20:16.867+0000] {processor.py:840} INFO - DAG(s) 'example_task_group_decorator' retrieved from /home/airflow/.local/lib/python3.8/site-packages/airflow/example_dags/example_task_group_decorator.py
[2024-01-06T01:20:16.886+0000] {logging_mixin.py:188} INFO - [2024-01-06T01:20:16.886+0000] {dag.py:3033} INFO - Sync 1 DAGs
[2024-01-06T01:20:16.899+0000] {logging_mixin.py:188} INFO - [2024-01-06T01:20:16.899+0000] {dag.py:3820} INFO - Setting next_dagrun for example_task_group_decorator to 2024-01-05T00:00:00+00:00, run_after=2024-01-06T00:00:00+00:00
[2024-01-06T01:20:16.910+0000] {processor.py:183} INFO - Processing /home/airflow/.local/lib/python3.8/site-packages/airflow/example_dags/example_task_group_decorator.py took 0.059 seconds
[2024-01-06T01:47:35.938+0000] {processor.py:161} INFO - Started process (PID=39446) to work on /home/airflow/.local/lib/python3.8/site-packages/airflow/example_dags/example_task_group_decorator.py
[2024-01-06T01:47:35.940+0000] {processor.py:830} INFO - Processing file /home/airflow/.local/lib/python3.8/site-packages/airflow/example_dags/example_task_group_decorator.py for tasks to queue
[2024-01-06T01:47:35.942+0000] {logging_mixin.py:188} INFO - [2024-01-06T01:47:35.942+0000] {dagbag.py:538} INFO - Filling up the DagBag from /home/airflow/.local/lib/python3.8/site-packages/airflow/example_dags/example_task_group_decorator.py
[2024-01-06T01:47:35.952+0000] {processor.py:840} INFO - DAG(s) 'example_task_group_decorator' retrieved from /home/airflow/.local/lib/python3.8/site-packages/airflow/example_dags/example_task_group_decorator.py
[2024-01-06T01:47:35.973+0000] {logging_mixin.py:188} INFO - [2024-01-06T01:47:35.973+0000] {dag.py:3033} INFO - Sync 1 DAGs
[2024-01-06T01:47:35.987+0000] {logging_mixin.py:188} INFO - [2024-01-06T01:47:35.987+0000] {dag.py:3820} INFO - Setting next_dagrun for example_task_group_decorator to 2024-01-05T00:00:00+00:00, run_after=2024-01-06T00:00:00+00:00
[2024-01-06T01:47:36.001+0000] {processor.py:183} INFO - Processing /home/airflow/.local/lib/python3.8/site-packages/airflow/example_dags/example_task_group_decorator.py took 0.065 seconds
[2024-01-06T01:48:06.602+0000] {processor.py:161} INFO - Started process (PID=39504) to work on /home/airflow/.local/lib/python3.8/site-packages/airflow/example_dags/example_task_group_decorator.py
[2024-01-06T01:48:06.603+0000] {processor.py:830} INFO - Processing file /home/airflow/.local/lib/python3.8/site-packages/airflow/example_dags/example_task_group_decorator.py for tasks to queue
[2024-01-06T01:48:06.606+0000] {logging_mixin.py:188} INFO - [2024-01-06T01:48:06.606+0000] {dagbag.py:538} INFO - Filling up the DagBag from /home/airflow/.local/lib/python3.8/site-packages/airflow/example_dags/example_task_group_decorator.py
[2024-01-06T01:48:06.614+0000] {processor.py:840} INFO - DAG(s) 'example_task_group_decorator' retrieved from /home/airflow/.local/lib/python3.8/site-packages/airflow/example_dags/example_task_group_decorator.py
[2024-01-06T01:48:06.633+0000] {logging_mixin.py:188} INFO - [2024-01-06T01:48:06.633+0000] {dag.py:3033} INFO - Sync 1 DAGs
[2024-01-06T01:48:06.646+0000] {logging_mixin.py:188} INFO - [2024-01-06T01:48:06.646+0000] {dag.py:3820} INFO - Setting next_dagrun for example_task_group_decorator to 2024-01-05T00:00:00+00:00, run_after=2024-01-06T00:00:00+00:00
[2024-01-06T01:48:06.660+0000] {processor.py:183} INFO - Processing /home/airflow/.local/lib/python3.8/site-packages/airflow/example_dags/example_task_group_decorator.py took 0.060 seconds
[2024-01-06T02:05:27.888+0000] {processor.py:161} INFO - Started process (PID=39562) to work on /home/airflow/.local/lib/python3.8/site-packages/airflow/example_dags/example_task_group_decorator.py
[2024-01-06T02:05:27.889+0000] {processor.py:830} INFO - Processing file /home/airflow/.local/lib/python3.8/site-packages/airflow/example_dags/example_task_group_decorator.py for tasks to queue
[2024-01-06T02:05:27.891+0000] {logging_mixin.py:188} INFO - [2024-01-06T02:05:27.891+0000] {dagbag.py:538} INFO - Filling up the DagBag from /home/airflow/.local/lib/python3.8/site-packages/airflow/example_dags/example_task_group_decorator.py
[2024-01-06T02:05:27.900+0000] {processor.py:840} INFO - DAG(s) 'example_task_group_decorator' retrieved from /home/airflow/.local/lib/python3.8/site-packages/airflow/example_dags/example_task_group_decorator.py
[2024-01-06T02:05:27.917+0000] {logging_mixin.py:188} INFO - [2024-01-06T02:05:27.917+0000] {dag.py:3033} INFO - Sync 1 DAGs
[2024-01-06T02:05:27.931+0000] {logging_mixin.py:188} INFO - [2024-01-06T02:05:27.930+0000] {dag.py:3820} INFO - Setting next_dagrun for example_task_group_decorator to 2024-01-05T00:00:00+00:00, run_after=2024-01-06T00:00:00+00:00
[2024-01-06T02:05:27.943+0000] {processor.py:183} INFO - Processing /home/airflow/.local/lib/python3.8/site-packages/airflow/example_dags/example_task_group_decorator.py took 0.057 seconds
[2024-01-06T02:16:27.667+0000] {processor.py:161} INFO - Started process (PID=39620) to work on /home/airflow/.local/lib/python3.8/site-packages/airflow/example_dags/example_task_group_decorator.py
[2024-01-06T02:16:27.668+0000] {processor.py:830} INFO - Processing file /home/airflow/.local/lib/python3.8/site-packages/airflow/example_dags/example_task_group_decorator.py for tasks to queue
[2024-01-06T02:16:27.671+0000] {logging_mixin.py:188} INFO - [2024-01-06T02:16:27.671+0000] {dagbag.py:538} INFO - Filling up the DagBag from /home/airflow/.local/lib/python3.8/site-packages/airflow/example_dags/example_task_group_decorator.py
[2024-01-06T02:16:27.680+0000] {processor.py:840} INFO - DAG(s) 'example_task_group_decorator' retrieved from /home/airflow/.local/lib/python3.8/site-packages/airflow/example_dags/example_task_group_decorator.py
[2024-01-06T02:16:27.697+0000] {logging_mixin.py:188} INFO - [2024-01-06T02:16:27.697+0000] {dag.py:3033} INFO - Sync 1 DAGs
[2024-01-06T02:16:27.711+0000] {logging_mixin.py:188} INFO - [2024-01-06T02:16:27.711+0000] {dag.py:3820} INFO - Setting next_dagrun for example_task_group_decorator to 2024-01-05T00:00:00+00:00, run_after=2024-01-06T00:00:00+00:00
[2024-01-06T02:16:27.724+0000] {processor.py:183} INFO - Processing /home/airflow/.local/lib/python3.8/site-packages/airflow/example_dags/example_task_group_decorator.py took 0.060 seconds
[2024-01-06T02:17:13.233+0000] {processor.py:161} INFO - Started process (PID=39678) to work on /home/airflow/.local/lib/python3.8/site-packages/airflow/example_dags/example_task_group_decorator.py
[2024-01-06T02:17:13.239+0000] {processor.py:830} INFO - Processing file /home/airflow/.local/lib/python3.8/site-packages/airflow/example_dags/example_task_group_decorator.py for tasks to queue
[2024-01-06T02:17:13.265+0000] {logging_mixin.py:188} INFO - [2024-01-06T02:17:13.263+0000] {dagbag.py:538} INFO - Filling up the DagBag from /home/airflow/.local/lib/python3.8/site-packages/airflow/example_dags/example_task_group_decorator.py
[2024-01-06T02:17:13.302+0000] {processor.py:840} INFO - DAG(s) 'example_task_group_decorator' retrieved from /home/airflow/.local/lib/python3.8/site-packages/airflow/example_dags/example_task_group_decorator.py
[2024-01-06T02:17:13.359+0000] {logging_mixin.py:188} INFO - [2024-01-06T02:17:13.359+0000] {dag.py:3033} INFO - Sync 1 DAGs
[2024-01-06T02:17:13.396+0000] {logging_mixin.py:188} INFO - [2024-01-06T02:17:13.396+0000] {dag.py:3820} INFO - Setting next_dagrun for example_task_group_decorator to 2024-01-05T00:00:00+00:00, run_after=2024-01-06T00:00:00+00:00
[2024-01-06T02:17:13.411+0000] {processor.py:183} INFO - Processing /home/airflow/.local/lib/python3.8/site-packages/airflow/example_dags/example_task_group_decorator.py took 0.190 seconds
[2024-01-06T02:17:44.360+0000] {processor.py:161} INFO - Started process (PID=39736) to work on /home/airflow/.local/lib/python3.8/site-packages/airflow/example_dags/example_task_group_decorator.py
[2024-01-06T02:17:44.363+0000] {processor.py:830} INFO - Processing file /home/airflow/.local/lib/python3.8/site-packages/airflow/example_dags/example_task_group_decorator.py for tasks to queue
[2024-01-06T02:17:44.367+0000] {logging_mixin.py:188} INFO - [2024-01-06T02:17:44.367+0000] {dagbag.py:538} INFO - Filling up the DagBag from /home/airflow/.local/lib/python3.8/site-packages/airflow/example_dags/example_task_group_decorator.py
[2024-01-06T02:17:44.379+0000] {processor.py:840} INFO - DAG(s) 'example_task_group_decorator' retrieved from /home/airflow/.local/lib/python3.8/site-packages/airflow/example_dags/example_task_group_decorator.py
[2024-01-06T02:17:44.399+0000] {logging_mixin.py:188} INFO - [2024-01-06T02:17:44.399+0000] {dag.py:3033} INFO - Sync 1 DAGs
[2024-01-06T02:17:44.412+0000] {logging_mixin.py:188} INFO - [2024-01-06T02:17:44.412+0000] {dag.py:3820} INFO - Setting next_dagrun for example_task_group_decorator to 2024-01-05T00:00:00+00:00, run_after=2024-01-06T00:00:00+00:00
[2024-01-06T02:17:44.424+0000] {processor.py:183} INFO - Processing /home/airflow/.local/lib/python3.8/site-packages/airflow/example_dags/example_task_group_decorator.py took 0.070 seconds
[2024-01-06T02:18:14.715+0000] {processor.py:161} INFO - Started process (PID=39794) to work on /home/airflow/.local/lib/python3.8/site-packages/airflow/example_dags/example_task_group_decorator.py
[2024-01-06T02:18:14.718+0000] {processor.py:830} INFO - Processing file /home/airflow/.local/lib/python3.8/site-packages/airflow/example_dags/example_task_group_decorator.py for tasks to queue
[2024-01-06T02:18:14.722+0000] {logging_mixin.py:188} INFO - [2024-01-06T02:18:14.722+0000] {dagbag.py:538} INFO - Filling up the DagBag from /home/airflow/.local/lib/python3.8/site-packages/airflow/example_dags/example_task_group_decorator.py
[2024-01-06T02:18:14.733+0000] {processor.py:840} INFO - DAG(s) 'example_task_group_decorator' retrieved from /home/airflow/.local/lib/python3.8/site-packages/airflow/example_dags/example_task_group_decorator.py
[2024-01-06T02:18:14.765+0000] {logging_mixin.py:188} INFO - [2024-01-06T02:18:14.765+0000] {dag.py:3033} INFO - Sync 1 DAGs
[2024-01-06T02:18:14.803+0000] {logging_mixin.py:188} INFO - [2024-01-06T02:18:14.803+0000] {dag.py:3820} INFO - Setting next_dagrun for example_task_group_decorator to 2024-01-05T00:00:00+00:00, run_after=2024-01-06T00:00:00+00:00
[2024-01-06T02:18:14.826+0000] {processor.py:183} INFO - Processing /home/airflow/.local/lib/python3.8/site-packages/airflow/example_dags/example_task_group_decorator.py took 0.115 seconds
[2024-01-06T02:18:45.285+0000] {processor.py:161} INFO - Started process (PID=39852) to work on /home/airflow/.local/lib/python3.8/site-packages/airflow/example_dags/example_task_group_decorator.py
[2024-01-06T02:18:45.288+0000] {processor.py:830} INFO - Processing file /home/airflow/.local/lib/python3.8/site-packages/airflow/example_dags/example_task_group_decorator.py for tasks to queue
[2024-01-06T02:18:45.292+0000] {logging_mixin.py:188} INFO - [2024-01-06T02:18:45.292+0000] {dagbag.py:538} INFO - Filling up the DagBag from /home/airflow/.local/lib/python3.8/site-packages/airflow/example_dags/example_task_group_decorator.py
[2024-01-06T02:18:45.310+0000] {processor.py:840} INFO - DAG(s) 'example_task_group_decorator' retrieved from /home/airflow/.local/lib/python3.8/site-packages/airflow/example_dags/example_task_group_decorator.py
[2024-01-06T02:18:45.330+0000] {logging_mixin.py:188} INFO - [2024-01-06T02:18:45.330+0000] {dag.py:3033} INFO - Sync 1 DAGs
[2024-01-06T02:18:45.353+0000] {logging_mixin.py:188} INFO - [2024-01-06T02:18:45.353+0000] {dag.py:3820} INFO - Setting next_dagrun for example_task_group_decorator to 2024-01-05T00:00:00+00:00, run_after=2024-01-06T00:00:00+00:00
[2024-01-06T02:18:45.369+0000] {processor.py:183} INFO - Processing /home/airflow/.local/lib/python3.8/site-packages/airflow/example_dags/example_task_group_decorator.py took 0.089 seconds
[2024-01-06T02:19:15.960+0000] {processor.py:161} INFO - Started process (PID=39911) to work on /home/airflow/.local/lib/python3.8/site-packages/airflow/example_dags/example_task_group_decorator.py
[2024-01-06T02:19:15.964+0000] {processor.py:830} INFO - Processing file /home/airflow/.local/lib/python3.8/site-packages/airflow/example_dags/example_task_group_decorator.py for tasks to queue
[2024-01-06T02:19:15.976+0000] {logging_mixin.py:188} INFO - [2024-01-06T02:19:15.975+0000] {dagbag.py:538} INFO - Filling up the DagBag from /home/airflow/.local/lib/python3.8/site-packages/airflow/example_dags/example_task_group_decorator.py
[2024-01-06T02:19:15.993+0000] {processor.py:840} INFO - DAG(s) 'example_task_group_decorator' retrieved from /home/airflow/.local/lib/python3.8/site-packages/airflow/example_dags/example_task_group_decorator.py
[2024-01-06T02:19:16.017+0000] {logging_mixin.py:188} INFO - [2024-01-06T02:19:16.017+0000] {dag.py:3033} INFO - Sync 1 DAGs
[2024-01-06T02:19:16.041+0000] {logging_mixin.py:188} INFO - [2024-01-06T02:19:16.041+0000] {dag.py:3820} INFO - Setting next_dagrun for example_task_group_decorator to 2024-01-05T00:00:00+00:00, run_after=2024-01-06T00:00:00+00:00
[2024-01-06T02:19:16.058+0000] {processor.py:183} INFO - Processing /home/airflow/.local/lib/python3.8/site-packages/airflow/example_dags/example_task_group_decorator.py took 0.109 seconds
[2024-01-06T02:19:46.625+0000] {processor.py:161} INFO - Started process (PID=39969) to work on /home/airflow/.local/lib/python3.8/site-packages/airflow/example_dags/example_task_group_decorator.py
[2024-01-06T02:19:46.630+0000] {processor.py:830} INFO - Processing file /home/airflow/.local/lib/python3.8/site-packages/airflow/example_dags/example_task_group_decorator.py for tasks to queue
[2024-01-06T02:19:46.636+0000] {logging_mixin.py:188} INFO - [2024-01-06T02:19:46.635+0000] {dagbag.py:538} INFO - Filling up the DagBag from /home/airflow/.local/lib/python3.8/site-packages/airflow/example_dags/example_task_group_decorator.py
[2024-01-06T02:19:46.658+0000] {processor.py:840} INFO - DAG(s) 'example_task_group_decorator' retrieved from /home/airflow/.local/lib/python3.8/site-packages/airflow/example_dags/example_task_group_decorator.py
[2024-01-06T02:19:46.693+0000] {logging_mixin.py:188} INFO - [2024-01-06T02:19:46.693+0000] {dag.py:3033} INFO - Sync 1 DAGs
[2024-01-06T02:19:46.716+0000] {logging_mixin.py:188} INFO - [2024-01-06T02:19:46.716+0000] {dag.py:3820} INFO - Setting next_dagrun for example_task_group_decorator to 2024-01-05T00:00:00+00:00, run_after=2024-01-06T00:00:00+00:00
[2024-01-06T02:19:46.732+0000] {processor.py:183} INFO - Processing /home/airflow/.local/lib/python3.8/site-packages/airflow/example_dags/example_task_group_decorator.py took 0.114 seconds
[2024-01-06T02:20:16.969+0000] {processor.py:161} INFO - Started process (PID=40027) to work on /home/airflow/.local/lib/python3.8/site-packages/airflow/example_dags/example_task_group_decorator.py
[2024-01-06T02:20:16.972+0000] {processor.py:830} INFO - Processing file /home/airflow/.local/lib/python3.8/site-packages/airflow/example_dags/example_task_group_decorator.py for tasks to queue
[2024-01-06T02:20:16.978+0000] {logging_mixin.py:188} INFO - [2024-01-06T02:20:16.978+0000] {dagbag.py:538} INFO - Filling up the DagBag from /home/airflow/.local/lib/python3.8/site-packages/airflow/example_dags/example_task_group_decorator.py
[2024-01-06T02:20:17.003+0000] {processor.py:840} INFO - DAG(s) 'example_task_group_decorator' retrieved from /home/airflow/.local/lib/python3.8/site-packages/airflow/example_dags/example_task_group_decorator.py
[2024-01-06T02:20:17.055+0000] {logging_mixin.py:188} INFO - [2024-01-06T02:20:17.055+0000] {dag.py:3033} INFO - Sync 1 DAGs
[2024-01-06T02:20:17.089+0000] {logging_mixin.py:188} INFO - [2024-01-06T02:20:17.089+0000] {dag.py:3820} INFO - Setting next_dagrun for example_task_group_decorator to 2024-01-05T00:00:00+00:00, run_after=2024-01-06T00:00:00+00:00
[2024-01-06T02:20:17.133+0000] {processor.py:183} INFO - Processing /home/airflow/.local/lib/python3.8/site-packages/airflow/example_dags/example_task_group_decorator.py took 0.168 seconds
[2024-01-06T02:20:47.679+0000] {processor.py:161} INFO - Started process (PID=40085) to work on /home/airflow/.local/lib/python3.8/site-packages/airflow/example_dags/example_task_group_decorator.py
[2024-01-06T02:20:47.682+0000] {processor.py:830} INFO - Processing file /home/airflow/.local/lib/python3.8/site-packages/airflow/example_dags/example_task_group_decorator.py for tasks to queue
[2024-01-06T02:20:47.689+0000] {logging_mixin.py:188} INFO - [2024-01-06T02:20:47.688+0000] {dagbag.py:538} INFO - Filling up the DagBag from /home/airflow/.local/lib/python3.8/site-packages/airflow/example_dags/example_task_group_decorator.py
[2024-01-06T02:20:47.705+0000] {processor.py:840} INFO - DAG(s) 'example_task_group_decorator' retrieved from /home/airflow/.local/lib/python3.8/site-packages/airflow/example_dags/example_task_group_decorator.py
[2024-01-06T02:20:47.724+0000] {logging_mixin.py:188} INFO - [2024-01-06T02:20:47.724+0000] {dag.py:3033} INFO - Sync 1 DAGs
[2024-01-06T02:20:47.738+0000] {logging_mixin.py:188} INFO - [2024-01-06T02:20:47.738+0000] {dag.py:3820} INFO - Setting next_dagrun for example_task_group_decorator to 2024-01-05T00:00:00+00:00, run_after=2024-01-06T00:00:00+00:00
[2024-01-06T02:20:47.750+0000] {processor.py:183} INFO - Processing /home/airflow/.local/lib/python3.8/site-packages/airflow/example_dags/example_task_group_decorator.py took 0.075 seconds
[2024-01-06T02:21:18.419+0000] {processor.py:161} INFO - Started process (PID=40143) to work on /home/airflow/.local/lib/python3.8/site-packages/airflow/example_dags/example_task_group_decorator.py
[2024-01-06T02:21:18.424+0000] {processor.py:830} INFO - Processing file /home/airflow/.local/lib/python3.8/site-packages/airflow/example_dags/example_task_group_decorator.py for tasks to queue
[2024-01-06T02:21:18.433+0000] {logging_mixin.py:188} INFO - [2024-01-06T02:21:18.432+0000] {dagbag.py:538} INFO - Filling up the DagBag from /home/airflow/.local/lib/python3.8/site-packages/airflow/example_dags/example_task_group_decorator.py
[2024-01-06T02:21:18.450+0000] {processor.py:840} INFO - DAG(s) 'example_task_group_decorator' retrieved from /home/airflow/.local/lib/python3.8/site-packages/airflow/example_dags/example_task_group_decorator.py
[2024-01-06T02:21:18.475+0000] {logging_mixin.py:188} INFO - [2024-01-06T02:21:18.474+0000] {dag.py:3033} INFO - Sync 1 DAGs
[2024-01-06T02:21:18.495+0000] {logging_mixin.py:188} INFO - [2024-01-06T02:21:18.495+0000] {dag.py:3820} INFO - Setting next_dagrun for example_task_group_decorator to 2024-01-05T00:00:00+00:00, run_after=2024-01-06T00:00:00+00:00
[2024-01-06T02:21:18.522+0000] {processor.py:183} INFO - Processing /home/airflow/.local/lib/python3.8/site-packages/airflow/example_dags/example_task_group_decorator.py took 0.111 seconds
[2024-01-06T02:21:48.587+0000] {processor.py:161} INFO - Started process (PID=40201) to work on /home/airflow/.local/lib/python3.8/site-packages/airflow/example_dags/example_task_group_decorator.py
[2024-01-06T02:21:48.597+0000] {processor.py:830} INFO - Processing file /home/airflow/.local/lib/python3.8/site-packages/airflow/example_dags/example_task_group_decorator.py for tasks to queue
[2024-01-06T02:21:48.608+0000] {logging_mixin.py:188} INFO - [2024-01-06T02:21:48.607+0000] {dagbag.py:538} INFO - Filling up the DagBag from /home/airflow/.local/lib/python3.8/site-packages/airflow/example_dags/example_task_group_decorator.py
[2024-01-06T02:21:48.636+0000] {processor.py:840} INFO - DAG(s) 'example_task_group_decorator' retrieved from /home/airflow/.local/lib/python3.8/site-packages/airflow/example_dags/example_task_group_decorator.py
[2024-01-06T02:21:48.665+0000] {logging_mixin.py:188} INFO - [2024-01-06T02:21:48.665+0000] {dag.py:3033} INFO - Sync 1 DAGs
[2024-01-06T02:21:48.694+0000] {logging_mixin.py:188} INFO - [2024-01-06T02:21:48.694+0000] {dag.py:3820} INFO - Setting next_dagrun for example_task_group_decorator to 2024-01-05T00:00:00+00:00, run_after=2024-01-06T00:00:00+00:00
[2024-01-06T02:21:48.722+0000] {processor.py:183} INFO - Processing /home/airflow/.local/lib/python3.8/site-packages/airflow/example_dags/example_task_group_decorator.py took 0.142 seconds
[2024-01-06T02:22:18.858+0000] {processor.py:161} INFO - Started process (PID=40259) to work on /home/airflow/.local/lib/python3.8/site-packages/airflow/example_dags/example_task_group_decorator.py
[2024-01-06T02:22:18.861+0000] {processor.py:830} INFO - Processing file /home/airflow/.local/lib/python3.8/site-packages/airflow/example_dags/example_task_group_decorator.py for tasks to queue
[2024-01-06T02:22:18.866+0000] {logging_mixin.py:188} INFO - [2024-01-06T02:22:18.865+0000] {dagbag.py:538} INFO - Filling up the DagBag from /home/airflow/.local/lib/python3.8/site-packages/airflow/example_dags/example_task_group_decorator.py
[2024-01-06T02:22:18.884+0000] {processor.py:840} INFO - DAG(s) 'example_task_group_decorator' retrieved from /home/airflow/.local/lib/python3.8/site-packages/airflow/example_dags/example_task_group_decorator.py
[2024-01-06T02:22:18.905+0000] {logging_mixin.py:188} INFO - [2024-01-06T02:22:18.905+0000] {dag.py:3033} INFO - Sync 1 DAGs
[2024-01-06T02:22:18.930+0000] {logging_mixin.py:188} INFO - [2024-01-06T02:22:18.929+0000] {dag.py:3820} INFO - Setting next_dagrun for example_task_group_decorator to 2024-01-05T00:00:00+00:00, run_after=2024-01-06T00:00:00+00:00
[2024-01-06T02:22:18.943+0000] {processor.py:183} INFO - Processing /home/airflow/.local/lib/python3.8/site-packages/airflow/example_dags/example_task_group_decorator.py took 0.091 seconds
[2024-01-06T02:22:49.495+0000] {processor.py:161} INFO - Started process (PID=40323) to work on /home/airflow/.local/lib/python3.8/site-packages/airflow/example_dags/example_task_group_decorator.py
[2024-01-06T02:22:49.498+0000] {processor.py:830} INFO - Processing file /home/airflow/.local/lib/python3.8/site-packages/airflow/example_dags/example_task_group_decorator.py for tasks to queue
[2024-01-06T02:22:49.502+0000] {logging_mixin.py:188} INFO - [2024-01-06T02:22:49.502+0000] {dagbag.py:538} INFO - Filling up the DagBag from /home/airflow/.local/lib/python3.8/site-packages/airflow/example_dags/example_task_group_decorator.py
[2024-01-06T02:22:49.516+0000] {processor.py:840} INFO - DAG(s) 'example_task_group_decorator' retrieved from /home/airflow/.local/lib/python3.8/site-packages/airflow/example_dags/example_task_group_decorator.py
[2024-01-06T02:22:49.534+0000] {logging_mixin.py:188} INFO - [2024-01-06T02:22:49.534+0000] {dag.py:3033} INFO - Sync 1 DAGs
[2024-01-06T02:22:49.548+0000] {logging_mixin.py:188} INFO - [2024-01-06T02:22:49.548+0000] {dag.py:3820} INFO - Setting next_dagrun for example_task_group_decorator to 2024-01-05T00:00:00+00:00, run_after=2024-01-06T00:00:00+00:00
[2024-01-06T02:22:49.562+0000] {processor.py:183} INFO - Processing /home/airflow/.local/lib/python3.8/site-packages/airflow/example_dags/example_task_group_decorator.py took 0.070 seconds
[2024-01-06T02:23:20.377+0000] {processor.py:161} INFO - Started process (PID=40381) to work on /home/airflow/.local/lib/python3.8/site-packages/airflow/example_dags/example_task_group_decorator.py
[2024-01-06T02:23:20.383+0000] {processor.py:830} INFO - Processing file /home/airflow/.local/lib/python3.8/site-packages/airflow/example_dags/example_task_group_decorator.py for tasks to queue
[2024-01-06T02:23:20.389+0000] {logging_mixin.py:188} INFO - [2024-01-06T02:23:20.389+0000] {dagbag.py:538} INFO - Filling up the DagBag from /home/airflow/.local/lib/python3.8/site-packages/airflow/example_dags/example_task_group_decorator.py
[2024-01-06T02:23:20.405+0000] {processor.py:840} INFO - DAG(s) 'example_task_group_decorator' retrieved from /home/airflow/.local/lib/python3.8/site-packages/airflow/example_dags/example_task_group_decorator.py
[2024-01-06T02:23:20.424+0000] {logging_mixin.py:188} INFO - [2024-01-06T02:23:20.424+0000] {dag.py:3033} INFO - Sync 1 DAGs
[2024-01-06T02:23:20.438+0000] {logging_mixin.py:188} INFO - [2024-01-06T02:23:20.438+0000] {dag.py:3820} INFO - Setting next_dagrun for example_task_group_decorator to 2024-01-05T00:00:00+00:00, run_after=2024-01-06T00:00:00+00:00
[2024-01-06T02:23:20.452+0000] {processor.py:183} INFO - Processing /home/airflow/.local/lib/python3.8/site-packages/airflow/example_dags/example_task_group_decorator.py took 0.082 seconds
[2024-01-06T02:23:50.810+0000] {processor.py:161} INFO - Started process (PID=40439) to work on /home/airflow/.local/lib/python3.8/site-packages/airflow/example_dags/example_task_group_decorator.py
[2024-01-06T02:23:50.812+0000] {processor.py:830} INFO - Processing file /home/airflow/.local/lib/python3.8/site-packages/airflow/example_dags/example_task_group_decorator.py for tasks to queue
[2024-01-06T02:23:50.815+0000] {logging_mixin.py:188} INFO - [2024-01-06T02:23:50.815+0000] {dagbag.py:538} INFO - Filling up the DagBag from /home/airflow/.local/lib/python3.8/site-packages/airflow/example_dags/example_task_group_decorator.py
[2024-01-06T02:23:50.826+0000] {processor.py:840} INFO - DAG(s) 'example_task_group_decorator' retrieved from /home/airflow/.local/lib/python3.8/site-packages/airflow/example_dags/example_task_group_decorator.py
[2024-01-06T02:23:50.844+0000] {logging_mixin.py:188} INFO - [2024-01-06T02:23:50.844+0000] {dag.py:3033} INFO - Sync 1 DAGs
[2024-01-06T02:23:50.858+0000] {logging_mixin.py:188} INFO - [2024-01-06T02:23:50.858+0000] {dag.py:3820} INFO - Setting next_dagrun for example_task_group_decorator to 2024-01-05T00:00:00+00:00, run_after=2024-01-06T00:00:00+00:00
[2024-01-06T02:23:50.872+0000] {processor.py:183} INFO - Processing /home/airflow/.local/lib/python3.8/site-packages/airflow/example_dags/example_task_group_decorator.py took 0.064 seconds
[2024-01-06T02:24:21.255+0000] {processor.py:161} INFO - Started process (PID=40497) to work on /home/airflow/.local/lib/python3.8/site-packages/airflow/example_dags/example_task_group_decorator.py
[2024-01-06T02:24:21.257+0000] {processor.py:830} INFO - Processing file /home/airflow/.local/lib/python3.8/site-packages/airflow/example_dags/example_task_group_decorator.py for tasks to queue
[2024-01-06T02:24:21.260+0000] {logging_mixin.py:188} INFO - [2024-01-06T02:24:21.259+0000] {dagbag.py:538} INFO - Filling up the DagBag from /home/airflow/.local/lib/python3.8/site-packages/airflow/example_dags/example_task_group_decorator.py
[2024-01-06T02:24:21.272+0000] {processor.py:840} INFO - DAG(s) 'example_task_group_decorator' retrieved from /home/airflow/.local/lib/python3.8/site-packages/airflow/example_dags/example_task_group_decorator.py
[2024-01-06T02:24:21.291+0000] {logging_mixin.py:188} INFO - [2024-01-06T02:24:21.291+0000] {dag.py:3033} INFO - Sync 1 DAGs
[2024-01-06T02:24:21.306+0000] {logging_mixin.py:188} INFO - [2024-01-06T02:24:21.305+0000] {dag.py:3820} INFO - Setting next_dagrun for example_task_group_decorator to 2024-01-05T00:00:00+00:00, run_after=2024-01-06T00:00:00+00:00
[2024-01-06T02:24:21.321+0000] {processor.py:183} INFO - Processing /home/airflow/.local/lib/python3.8/site-packages/airflow/example_dags/example_task_group_decorator.py took 0.072 seconds
[2024-01-06T02:24:51.651+0000] {processor.py:161} INFO - Started process (PID=40555) to work on /home/airflow/.local/lib/python3.8/site-packages/airflow/example_dags/example_task_group_decorator.py
[2024-01-06T02:24:51.653+0000] {processor.py:830} INFO - Processing file /home/airflow/.local/lib/python3.8/site-packages/airflow/example_dags/example_task_group_decorator.py for tasks to queue
[2024-01-06T02:24:51.657+0000] {logging_mixin.py:188} INFO - [2024-01-06T02:24:51.656+0000] {dagbag.py:538} INFO - Filling up the DagBag from /home/airflow/.local/lib/python3.8/site-packages/airflow/example_dags/example_task_group_decorator.py
[2024-01-06T02:24:51.669+0000] {processor.py:840} INFO - DAG(s) 'example_task_group_decorator' retrieved from /home/airflow/.local/lib/python3.8/site-packages/airflow/example_dags/example_task_group_decorator.py
[2024-01-06T02:24:51.688+0000] {logging_mixin.py:188} INFO - [2024-01-06T02:24:51.688+0000] {dag.py:3033} INFO - Sync 1 DAGs
[2024-01-06T02:24:51.703+0000] {logging_mixin.py:188} INFO - [2024-01-06T02:24:51.703+0000] {dag.py:3820} INFO - Setting next_dagrun for example_task_group_decorator to 2024-01-05T00:00:00+00:00, run_after=2024-01-06T00:00:00+00:00
[2024-01-06T02:24:51.717+0000] {processor.py:183} INFO - Processing /home/airflow/.local/lib/python3.8/site-packages/airflow/example_dags/example_task_group_decorator.py took 0.070 seconds
[2024-01-06T02:25:22.656+0000] {processor.py:161} INFO - Started process (PID=40613) to work on /home/airflow/.local/lib/python3.8/site-packages/airflow/example_dags/example_task_group_decorator.py
[2024-01-06T02:25:22.659+0000] {processor.py:830} INFO - Processing file /home/airflow/.local/lib/python3.8/site-packages/airflow/example_dags/example_task_group_decorator.py for tasks to queue
[2024-01-06T02:25:22.663+0000] {logging_mixin.py:188} INFO - [2024-01-06T02:25:22.662+0000] {dagbag.py:538} INFO - Filling up the DagBag from /home/airflow/.local/lib/python3.8/site-packages/airflow/example_dags/example_task_group_decorator.py
[2024-01-06T02:25:22.676+0000] {processor.py:840} INFO - DAG(s) 'example_task_group_decorator' retrieved from /home/airflow/.local/lib/python3.8/site-packages/airflow/example_dags/example_task_group_decorator.py
[2024-01-06T02:25:22.698+0000] {logging_mixin.py:188} INFO - [2024-01-06T02:25:22.698+0000] {dag.py:3033} INFO - Sync 1 DAGs
[2024-01-06T02:25:22.723+0000] {logging_mixin.py:188} INFO - [2024-01-06T02:25:22.723+0000] {dag.py:3820} INFO - Setting next_dagrun for example_task_group_decorator to 2024-01-05T00:00:00+00:00, run_after=2024-01-06T00:00:00+00:00
[2024-01-06T02:25:22.738+0000] {processor.py:183} INFO - Processing /home/airflow/.local/lib/python3.8/site-packages/airflow/example_dags/example_task_group_decorator.py took 0.087 seconds
[2024-01-06T02:25:52.918+0000] {processor.py:161} INFO - Started process (PID=40671) to work on /home/airflow/.local/lib/python3.8/site-packages/airflow/example_dags/example_task_group_decorator.py
[2024-01-06T02:25:52.922+0000] {processor.py:830} INFO - Processing file /home/airflow/.local/lib/python3.8/site-packages/airflow/example_dags/example_task_group_decorator.py for tasks to queue
[2024-01-06T02:25:52.927+0000] {logging_mixin.py:188} INFO - [2024-01-06T02:25:52.926+0000] {dagbag.py:538} INFO - Filling up the DagBag from /home/airflow/.local/lib/python3.8/site-packages/airflow/example_dags/example_task_group_decorator.py
[2024-01-06T02:25:52.939+0000] {processor.py:840} INFO - DAG(s) 'example_task_group_decorator' retrieved from /home/airflow/.local/lib/python3.8/site-packages/airflow/example_dags/example_task_group_decorator.py
[2024-01-06T02:25:52.959+0000] {logging_mixin.py:188} INFO - [2024-01-06T02:25:52.958+0000] {dag.py:3033} INFO - Sync 1 DAGs
[2024-01-06T02:25:52.974+0000] {logging_mixin.py:188} INFO - [2024-01-06T02:25:52.974+0000] {dag.py:3820} INFO - Setting next_dagrun for example_task_group_decorator to 2024-01-05T00:00:00+00:00, run_after=2024-01-06T00:00:00+00:00
[2024-01-06T02:25:52.987+0000] {processor.py:183} INFO - Processing /home/airflow/.local/lib/python3.8/site-packages/airflow/example_dags/example_task_group_decorator.py took 0.074 seconds
[2024-01-06T02:26:23.422+0000] {processor.py:161} INFO - Started process (PID=40729) to work on /home/airflow/.local/lib/python3.8/site-packages/airflow/example_dags/example_task_group_decorator.py
[2024-01-06T02:26:23.425+0000] {processor.py:830} INFO - Processing file /home/airflow/.local/lib/python3.8/site-packages/airflow/example_dags/example_task_group_decorator.py for tasks to queue
[2024-01-06T02:26:23.431+0000] {logging_mixin.py:188} INFO - [2024-01-06T02:26:23.430+0000] {dagbag.py:538} INFO - Filling up the DagBag from /home/airflow/.local/lib/python3.8/site-packages/airflow/example_dags/example_task_group_decorator.py
[2024-01-06T02:26:23.443+0000] {processor.py:840} INFO - DAG(s) 'example_task_group_decorator' retrieved from /home/airflow/.local/lib/python3.8/site-packages/airflow/example_dags/example_task_group_decorator.py
[2024-01-06T02:26:23.465+0000] {logging_mixin.py:188} INFO - [2024-01-06T02:26:23.465+0000] {dag.py:3033} INFO - Sync 1 DAGs
[2024-01-06T02:26:23.481+0000] {logging_mixin.py:188} INFO - [2024-01-06T02:26:23.481+0000] {dag.py:3820} INFO - Setting next_dagrun for example_task_group_decorator to 2024-01-05T00:00:00+00:00, run_after=2024-01-06T00:00:00+00:00
[2024-01-06T02:26:23.493+0000] {processor.py:183} INFO - Processing /home/airflow/.local/lib/python3.8/site-packages/airflow/example_dags/example_task_group_decorator.py took 0.078 seconds
[2024-01-06T02:26:54.044+0000] {processor.py:161} INFO - Started process (PID=40787) to work on /home/airflow/.local/lib/python3.8/site-packages/airflow/example_dags/example_task_group_decorator.py
[2024-01-06T02:26:54.048+0000] {processor.py:830} INFO - Processing file /home/airflow/.local/lib/python3.8/site-packages/airflow/example_dags/example_task_group_decorator.py for tasks to queue
[2024-01-06T02:26:54.051+0000] {logging_mixin.py:188} INFO - [2024-01-06T02:26:54.051+0000] {dagbag.py:538} INFO - Filling up the DagBag from /home/airflow/.local/lib/python3.8/site-packages/airflow/example_dags/example_task_group_decorator.py
[2024-01-06T02:26:54.067+0000] {processor.py:840} INFO - DAG(s) 'example_task_group_decorator' retrieved from /home/airflow/.local/lib/python3.8/site-packages/airflow/example_dags/example_task_group_decorator.py
[2024-01-06T02:26:54.087+0000] {logging_mixin.py:188} INFO - [2024-01-06T02:26:54.087+0000] {dag.py:3033} INFO - Sync 1 DAGs
[2024-01-06T02:26:54.101+0000] {logging_mixin.py:188} INFO - [2024-01-06T02:26:54.101+0000] {dag.py:3820} INFO - Setting next_dagrun for example_task_group_decorator to 2024-01-05T00:00:00+00:00, run_after=2024-01-06T00:00:00+00:00
[2024-01-06T02:26:54.115+0000] {processor.py:183} INFO - Processing /home/airflow/.local/lib/python3.8/site-packages/airflow/example_dags/example_task_group_decorator.py took 0.077 seconds
[2024-01-06T02:27:24.592+0000] {processor.py:161} INFO - Started process (PID=40845) to work on /home/airflow/.local/lib/python3.8/site-packages/airflow/example_dags/example_task_group_decorator.py
[2024-01-06T02:27:24.596+0000] {processor.py:830} INFO - Processing file /home/airflow/.local/lib/python3.8/site-packages/airflow/example_dags/example_task_group_decorator.py for tasks to queue
[2024-01-06T02:27:24.603+0000] {logging_mixin.py:188} INFO - [2024-01-06T02:27:24.602+0000] {dagbag.py:538} INFO - Filling up the DagBag from /home/airflow/.local/lib/python3.8/site-packages/airflow/example_dags/example_task_group_decorator.py
[2024-01-06T02:27:24.637+0000] {processor.py:840} INFO - DAG(s) 'example_task_group_decorator' retrieved from /home/airflow/.local/lib/python3.8/site-packages/airflow/example_dags/example_task_group_decorator.py
[2024-01-06T02:27:24.705+0000] {logging_mixin.py:188} INFO - [2024-01-06T02:27:24.705+0000] {dag.py:3033} INFO - Sync 1 DAGs
[2024-01-06T02:27:24.743+0000] {logging_mixin.py:188} INFO - [2024-01-06T02:27:24.742+0000] {dag.py:3820} INFO - Setting next_dagrun for example_task_group_decorator to 2024-01-05T00:00:00+00:00, run_after=2024-01-06T00:00:00+00:00
[2024-01-06T02:27:24.775+0000] {processor.py:183} INFO - Processing /home/airflow/.local/lib/python3.8/site-packages/airflow/example_dags/example_task_group_decorator.py took 0.189 seconds
[2024-01-06T02:27:55.631+0000] {processor.py:161} INFO - Started process (PID=40903) to work on /home/airflow/.local/lib/python3.8/site-packages/airflow/example_dags/example_task_group_decorator.py
[2024-01-06T02:27:55.633+0000] {processor.py:830} INFO - Processing file /home/airflow/.local/lib/python3.8/site-packages/airflow/example_dags/example_task_group_decorator.py for tasks to queue
[2024-01-06T02:27:55.636+0000] {logging_mixin.py:188} INFO - [2024-01-06T02:27:55.636+0000] {dagbag.py:538} INFO - Filling up the DagBag from /home/airflow/.local/lib/python3.8/site-packages/airflow/example_dags/example_task_group_decorator.py
[2024-01-06T02:27:55.651+0000] {processor.py:840} INFO - DAG(s) 'example_task_group_decorator' retrieved from /home/airflow/.local/lib/python3.8/site-packages/airflow/example_dags/example_task_group_decorator.py
[2024-01-06T02:27:55.669+0000] {logging_mixin.py:188} INFO - [2024-01-06T02:27:55.669+0000] {dag.py:3033} INFO - Sync 1 DAGs
[2024-01-06T02:27:55.682+0000] {logging_mixin.py:188} INFO - [2024-01-06T02:27:55.682+0000] {dag.py:3820} INFO - Setting next_dagrun for example_task_group_decorator to 2024-01-05T00:00:00+00:00, run_after=2024-01-06T00:00:00+00:00
[2024-01-06T02:27:55.695+0000] {processor.py:183} INFO - Processing /home/airflow/.local/lib/python3.8/site-packages/airflow/example_dags/example_task_group_decorator.py took 0.070 seconds
[2024-01-06T02:28:26.217+0000] {processor.py:161} INFO - Started process (PID=40961) to work on /home/airflow/.local/lib/python3.8/site-packages/airflow/example_dags/example_task_group_decorator.py
[2024-01-06T02:28:26.219+0000] {processor.py:830} INFO - Processing file /home/airflow/.local/lib/python3.8/site-packages/airflow/example_dags/example_task_group_decorator.py for tasks to queue
[2024-01-06T02:28:26.222+0000] {logging_mixin.py:188} INFO - [2024-01-06T02:28:26.221+0000] {dagbag.py:538} INFO - Filling up the DagBag from /home/airflow/.local/lib/python3.8/site-packages/airflow/example_dags/example_task_group_decorator.py
[2024-01-06T02:28:26.232+0000] {processor.py:840} INFO - DAG(s) 'example_task_group_decorator' retrieved from /home/airflow/.local/lib/python3.8/site-packages/airflow/example_dags/example_task_group_decorator.py
[2024-01-06T02:28:26.248+0000] {logging_mixin.py:188} INFO - [2024-01-06T02:28:26.248+0000] {dag.py:3033} INFO - Sync 1 DAGs
[2024-01-06T02:28:26.261+0000] {logging_mixin.py:188} INFO - [2024-01-06T02:28:26.261+0000] {dag.py:3820} INFO - Setting next_dagrun for example_task_group_decorator to 2024-01-05T00:00:00+00:00, run_after=2024-01-06T00:00:00+00:00
[2024-01-06T02:28:26.272+0000] {processor.py:183} INFO - Processing /home/airflow/.local/lib/python3.8/site-packages/airflow/example_dags/example_task_group_decorator.py took 0.059 seconds
[2024-01-06T02:28:56.838+0000] {processor.py:161} INFO - Started process (PID=41019) to work on /home/airflow/.local/lib/python3.8/site-packages/airflow/example_dags/example_task_group_decorator.py
[2024-01-06T02:28:56.841+0000] {processor.py:830} INFO - Processing file /home/airflow/.local/lib/python3.8/site-packages/airflow/example_dags/example_task_group_decorator.py for tasks to queue
[2024-01-06T02:28:56.844+0000] {logging_mixin.py:188} INFO - [2024-01-06T02:28:56.844+0000] {dagbag.py:538} INFO - Filling up the DagBag from /home/airflow/.local/lib/python3.8/site-packages/airflow/example_dags/example_task_group_decorator.py
[2024-01-06T02:28:56.856+0000] {processor.py:840} INFO - DAG(s) 'example_task_group_decorator' retrieved from /home/airflow/.local/lib/python3.8/site-packages/airflow/example_dags/example_task_group_decorator.py
[2024-01-06T02:28:56.874+0000] {logging_mixin.py:188} INFO - [2024-01-06T02:28:56.873+0000] {dag.py:3033} INFO - Sync 1 DAGs
[2024-01-06T02:28:56.886+0000] {logging_mixin.py:188} INFO - [2024-01-06T02:28:56.886+0000] {dag.py:3820} INFO - Setting next_dagrun for example_task_group_decorator to 2024-01-05T00:00:00+00:00, run_after=2024-01-06T00:00:00+00:00
[2024-01-06T02:28:56.899+0000] {processor.py:183} INFO - Processing /home/airflow/.local/lib/python3.8/site-packages/airflow/example_dags/example_task_group_decorator.py took 0.064 seconds
[2024-01-06T02:29:27.278+0000] {processor.py:161} INFO - Started process (PID=41077) to work on /home/airflow/.local/lib/python3.8/site-packages/airflow/example_dags/example_task_group_decorator.py
[2024-01-06T02:29:27.280+0000] {processor.py:830} INFO - Processing file /home/airflow/.local/lib/python3.8/site-packages/airflow/example_dags/example_task_group_decorator.py for tasks to queue
[2024-01-06T02:29:27.283+0000] {logging_mixin.py:188} INFO - [2024-01-06T02:29:27.283+0000] {dagbag.py:538} INFO - Filling up the DagBag from /home/airflow/.local/lib/python3.8/site-packages/airflow/example_dags/example_task_group_decorator.py
[2024-01-06T02:29:27.295+0000] {processor.py:840} INFO - DAG(s) 'example_task_group_decorator' retrieved from /home/airflow/.local/lib/python3.8/site-packages/airflow/example_dags/example_task_group_decorator.py
[2024-01-06T02:29:27.312+0000] {logging_mixin.py:188} INFO - [2024-01-06T02:29:27.312+0000] {dag.py:3033} INFO - Sync 1 DAGs
[2024-01-06T02:29:27.326+0000] {logging_mixin.py:188} INFO - [2024-01-06T02:29:27.325+0000] {dag.py:3820} INFO - Setting next_dagrun for example_task_group_decorator to 2024-01-05T00:00:00+00:00, run_after=2024-01-06T00:00:00+00:00
[2024-01-06T02:29:27.337+0000] {processor.py:183} INFO - Processing /home/airflow/.local/lib/python3.8/site-packages/airflow/example_dags/example_task_group_decorator.py took 0.064 seconds
[2024-01-06T02:29:58.095+0000] {processor.py:161} INFO - Started process (PID=41136) to work on /home/airflow/.local/lib/python3.8/site-packages/airflow/example_dags/example_task_group_decorator.py
[2024-01-06T02:29:58.097+0000] {processor.py:830} INFO - Processing file /home/airflow/.local/lib/python3.8/site-packages/airflow/example_dags/example_task_group_decorator.py for tasks to queue
[2024-01-06T02:29:58.100+0000] {logging_mixin.py:188} INFO - [2024-01-06T02:29:58.100+0000] {dagbag.py:538} INFO - Filling up the DagBag from /home/airflow/.local/lib/python3.8/site-packages/airflow/example_dags/example_task_group_decorator.py
[2024-01-06T02:29:58.114+0000] {processor.py:840} INFO - DAG(s) 'example_task_group_decorator' retrieved from /home/airflow/.local/lib/python3.8/site-packages/airflow/example_dags/example_task_group_decorator.py
[2024-01-06T02:29:58.134+0000] {logging_mixin.py:188} INFO - [2024-01-06T02:29:58.134+0000] {dag.py:3033} INFO - Sync 1 DAGs
[2024-01-06T02:29:58.149+0000] {logging_mixin.py:188} INFO - [2024-01-06T02:29:58.149+0000] {dag.py:3820} INFO - Setting next_dagrun for example_task_group_decorator to 2024-01-05T00:00:00+00:00, run_after=2024-01-06T00:00:00+00:00
[2024-01-06T02:29:58.162+0000] {processor.py:183} INFO - Processing /home/airflow/.local/lib/python3.8/site-packages/airflow/example_dags/example_task_group_decorator.py took 0.072 seconds
[2024-01-06T02:30:28.679+0000] {processor.py:161} INFO - Started process (PID=41194) to work on /home/airflow/.local/lib/python3.8/site-packages/airflow/example_dags/example_task_group_decorator.py
[2024-01-06T02:30:28.681+0000] {processor.py:830} INFO - Processing file /home/airflow/.local/lib/python3.8/site-packages/airflow/example_dags/example_task_group_decorator.py for tasks to queue
[2024-01-06T02:30:28.684+0000] {logging_mixin.py:188} INFO - [2024-01-06T02:30:28.684+0000] {dagbag.py:538} INFO - Filling up the DagBag from /home/airflow/.local/lib/python3.8/site-packages/airflow/example_dags/example_task_group_decorator.py
[2024-01-06T02:30:28.693+0000] {processor.py:840} INFO - DAG(s) 'example_task_group_decorator' retrieved from /home/airflow/.local/lib/python3.8/site-packages/airflow/example_dags/example_task_group_decorator.py
[2024-01-06T02:30:28.709+0000] {logging_mixin.py:188} INFO - [2024-01-06T02:30:28.709+0000] {dag.py:3033} INFO - Sync 1 DAGs
[2024-01-06T02:30:28.723+0000] {logging_mixin.py:188} INFO - [2024-01-06T02:30:28.722+0000] {dag.py:3820} INFO - Setting next_dagrun for example_task_group_decorator to 2024-01-05T00:00:00+00:00, run_after=2024-01-06T00:00:00+00:00
[2024-01-06T02:30:28.736+0000] {processor.py:183} INFO - Processing /home/airflow/.local/lib/python3.8/site-packages/airflow/example_dags/example_task_group_decorator.py took 0.061 seconds
[2024-01-06T02:30:59.318+0000] {processor.py:161} INFO - Started process (PID=41252) to work on /home/airflow/.local/lib/python3.8/site-packages/airflow/example_dags/example_task_group_decorator.py
[2024-01-06T02:30:59.321+0000] {processor.py:830} INFO - Processing file /home/airflow/.local/lib/python3.8/site-packages/airflow/example_dags/example_task_group_decorator.py for tasks to queue
[2024-01-06T02:30:59.324+0000] {logging_mixin.py:188} INFO - [2024-01-06T02:30:59.324+0000] {dagbag.py:538} INFO - Filling up the DagBag from /home/airflow/.local/lib/python3.8/site-packages/airflow/example_dags/example_task_group_decorator.py
[2024-01-06T02:30:59.338+0000] {processor.py:840} INFO - DAG(s) 'example_task_group_decorator' retrieved from /home/airflow/.local/lib/python3.8/site-packages/airflow/example_dags/example_task_group_decorator.py
[2024-01-06T02:30:59.356+0000] {logging_mixin.py:188} INFO - [2024-01-06T02:30:59.355+0000] {dag.py:3033} INFO - Sync 1 DAGs
[2024-01-06T02:30:59.368+0000] {logging_mixin.py:188} INFO - [2024-01-06T02:30:59.368+0000] {dag.py:3820} INFO - Setting next_dagrun for example_task_group_decorator to 2024-01-05T00:00:00+00:00, run_after=2024-01-06T00:00:00+00:00
[2024-01-06T02:30:59.380+0000] {processor.py:183} INFO - Processing /home/airflow/.local/lib/python3.8/site-packages/airflow/example_dags/example_task_group_decorator.py took 0.066 seconds
[2024-01-06T02:31:29.804+0000] {processor.py:161} INFO - Started process (PID=41310) to work on /home/airflow/.local/lib/python3.8/site-packages/airflow/example_dags/example_task_group_decorator.py
[2024-01-06T02:31:29.807+0000] {processor.py:830} INFO - Processing file /home/airflow/.local/lib/python3.8/site-packages/airflow/example_dags/example_task_group_decorator.py for tasks to queue
[2024-01-06T02:31:29.812+0000] {logging_mixin.py:188} INFO - [2024-01-06T02:31:29.811+0000] {dagbag.py:538} INFO - Filling up the DagBag from /home/airflow/.local/lib/python3.8/site-packages/airflow/example_dags/example_task_group_decorator.py
[2024-01-06T02:31:29.826+0000] {processor.py:840} INFO - DAG(s) 'example_task_group_decorator' retrieved from /home/airflow/.local/lib/python3.8/site-packages/airflow/example_dags/example_task_group_decorator.py
[2024-01-06T02:31:29.846+0000] {logging_mixin.py:188} INFO - [2024-01-06T02:31:29.846+0000] {dag.py:3033} INFO - Sync 1 DAGs
[2024-01-06T02:31:29.865+0000] {logging_mixin.py:188} INFO - [2024-01-06T02:31:29.865+0000] {dag.py:3820} INFO - Setting next_dagrun for example_task_group_decorator to 2024-01-05T00:00:00+00:00, run_after=2024-01-06T00:00:00+00:00
[2024-01-06T02:31:29.880+0000] {processor.py:183} INFO - Processing /home/airflow/.local/lib/python3.8/site-packages/airflow/example_dags/example_task_group_decorator.py took 0.083 seconds
[2024-01-06T02:32:00.281+0000] {processor.py:161} INFO - Started process (PID=41368) to work on /home/airflow/.local/lib/python3.8/site-packages/airflow/example_dags/example_task_group_decorator.py
[2024-01-06T02:32:00.283+0000] {processor.py:830} INFO - Processing file /home/airflow/.local/lib/python3.8/site-packages/airflow/example_dags/example_task_group_decorator.py for tasks to queue
[2024-01-06T02:32:00.287+0000] {logging_mixin.py:188} INFO - [2024-01-06T02:32:00.287+0000] {dagbag.py:538} INFO - Filling up the DagBag from /home/airflow/.local/lib/python3.8/site-packages/airflow/example_dags/example_task_group_decorator.py
[2024-01-06T02:32:00.299+0000] {processor.py:840} INFO - DAG(s) 'example_task_group_decorator' retrieved from /home/airflow/.local/lib/python3.8/site-packages/airflow/example_dags/example_task_group_decorator.py
[2024-01-06T02:32:00.316+0000] {logging_mixin.py:188} INFO - [2024-01-06T02:32:00.316+0000] {dag.py:3033} INFO - Sync 1 DAGs
[2024-01-06T02:32:00.329+0000] {logging_mixin.py:188} INFO - [2024-01-06T02:32:00.329+0000] {dag.py:3820} INFO - Setting next_dagrun for example_task_group_decorator to 2024-01-05T00:00:00+00:00, run_after=2024-01-06T00:00:00+00:00
[2024-01-06T02:32:00.341+0000] {processor.py:183} INFO - Processing /home/airflow/.local/lib/python3.8/site-packages/airflow/example_dags/example_task_group_decorator.py took 0.065 seconds
[2024-01-06T02:32:30.518+0000] {processor.py:161} INFO - Started process (PID=41426) to work on /home/airflow/.local/lib/python3.8/site-packages/airflow/example_dags/example_task_group_decorator.py
[2024-01-06T02:32:30.520+0000] {processor.py:830} INFO - Processing file /home/airflow/.local/lib/python3.8/site-packages/airflow/example_dags/example_task_group_decorator.py for tasks to queue
[2024-01-06T02:32:30.525+0000] {logging_mixin.py:188} INFO - [2024-01-06T02:32:30.525+0000] {dagbag.py:538} INFO - Filling up the DagBag from /home/airflow/.local/lib/python3.8/site-packages/airflow/example_dags/example_task_group_decorator.py
[2024-01-06T02:32:30.539+0000] {processor.py:840} INFO - DAG(s) 'example_task_group_decorator' retrieved from /home/airflow/.local/lib/python3.8/site-packages/airflow/example_dags/example_task_group_decorator.py
[2024-01-06T02:32:30.557+0000] {logging_mixin.py:188} INFO - [2024-01-06T02:32:30.557+0000] {dag.py:3033} INFO - Sync 1 DAGs
[2024-01-06T02:32:30.570+0000] {logging_mixin.py:188} INFO - [2024-01-06T02:32:30.570+0000] {dag.py:3820} INFO - Setting next_dagrun for example_task_group_decorator to 2024-01-05T00:00:00+00:00, run_after=2024-01-06T00:00:00+00:00
[2024-01-06T02:32:30.583+0000] {processor.py:183} INFO - Processing /home/airflow/.local/lib/python3.8/site-packages/airflow/example_dags/example_task_group_decorator.py took 0.068 seconds
[2024-01-06T02:33:00.763+0000] {processor.py:161} INFO - Started process (PID=41483) to work on /home/airflow/.local/lib/python3.8/site-packages/airflow/example_dags/example_task_group_decorator.py
[2024-01-06T02:33:00.766+0000] {processor.py:830} INFO - Processing file /home/airflow/.local/lib/python3.8/site-packages/airflow/example_dags/example_task_group_decorator.py for tasks to queue
[2024-01-06T02:33:00.769+0000] {logging_mixin.py:188} INFO - [2024-01-06T02:33:00.769+0000] {dagbag.py:538} INFO - Filling up the DagBag from /home/airflow/.local/lib/python3.8/site-packages/airflow/example_dags/example_task_group_decorator.py
[2024-01-06T02:33:00.783+0000] {processor.py:840} INFO - DAG(s) 'example_task_group_decorator' retrieved from /home/airflow/.local/lib/python3.8/site-packages/airflow/example_dags/example_task_group_decorator.py
[2024-01-06T02:33:00.804+0000] {logging_mixin.py:188} INFO - [2024-01-06T02:33:00.804+0000] {dag.py:3033} INFO - Sync 1 DAGs
[2024-01-06T02:33:00.819+0000] {logging_mixin.py:188} INFO - [2024-01-06T02:33:00.819+0000] {dag.py:3820} INFO - Setting next_dagrun for example_task_group_decorator to 2024-01-05T00:00:00+00:00, run_after=2024-01-06T00:00:00+00:00
[2024-01-06T02:33:00.836+0000] {processor.py:183} INFO - Processing /home/airflow/.local/lib/python3.8/site-packages/airflow/example_dags/example_task_group_decorator.py took 0.077 seconds
[2024-01-06T02:33:46.811+0000] {processor.py:161} INFO - Started process (PID=41541) to work on /home/airflow/.local/lib/python3.8/site-packages/airflow/example_dags/example_task_group_decorator.py
[2024-01-06T02:33:46.840+0000] {processor.py:830} INFO - Processing file /home/airflow/.local/lib/python3.8/site-packages/airflow/example_dags/example_task_group_decorator.py for tasks to queue
[2024-01-06T02:33:46.875+0000] {logging_mixin.py:188} INFO - [2024-01-06T02:33:46.873+0000] {dagbag.py:538} INFO - Filling up the DagBag from /home/airflow/.local/lib/python3.8/site-packages/airflow/example_dags/example_task_group_decorator.py
[2024-01-06T02:33:47.001+0000] {processor.py:840} INFO - DAG(s) 'example_task_group_decorator' retrieved from /home/airflow/.local/lib/python3.8/site-packages/airflow/example_dags/example_task_group_decorator.py
[2024-01-06T02:33:47.369+0000] {logging_mixin.py:188} INFO - [2024-01-06T02:33:47.358+0000] {dag.py:3033} INFO - Sync 1 DAGs
[2024-01-06T02:33:47.776+0000] {logging_mixin.py:188} INFO - [2024-01-06T02:33:47.774+0000] {dag.py:3820} INFO - Setting next_dagrun for example_task_group_decorator to 2024-01-05T00:00:00+00:00, run_after=2024-01-06T00:00:00+00:00
[2024-01-06T02:33:48.025+0000] {processor.py:183} INFO - Processing /home/airflow/.local/lib/python3.8/site-packages/airflow/example_dags/example_task_group_decorator.py took 1.246 seconds
[2024-01-06T02:34:18.489+0000] {processor.py:161} INFO - Started process (PID=41599) to work on /home/airflow/.local/lib/python3.8/site-packages/airflow/example_dags/example_task_group_decorator.py
[2024-01-06T02:34:18.491+0000] {processor.py:830} INFO - Processing file /home/airflow/.local/lib/python3.8/site-packages/airflow/example_dags/example_task_group_decorator.py for tasks to queue
[2024-01-06T02:34:18.497+0000] {logging_mixin.py:188} INFO - [2024-01-06T02:34:18.497+0000] {dagbag.py:538} INFO - Filling up the DagBag from /home/airflow/.local/lib/python3.8/site-packages/airflow/example_dags/example_task_group_decorator.py
[2024-01-06T02:34:18.507+0000] {processor.py:840} INFO - DAG(s) 'example_task_group_decorator' retrieved from /home/airflow/.local/lib/python3.8/site-packages/airflow/example_dags/example_task_group_decorator.py
[2024-01-06T02:34:18.523+0000] {logging_mixin.py:188} INFO - [2024-01-06T02:34:18.523+0000] {dag.py:3033} INFO - Sync 1 DAGs
[2024-01-06T02:34:18.536+0000] {logging_mixin.py:188} INFO - [2024-01-06T02:34:18.536+0000] {dag.py:3820} INFO - Setting next_dagrun for example_task_group_decorator to 2024-01-05T00:00:00+00:00, run_after=2024-01-06T00:00:00+00:00
[2024-01-06T02:34:18.547+0000] {processor.py:183} INFO - Processing /home/airflow/.local/lib/python3.8/site-packages/airflow/example_dags/example_task_group_decorator.py took 0.062 seconds
[2024-01-06T02:34:49.236+0000] {processor.py:161} INFO - Started process (PID=41657) to work on /home/airflow/.local/lib/python3.8/site-packages/airflow/example_dags/example_task_group_decorator.py
[2024-01-06T02:34:49.240+0000] {processor.py:830} INFO - Processing file /home/airflow/.local/lib/python3.8/site-packages/airflow/example_dags/example_task_group_decorator.py for tasks to queue
[2024-01-06T02:34:49.244+0000] {logging_mixin.py:188} INFO - [2024-01-06T02:34:49.244+0000] {dagbag.py:538} INFO - Filling up the DagBag from /home/airflow/.local/lib/python3.8/site-packages/airflow/example_dags/example_task_group_decorator.py
[2024-01-06T02:34:49.260+0000] {processor.py:840} INFO - DAG(s) 'example_task_group_decorator' retrieved from /home/airflow/.local/lib/python3.8/site-packages/airflow/example_dags/example_task_group_decorator.py
[2024-01-06T02:34:49.283+0000] {logging_mixin.py:188} INFO - [2024-01-06T02:34:49.283+0000] {dag.py:3033} INFO - Sync 1 DAGs
[2024-01-06T02:34:49.302+0000] {logging_mixin.py:188} INFO - [2024-01-06T02:34:49.302+0000] {dag.py:3820} INFO - Setting next_dagrun for example_task_group_decorator to 2024-01-05T00:00:00+00:00, run_after=2024-01-06T00:00:00+00:00
[2024-01-06T02:34:49.314+0000] {processor.py:183} INFO - Processing /home/airflow/.local/lib/python3.8/site-packages/airflow/example_dags/example_task_group_decorator.py took 0.082 seconds
[2024-01-06T02:35:19.656+0000] {processor.py:161} INFO - Started process (PID=41714) to work on /home/airflow/.local/lib/python3.8/site-packages/airflow/example_dags/example_task_group_decorator.py
[2024-01-06T02:35:19.658+0000] {processor.py:830} INFO - Processing file /home/airflow/.local/lib/python3.8/site-packages/airflow/example_dags/example_task_group_decorator.py for tasks to queue
[2024-01-06T02:35:19.661+0000] {logging_mixin.py:188} INFO - [2024-01-06T02:35:19.661+0000] {dagbag.py:538} INFO - Filling up the DagBag from /home/airflow/.local/lib/python3.8/site-packages/airflow/example_dags/example_task_group_decorator.py
[2024-01-06T02:35:19.671+0000] {processor.py:840} INFO - DAG(s) 'example_task_group_decorator' retrieved from /home/airflow/.local/lib/python3.8/site-packages/airflow/example_dags/example_task_group_decorator.py
[2024-01-06T02:35:19.687+0000] {logging_mixin.py:188} INFO - [2024-01-06T02:35:19.687+0000] {dag.py:3033} INFO - Sync 1 DAGs
[2024-01-06T02:35:19.701+0000] {logging_mixin.py:188} INFO - [2024-01-06T02:35:19.700+0000] {dag.py:3820} INFO - Setting next_dagrun for example_task_group_decorator to 2024-01-05T00:00:00+00:00, run_after=2024-01-06T00:00:00+00:00
[2024-01-06T02:35:19.713+0000] {processor.py:183} INFO - Processing /home/airflow/.local/lib/python3.8/site-packages/airflow/example_dags/example_task_group_decorator.py took 0.060 seconds
[2024-01-06T02:35:50.025+0000] {processor.py:161} INFO - Started process (PID=41772) to work on /home/airflow/.local/lib/python3.8/site-packages/airflow/example_dags/example_task_group_decorator.py
[2024-01-06T02:35:50.029+0000] {processor.py:830} INFO - Processing file /home/airflow/.local/lib/python3.8/site-packages/airflow/example_dags/example_task_group_decorator.py for tasks to queue
[2024-01-06T02:35:50.037+0000] {logging_mixin.py:188} INFO - [2024-01-06T02:35:50.037+0000] {dagbag.py:538} INFO - Filling up the DagBag from /home/airflow/.local/lib/python3.8/site-packages/airflow/example_dags/example_task_group_decorator.py
[2024-01-06T02:35:50.048+0000] {processor.py:840} INFO - DAG(s) 'example_task_group_decorator' retrieved from /home/airflow/.local/lib/python3.8/site-packages/airflow/example_dags/example_task_group_decorator.py
[2024-01-06T02:35:50.070+0000] {logging_mixin.py:188} INFO - [2024-01-06T02:35:50.070+0000] {dag.py:3033} INFO - Sync 1 DAGs
[2024-01-06T02:35:50.114+0000] {logging_mixin.py:188} INFO - [2024-01-06T02:35:50.114+0000] {dag.py:3820} INFO - Setting next_dagrun for example_task_group_decorator to 2024-01-05T00:00:00+00:00, run_after=2024-01-06T00:00:00+00:00
[2024-01-06T02:35:50.128+0000] {processor.py:183} INFO - Processing /home/airflow/.local/lib/python3.8/site-packages/airflow/example_dags/example_task_group_decorator.py took 0.106 seconds
[2024-01-06T02:36:20.638+0000] {processor.py:161} INFO - Started process (PID=41830) to work on /home/airflow/.local/lib/python3.8/site-packages/airflow/example_dags/example_task_group_decorator.py
[2024-01-06T02:36:20.641+0000] {processor.py:830} INFO - Processing file /home/airflow/.local/lib/python3.8/site-packages/airflow/example_dags/example_task_group_decorator.py for tasks to queue
[2024-01-06T02:36:20.645+0000] {logging_mixin.py:188} INFO - [2024-01-06T02:36:20.645+0000] {dagbag.py:538} INFO - Filling up the DagBag from /home/airflow/.local/lib/python3.8/site-packages/airflow/example_dags/example_task_group_decorator.py
[2024-01-06T02:36:20.656+0000] {processor.py:840} INFO - DAG(s) 'example_task_group_decorator' retrieved from /home/airflow/.local/lib/python3.8/site-packages/airflow/example_dags/example_task_group_decorator.py
[2024-01-06T02:36:20.673+0000] {logging_mixin.py:188} INFO - [2024-01-06T02:36:20.673+0000] {dag.py:3033} INFO - Sync 1 DAGs
[2024-01-06T02:36:20.686+0000] {logging_mixin.py:188} INFO - [2024-01-06T02:36:20.686+0000] {dag.py:3820} INFO - Setting next_dagrun for example_task_group_decorator to 2024-01-05T00:00:00+00:00, run_after=2024-01-06T00:00:00+00:00
[2024-01-06T02:36:20.697+0000] {processor.py:183} INFO - Processing /home/airflow/.local/lib/python3.8/site-packages/airflow/example_dags/example_task_group_decorator.py took 0.066 seconds
[2024-01-06T02:36:50.809+0000] {processor.py:161} INFO - Started process (PID=41888) to work on /home/airflow/.local/lib/python3.8/site-packages/airflow/example_dags/example_task_group_decorator.py
[2024-01-06T02:36:50.811+0000] {processor.py:830} INFO - Processing file /home/airflow/.local/lib/python3.8/site-packages/airflow/example_dags/example_task_group_decorator.py for tasks to queue
[2024-01-06T02:36:50.815+0000] {logging_mixin.py:188} INFO - [2024-01-06T02:36:50.814+0000] {dagbag.py:538} INFO - Filling up the DagBag from /home/airflow/.local/lib/python3.8/site-packages/airflow/example_dags/example_task_group_decorator.py
[2024-01-06T02:36:50.826+0000] {processor.py:840} INFO - DAG(s) 'example_task_group_decorator' retrieved from /home/airflow/.local/lib/python3.8/site-packages/airflow/example_dags/example_task_group_decorator.py
[2024-01-06T02:36:50.850+0000] {logging_mixin.py:188} INFO - [2024-01-06T02:36:50.849+0000] {dag.py:3033} INFO - Sync 1 DAGs
[2024-01-06T02:36:50.862+0000] {logging_mixin.py:188} INFO - [2024-01-06T02:36:50.862+0000] {dag.py:3820} INFO - Setting next_dagrun for example_task_group_decorator to 2024-01-05T00:00:00+00:00, run_after=2024-01-06T00:00:00+00:00
[2024-01-06T02:36:50.873+0000] {processor.py:183} INFO - Processing /home/airflow/.local/lib/python3.8/site-packages/airflow/example_dags/example_task_group_decorator.py took 0.069 seconds
[2024-01-06T02:37:20.964+0000] {processor.py:161} INFO - Started process (PID=41946) to work on /home/airflow/.local/lib/python3.8/site-packages/airflow/example_dags/example_task_group_decorator.py
[2024-01-06T02:37:20.967+0000] {processor.py:830} INFO - Processing file /home/airflow/.local/lib/python3.8/site-packages/airflow/example_dags/example_task_group_decorator.py for tasks to queue
[2024-01-06T02:37:20.971+0000] {logging_mixin.py:188} INFO - [2024-01-06T02:37:20.971+0000] {dagbag.py:538} INFO - Filling up the DagBag from /home/airflow/.local/lib/python3.8/site-packages/airflow/example_dags/example_task_group_decorator.py
[2024-01-06T02:37:20.980+0000] {processor.py:840} INFO - DAG(s) 'example_task_group_decorator' retrieved from /home/airflow/.local/lib/python3.8/site-packages/airflow/example_dags/example_task_group_decorator.py
[2024-01-06T02:37:20.997+0000] {logging_mixin.py:188} INFO - [2024-01-06T02:37:20.997+0000] {dag.py:3033} INFO - Sync 1 DAGs
[2024-01-06T02:37:21.014+0000] {logging_mixin.py:188} INFO - [2024-01-06T02:37:21.014+0000] {dag.py:3820} INFO - Setting next_dagrun for example_task_group_decorator to 2024-01-05T00:00:00+00:00, run_after=2024-01-06T00:00:00+00:00
[2024-01-06T02:37:21.026+0000] {processor.py:183} INFO - Processing /home/airflow/.local/lib/python3.8/site-packages/airflow/example_dags/example_task_group_decorator.py took 0.065 seconds
[2024-01-06T02:37:51.423+0000] {processor.py:161} INFO - Started process (PID=42003) to work on /home/airflow/.local/lib/python3.8/site-packages/airflow/example_dags/example_task_group_decorator.py
[2024-01-06T02:37:51.425+0000] {processor.py:830} INFO - Processing file /home/airflow/.local/lib/python3.8/site-packages/airflow/example_dags/example_task_group_decorator.py for tasks to queue
[2024-01-06T02:37:51.429+0000] {logging_mixin.py:188} INFO - [2024-01-06T02:37:51.428+0000] {dagbag.py:538} INFO - Filling up the DagBag from /home/airflow/.local/lib/python3.8/site-packages/airflow/example_dags/example_task_group_decorator.py
[2024-01-06T02:37:51.439+0000] {processor.py:840} INFO - DAG(s) 'example_task_group_decorator' retrieved from /home/airflow/.local/lib/python3.8/site-packages/airflow/example_dags/example_task_group_decorator.py
[2024-01-06T02:37:51.456+0000] {logging_mixin.py:188} INFO - [2024-01-06T02:37:51.456+0000] {dag.py:3033} INFO - Sync 1 DAGs
[2024-01-06T02:37:51.470+0000] {logging_mixin.py:188} INFO - [2024-01-06T02:37:51.470+0000] {dag.py:3820} INFO - Setting next_dagrun for example_task_group_decorator to 2024-01-05T00:00:00+00:00, run_after=2024-01-06T00:00:00+00:00
[2024-01-06T02:37:51.483+0000] {processor.py:183} INFO - Processing /home/airflow/.local/lib/python3.8/site-packages/airflow/example_dags/example_task_group_decorator.py took 0.064 seconds
[2024-01-06T02:38:21.900+0000] {processor.py:161} INFO - Started process (PID=42061) to work on /home/airflow/.local/lib/python3.8/site-packages/airflow/example_dags/example_task_group_decorator.py
[2024-01-06T02:38:21.904+0000] {processor.py:830} INFO - Processing file /home/airflow/.local/lib/python3.8/site-packages/airflow/example_dags/example_task_group_decorator.py for tasks to queue
[2024-01-06T02:38:21.912+0000] {logging_mixin.py:188} INFO - [2024-01-06T02:38:21.911+0000] {dagbag.py:538} INFO - Filling up the DagBag from /home/airflow/.local/lib/python3.8/site-packages/airflow/example_dags/example_task_group_decorator.py
[2024-01-06T02:38:21.941+0000] {processor.py:840} INFO - DAG(s) 'example_task_group_decorator' retrieved from /home/airflow/.local/lib/python3.8/site-packages/airflow/example_dags/example_task_group_decorator.py
[2024-01-06T02:38:21.965+0000] {logging_mixin.py:188} INFO - [2024-01-06T02:38:21.965+0000] {dag.py:3033} INFO - Sync 1 DAGs
[2024-01-06T02:38:21.984+0000] {logging_mixin.py:188} INFO - [2024-01-06T02:38:21.984+0000] {dag.py:3820} INFO - Setting next_dagrun for example_task_group_decorator to 2024-01-05T00:00:00+00:00, run_after=2024-01-06T00:00:00+00:00
[2024-01-06T02:38:21.998+0000] {processor.py:183} INFO - Processing /home/airflow/.local/lib/python3.8/site-packages/airflow/example_dags/example_task_group_decorator.py took 0.106 seconds
[2024-01-06T02:38:52.166+0000] {processor.py:161} INFO - Started process (PID=42119) to work on /home/airflow/.local/lib/python3.8/site-packages/airflow/example_dags/example_task_group_decorator.py
[2024-01-06T02:38:52.172+0000] {processor.py:830} INFO - Processing file /home/airflow/.local/lib/python3.8/site-packages/airflow/example_dags/example_task_group_decorator.py for tasks to queue
[2024-01-06T02:38:52.178+0000] {logging_mixin.py:188} INFO - [2024-01-06T02:38:52.177+0000] {dagbag.py:538} INFO - Filling up the DagBag from /home/airflow/.local/lib/python3.8/site-packages/airflow/example_dags/example_task_group_decorator.py
[2024-01-06T02:38:52.195+0000] {processor.py:840} INFO - DAG(s) 'example_task_group_decorator' retrieved from /home/airflow/.local/lib/python3.8/site-packages/airflow/example_dags/example_task_group_decorator.py
[2024-01-06T02:38:52.212+0000] {logging_mixin.py:188} INFO - [2024-01-06T02:38:52.212+0000] {dag.py:3033} INFO - Sync 1 DAGs
[2024-01-06T02:38:52.229+0000] {logging_mixin.py:188} INFO - [2024-01-06T02:38:52.229+0000] {dag.py:3820} INFO - Setting next_dagrun for example_task_group_decorator to 2024-01-05T00:00:00+00:00, run_after=2024-01-06T00:00:00+00:00
[2024-01-06T02:38:52.246+0000] {processor.py:183} INFO - Processing /home/airflow/.local/lib/python3.8/site-packages/airflow/example_dags/example_task_group_decorator.py took 0.087 seconds
[2024-01-06T02:39:22.922+0000] {processor.py:161} INFO - Started process (PID=42176) to work on /home/airflow/.local/lib/python3.8/site-packages/airflow/example_dags/example_task_group_decorator.py
[2024-01-06T02:39:22.926+0000] {processor.py:830} INFO - Processing file /home/airflow/.local/lib/python3.8/site-packages/airflow/example_dags/example_task_group_decorator.py for tasks to queue
[2024-01-06T02:39:22.932+0000] {logging_mixin.py:188} INFO - [2024-01-06T02:39:22.932+0000] {dagbag.py:538} INFO - Filling up the DagBag from /home/airflow/.local/lib/python3.8/site-packages/airflow/example_dags/example_task_group_decorator.py
[2024-01-06T02:39:22.951+0000] {processor.py:840} INFO - DAG(s) 'example_task_group_decorator' retrieved from /home/airflow/.local/lib/python3.8/site-packages/airflow/example_dags/example_task_group_decorator.py
[2024-01-06T02:39:22.974+0000] {logging_mixin.py:188} INFO - [2024-01-06T02:39:22.974+0000] {dag.py:3033} INFO - Sync 1 DAGs
[2024-01-06T02:39:22.992+0000] {logging_mixin.py:188} INFO - [2024-01-06T02:39:22.991+0000] {dag.py:3820} INFO - Setting next_dagrun for example_task_group_decorator to 2024-01-05T00:00:00+00:00, run_after=2024-01-06T00:00:00+00:00
[2024-01-06T02:39:23.060+0000] {processor.py:183} INFO - Processing /home/airflow/.local/lib/python3.8/site-packages/airflow/example_dags/example_task_group_decorator.py took 0.159 seconds
[2024-01-06T02:39:53.432+0000] {processor.py:161} INFO - Started process (PID=42233) to work on /home/airflow/.local/lib/python3.8/site-packages/airflow/example_dags/example_task_group_decorator.py
[2024-01-06T02:39:53.436+0000] {processor.py:830} INFO - Processing file /home/airflow/.local/lib/python3.8/site-packages/airflow/example_dags/example_task_group_decorator.py for tasks to queue
[2024-01-06T02:39:53.443+0000] {logging_mixin.py:188} INFO - [2024-01-06T02:39:53.442+0000] {dagbag.py:538} INFO - Filling up the DagBag from /home/airflow/.local/lib/python3.8/site-packages/airflow/example_dags/example_task_group_decorator.py
[2024-01-06T02:39:53.460+0000] {processor.py:840} INFO - DAG(s) 'example_task_group_decorator' retrieved from /home/airflow/.local/lib/python3.8/site-packages/airflow/example_dags/example_task_group_decorator.py
[2024-01-06T02:39:53.482+0000] {logging_mixin.py:188} INFO - [2024-01-06T02:39:53.482+0000] {dag.py:3033} INFO - Sync 1 DAGs
[2024-01-06T02:39:53.502+0000] {logging_mixin.py:188} INFO - [2024-01-06T02:39:53.502+0000] {dag.py:3820} INFO - Setting next_dagrun for example_task_group_decorator to 2024-01-05T00:00:00+00:00, run_after=2024-01-06T00:00:00+00:00
[2024-01-06T02:39:53.517+0000] {processor.py:183} INFO - Processing /home/airflow/.local/lib/python3.8/site-packages/airflow/example_dags/example_task_group_decorator.py took 0.091 seconds
[2024-01-06T02:40:23.572+0000] {processor.py:161} INFO - Started process (PID=42292) to work on /home/airflow/.local/lib/python3.8/site-packages/airflow/example_dags/example_task_group_decorator.py
[2024-01-06T02:40:23.575+0000] {processor.py:830} INFO - Processing file /home/airflow/.local/lib/python3.8/site-packages/airflow/example_dags/example_task_group_decorator.py for tasks to queue
[2024-01-06T02:40:23.587+0000] {logging_mixin.py:188} INFO - [2024-01-06T02:40:23.586+0000] {dagbag.py:538} INFO - Filling up the DagBag from /home/airflow/.local/lib/python3.8/site-packages/airflow/example_dags/example_task_group_decorator.py
[2024-01-06T02:40:23.602+0000] {processor.py:840} INFO - DAG(s) 'example_task_group_decorator' retrieved from /home/airflow/.local/lib/python3.8/site-packages/airflow/example_dags/example_task_group_decorator.py
[2024-01-06T02:40:23.638+0000] {logging_mixin.py:188} INFO - [2024-01-06T02:40:23.638+0000] {dag.py:3033} INFO - Sync 1 DAGs
[2024-01-06T02:40:23.681+0000] {logging_mixin.py:188} INFO - [2024-01-06T02:40:23.681+0000] {dag.py:3820} INFO - Setting next_dagrun for example_task_group_decorator to 2024-01-05T00:00:00+00:00, run_after=2024-01-06T00:00:00+00:00
[2024-01-06T02:40:23.698+0000] {processor.py:183} INFO - Processing /home/airflow/.local/lib/python3.8/site-packages/airflow/example_dags/example_task_group_decorator.py took 0.135 seconds
[2024-01-06T02:41:01.348+0000] {processor.py:161} INFO - Started process (PID=42357) to work on /home/airflow/.local/lib/python3.8/site-packages/airflow/example_dags/example_task_group_decorator.py
[2024-01-06T02:41:01.358+0000] {processor.py:830} INFO - Processing file /home/airflow/.local/lib/python3.8/site-packages/airflow/example_dags/example_task_group_decorator.py for tasks to queue
[2024-01-06T02:41:01.385+0000] {logging_mixin.py:188} INFO - [2024-01-06T02:41:01.384+0000] {dagbag.py:538} INFO - Filling up the DagBag from /home/airflow/.local/lib/python3.8/site-packages/airflow/example_dags/example_task_group_decorator.py
[2024-01-06T02:41:01.434+0000] {processor.py:840} INFO - DAG(s) 'example_task_group_decorator' retrieved from /home/airflow/.local/lib/python3.8/site-packages/airflow/example_dags/example_task_group_decorator.py
[2024-01-06T02:41:01.495+0000] {logging_mixin.py:188} INFO - [2024-01-06T02:41:01.495+0000] {dag.py:3033} INFO - Sync 1 DAGs
[2024-01-06T02:41:01.524+0000] {logging_mixin.py:188} INFO - [2024-01-06T02:41:01.524+0000] {dag.py:3820} INFO - Setting next_dagrun for example_task_group_decorator to 2024-01-05T00:00:00+00:00, run_after=2024-01-06T00:00:00+00:00
[2024-01-06T02:41:01.563+0000] {processor.py:183} INFO - Processing /home/airflow/.local/lib/python3.8/site-packages/airflow/example_dags/example_task_group_decorator.py took 0.231 seconds
[2024-01-06T02:41:31.627+0000] {processor.py:161} INFO - Started process (PID=42415) to work on /home/airflow/.local/lib/python3.8/site-packages/airflow/example_dags/example_task_group_decorator.py
[2024-01-06T02:41:31.628+0000] {processor.py:830} INFO - Processing file /home/airflow/.local/lib/python3.8/site-packages/airflow/example_dags/example_task_group_decorator.py for tasks to queue
[2024-01-06T02:41:31.631+0000] {logging_mixin.py:188} INFO - [2024-01-06T02:41:31.631+0000] {dagbag.py:538} INFO - Filling up the DagBag from /home/airflow/.local/lib/python3.8/site-packages/airflow/example_dags/example_task_group_decorator.py
[2024-01-06T02:41:31.640+0000] {processor.py:840} INFO - DAG(s) 'example_task_group_decorator' retrieved from /home/airflow/.local/lib/python3.8/site-packages/airflow/example_dags/example_task_group_decorator.py
[2024-01-06T02:41:31.659+0000] {logging_mixin.py:188} INFO - [2024-01-06T02:41:31.659+0000] {dag.py:3033} INFO - Sync 1 DAGs
[2024-01-06T02:41:31.671+0000] {logging_mixin.py:188} INFO - [2024-01-06T02:41:31.671+0000] {dag.py:3820} INFO - Setting next_dagrun for example_task_group_decorator to 2024-01-05T00:00:00+00:00, run_after=2024-01-06T00:00:00+00:00
[2024-01-06T02:41:31.680+0000] {processor.py:183} INFO - Processing /home/airflow/.local/lib/python3.8/site-packages/airflow/example_dags/example_task_group_decorator.py took 0.056 seconds
[2024-01-06T02:42:01.778+0000] {processor.py:161} INFO - Started process (PID=42472) to work on /home/airflow/.local/lib/python3.8/site-packages/airflow/example_dags/example_task_group_decorator.py
[2024-01-06T02:42:01.780+0000] {processor.py:830} INFO - Processing file /home/airflow/.local/lib/python3.8/site-packages/airflow/example_dags/example_task_group_decorator.py for tasks to queue
[2024-01-06T02:42:01.783+0000] {logging_mixin.py:188} INFO - [2024-01-06T02:42:01.783+0000] {dagbag.py:538} INFO - Filling up the DagBag from /home/airflow/.local/lib/python3.8/site-packages/airflow/example_dags/example_task_group_decorator.py
[2024-01-06T02:42:01.793+0000] {processor.py:840} INFO - DAG(s) 'example_task_group_decorator' retrieved from /home/airflow/.local/lib/python3.8/site-packages/airflow/example_dags/example_task_group_decorator.py
[2024-01-06T02:42:01.813+0000] {logging_mixin.py:188} INFO - [2024-01-06T02:42:01.813+0000] {dag.py:3033} INFO - Sync 1 DAGs
[2024-01-06T02:42:01.831+0000] {logging_mixin.py:188} INFO - [2024-01-06T02:42:01.831+0000] {dag.py:3820} INFO - Setting next_dagrun for example_task_group_decorator to 2024-01-05T00:00:00+00:00, run_after=2024-01-06T00:00:00+00:00
[2024-01-06T02:42:01.846+0000] {processor.py:183} INFO - Processing /home/airflow/.local/lib/python3.8/site-packages/airflow/example_dags/example_task_group_decorator.py took 0.071 seconds
[2024-01-06T02:42:31.925+0000] {processor.py:161} INFO - Started process (PID=42530) to work on /home/airflow/.local/lib/python3.8/site-packages/airflow/example_dags/example_task_group_decorator.py
[2024-01-06T02:42:31.926+0000] {processor.py:830} INFO - Processing file /home/airflow/.local/lib/python3.8/site-packages/airflow/example_dags/example_task_group_decorator.py for tasks to queue
[2024-01-06T02:42:31.929+0000] {logging_mixin.py:188} INFO - [2024-01-06T02:42:31.929+0000] {dagbag.py:538} INFO - Filling up the DagBag from /home/airflow/.local/lib/python3.8/site-packages/airflow/example_dags/example_task_group_decorator.py
[2024-01-06T02:42:31.941+0000] {processor.py:840} INFO - DAG(s) 'example_task_group_decorator' retrieved from /home/airflow/.local/lib/python3.8/site-packages/airflow/example_dags/example_task_group_decorator.py
[2024-01-06T02:42:31.959+0000] {logging_mixin.py:188} INFO - [2024-01-06T02:42:31.959+0000] {dag.py:3033} INFO - Sync 1 DAGs
[2024-01-06T02:42:31.972+0000] {logging_mixin.py:188} INFO - [2024-01-06T02:42:31.972+0000] {dag.py:3820} INFO - Setting next_dagrun for example_task_group_decorator to 2024-01-05T00:00:00+00:00, run_after=2024-01-06T00:00:00+00:00
[2024-01-06T02:42:31.984+0000] {processor.py:183} INFO - Processing /home/airflow/.local/lib/python3.8/site-packages/airflow/example_dags/example_task_group_decorator.py took 0.062 seconds
[2024-01-06T02:43:02.120+0000] {processor.py:161} INFO - Started process (PID=42588) to work on /home/airflow/.local/lib/python3.8/site-packages/airflow/example_dags/example_task_group_decorator.py
[2024-01-06T02:43:02.122+0000] {processor.py:830} INFO - Processing file /home/airflow/.local/lib/python3.8/site-packages/airflow/example_dags/example_task_group_decorator.py for tasks to queue
[2024-01-06T02:43:02.124+0000] {logging_mixin.py:188} INFO - [2024-01-06T02:43:02.124+0000] {dagbag.py:538} INFO - Filling up the DagBag from /home/airflow/.local/lib/python3.8/site-packages/airflow/example_dags/example_task_group_decorator.py
[2024-01-06T02:43:02.133+0000] {processor.py:840} INFO - DAG(s) 'example_task_group_decorator' retrieved from /home/airflow/.local/lib/python3.8/site-packages/airflow/example_dags/example_task_group_decorator.py
[2024-01-06T02:43:02.151+0000] {logging_mixin.py:188} INFO - [2024-01-06T02:43:02.151+0000] {dag.py:3033} INFO - Sync 1 DAGs
[2024-01-06T02:43:02.164+0000] {logging_mixin.py:188} INFO - [2024-01-06T02:43:02.164+0000] {dag.py:3820} INFO - Setting next_dagrun for example_task_group_decorator to 2024-01-05T00:00:00+00:00, run_after=2024-01-06T00:00:00+00:00
[2024-01-06T02:43:02.177+0000] {processor.py:183} INFO - Processing /home/airflow/.local/lib/python3.8/site-packages/airflow/example_dags/example_task_group_decorator.py took 0.059 seconds
[2024-01-06T02:43:32.528+0000] {processor.py:161} INFO - Started process (PID=42646) to work on /home/airflow/.local/lib/python3.8/site-packages/airflow/example_dags/example_task_group_decorator.py
[2024-01-06T02:43:32.529+0000] {processor.py:830} INFO - Processing file /home/airflow/.local/lib/python3.8/site-packages/airflow/example_dags/example_task_group_decorator.py for tasks to queue
[2024-01-06T02:43:32.532+0000] {logging_mixin.py:188} INFO - [2024-01-06T02:43:32.532+0000] {dagbag.py:538} INFO - Filling up the DagBag from /home/airflow/.local/lib/python3.8/site-packages/airflow/example_dags/example_task_group_decorator.py
[2024-01-06T02:43:32.541+0000] {processor.py:840} INFO - DAG(s) 'example_task_group_decorator' retrieved from /home/airflow/.local/lib/python3.8/site-packages/airflow/example_dags/example_task_group_decorator.py
[2024-01-06T02:43:32.561+0000] {logging_mixin.py:188} INFO - [2024-01-06T02:43:32.561+0000] {dag.py:3033} INFO - Sync 1 DAGs
[2024-01-06T02:43:32.574+0000] {logging_mixin.py:188} INFO - [2024-01-06T02:43:32.574+0000] {dag.py:3820} INFO - Setting next_dagrun for example_task_group_decorator to 2024-01-05T00:00:00+00:00, run_after=2024-01-06T00:00:00+00:00
[2024-01-06T02:43:32.586+0000] {processor.py:183} INFO - Processing /home/airflow/.local/lib/python3.8/site-packages/airflow/example_dags/example_task_group_decorator.py took 0.061 seconds
[2024-01-06T02:44:02.820+0000] {processor.py:161} INFO - Started process (PID=42704) to work on /home/airflow/.local/lib/python3.8/site-packages/airflow/example_dags/example_task_group_decorator.py
[2024-01-06T02:44:02.822+0000] {processor.py:830} INFO - Processing file /home/airflow/.local/lib/python3.8/site-packages/airflow/example_dags/example_task_group_decorator.py for tasks to queue
[2024-01-06T02:44:02.825+0000] {logging_mixin.py:188} INFO - [2024-01-06T02:44:02.824+0000] {dagbag.py:538} INFO - Filling up the DagBag from /home/airflow/.local/lib/python3.8/site-packages/airflow/example_dags/example_task_group_decorator.py
[2024-01-06T02:44:02.834+0000] {processor.py:840} INFO - DAG(s) 'example_task_group_decorator' retrieved from /home/airflow/.local/lib/python3.8/site-packages/airflow/example_dags/example_task_group_decorator.py
[2024-01-06T02:44:02.851+0000] {logging_mixin.py:188} INFO - [2024-01-06T02:44:02.851+0000] {dag.py:3033} INFO - Sync 1 DAGs
[2024-01-06T02:44:02.865+0000] {logging_mixin.py:188} INFO - [2024-01-06T02:44:02.864+0000] {dag.py:3820} INFO - Setting next_dagrun for example_task_group_decorator to 2024-01-05T00:00:00+00:00, run_after=2024-01-06T00:00:00+00:00
[2024-01-06T02:44:02.877+0000] {processor.py:183} INFO - Processing /home/airflow/.local/lib/python3.8/site-packages/airflow/example_dags/example_task_group_decorator.py took 0.059 seconds
[2024-01-06T02:44:33.028+0000] {processor.py:161} INFO - Started process (PID=42762) to work on /home/airflow/.local/lib/python3.8/site-packages/airflow/example_dags/example_task_group_decorator.py
[2024-01-06T02:44:33.029+0000] {processor.py:830} INFO - Processing file /home/airflow/.local/lib/python3.8/site-packages/airflow/example_dags/example_task_group_decorator.py for tasks to queue
[2024-01-06T02:44:33.032+0000] {logging_mixin.py:188} INFO - [2024-01-06T02:44:33.032+0000] {dagbag.py:538} INFO - Filling up the DagBag from /home/airflow/.local/lib/python3.8/site-packages/airflow/example_dags/example_task_group_decorator.py
[2024-01-06T02:44:33.042+0000] {processor.py:840} INFO - DAG(s) 'example_task_group_decorator' retrieved from /home/airflow/.local/lib/python3.8/site-packages/airflow/example_dags/example_task_group_decorator.py
[2024-01-06T02:44:33.061+0000] {logging_mixin.py:188} INFO - [2024-01-06T02:44:33.061+0000] {dag.py:3033} INFO - Sync 1 DAGs
[2024-01-06T02:44:33.074+0000] {logging_mixin.py:188} INFO - [2024-01-06T02:44:33.074+0000] {dag.py:3820} INFO - Setting next_dagrun for example_task_group_decorator to 2024-01-05T00:00:00+00:00, run_after=2024-01-06T00:00:00+00:00
[2024-01-06T02:44:33.086+0000] {processor.py:183} INFO - Processing /home/airflow/.local/lib/python3.8/site-packages/airflow/example_dags/example_task_group_decorator.py took 0.061 seconds
[2024-01-06T02:45:03.345+0000] {processor.py:161} INFO - Started process (PID=42820) to work on /home/airflow/.local/lib/python3.8/site-packages/airflow/example_dags/example_task_group_decorator.py
[2024-01-06T02:45:03.347+0000] {processor.py:830} INFO - Processing file /home/airflow/.local/lib/python3.8/site-packages/airflow/example_dags/example_task_group_decorator.py for tasks to queue
[2024-01-06T02:45:03.349+0000] {logging_mixin.py:188} INFO - [2024-01-06T02:45:03.349+0000] {dagbag.py:538} INFO - Filling up the DagBag from /home/airflow/.local/lib/python3.8/site-packages/airflow/example_dags/example_task_group_decorator.py
[2024-01-06T02:45:03.358+0000] {processor.py:840} INFO - DAG(s) 'example_task_group_decorator' retrieved from /home/airflow/.local/lib/python3.8/site-packages/airflow/example_dags/example_task_group_decorator.py
[2024-01-06T02:45:03.376+0000] {logging_mixin.py:188} INFO - [2024-01-06T02:45:03.376+0000] {dag.py:3033} INFO - Sync 1 DAGs
[2024-01-06T02:45:03.389+0000] {logging_mixin.py:188} INFO - [2024-01-06T02:45:03.389+0000] {dag.py:3820} INFO - Setting next_dagrun for example_task_group_decorator to 2024-01-05T00:00:00+00:00, run_after=2024-01-06T00:00:00+00:00
[2024-01-06T02:45:03.402+0000] {processor.py:183} INFO - Processing /home/airflow/.local/lib/python3.8/site-packages/airflow/example_dags/example_task_group_decorator.py took 0.059 seconds
[2024-01-06T02:45:33.497+0000] {processor.py:161} INFO - Started process (PID=42878) to work on /home/airflow/.local/lib/python3.8/site-packages/airflow/example_dags/example_task_group_decorator.py
[2024-01-06T02:45:33.498+0000] {processor.py:830} INFO - Processing file /home/airflow/.local/lib/python3.8/site-packages/airflow/example_dags/example_task_group_decorator.py for tasks to queue
[2024-01-06T02:45:33.501+0000] {logging_mixin.py:188} INFO - [2024-01-06T02:45:33.501+0000] {dagbag.py:538} INFO - Filling up the DagBag from /home/airflow/.local/lib/python3.8/site-packages/airflow/example_dags/example_task_group_decorator.py
[2024-01-06T02:45:33.510+0000] {processor.py:840} INFO - DAG(s) 'example_task_group_decorator' retrieved from /home/airflow/.local/lib/python3.8/site-packages/airflow/example_dags/example_task_group_decorator.py
[2024-01-06T02:45:33.529+0000] {logging_mixin.py:188} INFO - [2024-01-06T02:45:33.529+0000] {dag.py:3033} INFO - Sync 1 DAGs
[2024-01-06T02:45:33.542+0000] {logging_mixin.py:188} INFO - [2024-01-06T02:45:33.542+0000] {dag.py:3820} INFO - Setting next_dagrun for example_task_group_decorator to 2024-01-05T00:00:00+00:00, run_after=2024-01-06T00:00:00+00:00
[2024-01-06T02:45:33.554+0000] {processor.py:183} INFO - Processing /home/airflow/.local/lib/python3.8/site-packages/airflow/example_dags/example_task_group_decorator.py took 0.060 seconds
[2024-01-06T02:46:03.729+0000] {processor.py:161} INFO - Started process (PID=42936) to work on /home/airflow/.local/lib/python3.8/site-packages/airflow/example_dags/example_task_group_decorator.py
[2024-01-06T02:46:03.731+0000] {processor.py:830} INFO - Processing file /home/airflow/.local/lib/python3.8/site-packages/airflow/example_dags/example_task_group_decorator.py for tasks to queue
[2024-01-06T02:46:03.734+0000] {logging_mixin.py:188} INFO - [2024-01-06T02:46:03.733+0000] {dagbag.py:538} INFO - Filling up the DagBag from /home/airflow/.local/lib/python3.8/site-packages/airflow/example_dags/example_task_group_decorator.py
[2024-01-06T02:46:03.749+0000] {processor.py:840} INFO - DAG(s) 'example_task_group_decorator' retrieved from /home/airflow/.local/lib/python3.8/site-packages/airflow/example_dags/example_task_group_decorator.py
[2024-01-06T02:46:03.767+0000] {logging_mixin.py:188} INFO - [2024-01-06T02:46:03.767+0000] {dag.py:3033} INFO - Sync 1 DAGs
[2024-01-06T02:46:03.782+0000] {logging_mixin.py:188} INFO - [2024-01-06T02:46:03.782+0000] {dag.py:3820} INFO - Setting next_dagrun for example_task_group_decorator to 2024-01-05T00:00:00+00:00, run_after=2024-01-06T00:00:00+00:00
[2024-01-06T02:46:03.796+0000] {processor.py:183} INFO - Processing /home/airflow/.local/lib/python3.8/site-packages/airflow/example_dags/example_task_group_decorator.py took 0.069 seconds
[2024-01-06T02:46:34.358+0000] {processor.py:161} INFO - Started process (PID=42994) to work on /home/airflow/.local/lib/python3.8/site-packages/airflow/example_dags/example_task_group_decorator.py
[2024-01-06T02:46:34.360+0000] {processor.py:830} INFO - Processing file /home/airflow/.local/lib/python3.8/site-packages/airflow/example_dags/example_task_group_decorator.py for tasks to queue
[2024-01-06T02:46:34.362+0000] {logging_mixin.py:188} INFO - [2024-01-06T02:46:34.362+0000] {dagbag.py:538} INFO - Filling up the DagBag from /home/airflow/.local/lib/python3.8/site-packages/airflow/example_dags/example_task_group_decorator.py
[2024-01-06T02:46:34.371+0000] {processor.py:840} INFO - DAG(s) 'example_task_group_decorator' retrieved from /home/airflow/.local/lib/python3.8/site-packages/airflow/example_dags/example_task_group_decorator.py
[2024-01-06T02:46:34.389+0000] {logging_mixin.py:188} INFO - [2024-01-06T02:46:34.389+0000] {dag.py:3033} INFO - Sync 1 DAGs
[2024-01-06T02:46:34.403+0000] {logging_mixin.py:188} INFO - [2024-01-06T02:46:34.402+0000] {dag.py:3820} INFO - Setting next_dagrun for example_task_group_decorator to 2024-01-05T00:00:00+00:00, run_after=2024-01-06T00:00:00+00:00
[2024-01-06T02:46:34.416+0000] {processor.py:183} INFO - Processing /home/airflow/.local/lib/python3.8/site-packages/airflow/example_dags/example_task_group_decorator.py took 0.060 seconds
[2024-01-06T02:47:04.591+0000] {processor.py:161} INFO - Started process (PID=43052) to work on /home/airflow/.local/lib/python3.8/site-packages/airflow/example_dags/example_task_group_decorator.py
[2024-01-06T02:47:04.595+0000] {processor.py:830} INFO - Processing file /home/airflow/.local/lib/python3.8/site-packages/airflow/example_dags/example_task_group_decorator.py for tasks to queue
[2024-01-06T02:47:04.599+0000] {logging_mixin.py:188} INFO - [2024-01-06T02:47:04.599+0000] {dagbag.py:538} INFO - Filling up the DagBag from /home/airflow/.local/lib/python3.8/site-packages/airflow/example_dags/example_task_group_decorator.py
[2024-01-06T02:47:04.611+0000] {processor.py:840} INFO - DAG(s) 'example_task_group_decorator' retrieved from /home/airflow/.local/lib/python3.8/site-packages/airflow/example_dags/example_task_group_decorator.py
[2024-01-06T02:47:04.635+0000] {logging_mixin.py:188} INFO - [2024-01-06T02:47:04.634+0000] {dag.py:3033} INFO - Sync 1 DAGs
[2024-01-06T02:47:04.648+0000] {logging_mixin.py:188} INFO - [2024-01-06T02:47:04.648+0000] {dag.py:3820} INFO - Setting next_dagrun for example_task_group_decorator to 2024-01-05T00:00:00+00:00, run_after=2024-01-06T00:00:00+00:00
[2024-01-06T02:47:04.662+0000] {processor.py:183} INFO - Processing /home/airflow/.local/lib/python3.8/site-packages/airflow/example_dags/example_task_group_decorator.py took 0.075 seconds
[2024-01-06T02:47:35.162+0000] {processor.py:161} INFO - Started process (PID=43110) to work on /home/airflow/.local/lib/python3.8/site-packages/airflow/example_dags/example_task_group_decorator.py
[2024-01-06T02:47:35.164+0000] {processor.py:830} INFO - Processing file /home/airflow/.local/lib/python3.8/site-packages/airflow/example_dags/example_task_group_decorator.py for tasks to queue
[2024-01-06T02:47:35.167+0000] {logging_mixin.py:188} INFO - [2024-01-06T02:47:35.167+0000] {dagbag.py:538} INFO - Filling up the DagBag from /home/airflow/.local/lib/python3.8/site-packages/airflow/example_dags/example_task_group_decorator.py
[2024-01-06T02:47:35.182+0000] {processor.py:840} INFO - DAG(s) 'example_task_group_decorator' retrieved from /home/airflow/.local/lib/python3.8/site-packages/airflow/example_dags/example_task_group_decorator.py
[2024-01-06T02:47:35.205+0000] {logging_mixin.py:188} INFO - [2024-01-06T02:47:35.204+0000] {dag.py:3033} INFO - Sync 1 DAGs
[2024-01-06T02:47:35.222+0000] {logging_mixin.py:188} INFO - [2024-01-06T02:47:35.222+0000] {dag.py:3820} INFO - Setting next_dagrun for example_task_group_decorator to 2024-01-05T00:00:00+00:00, run_after=2024-01-06T00:00:00+00:00
[2024-01-06T02:47:35.233+0000] {processor.py:183} INFO - Processing /home/airflow/.local/lib/python3.8/site-packages/airflow/example_dags/example_task_group_decorator.py took 0.075 seconds
[2024-01-06T02:48:05.306+0000] {processor.py:161} INFO - Started process (PID=43168) to work on /home/airflow/.local/lib/python3.8/site-packages/airflow/example_dags/example_task_group_decorator.py
[2024-01-06T02:48:05.307+0000] {processor.py:830} INFO - Processing file /home/airflow/.local/lib/python3.8/site-packages/airflow/example_dags/example_task_group_decorator.py for tasks to queue
[2024-01-06T02:48:05.310+0000] {logging_mixin.py:188} INFO - [2024-01-06T02:48:05.310+0000] {dagbag.py:538} INFO - Filling up the DagBag from /home/airflow/.local/lib/python3.8/site-packages/airflow/example_dags/example_task_group_decorator.py
[2024-01-06T02:48:05.319+0000] {processor.py:840} INFO - DAG(s) 'example_task_group_decorator' retrieved from /home/airflow/.local/lib/python3.8/site-packages/airflow/example_dags/example_task_group_decorator.py
[2024-01-06T02:48:05.335+0000] {logging_mixin.py:188} INFO - [2024-01-06T02:48:05.335+0000] {dag.py:3033} INFO - Sync 1 DAGs
[2024-01-06T02:48:05.348+0000] {logging_mixin.py:188} INFO - [2024-01-06T02:48:05.348+0000] {dag.py:3820} INFO - Setting next_dagrun for example_task_group_decorator to 2024-01-05T00:00:00+00:00, run_after=2024-01-06T00:00:00+00:00
[2024-01-06T02:48:05.361+0000] {processor.py:183} INFO - Processing /home/airflow/.local/lib/python3.8/site-packages/airflow/example_dags/example_task_group_decorator.py took 0.058 seconds
[2024-01-06T02:48:36.074+0000] {processor.py:161} INFO - Started process (PID=43226) to work on /home/airflow/.local/lib/python3.8/site-packages/airflow/example_dags/example_task_group_decorator.py
[2024-01-06T02:48:36.076+0000] {processor.py:830} INFO - Processing file /home/airflow/.local/lib/python3.8/site-packages/airflow/example_dags/example_task_group_decorator.py for tasks to queue
[2024-01-06T02:48:36.081+0000] {logging_mixin.py:188} INFO - [2024-01-06T02:48:36.080+0000] {dagbag.py:538} INFO - Filling up the DagBag from /home/airflow/.local/lib/python3.8/site-packages/airflow/example_dags/example_task_group_decorator.py
[2024-01-06T02:48:36.095+0000] {processor.py:840} INFO - DAG(s) 'example_task_group_decorator' retrieved from /home/airflow/.local/lib/python3.8/site-packages/airflow/example_dags/example_task_group_decorator.py
[2024-01-06T02:48:36.151+0000] {logging_mixin.py:188} INFO - [2024-01-06T02:48:36.151+0000] {dag.py:3033} INFO - Sync 1 DAGs
[2024-01-06T02:48:36.176+0000] {logging_mixin.py:188} INFO - [2024-01-06T02:48:36.176+0000] {dag.py:3820} INFO - Setting next_dagrun for example_task_group_decorator to 2024-01-05T00:00:00+00:00, run_after=2024-01-06T00:00:00+00:00
[2024-01-06T02:48:36.223+0000] {processor.py:183} INFO - Processing /home/airflow/.local/lib/python3.8/site-packages/airflow/example_dags/example_task_group_decorator.py took 0.153 seconds
[2024-01-06T02:49:24.302+0000] {processor.py:161} INFO - Started process (PID=43284) to work on /home/airflow/.local/lib/python3.8/site-packages/airflow/example_dags/example_task_group_decorator.py
[2024-01-06T02:49:24.304+0000] {processor.py:830} INFO - Processing file /home/airflow/.local/lib/python3.8/site-packages/airflow/example_dags/example_task_group_decorator.py for tasks to queue
[2024-01-06T02:49:24.307+0000] {logging_mixin.py:188} INFO - [2024-01-06T02:49:24.306+0000] {dagbag.py:538} INFO - Filling up the DagBag from /home/airflow/.local/lib/python3.8/site-packages/airflow/example_dags/example_task_group_decorator.py
[2024-01-06T02:49:24.321+0000] {processor.py:840} INFO - DAG(s) 'example_task_group_decorator' retrieved from /home/airflow/.local/lib/python3.8/site-packages/airflow/example_dags/example_task_group_decorator.py
[2024-01-06T02:49:24.344+0000] {logging_mixin.py:188} INFO - [2024-01-06T02:49:24.344+0000] {dag.py:3033} INFO - Sync 1 DAGs
[2024-01-06T02:49:24.361+0000] {logging_mixin.py:188} INFO - [2024-01-06T02:49:24.361+0000] {dag.py:3820} INFO - Setting next_dagrun for example_task_group_decorator to 2024-01-05T00:00:00+00:00, run_after=2024-01-06T00:00:00+00:00
[2024-01-06T02:49:24.379+0000] {processor.py:183} INFO - Processing /home/airflow/.local/lib/python3.8/site-packages/airflow/example_dags/example_task_group_decorator.py took 0.079 seconds
[2024-01-06T02:49:56.222+0000] {processor.py:161} INFO - Started process (PID=43350) to work on /home/airflow/.local/lib/python3.8/site-packages/airflow/example_dags/example_task_group_decorator.py
[2024-01-06T02:49:56.224+0000] {processor.py:830} INFO - Processing file /home/airflow/.local/lib/python3.8/site-packages/airflow/example_dags/example_task_group_decorator.py for tasks to queue
[2024-01-06T02:49:56.226+0000] {logging_mixin.py:188} INFO - [2024-01-06T02:49:56.226+0000] {dagbag.py:538} INFO - Filling up the DagBag from /home/airflow/.local/lib/python3.8/site-packages/airflow/example_dags/example_task_group_decorator.py
[2024-01-06T02:49:56.235+0000] {processor.py:840} INFO - DAG(s) 'example_task_group_decorator' retrieved from /home/airflow/.local/lib/python3.8/site-packages/airflow/example_dags/example_task_group_decorator.py
[2024-01-06T02:49:56.254+0000] {logging_mixin.py:188} INFO - [2024-01-06T02:49:56.254+0000] {dag.py:3033} INFO - Sync 1 DAGs
[2024-01-06T02:49:56.267+0000] {logging_mixin.py:188} INFO - [2024-01-06T02:49:56.267+0000] {dag.py:3820} INFO - Setting next_dagrun for example_task_group_decorator to 2024-01-05T00:00:00+00:00, run_after=2024-01-06T00:00:00+00:00
[2024-01-06T02:49:56.282+0000] {processor.py:183} INFO - Processing /home/airflow/.local/lib/python3.8/site-packages/airflow/example_dags/example_task_group_decorator.py took 0.062 seconds
[2024-01-06T02:50:27.014+0000] {processor.py:161} INFO - Started process (PID=43413) to work on /home/airflow/.local/lib/python3.8/site-packages/airflow/example_dags/example_task_group_decorator.py
[2024-01-06T02:50:27.016+0000] {processor.py:830} INFO - Processing file /home/airflow/.local/lib/python3.8/site-packages/airflow/example_dags/example_task_group_decorator.py for tasks to queue
[2024-01-06T02:50:27.019+0000] {logging_mixin.py:188} INFO - [2024-01-06T02:50:27.018+0000] {dagbag.py:538} INFO - Filling up the DagBag from /home/airflow/.local/lib/python3.8/site-packages/airflow/example_dags/example_task_group_decorator.py
[2024-01-06T02:50:27.028+0000] {processor.py:840} INFO - DAG(s) 'example_task_group_decorator' retrieved from /home/airflow/.local/lib/python3.8/site-packages/airflow/example_dags/example_task_group_decorator.py
[2024-01-06T02:50:27.047+0000] {logging_mixin.py:188} INFO - [2024-01-06T02:50:27.047+0000] {dag.py:3033} INFO - Sync 1 DAGs
[2024-01-06T02:50:27.063+0000] {logging_mixin.py:188} INFO - [2024-01-06T02:50:27.063+0000] {dag.py:3820} INFO - Setting next_dagrun for example_task_group_decorator to 2024-01-05T00:00:00+00:00, run_after=2024-01-06T00:00:00+00:00
[2024-01-06T02:50:27.077+0000] {processor.py:183} INFO - Processing /home/airflow/.local/lib/python3.8/site-packages/airflow/example_dags/example_task_group_decorator.py took 0.065 seconds
[2024-01-06T02:50:57.470+0000] {processor.py:161} INFO - Started process (PID=43473) to work on /home/airflow/.local/lib/python3.8/site-packages/airflow/example_dags/example_task_group_decorator.py
[2024-01-06T02:50:57.471+0000] {processor.py:830} INFO - Processing file /home/airflow/.local/lib/python3.8/site-packages/airflow/example_dags/example_task_group_decorator.py for tasks to queue
[2024-01-06T02:50:57.473+0000] {logging_mixin.py:188} INFO - [2024-01-06T02:50:57.473+0000] {dagbag.py:538} INFO - Filling up the DagBag from /home/airflow/.local/lib/python3.8/site-packages/airflow/example_dags/example_task_group_decorator.py
[2024-01-06T02:50:57.482+0000] {processor.py:840} INFO - DAG(s) 'example_task_group_decorator' retrieved from /home/airflow/.local/lib/python3.8/site-packages/airflow/example_dags/example_task_group_decorator.py
[2024-01-06T02:50:57.501+0000] {logging_mixin.py:188} INFO - [2024-01-06T02:50:57.500+0000] {dag.py:3033} INFO - Sync 1 DAGs
[2024-01-06T02:50:57.513+0000] {logging_mixin.py:188} INFO - [2024-01-06T02:50:57.513+0000] {dag.py:3820} INFO - Setting next_dagrun for example_task_group_decorator to 2024-01-05T00:00:00+00:00, run_after=2024-01-06T00:00:00+00:00
[2024-01-06T02:50:57.525+0000] {processor.py:183} INFO - Processing /home/airflow/.local/lib/python3.8/site-packages/airflow/example_dags/example_task_group_decorator.py took 0.058 seconds
