[2024-01-06T01:20:15.232+0000] {processor.py:161} INFO - Started process (PID=39354) to work on /home/airflow/.local/lib/python3.8/site-packages/airflow/example_dags/example_latest_only.py
[2024-01-06T01:20:15.234+0000] {processor.py:830} INFO - Processing file /home/airflow/.local/lib/python3.8/site-packages/airflow/example_dags/example_latest_only.py for tasks to queue
[2024-01-06T01:20:15.236+0000] {logging_mixin.py:188} INFO - [2024-01-06T01:20:15.236+0000] {dagbag.py:538} INFO - Filling up the DagBag from /home/airflow/.local/lib/python3.8/site-packages/airflow/example_dags/example_latest_only.py
[2024-01-06T01:20:15.241+0000] {processor.py:840} INFO - DAG(s) 'latest_only' retrieved from /home/airflow/.local/lib/python3.8/site-packages/airflow/example_dags/example_latest_only.py
[2024-01-06T01:20:15.259+0000] {logging_mixin.py:188} INFO - [2024-01-06T01:20:15.258+0000] {dag.py:3033} INFO - Sync 1 DAGs
[2024-01-06T01:20:15.279+0000] {logging_mixin.py:188} INFO - [2024-01-06T01:20:15.279+0000] {dag.py:3820} INFO - Setting next_dagrun for latest_only to 2024-01-05T20:00:00+00:00, run_after=2024-01-06T00:00:00+00:00
[2024-01-06T01:20:15.293+0000] {processor.py:183} INFO - Processing /home/airflow/.local/lib/python3.8/site-packages/airflow/example_dags/example_latest_only.py took 0.065 seconds
[2024-01-06T01:47:34.501+0000] {processor.py:161} INFO - Started process (PID=39412) to work on /home/airflow/.local/lib/python3.8/site-packages/airflow/example_dags/example_latest_only.py
[2024-01-06T01:47:34.503+0000] {processor.py:830} INFO - Processing file /home/airflow/.local/lib/python3.8/site-packages/airflow/example_dags/example_latest_only.py for tasks to queue
[2024-01-06T01:47:34.505+0000] {logging_mixin.py:188} INFO - [2024-01-06T01:47:34.505+0000] {dagbag.py:538} INFO - Filling up the DagBag from /home/airflow/.local/lib/python3.8/site-packages/airflow/example_dags/example_latest_only.py
[2024-01-06T01:47:34.510+0000] {processor.py:840} INFO - DAG(s) 'latest_only' retrieved from /home/airflow/.local/lib/python3.8/site-packages/airflow/example_dags/example_latest_only.py
[2024-01-06T01:47:34.526+0000] {logging_mixin.py:188} INFO - [2024-01-06T01:47:34.525+0000] {dag.py:3033} INFO - Sync 1 DAGs
[2024-01-06T01:47:34.542+0000] {logging_mixin.py:188} INFO - [2024-01-06T01:47:34.542+0000] {dag.py:3820} INFO - Setting next_dagrun for latest_only to 2024-01-05T20:00:00+00:00, run_after=2024-01-06T00:00:00+00:00
[2024-01-06T01:47:34.554+0000] {processor.py:183} INFO - Processing /home/airflow/.local/lib/python3.8/site-packages/airflow/example_dags/example_latest_only.py took 0.055 seconds
[2024-01-06T01:48:05.099+0000] {processor.py:161} INFO - Started process (PID=39470) to work on /home/airflow/.local/lib/python3.8/site-packages/airflow/example_dags/example_latest_only.py
[2024-01-06T01:48:05.100+0000] {processor.py:830} INFO - Processing file /home/airflow/.local/lib/python3.8/site-packages/airflow/example_dags/example_latest_only.py for tasks to queue
[2024-01-06T01:48:05.103+0000] {logging_mixin.py:188} INFO - [2024-01-06T01:48:05.103+0000] {dagbag.py:538} INFO - Filling up the DagBag from /home/airflow/.local/lib/python3.8/site-packages/airflow/example_dags/example_latest_only.py
[2024-01-06T01:48:05.107+0000] {processor.py:840} INFO - DAG(s) 'latest_only' retrieved from /home/airflow/.local/lib/python3.8/site-packages/airflow/example_dags/example_latest_only.py
[2024-01-06T01:48:05.120+0000] {logging_mixin.py:188} INFO - [2024-01-06T01:48:05.120+0000] {dag.py:3033} INFO - Sync 1 DAGs
[2024-01-06T01:48:05.134+0000] {logging_mixin.py:188} INFO - [2024-01-06T01:48:05.134+0000] {dag.py:3820} INFO - Setting next_dagrun for latest_only to 2024-01-05T20:00:00+00:00, run_after=2024-01-06T00:00:00+00:00
[2024-01-06T01:48:05.147+0000] {processor.py:183} INFO - Processing /home/airflow/.local/lib/python3.8/site-packages/airflow/example_dags/example_latest_only.py took 0.050 seconds
[2024-01-06T02:05:26.538+0000] {processor.py:161} INFO - Started process (PID=39528) to work on /home/airflow/.local/lib/python3.8/site-packages/airflow/example_dags/example_latest_only.py
[2024-01-06T02:05:26.540+0000] {processor.py:830} INFO - Processing file /home/airflow/.local/lib/python3.8/site-packages/airflow/example_dags/example_latest_only.py for tasks to queue
[2024-01-06T02:05:26.542+0000] {logging_mixin.py:188} INFO - [2024-01-06T02:05:26.542+0000] {dagbag.py:538} INFO - Filling up the DagBag from /home/airflow/.local/lib/python3.8/site-packages/airflow/example_dags/example_latest_only.py
[2024-01-06T02:05:26.546+0000] {processor.py:840} INFO - DAG(s) 'latest_only' retrieved from /home/airflow/.local/lib/python3.8/site-packages/airflow/example_dags/example_latest_only.py
[2024-01-06T02:05:26.562+0000] {logging_mixin.py:188} INFO - [2024-01-06T02:05:26.562+0000] {dag.py:3033} INFO - Sync 1 DAGs
[2024-01-06T02:05:26.579+0000] {logging_mixin.py:188} INFO - [2024-01-06T02:05:26.579+0000] {dag.py:3820} INFO - Setting next_dagrun for latest_only to 2024-01-05T20:00:00+00:00, run_after=2024-01-06T00:00:00+00:00
[2024-01-06T02:05:26.592+0000] {processor.py:183} INFO - Processing /home/airflow/.local/lib/python3.8/site-packages/airflow/example_dags/example_latest_only.py took 0.056 seconds
[2024-01-06T02:16:26.149+0000] {processor.py:161} INFO - Started process (PID=39586) to work on /home/airflow/.local/lib/python3.8/site-packages/airflow/example_dags/example_latest_only.py
[2024-01-06T02:16:26.151+0000] {processor.py:830} INFO - Processing file /home/airflow/.local/lib/python3.8/site-packages/airflow/example_dags/example_latest_only.py for tasks to queue
[2024-01-06T02:16:26.153+0000] {logging_mixin.py:188} INFO - [2024-01-06T02:16:26.152+0000] {dagbag.py:538} INFO - Filling up the DagBag from /home/airflow/.local/lib/python3.8/site-packages/airflow/example_dags/example_latest_only.py
[2024-01-06T02:16:26.157+0000] {processor.py:840} INFO - DAG(s) 'latest_only' retrieved from /home/airflow/.local/lib/python3.8/site-packages/airflow/example_dags/example_latest_only.py
[2024-01-06T02:16:26.171+0000] {logging_mixin.py:188} INFO - [2024-01-06T02:16:26.171+0000] {dag.py:3033} INFO - Sync 1 DAGs
[2024-01-06T02:16:26.186+0000] {logging_mixin.py:188} INFO - [2024-01-06T02:16:26.186+0000] {dag.py:3820} INFO - Setting next_dagrun for latest_only to 2024-01-05T20:00:00+00:00, run_after=2024-01-06T00:00:00+00:00
[2024-01-06T02:16:26.198+0000] {processor.py:183} INFO - Processing /home/airflow/.local/lib/python3.8/site-packages/airflow/example_dags/example_latest_only.py took 0.052 seconds
[2024-01-06T02:17:00.114+0000] {processor.py:161} INFO - Started process (PID=39644) to work on /home/airflow/.local/lib/python3.8/site-packages/airflow/example_dags/example_latest_only.py
[2024-01-06T02:17:00.129+0000] {processor.py:830} INFO - Processing file /home/airflow/.local/lib/python3.8/site-packages/airflow/example_dags/example_latest_only.py for tasks to queue
[2024-01-06T02:17:00.145+0000] {logging_mixin.py:188} INFO - [2024-01-06T02:17:00.145+0000] {dagbag.py:538} INFO - Filling up the DagBag from /home/airflow/.local/lib/python3.8/site-packages/airflow/example_dags/example_latest_only.py
[2024-01-06T02:17:00.177+0000] {processor.py:840} INFO - DAG(s) 'latest_only' retrieved from /home/airflow/.local/lib/python3.8/site-packages/airflow/example_dags/example_latest_only.py
[2024-01-06T02:17:00.266+0000] {logging_mixin.py:188} INFO - [2024-01-06T02:17:00.266+0000] {dag.py:3033} INFO - Sync 1 DAGs
[2024-01-06T02:17:00.350+0000] {logging_mixin.py:188} INFO - [2024-01-06T02:17:00.350+0000] {dag.py:3820} INFO - Setting next_dagrun for latest_only to 2024-01-05T20:00:00+00:00, run_after=2024-01-06T00:00:00+00:00
[2024-01-06T02:17:00.461+0000] {processor.py:183} INFO - Processing /home/airflow/.local/lib/python3.8/site-packages/airflow/example_dags/example_latest_only.py took 0.357 seconds
[2024-01-06T02:17:30.709+0000] {processor.py:161} INFO - Started process (PID=39702) to work on /home/airflow/.local/lib/python3.8/site-packages/airflow/example_dags/example_latest_only.py
[2024-01-06T02:17:30.712+0000] {processor.py:830} INFO - Processing file /home/airflow/.local/lib/python3.8/site-packages/airflow/example_dags/example_latest_only.py for tasks to queue
[2024-01-06T02:17:30.715+0000] {logging_mixin.py:188} INFO - [2024-01-06T02:17:30.715+0000] {dagbag.py:538} INFO - Filling up the DagBag from /home/airflow/.local/lib/python3.8/site-packages/airflow/example_dags/example_latest_only.py
[2024-01-06T02:17:30.719+0000] {processor.py:840} INFO - DAG(s) 'latest_only' retrieved from /home/airflow/.local/lib/python3.8/site-packages/airflow/example_dags/example_latest_only.py
[2024-01-06T02:17:30.744+0000] {logging_mixin.py:188} INFO - [2024-01-06T02:17:30.744+0000] {dag.py:3033} INFO - Sync 1 DAGs
[2024-01-06T02:17:30.767+0000] {logging_mixin.py:188} INFO - [2024-01-06T02:17:30.766+0000] {dag.py:3820} INFO - Setting next_dagrun for latest_only to 2024-01-05T20:00:00+00:00, run_after=2024-01-06T00:00:00+00:00
[2024-01-06T02:17:30.796+0000] {processor.py:183} INFO - Processing /home/airflow/.local/lib/python3.8/site-packages/airflow/example_dags/example_latest_only.py took 0.090 seconds
[2024-01-06T02:18:01.176+0000] {processor.py:161} INFO - Started process (PID=39760) to work on /home/airflow/.local/lib/python3.8/site-packages/airflow/example_dags/example_latest_only.py
[2024-01-06T02:18:01.177+0000] {processor.py:830} INFO - Processing file /home/airflow/.local/lib/python3.8/site-packages/airflow/example_dags/example_latest_only.py for tasks to queue
[2024-01-06T02:18:01.180+0000] {logging_mixin.py:188} INFO - [2024-01-06T02:18:01.180+0000] {dagbag.py:538} INFO - Filling up the DagBag from /home/airflow/.local/lib/python3.8/site-packages/airflow/example_dags/example_latest_only.py
[2024-01-06T02:18:01.184+0000] {processor.py:840} INFO - DAG(s) 'latest_only' retrieved from /home/airflow/.local/lib/python3.8/site-packages/airflow/example_dags/example_latest_only.py
[2024-01-06T02:18:01.200+0000] {logging_mixin.py:188} INFO - [2024-01-06T02:18:01.200+0000] {dag.py:3033} INFO - Sync 1 DAGs
[2024-01-06T02:18:01.213+0000] {logging_mixin.py:188} INFO - [2024-01-06T02:18:01.213+0000] {dag.py:3820} INFO - Setting next_dagrun for latest_only to 2024-01-05T20:00:00+00:00, run_after=2024-01-06T00:00:00+00:00
[2024-01-06T02:18:01.225+0000] {processor.py:183} INFO - Processing /home/airflow/.local/lib/python3.8/site-packages/airflow/example_dags/example_latest_only.py took 0.052 seconds
[2024-01-06T02:18:31.645+0000] {processor.py:161} INFO - Started process (PID=39818) to work on /home/airflow/.local/lib/python3.8/site-packages/airflow/example_dags/example_latest_only.py
[2024-01-06T02:18:31.647+0000] {processor.py:830} INFO - Processing file /home/airflow/.local/lib/python3.8/site-packages/airflow/example_dags/example_latest_only.py for tasks to queue
[2024-01-06T02:18:31.650+0000] {logging_mixin.py:188} INFO - [2024-01-06T02:18:31.650+0000] {dagbag.py:538} INFO - Filling up the DagBag from /home/airflow/.local/lib/python3.8/site-packages/airflow/example_dags/example_latest_only.py
[2024-01-06T02:18:31.654+0000] {processor.py:840} INFO - DAG(s) 'latest_only' retrieved from /home/airflow/.local/lib/python3.8/site-packages/airflow/example_dags/example_latest_only.py
[2024-01-06T02:18:31.669+0000] {logging_mixin.py:188} INFO - [2024-01-06T02:18:31.669+0000] {dag.py:3033} INFO - Sync 1 DAGs
[2024-01-06T02:18:31.682+0000] {logging_mixin.py:188} INFO - [2024-01-06T02:18:31.682+0000] {dag.py:3820} INFO - Setting next_dagrun for latest_only to 2024-01-05T20:00:00+00:00, run_after=2024-01-06T00:00:00+00:00
[2024-01-06T02:18:31.694+0000] {processor.py:183} INFO - Processing /home/airflow/.local/lib/python3.8/site-packages/airflow/example_dags/example_latest_only.py took 0.051 seconds
[2024-01-06T02:19:02.844+0000] {processor.py:161} INFO - Started process (PID=39877) to work on /home/airflow/.local/lib/python3.8/site-packages/airflow/example_dags/example_latest_only.py
[2024-01-06T02:19:02.852+0000] {processor.py:830} INFO - Processing file /home/airflow/.local/lib/python3.8/site-packages/airflow/example_dags/example_latest_only.py for tasks to queue
[2024-01-06T02:19:02.863+0000] {logging_mixin.py:188} INFO - [2024-01-06T02:19:02.861+0000] {dagbag.py:538} INFO - Filling up the DagBag from /home/airflow/.local/lib/python3.8/site-packages/airflow/example_dags/example_latest_only.py
[2024-01-06T02:19:02.885+0000] {processor.py:840} INFO - DAG(s) 'latest_only' retrieved from /home/airflow/.local/lib/python3.8/site-packages/airflow/example_dags/example_latest_only.py
[2024-01-06T02:19:02.934+0000] {logging_mixin.py:188} INFO - [2024-01-06T02:19:02.934+0000] {dag.py:3033} INFO - Sync 1 DAGs
[2024-01-06T02:19:02.958+0000] {logging_mixin.py:188} INFO - [2024-01-06T02:19:02.958+0000] {dag.py:3820} INFO - Setting next_dagrun for latest_only to 2024-01-05T20:00:00+00:00, run_after=2024-01-06T00:00:00+00:00
[2024-01-06T02:19:02.987+0000] {processor.py:183} INFO - Processing /home/airflow/.local/lib/python3.8/site-packages/airflow/example_dags/example_latest_only.py took 0.150 seconds
[2024-01-06T02:19:33.329+0000] {processor.py:161} INFO - Started process (PID=39935) to work on /home/airflow/.local/lib/python3.8/site-packages/airflow/example_dags/example_latest_only.py
[2024-01-06T02:19:33.332+0000] {processor.py:830} INFO - Processing file /home/airflow/.local/lib/python3.8/site-packages/airflow/example_dags/example_latest_only.py for tasks to queue
[2024-01-06T02:19:33.335+0000] {logging_mixin.py:188} INFO - [2024-01-06T02:19:33.335+0000] {dagbag.py:538} INFO - Filling up the DagBag from /home/airflow/.local/lib/python3.8/site-packages/airflow/example_dags/example_latest_only.py
[2024-01-06T02:19:33.340+0000] {processor.py:840} INFO - DAG(s) 'latest_only' retrieved from /home/airflow/.local/lib/python3.8/site-packages/airflow/example_dags/example_latest_only.py
[2024-01-06T02:19:33.360+0000] {logging_mixin.py:188} INFO - [2024-01-06T02:19:33.360+0000] {dag.py:3033} INFO - Sync 1 DAGs
[2024-01-06T02:19:33.375+0000] {logging_mixin.py:188} INFO - [2024-01-06T02:19:33.375+0000] {dag.py:3820} INFO - Setting next_dagrun for latest_only to 2024-01-05T20:00:00+00:00, run_after=2024-01-06T00:00:00+00:00
[2024-01-06T02:19:33.388+0000] {processor.py:183} INFO - Processing /home/airflow/.local/lib/python3.8/site-packages/airflow/example_dags/example_latest_only.py took 0.064 seconds
[2024-01-06T02:20:04.102+0000] {processor.py:161} INFO - Started process (PID=39993) to work on /home/airflow/.local/lib/python3.8/site-packages/airflow/example_dags/example_latest_only.py
[2024-01-06T02:20:04.104+0000] {processor.py:830} INFO - Processing file /home/airflow/.local/lib/python3.8/site-packages/airflow/example_dags/example_latest_only.py for tasks to queue
[2024-01-06T02:20:04.109+0000] {logging_mixin.py:188} INFO - [2024-01-06T02:20:04.109+0000] {dagbag.py:538} INFO - Filling up the DagBag from /home/airflow/.local/lib/python3.8/site-packages/airflow/example_dags/example_latest_only.py
[2024-01-06T02:20:04.117+0000] {processor.py:840} INFO - DAG(s) 'latest_only' retrieved from /home/airflow/.local/lib/python3.8/site-packages/airflow/example_dags/example_latest_only.py
[2024-01-06T02:20:04.143+0000] {logging_mixin.py:188} INFO - [2024-01-06T02:20:04.143+0000] {dag.py:3033} INFO - Sync 1 DAGs
[2024-01-06T02:20:04.158+0000] {logging_mixin.py:188} INFO - [2024-01-06T02:20:04.158+0000] {dag.py:3820} INFO - Setting next_dagrun for latest_only to 2024-01-05T20:00:00+00:00, run_after=2024-01-06T00:00:00+00:00
[2024-01-06T02:20:04.174+0000] {processor.py:183} INFO - Processing /home/airflow/.local/lib/python3.8/site-packages/airflow/example_dags/example_latest_only.py took 0.076 seconds
[2024-01-06T02:20:35.079+0000] {processor.py:161} INFO - Started process (PID=40051) to work on /home/airflow/.local/lib/python3.8/site-packages/airflow/example_dags/example_latest_only.py
[2024-01-06T02:20:35.081+0000] {processor.py:830} INFO - Processing file /home/airflow/.local/lib/python3.8/site-packages/airflow/example_dags/example_latest_only.py for tasks to queue
[2024-01-06T02:20:35.083+0000] {logging_mixin.py:188} INFO - [2024-01-06T02:20:35.083+0000] {dagbag.py:538} INFO - Filling up the DagBag from /home/airflow/.local/lib/python3.8/site-packages/airflow/example_dags/example_latest_only.py
[2024-01-06T02:20:35.088+0000] {processor.py:840} INFO - DAG(s) 'latest_only' retrieved from /home/airflow/.local/lib/python3.8/site-packages/airflow/example_dags/example_latest_only.py
[2024-01-06T02:20:35.103+0000] {logging_mixin.py:188} INFO - [2024-01-06T02:20:35.103+0000] {dag.py:3033} INFO - Sync 1 DAGs
[2024-01-06T02:20:35.116+0000] {logging_mixin.py:188} INFO - [2024-01-06T02:20:35.116+0000] {dag.py:3820} INFO - Setting next_dagrun for latest_only to 2024-01-05T20:00:00+00:00, run_after=2024-01-06T00:00:00+00:00
[2024-01-06T02:20:35.128+0000] {processor.py:183} INFO - Processing /home/airflow/.local/lib/python3.8/site-packages/airflow/example_dags/example_latest_only.py took 0.051 seconds
[2024-01-06T02:21:05.612+0000] {processor.py:161} INFO - Started process (PID=40109) to work on /home/airflow/.local/lib/python3.8/site-packages/airflow/example_dags/example_latest_only.py
[2024-01-06T02:21:05.614+0000] {processor.py:830} INFO - Processing file /home/airflow/.local/lib/python3.8/site-packages/airflow/example_dags/example_latest_only.py for tasks to queue
[2024-01-06T02:21:05.619+0000] {logging_mixin.py:188} INFO - [2024-01-06T02:21:05.619+0000] {dagbag.py:538} INFO - Filling up the DagBag from /home/airflow/.local/lib/python3.8/site-packages/airflow/example_dags/example_latest_only.py
[2024-01-06T02:21:05.625+0000] {processor.py:840} INFO - DAG(s) 'latest_only' retrieved from /home/airflow/.local/lib/python3.8/site-packages/airflow/example_dags/example_latest_only.py
[2024-01-06T02:21:05.651+0000] {logging_mixin.py:188} INFO - [2024-01-06T02:21:05.650+0000] {dag.py:3033} INFO - Sync 1 DAGs
[2024-01-06T02:21:05.678+0000] {logging_mixin.py:188} INFO - [2024-01-06T02:21:05.678+0000] {dag.py:3820} INFO - Setting next_dagrun for latest_only to 2024-01-05T20:00:00+00:00, run_after=2024-01-06T00:00:00+00:00
[2024-01-06T02:21:05.696+0000] {processor.py:183} INFO - Processing /home/airflow/.local/lib/python3.8/site-packages/airflow/example_dags/example_latest_only.py took 0.087 seconds
[2024-01-06T02:21:35.777+0000] {processor.py:161} INFO - Started process (PID=40167) to work on /home/airflow/.local/lib/python3.8/site-packages/airflow/example_dags/example_latest_only.py
[2024-01-06T02:21:35.779+0000] {processor.py:830} INFO - Processing file /home/airflow/.local/lib/python3.8/site-packages/airflow/example_dags/example_latest_only.py for tasks to queue
[2024-01-06T02:21:35.781+0000] {logging_mixin.py:188} INFO - [2024-01-06T02:21:35.781+0000] {dagbag.py:538} INFO - Filling up the DagBag from /home/airflow/.local/lib/python3.8/site-packages/airflow/example_dags/example_latest_only.py
[2024-01-06T02:21:35.786+0000] {processor.py:840} INFO - DAG(s) 'latest_only' retrieved from /home/airflow/.local/lib/python3.8/site-packages/airflow/example_dags/example_latest_only.py
[2024-01-06T02:21:35.803+0000] {logging_mixin.py:188} INFO - [2024-01-06T02:21:35.802+0000] {dag.py:3033} INFO - Sync 1 DAGs
[2024-01-06T02:21:35.817+0000] {logging_mixin.py:188} INFO - [2024-01-06T02:21:35.817+0000] {dag.py:3820} INFO - Setting next_dagrun for latest_only to 2024-01-05T20:00:00+00:00, run_after=2024-01-06T00:00:00+00:00
[2024-01-06T02:21:35.830+0000] {processor.py:183} INFO - Processing /home/airflow/.local/lib/python3.8/site-packages/airflow/example_dags/example_latest_only.py took 0.057 seconds
[2024-01-06T02:22:05.953+0000] {processor.py:161} INFO - Started process (PID=40225) to work on /home/airflow/.local/lib/python3.8/site-packages/airflow/example_dags/example_latest_only.py
[2024-01-06T02:22:05.955+0000] {processor.py:830} INFO - Processing file /home/airflow/.local/lib/python3.8/site-packages/airflow/example_dags/example_latest_only.py for tasks to queue
[2024-01-06T02:22:05.958+0000] {logging_mixin.py:188} INFO - [2024-01-06T02:22:05.957+0000] {dagbag.py:538} INFO - Filling up the DagBag from /home/airflow/.local/lib/python3.8/site-packages/airflow/example_dags/example_latest_only.py
[2024-01-06T02:22:05.961+0000] {processor.py:840} INFO - DAG(s) 'latest_only' retrieved from /home/airflow/.local/lib/python3.8/site-packages/airflow/example_dags/example_latest_only.py
[2024-01-06T02:22:05.977+0000] {logging_mixin.py:188} INFO - [2024-01-06T02:22:05.977+0000] {dag.py:3033} INFO - Sync 1 DAGs
[2024-01-06T02:22:05.990+0000] {logging_mixin.py:188} INFO - [2024-01-06T02:22:05.990+0000] {dag.py:3820} INFO - Setting next_dagrun for latest_only to 2024-01-05T20:00:00+00:00, run_after=2024-01-06T00:00:00+00:00
[2024-01-06T02:22:06.001+0000] {processor.py:183} INFO - Processing /home/airflow/.local/lib/python3.8/site-packages/airflow/example_dags/example_latest_only.py took 0.051 seconds
[2024-01-06T02:22:36.903+0000] {processor.py:161} INFO - Started process (PID=40283) to work on /home/airflow/.local/lib/python3.8/site-packages/airflow/example_dags/example_latest_only.py
[2024-01-06T02:22:36.905+0000] {processor.py:830} INFO - Processing file /home/airflow/.local/lib/python3.8/site-packages/airflow/example_dags/example_latest_only.py for tasks to queue
[2024-01-06T02:22:36.908+0000] {logging_mixin.py:188} INFO - [2024-01-06T02:22:36.907+0000] {dagbag.py:538} INFO - Filling up the DagBag from /home/airflow/.local/lib/python3.8/site-packages/airflow/example_dags/example_latest_only.py
[2024-01-06T02:22:36.911+0000] {processor.py:840} INFO - DAG(s) 'latest_only' retrieved from /home/airflow/.local/lib/python3.8/site-packages/airflow/example_dags/example_latest_only.py
[2024-01-06T02:22:36.928+0000] {logging_mixin.py:188} INFO - [2024-01-06T02:22:36.928+0000] {dag.py:3033} INFO - Sync 1 DAGs
[2024-01-06T02:22:36.944+0000] {logging_mixin.py:188} INFO - [2024-01-06T02:22:36.944+0000] {dag.py:3820} INFO - Setting next_dagrun for latest_only to 2024-01-05T20:00:00+00:00, run_after=2024-01-06T00:00:00+00:00
[2024-01-06T02:22:36.958+0000] {processor.py:183} INFO - Processing /home/airflow/.local/lib/python3.8/site-packages/airflow/example_dags/example_latest_only.py took 0.058 seconds
[2024-01-06T02:23:07.606+0000] {processor.py:161} INFO - Started process (PID=40341) to work on /home/airflow/.local/lib/python3.8/site-packages/airflow/example_dags/example_latest_only.py
[2024-01-06T02:23:07.611+0000] {processor.py:830} INFO - Processing file /home/airflow/.local/lib/python3.8/site-packages/airflow/example_dags/example_latest_only.py for tasks to queue
[2024-01-06T02:23:07.614+0000] {logging_mixin.py:188} INFO - [2024-01-06T02:23:07.614+0000] {dagbag.py:538} INFO - Filling up the DagBag from /home/airflow/.local/lib/python3.8/site-packages/airflow/example_dags/example_latest_only.py
[2024-01-06T02:23:07.617+0000] {processor.py:840} INFO - DAG(s) 'latest_only' retrieved from /home/airflow/.local/lib/python3.8/site-packages/airflow/example_dags/example_latest_only.py
[2024-01-06T02:23:07.636+0000] {logging_mixin.py:188} INFO - [2024-01-06T02:23:07.636+0000] {dag.py:3033} INFO - Sync 1 DAGs
[2024-01-06T02:23:07.652+0000] {logging_mixin.py:188} INFO - [2024-01-06T02:23:07.652+0000] {dag.py:3820} INFO - Setting next_dagrun for latest_only to 2024-01-05T20:00:00+00:00, run_after=2024-01-06T00:00:00+00:00
[2024-01-06T02:23:07.666+0000] {processor.py:183} INFO - Processing /home/airflow/.local/lib/python3.8/site-packages/airflow/example_dags/example_latest_only.py took 0.062 seconds
[2024-01-06T02:23:38.411+0000] {processor.py:161} INFO - Started process (PID=40399) to work on /home/airflow/.local/lib/python3.8/site-packages/airflow/example_dags/example_latest_only.py
[2024-01-06T02:23:38.413+0000] {processor.py:830} INFO - Processing file /home/airflow/.local/lib/python3.8/site-packages/airflow/example_dags/example_latest_only.py for tasks to queue
[2024-01-06T02:23:38.415+0000] {logging_mixin.py:188} INFO - [2024-01-06T02:23:38.415+0000] {dagbag.py:538} INFO - Filling up the DagBag from /home/airflow/.local/lib/python3.8/site-packages/airflow/example_dags/example_latest_only.py
[2024-01-06T02:23:38.420+0000] {processor.py:840} INFO - DAG(s) 'latest_only' retrieved from /home/airflow/.local/lib/python3.8/site-packages/airflow/example_dags/example_latest_only.py
[2024-01-06T02:23:38.435+0000] {logging_mixin.py:188} INFO - [2024-01-06T02:23:38.435+0000] {dag.py:3033} INFO - Sync 1 DAGs
[2024-01-06T02:23:38.456+0000] {logging_mixin.py:188} INFO - [2024-01-06T02:23:38.456+0000] {dag.py:3820} INFO - Setting next_dagrun for latest_only to 2024-01-05T20:00:00+00:00, run_after=2024-01-06T00:00:00+00:00
[2024-01-06T02:23:38.469+0000] {processor.py:183} INFO - Processing /home/airflow/.local/lib/python3.8/site-packages/airflow/example_dags/example_latest_only.py took 0.060 seconds
[2024-01-06T02:24:08.610+0000] {processor.py:161} INFO - Started process (PID=40457) to work on /home/airflow/.local/lib/python3.8/site-packages/airflow/example_dags/example_latest_only.py
[2024-01-06T02:24:08.611+0000] {processor.py:830} INFO - Processing file /home/airflow/.local/lib/python3.8/site-packages/airflow/example_dags/example_latest_only.py for tasks to queue
[2024-01-06T02:24:08.614+0000] {logging_mixin.py:188} INFO - [2024-01-06T02:24:08.614+0000] {dagbag.py:538} INFO - Filling up the DagBag from /home/airflow/.local/lib/python3.8/site-packages/airflow/example_dags/example_latest_only.py
[2024-01-06T02:24:08.618+0000] {processor.py:840} INFO - DAG(s) 'latest_only' retrieved from /home/airflow/.local/lib/python3.8/site-packages/airflow/example_dags/example_latest_only.py
[2024-01-06T02:24:08.636+0000] {logging_mixin.py:188} INFO - [2024-01-06T02:24:08.636+0000] {dag.py:3033} INFO - Sync 1 DAGs
[2024-01-06T02:24:08.652+0000] {logging_mixin.py:188} INFO - [2024-01-06T02:24:08.652+0000] {dag.py:3820} INFO - Setting next_dagrun for latest_only to 2024-01-05T20:00:00+00:00, run_after=2024-01-06T00:00:00+00:00
[2024-01-06T02:24:08.665+0000] {processor.py:183} INFO - Processing /home/airflow/.local/lib/python3.8/site-packages/airflow/example_dags/example_latest_only.py took 0.057 seconds
[2024-01-06T02:24:39.141+0000] {processor.py:161} INFO - Started process (PID=40515) to work on /home/airflow/.local/lib/python3.8/site-packages/airflow/example_dags/example_latest_only.py
[2024-01-06T02:24:39.143+0000] {processor.py:830} INFO - Processing file /home/airflow/.local/lib/python3.8/site-packages/airflow/example_dags/example_latest_only.py for tasks to queue
[2024-01-06T02:24:39.147+0000] {logging_mixin.py:188} INFO - [2024-01-06T02:24:39.146+0000] {dagbag.py:538} INFO - Filling up the DagBag from /home/airflow/.local/lib/python3.8/site-packages/airflow/example_dags/example_latest_only.py
[2024-01-06T02:24:39.151+0000] {processor.py:840} INFO - DAG(s) 'latest_only' retrieved from /home/airflow/.local/lib/python3.8/site-packages/airflow/example_dags/example_latest_only.py
[2024-01-06T02:24:39.164+0000] {logging_mixin.py:188} INFO - [2024-01-06T02:24:39.164+0000] {dag.py:3033} INFO - Sync 1 DAGs
[2024-01-06T02:24:39.178+0000] {logging_mixin.py:188} INFO - [2024-01-06T02:24:39.178+0000] {dag.py:3820} INFO - Setting next_dagrun for latest_only to 2024-01-05T20:00:00+00:00, run_after=2024-01-06T00:00:00+00:00
[2024-01-06T02:24:39.189+0000] {processor.py:183} INFO - Processing /home/airflow/.local/lib/python3.8/site-packages/airflow/example_dags/example_latest_only.py took 0.050 seconds
[2024-01-06T02:25:09.763+0000] {processor.py:161} INFO - Started process (PID=40573) to work on /home/airflow/.local/lib/python3.8/site-packages/airflow/example_dags/example_latest_only.py
[2024-01-06T02:25:09.766+0000] {processor.py:830} INFO - Processing file /home/airflow/.local/lib/python3.8/site-packages/airflow/example_dags/example_latest_only.py for tasks to queue
[2024-01-06T02:25:09.768+0000] {logging_mixin.py:188} INFO - [2024-01-06T02:25:09.768+0000] {dagbag.py:538} INFO - Filling up the DagBag from /home/airflow/.local/lib/python3.8/site-packages/airflow/example_dags/example_latest_only.py
[2024-01-06T02:25:09.773+0000] {processor.py:840} INFO - DAG(s) 'latest_only' retrieved from /home/airflow/.local/lib/python3.8/site-packages/airflow/example_dags/example_latest_only.py
[2024-01-06T02:25:09.799+0000] {logging_mixin.py:188} INFO - [2024-01-06T02:25:09.799+0000] {dag.py:3033} INFO - Sync 1 DAGs
[2024-01-06T02:25:09.819+0000] {logging_mixin.py:188} INFO - [2024-01-06T02:25:09.818+0000] {dag.py:3820} INFO - Setting next_dagrun for latest_only to 2024-01-05T20:00:00+00:00, run_after=2024-01-06T00:00:00+00:00
[2024-01-06T02:25:09.839+0000] {processor.py:183} INFO - Processing /home/airflow/.local/lib/python3.8/site-packages/airflow/example_dags/example_latest_only.py took 0.078 seconds
[2024-01-06T02:25:40.019+0000] {processor.py:161} INFO - Started process (PID=40631) to work on /home/airflow/.local/lib/python3.8/site-packages/airflow/example_dags/example_latest_only.py
[2024-01-06T02:25:40.021+0000] {processor.py:830} INFO - Processing file /home/airflow/.local/lib/python3.8/site-packages/airflow/example_dags/example_latest_only.py for tasks to queue
[2024-01-06T02:25:40.024+0000] {logging_mixin.py:188} INFO - [2024-01-06T02:25:40.024+0000] {dagbag.py:538} INFO - Filling up the DagBag from /home/airflow/.local/lib/python3.8/site-packages/airflow/example_dags/example_latest_only.py
[2024-01-06T02:25:40.029+0000] {processor.py:840} INFO - DAG(s) 'latest_only' retrieved from /home/airflow/.local/lib/python3.8/site-packages/airflow/example_dags/example_latest_only.py
[2024-01-06T02:25:40.046+0000] {logging_mixin.py:188} INFO - [2024-01-06T02:25:40.046+0000] {dag.py:3033} INFO - Sync 1 DAGs
[2024-01-06T02:25:40.060+0000] {logging_mixin.py:188} INFO - [2024-01-06T02:25:40.060+0000] {dag.py:3820} INFO - Setting next_dagrun for latest_only to 2024-01-05T20:00:00+00:00, run_after=2024-01-06T00:00:00+00:00
[2024-01-06T02:25:40.073+0000] {processor.py:183} INFO - Processing /home/airflow/.local/lib/python3.8/site-packages/airflow/example_dags/example_latest_only.py took 0.057 seconds
[2024-01-06T02:26:10.759+0000] {processor.py:161} INFO - Started process (PID=40689) to work on /home/airflow/.local/lib/python3.8/site-packages/airflow/example_dags/example_latest_only.py
[2024-01-06T02:26:10.761+0000] {processor.py:830} INFO - Processing file /home/airflow/.local/lib/python3.8/site-packages/airflow/example_dags/example_latest_only.py for tasks to queue
[2024-01-06T02:26:10.763+0000] {logging_mixin.py:188} INFO - [2024-01-06T02:26:10.763+0000] {dagbag.py:538} INFO - Filling up the DagBag from /home/airflow/.local/lib/python3.8/site-packages/airflow/example_dags/example_latest_only.py
[2024-01-06T02:26:10.767+0000] {processor.py:840} INFO - DAG(s) 'latest_only' retrieved from /home/airflow/.local/lib/python3.8/site-packages/airflow/example_dags/example_latest_only.py
[2024-01-06T02:26:10.783+0000] {logging_mixin.py:188} INFO - [2024-01-06T02:26:10.783+0000] {dag.py:3033} INFO - Sync 1 DAGs
[2024-01-06T02:26:10.796+0000] {logging_mixin.py:188} INFO - [2024-01-06T02:26:10.796+0000] {dag.py:3820} INFO - Setting next_dagrun for latest_only to 2024-01-05T20:00:00+00:00, run_after=2024-01-06T00:00:00+00:00
[2024-01-06T02:26:10.810+0000] {processor.py:183} INFO - Processing /home/airflow/.local/lib/python3.8/site-packages/airflow/example_dags/example_latest_only.py took 0.053 seconds
[2024-01-06T02:26:41.361+0000] {processor.py:161} INFO - Started process (PID=40747) to work on /home/airflow/.local/lib/python3.8/site-packages/airflow/example_dags/example_latest_only.py
[2024-01-06T02:26:41.363+0000] {processor.py:830} INFO - Processing file /home/airflow/.local/lib/python3.8/site-packages/airflow/example_dags/example_latest_only.py for tasks to queue
[2024-01-06T02:26:41.366+0000] {logging_mixin.py:188} INFO - [2024-01-06T02:26:41.365+0000] {dagbag.py:538} INFO - Filling up the DagBag from /home/airflow/.local/lib/python3.8/site-packages/airflow/example_dags/example_latest_only.py
[2024-01-06T02:26:41.370+0000] {processor.py:840} INFO - DAG(s) 'latest_only' retrieved from /home/airflow/.local/lib/python3.8/site-packages/airflow/example_dags/example_latest_only.py
[2024-01-06T02:26:41.387+0000] {logging_mixin.py:188} INFO - [2024-01-06T02:26:41.387+0000] {dag.py:3033} INFO - Sync 1 DAGs
[2024-01-06T02:26:41.403+0000] {logging_mixin.py:188} INFO - [2024-01-06T02:26:41.403+0000] {dag.py:3820} INFO - Setting next_dagrun for latest_only to 2024-01-05T20:00:00+00:00, run_after=2024-01-06T00:00:00+00:00
[2024-01-06T02:26:41.416+0000] {processor.py:183} INFO - Processing /home/airflow/.local/lib/python3.8/site-packages/airflow/example_dags/example_latest_only.py took 0.057 seconds
[2024-01-06T02:27:12.205+0000] {processor.py:161} INFO - Started process (PID=40805) to work on /home/airflow/.local/lib/python3.8/site-packages/airflow/example_dags/example_latest_only.py
[2024-01-06T02:27:12.206+0000] {processor.py:830} INFO - Processing file /home/airflow/.local/lib/python3.8/site-packages/airflow/example_dags/example_latest_only.py for tasks to queue
[2024-01-06T02:27:12.209+0000] {logging_mixin.py:188} INFO - [2024-01-06T02:27:12.209+0000] {dagbag.py:538} INFO - Filling up the DagBag from /home/airflow/.local/lib/python3.8/site-packages/airflow/example_dags/example_latest_only.py
[2024-01-06T02:27:12.213+0000] {processor.py:840} INFO - DAG(s) 'latest_only' retrieved from /home/airflow/.local/lib/python3.8/site-packages/airflow/example_dags/example_latest_only.py
[2024-01-06T02:27:12.231+0000] {logging_mixin.py:188} INFO - [2024-01-06T02:27:12.231+0000] {dag.py:3033} INFO - Sync 1 DAGs
[2024-01-06T02:27:12.247+0000] {logging_mixin.py:188} INFO - [2024-01-06T02:27:12.247+0000] {dag.py:3820} INFO - Setting next_dagrun for latest_only to 2024-01-05T20:00:00+00:00, run_after=2024-01-06T00:00:00+00:00
[2024-01-06T02:27:12.260+0000] {processor.py:183} INFO - Processing /home/airflow/.local/lib/python3.8/site-packages/airflow/example_dags/example_latest_only.py took 0.058 seconds
[2024-01-06T02:27:43.014+0000] {processor.py:161} INFO - Started process (PID=40863) to work on /home/airflow/.local/lib/python3.8/site-packages/airflow/example_dags/example_latest_only.py
[2024-01-06T02:27:43.016+0000] {processor.py:830} INFO - Processing file /home/airflow/.local/lib/python3.8/site-packages/airflow/example_dags/example_latest_only.py for tasks to queue
[2024-01-06T02:27:43.019+0000] {logging_mixin.py:188} INFO - [2024-01-06T02:27:43.019+0000] {dagbag.py:538} INFO - Filling up the DagBag from /home/airflow/.local/lib/python3.8/site-packages/airflow/example_dags/example_latest_only.py
[2024-01-06T02:27:43.023+0000] {processor.py:840} INFO - DAG(s) 'latest_only' retrieved from /home/airflow/.local/lib/python3.8/site-packages/airflow/example_dags/example_latest_only.py
[2024-01-06T02:27:43.044+0000] {logging_mixin.py:188} INFO - [2024-01-06T02:27:43.044+0000] {dag.py:3033} INFO - Sync 1 DAGs
[2024-01-06T02:27:43.066+0000] {logging_mixin.py:188} INFO - [2024-01-06T02:27:43.065+0000] {dag.py:3820} INFO - Setting next_dagrun for latest_only to 2024-01-05T20:00:00+00:00, run_after=2024-01-06T00:00:00+00:00
[2024-01-06T02:27:43.079+0000] {processor.py:183} INFO - Processing /home/airflow/.local/lib/python3.8/site-packages/airflow/example_dags/example_latest_only.py took 0.067 seconds
[2024-01-06T02:28:13.644+0000] {processor.py:161} INFO - Started process (PID=40921) to work on /home/airflow/.local/lib/python3.8/site-packages/airflow/example_dags/example_latest_only.py
[2024-01-06T02:28:13.646+0000] {processor.py:830} INFO - Processing file /home/airflow/.local/lib/python3.8/site-packages/airflow/example_dags/example_latest_only.py for tasks to queue
[2024-01-06T02:28:13.649+0000] {logging_mixin.py:188} INFO - [2024-01-06T02:28:13.649+0000] {dagbag.py:538} INFO - Filling up the DagBag from /home/airflow/.local/lib/python3.8/site-packages/airflow/example_dags/example_latest_only.py
[2024-01-06T02:28:13.653+0000] {processor.py:840} INFO - DAG(s) 'latest_only' retrieved from /home/airflow/.local/lib/python3.8/site-packages/airflow/example_dags/example_latest_only.py
[2024-01-06T02:28:13.668+0000] {logging_mixin.py:188} INFO - [2024-01-06T02:28:13.668+0000] {dag.py:3033} INFO - Sync 1 DAGs
[2024-01-06T02:28:13.682+0000] {logging_mixin.py:188} INFO - [2024-01-06T02:28:13.682+0000] {dag.py:3820} INFO - Setting next_dagrun for latest_only to 2024-01-05T20:00:00+00:00, run_after=2024-01-06T00:00:00+00:00
[2024-01-06T02:28:13.694+0000] {processor.py:183} INFO - Processing /home/airflow/.local/lib/python3.8/site-packages/airflow/example_dags/example_latest_only.py took 0.053 seconds
[2024-01-06T02:28:44.188+0000] {processor.py:161} INFO - Started process (PID=40979) to work on /home/airflow/.local/lib/python3.8/site-packages/airflow/example_dags/example_latest_only.py
[2024-01-06T02:28:44.190+0000] {processor.py:830} INFO - Processing file /home/airflow/.local/lib/python3.8/site-packages/airflow/example_dags/example_latest_only.py for tasks to queue
[2024-01-06T02:28:44.193+0000] {logging_mixin.py:188} INFO - [2024-01-06T02:28:44.192+0000] {dagbag.py:538} INFO - Filling up the DagBag from /home/airflow/.local/lib/python3.8/site-packages/airflow/example_dags/example_latest_only.py
[2024-01-06T02:28:44.196+0000] {processor.py:840} INFO - DAG(s) 'latest_only' retrieved from /home/airflow/.local/lib/python3.8/site-packages/airflow/example_dags/example_latest_only.py
[2024-01-06T02:28:44.212+0000] {logging_mixin.py:188} INFO - [2024-01-06T02:28:44.211+0000] {dag.py:3033} INFO - Sync 1 DAGs
[2024-01-06T02:28:44.225+0000] {logging_mixin.py:188} INFO - [2024-01-06T02:28:44.225+0000] {dag.py:3820} INFO - Setting next_dagrun for latest_only to 2024-01-05T20:00:00+00:00, run_after=2024-01-06T00:00:00+00:00
[2024-01-06T02:28:44.237+0000] {processor.py:183} INFO - Processing /home/airflow/.local/lib/python3.8/site-packages/airflow/example_dags/example_latest_only.py took 0.051 seconds
[2024-01-06T02:29:14.874+0000] {processor.py:161} INFO - Started process (PID=41037) to work on /home/airflow/.local/lib/python3.8/site-packages/airflow/example_dags/example_latest_only.py
[2024-01-06T02:29:14.875+0000] {processor.py:830} INFO - Processing file /home/airflow/.local/lib/python3.8/site-packages/airflow/example_dags/example_latest_only.py for tasks to queue
[2024-01-06T02:29:14.878+0000] {logging_mixin.py:188} INFO - [2024-01-06T02:29:14.877+0000] {dagbag.py:538} INFO - Filling up the DagBag from /home/airflow/.local/lib/python3.8/site-packages/airflow/example_dags/example_latest_only.py
[2024-01-06T02:29:14.882+0000] {processor.py:840} INFO - DAG(s) 'latest_only' retrieved from /home/airflow/.local/lib/python3.8/site-packages/airflow/example_dags/example_latest_only.py
[2024-01-06T02:29:14.898+0000] {logging_mixin.py:188} INFO - [2024-01-06T02:29:14.898+0000] {dag.py:3033} INFO - Sync 1 DAGs
[2024-01-06T02:29:14.914+0000] {logging_mixin.py:188} INFO - [2024-01-06T02:29:14.914+0000] {dag.py:3820} INFO - Setting next_dagrun for latest_only to 2024-01-05T20:00:00+00:00, run_after=2024-01-06T00:00:00+00:00
[2024-01-06T02:29:14.926+0000] {processor.py:183} INFO - Processing /home/airflow/.local/lib/python3.8/site-packages/airflow/example_dags/example_latest_only.py took 0.055 seconds
[2024-01-06T02:29:45.266+0000] {processor.py:161} INFO - Started process (PID=41095) to work on /home/airflow/.local/lib/python3.8/site-packages/airflow/example_dags/example_latest_only.py
[2024-01-06T02:29:45.268+0000] {processor.py:830} INFO - Processing file /home/airflow/.local/lib/python3.8/site-packages/airflow/example_dags/example_latest_only.py for tasks to queue
[2024-01-06T02:29:45.271+0000] {logging_mixin.py:188} INFO - [2024-01-06T02:29:45.271+0000] {dagbag.py:538} INFO - Filling up the DagBag from /home/airflow/.local/lib/python3.8/site-packages/airflow/example_dags/example_latest_only.py
[2024-01-06T02:29:45.276+0000] {processor.py:840} INFO - DAG(s) 'latest_only' retrieved from /home/airflow/.local/lib/python3.8/site-packages/airflow/example_dags/example_latest_only.py
[2024-01-06T02:29:45.297+0000] {logging_mixin.py:188} INFO - [2024-01-06T02:29:45.296+0000] {dag.py:3033} INFO - Sync 1 DAGs
[2024-01-06T02:29:45.313+0000] {logging_mixin.py:188} INFO - [2024-01-06T02:29:45.313+0000] {dag.py:3820} INFO - Setting next_dagrun for latest_only to 2024-01-05T20:00:00+00:00, run_after=2024-01-06T00:00:00+00:00
[2024-01-06T02:29:45.329+0000] {processor.py:183} INFO - Processing /home/airflow/.local/lib/python3.8/site-packages/airflow/example_dags/example_latest_only.py took 0.066 seconds
[2024-01-06T02:30:16.085+0000] {processor.py:161} INFO - Started process (PID=41154) to work on /home/airflow/.local/lib/python3.8/site-packages/airflow/example_dags/example_latest_only.py
[2024-01-06T02:30:16.087+0000] {processor.py:830} INFO - Processing file /home/airflow/.local/lib/python3.8/site-packages/airflow/example_dags/example_latest_only.py for tasks to queue
[2024-01-06T02:30:16.090+0000] {logging_mixin.py:188} INFO - [2024-01-06T02:30:16.090+0000] {dagbag.py:538} INFO - Filling up the DagBag from /home/airflow/.local/lib/python3.8/site-packages/airflow/example_dags/example_latest_only.py
[2024-01-06T02:30:16.094+0000] {processor.py:840} INFO - DAG(s) 'latest_only' retrieved from /home/airflow/.local/lib/python3.8/site-packages/airflow/example_dags/example_latest_only.py
[2024-01-06T02:30:16.118+0000] {logging_mixin.py:188} INFO - [2024-01-06T02:30:16.118+0000] {dag.py:3033} INFO - Sync 1 DAGs
[2024-01-06T02:30:16.135+0000] {logging_mixin.py:188} INFO - [2024-01-06T02:30:16.135+0000] {dag.py:3820} INFO - Setting next_dagrun for latest_only to 2024-01-05T20:00:00+00:00, run_after=2024-01-06T00:00:00+00:00
[2024-01-06T02:30:16.151+0000] {processor.py:183} INFO - Processing /home/airflow/.local/lib/python3.8/site-packages/airflow/example_dags/example_latest_only.py took 0.069 seconds
[2024-01-06T02:30:46.683+0000] {processor.py:161} INFO - Started process (PID=41212) to work on /home/airflow/.local/lib/python3.8/site-packages/airflow/example_dags/example_latest_only.py
[2024-01-06T02:30:46.684+0000] {processor.py:830} INFO - Processing file /home/airflow/.local/lib/python3.8/site-packages/airflow/example_dags/example_latest_only.py for tasks to queue
[2024-01-06T02:30:46.686+0000] {logging_mixin.py:188} INFO - [2024-01-06T02:30:46.686+0000] {dagbag.py:538} INFO - Filling up the DagBag from /home/airflow/.local/lib/python3.8/site-packages/airflow/example_dags/example_latest_only.py
[2024-01-06T02:30:46.690+0000] {processor.py:840} INFO - DAG(s) 'latest_only' retrieved from /home/airflow/.local/lib/python3.8/site-packages/airflow/example_dags/example_latest_only.py
[2024-01-06T02:30:46.706+0000] {logging_mixin.py:188} INFO - [2024-01-06T02:30:46.706+0000] {dag.py:3033} INFO - Sync 1 DAGs
[2024-01-06T02:30:46.719+0000] {logging_mixin.py:188} INFO - [2024-01-06T02:30:46.719+0000] {dag.py:3820} INFO - Setting next_dagrun for latest_only to 2024-01-05T20:00:00+00:00, run_after=2024-01-06T00:00:00+00:00
[2024-01-06T02:30:46.739+0000] {processor.py:183} INFO - Processing /home/airflow/.local/lib/python3.8/site-packages/airflow/example_dags/example_latest_only.py took 0.059 seconds
[2024-01-06T02:31:17.293+0000] {processor.py:161} INFO - Started process (PID=41270) to work on /home/airflow/.local/lib/python3.8/site-packages/airflow/example_dags/example_latest_only.py
[2024-01-06T02:31:17.295+0000] {processor.py:830} INFO - Processing file /home/airflow/.local/lib/python3.8/site-packages/airflow/example_dags/example_latest_only.py for tasks to queue
[2024-01-06T02:31:17.298+0000] {logging_mixin.py:188} INFO - [2024-01-06T02:31:17.298+0000] {dagbag.py:538} INFO - Filling up the DagBag from /home/airflow/.local/lib/python3.8/site-packages/airflow/example_dags/example_latest_only.py
[2024-01-06T02:31:17.301+0000] {processor.py:840} INFO - DAG(s) 'latest_only' retrieved from /home/airflow/.local/lib/python3.8/site-packages/airflow/example_dags/example_latest_only.py
[2024-01-06T02:31:17.317+0000] {logging_mixin.py:188} INFO - [2024-01-06T02:31:17.317+0000] {dag.py:3033} INFO - Sync 1 DAGs
[2024-01-06T02:31:17.332+0000] {logging_mixin.py:188} INFO - [2024-01-06T02:31:17.331+0000] {dag.py:3820} INFO - Setting next_dagrun for latest_only to 2024-01-05T20:00:00+00:00, run_after=2024-01-06T00:00:00+00:00
[2024-01-06T02:31:17.344+0000] {processor.py:183} INFO - Processing /home/airflow/.local/lib/python3.8/site-packages/airflow/example_dags/example_latest_only.py took 0.054 seconds
[2024-01-06T02:31:47.807+0000] {processor.py:161} INFO - Started process (PID=41328) to work on /home/airflow/.local/lib/python3.8/site-packages/airflow/example_dags/example_latest_only.py
[2024-01-06T02:31:47.808+0000] {processor.py:830} INFO - Processing file /home/airflow/.local/lib/python3.8/site-packages/airflow/example_dags/example_latest_only.py for tasks to queue
[2024-01-06T02:31:47.811+0000] {logging_mixin.py:188} INFO - [2024-01-06T02:31:47.811+0000] {dagbag.py:538} INFO - Filling up the DagBag from /home/airflow/.local/lib/python3.8/site-packages/airflow/example_dags/example_latest_only.py
[2024-01-06T02:31:47.815+0000] {processor.py:840} INFO - DAG(s) 'latest_only' retrieved from /home/airflow/.local/lib/python3.8/site-packages/airflow/example_dags/example_latest_only.py
[2024-01-06T02:31:47.830+0000] {logging_mixin.py:188} INFO - [2024-01-06T02:31:47.830+0000] {dag.py:3033} INFO - Sync 1 DAGs
[2024-01-06T02:31:47.844+0000] {logging_mixin.py:188} INFO - [2024-01-06T02:31:47.844+0000] {dag.py:3820} INFO - Setting next_dagrun for latest_only to 2024-01-05T20:00:00+00:00, run_after=2024-01-06T00:00:00+00:00
[2024-01-06T02:31:47.856+0000] {processor.py:183} INFO - Processing /home/airflow/.local/lib/python3.8/site-packages/airflow/example_dags/example_latest_only.py took 0.052 seconds
[2024-01-06T02:32:18.071+0000] {processor.py:161} INFO - Started process (PID=41386) to work on /home/airflow/.local/lib/python3.8/site-packages/airflow/example_dags/example_latest_only.py
[2024-01-06T02:32:18.073+0000] {processor.py:830} INFO - Processing file /home/airflow/.local/lib/python3.8/site-packages/airflow/example_dags/example_latest_only.py for tasks to queue
[2024-01-06T02:32:18.075+0000] {logging_mixin.py:188} INFO - [2024-01-06T02:32:18.075+0000] {dagbag.py:538} INFO - Filling up the DagBag from /home/airflow/.local/lib/python3.8/site-packages/airflow/example_dags/example_latest_only.py
[2024-01-06T02:32:18.079+0000] {processor.py:840} INFO - DAG(s) 'latest_only' retrieved from /home/airflow/.local/lib/python3.8/site-packages/airflow/example_dags/example_latest_only.py
[2024-01-06T02:32:18.093+0000] {logging_mixin.py:188} INFO - [2024-01-06T02:32:18.093+0000] {dag.py:3033} INFO - Sync 1 DAGs
[2024-01-06T02:32:18.107+0000] {logging_mixin.py:188} INFO - [2024-01-06T02:32:18.106+0000] {dag.py:3820} INFO - Setting next_dagrun for latest_only to 2024-01-05T20:00:00+00:00, run_after=2024-01-06T00:00:00+00:00
[2024-01-06T02:32:18.119+0000] {processor.py:183} INFO - Processing /home/airflow/.local/lib/python3.8/site-packages/airflow/example_dags/example_latest_only.py took 0.051 seconds
[2024-01-06T02:32:48.403+0000] {processor.py:161} INFO - Started process (PID=41444) to work on /home/airflow/.local/lib/python3.8/site-packages/airflow/example_dags/example_latest_only.py
[2024-01-06T02:32:48.405+0000] {processor.py:830} INFO - Processing file /home/airflow/.local/lib/python3.8/site-packages/airflow/example_dags/example_latest_only.py for tasks to queue
[2024-01-06T02:32:48.407+0000] {logging_mixin.py:188} INFO - [2024-01-06T02:32:48.407+0000] {dagbag.py:538} INFO - Filling up the DagBag from /home/airflow/.local/lib/python3.8/site-packages/airflow/example_dags/example_latest_only.py
[2024-01-06T02:32:48.412+0000] {processor.py:840} INFO - DAG(s) 'latest_only' retrieved from /home/airflow/.local/lib/python3.8/site-packages/airflow/example_dags/example_latest_only.py
[2024-01-06T02:32:48.428+0000] {logging_mixin.py:188} INFO - [2024-01-06T02:32:48.428+0000] {dag.py:3033} INFO - Sync 1 DAGs
[2024-01-06T02:32:48.444+0000] {logging_mixin.py:188} INFO - [2024-01-06T02:32:48.443+0000] {dag.py:3820} INFO - Setting next_dagrun for latest_only to 2024-01-05T20:00:00+00:00, run_after=2024-01-06T00:00:00+00:00
[2024-01-06T02:32:48.455+0000] {processor.py:183} INFO - Processing /home/airflow/.local/lib/python3.8/site-packages/airflow/example_dags/example_latest_only.py took 0.055 seconds
[2024-01-06T02:33:22.116+0000] {processor.py:161} INFO - Started process (PID=41507) to work on /home/airflow/.local/lib/python3.8/site-packages/airflow/example_dags/example_latest_only.py
[2024-01-06T02:33:22.135+0000] {processor.py:830} INFO - Processing file /home/airflow/.local/lib/python3.8/site-packages/airflow/example_dags/example_latest_only.py for tasks to queue
[2024-01-06T02:33:22.173+0000] {logging_mixin.py:188} INFO - [2024-01-06T02:33:22.167+0000] {dagbag.py:538} INFO - Filling up the DagBag from /home/airflow/.local/lib/python3.8/site-packages/airflow/example_dags/example_latest_only.py
[2024-01-06T02:33:22.282+0000] {processor.py:840} INFO - DAG(s) 'latest_only' retrieved from /home/airflow/.local/lib/python3.8/site-packages/airflow/example_dags/example_latest_only.py
[2024-01-06T02:33:22.528+0000] {logging_mixin.py:188} INFO - [2024-01-06T02:33:22.526+0000] {dag.py:3033} INFO - Sync 1 DAGs
[2024-01-06T02:33:22.689+0000] {logging_mixin.py:188} INFO - [2024-01-06T02:33:22.689+0000] {dag.py:3820} INFO - Setting next_dagrun for latest_only to 2024-01-05T20:00:00+00:00, run_after=2024-01-06T00:00:00+00:00
[2024-01-06T02:33:22.866+0000] {processor.py:183} INFO - Processing /home/airflow/.local/lib/python3.8/site-packages/airflow/example_dags/example_latest_only.py took 0.792 seconds
[2024-01-06T02:33:59.260+0000] {processor.py:161} INFO - Started process (PID=41565) to work on /home/airflow/.local/lib/python3.8/site-packages/airflow/example_dags/example_latest_only.py
[2024-01-06T02:33:59.266+0000] {processor.py:830} INFO - Processing file /home/airflow/.local/lib/python3.8/site-packages/airflow/example_dags/example_latest_only.py for tasks to queue
[2024-01-06T02:33:59.279+0000] {logging_mixin.py:188} INFO - [2024-01-06T02:33:59.279+0000] {dagbag.py:538} INFO - Filling up the DagBag from /home/airflow/.local/lib/python3.8/site-packages/airflow/example_dags/example_latest_only.py
[2024-01-06T02:33:59.299+0000] {processor.py:840} INFO - DAG(s) 'latest_only' retrieved from /home/airflow/.local/lib/python3.8/site-packages/airflow/example_dags/example_latest_only.py
[2024-01-06T02:33:59.341+0000] {logging_mixin.py:188} INFO - [2024-01-06T02:33:59.341+0000] {dag.py:3033} INFO - Sync 1 DAGs
[2024-01-06T02:33:59.365+0000] {logging_mixin.py:188} INFO - [2024-01-06T02:33:59.364+0000] {dag.py:3820} INFO - Setting next_dagrun for latest_only to 2024-01-05T20:00:00+00:00, run_after=2024-01-06T00:00:00+00:00
[2024-01-06T02:33:59.380+0000] {processor.py:183} INFO - Processing /home/airflow/.local/lib/python3.8/site-packages/airflow/example_dags/example_latest_only.py took 0.136 seconds
[2024-01-06T02:34:29.447+0000] {processor.py:161} INFO - Started process (PID=41623) to work on /home/airflow/.local/lib/python3.8/site-packages/airflow/example_dags/example_latest_only.py
[2024-01-06T02:34:29.449+0000] {processor.py:830} INFO - Processing file /home/airflow/.local/lib/python3.8/site-packages/airflow/example_dags/example_latest_only.py for tasks to queue
[2024-01-06T02:34:29.452+0000] {logging_mixin.py:188} INFO - [2024-01-06T02:34:29.452+0000] {dagbag.py:538} INFO - Filling up the DagBag from /home/airflow/.local/lib/python3.8/site-packages/airflow/example_dags/example_latest_only.py
[2024-01-06T02:34:29.456+0000] {processor.py:840} INFO - DAG(s) 'latest_only' retrieved from /home/airflow/.local/lib/python3.8/site-packages/airflow/example_dags/example_latest_only.py
[2024-01-06T02:34:29.472+0000] {logging_mixin.py:188} INFO - [2024-01-06T02:34:29.472+0000] {dag.py:3033} INFO - Sync 1 DAGs
[2024-01-06T02:34:29.486+0000] {logging_mixin.py:188} INFO - [2024-01-06T02:34:29.486+0000] {dag.py:3820} INFO - Setting next_dagrun for latest_only to 2024-01-05T20:00:00+00:00, run_after=2024-01-06T00:00:00+00:00
[2024-01-06T02:34:29.496+0000] {processor.py:183} INFO - Processing /home/airflow/.local/lib/python3.8/site-packages/airflow/example_dags/example_latest_only.py took 0.052 seconds
[2024-01-06T02:34:59.603+0000] {processor.py:161} INFO - Started process (PID=41680) to work on /home/airflow/.local/lib/python3.8/site-packages/airflow/example_dags/example_latest_only.py
[2024-01-06T02:34:59.605+0000] {processor.py:830} INFO - Processing file /home/airflow/.local/lib/python3.8/site-packages/airflow/example_dags/example_latest_only.py for tasks to queue
[2024-01-06T02:34:59.607+0000] {logging_mixin.py:188} INFO - [2024-01-06T02:34:59.607+0000] {dagbag.py:538} INFO - Filling up the DagBag from /home/airflow/.local/lib/python3.8/site-packages/airflow/example_dags/example_latest_only.py
[2024-01-06T02:34:59.612+0000] {processor.py:840} INFO - DAG(s) 'latest_only' retrieved from /home/airflow/.local/lib/python3.8/site-packages/airflow/example_dags/example_latest_only.py
[2024-01-06T02:34:59.625+0000] {logging_mixin.py:188} INFO - [2024-01-06T02:34:59.625+0000] {dag.py:3033} INFO - Sync 1 DAGs
[2024-01-06T02:34:59.638+0000] {logging_mixin.py:188} INFO - [2024-01-06T02:34:59.638+0000] {dag.py:3820} INFO - Setting next_dagrun for latest_only to 2024-01-05T20:00:00+00:00, run_after=2024-01-06T00:00:00+00:00
[2024-01-06T02:34:59.650+0000] {processor.py:183} INFO - Processing /home/airflow/.local/lib/python3.8/site-packages/airflow/example_dags/example_latest_only.py took 0.049 seconds
[2024-01-06T02:35:30.071+0000] {processor.py:161} INFO - Started process (PID=41738) to work on /home/airflow/.local/lib/python3.8/site-packages/airflow/example_dags/example_latest_only.py
[2024-01-06T02:35:30.073+0000] {processor.py:830} INFO - Processing file /home/airflow/.local/lib/python3.8/site-packages/airflow/example_dags/example_latest_only.py for tasks to queue
[2024-01-06T02:35:30.075+0000] {logging_mixin.py:188} INFO - [2024-01-06T02:35:30.075+0000] {dagbag.py:538} INFO - Filling up the DagBag from /home/airflow/.local/lib/python3.8/site-packages/airflow/example_dags/example_latest_only.py
[2024-01-06T02:35:30.079+0000] {processor.py:840} INFO - DAG(s) 'latest_only' retrieved from /home/airflow/.local/lib/python3.8/site-packages/airflow/example_dags/example_latest_only.py
[2024-01-06T02:35:30.094+0000] {logging_mixin.py:188} INFO - [2024-01-06T02:35:30.094+0000] {dag.py:3033} INFO - Sync 1 DAGs
[2024-01-06T02:35:30.108+0000] {logging_mixin.py:188} INFO - [2024-01-06T02:35:30.108+0000] {dag.py:3820} INFO - Setting next_dagrun for latest_only to 2024-01-05T20:00:00+00:00, run_after=2024-01-06T00:00:00+00:00
[2024-01-06T02:35:30.119+0000] {processor.py:183} INFO - Processing /home/airflow/.local/lib/python3.8/site-packages/airflow/example_dags/example_latest_only.py took 0.052 seconds
[2024-01-06T02:36:00.541+0000] {processor.py:161} INFO - Started process (PID=41796) to work on /home/airflow/.local/lib/python3.8/site-packages/airflow/example_dags/example_latest_only.py
[2024-01-06T02:36:00.543+0000] {processor.py:830} INFO - Processing file /home/airflow/.local/lib/python3.8/site-packages/airflow/example_dags/example_latest_only.py for tasks to queue
[2024-01-06T02:36:00.547+0000] {logging_mixin.py:188} INFO - [2024-01-06T02:36:00.546+0000] {dagbag.py:538} INFO - Filling up the DagBag from /home/airflow/.local/lib/python3.8/site-packages/airflow/example_dags/example_latest_only.py
[2024-01-06T02:36:00.554+0000] {processor.py:840} INFO - DAG(s) 'latest_only' retrieved from /home/airflow/.local/lib/python3.8/site-packages/airflow/example_dags/example_latest_only.py
[2024-01-06T02:36:00.576+0000] {logging_mixin.py:188} INFO - [2024-01-06T02:36:00.576+0000] {dag.py:3033} INFO - Sync 1 DAGs
[2024-01-06T02:36:00.596+0000] {logging_mixin.py:188} INFO - [2024-01-06T02:36:00.596+0000] {dag.py:3820} INFO - Setting next_dagrun for latest_only to 2024-01-05T20:00:00+00:00, run_after=2024-01-06T00:00:00+00:00
[2024-01-06T02:36:00.611+0000] {processor.py:183} INFO - Processing /home/airflow/.local/lib/python3.8/site-packages/airflow/example_dags/example_latest_only.py took 0.074 seconds
[2024-01-06T02:36:31.408+0000] {processor.py:161} INFO - Started process (PID=41852) to work on /home/airflow/.local/lib/python3.8/site-packages/airflow/example_dags/example_latest_only.py
[2024-01-06T02:36:31.410+0000] {processor.py:830} INFO - Processing file /home/airflow/.local/lib/python3.8/site-packages/airflow/example_dags/example_latest_only.py for tasks to queue
[2024-01-06T02:36:31.412+0000] {logging_mixin.py:188} INFO - [2024-01-06T02:36:31.412+0000] {dagbag.py:538} INFO - Filling up the DagBag from /home/airflow/.local/lib/python3.8/site-packages/airflow/example_dags/example_latest_only.py
[2024-01-06T02:36:31.416+0000] {processor.py:840} INFO - DAG(s) 'latest_only' retrieved from /home/airflow/.local/lib/python3.8/site-packages/airflow/example_dags/example_latest_only.py
[2024-01-06T02:36:31.432+0000] {logging_mixin.py:188} INFO - [2024-01-06T02:36:31.432+0000] {dag.py:3033} INFO - Sync 1 DAGs
[2024-01-06T02:36:31.446+0000] {logging_mixin.py:188} INFO - [2024-01-06T02:36:31.446+0000] {dag.py:3820} INFO - Setting next_dagrun for latest_only to 2024-01-05T20:00:00+00:00, run_after=2024-01-06T00:00:00+00:00
[2024-01-06T02:36:31.460+0000] {processor.py:183} INFO - Processing /home/airflow/.local/lib/python3.8/site-packages/airflow/example_dags/example_latest_only.py took 0.054 seconds
[2024-01-06T02:37:01.682+0000] {processor.py:161} INFO - Started process (PID=41910) to work on /home/airflow/.local/lib/python3.8/site-packages/airflow/example_dags/example_latest_only.py
[2024-01-06T02:37:01.685+0000] {processor.py:830} INFO - Processing file /home/airflow/.local/lib/python3.8/site-packages/airflow/example_dags/example_latest_only.py for tasks to queue
[2024-01-06T02:37:01.690+0000] {logging_mixin.py:188} INFO - [2024-01-06T02:37:01.690+0000] {dagbag.py:538} INFO - Filling up the DagBag from /home/airflow/.local/lib/python3.8/site-packages/airflow/example_dags/example_latest_only.py
[2024-01-06T02:37:01.695+0000] {processor.py:840} INFO - DAG(s) 'latest_only' retrieved from /home/airflow/.local/lib/python3.8/site-packages/airflow/example_dags/example_latest_only.py
[2024-01-06T02:37:01.714+0000] {logging_mixin.py:188} INFO - [2024-01-06T02:37:01.714+0000] {dag.py:3033} INFO - Sync 1 DAGs
[2024-01-06T02:37:01.728+0000] {logging_mixin.py:188} INFO - [2024-01-06T02:37:01.728+0000] {dag.py:3820} INFO - Setting next_dagrun for latest_only to 2024-01-05T20:00:00+00:00, run_after=2024-01-06T00:00:00+00:00
[2024-01-06T02:37:01.743+0000] {processor.py:183} INFO - Processing /home/airflow/.local/lib/python3.8/site-packages/airflow/example_dags/example_latest_only.py took 0.064 seconds
[2024-01-06T02:37:31.827+0000] {processor.py:161} INFO - Started process (PID=41967) to work on /home/airflow/.local/lib/python3.8/site-packages/airflow/example_dags/example_latest_only.py
[2024-01-06T02:37:31.829+0000] {processor.py:830} INFO - Processing file /home/airflow/.local/lib/python3.8/site-packages/airflow/example_dags/example_latest_only.py for tasks to queue
[2024-01-06T02:37:31.832+0000] {logging_mixin.py:188} INFO - [2024-01-06T02:37:31.832+0000] {dagbag.py:538} INFO - Filling up the DagBag from /home/airflow/.local/lib/python3.8/site-packages/airflow/example_dags/example_latest_only.py
[2024-01-06T02:37:31.836+0000] {processor.py:840} INFO - DAG(s) 'latest_only' retrieved from /home/airflow/.local/lib/python3.8/site-packages/airflow/example_dags/example_latest_only.py
[2024-01-06T02:37:31.850+0000] {logging_mixin.py:188} INFO - [2024-01-06T02:37:31.850+0000] {dag.py:3033} INFO - Sync 1 DAGs
[2024-01-06T02:37:31.862+0000] {logging_mixin.py:188} INFO - [2024-01-06T02:37:31.862+0000] {dag.py:3820} INFO - Setting next_dagrun for latest_only to 2024-01-05T20:00:00+00:00, run_after=2024-01-06T00:00:00+00:00
[2024-01-06T02:37:31.873+0000] {processor.py:183} INFO - Processing /home/airflow/.local/lib/python3.8/site-packages/airflow/example_dags/example_latest_only.py took 0.049 seconds
[2024-01-06T02:38:02.265+0000] {processor.py:161} INFO - Started process (PID=42025) to work on /home/airflow/.local/lib/python3.8/site-packages/airflow/example_dags/example_latest_only.py
[2024-01-06T02:38:02.267+0000] {processor.py:830} INFO - Processing file /home/airflow/.local/lib/python3.8/site-packages/airflow/example_dags/example_latest_only.py for tasks to queue
[2024-01-06T02:38:02.269+0000] {logging_mixin.py:188} INFO - [2024-01-06T02:38:02.269+0000] {dagbag.py:538} INFO - Filling up the DagBag from /home/airflow/.local/lib/python3.8/site-packages/airflow/example_dags/example_latest_only.py
[2024-01-06T02:38:02.273+0000] {processor.py:840} INFO - DAG(s) 'latest_only' retrieved from /home/airflow/.local/lib/python3.8/site-packages/airflow/example_dags/example_latest_only.py
[2024-01-06T02:38:02.288+0000] {logging_mixin.py:188} INFO - [2024-01-06T02:38:02.287+0000] {dag.py:3033} INFO - Sync 1 DAGs
[2024-01-06T02:38:02.300+0000] {logging_mixin.py:188} INFO - [2024-01-06T02:38:02.300+0000] {dag.py:3820} INFO - Setting next_dagrun for latest_only to 2024-01-05T20:00:00+00:00, run_after=2024-01-06T00:00:00+00:00
[2024-01-06T02:38:02.312+0000] {processor.py:183} INFO - Processing /home/airflow/.local/lib/python3.8/site-packages/airflow/example_dags/example_latest_only.py took 0.049 seconds
[2024-01-06T02:38:32.541+0000] {processor.py:161} INFO - Started process (PID=42083) to work on /home/airflow/.local/lib/python3.8/site-packages/airflow/example_dags/example_latest_only.py
[2024-01-06T02:38:32.543+0000] {processor.py:830} INFO - Processing file /home/airflow/.local/lib/python3.8/site-packages/airflow/example_dags/example_latest_only.py for tasks to queue
[2024-01-06T02:38:32.545+0000] {logging_mixin.py:188} INFO - [2024-01-06T02:38:32.545+0000] {dagbag.py:538} INFO - Filling up the DagBag from /home/airflow/.local/lib/python3.8/site-packages/airflow/example_dags/example_latest_only.py
[2024-01-06T02:38:32.549+0000] {processor.py:840} INFO - DAG(s) 'latest_only' retrieved from /home/airflow/.local/lib/python3.8/site-packages/airflow/example_dags/example_latest_only.py
[2024-01-06T02:38:32.564+0000] {logging_mixin.py:188} INFO - [2024-01-06T02:38:32.564+0000] {dag.py:3033} INFO - Sync 1 DAGs
[2024-01-06T02:38:32.578+0000] {logging_mixin.py:188} INFO - [2024-01-06T02:38:32.578+0000] {dag.py:3820} INFO - Setting next_dagrun for latest_only to 2024-01-05T20:00:00+00:00, run_after=2024-01-06T00:00:00+00:00
[2024-01-06T02:38:32.591+0000] {processor.py:183} INFO - Processing /home/airflow/.local/lib/python3.8/site-packages/airflow/example_dags/example_latest_only.py took 0.052 seconds
[2024-01-06T02:39:03.046+0000] {processor.py:161} INFO - Started process (PID=42140) to work on /home/airflow/.local/lib/python3.8/site-packages/airflow/example_dags/example_latest_only.py
[2024-01-06T02:39:03.048+0000] {processor.py:830} INFO - Processing file /home/airflow/.local/lib/python3.8/site-packages/airflow/example_dags/example_latest_only.py for tasks to queue
[2024-01-06T02:39:03.051+0000] {logging_mixin.py:188} INFO - [2024-01-06T02:39:03.050+0000] {dagbag.py:538} INFO - Filling up the DagBag from /home/airflow/.local/lib/python3.8/site-packages/airflow/example_dags/example_latest_only.py
[2024-01-06T02:39:03.054+0000] {processor.py:840} INFO - DAG(s) 'latest_only' retrieved from /home/airflow/.local/lib/python3.8/site-packages/airflow/example_dags/example_latest_only.py
[2024-01-06T02:39:03.070+0000] {logging_mixin.py:188} INFO - [2024-01-06T02:39:03.070+0000] {dag.py:3033} INFO - Sync 1 DAGs
[2024-01-06T02:39:03.085+0000] {logging_mixin.py:188} INFO - [2024-01-06T02:39:03.085+0000] {dag.py:3820} INFO - Setting next_dagrun for latest_only to 2024-01-05T20:00:00+00:00, run_after=2024-01-06T00:00:00+00:00
[2024-01-06T02:39:03.095+0000] {processor.py:183} INFO - Processing /home/airflow/.local/lib/python3.8/site-packages/airflow/example_dags/example_latest_only.py took 0.052 seconds
[2024-01-06T02:39:33.829+0000] {processor.py:161} INFO - Started process (PID=42197) to work on /home/airflow/.local/lib/python3.8/site-packages/airflow/example_dags/example_latest_only.py
[2024-01-06T02:39:33.831+0000] {processor.py:830} INFO - Processing file /home/airflow/.local/lib/python3.8/site-packages/airflow/example_dags/example_latest_only.py for tasks to queue
[2024-01-06T02:39:33.833+0000] {logging_mixin.py:188} INFO - [2024-01-06T02:39:33.833+0000] {dagbag.py:538} INFO - Filling up the DagBag from /home/airflow/.local/lib/python3.8/site-packages/airflow/example_dags/example_latest_only.py
[2024-01-06T02:39:33.837+0000] {processor.py:840} INFO - DAG(s) 'latest_only' retrieved from /home/airflow/.local/lib/python3.8/site-packages/airflow/example_dags/example_latest_only.py
[2024-01-06T02:39:33.853+0000] {logging_mixin.py:188} INFO - [2024-01-06T02:39:33.853+0000] {dag.py:3033} INFO - Sync 1 DAGs
[2024-01-06T02:39:33.880+0000] {logging_mixin.py:188} INFO - [2024-01-06T02:39:33.880+0000] {dag.py:3820} INFO - Setting next_dagrun for latest_only to 2024-01-05T20:00:00+00:00, run_after=2024-01-06T00:00:00+00:00
[2024-01-06T02:39:33.893+0000] {processor.py:183} INFO - Processing /home/airflow/.local/lib/python3.8/site-packages/airflow/example_dags/example_latest_only.py took 0.066 seconds
[2024-01-06T02:40:04.168+0000] {processor.py:161} INFO - Started process (PID=42256) to work on /home/airflow/.local/lib/python3.8/site-packages/airflow/example_dags/example_latest_only.py
[2024-01-06T02:40:04.170+0000] {processor.py:830} INFO - Processing file /home/airflow/.local/lib/python3.8/site-packages/airflow/example_dags/example_latest_only.py for tasks to queue
[2024-01-06T02:40:04.172+0000] {logging_mixin.py:188} INFO - [2024-01-06T02:40:04.172+0000] {dagbag.py:538} INFO - Filling up the DagBag from /home/airflow/.local/lib/python3.8/site-packages/airflow/example_dags/example_latest_only.py
[2024-01-06T02:40:04.176+0000] {processor.py:840} INFO - DAG(s) 'latest_only' retrieved from /home/airflow/.local/lib/python3.8/site-packages/airflow/example_dags/example_latest_only.py
[2024-01-06T02:40:04.190+0000] {logging_mixin.py:188} INFO - [2024-01-06T02:40:04.190+0000] {dag.py:3033} INFO - Sync 1 DAGs
[2024-01-06T02:40:04.203+0000] {logging_mixin.py:188} INFO - [2024-01-06T02:40:04.203+0000] {dag.py:3820} INFO - Setting next_dagrun for latest_only to 2024-01-05T20:00:00+00:00, run_after=2024-01-06T00:00:00+00:00
[2024-01-06T02:40:04.214+0000] {processor.py:183} INFO - Processing /home/airflow/.local/lib/python3.8/site-packages/airflow/example_dags/example_latest_only.py took 0.048 seconds
[2024-01-06T02:40:34.552+0000] {processor.py:161} INFO - Started process (PID=42315) to work on /home/airflow/.local/lib/python3.8/site-packages/airflow/example_dags/example_latest_only.py
[2024-01-06T02:40:34.554+0000] {processor.py:830} INFO - Processing file /home/airflow/.local/lib/python3.8/site-packages/airflow/example_dags/example_latest_only.py for tasks to queue
[2024-01-06T02:40:34.557+0000] {logging_mixin.py:188} INFO - [2024-01-06T02:40:34.557+0000] {dagbag.py:538} INFO - Filling up the DagBag from /home/airflow/.local/lib/python3.8/site-packages/airflow/example_dags/example_latest_only.py
[2024-01-06T02:40:34.560+0000] {processor.py:840} INFO - DAG(s) 'latest_only' retrieved from /home/airflow/.local/lib/python3.8/site-packages/airflow/example_dags/example_latest_only.py
[2024-01-06T02:40:34.574+0000] {logging_mixin.py:188} INFO - [2024-01-06T02:40:34.574+0000] {dag.py:3033} INFO - Sync 1 DAGs
[2024-01-06T02:40:34.586+0000] {logging_mixin.py:188} INFO - [2024-01-06T02:40:34.586+0000] {dag.py:3820} INFO - Setting next_dagrun for latest_only to 2024-01-05T20:00:00+00:00, run_after=2024-01-06T00:00:00+00:00
[2024-01-06T02:40:34.599+0000] {processor.py:183} INFO - Processing /home/airflow/.local/lib/python3.8/site-packages/airflow/example_dags/example_latest_only.py took 0.048 seconds
[2024-01-06T02:41:05.457+0000] {processor.py:161} INFO - Started process (PID=42373) to work on /home/airflow/.local/lib/python3.8/site-packages/airflow/example_dags/example_latest_only.py
[2024-01-06T02:41:05.458+0000] {processor.py:830} INFO - Processing file /home/airflow/.local/lib/python3.8/site-packages/airflow/example_dags/example_latest_only.py for tasks to queue
[2024-01-06T02:41:05.461+0000] {logging_mixin.py:188} INFO - [2024-01-06T02:41:05.461+0000] {dagbag.py:538} INFO - Filling up the DagBag from /home/airflow/.local/lib/python3.8/site-packages/airflow/example_dags/example_latest_only.py
[2024-01-06T02:41:05.464+0000] {processor.py:840} INFO - DAG(s) 'latest_only' retrieved from /home/airflow/.local/lib/python3.8/site-packages/airflow/example_dags/example_latest_only.py
[2024-01-06T02:41:05.479+0000] {logging_mixin.py:188} INFO - [2024-01-06T02:41:05.478+0000] {dag.py:3033} INFO - Sync 1 DAGs
[2024-01-06T02:41:05.491+0000] {logging_mixin.py:188} INFO - [2024-01-06T02:41:05.491+0000] {dag.py:3820} INFO - Setting next_dagrun for latest_only to 2024-01-05T20:00:00+00:00, run_after=2024-01-06T00:00:00+00:00
[2024-01-06T02:41:05.504+0000] {processor.py:183} INFO - Processing /home/airflow/.local/lib/python3.8/site-packages/airflow/example_dags/example_latest_only.py took 0.049 seconds
[2024-01-06T02:41:36.341+0000] {processor.py:161} INFO - Started process (PID=42431) to work on /home/airflow/.local/lib/python3.8/site-packages/airflow/example_dags/example_latest_only.py
[2024-01-06T02:41:36.343+0000] {processor.py:830} INFO - Processing file /home/airflow/.local/lib/python3.8/site-packages/airflow/example_dags/example_latest_only.py for tasks to queue
[2024-01-06T02:41:36.345+0000] {logging_mixin.py:188} INFO - [2024-01-06T02:41:36.345+0000] {dagbag.py:538} INFO - Filling up the DagBag from /home/airflow/.local/lib/python3.8/site-packages/airflow/example_dags/example_latest_only.py
[2024-01-06T02:41:36.349+0000] {processor.py:840} INFO - DAG(s) 'latest_only' retrieved from /home/airflow/.local/lib/python3.8/site-packages/airflow/example_dags/example_latest_only.py
[2024-01-06T02:41:36.362+0000] {logging_mixin.py:188} INFO - [2024-01-06T02:41:36.362+0000] {dag.py:3033} INFO - Sync 1 DAGs
[2024-01-06T02:41:36.377+0000] {logging_mixin.py:188} INFO - [2024-01-06T02:41:36.376+0000] {dag.py:3820} INFO - Setting next_dagrun for latest_only to 2024-01-05T20:00:00+00:00, run_after=2024-01-06T00:00:00+00:00
[2024-01-06T02:41:36.390+0000] {processor.py:183} INFO - Processing /home/airflow/.local/lib/python3.8/site-packages/airflow/example_dags/example_latest_only.py took 0.051 seconds
[2024-01-06T02:42:06.517+0000] {processor.py:161} INFO - Started process (PID=42488) to work on /home/airflow/.local/lib/python3.8/site-packages/airflow/example_dags/example_latest_only.py
[2024-01-06T02:42:06.519+0000] {processor.py:830} INFO - Processing file /home/airflow/.local/lib/python3.8/site-packages/airflow/example_dags/example_latest_only.py for tasks to queue
[2024-01-06T02:42:06.522+0000] {logging_mixin.py:188} INFO - [2024-01-06T02:42:06.521+0000] {dagbag.py:538} INFO - Filling up the DagBag from /home/airflow/.local/lib/python3.8/site-packages/airflow/example_dags/example_latest_only.py
[2024-01-06T02:42:06.525+0000] {processor.py:840} INFO - DAG(s) 'latest_only' retrieved from /home/airflow/.local/lib/python3.8/site-packages/airflow/example_dags/example_latest_only.py
[2024-01-06T02:42:06.539+0000] {logging_mixin.py:188} INFO - [2024-01-06T02:42:06.539+0000] {dag.py:3033} INFO - Sync 1 DAGs
[2024-01-06T02:42:06.554+0000] {logging_mixin.py:188} INFO - [2024-01-06T02:42:06.553+0000] {dag.py:3820} INFO - Setting next_dagrun for latest_only to 2024-01-05T20:00:00+00:00, run_after=2024-01-06T00:00:00+00:00
[2024-01-06T02:42:06.566+0000] {processor.py:183} INFO - Processing /home/airflow/.local/lib/python3.8/site-packages/airflow/example_dags/example_latest_only.py took 0.052 seconds
[2024-01-06T02:42:36.659+0000] {processor.py:161} INFO - Started process (PID=42546) to work on /home/airflow/.local/lib/python3.8/site-packages/airflow/example_dags/example_latest_only.py
[2024-01-06T02:42:36.661+0000] {processor.py:830} INFO - Processing file /home/airflow/.local/lib/python3.8/site-packages/airflow/example_dags/example_latest_only.py for tasks to queue
[2024-01-06T02:42:36.663+0000] {logging_mixin.py:188} INFO - [2024-01-06T02:42:36.663+0000] {dagbag.py:538} INFO - Filling up the DagBag from /home/airflow/.local/lib/python3.8/site-packages/airflow/example_dags/example_latest_only.py
[2024-01-06T02:42:36.667+0000] {processor.py:840} INFO - DAG(s) 'latest_only' retrieved from /home/airflow/.local/lib/python3.8/site-packages/airflow/example_dags/example_latest_only.py
[2024-01-06T02:42:36.682+0000] {logging_mixin.py:188} INFO - [2024-01-06T02:42:36.682+0000] {dag.py:3033} INFO - Sync 1 DAGs
[2024-01-06T02:42:36.695+0000] {logging_mixin.py:188} INFO - [2024-01-06T02:42:36.695+0000] {dag.py:3820} INFO - Setting next_dagrun for latest_only to 2024-01-05T20:00:00+00:00, run_after=2024-01-06T00:00:00+00:00
[2024-01-06T02:42:36.707+0000] {processor.py:183} INFO - Processing /home/airflow/.local/lib/python3.8/site-packages/airflow/example_dags/example_latest_only.py took 0.051 seconds
[2024-01-06T02:43:06.970+0000] {processor.py:161} INFO - Started process (PID=42604) to work on /home/airflow/.local/lib/python3.8/site-packages/airflow/example_dags/example_latest_only.py
[2024-01-06T02:43:06.973+0000] {processor.py:830} INFO - Processing file /home/airflow/.local/lib/python3.8/site-packages/airflow/example_dags/example_latest_only.py for tasks to queue
[2024-01-06T02:43:06.977+0000] {logging_mixin.py:188} INFO - [2024-01-06T02:43:06.977+0000] {dagbag.py:538} INFO - Filling up the DagBag from /home/airflow/.local/lib/python3.8/site-packages/airflow/example_dags/example_latest_only.py
[2024-01-06T02:43:06.982+0000] {processor.py:840} INFO - DAG(s) 'latest_only' retrieved from /home/airflow/.local/lib/python3.8/site-packages/airflow/example_dags/example_latest_only.py
[2024-01-06T02:43:07.008+0000] {logging_mixin.py:188} INFO - [2024-01-06T02:43:07.008+0000] {dag.py:3033} INFO - Sync 1 DAGs
[2024-01-06T02:43:07.028+0000] {logging_mixin.py:188} INFO - [2024-01-06T02:43:07.028+0000] {dag.py:3820} INFO - Setting next_dagrun for latest_only to 2024-01-05T20:00:00+00:00, run_after=2024-01-06T00:00:00+00:00
[2024-01-06T02:43:07.051+0000] {processor.py:183} INFO - Processing /home/airflow/.local/lib/python3.8/site-packages/airflow/example_dags/example_latest_only.py took 0.083 seconds
[2024-01-06T02:43:37.179+0000] {processor.py:161} INFO - Started process (PID=42662) to work on /home/airflow/.local/lib/python3.8/site-packages/airflow/example_dags/example_latest_only.py
[2024-01-06T02:43:37.181+0000] {processor.py:830} INFO - Processing file /home/airflow/.local/lib/python3.8/site-packages/airflow/example_dags/example_latest_only.py for tasks to queue
[2024-01-06T02:43:37.183+0000] {logging_mixin.py:188} INFO - [2024-01-06T02:43:37.183+0000] {dagbag.py:538} INFO - Filling up the DagBag from /home/airflow/.local/lib/python3.8/site-packages/airflow/example_dags/example_latest_only.py
[2024-01-06T02:43:37.187+0000] {processor.py:840} INFO - DAG(s) 'latest_only' retrieved from /home/airflow/.local/lib/python3.8/site-packages/airflow/example_dags/example_latest_only.py
[2024-01-06T02:43:37.201+0000] {logging_mixin.py:188} INFO - [2024-01-06T02:43:37.201+0000] {dag.py:3033} INFO - Sync 1 DAGs
[2024-01-06T02:43:37.214+0000] {logging_mixin.py:188} INFO - [2024-01-06T02:43:37.214+0000] {dag.py:3820} INFO - Setting next_dagrun for latest_only to 2024-01-05T20:00:00+00:00, run_after=2024-01-06T00:00:00+00:00
[2024-01-06T02:43:37.227+0000] {processor.py:183} INFO - Processing /home/airflow/.local/lib/python3.8/site-packages/airflow/example_dags/example_latest_only.py took 0.051 seconds
[2024-01-06T02:44:07.524+0000] {processor.py:161} INFO - Started process (PID=42720) to work on /home/airflow/.local/lib/python3.8/site-packages/airflow/example_dags/example_latest_only.py
[2024-01-06T02:44:07.526+0000] {processor.py:830} INFO - Processing file /home/airflow/.local/lib/python3.8/site-packages/airflow/example_dags/example_latest_only.py for tasks to queue
[2024-01-06T02:44:07.529+0000] {logging_mixin.py:188} INFO - [2024-01-06T02:44:07.529+0000] {dagbag.py:538} INFO - Filling up the DagBag from /home/airflow/.local/lib/python3.8/site-packages/airflow/example_dags/example_latest_only.py
[2024-01-06T02:44:07.533+0000] {processor.py:840} INFO - DAG(s) 'latest_only' retrieved from /home/airflow/.local/lib/python3.8/site-packages/airflow/example_dags/example_latest_only.py
[2024-01-06T02:44:07.550+0000] {logging_mixin.py:188} INFO - [2024-01-06T02:44:07.549+0000] {dag.py:3033} INFO - Sync 1 DAGs
[2024-01-06T02:44:07.568+0000] {logging_mixin.py:188} INFO - [2024-01-06T02:44:07.568+0000] {dag.py:3820} INFO - Setting next_dagrun for latest_only to 2024-01-05T20:00:00+00:00, run_after=2024-01-06T00:00:00+00:00
[2024-01-06T02:44:07.582+0000] {processor.py:183} INFO - Processing /home/airflow/.local/lib/python3.8/site-packages/airflow/example_dags/example_latest_only.py took 0.061 seconds
[2024-01-06T02:44:37.654+0000] {processor.py:161} INFO - Started process (PID=42778) to work on /home/airflow/.local/lib/python3.8/site-packages/airflow/example_dags/example_latest_only.py
[2024-01-06T02:44:37.657+0000] {processor.py:830} INFO - Processing file /home/airflow/.local/lib/python3.8/site-packages/airflow/example_dags/example_latest_only.py for tasks to queue
[2024-01-06T02:44:37.660+0000] {logging_mixin.py:188} INFO - [2024-01-06T02:44:37.659+0000] {dagbag.py:538} INFO - Filling up the DagBag from /home/airflow/.local/lib/python3.8/site-packages/airflow/example_dags/example_latest_only.py
[2024-01-06T02:44:37.663+0000] {processor.py:840} INFO - DAG(s) 'latest_only' retrieved from /home/airflow/.local/lib/python3.8/site-packages/airflow/example_dags/example_latest_only.py
[2024-01-06T02:44:37.678+0000] {logging_mixin.py:188} INFO - [2024-01-06T02:44:37.678+0000] {dag.py:3033} INFO - Sync 1 DAGs
[2024-01-06T02:44:37.690+0000] {logging_mixin.py:188} INFO - [2024-01-06T02:44:37.690+0000] {dag.py:3820} INFO - Setting next_dagrun for latest_only to 2024-01-05T20:00:00+00:00, run_after=2024-01-06T00:00:00+00:00
[2024-01-06T02:44:37.701+0000] {processor.py:183} INFO - Processing /home/airflow/.local/lib/python3.8/site-packages/airflow/example_dags/example_latest_only.py took 0.049 seconds
[2024-01-06T02:45:08.013+0000] {processor.py:161} INFO - Started process (PID=42836) to work on /home/airflow/.local/lib/python3.8/site-packages/airflow/example_dags/example_latest_only.py
[2024-01-06T02:45:08.015+0000] {processor.py:830} INFO - Processing file /home/airflow/.local/lib/python3.8/site-packages/airflow/example_dags/example_latest_only.py for tasks to queue
[2024-01-06T02:45:08.018+0000] {logging_mixin.py:188} INFO - [2024-01-06T02:45:08.018+0000] {dagbag.py:538} INFO - Filling up the DagBag from /home/airflow/.local/lib/python3.8/site-packages/airflow/example_dags/example_latest_only.py
[2024-01-06T02:45:08.022+0000] {processor.py:840} INFO - DAG(s) 'latest_only' retrieved from /home/airflow/.local/lib/python3.8/site-packages/airflow/example_dags/example_latest_only.py
[2024-01-06T02:45:08.038+0000] {logging_mixin.py:188} INFO - [2024-01-06T02:45:08.037+0000] {dag.py:3033} INFO - Sync 1 DAGs
[2024-01-06T02:45:08.051+0000] {logging_mixin.py:188} INFO - [2024-01-06T02:45:08.051+0000] {dag.py:3820} INFO - Setting next_dagrun for latest_only to 2024-01-05T20:00:00+00:00, run_after=2024-01-06T00:00:00+00:00
[2024-01-06T02:45:08.064+0000] {processor.py:183} INFO - Processing /home/airflow/.local/lib/python3.8/site-packages/airflow/example_dags/example_latest_only.py took 0.053 seconds
[2024-01-06T02:45:38.174+0000] {processor.py:161} INFO - Started process (PID=42894) to work on /home/airflow/.local/lib/python3.8/site-packages/airflow/example_dags/example_latest_only.py
[2024-01-06T02:45:38.175+0000] {processor.py:830} INFO - Processing file /home/airflow/.local/lib/python3.8/site-packages/airflow/example_dags/example_latest_only.py for tasks to queue
[2024-01-06T02:45:38.178+0000] {logging_mixin.py:188} INFO - [2024-01-06T02:45:38.178+0000] {dagbag.py:538} INFO - Filling up the DagBag from /home/airflow/.local/lib/python3.8/site-packages/airflow/example_dags/example_latest_only.py
[2024-01-06T02:45:38.181+0000] {processor.py:840} INFO - DAG(s) 'latest_only' retrieved from /home/airflow/.local/lib/python3.8/site-packages/airflow/example_dags/example_latest_only.py
[2024-01-06T02:45:38.197+0000] {logging_mixin.py:188} INFO - [2024-01-06T02:45:38.197+0000] {dag.py:3033} INFO - Sync 1 DAGs
[2024-01-06T02:45:38.211+0000] {logging_mixin.py:188} INFO - [2024-01-06T02:45:38.211+0000] {dag.py:3820} INFO - Setting next_dagrun for latest_only to 2024-01-05T20:00:00+00:00, run_after=2024-01-06T00:00:00+00:00
[2024-01-06T02:45:38.224+0000] {processor.py:183} INFO - Processing /home/airflow/.local/lib/python3.8/site-packages/airflow/example_dags/example_latest_only.py took 0.053 seconds
[2024-01-06T02:46:08.474+0000] {processor.py:161} INFO - Started process (PID=42952) to work on /home/airflow/.local/lib/python3.8/site-packages/airflow/example_dags/example_latest_only.py
[2024-01-06T02:46:08.476+0000] {processor.py:830} INFO - Processing file /home/airflow/.local/lib/python3.8/site-packages/airflow/example_dags/example_latest_only.py for tasks to queue
[2024-01-06T02:46:08.479+0000] {logging_mixin.py:188} INFO - [2024-01-06T02:46:08.478+0000] {dagbag.py:538} INFO - Filling up the DagBag from /home/airflow/.local/lib/python3.8/site-packages/airflow/example_dags/example_latest_only.py
[2024-01-06T02:46:08.483+0000] {processor.py:840} INFO - DAG(s) 'latest_only' retrieved from /home/airflow/.local/lib/python3.8/site-packages/airflow/example_dags/example_latest_only.py
[2024-01-06T02:46:08.497+0000] {logging_mixin.py:188} INFO - [2024-01-06T02:46:08.497+0000] {dag.py:3033} INFO - Sync 1 DAGs
[2024-01-06T02:46:08.511+0000] {logging_mixin.py:188} INFO - [2024-01-06T02:46:08.511+0000] {dag.py:3820} INFO - Setting next_dagrun for latest_only to 2024-01-05T20:00:00+00:00, run_after=2024-01-06T00:00:00+00:00
[2024-01-06T02:46:08.523+0000] {processor.py:183} INFO - Processing /home/airflow/.local/lib/python3.8/site-packages/airflow/example_dags/example_latest_only.py took 0.052 seconds
[2024-01-06T02:46:39.034+0000] {processor.py:161} INFO - Started process (PID=43010) to work on /home/airflow/.local/lib/python3.8/site-packages/airflow/example_dags/example_latest_only.py
[2024-01-06T02:46:39.035+0000] {processor.py:830} INFO - Processing file /home/airflow/.local/lib/python3.8/site-packages/airflow/example_dags/example_latest_only.py for tasks to queue
[2024-01-06T02:46:39.037+0000] {logging_mixin.py:188} INFO - [2024-01-06T02:46:39.037+0000] {dagbag.py:538} INFO - Filling up the DagBag from /home/airflow/.local/lib/python3.8/site-packages/airflow/example_dags/example_latest_only.py
[2024-01-06T02:46:39.041+0000] {processor.py:840} INFO - DAG(s) 'latest_only' retrieved from /home/airflow/.local/lib/python3.8/site-packages/airflow/example_dags/example_latest_only.py
[2024-01-06T02:46:39.060+0000] {logging_mixin.py:188} INFO - [2024-01-06T02:46:39.060+0000] {dag.py:3033} INFO - Sync 1 DAGs
[2024-01-06T02:46:39.072+0000] {logging_mixin.py:188} INFO - [2024-01-06T02:46:39.072+0000] {dag.py:3820} INFO - Setting next_dagrun for latest_only to 2024-01-05T20:00:00+00:00, run_after=2024-01-06T00:00:00+00:00
[2024-01-06T02:46:39.087+0000] {processor.py:183} INFO - Processing /home/airflow/.local/lib/python3.8/site-packages/airflow/example_dags/example_latest_only.py took 0.056 seconds
[2024-01-06T02:47:09.322+0000] {processor.py:161} INFO - Started process (PID=43068) to work on /home/airflow/.local/lib/python3.8/site-packages/airflow/example_dags/example_latest_only.py
[2024-01-06T02:47:09.323+0000] {processor.py:830} INFO - Processing file /home/airflow/.local/lib/python3.8/site-packages/airflow/example_dags/example_latest_only.py for tasks to queue
[2024-01-06T02:47:09.326+0000] {logging_mixin.py:188} INFO - [2024-01-06T02:47:09.326+0000] {dagbag.py:538} INFO - Filling up the DagBag from /home/airflow/.local/lib/python3.8/site-packages/airflow/example_dags/example_latest_only.py
[2024-01-06T02:47:09.330+0000] {processor.py:840} INFO - DAG(s) 'latest_only' retrieved from /home/airflow/.local/lib/python3.8/site-packages/airflow/example_dags/example_latest_only.py
[2024-01-06T02:47:09.345+0000] {logging_mixin.py:188} INFO - [2024-01-06T02:47:09.345+0000] {dag.py:3033} INFO - Sync 1 DAGs
[2024-01-06T02:47:09.359+0000] {logging_mixin.py:188} INFO - [2024-01-06T02:47:09.359+0000] {dag.py:3820} INFO - Setting next_dagrun for latest_only to 2024-01-05T20:00:00+00:00, run_after=2024-01-06T00:00:00+00:00
[2024-01-06T02:47:09.372+0000] {processor.py:183} INFO - Processing /home/airflow/.local/lib/python3.8/site-packages/airflow/example_dags/example_latest_only.py took 0.053 seconds
[2024-01-06T02:47:39.873+0000] {processor.py:161} INFO - Started process (PID=43126) to work on /home/airflow/.local/lib/python3.8/site-packages/airflow/example_dags/example_latest_only.py
[2024-01-06T02:47:39.875+0000] {processor.py:830} INFO - Processing file /home/airflow/.local/lib/python3.8/site-packages/airflow/example_dags/example_latest_only.py for tasks to queue
[2024-01-06T02:47:39.878+0000] {logging_mixin.py:188} INFO - [2024-01-06T02:47:39.877+0000] {dagbag.py:538} INFO - Filling up the DagBag from /home/airflow/.local/lib/python3.8/site-packages/airflow/example_dags/example_latest_only.py
[2024-01-06T02:47:39.882+0000] {processor.py:840} INFO - DAG(s) 'latest_only' retrieved from /home/airflow/.local/lib/python3.8/site-packages/airflow/example_dags/example_latest_only.py
[2024-01-06T02:47:39.896+0000] {logging_mixin.py:188} INFO - [2024-01-06T02:47:39.896+0000] {dag.py:3033} INFO - Sync 1 DAGs
[2024-01-06T02:47:39.911+0000] {logging_mixin.py:188} INFO - [2024-01-06T02:47:39.911+0000] {dag.py:3820} INFO - Setting next_dagrun for latest_only to 2024-01-05T20:00:00+00:00, run_after=2024-01-06T00:00:00+00:00
[2024-01-06T02:47:39.923+0000] {processor.py:183} INFO - Processing /home/airflow/.local/lib/python3.8/site-packages/airflow/example_dags/example_latest_only.py took 0.053 seconds
[2024-01-06T02:48:10.356+0000] {processor.py:161} INFO - Started process (PID=43184) to work on /home/airflow/.local/lib/python3.8/site-packages/airflow/example_dags/example_latest_only.py
[2024-01-06T02:48:10.358+0000] {processor.py:830} INFO - Processing file /home/airflow/.local/lib/python3.8/site-packages/airflow/example_dags/example_latest_only.py for tasks to queue
[2024-01-06T02:48:10.360+0000] {logging_mixin.py:188} INFO - [2024-01-06T02:48:10.360+0000] {dagbag.py:538} INFO - Filling up the DagBag from /home/airflow/.local/lib/python3.8/site-packages/airflow/example_dags/example_latest_only.py
[2024-01-06T02:48:10.364+0000] {processor.py:840} INFO - DAG(s) 'latest_only' retrieved from /home/airflow/.local/lib/python3.8/site-packages/airflow/example_dags/example_latest_only.py
[2024-01-06T02:48:10.380+0000] {logging_mixin.py:188} INFO - [2024-01-06T02:48:10.379+0000] {dag.py:3033} INFO - Sync 1 DAGs
[2024-01-06T02:48:10.394+0000] {logging_mixin.py:188} INFO - [2024-01-06T02:48:10.394+0000] {dag.py:3820} INFO - Setting next_dagrun for latest_only to 2024-01-05T20:00:00+00:00, run_after=2024-01-06T00:00:00+00:00
[2024-01-06T02:48:10.405+0000] {processor.py:183} INFO - Processing /home/airflow/.local/lib/python3.8/site-packages/airflow/example_dags/example_latest_only.py took 0.052 seconds
[2024-01-06T02:48:41.216+0000] {processor.py:161} INFO - Started process (PID=43242) to work on /home/airflow/.local/lib/python3.8/site-packages/airflow/example_dags/example_latest_only.py
[2024-01-06T02:48:41.218+0000] {processor.py:830} INFO - Processing file /home/airflow/.local/lib/python3.8/site-packages/airflow/example_dags/example_latest_only.py for tasks to queue
[2024-01-06T02:48:41.220+0000] {logging_mixin.py:188} INFO - [2024-01-06T02:48:41.220+0000] {dagbag.py:538} INFO - Filling up the DagBag from /home/airflow/.local/lib/python3.8/site-packages/airflow/example_dags/example_latest_only.py
[2024-01-06T02:48:41.224+0000] {processor.py:840} INFO - DAG(s) 'latest_only' retrieved from /home/airflow/.local/lib/python3.8/site-packages/airflow/example_dags/example_latest_only.py
[2024-01-06T02:48:41.239+0000] {logging_mixin.py:188} INFO - [2024-01-06T02:48:41.238+0000] {dag.py:3033} INFO - Sync 1 DAGs
[2024-01-06T02:48:41.254+0000] {logging_mixin.py:188} INFO - [2024-01-06T02:48:41.254+0000] {dag.py:3820} INFO - Setting next_dagrun for latest_only to 2024-01-05T20:00:00+00:00, run_after=2024-01-06T00:00:00+00:00
[2024-01-06T02:48:41.267+0000] {processor.py:183} INFO - Processing /home/airflow/.local/lib/python3.8/site-packages/airflow/example_dags/example_latest_only.py took 0.054 seconds
[2024-01-06T02:49:25.033+0000] {processor.py:161} INFO - Started process (PID=43299) to work on /home/airflow/.local/lib/python3.8/site-packages/airflow/example_dags/example_latest_only.py
[2024-01-06T02:49:25.035+0000] {processor.py:830} INFO - Processing file /home/airflow/.local/lib/python3.8/site-packages/airflow/example_dags/example_latest_only.py for tasks to queue
[2024-01-06T02:49:25.039+0000] {logging_mixin.py:188} INFO - [2024-01-06T02:49:25.039+0000] {dagbag.py:538} INFO - Filling up the DagBag from /home/airflow/.local/lib/python3.8/site-packages/airflow/example_dags/example_latest_only.py
[2024-01-06T02:49:25.044+0000] {processor.py:840} INFO - DAG(s) 'latest_only' retrieved from /home/airflow/.local/lib/python3.8/site-packages/airflow/example_dags/example_latest_only.py
[2024-01-06T02:49:25.061+0000] {logging_mixin.py:188} INFO - [2024-01-06T02:49:25.061+0000] {dag.py:3033} INFO - Sync 1 DAGs
[2024-01-06T02:49:25.075+0000] {logging_mixin.py:188} INFO - [2024-01-06T02:49:25.075+0000] {dag.py:3820} INFO - Setting next_dagrun for latest_only to 2024-01-05T20:00:00+00:00, run_after=2024-01-06T00:00:00+00:00
[2024-01-06T02:49:25.089+0000] {processor.py:183} INFO - Processing /home/airflow/.local/lib/python3.8/site-packages/airflow/example_dags/example_latest_only.py took 0.058 seconds
[2024-01-06T02:49:55.996+0000] {processor.py:161} INFO - Started process (PID=43345) to work on /home/airflow/.local/lib/python3.8/site-packages/airflow/example_dags/example_latest_only.py
[2024-01-06T02:49:55.999+0000] {processor.py:830} INFO - Processing file /home/airflow/.local/lib/python3.8/site-packages/airflow/example_dags/example_latest_only.py for tasks to queue
[2024-01-06T02:49:56.003+0000] {logging_mixin.py:188} INFO - [2024-01-06T02:49:56.002+0000] {dagbag.py:538} INFO - Filling up the DagBag from /home/airflow/.local/lib/python3.8/site-packages/airflow/example_dags/example_latest_only.py
[2024-01-06T02:49:56.008+0000] {processor.py:840} INFO - DAG(s) 'latest_only' retrieved from /home/airflow/.local/lib/python3.8/site-packages/airflow/example_dags/example_latest_only.py
[2024-01-06T02:49:56.032+0000] {logging_mixin.py:188} INFO - [2024-01-06T02:49:56.031+0000] {dag.py:3033} INFO - Sync 1 DAGs
[2024-01-06T02:49:56.052+0000] {logging_mixin.py:188} INFO - [2024-01-06T02:49:56.051+0000] {dag.py:3820} INFO - Setting next_dagrun for latest_only to 2024-01-05T20:00:00+00:00, run_after=2024-01-06T00:00:00+00:00
[2024-01-06T02:49:56.071+0000] {processor.py:183} INFO - Processing /home/airflow/.local/lib/python3.8/site-packages/airflow/example_dags/example_latest_only.py took 0.078 seconds
[2024-01-06T02:50:26.799+0000] {processor.py:161} INFO - Started process (PID=43408) to work on /home/airflow/.local/lib/python3.8/site-packages/airflow/example_dags/example_latest_only.py
[2024-01-06T02:50:26.800+0000] {processor.py:830} INFO - Processing file /home/airflow/.local/lib/python3.8/site-packages/airflow/example_dags/example_latest_only.py for tasks to queue
[2024-01-06T02:50:26.803+0000] {logging_mixin.py:188} INFO - [2024-01-06T02:50:26.803+0000] {dagbag.py:538} INFO - Filling up the DagBag from /home/airflow/.local/lib/python3.8/site-packages/airflow/example_dags/example_latest_only.py
[2024-01-06T02:50:26.808+0000] {processor.py:840} INFO - DAG(s) 'latest_only' retrieved from /home/airflow/.local/lib/python3.8/site-packages/airflow/example_dags/example_latest_only.py
[2024-01-06T02:50:26.825+0000] {logging_mixin.py:188} INFO - [2024-01-06T02:50:26.825+0000] {dag.py:3033} INFO - Sync 1 DAGs
[2024-01-06T02:50:26.839+0000] {logging_mixin.py:188} INFO - [2024-01-06T02:50:26.839+0000] {dag.py:3820} INFO - Setting next_dagrun for latest_only to 2024-01-05T20:00:00+00:00, run_after=2024-01-06T00:00:00+00:00
[2024-01-06T02:50:26.852+0000] {processor.py:183} INFO - Processing /home/airflow/.local/lib/python3.8/site-packages/airflow/example_dags/example_latest_only.py took 0.057 seconds
[2024-01-06T02:50:57.167+0000] {processor.py:161} INFO - Started process (PID=43466) to work on /home/airflow/.local/lib/python3.8/site-packages/airflow/example_dags/example_latest_only.py
[2024-01-06T02:50:57.169+0000] {processor.py:830} INFO - Processing file /home/airflow/.local/lib/python3.8/site-packages/airflow/example_dags/example_latest_only.py for tasks to queue
[2024-01-06T02:50:57.171+0000] {logging_mixin.py:188} INFO - [2024-01-06T02:50:57.171+0000] {dagbag.py:538} INFO - Filling up the DagBag from /home/airflow/.local/lib/python3.8/site-packages/airflow/example_dags/example_latest_only.py
[2024-01-06T02:50:57.175+0000] {processor.py:840} INFO - DAG(s) 'latest_only' retrieved from /home/airflow/.local/lib/python3.8/site-packages/airflow/example_dags/example_latest_only.py
[2024-01-06T02:50:57.191+0000] {logging_mixin.py:188} INFO - [2024-01-06T02:50:57.191+0000] {dag.py:3033} INFO - Sync 1 DAGs
[2024-01-06T02:50:57.204+0000] {logging_mixin.py:188} INFO - [2024-01-06T02:50:57.204+0000] {dag.py:3820} INFO - Setting next_dagrun for latest_only to 2024-01-05T20:00:00+00:00, run_after=2024-01-06T00:00:00+00:00
[2024-01-06T02:50:57.216+0000] {processor.py:183} INFO - Processing /home/airflow/.local/lib/python3.8/site-packages/airflow/example_dags/example_latest_only.py took 0.051 seconds
