[2024-01-06T01:20:16.996+0000] {processor.py:161} INFO - Started process (PID=39392) to work on /home/airflow/.local/lib/python3.8/site-packages/airflow/example_dags/example_branch_labels.py
[2024-01-06T01:20:16.998+0000] {processor.py:830} INFO - Processing file /home/airflow/.local/lib/python3.8/site-packages/airflow/example_dags/example_branch_labels.py for tasks to queue
[2024-01-06T01:20:17.000+0000] {logging_mixin.py:188} INFO - [2024-01-06T01:20:17.000+0000] {dagbag.py:538} INFO - Filling up the DagBag from /home/airflow/.local/lib/python3.8/site-packages/airflow/example_dags/example_branch_labels.py
[2024-01-06T01:20:17.006+0000] {processor.py:840} INFO - DAG(s) 'example_branch_labels' retrieved from /home/airflow/.local/lib/python3.8/site-packages/airflow/example_dags/example_branch_labels.py
[2024-01-06T01:20:17.021+0000] {logging_mixin.py:188} INFO - [2024-01-06T01:20:17.021+0000] {dag.py:3033} INFO - Sync 1 DAGs
[2024-01-06T01:20:17.036+0000] {logging_mixin.py:188} INFO - [2024-01-06T01:20:17.035+0000] {dag.py:3820} INFO - Setting next_dagrun for example_branch_labels to 2024-01-05T00:00:00+00:00, run_after=2024-01-06T00:00:00+00:00
[2024-01-06T01:20:17.046+0000] {processor.py:183} INFO - Processing /home/airflow/.local/lib/python3.8/site-packages/airflow/example_dags/example_branch_labels.py took 0.052 seconds
[2024-01-06T01:47:36.105+0000] {processor.py:161} INFO - Started process (PID=39450) to work on /home/airflow/.local/lib/python3.8/site-packages/airflow/example_dags/example_branch_labels.py
[2024-01-06T01:47:36.107+0000] {processor.py:830} INFO - Processing file /home/airflow/.local/lib/python3.8/site-packages/airflow/example_dags/example_branch_labels.py for tasks to queue
[2024-01-06T01:47:36.109+0000] {logging_mixin.py:188} INFO - [2024-01-06T01:47:36.109+0000] {dagbag.py:538} INFO - Filling up the DagBag from /home/airflow/.local/lib/python3.8/site-packages/airflow/example_dags/example_branch_labels.py
[2024-01-06T01:47:36.116+0000] {processor.py:840} INFO - DAG(s) 'example_branch_labels' retrieved from /home/airflow/.local/lib/python3.8/site-packages/airflow/example_dags/example_branch_labels.py
[2024-01-06T01:47:36.135+0000] {logging_mixin.py:188} INFO - [2024-01-06T01:47:36.135+0000] {dag.py:3033} INFO - Sync 1 DAGs
[2024-01-06T01:47:36.152+0000] {logging_mixin.py:188} INFO - [2024-01-06T01:47:36.152+0000] {dag.py:3820} INFO - Setting next_dagrun for example_branch_labels to 2024-01-05T00:00:00+00:00, run_after=2024-01-06T00:00:00+00:00
[2024-01-06T01:47:36.167+0000] {processor.py:183} INFO - Processing /home/airflow/.local/lib/python3.8/site-packages/airflow/example_dags/example_branch_labels.py took 0.065 seconds
[2024-01-06T01:48:06.752+0000] {processor.py:161} INFO - Started process (PID=39508) to work on /home/airflow/.local/lib/python3.8/site-packages/airflow/example_dags/example_branch_labels.py
[2024-01-06T01:48:06.754+0000] {processor.py:830} INFO - Processing file /home/airflow/.local/lib/python3.8/site-packages/airflow/example_dags/example_branch_labels.py for tasks to queue
[2024-01-06T01:48:06.756+0000] {logging_mixin.py:188} INFO - [2024-01-06T01:48:06.756+0000] {dagbag.py:538} INFO - Filling up the DagBag from /home/airflow/.local/lib/python3.8/site-packages/airflow/example_dags/example_branch_labels.py
[2024-01-06T01:48:06.762+0000] {processor.py:840} INFO - DAG(s) 'example_branch_labels' retrieved from /home/airflow/.local/lib/python3.8/site-packages/airflow/example_dags/example_branch_labels.py
[2024-01-06T01:48:06.781+0000] {logging_mixin.py:188} INFO - [2024-01-06T01:48:06.780+0000] {dag.py:3033} INFO - Sync 1 DAGs
[2024-01-06T01:48:06.796+0000] {logging_mixin.py:188} INFO - [2024-01-06T01:48:06.796+0000] {dag.py:3820} INFO - Setting next_dagrun for example_branch_labels to 2024-01-05T00:00:00+00:00, run_after=2024-01-06T00:00:00+00:00
[2024-01-06T01:48:06.813+0000] {processor.py:183} INFO - Processing /home/airflow/.local/lib/python3.8/site-packages/airflow/example_dags/example_branch_labels.py took 0.064 seconds
[2024-01-06T02:05:28.030+0000] {processor.py:161} INFO - Started process (PID=39566) to work on /home/airflow/.local/lib/python3.8/site-packages/airflow/example_dags/example_branch_labels.py
[2024-01-06T02:05:28.032+0000] {processor.py:830} INFO - Processing file /home/airflow/.local/lib/python3.8/site-packages/airflow/example_dags/example_branch_labels.py for tasks to queue
[2024-01-06T02:05:28.034+0000] {logging_mixin.py:188} INFO - [2024-01-06T02:05:28.034+0000] {dagbag.py:538} INFO - Filling up the DagBag from /home/airflow/.local/lib/python3.8/site-packages/airflow/example_dags/example_branch_labels.py
[2024-01-06T02:05:28.040+0000] {processor.py:840} INFO - DAG(s) 'example_branch_labels' retrieved from /home/airflow/.local/lib/python3.8/site-packages/airflow/example_dags/example_branch_labels.py
[2024-01-06T02:05:28.055+0000] {logging_mixin.py:188} INFO - [2024-01-06T02:05:28.055+0000] {dag.py:3033} INFO - Sync 1 DAGs
[2024-01-06T02:05:28.069+0000] {logging_mixin.py:188} INFO - [2024-01-06T02:05:28.069+0000] {dag.py:3820} INFO - Setting next_dagrun for example_branch_labels to 2024-01-05T00:00:00+00:00, run_after=2024-01-06T00:00:00+00:00
[2024-01-06T02:05:28.083+0000] {processor.py:183} INFO - Processing /home/airflow/.local/lib/python3.8/site-packages/airflow/example_dags/example_branch_labels.py took 0.055 seconds
[2024-01-06T02:16:27.806+0000] {processor.py:161} INFO - Started process (PID=39624) to work on /home/airflow/.local/lib/python3.8/site-packages/airflow/example_dags/example_branch_labels.py
[2024-01-06T02:16:27.808+0000] {processor.py:830} INFO - Processing file /home/airflow/.local/lib/python3.8/site-packages/airflow/example_dags/example_branch_labels.py for tasks to queue
[2024-01-06T02:16:27.810+0000] {logging_mixin.py:188} INFO - [2024-01-06T02:16:27.810+0000] {dagbag.py:538} INFO - Filling up the DagBag from /home/airflow/.local/lib/python3.8/site-packages/airflow/example_dags/example_branch_labels.py
[2024-01-06T02:16:27.816+0000] {processor.py:840} INFO - DAG(s) 'example_branch_labels' retrieved from /home/airflow/.local/lib/python3.8/site-packages/airflow/example_dags/example_branch_labels.py
[2024-01-06T02:16:27.831+0000] {logging_mixin.py:188} INFO - [2024-01-06T02:16:27.831+0000] {dag.py:3033} INFO - Sync 1 DAGs
[2024-01-06T02:16:27.846+0000] {logging_mixin.py:188} INFO - [2024-01-06T02:16:27.846+0000] {dag.py:3820} INFO - Setting next_dagrun for example_branch_labels to 2024-01-05T00:00:00+00:00, run_after=2024-01-06T00:00:00+00:00
[2024-01-06T02:16:27.859+0000] {processor.py:183} INFO - Processing /home/airflow/.local/lib/python3.8/site-packages/airflow/example_dags/example_branch_labels.py took 0.055 seconds
[2024-01-06T02:17:13.560+0000] {processor.py:161} INFO - Started process (PID=39682) to work on /home/airflow/.local/lib/python3.8/site-packages/airflow/example_dags/example_branch_labels.py
[2024-01-06T02:17:13.562+0000] {processor.py:830} INFO - Processing file /home/airflow/.local/lib/python3.8/site-packages/airflow/example_dags/example_branch_labels.py for tasks to queue
[2024-01-06T02:17:13.566+0000] {logging_mixin.py:188} INFO - [2024-01-06T02:17:13.566+0000] {dagbag.py:538} INFO - Filling up the DagBag from /home/airflow/.local/lib/python3.8/site-packages/airflow/example_dags/example_branch_labels.py
[2024-01-06T02:17:13.581+0000] {processor.py:840} INFO - DAG(s) 'example_branch_labels' retrieved from /home/airflow/.local/lib/python3.8/site-packages/airflow/example_dags/example_branch_labels.py
[2024-01-06T02:17:13.608+0000] {logging_mixin.py:188} INFO - [2024-01-06T02:17:13.608+0000] {dag.py:3033} INFO - Sync 1 DAGs
[2024-01-06T02:17:13.630+0000] {logging_mixin.py:188} INFO - [2024-01-06T02:17:13.630+0000] {dag.py:3820} INFO - Setting next_dagrun for example_branch_labels to 2024-01-05T00:00:00+00:00, run_after=2024-01-06T00:00:00+00:00
[2024-01-06T02:17:13.666+0000] {processor.py:183} INFO - Processing /home/airflow/.local/lib/python3.8/site-packages/airflow/example_dags/example_branch_labels.py took 0.111 seconds
[2024-01-06T02:17:44.503+0000] {processor.py:161} INFO - Started process (PID=39740) to work on /home/airflow/.local/lib/python3.8/site-packages/airflow/example_dags/example_branch_labels.py
[2024-01-06T02:17:44.506+0000] {processor.py:830} INFO - Processing file /home/airflow/.local/lib/python3.8/site-packages/airflow/example_dags/example_branch_labels.py for tasks to queue
[2024-01-06T02:17:44.508+0000] {logging_mixin.py:188} INFO - [2024-01-06T02:17:44.508+0000] {dagbag.py:538} INFO - Filling up the DagBag from /home/airflow/.local/lib/python3.8/site-packages/airflow/example_dags/example_branch_labels.py
[2024-01-06T02:17:44.513+0000] {processor.py:840} INFO - DAG(s) 'example_branch_labels' retrieved from /home/airflow/.local/lib/python3.8/site-packages/airflow/example_dags/example_branch_labels.py
[2024-01-06T02:17:44.530+0000] {logging_mixin.py:188} INFO - [2024-01-06T02:17:44.529+0000] {dag.py:3033} INFO - Sync 1 DAGs
[2024-01-06T02:17:44.543+0000] {logging_mixin.py:188} INFO - [2024-01-06T02:17:44.543+0000] {dag.py:3820} INFO - Setting next_dagrun for example_branch_labels to 2024-01-05T00:00:00+00:00, run_after=2024-01-06T00:00:00+00:00
[2024-01-06T02:17:44.556+0000] {processor.py:183} INFO - Processing /home/airflow/.local/lib/python3.8/site-packages/airflow/example_dags/example_branch_labels.py took 0.055 seconds
[2024-01-06T02:18:14.926+0000] {processor.py:161} INFO - Started process (PID=39798) to work on /home/airflow/.local/lib/python3.8/site-packages/airflow/example_dags/example_branch_labels.py
[2024-01-06T02:18:14.929+0000] {processor.py:830} INFO - Processing file /home/airflow/.local/lib/python3.8/site-packages/airflow/example_dags/example_branch_labels.py for tasks to queue
[2024-01-06T02:18:14.931+0000] {logging_mixin.py:188} INFO - [2024-01-06T02:18:14.931+0000] {dagbag.py:538} INFO - Filling up the DagBag from /home/airflow/.local/lib/python3.8/site-packages/airflow/example_dags/example_branch_labels.py
[2024-01-06T02:18:14.938+0000] {processor.py:840} INFO - DAG(s) 'example_branch_labels' retrieved from /home/airflow/.local/lib/python3.8/site-packages/airflow/example_dags/example_branch_labels.py
[2024-01-06T02:18:14.957+0000] {logging_mixin.py:188} INFO - [2024-01-06T02:18:14.957+0000] {dag.py:3033} INFO - Sync 1 DAGs
[2024-01-06T02:18:14.973+0000] {logging_mixin.py:188} INFO - [2024-01-06T02:18:14.973+0000] {dag.py:3820} INFO - Setting next_dagrun for example_branch_labels to 2024-01-05T00:00:00+00:00, run_after=2024-01-06T00:00:00+00:00
[2024-01-06T02:18:14.987+0000] {processor.py:183} INFO - Processing /home/airflow/.local/lib/python3.8/site-packages/airflow/example_dags/example_branch_labels.py took 0.063 seconds
[2024-01-06T02:18:45.471+0000] {processor.py:161} INFO - Started process (PID=39856) to work on /home/airflow/.local/lib/python3.8/site-packages/airflow/example_dags/example_branch_labels.py
[2024-01-06T02:18:45.473+0000] {processor.py:830} INFO - Processing file /home/airflow/.local/lib/python3.8/site-packages/airflow/example_dags/example_branch_labels.py for tasks to queue
[2024-01-06T02:18:45.475+0000] {logging_mixin.py:188} INFO - [2024-01-06T02:18:45.475+0000] {dagbag.py:538} INFO - Filling up the DagBag from /home/airflow/.local/lib/python3.8/site-packages/airflow/example_dags/example_branch_labels.py
[2024-01-06T02:18:45.482+0000] {processor.py:840} INFO - DAG(s) 'example_branch_labels' retrieved from /home/airflow/.local/lib/python3.8/site-packages/airflow/example_dags/example_branch_labels.py
[2024-01-06T02:18:45.501+0000] {logging_mixin.py:188} INFO - [2024-01-06T02:18:45.500+0000] {dag.py:3033} INFO - Sync 1 DAGs
[2024-01-06T02:18:45.517+0000] {logging_mixin.py:188} INFO - [2024-01-06T02:18:45.517+0000] {dag.py:3820} INFO - Setting next_dagrun for example_branch_labels to 2024-01-05T00:00:00+00:00, run_after=2024-01-06T00:00:00+00:00
[2024-01-06T02:18:45.536+0000] {processor.py:183} INFO - Processing /home/airflow/.local/lib/python3.8/site-packages/airflow/example_dags/example_branch_labels.py took 0.067 seconds
[2024-01-06T02:19:16.144+0000] {processor.py:161} INFO - Started process (PID=39915) to work on /home/airflow/.local/lib/python3.8/site-packages/airflow/example_dags/example_branch_labels.py
[2024-01-06T02:19:16.147+0000] {processor.py:830} INFO - Processing file /home/airflow/.local/lib/python3.8/site-packages/airflow/example_dags/example_branch_labels.py for tasks to queue
[2024-01-06T02:19:16.149+0000] {logging_mixin.py:188} INFO - [2024-01-06T02:19:16.148+0000] {dagbag.py:538} INFO - Filling up the DagBag from /home/airflow/.local/lib/python3.8/site-packages/airflow/example_dags/example_branch_labels.py
[2024-01-06T02:19:16.155+0000] {processor.py:840} INFO - DAG(s) 'example_branch_labels' retrieved from /home/airflow/.local/lib/python3.8/site-packages/airflow/example_dags/example_branch_labels.py
[2024-01-06T02:19:16.172+0000] {logging_mixin.py:188} INFO - [2024-01-06T02:19:16.172+0000] {dag.py:3033} INFO - Sync 1 DAGs
[2024-01-06T02:19:16.186+0000] {logging_mixin.py:188} INFO - [2024-01-06T02:19:16.186+0000] {dag.py:3820} INFO - Setting next_dagrun for example_branch_labels to 2024-01-05T00:00:00+00:00, run_after=2024-01-06T00:00:00+00:00
[2024-01-06T02:19:16.199+0000] {processor.py:183} INFO - Processing /home/airflow/.local/lib/python3.8/site-packages/airflow/example_dags/example_branch_labels.py took 0.057 seconds
[2024-01-06T02:19:46.827+0000] {processor.py:161} INFO - Started process (PID=39973) to work on /home/airflow/.local/lib/python3.8/site-packages/airflow/example_dags/example_branch_labels.py
[2024-01-06T02:19:46.829+0000] {processor.py:830} INFO - Processing file /home/airflow/.local/lib/python3.8/site-packages/airflow/example_dags/example_branch_labels.py for tasks to queue
[2024-01-06T02:19:46.832+0000] {logging_mixin.py:188} INFO - [2024-01-06T02:19:46.831+0000] {dagbag.py:538} INFO - Filling up the DagBag from /home/airflow/.local/lib/python3.8/site-packages/airflow/example_dags/example_branch_labels.py
[2024-01-06T02:19:46.838+0000] {processor.py:840} INFO - DAG(s) 'example_branch_labels' retrieved from /home/airflow/.local/lib/python3.8/site-packages/airflow/example_dags/example_branch_labels.py
[2024-01-06T02:19:46.855+0000] {logging_mixin.py:188} INFO - [2024-01-06T02:19:46.855+0000] {dag.py:3033} INFO - Sync 1 DAGs
[2024-01-06T02:19:46.868+0000] {logging_mixin.py:188} INFO - [2024-01-06T02:19:46.868+0000] {dag.py:3820} INFO - Setting next_dagrun for example_branch_labels to 2024-01-05T00:00:00+00:00, run_after=2024-01-06T00:00:00+00:00
[2024-01-06T02:19:46.881+0000] {processor.py:183} INFO - Processing /home/airflow/.local/lib/python3.8/site-packages/airflow/example_dags/example_branch_labels.py took 0.057 seconds
[2024-01-06T02:20:17.233+0000] {processor.py:161} INFO - Started process (PID=40031) to work on /home/airflow/.local/lib/python3.8/site-packages/airflow/example_dags/example_branch_labels.py
[2024-01-06T02:20:17.235+0000] {processor.py:830} INFO - Processing file /home/airflow/.local/lib/python3.8/site-packages/airflow/example_dags/example_branch_labels.py for tasks to queue
[2024-01-06T02:20:17.237+0000] {logging_mixin.py:188} INFO - [2024-01-06T02:20:17.237+0000] {dagbag.py:538} INFO - Filling up the DagBag from /home/airflow/.local/lib/python3.8/site-packages/airflow/example_dags/example_branch_labels.py
[2024-01-06T02:20:17.243+0000] {processor.py:840} INFO - DAG(s) 'example_branch_labels' retrieved from /home/airflow/.local/lib/python3.8/site-packages/airflow/example_dags/example_branch_labels.py
[2024-01-06T02:20:17.259+0000] {logging_mixin.py:188} INFO - [2024-01-06T02:20:17.259+0000] {dag.py:3033} INFO - Sync 1 DAGs
[2024-01-06T02:20:17.274+0000] {logging_mixin.py:188} INFO - [2024-01-06T02:20:17.274+0000] {dag.py:3820} INFO - Setting next_dagrun for example_branch_labels to 2024-01-05T00:00:00+00:00, run_after=2024-01-06T00:00:00+00:00
[2024-01-06T02:20:17.286+0000] {processor.py:183} INFO - Processing /home/airflow/.local/lib/python3.8/site-packages/airflow/example_dags/example_branch_labels.py took 0.055 seconds
[2024-01-06T02:20:47.834+0000] {processor.py:161} INFO - Started process (PID=40089) to work on /home/airflow/.local/lib/python3.8/site-packages/airflow/example_dags/example_branch_labels.py
[2024-01-06T02:20:47.836+0000] {processor.py:830} INFO - Processing file /home/airflow/.local/lib/python3.8/site-packages/airflow/example_dags/example_branch_labels.py for tasks to queue
[2024-01-06T02:20:47.838+0000] {logging_mixin.py:188} INFO - [2024-01-06T02:20:47.838+0000] {dagbag.py:538} INFO - Filling up the DagBag from /home/airflow/.local/lib/python3.8/site-packages/airflow/example_dags/example_branch_labels.py
[2024-01-06T02:20:47.844+0000] {processor.py:840} INFO - DAG(s) 'example_branch_labels' retrieved from /home/airflow/.local/lib/python3.8/site-packages/airflow/example_dags/example_branch_labels.py
[2024-01-06T02:20:47.860+0000] {logging_mixin.py:188} INFO - [2024-01-06T02:20:47.860+0000] {dag.py:3033} INFO - Sync 1 DAGs
[2024-01-06T02:20:47.874+0000] {logging_mixin.py:188} INFO - [2024-01-06T02:20:47.874+0000] {dag.py:3820} INFO - Setting next_dagrun for example_branch_labels to 2024-01-05T00:00:00+00:00, run_after=2024-01-06T00:00:00+00:00
[2024-01-06T02:20:47.885+0000] {processor.py:183} INFO - Processing /home/airflow/.local/lib/python3.8/site-packages/airflow/example_dags/example_branch_labels.py took 0.053 seconds
[2024-01-06T02:21:18.677+0000] {processor.py:161} INFO - Started process (PID=40147) to work on /home/airflow/.local/lib/python3.8/site-packages/airflow/example_dags/example_branch_labels.py
[2024-01-06T02:21:18.692+0000] {processor.py:830} INFO - Processing file /home/airflow/.local/lib/python3.8/site-packages/airflow/example_dags/example_branch_labels.py for tasks to queue
[2024-01-06T02:21:18.726+0000] {logging_mixin.py:188} INFO - [2024-01-06T02:21:18.726+0000] {dagbag.py:538} INFO - Filling up the DagBag from /home/airflow/.local/lib/python3.8/site-packages/airflow/example_dags/example_branch_labels.py
[2024-01-06T02:21:18.749+0000] {processor.py:840} INFO - DAG(s) 'example_branch_labels' retrieved from /home/airflow/.local/lib/python3.8/site-packages/airflow/example_dags/example_branch_labels.py
[2024-01-06T02:21:18.780+0000] {logging_mixin.py:188} INFO - [2024-01-06T02:21:18.780+0000] {dag.py:3033} INFO - Sync 1 DAGs
[2024-01-06T02:21:18.798+0000] {logging_mixin.py:188} INFO - [2024-01-06T02:21:18.798+0000] {dag.py:3820} INFO - Setting next_dagrun for example_branch_labels to 2024-01-05T00:00:00+00:00, run_after=2024-01-06T00:00:00+00:00
[2024-01-06T02:21:18.813+0000] {processor.py:183} INFO - Processing /home/airflow/.local/lib/python3.8/site-packages/airflow/example_dags/example_branch_labels.py took 0.138 seconds
[2024-01-06T02:21:48.994+0000] {processor.py:161} INFO - Started process (PID=40211) to work on /home/airflow/.local/lib/python3.8/site-packages/airflow/example_dags/example_branch_labels.py
[2024-01-06T02:21:48.998+0000] {processor.py:830} INFO - Processing file /home/airflow/.local/lib/python3.8/site-packages/airflow/example_dags/example_branch_labels.py for tasks to queue
[2024-01-06T02:21:49.017+0000] {logging_mixin.py:188} INFO - [2024-01-06T02:21:49.017+0000] {dagbag.py:538} INFO - Filling up the DagBag from /home/airflow/.local/lib/python3.8/site-packages/airflow/example_dags/example_branch_labels.py
[2024-01-06T02:21:49.041+0000] {processor.py:840} INFO - DAG(s) 'example_branch_labels' retrieved from /home/airflow/.local/lib/python3.8/site-packages/airflow/example_dags/example_branch_labels.py
[2024-01-06T02:21:49.071+0000] {logging_mixin.py:188} INFO - [2024-01-06T02:21:49.071+0000] {dag.py:3033} INFO - Sync 1 DAGs
[2024-01-06T02:21:49.086+0000] {logging_mixin.py:188} INFO - [2024-01-06T02:21:49.086+0000] {dag.py:3820} INFO - Setting next_dagrun for example_branch_labels to 2024-01-05T00:00:00+00:00, run_after=2024-01-06T00:00:00+00:00
[2024-01-06T02:21:49.099+0000] {processor.py:183} INFO - Processing /home/airflow/.local/lib/python3.8/site-packages/airflow/example_dags/example_branch_labels.py took 0.109 seconds
[2024-01-06T02:22:20.089+0000] {processor.py:161} INFO - Started process (PID=40269) to work on /home/airflow/.local/lib/python3.8/site-packages/airflow/example_dags/example_branch_labels.py
[2024-01-06T02:22:20.091+0000] {processor.py:830} INFO - Processing file /home/airflow/.local/lib/python3.8/site-packages/airflow/example_dags/example_branch_labels.py for tasks to queue
[2024-01-06T02:22:20.094+0000] {logging_mixin.py:188} INFO - [2024-01-06T02:22:20.094+0000] {dagbag.py:538} INFO - Filling up the DagBag from /home/airflow/.local/lib/python3.8/site-packages/airflow/example_dags/example_branch_labels.py
[2024-01-06T02:22:20.106+0000] {processor.py:840} INFO - DAG(s) 'example_branch_labels' retrieved from /home/airflow/.local/lib/python3.8/site-packages/airflow/example_dags/example_branch_labels.py
[2024-01-06T02:22:20.128+0000] {logging_mixin.py:188} INFO - [2024-01-06T02:22:20.128+0000] {dag.py:3033} INFO - Sync 1 DAGs
[2024-01-06T02:22:20.144+0000] {logging_mixin.py:188} INFO - [2024-01-06T02:22:20.144+0000] {dag.py:3820} INFO - Setting next_dagrun for example_branch_labels to 2024-01-05T00:00:00+00:00, run_after=2024-01-06T00:00:00+00:00
[2024-01-06T02:22:20.157+0000] {processor.py:183} INFO - Processing /home/airflow/.local/lib/python3.8/site-packages/airflow/example_dags/example_branch_labels.py took 0.071 seconds
[2024-01-06T02:22:50.661+0000] {processor.py:161} INFO - Started process (PID=40327) to work on /home/airflow/.local/lib/python3.8/site-packages/airflow/example_dags/example_branch_labels.py
[2024-01-06T02:22:50.663+0000] {processor.py:830} INFO - Processing file /home/airflow/.local/lib/python3.8/site-packages/airflow/example_dags/example_branch_labels.py for tasks to queue
[2024-01-06T02:22:50.665+0000] {logging_mixin.py:188} INFO - [2024-01-06T02:22:50.665+0000] {dagbag.py:538} INFO - Filling up the DagBag from /home/airflow/.local/lib/python3.8/site-packages/airflow/example_dags/example_branch_labels.py
[2024-01-06T02:22:50.671+0000] {processor.py:840} INFO - DAG(s) 'example_branch_labels' retrieved from /home/airflow/.local/lib/python3.8/site-packages/airflow/example_dags/example_branch_labels.py
[2024-01-06T02:22:50.687+0000] {logging_mixin.py:188} INFO - [2024-01-06T02:22:50.687+0000] {dag.py:3033} INFO - Sync 1 DAGs
[2024-01-06T02:22:50.700+0000] {logging_mixin.py:188} INFO - [2024-01-06T02:22:50.700+0000] {dag.py:3820} INFO - Setting next_dagrun for example_branch_labels to 2024-01-05T00:00:00+00:00, run_after=2024-01-06T00:00:00+00:00
[2024-01-06T02:22:50.712+0000] {processor.py:183} INFO - Processing /home/airflow/.local/lib/python3.8/site-packages/airflow/example_dags/example_branch_labels.py took 0.054 seconds
[2024-01-06T02:23:21.599+0000] {processor.py:161} INFO - Started process (PID=40385) to work on /home/airflow/.local/lib/python3.8/site-packages/airflow/example_dags/example_branch_labels.py
[2024-01-06T02:23:21.600+0000] {processor.py:830} INFO - Processing file /home/airflow/.local/lib/python3.8/site-packages/airflow/example_dags/example_branch_labels.py for tasks to queue
[2024-01-06T02:23:21.603+0000] {logging_mixin.py:188} INFO - [2024-01-06T02:23:21.603+0000] {dagbag.py:538} INFO - Filling up the DagBag from /home/airflow/.local/lib/python3.8/site-packages/airflow/example_dags/example_branch_labels.py
[2024-01-06T02:23:21.610+0000] {processor.py:840} INFO - DAG(s) 'example_branch_labels' retrieved from /home/airflow/.local/lib/python3.8/site-packages/airflow/example_dags/example_branch_labels.py
[2024-01-06T02:23:21.630+0000] {logging_mixin.py:188} INFO - [2024-01-06T02:23:21.630+0000] {dag.py:3033} INFO - Sync 1 DAGs
[2024-01-06T02:23:21.646+0000] {logging_mixin.py:188} INFO - [2024-01-06T02:23:21.646+0000] {dag.py:3820} INFO - Setting next_dagrun for example_branch_labels to 2024-01-05T00:00:00+00:00, run_after=2024-01-06T00:00:00+00:00
[2024-01-06T02:23:21.660+0000] {processor.py:183} INFO - Processing /home/airflow/.local/lib/python3.8/site-packages/airflow/example_dags/example_branch_labels.py took 0.064 seconds
[2024-01-06T02:23:51.990+0000] {processor.py:161} INFO - Started process (PID=40443) to work on /home/airflow/.local/lib/python3.8/site-packages/airflow/example_dags/example_branch_labels.py
[2024-01-06T02:23:51.992+0000] {processor.py:830} INFO - Processing file /home/airflow/.local/lib/python3.8/site-packages/airflow/example_dags/example_branch_labels.py for tasks to queue
[2024-01-06T02:23:51.995+0000] {logging_mixin.py:188} INFO - [2024-01-06T02:23:51.995+0000] {dagbag.py:538} INFO - Filling up the DagBag from /home/airflow/.local/lib/python3.8/site-packages/airflow/example_dags/example_branch_labels.py
[2024-01-06T02:23:52.001+0000] {processor.py:840} INFO - DAG(s) 'example_branch_labels' retrieved from /home/airflow/.local/lib/python3.8/site-packages/airflow/example_dags/example_branch_labels.py
[2024-01-06T02:23:52.017+0000] {logging_mixin.py:188} INFO - [2024-01-06T02:23:52.017+0000] {dag.py:3033} INFO - Sync 1 DAGs
[2024-01-06T02:23:52.033+0000] {logging_mixin.py:188} INFO - [2024-01-06T02:23:52.033+0000] {dag.py:3820} INFO - Setting next_dagrun for example_branch_labels to 2024-01-05T00:00:00+00:00, run_after=2024-01-06T00:00:00+00:00
[2024-01-06T02:23:52.045+0000] {processor.py:183} INFO - Processing /home/airflow/.local/lib/python3.8/site-packages/airflow/example_dags/example_branch_labels.py took 0.058 seconds
[2024-01-06T02:24:22.444+0000] {processor.py:161} INFO - Started process (PID=40501) to work on /home/airflow/.local/lib/python3.8/site-packages/airflow/example_dags/example_branch_labels.py
[2024-01-06T02:24:22.446+0000] {processor.py:830} INFO - Processing file /home/airflow/.local/lib/python3.8/site-packages/airflow/example_dags/example_branch_labels.py for tasks to queue
[2024-01-06T02:24:22.448+0000] {logging_mixin.py:188} INFO - [2024-01-06T02:24:22.448+0000] {dagbag.py:538} INFO - Filling up the DagBag from /home/airflow/.local/lib/python3.8/site-packages/airflow/example_dags/example_branch_labels.py
[2024-01-06T02:24:22.454+0000] {processor.py:840} INFO - DAG(s) 'example_branch_labels' retrieved from /home/airflow/.local/lib/python3.8/site-packages/airflow/example_dags/example_branch_labels.py
[2024-01-06T02:24:22.470+0000] {logging_mixin.py:188} INFO - [2024-01-06T02:24:22.469+0000] {dag.py:3033} INFO - Sync 1 DAGs
[2024-01-06T02:24:22.485+0000] {logging_mixin.py:188} INFO - [2024-01-06T02:24:22.485+0000] {dag.py:3820} INFO - Setting next_dagrun for example_branch_labels to 2024-01-05T00:00:00+00:00, run_after=2024-01-06T00:00:00+00:00
[2024-01-06T02:24:22.498+0000] {processor.py:183} INFO - Processing /home/airflow/.local/lib/python3.8/site-packages/airflow/example_dags/example_branch_labels.py took 0.056 seconds
[2024-01-06T02:24:52.838+0000] {processor.py:161} INFO - Started process (PID=40559) to work on /home/airflow/.local/lib/python3.8/site-packages/airflow/example_dags/example_branch_labels.py
[2024-01-06T02:24:52.840+0000] {processor.py:830} INFO - Processing file /home/airflow/.local/lib/python3.8/site-packages/airflow/example_dags/example_branch_labels.py for tasks to queue
[2024-01-06T02:24:52.842+0000] {logging_mixin.py:188} INFO - [2024-01-06T02:24:52.842+0000] {dagbag.py:538} INFO - Filling up the DagBag from /home/airflow/.local/lib/python3.8/site-packages/airflow/example_dags/example_branch_labels.py
[2024-01-06T02:24:52.853+0000] {processor.py:840} INFO - DAG(s) 'example_branch_labels' retrieved from /home/airflow/.local/lib/python3.8/site-packages/airflow/example_dags/example_branch_labels.py
[2024-01-06T02:24:52.873+0000] {logging_mixin.py:188} INFO - [2024-01-06T02:24:52.873+0000] {dag.py:3033} INFO - Sync 1 DAGs
[2024-01-06T02:24:52.889+0000] {logging_mixin.py:188} INFO - [2024-01-06T02:24:52.889+0000] {dag.py:3820} INFO - Setting next_dagrun for example_branch_labels to 2024-01-05T00:00:00+00:00, run_after=2024-01-06T00:00:00+00:00
[2024-01-06T02:24:52.902+0000] {processor.py:183} INFO - Processing /home/airflow/.local/lib/python3.8/site-packages/airflow/example_dags/example_branch_labels.py took 0.066 seconds
[2024-01-06T02:25:23.934+0000] {processor.py:161} INFO - Started process (PID=40617) to work on /home/airflow/.local/lib/python3.8/site-packages/airflow/example_dags/example_branch_labels.py
[2024-01-06T02:25:23.935+0000] {processor.py:830} INFO - Processing file /home/airflow/.local/lib/python3.8/site-packages/airflow/example_dags/example_branch_labels.py for tasks to queue
[2024-01-06T02:25:23.938+0000] {logging_mixin.py:188} INFO - [2024-01-06T02:25:23.937+0000] {dagbag.py:538} INFO - Filling up the DagBag from /home/airflow/.local/lib/python3.8/site-packages/airflow/example_dags/example_branch_labels.py
[2024-01-06T02:25:23.946+0000] {processor.py:840} INFO - DAG(s) 'example_branch_labels' retrieved from /home/airflow/.local/lib/python3.8/site-packages/airflow/example_dags/example_branch_labels.py
[2024-01-06T02:25:23.964+0000] {logging_mixin.py:188} INFO - [2024-01-06T02:25:23.963+0000] {dag.py:3033} INFO - Sync 1 DAGs
[2024-01-06T02:25:23.980+0000] {logging_mixin.py:188} INFO - [2024-01-06T02:25:23.980+0000] {dag.py:3820} INFO - Setting next_dagrun for example_branch_labels to 2024-01-05T00:00:00+00:00, run_after=2024-01-06T00:00:00+00:00
[2024-01-06T02:25:23.996+0000] {processor.py:183} INFO - Processing /home/airflow/.local/lib/python3.8/site-packages/airflow/example_dags/example_branch_labels.py took 0.065 seconds
[2024-01-06T02:25:54.069+0000] {processor.py:161} INFO - Started process (PID=40675) to work on /home/airflow/.local/lib/python3.8/site-packages/airflow/example_dags/example_branch_labels.py
[2024-01-06T02:25:54.071+0000] {processor.py:830} INFO - Processing file /home/airflow/.local/lib/python3.8/site-packages/airflow/example_dags/example_branch_labels.py for tasks to queue
[2024-01-06T02:25:54.073+0000] {logging_mixin.py:188} INFO - [2024-01-06T02:25:54.073+0000] {dagbag.py:538} INFO - Filling up the DagBag from /home/airflow/.local/lib/python3.8/site-packages/airflow/example_dags/example_branch_labels.py
[2024-01-06T02:25:54.079+0000] {processor.py:840} INFO - DAG(s) 'example_branch_labels' retrieved from /home/airflow/.local/lib/python3.8/site-packages/airflow/example_dags/example_branch_labels.py
[2024-01-06T02:25:54.094+0000] {logging_mixin.py:188} INFO - [2024-01-06T02:25:54.094+0000] {dag.py:3033} INFO - Sync 1 DAGs
[2024-01-06T02:25:54.106+0000] {logging_mixin.py:188} INFO - [2024-01-06T02:25:54.106+0000] {dag.py:3820} INFO - Setting next_dagrun for example_branch_labels to 2024-01-05T00:00:00+00:00, run_after=2024-01-06T00:00:00+00:00
[2024-01-06T02:25:54.116+0000] {processor.py:183} INFO - Processing /home/airflow/.local/lib/python3.8/site-packages/airflow/example_dags/example_branch_labels.py took 0.050 seconds
[2024-01-06T02:26:26.513+0000] {processor.py:161} INFO - Started process (PID=40733) to work on /home/airflow/.local/lib/python3.8/site-packages/airflow/example_dags/example_branch_labels.py
[2024-01-06T02:26:26.515+0000] {processor.py:830} INFO - Processing file /home/airflow/.local/lib/python3.8/site-packages/airflow/example_dags/example_branch_labels.py for tasks to queue
[2024-01-06T02:26:26.517+0000] {logging_mixin.py:188} INFO - [2024-01-06T02:26:26.517+0000] {dagbag.py:538} INFO - Filling up the DagBag from /home/airflow/.local/lib/python3.8/site-packages/airflow/example_dags/example_branch_labels.py
[2024-01-06T02:26:26.523+0000] {processor.py:840} INFO - DAG(s) 'example_branch_labels' retrieved from /home/airflow/.local/lib/python3.8/site-packages/airflow/example_dags/example_branch_labels.py
[2024-01-06T02:26:26.539+0000] {logging_mixin.py:188} INFO - [2024-01-06T02:26:26.539+0000] {dag.py:3033} INFO - Sync 1 DAGs
[2024-01-06T02:26:26.552+0000] {logging_mixin.py:188} INFO - [2024-01-06T02:26:26.552+0000] {dag.py:3820} INFO - Setting next_dagrun for example_branch_labels to 2024-01-05T00:00:00+00:00, run_after=2024-01-06T00:00:00+00:00
[2024-01-06T02:26:26.565+0000] {processor.py:183} INFO - Processing /home/airflow/.local/lib/python3.8/site-packages/airflow/example_dags/example_branch_labels.py took 0.055 seconds
[2024-01-06T02:26:57.310+0000] {processor.py:161} INFO - Started process (PID=40791) to work on /home/airflow/.local/lib/python3.8/site-packages/airflow/example_dags/example_branch_labels.py
[2024-01-06T02:26:57.312+0000] {processor.py:830} INFO - Processing file /home/airflow/.local/lib/python3.8/site-packages/airflow/example_dags/example_branch_labels.py for tasks to queue
[2024-01-06T02:26:57.315+0000] {logging_mixin.py:188} INFO - [2024-01-06T02:26:57.315+0000] {dagbag.py:538} INFO - Filling up the DagBag from /home/airflow/.local/lib/python3.8/site-packages/airflow/example_dags/example_branch_labels.py
[2024-01-06T02:26:57.322+0000] {processor.py:840} INFO - DAG(s) 'example_branch_labels' retrieved from /home/airflow/.local/lib/python3.8/site-packages/airflow/example_dags/example_branch_labels.py
[2024-01-06T02:26:57.350+0000] {logging_mixin.py:188} INFO - [2024-01-06T02:26:57.350+0000] {dag.py:3033} INFO - Sync 1 DAGs
[2024-01-06T02:26:57.366+0000] {logging_mixin.py:188} INFO - [2024-01-06T02:26:57.365+0000] {dag.py:3820} INFO - Setting next_dagrun for example_branch_labels to 2024-01-05T00:00:00+00:00, run_after=2024-01-06T00:00:00+00:00
[2024-01-06T02:26:57.378+0000] {processor.py:183} INFO - Processing /home/airflow/.local/lib/python3.8/site-packages/airflow/example_dags/example_branch_labels.py took 0.070 seconds
[2024-01-06T02:27:28.010+0000] {processor.py:161} INFO - Started process (PID=40849) to work on /home/airflow/.local/lib/python3.8/site-packages/airflow/example_dags/example_branch_labels.py
[2024-01-06T02:27:28.011+0000] {processor.py:830} INFO - Processing file /home/airflow/.local/lib/python3.8/site-packages/airflow/example_dags/example_branch_labels.py for tasks to queue
[2024-01-06T02:27:28.014+0000] {logging_mixin.py:188} INFO - [2024-01-06T02:27:28.013+0000] {dagbag.py:538} INFO - Filling up the DagBag from /home/airflow/.local/lib/python3.8/site-packages/airflow/example_dags/example_branch_labels.py
[2024-01-06T02:27:28.021+0000] {processor.py:840} INFO - DAG(s) 'example_branch_labels' retrieved from /home/airflow/.local/lib/python3.8/site-packages/airflow/example_dags/example_branch_labels.py
[2024-01-06T02:27:28.037+0000] {logging_mixin.py:188} INFO - [2024-01-06T02:27:28.037+0000] {dag.py:3033} INFO - Sync 1 DAGs
[2024-01-06T02:27:28.052+0000] {logging_mixin.py:188} INFO - [2024-01-06T02:27:28.052+0000] {dag.py:3820} INFO - Setting next_dagrun for example_branch_labels to 2024-01-05T00:00:00+00:00, run_after=2024-01-06T00:00:00+00:00
[2024-01-06T02:27:28.064+0000] {processor.py:183} INFO - Processing /home/airflow/.local/lib/python3.8/site-packages/airflow/example_dags/example_branch_labels.py took 0.057 seconds
[2024-01-06T02:27:58.872+0000] {processor.py:161} INFO - Started process (PID=40907) to work on /home/airflow/.local/lib/python3.8/site-packages/airflow/example_dags/example_branch_labels.py
[2024-01-06T02:27:58.874+0000] {processor.py:830} INFO - Processing file /home/airflow/.local/lib/python3.8/site-packages/airflow/example_dags/example_branch_labels.py for tasks to queue
[2024-01-06T02:27:58.877+0000] {logging_mixin.py:188} INFO - [2024-01-06T02:27:58.877+0000] {dagbag.py:538} INFO - Filling up the DagBag from /home/airflow/.local/lib/python3.8/site-packages/airflow/example_dags/example_branch_labels.py
[2024-01-06T02:27:58.895+0000] {processor.py:840} INFO - DAG(s) 'example_branch_labels' retrieved from /home/airflow/.local/lib/python3.8/site-packages/airflow/example_dags/example_branch_labels.py
[2024-01-06T02:27:58.922+0000] {logging_mixin.py:188} INFO - [2024-01-06T02:27:58.922+0000] {dag.py:3033} INFO - Sync 1 DAGs
[2024-01-06T02:27:58.957+0000] {logging_mixin.py:188} INFO - [2024-01-06T02:27:58.957+0000] {dag.py:3820} INFO - Setting next_dagrun for example_branch_labels to 2024-01-05T00:00:00+00:00, run_after=2024-01-06T00:00:00+00:00
[2024-01-06T02:27:58.972+0000] {processor.py:183} INFO - Processing /home/airflow/.local/lib/python3.8/site-packages/airflow/example_dags/example_branch_labels.py took 0.103 seconds
[2024-01-06T02:28:29.407+0000] {processor.py:161} INFO - Started process (PID=40965) to work on /home/airflow/.local/lib/python3.8/site-packages/airflow/example_dags/example_branch_labels.py
[2024-01-06T02:28:29.408+0000] {processor.py:830} INFO - Processing file /home/airflow/.local/lib/python3.8/site-packages/airflow/example_dags/example_branch_labels.py for tasks to queue
[2024-01-06T02:28:29.410+0000] {logging_mixin.py:188} INFO - [2024-01-06T02:28:29.410+0000] {dagbag.py:538} INFO - Filling up the DagBag from /home/airflow/.local/lib/python3.8/site-packages/airflow/example_dags/example_branch_labels.py
[2024-01-06T02:28:29.417+0000] {processor.py:840} INFO - DAG(s) 'example_branch_labels' retrieved from /home/airflow/.local/lib/python3.8/site-packages/airflow/example_dags/example_branch_labels.py
[2024-01-06T02:28:29.433+0000] {logging_mixin.py:188} INFO - [2024-01-06T02:28:29.432+0000] {dag.py:3033} INFO - Sync 1 DAGs
[2024-01-06T02:28:29.446+0000] {logging_mixin.py:188} INFO - [2024-01-06T02:28:29.446+0000] {dag.py:3820} INFO - Setting next_dagrun for example_branch_labels to 2024-01-05T00:00:00+00:00, run_after=2024-01-06T00:00:00+00:00
[2024-01-06T02:28:29.458+0000] {processor.py:183} INFO - Processing /home/airflow/.local/lib/python3.8/site-packages/airflow/example_dags/example_branch_labels.py took 0.054 seconds
[2024-01-06T02:29:00.097+0000] {processor.py:161} INFO - Started process (PID=41023) to work on /home/airflow/.local/lib/python3.8/site-packages/airflow/example_dags/example_branch_labels.py
[2024-01-06T02:29:00.099+0000] {processor.py:830} INFO - Processing file /home/airflow/.local/lib/python3.8/site-packages/airflow/example_dags/example_branch_labels.py for tasks to queue
[2024-01-06T02:29:00.102+0000] {logging_mixin.py:188} INFO - [2024-01-06T02:29:00.101+0000] {dagbag.py:538} INFO - Filling up the DagBag from /home/airflow/.local/lib/python3.8/site-packages/airflow/example_dags/example_branch_labels.py
[2024-01-06T02:29:00.109+0000] {processor.py:840} INFO - DAG(s) 'example_branch_labels' retrieved from /home/airflow/.local/lib/python3.8/site-packages/airflow/example_dags/example_branch_labels.py
[2024-01-06T02:29:00.131+0000] {logging_mixin.py:188} INFO - [2024-01-06T02:29:00.130+0000] {dag.py:3033} INFO - Sync 1 DAGs
[2024-01-06T02:29:00.149+0000] {logging_mixin.py:188} INFO - [2024-01-06T02:29:00.149+0000] {dag.py:3820} INFO - Setting next_dagrun for example_branch_labels to 2024-01-05T00:00:00+00:00, run_after=2024-01-06T00:00:00+00:00
[2024-01-06T02:29:00.163+0000] {processor.py:183} INFO - Processing /home/airflow/.local/lib/python3.8/site-packages/airflow/example_dags/example_branch_labels.py took 0.070 seconds
[2024-01-06T02:29:30.488+0000] {processor.py:161} INFO - Started process (PID=41081) to work on /home/airflow/.local/lib/python3.8/site-packages/airflow/example_dags/example_branch_labels.py
[2024-01-06T02:29:30.490+0000] {processor.py:830} INFO - Processing file /home/airflow/.local/lib/python3.8/site-packages/airflow/example_dags/example_branch_labels.py for tasks to queue
[2024-01-06T02:29:30.492+0000] {logging_mixin.py:188} INFO - [2024-01-06T02:29:30.492+0000] {dagbag.py:538} INFO - Filling up the DagBag from /home/airflow/.local/lib/python3.8/site-packages/airflow/example_dags/example_branch_labels.py
[2024-01-06T02:29:30.498+0000] {processor.py:840} INFO - DAG(s) 'example_branch_labels' retrieved from /home/airflow/.local/lib/python3.8/site-packages/airflow/example_dags/example_branch_labels.py
[2024-01-06T02:29:30.514+0000] {logging_mixin.py:188} INFO - [2024-01-06T02:29:30.513+0000] {dag.py:3033} INFO - Sync 1 DAGs
[2024-01-06T02:29:30.528+0000] {logging_mixin.py:188} INFO - [2024-01-06T02:29:30.528+0000] {dag.py:3820} INFO - Setting next_dagrun for example_branch_labels to 2024-01-05T00:00:00+00:00, run_after=2024-01-06T00:00:00+00:00
[2024-01-06T02:29:30.539+0000] {processor.py:183} INFO - Processing /home/airflow/.local/lib/python3.8/site-packages/airflow/example_dags/example_branch_labels.py took 0.053 seconds
[2024-01-06T02:30:01.290+0000] {processor.py:161} INFO - Started process (PID=41140) to work on /home/airflow/.local/lib/python3.8/site-packages/airflow/example_dags/example_branch_labels.py
[2024-01-06T02:30:01.291+0000] {processor.py:830} INFO - Processing file /home/airflow/.local/lib/python3.8/site-packages/airflow/example_dags/example_branch_labels.py for tasks to queue
[2024-01-06T02:30:01.293+0000] {logging_mixin.py:188} INFO - [2024-01-06T02:30:01.293+0000] {dagbag.py:538} INFO - Filling up the DagBag from /home/airflow/.local/lib/python3.8/site-packages/airflow/example_dags/example_branch_labels.py
[2024-01-06T02:30:01.301+0000] {processor.py:840} INFO - DAG(s) 'example_branch_labels' retrieved from /home/airflow/.local/lib/python3.8/site-packages/airflow/example_dags/example_branch_labels.py
[2024-01-06T02:30:01.317+0000] {logging_mixin.py:188} INFO - [2024-01-06T02:30:01.316+0000] {dag.py:3033} INFO - Sync 1 DAGs
[2024-01-06T02:30:01.332+0000] {logging_mixin.py:188} INFO - [2024-01-06T02:30:01.332+0000] {dag.py:3820} INFO - Setting next_dagrun for example_branch_labels to 2024-01-05T00:00:00+00:00, run_after=2024-01-06T00:00:00+00:00
[2024-01-06T02:30:01.344+0000] {processor.py:183} INFO - Processing /home/airflow/.local/lib/python3.8/site-packages/airflow/example_dags/example_branch_labels.py took 0.057 seconds
[2024-01-06T02:30:31.893+0000] {processor.py:161} INFO - Started process (PID=41198) to work on /home/airflow/.local/lib/python3.8/site-packages/airflow/example_dags/example_branch_labels.py
[2024-01-06T02:30:31.895+0000] {processor.py:830} INFO - Processing file /home/airflow/.local/lib/python3.8/site-packages/airflow/example_dags/example_branch_labels.py for tasks to queue
[2024-01-06T02:30:31.897+0000] {logging_mixin.py:188} INFO - [2024-01-06T02:30:31.896+0000] {dagbag.py:538} INFO - Filling up the DagBag from /home/airflow/.local/lib/python3.8/site-packages/airflow/example_dags/example_branch_labels.py
[2024-01-06T02:30:31.902+0000] {processor.py:840} INFO - DAG(s) 'example_branch_labels' retrieved from /home/airflow/.local/lib/python3.8/site-packages/airflow/example_dags/example_branch_labels.py
[2024-01-06T02:30:31.918+0000] {logging_mixin.py:188} INFO - [2024-01-06T02:30:31.918+0000] {dag.py:3033} INFO - Sync 1 DAGs
[2024-01-06T02:30:31.932+0000] {logging_mixin.py:188} INFO - [2024-01-06T02:30:31.932+0000] {dag.py:3820} INFO - Setting next_dagrun for example_branch_labels to 2024-01-05T00:00:00+00:00, run_after=2024-01-06T00:00:00+00:00
[2024-01-06T02:30:31.943+0000] {processor.py:183} INFO - Processing /home/airflow/.local/lib/python3.8/site-packages/airflow/example_dags/example_branch_labels.py took 0.052 seconds
[2024-01-06T02:31:02.554+0000] {processor.py:161} INFO - Started process (PID=41256) to work on /home/airflow/.local/lib/python3.8/site-packages/airflow/example_dags/example_branch_labels.py
[2024-01-06T02:31:02.555+0000] {processor.py:830} INFO - Processing file /home/airflow/.local/lib/python3.8/site-packages/airflow/example_dags/example_branch_labels.py for tasks to queue
[2024-01-06T02:31:02.558+0000] {logging_mixin.py:188} INFO - [2024-01-06T02:31:02.557+0000] {dagbag.py:538} INFO - Filling up the DagBag from /home/airflow/.local/lib/python3.8/site-packages/airflow/example_dags/example_branch_labels.py
[2024-01-06T02:31:02.564+0000] {processor.py:840} INFO - DAG(s) 'example_branch_labels' retrieved from /home/airflow/.local/lib/python3.8/site-packages/airflow/example_dags/example_branch_labels.py
[2024-01-06T02:31:02.579+0000] {logging_mixin.py:188} INFO - [2024-01-06T02:31:02.579+0000] {dag.py:3033} INFO - Sync 1 DAGs
[2024-01-06T02:31:02.595+0000] {logging_mixin.py:188} INFO - [2024-01-06T02:31:02.595+0000] {dag.py:3820} INFO - Setting next_dagrun for example_branch_labels to 2024-01-05T00:00:00+00:00, run_after=2024-01-06T00:00:00+00:00
[2024-01-06T02:31:02.607+0000] {processor.py:183} INFO - Processing /home/airflow/.local/lib/python3.8/site-packages/airflow/example_dags/example_branch_labels.py took 0.056 seconds
[2024-01-06T02:31:33.123+0000] {processor.py:161} INFO - Started process (PID=41314) to work on /home/airflow/.local/lib/python3.8/site-packages/airflow/example_dags/example_branch_labels.py
[2024-01-06T02:31:33.125+0000] {processor.py:830} INFO - Processing file /home/airflow/.local/lib/python3.8/site-packages/airflow/example_dags/example_branch_labels.py for tasks to queue
[2024-01-06T02:31:33.127+0000] {logging_mixin.py:188} INFO - [2024-01-06T02:31:33.127+0000] {dagbag.py:538} INFO - Filling up the DagBag from /home/airflow/.local/lib/python3.8/site-packages/airflow/example_dags/example_branch_labels.py
[2024-01-06T02:31:33.137+0000] {processor.py:840} INFO - DAG(s) 'example_branch_labels' retrieved from /home/airflow/.local/lib/python3.8/site-packages/airflow/example_dags/example_branch_labels.py
[2024-01-06T02:31:33.155+0000] {logging_mixin.py:188} INFO - [2024-01-06T02:31:33.155+0000] {dag.py:3033} INFO - Sync 1 DAGs
[2024-01-06T02:31:33.173+0000] {logging_mixin.py:188} INFO - [2024-01-06T02:31:33.173+0000] {dag.py:3820} INFO - Setting next_dagrun for example_branch_labels to 2024-01-05T00:00:00+00:00, run_after=2024-01-06T00:00:00+00:00
[2024-01-06T02:31:33.197+0000] {processor.py:183} INFO - Processing /home/airflow/.local/lib/python3.8/site-packages/airflow/example_dags/example_branch_labels.py took 0.076 seconds
[2024-01-06T02:32:03.474+0000] {processor.py:161} INFO - Started process (PID=41372) to work on /home/airflow/.local/lib/python3.8/site-packages/airflow/example_dags/example_branch_labels.py
[2024-01-06T02:32:03.476+0000] {processor.py:830} INFO - Processing file /home/airflow/.local/lib/python3.8/site-packages/airflow/example_dags/example_branch_labels.py for tasks to queue
[2024-01-06T02:32:03.479+0000] {logging_mixin.py:188} INFO - [2024-01-06T02:32:03.478+0000] {dagbag.py:538} INFO - Filling up the DagBag from /home/airflow/.local/lib/python3.8/site-packages/airflow/example_dags/example_branch_labels.py
[2024-01-06T02:32:03.485+0000] {processor.py:840} INFO - DAG(s) 'example_branch_labels' retrieved from /home/airflow/.local/lib/python3.8/site-packages/airflow/example_dags/example_branch_labels.py
[2024-01-06T02:32:03.501+0000] {logging_mixin.py:188} INFO - [2024-01-06T02:32:03.501+0000] {dag.py:3033} INFO - Sync 1 DAGs
[2024-01-06T02:32:03.515+0000] {logging_mixin.py:188} INFO - [2024-01-06T02:32:03.515+0000] {dag.py:3820} INFO - Setting next_dagrun for example_branch_labels to 2024-01-05T00:00:00+00:00, run_after=2024-01-06T00:00:00+00:00
[2024-01-06T02:32:03.526+0000] {processor.py:183} INFO - Processing /home/airflow/.local/lib/python3.8/site-packages/airflow/example_dags/example_branch_labels.py took 0.054 seconds
[2024-01-06T02:32:33.745+0000] {processor.py:161} INFO - Started process (PID=41430) to work on /home/airflow/.local/lib/python3.8/site-packages/airflow/example_dags/example_branch_labels.py
[2024-01-06T02:32:33.747+0000] {processor.py:830} INFO - Processing file /home/airflow/.local/lib/python3.8/site-packages/airflow/example_dags/example_branch_labels.py for tasks to queue
[2024-01-06T02:32:33.749+0000] {logging_mixin.py:188} INFO - [2024-01-06T02:32:33.749+0000] {dagbag.py:538} INFO - Filling up the DagBag from /home/airflow/.local/lib/python3.8/site-packages/airflow/example_dags/example_branch_labels.py
[2024-01-06T02:32:33.755+0000] {processor.py:840} INFO - DAG(s) 'example_branch_labels' retrieved from /home/airflow/.local/lib/python3.8/site-packages/airflow/example_dags/example_branch_labels.py
[2024-01-06T02:32:33.770+0000] {logging_mixin.py:188} INFO - [2024-01-06T02:32:33.770+0000] {dag.py:3033} INFO - Sync 1 DAGs
[2024-01-06T02:32:33.785+0000] {logging_mixin.py:188} INFO - [2024-01-06T02:32:33.785+0000] {dag.py:3820} INFO - Setting next_dagrun for example_branch_labels to 2024-01-05T00:00:00+00:00, run_after=2024-01-06T00:00:00+00:00
[2024-01-06T02:32:33.797+0000] {processor.py:183} INFO - Processing /home/airflow/.local/lib/python3.8/site-packages/airflow/example_dags/example_branch_labels.py took 0.055 seconds
[2024-01-06T02:33:03.995+0000] {processor.py:161} INFO - Started process (PID=41487) to work on /home/airflow/.local/lib/python3.8/site-packages/airflow/example_dags/example_branch_labels.py
[2024-01-06T02:33:03.997+0000] {processor.py:830} INFO - Processing file /home/airflow/.local/lib/python3.8/site-packages/airflow/example_dags/example_branch_labels.py for tasks to queue
[2024-01-06T02:33:04.000+0000] {logging_mixin.py:188} INFO - [2024-01-06T02:33:03.999+0000] {dagbag.py:538} INFO - Filling up the DagBag from /home/airflow/.local/lib/python3.8/site-packages/airflow/example_dags/example_branch_labels.py
[2024-01-06T02:33:04.006+0000] {processor.py:840} INFO - DAG(s) 'example_branch_labels' retrieved from /home/airflow/.local/lib/python3.8/site-packages/airflow/example_dags/example_branch_labels.py
[2024-01-06T02:33:04.026+0000] {logging_mixin.py:188} INFO - [2024-01-06T02:33:04.026+0000] {dag.py:3033} INFO - Sync 1 DAGs
[2024-01-06T02:33:04.042+0000] {logging_mixin.py:188} INFO - [2024-01-06T02:33:04.042+0000] {dag.py:3820} INFO - Setting next_dagrun for example_branch_labels to 2024-01-05T00:00:00+00:00, run_after=2024-01-06T00:00:00+00:00
[2024-01-06T02:33:04.054+0000] {processor.py:183} INFO - Processing /home/airflow/.local/lib/python3.8/site-packages/airflow/example_dags/example_branch_labels.py took 0.061 seconds
[2024-01-06T02:33:49.383+0000] {processor.py:161} INFO - Started process (PID=41545) to work on /home/airflow/.local/lib/python3.8/site-packages/airflow/example_dags/example_branch_labels.py
[2024-01-06T02:33:49.403+0000] {processor.py:830} INFO - Processing file /home/airflow/.local/lib/python3.8/site-packages/airflow/example_dags/example_branch_labels.py for tasks to queue
[2024-01-06T02:33:49.428+0000] {logging_mixin.py:188} INFO - [2024-01-06T02:33:49.422+0000] {dagbag.py:538} INFO - Filling up the DagBag from /home/airflow/.local/lib/python3.8/site-packages/airflow/example_dags/example_branch_labels.py
[2024-01-06T02:33:49.542+0000] {processor.py:840} INFO - DAG(s) 'example_branch_labels' retrieved from /home/airflow/.local/lib/python3.8/site-packages/airflow/example_dags/example_branch_labels.py
[2024-01-06T02:33:49.752+0000] {logging_mixin.py:188} INFO - [2024-01-06T02:33:49.751+0000] {dag.py:3033} INFO - Sync 1 DAGs
[2024-01-06T02:33:50.029+0000] {logging_mixin.py:188} INFO - [2024-01-06T02:33:50.019+0000] {dag.py:3820} INFO - Setting next_dagrun for example_branch_labels to 2024-01-05T00:00:00+00:00, run_after=2024-01-06T00:00:00+00:00
[2024-01-06T02:33:50.224+0000] {processor.py:183} INFO - Processing /home/airflow/.local/lib/python3.8/site-packages/airflow/example_dags/example_branch_labels.py took 0.852 seconds
[2024-01-06T02:34:20.630+0000] {processor.py:161} INFO - Started process (PID=41603) to work on /home/airflow/.local/lib/python3.8/site-packages/airflow/example_dags/example_branch_labels.py
[2024-01-06T02:34:20.635+0000] {processor.py:830} INFO - Processing file /home/airflow/.local/lib/python3.8/site-packages/airflow/example_dags/example_branch_labels.py for tasks to queue
[2024-01-06T02:34:20.641+0000] {logging_mixin.py:188} INFO - [2024-01-06T02:34:20.640+0000] {dagbag.py:538} INFO - Filling up the DagBag from /home/airflow/.local/lib/python3.8/site-packages/airflow/example_dags/example_branch_labels.py
[2024-01-06T02:34:20.653+0000] {processor.py:840} INFO - DAG(s) 'example_branch_labels' retrieved from /home/airflow/.local/lib/python3.8/site-packages/airflow/example_dags/example_branch_labels.py
[2024-01-06T02:34:20.680+0000] {logging_mixin.py:188} INFO - [2024-01-06T02:34:20.680+0000] {dag.py:3033} INFO - Sync 1 DAGs
[2024-01-06T02:34:20.705+0000] {logging_mixin.py:188} INFO - [2024-01-06T02:34:20.702+0000] {dag.py:3820} INFO - Setting next_dagrun for example_branch_labels to 2024-01-05T00:00:00+00:00, run_after=2024-01-06T00:00:00+00:00
[2024-01-06T02:34:20.752+0000] {processor.py:183} INFO - Processing /home/airflow/.local/lib/python3.8/site-packages/airflow/example_dags/example_branch_labels.py took 0.129 seconds
[2024-01-06T02:34:51.396+0000] {processor.py:161} INFO - Started process (PID=41661) to work on /home/airflow/.local/lib/python3.8/site-packages/airflow/example_dags/example_branch_labels.py
[2024-01-06T02:34:51.398+0000] {processor.py:830} INFO - Processing file /home/airflow/.local/lib/python3.8/site-packages/airflow/example_dags/example_branch_labels.py for tasks to queue
[2024-01-06T02:34:51.400+0000] {logging_mixin.py:188} INFO - [2024-01-06T02:34:51.400+0000] {dagbag.py:538} INFO - Filling up the DagBag from /home/airflow/.local/lib/python3.8/site-packages/airflow/example_dags/example_branch_labels.py
[2024-01-06T02:34:51.406+0000] {processor.py:840} INFO - DAG(s) 'example_branch_labels' retrieved from /home/airflow/.local/lib/python3.8/site-packages/airflow/example_dags/example_branch_labels.py
[2024-01-06T02:34:51.422+0000] {logging_mixin.py:188} INFO - [2024-01-06T02:34:51.422+0000] {dag.py:3033} INFO - Sync 1 DAGs
[2024-01-06T02:34:51.436+0000] {logging_mixin.py:188} INFO - [2024-01-06T02:34:51.436+0000] {dag.py:3820} INFO - Setting next_dagrun for example_branch_labels to 2024-01-05T00:00:00+00:00, run_after=2024-01-06T00:00:00+00:00
[2024-01-06T02:34:51.449+0000] {processor.py:183} INFO - Processing /home/airflow/.local/lib/python3.8/site-packages/airflow/example_dags/example_branch_labels.py took 0.056 seconds
[2024-01-06T02:35:21.902+0000] {processor.py:161} INFO - Started process (PID=41718) to work on /home/airflow/.local/lib/python3.8/site-packages/airflow/example_dags/example_branch_labels.py
[2024-01-06T02:35:21.905+0000] {processor.py:830} INFO - Processing file /home/airflow/.local/lib/python3.8/site-packages/airflow/example_dags/example_branch_labels.py for tasks to queue
[2024-01-06T02:35:21.908+0000] {logging_mixin.py:188} INFO - [2024-01-06T02:35:21.908+0000] {dagbag.py:538} INFO - Filling up the DagBag from /home/airflow/.local/lib/python3.8/site-packages/airflow/example_dags/example_branch_labels.py
[2024-01-06T02:35:21.922+0000] {processor.py:840} INFO - DAG(s) 'example_branch_labels' retrieved from /home/airflow/.local/lib/python3.8/site-packages/airflow/example_dags/example_branch_labels.py
[2024-01-06T02:35:21.955+0000] {logging_mixin.py:188} INFO - [2024-01-06T02:35:21.955+0000] {dag.py:3033} INFO - Sync 1 DAGs
[2024-01-06T02:35:21.982+0000] {logging_mixin.py:188} INFO - [2024-01-06T02:35:21.982+0000] {dag.py:3820} INFO - Setting next_dagrun for example_branch_labels to 2024-01-05T00:00:00+00:00, run_after=2024-01-06T00:00:00+00:00
[2024-01-06T02:35:22.010+0000] {processor.py:183} INFO - Processing /home/airflow/.local/lib/python3.8/site-packages/airflow/example_dags/example_branch_labels.py took 0.112 seconds
[2024-01-06T02:35:52.214+0000] {processor.py:161} INFO - Started process (PID=41776) to work on /home/airflow/.local/lib/python3.8/site-packages/airflow/example_dags/example_branch_labels.py
[2024-01-06T02:35:52.217+0000] {processor.py:830} INFO - Processing file /home/airflow/.local/lib/python3.8/site-packages/airflow/example_dags/example_branch_labels.py for tasks to queue
[2024-01-06T02:35:52.221+0000] {logging_mixin.py:188} INFO - [2024-01-06T02:35:52.220+0000] {dagbag.py:538} INFO - Filling up the DagBag from /home/airflow/.local/lib/python3.8/site-packages/airflow/example_dags/example_branch_labels.py
[2024-01-06T02:35:52.234+0000] {processor.py:840} INFO - DAG(s) 'example_branch_labels' retrieved from /home/airflow/.local/lib/python3.8/site-packages/airflow/example_dags/example_branch_labels.py
[2024-01-06T02:35:52.258+0000] {logging_mixin.py:188} INFO - [2024-01-06T02:35:52.258+0000] {dag.py:3033} INFO - Sync 1 DAGs
[2024-01-06T02:35:52.276+0000] {logging_mixin.py:188} INFO - [2024-01-06T02:35:52.276+0000] {dag.py:3820} INFO - Setting next_dagrun for example_branch_labels to 2024-01-05T00:00:00+00:00, run_after=2024-01-06T00:00:00+00:00
[2024-01-06T02:35:52.290+0000] {processor.py:183} INFO - Processing /home/airflow/.local/lib/python3.8/site-packages/airflow/example_dags/example_branch_labels.py took 0.080 seconds
[2024-01-06T02:36:22.771+0000] {processor.py:161} INFO - Started process (PID=41834) to work on /home/airflow/.local/lib/python3.8/site-packages/airflow/example_dags/example_branch_labels.py
[2024-01-06T02:36:22.773+0000] {processor.py:830} INFO - Processing file /home/airflow/.local/lib/python3.8/site-packages/airflow/example_dags/example_branch_labels.py for tasks to queue
[2024-01-06T02:36:22.776+0000] {logging_mixin.py:188} INFO - [2024-01-06T02:36:22.775+0000] {dagbag.py:538} INFO - Filling up the DagBag from /home/airflow/.local/lib/python3.8/site-packages/airflow/example_dags/example_branch_labels.py
[2024-01-06T02:36:22.786+0000] {processor.py:840} INFO - DAG(s) 'example_branch_labels' retrieved from /home/airflow/.local/lib/python3.8/site-packages/airflow/example_dags/example_branch_labels.py
[2024-01-06T02:36:22.809+0000] {logging_mixin.py:188} INFO - [2024-01-06T02:36:22.809+0000] {dag.py:3033} INFO - Sync 1 DAGs
[2024-01-06T02:36:22.827+0000] {logging_mixin.py:188} INFO - [2024-01-06T02:36:22.827+0000] {dag.py:3820} INFO - Setting next_dagrun for example_branch_labels to 2024-01-05T00:00:00+00:00, run_after=2024-01-06T00:00:00+00:00
[2024-01-06T02:36:22.841+0000] {processor.py:183} INFO - Processing /home/airflow/.local/lib/python3.8/site-packages/airflow/example_dags/example_branch_labels.py took 0.076 seconds
[2024-01-06T02:36:52.953+0000] {processor.py:161} INFO - Started process (PID=41892) to work on /home/airflow/.local/lib/python3.8/site-packages/airflow/example_dags/example_branch_labels.py
[2024-01-06T02:36:52.955+0000] {processor.py:830} INFO - Processing file /home/airflow/.local/lib/python3.8/site-packages/airflow/example_dags/example_branch_labels.py for tasks to queue
[2024-01-06T02:36:52.958+0000] {logging_mixin.py:188} INFO - [2024-01-06T02:36:52.958+0000] {dagbag.py:538} INFO - Filling up the DagBag from /home/airflow/.local/lib/python3.8/site-packages/airflow/example_dags/example_branch_labels.py
[2024-01-06T02:36:52.968+0000] {processor.py:840} INFO - DAG(s) 'example_branch_labels' retrieved from /home/airflow/.local/lib/python3.8/site-packages/airflow/example_dags/example_branch_labels.py
[2024-01-06T02:36:52.990+0000] {logging_mixin.py:188} INFO - [2024-01-06T02:36:52.990+0000] {dag.py:3033} INFO - Sync 1 DAGs
[2024-01-06T02:36:53.011+0000] {logging_mixin.py:188} INFO - [2024-01-06T02:36:53.011+0000] {dag.py:3820} INFO - Setting next_dagrun for example_branch_labels to 2024-01-05T00:00:00+00:00, run_after=2024-01-06T00:00:00+00:00
[2024-01-06T02:36:53.031+0000] {processor.py:183} INFO - Processing /home/airflow/.local/lib/python3.8/site-packages/airflow/example_dags/example_branch_labels.py took 0.082 seconds
[2024-01-06T02:37:23.081+0000] {processor.py:161} INFO - Started process (PID=41949) to work on /home/airflow/.local/lib/python3.8/site-packages/airflow/example_dags/example_branch_labels.py
[2024-01-06T02:37:23.084+0000] {processor.py:830} INFO - Processing file /home/airflow/.local/lib/python3.8/site-packages/airflow/example_dags/example_branch_labels.py for tasks to queue
[2024-01-06T02:37:23.087+0000] {logging_mixin.py:188} INFO - [2024-01-06T02:37:23.087+0000] {dagbag.py:538} INFO - Filling up the DagBag from /home/airflow/.local/lib/python3.8/site-packages/airflow/example_dags/example_branch_labels.py
[2024-01-06T02:37:23.098+0000] {processor.py:840} INFO - DAG(s) 'example_branch_labels' retrieved from /home/airflow/.local/lib/python3.8/site-packages/airflow/example_dags/example_branch_labels.py
[2024-01-06T02:37:23.124+0000] {logging_mixin.py:188} INFO - [2024-01-06T02:37:23.124+0000] {dag.py:3033} INFO - Sync 1 DAGs
[2024-01-06T02:37:23.142+0000] {logging_mixin.py:188} INFO - [2024-01-06T02:37:23.142+0000] {dag.py:3820} INFO - Setting next_dagrun for example_branch_labels to 2024-01-05T00:00:00+00:00, run_after=2024-01-06T00:00:00+00:00
[2024-01-06T02:37:23.155+0000] {processor.py:183} INFO - Processing /home/airflow/.local/lib/python3.8/site-packages/airflow/example_dags/example_branch_labels.py took 0.080 seconds
[2024-01-06T02:37:53.558+0000] {processor.py:161} INFO - Started process (PID=42013) to work on /home/airflow/.local/lib/python3.8/site-packages/airflow/example_dags/example_branch_labels.py
[2024-01-06T02:37:53.560+0000] {processor.py:830} INFO - Processing file /home/airflow/.local/lib/python3.8/site-packages/airflow/example_dags/example_branch_labels.py for tasks to queue
[2024-01-06T02:37:53.562+0000] {logging_mixin.py:188} INFO - [2024-01-06T02:37:53.562+0000] {dagbag.py:538} INFO - Filling up the DagBag from /home/airflow/.local/lib/python3.8/site-packages/airflow/example_dags/example_branch_labels.py
[2024-01-06T02:37:53.569+0000] {processor.py:840} INFO - DAG(s) 'example_branch_labels' retrieved from /home/airflow/.local/lib/python3.8/site-packages/airflow/example_dags/example_branch_labels.py
[2024-01-06T02:37:53.586+0000] {logging_mixin.py:188} INFO - [2024-01-06T02:37:53.586+0000] {dag.py:3033} INFO - Sync 1 DAGs
[2024-01-06T02:37:53.601+0000] {logging_mixin.py:188} INFO - [2024-01-06T02:37:53.601+0000] {dag.py:3820} INFO - Setting next_dagrun for example_branch_labels to 2024-01-05T00:00:00+00:00, run_after=2024-01-06T00:00:00+00:00
[2024-01-06T02:37:53.614+0000] {processor.py:183} INFO - Processing /home/airflow/.local/lib/python3.8/site-packages/airflow/example_dags/example_branch_labels.py took 0.059 seconds
[2024-01-06T02:38:23.955+0000] {processor.py:161} INFO - Started process (PID=42071) to work on /home/airflow/.local/lib/python3.8/site-packages/airflow/example_dags/example_branch_labels.py
[2024-01-06T02:38:23.956+0000] {processor.py:830} INFO - Processing file /home/airflow/.local/lib/python3.8/site-packages/airflow/example_dags/example_branch_labels.py for tasks to queue
[2024-01-06T02:38:23.959+0000] {logging_mixin.py:188} INFO - [2024-01-06T02:38:23.959+0000] {dagbag.py:538} INFO - Filling up the DagBag from /home/airflow/.local/lib/python3.8/site-packages/airflow/example_dags/example_branch_labels.py
[2024-01-06T02:38:23.968+0000] {processor.py:840} INFO - DAG(s) 'example_branch_labels' retrieved from /home/airflow/.local/lib/python3.8/site-packages/airflow/example_dags/example_branch_labels.py
[2024-01-06T02:38:23.986+0000] {logging_mixin.py:188} INFO - [2024-01-06T02:38:23.986+0000] {dag.py:3033} INFO - Sync 1 DAGs
[2024-01-06T02:38:24.001+0000] {logging_mixin.py:188} INFO - [2024-01-06T02:38:24.000+0000] {dag.py:3820} INFO - Setting next_dagrun for example_branch_labels to 2024-01-05T00:00:00+00:00, run_after=2024-01-06T00:00:00+00:00
[2024-01-06T02:38:24.013+0000] {processor.py:183} INFO - Processing /home/airflow/.local/lib/python3.8/site-packages/airflow/example_dags/example_branch_labels.py took 0.061 seconds
[2024-01-06T02:38:54.314+0000] {processor.py:161} INFO - Started process (PID=42128) to work on /home/airflow/.local/lib/python3.8/site-packages/airflow/example_dags/example_branch_labels.py
[2024-01-06T02:38:54.316+0000] {processor.py:830} INFO - Processing file /home/airflow/.local/lib/python3.8/site-packages/airflow/example_dags/example_branch_labels.py for tasks to queue
[2024-01-06T02:38:54.318+0000] {logging_mixin.py:188} INFO - [2024-01-06T02:38:54.318+0000] {dagbag.py:538} INFO - Filling up the DagBag from /home/airflow/.local/lib/python3.8/site-packages/airflow/example_dags/example_branch_labels.py
[2024-01-06T02:38:54.325+0000] {processor.py:840} INFO - DAG(s) 'example_branch_labels' retrieved from /home/airflow/.local/lib/python3.8/site-packages/airflow/example_dags/example_branch_labels.py
[2024-01-06T02:38:54.346+0000] {logging_mixin.py:188} INFO - [2024-01-06T02:38:54.346+0000] {dag.py:3033} INFO - Sync 1 DAGs
[2024-01-06T02:38:54.363+0000] {logging_mixin.py:188} INFO - [2024-01-06T02:38:54.363+0000] {dag.py:3820} INFO - Setting next_dagrun for example_branch_labels to 2024-01-05T00:00:00+00:00, run_after=2024-01-06T00:00:00+00:00
[2024-01-06T02:38:54.378+0000] {processor.py:183} INFO - Processing /home/airflow/.local/lib/python3.8/site-packages/airflow/example_dags/example_branch_labels.py took 0.067 seconds
[2024-01-06T02:39:25.175+0000] {processor.py:161} INFO - Started process (PID=42185) to work on /home/airflow/.local/lib/python3.8/site-packages/airflow/example_dags/example_branch_labels.py
[2024-01-06T02:39:25.177+0000] {processor.py:830} INFO - Processing file /home/airflow/.local/lib/python3.8/site-packages/airflow/example_dags/example_branch_labels.py for tasks to queue
[2024-01-06T02:39:25.180+0000] {logging_mixin.py:188} INFO - [2024-01-06T02:39:25.180+0000] {dagbag.py:538} INFO - Filling up the DagBag from /home/airflow/.local/lib/python3.8/site-packages/airflow/example_dags/example_branch_labels.py
[2024-01-06T02:39:25.199+0000] {processor.py:840} INFO - DAG(s) 'example_branch_labels' retrieved from /home/airflow/.local/lib/python3.8/site-packages/airflow/example_dags/example_branch_labels.py
[2024-01-06T02:39:25.220+0000] {logging_mixin.py:188} INFO - [2024-01-06T02:39:25.219+0000] {dag.py:3033} INFO - Sync 1 DAGs
[2024-01-06T02:39:25.239+0000] {logging_mixin.py:188} INFO - [2024-01-06T02:39:25.239+0000] {dag.py:3820} INFO - Setting next_dagrun for example_branch_labels to 2024-01-05T00:00:00+00:00, run_after=2024-01-06T00:00:00+00:00
[2024-01-06T02:39:25.253+0000] {processor.py:183} INFO - Processing /home/airflow/.local/lib/python3.8/site-packages/airflow/example_dags/example_branch_labels.py took 0.082 seconds
[2024-01-06T02:39:55.475+0000] {processor.py:161} INFO - Started process (PID=42244) to work on /home/airflow/.local/lib/python3.8/site-packages/airflow/example_dags/example_branch_labels.py
[2024-01-06T02:39:55.479+0000] {processor.py:830} INFO - Processing file /home/airflow/.local/lib/python3.8/site-packages/airflow/example_dags/example_branch_labels.py for tasks to queue
[2024-01-06T02:39:55.481+0000] {logging_mixin.py:188} INFO - [2024-01-06T02:39:55.481+0000] {dagbag.py:538} INFO - Filling up the DagBag from /home/airflow/.local/lib/python3.8/site-packages/airflow/example_dags/example_branch_labels.py
[2024-01-06T02:39:55.488+0000] {processor.py:840} INFO - DAG(s) 'example_branch_labels' retrieved from /home/airflow/.local/lib/python3.8/site-packages/airflow/example_dags/example_branch_labels.py
[2024-01-06T02:39:55.502+0000] {logging_mixin.py:188} INFO - [2024-01-06T02:39:55.502+0000] {dag.py:3033} INFO - Sync 1 DAGs
[2024-01-06T02:39:55.517+0000] {logging_mixin.py:188} INFO - [2024-01-06T02:39:55.517+0000] {dag.py:3820} INFO - Setting next_dagrun for example_branch_labels to 2024-01-05T00:00:00+00:00, run_after=2024-01-06T00:00:00+00:00
[2024-01-06T02:39:55.531+0000] {processor.py:183} INFO - Processing /home/airflow/.local/lib/python3.8/site-packages/airflow/example_dags/example_branch_labels.py took 0.059 seconds
[2024-01-06T02:40:25.653+0000] {processor.py:161} INFO - Started process (PID=42303) to work on /home/airflow/.local/lib/python3.8/site-packages/airflow/example_dags/example_branch_labels.py
[2024-01-06T02:40:25.655+0000] {processor.py:830} INFO - Processing file /home/airflow/.local/lib/python3.8/site-packages/airflow/example_dags/example_branch_labels.py for tasks to queue
[2024-01-06T02:40:25.659+0000] {logging_mixin.py:188} INFO - [2024-01-06T02:40:25.658+0000] {dagbag.py:538} INFO - Filling up the DagBag from /home/airflow/.local/lib/python3.8/site-packages/airflow/example_dags/example_branch_labels.py
[2024-01-06T02:40:25.667+0000] {processor.py:840} INFO - DAG(s) 'example_branch_labels' retrieved from /home/airflow/.local/lib/python3.8/site-packages/airflow/example_dags/example_branch_labels.py
[2024-01-06T02:40:25.685+0000] {logging_mixin.py:188} INFO - [2024-01-06T02:40:25.685+0000] {dag.py:3033} INFO - Sync 1 DAGs
[2024-01-06T02:40:25.698+0000] {logging_mixin.py:188} INFO - [2024-01-06T02:40:25.698+0000] {dag.py:3820} INFO - Setting next_dagrun for example_branch_labels to 2024-01-05T00:00:00+00:00, run_after=2024-01-06T00:00:00+00:00
[2024-01-06T02:40:25.710+0000] {processor.py:183} INFO - Processing /home/airflow/.local/lib/python3.8/site-packages/airflow/example_dags/example_branch_labels.py took 0.061 seconds
[2024-01-06T02:41:01.736+0000] {processor.py:161} INFO - Started process (PID=42361) to work on /home/airflow/.local/lib/python3.8/site-packages/airflow/example_dags/example_branch_labels.py
[2024-01-06T02:41:01.737+0000] {processor.py:830} INFO - Processing file /home/airflow/.local/lib/python3.8/site-packages/airflow/example_dags/example_branch_labels.py for tasks to queue
[2024-01-06T02:41:01.741+0000] {logging_mixin.py:188} INFO - [2024-01-06T02:41:01.741+0000] {dagbag.py:538} INFO - Filling up the DagBag from /home/airflow/.local/lib/python3.8/site-packages/airflow/example_dags/example_branch_labels.py
[2024-01-06T02:41:01.747+0000] {processor.py:840} INFO - DAG(s) 'example_branch_labels' retrieved from /home/airflow/.local/lib/python3.8/site-packages/airflow/example_dags/example_branch_labels.py
[2024-01-06T02:41:01.780+0000] {logging_mixin.py:188} INFO - [2024-01-06T02:41:01.780+0000] {dag.py:3033} INFO - Sync 1 DAGs
[2024-01-06T02:41:01.821+0000] {logging_mixin.py:188} INFO - [2024-01-06T02:41:01.820+0000] {dag.py:3820} INFO - Setting next_dagrun for example_branch_labels to 2024-01-05T00:00:00+00:00, run_after=2024-01-06T00:00:00+00:00
[2024-01-06T02:41:01.858+0000] {processor.py:183} INFO - Processing /home/airflow/.local/lib/python3.8/site-packages/airflow/example_dags/example_branch_labels.py took 0.126 seconds
[2024-01-06T02:41:32.776+0000] {processor.py:161} INFO - Started process (PID=42419) to work on /home/airflow/.local/lib/python3.8/site-packages/airflow/example_dags/example_branch_labels.py
[2024-01-06T02:41:32.778+0000] {processor.py:830} INFO - Processing file /home/airflow/.local/lib/python3.8/site-packages/airflow/example_dags/example_branch_labels.py for tasks to queue
[2024-01-06T02:41:32.780+0000] {logging_mixin.py:188} INFO - [2024-01-06T02:41:32.780+0000] {dagbag.py:538} INFO - Filling up the DagBag from /home/airflow/.local/lib/python3.8/site-packages/airflow/example_dags/example_branch_labels.py
[2024-01-06T02:41:32.787+0000] {processor.py:840} INFO - DAG(s) 'example_branch_labels' retrieved from /home/airflow/.local/lib/python3.8/site-packages/airflow/example_dags/example_branch_labels.py
[2024-01-06T02:41:32.806+0000] {logging_mixin.py:188} INFO - [2024-01-06T02:41:32.806+0000] {dag.py:3033} INFO - Sync 1 DAGs
[2024-01-06T02:41:32.823+0000] {logging_mixin.py:188} INFO - [2024-01-06T02:41:32.823+0000] {dag.py:3820} INFO - Setting next_dagrun for example_branch_labels to 2024-01-05T00:00:00+00:00, run_after=2024-01-06T00:00:00+00:00
[2024-01-06T02:41:32.838+0000] {processor.py:183} INFO - Processing /home/airflow/.local/lib/python3.8/site-packages/airflow/example_dags/example_branch_labels.py took 0.064 seconds
[2024-01-06T02:42:02.955+0000] {processor.py:161} INFO - Started process (PID=42476) to work on /home/airflow/.local/lib/python3.8/site-packages/airflow/example_dags/example_branch_labels.py
[2024-01-06T02:42:02.957+0000] {processor.py:830} INFO - Processing file /home/airflow/.local/lib/python3.8/site-packages/airflow/example_dags/example_branch_labels.py for tasks to queue
[2024-01-06T02:42:02.961+0000] {logging_mixin.py:188} INFO - [2024-01-06T02:42:02.960+0000] {dagbag.py:538} INFO - Filling up the DagBag from /home/airflow/.local/lib/python3.8/site-packages/airflow/example_dags/example_branch_labels.py
[2024-01-06T02:42:02.971+0000] {processor.py:840} INFO - DAG(s) 'example_branch_labels' retrieved from /home/airflow/.local/lib/python3.8/site-packages/airflow/example_dags/example_branch_labels.py
[2024-01-06T02:42:02.998+0000] {logging_mixin.py:188} INFO - [2024-01-06T02:42:02.998+0000] {dag.py:3033} INFO - Sync 1 DAGs
[2024-01-06T02:42:03.015+0000] {logging_mixin.py:188} INFO - [2024-01-06T02:42:03.015+0000] {dag.py:3820} INFO - Setting next_dagrun for example_branch_labels to 2024-01-05T00:00:00+00:00, run_after=2024-01-06T00:00:00+00:00
[2024-01-06T02:42:03.029+0000] {processor.py:183} INFO - Processing /home/airflow/.local/lib/python3.8/site-packages/airflow/example_dags/example_branch_labels.py took 0.079 seconds
[2024-01-06T02:42:33.102+0000] {processor.py:161} INFO - Started process (PID=42534) to work on /home/airflow/.local/lib/python3.8/site-packages/airflow/example_dags/example_branch_labels.py
[2024-01-06T02:42:33.106+0000] {processor.py:830} INFO - Processing file /home/airflow/.local/lib/python3.8/site-packages/airflow/example_dags/example_branch_labels.py for tasks to queue
[2024-01-06T02:42:33.109+0000] {logging_mixin.py:188} INFO - [2024-01-06T02:42:33.109+0000] {dagbag.py:538} INFO - Filling up the DagBag from /home/airflow/.local/lib/python3.8/site-packages/airflow/example_dags/example_branch_labels.py
[2024-01-06T02:42:33.117+0000] {processor.py:840} INFO - DAG(s) 'example_branch_labels' retrieved from /home/airflow/.local/lib/python3.8/site-packages/airflow/example_dags/example_branch_labels.py
[2024-01-06T02:42:33.140+0000] {logging_mixin.py:188} INFO - [2024-01-06T02:42:33.140+0000] {dag.py:3033} INFO - Sync 1 DAGs
[2024-01-06T02:42:33.159+0000] {logging_mixin.py:188} INFO - [2024-01-06T02:42:33.159+0000] {dag.py:3820} INFO - Setting next_dagrun for example_branch_labels to 2024-01-05T00:00:00+00:00, run_after=2024-01-06T00:00:00+00:00
[2024-01-06T02:42:33.179+0000] {processor.py:183} INFO - Processing /home/airflow/.local/lib/python3.8/site-packages/airflow/example_dags/example_branch_labels.py took 0.083 seconds
[2024-01-06T02:43:03.274+0000] {processor.py:161} INFO - Started process (PID=42592) to work on /home/airflow/.local/lib/python3.8/site-packages/airflow/example_dags/example_branch_labels.py
[2024-01-06T02:43:03.276+0000] {processor.py:830} INFO - Processing file /home/airflow/.local/lib/python3.8/site-packages/airflow/example_dags/example_branch_labels.py for tasks to queue
[2024-01-06T02:43:03.280+0000] {logging_mixin.py:188} INFO - [2024-01-06T02:43:03.279+0000] {dagbag.py:538} INFO - Filling up the DagBag from /home/airflow/.local/lib/python3.8/site-packages/airflow/example_dags/example_branch_labels.py
[2024-01-06T02:43:03.288+0000] {processor.py:840} INFO - DAG(s) 'example_branch_labels' retrieved from /home/airflow/.local/lib/python3.8/site-packages/airflow/example_dags/example_branch_labels.py
[2024-01-06T02:43:03.306+0000] {logging_mixin.py:188} INFO - [2024-01-06T02:43:03.306+0000] {dag.py:3033} INFO - Sync 1 DAGs
[2024-01-06T02:43:03.319+0000] {logging_mixin.py:188} INFO - [2024-01-06T02:43:03.319+0000] {dag.py:3820} INFO - Setting next_dagrun for example_branch_labels to 2024-01-05T00:00:00+00:00, run_after=2024-01-06T00:00:00+00:00
[2024-01-06T02:43:03.331+0000] {processor.py:183} INFO - Processing /home/airflow/.local/lib/python3.8/site-packages/airflow/example_dags/example_branch_labels.py took 0.060 seconds
[2024-01-06T02:43:33.662+0000] {processor.py:161} INFO - Started process (PID=42650) to work on /home/airflow/.local/lib/python3.8/site-packages/airflow/example_dags/example_branch_labels.py
[2024-01-06T02:43:33.664+0000] {processor.py:830} INFO - Processing file /home/airflow/.local/lib/python3.8/site-packages/airflow/example_dags/example_branch_labels.py for tasks to queue
[2024-01-06T02:43:33.667+0000] {logging_mixin.py:188} INFO - [2024-01-06T02:43:33.667+0000] {dagbag.py:538} INFO - Filling up the DagBag from /home/airflow/.local/lib/python3.8/site-packages/airflow/example_dags/example_branch_labels.py
[2024-01-06T02:43:33.674+0000] {processor.py:840} INFO - DAG(s) 'example_branch_labels' retrieved from /home/airflow/.local/lib/python3.8/site-packages/airflow/example_dags/example_branch_labels.py
[2024-01-06T02:43:33.689+0000] {logging_mixin.py:188} INFO - [2024-01-06T02:43:33.689+0000] {dag.py:3033} INFO - Sync 1 DAGs
[2024-01-06T02:43:33.703+0000] {logging_mixin.py:188} INFO - [2024-01-06T02:43:33.703+0000] {dag.py:3820} INFO - Setting next_dagrun for example_branch_labels to 2024-01-05T00:00:00+00:00, run_after=2024-01-06T00:00:00+00:00
[2024-01-06T02:43:33.715+0000] {processor.py:183} INFO - Processing /home/airflow/.local/lib/python3.8/site-packages/airflow/example_dags/example_branch_labels.py took 0.057 seconds
[2024-01-06T02:44:03.958+0000] {processor.py:161} INFO - Started process (PID=42708) to work on /home/airflow/.local/lib/python3.8/site-packages/airflow/example_dags/example_branch_labels.py
[2024-01-06T02:44:03.960+0000] {processor.py:830} INFO - Processing file /home/airflow/.local/lib/python3.8/site-packages/airflow/example_dags/example_branch_labels.py for tasks to queue
[2024-01-06T02:44:03.963+0000] {logging_mixin.py:188} INFO - [2024-01-06T02:44:03.963+0000] {dagbag.py:538} INFO - Filling up the DagBag from /home/airflow/.local/lib/python3.8/site-packages/airflow/example_dags/example_branch_labels.py
[2024-01-06T02:44:03.972+0000] {processor.py:840} INFO - DAG(s) 'example_branch_labels' retrieved from /home/airflow/.local/lib/python3.8/site-packages/airflow/example_dags/example_branch_labels.py
[2024-01-06T02:44:03.990+0000] {logging_mixin.py:188} INFO - [2024-01-06T02:44:03.990+0000] {dag.py:3033} INFO - Sync 1 DAGs
[2024-01-06T02:44:04.003+0000] {logging_mixin.py:188} INFO - [2024-01-06T02:44:04.003+0000] {dag.py:3820} INFO - Setting next_dagrun for example_branch_labels to 2024-01-05T00:00:00+00:00, run_after=2024-01-06T00:00:00+00:00
[2024-01-06T02:44:04.016+0000] {processor.py:183} INFO - Processing /home/airflow/.local/lib/python3.8/site-packages/airflow/example_dags/example_branch_labels.py took 0.063 seconds
[2024-01-06T02:44:34.134+0000] {processor.py:161} INFO - Started process (PID=42766) to work on /home/airflow/.local/lib/python3.8/site-packages/airflow/example_dags/example_branch_labels.py
[2024-01-06T02:44:34.146+0000] {processor.py:830} INFO - Processing file /home/airflow/.local/lib/python3.8/site-packages/airflow/example_dags/example_branch_labels.py for tasks to queue
[2024-01-06T02:44:34.148+0000] {logging_mixin.py:188} INFO - [2024-01-06T02:44:34.148+0000] {dagbag.py:538} INFO - Filling up the DagBag from /home/airflow/.local/lib/python3.8/site-packages/airflow/example_dags/example_branch_labels.py
[2024-01-06T02:44:34.154+0000] {processor.py:840} INFO - DAG(s) 'example_branch_labels' retrieved from /home/airflow/.local/lib/python3.8/site-packages/airflow/example_dags/example_branch_labels.py
[2024-01-06T02:44:34.172+0000] {logging_mixin.py:188} INFO - [2024-01-06T02:44:34.172+0000] {dag.py:3033} INFO - Sync 1 DAGs
[2024-01-06T02:44:34.186+0000] {logging_mixin.py:188} INFO - [2024-01-06T02:44:34.185+0000] {dag.py:3820} INFO - Setting next_dagrun for example_branch_labels to 2024-01-05T00:00:00+00:00, run_after=2024-01-06T00:00:00+00:00
[2024-01-06T02:44:34.198+0000] {processor.py:183} INFO - Processing /home/airflow/.local/lib/python3.8/site-packages/airflow/example_dags/example_branch_labels.py took 0.067 seconds
[2024-01-06T02:45:04.483+0000] {processor.py:161} INFO - Started process (PID=42824) to work on /home/airflow/.local/lib/python3.8/site-packages/airflow/example_dags/example_branch_labels.py
[2024-01-06T02:45:04.485+0000] {processor.py:830} INFO - Processing file /home/airflow/.local/lib/python3.8/site-packages/airflow/example_dags/example_branch_labels.py for tasks to queue
[2024-01-06T02:45:04.487+0000] {logging_mixin.py:188} INFO - [2024-01-06T02:45:04.487+0000] {dagbag.py:538} INFO - Filling up the DagBag from /home/airflow/.local/lib/python3.8/site-packages/airflow/example_dags/example_branch_labels.py
[2024-01-06T02:45:04.495+0000] {processor.py:840} INFO - DAG(s) 'example_branch_labels' retrieved from /home/airflow/.local/lib/python3.8/site-packages/airflow/example_dags/example_branch_labels.py
[2024-01-06T02:45:04.513+0000] {logging_mixin.py:188} INFO - [2024-01-06T02:45:04.513+0000] {dag.py:3033} INFO - Sync 1 DAGs
[2024-01-06T02:45:04.526+0000] {logging_mixin.py:188} INFO - [2024-01-06T02:45:04.526+0000] {dag.py:3820} INFO - Setting next_dagrun for example_branch_labels to 2024-01-05T00:00:00+00:00, run_after=2024-01-06T00:00:00+00:00
[2024-01-06T02:45:04.538+0000] {processor.py:183} INFO - Processing /home/airflow/.local/lib/python3.8/site-packages/airflow/example_dags/example_branch_labels.py took 0.058 seconds
[2024-01-06T02:45:34.624+0000] {processor.py:161} INFO - Started process (PID=42882) to work on /home/airflow/.local/lib/python3.8/site-packages/airflow/example_dags/example_branch_labels.py
[2024-01-06T02:45:34.625+0000] {processor.py:830} INFO - Processing file /home/airflow/.local/lib/python3.8/site-packages/airflow/example_dags/example_branch_labels.py for tasks to queue
[2024-01-06T02:45:34.629+0000] {logging_mixin.py:188} INFO - [2024-01-06T02:45:34.628+0000] {dagbag.py:538} INFO - Filling up the DagBag from /home/airflow/.local/lib/python3.8/site-packages/airflow/example_dags/example_branch_labels.py
[2024-01-06T02:45:34.641+0000] {processor.py:840} INFO - DAG(s) 'example_branch_labels' retrieved from /home/airflow/.local/lib/python3.8/site-packages/airflow/example_dags/example_branch_labels.py
[2024-01-06T02:45:34.660+0000] {logging_mixin.py:188} INFO - [2024-01-06T02:45:34.660+0000] {dag.py:3033} INFO - Sync 1 DAGs
[2024-01-06T02:45:34.674+0000] {logging_mixin.py:188} INFO - [2024-01-06T02:45:34.674+0000] {dag.py:3820} INFO - Setting next_dagrun for example_branch_labels to 2024-01-05T00:00:00+00:00, run_after=2024-01-06T00:00:00+00:00
[2024-01-06T02:45:34.686+0000] {processor.py:183} INFO - Processing /home/airflow/.local/lib/python3.8/site-packages/airflow/example_dags/example_branch_labels.py took 0.066 seconds
[2024-01-06T02:46:04.880+0000] {processor.py:161} INFO - Started process (PID=42940) to work on /home/airflow/.local/lib/python3.8/site-packages/airflow/example_dags/example_branch_labels.py
[2024-01-06T02:46:04.882+0000] {processor.py:830} INFO - Processing file /home/airflow/.local/lib/python3.8/site-packages/airflow/example_dags/example_branch_labels.py for tasks to queue
[2024-01-06T02:46:04.884+0000] {logging_mixin.py:188} INFO - [2024-01-06T02:46:04.884+0000] {dagbag.py:538} INFO - Filling up the DagBag from /home/airflow/.local/lib/python3.8/site-packages/airflow/example_dags/example_branch_labels.py
[2024-01-06T02:46:04.893+0000] {processor.py:840} INFO - DAG(s) 'example_branch_labels' retrieved from /home/airflow/.local/lib/python3.8/site-packages/airflow/example_dags/example_branch_labels.py
[2024-01-06T02:46:04.914+0000] {logging_mixin.py:188} INFO - [2024-01-06T02:46:04.914+0000] {dag.py:3033} INFO - Sync 1 DAGs
[2024-01-06T02:46:04.930+0000] {logging_mixin.py:188} INFO - [2024-01-06T02:46:04.930+0000] {dag.py:3820} INFO - Setting next_dagrun for example_branch_labels to 2024-01-05T00:00:00+00:00, run_after=2024-01-06T00:00:00+00:00
[2024-01-06T02:46:04.944+0000] {processor.py:183} INFO - Processing /home/airflow/.local/lib/python3.8/site-packages/airflow/example_dags/example_branch_labels.py took 0.067 seconds
[2024-01-06T02:46:35.508+0000] {processor.py:161} INFO - Started process (PID=42998) to work on /home/airflow/.local/lib/python3.8/site-packages/airflow/example_dags/example_branch_labels.py
[2024-01-06T02:46:35.510+0000] {processor.py:830} INFO - Processing file /home/airflow/.local/lib/python3.8/site-packages/airflow/example_dags/example_branch_labels.py for tasks to queue
[2024-01-06T02:46:35.513+0000] {logging_mixin.py:188} INFO - [2024-01-06T02:46:35.513+0000] {dagbag.py:538} INFO - Filling up the DagBag from /home/airflow/.local/lib/python3.8/site-packages/airflow/example_dags/example_branch_labels.py
[2024-01-06T02:46:35.521+0000] {processor.py:840} INFO - DAG(s) 'example_branch_labels' retrieved from /home/airflow/.local/lib/python3.8/site-packages/airflow/example_dags/example_branch_labels.py
[2024-01-06T02:46:35.540+0000] {logging_mixin.py:188} INFO - [2024-01-06T02:46:35.540+0000] {dag.py:3033} INFO - Sync 1 DAGs
[2024-01-06T02:46:35.554+0000] {logging_mixin.py:188} INFO - [2024-01-06T02:46:35.554+0000] {dag.py:3820} INFO - Setting next_dagrun for example_branch_labels to 2024-01-05T00:00:00+00:00, run_after=2024-01-06T00:00:00+00:00
[2024-01-06T02:46:35.565+0000] {processor.py:183} INFO - Processing /home/airflow/.local/lib/python3.8/site-packages/airflow/example_dags/example_branch_labels.py took 0.062 seconds
[2024-01-06T02:47:05.743+0000] {processor.py:161} INFO - Started process (PID=43056) to work on /home/airflow/.local/lib/python3.8/site-packages/airflow/example_dags/example_branch_labels.py
[2024-01-06T02:47:05.745+0000] {processor.py:830} INFO - Processing file /home/airflow/.local/lib/python3.8/site-packages/airflow/example_dags/example_branch_labels.py for tasks to queue
[2024-01-06T02:47:05.748+0000] {logging_mixin.py:188} INFO - [2024-01-06T02:47:05.748+0000] {dagbag.py:538} INFO - Filling up the DagBag from /home/airflow/.local/lib/python3.8/site-packages/airflow/example_dags/example_branch_labels.py
[2024-01-06T02:47:05.756+0000] {processor.py:840} INFO - DAG(s) 'example_branch_labels' retrieved from /home/airflow/.local/lib/python3.8/site-packages/airflow/example_dags/example_branch_labels.py
[2024-01-06T02:47:05.773+0000] {logging_mixin.py:188} INFO - [2024-01-06T02:47:05.773+0000] {dag.py:3033} INFO - Sync 1 DAGs
[2024-01-06T02:47:05.787+0000] {logging_mixin.py:188} INFO - [2024-01-06T02:47:05.787+0000] {dag.py:3820} INFO - Setting next_dagrun for example_branch_labels to 2024-01-05T00:00:00+00:00, run_after=2024-01-06T00:00:00+00:00
[2024-01-06T02:47:05.805+0000] {processor.py:183} INFO - Processing /home/airflow/.local/lib/python3.8/site-packages/airflow/example_dags/example_branch_labels.py took 0.066 seconds
[2024-01-06T02:47:36.300+0000] {processor.py:161} INFO - Started process (PID=43114) to work on /home/airflow/.local/lib/python3.8/site-packages/airflow/example_dags/example_branch_labels.py
[2024-01-06T02:47:36.303+0000] {processor.py:830} INFO - Processing file /home/airflow/.local/lib/python3.8/site-packages/airflow/example_dags/example_branch_labels.py for tasks to queue
[2024-01-06T02:47:36.306+0000] {logging_mixin.py:188} INFO - [2024-01-06T02:47:36.306+0000] {dagbag.py:538} INFO - Filling up the DagBag from /home/airflow/.local/lib/python3.8/site-packages/airflow/example_dags/example_branch_labels.py
[2024-01-06T02:47:36.314+0000] {processor.py:840} INFO - DAG(s) 'example_branch_labels' retrieved from /home/airflow/.local/lib/python3.8/site-packages/airflow/example_dags/example_branch_labels.py
[2024-01-06T02:47:36.330+0000] {logging_mixin.py:188} INFO - [2024-01-06T02:47:36.330+0000] {dag.py:3033} INFO - Sync 1 DAGs
[2024-01-06T02:47:36.344+0000] {logging_mixin.py:188} INFO - [2024-01-06T02:47:36.344+0000] {dag.py:3820} INFO - Setting next_dagrun for example_branch_labels to 2024-01-05T00:00:00+00:00, run_after=2024-01-06T00:00:00+00:00
[2024-01-06T02:47:36.356+0000] {processor.py:183} INFO - Processing /home/airflow/.local/lib/python3.8/site-packages/airflow/example_dags/example_branch_labels.py took 0.059 seconds
[2024-01-06T02:48:06.482+0000] {processor.py:161} INFO - Started process (PID=43172) to work on /home/airflow/.local/lib/python3.8/site-packages/airflow/example_dags/example_branch_labels.py
[2024-01-06T02:48:06.486+0000] {processor.py:830} INFO - Processing file /home/airflow/.local/lib/python3.8/site-packages/airflow/example_dags/example_branch_labels.py for tasks to queue
[2024-01-06T02:48:06.494+0000] {logging_mixin.py:188} INFO - [2024-01-06T02:48:06.493+0000] {dagbag.py:538} INFO - Filling up the DagBag from /home/airflow/.local/lib/python3.8/site-packages/airflow/example_dags/example_branch_labels.py
[2024-01-06T02:48:06.517+0000] {processor.py:840} INFO - DAG(s) 'example_branch_labels' retrieved from /home/airflow/.local/lib/python3.8/site-packages/airflow/example_dags/example_branch_labels.py
[2024-01-06T02:48:06.550+0000] {logging_mixin.py:188} INFO - [2024-01-06T02:48:06.550+0000] {dag.py:3033} INFO - Sync 1 DAGs
[2024-01-06T02:48:06.576+0000] {logging_mixin.py:188} INFO - [2024-01-06T02:48:06.576+0000] {dag.py:3820} INFO - Setting next_dagrun for example_branch_labels to 2024-01-05T00:00:00+00:00, run_after=2024-01-06T00:00:00+00:00
[2024-01-06T02:48:06.592+0000] {processor.py:183} INFO - Processing /home/airflow/.local/lib/python3.8/site-packages/airflow/example_dags/example_branch_labels.py took 0.122 seconds
[2024-01-06T02:48:37.522+0000] {processor.py:161} INFO - Started process (PID=43230) to work on /home/airflow/.local/lib/python3.8/site-packages/airflow/example_dags/example_branch_labels.py
[2024-01-06T02:48:37.574+0000] {processor.py:830} INFO - Processing file /home/airflow/.local/lib/python3.8/site-packages/airflow/example_dags/example_branch_labels.py for tasks to queue
[2024-01-06T02:48:37.644+0000] {logging_mixin.py:188} INFO - [2024-01-06T02:48:37.641+0000] {dagbag.py:538} INFO - Filling up the DagBag from /home/airflow/.local/lib/python3.8/site-packages/airflow/example_dags/example_branch_labels.py
[2024-01-06T02:48:37.777+0000] {processor.py:840} INFO - DAG(s) 'example_branch_labels' retrieved from /home/airflow/.local/lib/python3.8/site-packages/airflow/example_dags/example_branch_labels.py
[2024-01-06T02:48:37.945+0000] {logging_mixin.py:188} INFO - [2024-01-06T02:48:37.945+0000] {dag.py:3033} INFO - Sync 1 DAGs
[2024-01-06T02:48:37.999+0000] {logging_mixin.py:188} INFO - [2024-01-06T02:48:37.999+0000] {dag.py:3820} INFO - Setting next_dagrun for example_branch_labels to 2024-01-05T00:00:00+00:00, run_after=2024-01-06T00:00:00+00:00
[2024-01-06T02:48:38.022+0000] {processor.py:183} INFO - Processing /home/airflow/.local/lib/python3.8/site-packages/airflow/example_dags/example_branch_labels.py took 0.519 seconds
[2024-01-06T02:49:24.481+0000] {processor.py:161} INFO - Started process (PID=43288) to work on /home/airflow/.local/lib/python3.8/site-packages/airflow/example_dags/example_branch_labels.py
[2024-01-06T02:49:24.484+0000] {processor.py:830} INFO - Processing file /home/airflow/.local/lib/python3.8/site-packages/airflow/example_dags/example_branch_labels.py for tasks to queue
[2024-01-06T02:49:24.487+0000] {logging_mixin.py:188} INFO - [2024-01-06T02:49:24.486+0000] {dagbag.py:538} INFO - Filling up the DagBag from /home/airflow/.local/lib/python3.8/site-packages/airflow/example_dags/example_branch_labels.py
[2024-01-06T02:49:24.495+0000] {processor.py:840} INFO - DAG(s) 'example_branch_labels' retrieved from /home/airflow/.local/lib/python3.8/site-packages/airflow/example_dags/example_branch_labels.py
[2024-01-06T02:49:24.516+0000] {logging_mixin.py:188} INFO - [2024-01-06T02:49:24.516+0000] {dag.py:3033} INFO - Sync 1 DAGs
[2024-01-06T02:49:24.534+0000] {logging_mixin.py:188} INFO - [2024-01-06T02:49:24.534+0000] {dag.py:3820} INFO - Setting next_dagrun for example_branch_labels to 2024-01-05T00:00:00+00:00, run_after=2024-01-06T00:00:00+00:00
[2024-01-06T02:49:24.550+0000] {processor.py:183} INFO - Processing /home/airflow/.local/lib/python3.8/site-packages/airflow/example_dags/example_branch_labels.py took 0.072 seconds
[2024-01-06T02:49:56.371+0000] {processor.py:161} INFO - Started process (PID=43354) to work on /home/airflow/.local/lib/python3.8/site-packages/airflow/example_dags/example_branch_labels.py
[2024-01-06T02:49:56.373+0000] {processor.py:830} INFO - Processing file /home/airflow/.local/lib/python3.8/site-packages/airflow/example_dags/example_branch_labels.py for tasks to queue
[2024-01-06T02:49:56.376+0000] {logging_mixin.py:188} INFO - [2024-01-06T02:49:56.375+0000] {dagbag.py:538} INFO - Filling up the DagBag from /home/airflow/.local/lib/python3.8/site-packages/airflow/example_dags/example_branch_labels.py
[2024-01-06T02:49:56.384+0000] {processor.py:840} INFO - DAG(s) 'example_branch_labels' retrieved from /home/airflow/.local/lib/python3.8/site-packages/airflow/example_dags/example_branch_labels.py
[2024-01-06T02:49:56.400+0000] {logging_mixin.py:188} INFO - [2024-01-06T02:49:56.400+0000] {dag.py:3033} INFO - Sync 1 DAGs
[2024-01-06T02:49:56.414+0000] {logging_mixin.py:188} INFO - [2024-01-06T02:49:56.414+0000] {dag.py:3820} INFO - Setting next_dagrun for example_branch_labels to 2024-01-05T00:00:00+00:00, run_after=2024-01-06T00:00:00+00:00
[2024-01-06T02:49:56.425+0000] {processor.py:183} INFO - Processing /home/airflow/.local/lib/python3.8/site-packages/airflow/example_dags/example_branch_labels.py took 0.056 seconds
[2024-01-06T02:50:27.951+0000] {processor.py:161} INFO - Started process (PID=43428) to work on /home/airflow/.local/lib/python3.8/site-packages/airflow/example_dags/example_branch_labels.py
[2024-01-06T02:50:27.953+0000] {processor.py:830} INFO - Processing file /home/airflow/.local/lib/python3.8/site-packages/airflow/example_dags/example_branch_labels.py for tasks to queue
[2024-01-06T02:50:27.955+0000] {logging_mixin.py:188} INFO - [2024-01-06T02:50:27.955+0000] {dagbag.py:538} INFO - Filling up the DagBag from /home/airflow/.local/lib/python3.8/site-packages/airflow/example_dags/example_branch_labels.py
[2024-01-06T02:50:27.963+0000] {processor.py:840} INFO - DAG(s) 'example_branch_labels' retrieved from /home/airflow/.local/lib/python3.8/site-packages/airflow/example_dags/example_branch_labels.py
[2024-01-06T02:50:27.984+0000] {logging_mixin.py:188} INFO - [2024-01-06T02:50:27.984+0000] {dag.py:3033} INFO - Sync 1 DAGs
[2024-01-06T02:50:28.007+0000] {logging_mixin.py:188} INFO - [2024-01-06T02:50:28.007+0000] {dag.py:3820} INFO - Setting next_dagrun for example_branch_labels to 2024-01-05T00:00:00+00:00, run_after=2024-01-06T00:00:00+00:00
[2024-01-06T02:50:28.020+0000] {processor.py:183} INFO - Processing /home/airflow/.local/lib/python3.8/site-packages/airflow/example_dags/example_branch_labels.py took 0.072 seconds
[2024-01-06T02:50:58.227+0000] {processor.py:161} INFO - Started process (PID=43486) to work on /home/airflow/.local/lib/python3.8/site-packages/airflow/example_dags/example_branch_labels.py
[2024-01-06T02:50:58.229+0000] {processor.py:830} INFO - Processing file /home/airflow/.local/lib/python3.8/site-packages/airflow/example_dags/example_branch_labels.py for tasks to queue
[2024-01-06T02:50:58.231+0000] {logging_mixin.py:188} INFO - [2024-01-06T02:50:58.231+0000] {dagbag.py:538} INFO - Filling up the DagBag from /home/airflow/.local/lib/python3.8/site-packages/airflow/example_dags/example_branch_labels.py
[2024-01-06T02:50:58.237+0000] {processor.py:840} INFO - DAG(s) 'example_branch_labels' retrieved from /home/airflow/.local/lib/python3.8/site-packages/airflow/example_dags/example_branch_labels.py
[2024-01-06T02:50:58.252+0000] {logging_mixin.py:188} INFO - [2024-01-06T02:50:58.252+0000] {dag.py:3033} INFO - Sync 1 DAGs
[2024-01-06T02:50:58.265+0000] {logging_mixin.py:188} INFO - [2024-01-06T02:50:58.265+0000] {dag.py:3820} INFO - Setting next_dagrun for example_branch_labels to 2024-01-05T00:00:00+00:00, run_after=2024-01-06T00:00:00+00:00
[2024-01-06T02:50:58.278+0000] {processor.py:183} INFO - Processing /home/airflow/.local/lib/python3.8/site-packages/airflow/example_dags/example_branch_labels.py took 0.054 seconds
