[2024-01-06T01:20:15.159+0000] {processor.py:161} INFO - Started process (PID=39352) to work on /home/airflow/.local/lib/python3.8/site-packages/airflow/example_dags/example_trigger_target_dag.py
[2024-01-06T01:20:15.160+0000] {processor.py:830} INFO - Processing file /home/airflow/.local/lib/python3.8/site-packages/airflow/example_dags/example_trigger_target_dag.py for tasks to queue
[2024-01-06T01:20:15.162+0000] {logging_mixin.py:188} INFO - [2024-01-06T01:20:15.162+0000] {dagbag.py:538} INFO - Filling up the DagBag from /home/airflow/.local/lib/python3.8/site-packages/airflow/example_dags/example_trigger_target_dag.py
[2024-01-06T01:20:15.167+0000] {processor.py:840} INFO - DAG(s) 'example_trigger_target_dag' retrieved from /home/airflow/.local/lib/python3.8/site-packages/airflow/example_dags/example_trigger_target_dag.py
[2024-01-06T01:20:15.184+0000] {logging_mixin.py:188} INFO - [2024-01-06T01:20:15.184+0000] {dag.py:3033} INFO - Sync 1 DAGs
[2024-01-06T01:20:15.194+0000] {logging_mixin.py:188} INFO - [2024-01-06T01:20:15.194+0000] {dag.py:3820} INFO - Setting next_dagrun for example_trigger_target_dag to None, run_after=None
[2024-01-06T01:20:15.207+0000] {processor.py:183} INFO - Processing /home/airflow/.local/lib/python3.8/site-packages/airflow/example_dags/example_trigger_target_dag.py took 0.051 seconds
[2024-01-06T01:47:34.437+0000] {processor.py:161} INFO - Started process (PID=39410) to work on /home/airflow/.local/lib/python3.8/site-packages/airflow/example_dags/example_trigger_target_dag.py
[2024-01-06T01:47:34.438+0000] {processor.py:830} INFO - Processing file /home/airflow/.local/lib/python3.8/site-packages/airflow/example_dags/example_trigger_target_dag.py for tasks to queue
[2024-01-06T01:47:34.440+0000] {logging_mixin.py:188} INFO - [2024-01-06T01:47:34.440+0000] {dagbag.py:538} INFO - Filling up the DagBag from /home/airflow/.local/lib/python3.8/site-packages/airflow/example_dags/example_trigger_target_dag.py
[2024-01-06T01:47:34.445+0000] {processor.py:840} INFO - DAG(s) 'example_trigger_target_dag' retrieved from /home/airflow/.local/lib/python3.8/site-packages/airflow/example_dags/example_trigger_target_dag.py
[2024-01-06T01:47:34.459+0000] {logging_mixin.py:188} INFO - [2024-01-06T01:47:34.459+0000] {dag.py:3033} INFO - Sync 1 DAGs
[2024-01-06T01:47:34.468+0000] {logging_mixin.py:188} INFO - [2024-01-06T01:47:34.468+0000] {dag.py:3820} INFO - Setting next_dagrun for example_trigger_target_dag to None, run_after=None
[2024-01-06T01:47:34.481+0000] {processor.py:183} INFO - Processing /home/airflow/.local/lib/python3.8/site-packages/airflow/example_dags/example_trigger_target_dag.py took 0.046 seconds
[2024-01-06T01:48:05.036+0000] {processor.py:161} INFO - Started process (PID=39468) to work on /home/airflow/.local/lib/python3.8/site-packages/airflow/example_dags/example_trigger_target_dag.py
[2024-01-06T01:48:05.037+0000] {processor.py:830} INFO - Processing file /home/airflow/.local/lib/python3.8/site-packages/airflow/example_dags/example_trigger_target_dag.py for tasks to queue
[2024-01-06T01:48:05.039+0000] {logging_mixin.py:188} INFO - [2024-01-06T01:48:05.039+0000] {dagbag.py:538} INFO - Filling up the DagBag from /home/airflow/.local/lib/python3.8/site-packages/airflow/example_dags/example_trigger_target_dag.py
[2024-01-06T01:48:05.044+0000] {processor.py:840} INFO - DAG(s) 'example_trigger_target_dag' retrieved from /home/airflow/.local/lib/python3.8/site-packages/airflow/example_dags/example_trigger_target_dag.py
[2024-01-06T01:48:05.058+0000] {logging_mixin.py:188} INFO - [2024-01-06T01:48:05.058+0000] {dag.py:3033} INFO - Sync 1 DAGs
[2024-01-06T01:48:05.066+0000] {logging_mixin.py:188} INFO - [2024-01-06T01:48:05.066+0000] {dag.py:3820} INFO - Setting next_dagrun for example_trigger_target_dag to None, run_after=None
[2024-01-06T01:48:05.079+0000] {processor.py:183} INFO - Processing /home/airflow/.local/lib/python3.8/site-packages/airflow/example_dags/example_trigger_target_dag.py took 0.045 seconds
[2024-01-06T02:05:26.471+0000] {processor.py:161} INFO - Started process (PID=39526) to work on /home/airflow/.local/lib/python3.8/site-packages/airflow/example_dags/example_trigger_target_dag.py
[2024-01-06T02:05:26.473+0000] {processor.py:830} INFO - Processing file /home/airflow/.local/lib/python3.8/site-packages/airflow/example_dags/example_trigger_target_dag.py for tasks to queue
[2024-01-06T02:05:26.475+0000] {logging_mixin.py:188} INFO - [2024-01-06T02:05:26.475+0000] {dagbag.py:538} INFO - Filling up the DagBag from /home/airflow/.local/lib/python3.8/site-packages/airflow/example_dags/example_trigger_target_dag.py
[2024-01-06T02:05:26.480+0000] {processor.py:840} INFO - DAG(s) 'example_trigger_target_dag' retrieved from /home/airflow/.local/lib/python3.8/site-packages/airflow/example_dags/example_trigger_target_dag.py
[2024-01-06T02:05:26.494+0000] {logging_mixin.py:188} INFO - [2024-01-06T02:05:26.494+0000] {dag.py:3033} INFO - Sync 1 DAGs
[2024-01-06T02:05:26.503+0000] {logging_mixin.py:188} INFO - [2024-01-06T02:05:26.502+0000] {dag.py:3820} INFO - Setting next_dagrun for example_trigger_target_dag to None, run_after=None
[2024-01-06T02:05:26.518+0000] {processor.py:183} INFO - Processing /home/airflow/.local/lib/python3.8/site-packages/airflow/example_dags/example_trigger_target_dag.py took 0.050 seconds
[2024-01-06T02:16:26.083+0000] {processor.py:161} INFO - Started process (PID=39584) to work on /home/airflow/.local/lib/python3.8/site-packages/airflow/example_dags/example_trigger_target_dag.py
[2024-01-06T02:16:26.085+0000] {processor.py:830} INFO - Processing file /home/airflow/.local/lib/python3.8/site-packages/airflow/example_dags/example_trigger_target_dag.py for tasks to queue
[2024-01-06T02:16:26.087+0000] {logging_mixin.py:188} INFO - [2024-01-06T02:16:26.087+0000] {dagbag.py:538} INFO - Filling up the DagBag from /home/airflow/.local/lib/python3.8/site-packages/airflow/example_dags/example_trigger_target_dag.py
[2024-01-06T02:16:26.092+0000] {processor.py:840} INFO - DAG(s) 'example_trigger_target_dag' retrieved from /home/airflow/.local/lib/python3.8/site-packages/airflow/example_dags/example_trigger_target_dag.py
[2024-01-06T02:16:26.106+0000] {logging_mixin.py:188} INFO - [2024-01-06T02:16:26.106+0000] {dag.py:3033} INFO - Sync 1 DAGs
[2024-01-06T02:16:26.117+0000] {logging_mixin.py:188} INFO - [2024-01-06T02:16:26.116+0000] {dag.py:3820} INFO - Setting next_dagrun for example_trigger_target_dag to None, run_after=None
[2024-01-06T02:16:26.129+0000] {processor.py:183} INFO - Processing /home/airflow/.local/lib/python3.8/site-packages/airflow/example_dags/example_trigger_target_dag.py took 0.048 seconds
[2024-01-06T02:16:59.397+0000] {processor.py:161} INFO - Started process (PID=39642) to work on /home/airflow/.local/lib/python3.8/site-packages/airflow/example_dags/example_trigger_target_dag.py
[2024-01-06T02:16:59.409+0000] {processor.py:830} INFO - Processing file /home/airflow/.local/lib/python3.8/site-packages/airflow/example_dags/example_trigger_target_dag.py for tasks to queue
[2024-01-06T02:16:59.423+0000] {logging_mixin.py:188} INFO - [2024-01-06T02:16:59.422+0000] {dagbag.py:538} INFO - Filling up the DagBag from /home/airflow/.local/lib/python3.8/site-packages/airflow/example_dags/example_trigger_target_dag.py
[2024-01-06T02:16:59.445+0000] {processor.py:840} INFO - DAG(s) 'example_trigger_target_dag' retrieved from /home/airflow/.local/lib/python3.8/site-packages/airflow/example_dags/example_trigger_target_dag.py
[2024-01-06T02:16:59.535+0000] {logging_mixin.py:188} INFO - [2024-01-06T02:16:59.535+0000] {dag.py:3033} INFO - Sync 1 DAGs
[2024-01-06T02:16:59.573+0000] {logging_mixin.py:188} INFO - [2024-01-06T02:16:59.573+0000] {dag.py:3820} INFO - Setting next_dagrun for example_trigger_target_dag to None, run_after=None
[2024-01-06T02:16:59.656+0000] {processor.py:183} INFO - Processing /home/airflow/.local/lib/python3.8/site-packages/airflow/example_dags/example_trigger_target_dag.py took 0.269 seconds
[2024-01-06T02:17:30.634+0000] {processor.py:161} INFO - Started process (PID=39700) to work on /home/airflow/.local/lib/python3.8/site-packages/airflow/example_dags/example_trigger_target_dag.py
[2024-01-06T02:17:30.637+0000] {processor.py:830} INFO - Processing file /home/airflow/.local/lib/python3.8/site-packages/airflow/example_dags/example_trigger_target_dag.py for tasks to queue
[2024-01-06T02:17:30.640+0000] {logging_mixin.py:188} INFO - [2024-01-06T02:17:30.640+0000] {dagbag.py:538} INFO - Filling up the DagBag from /home/airflow/.local/lib/python3.8/site-packages/airflow/example_dags/example_trigger_target_dag.py
[2024-01-06T02:17:30.646+0000] {processor.py:840} INFO - DAG(s) 'example_trigger_target_dag' retrieved from /home/airflow/.local/lib/python3.8/site-packages/airflow/example_dags/example_trigger_target_dag.py
[2024-01-06T02:17:30.661+0000] {logging_mixin.py:188} INFO - [2024-01-06T02:17:30.661+0000] {dag.py:3033} INFO - Sync 1 DAGs
[2024-01-06T02:17:30.670+0000] {logging_mixin.py:188} INFO - [2024-01-06T02:17:30.670+0000] {dag.py:3820} INFO - Setting next_dagrun for example_trigger_target_dag to None, run_after=None
[2024-01-06T02:17:30.683+0000] {processor.py:183} INFO - Processing /home/airflow/.local/lib/python3.8/site-packages/airflow/example_dags/example_trigger_target_dag.py took 0.054 seconds
[2024-01-06T02:18:01.100+0000] {processor.py:161} INFO - Started process (PID=39758) to work on /home/airflow/.local/lib/python3.8/site-packages/airflow/example_dags/example_trigger_target_dag.py
[2024-01-06T02:18:01.102+0000] {processor.py:830} INFO - Processing file /home/airflow/.local/lib/python3.8/site-packages/airflow/example_dags/example_trigger_target_dag.py for tasks to queue
[2024-01-06T02:18:01.104+0000] {logging_mixin.py:188} INFO - [2024-01-06T02:18:01.104+0000] {dagbag.py:538} INFO - Filling up the DagBag from /home/airflow/.local/lib/python3.8/site-packages/airflow/example_dags/example_trigger_target_dag.py
[2024-01-06T02:18:01.109+0000] {processor.py:840} INFO - DAG(s) 'example_trigger_target_dag' retrieved from /home/airflow/.local/lib/python3.8/site-packages/airflow/example_dags/example_trigger_target_dag.py
[2024-01-06T02:18:01.124+0000] {logging_mixin.py:188} INFO - [2024-01-06T02:18:01.124+0000] {dag.py:3033} INFO - Sync 1 DAGs
[2024-01-06T02:18:01.133+0000] {logging_mixin.py:188} INFO - [2024-01-06T02:18:01.133+0000] {dag.py:3820} INFO - Setting next_dagrun for example_trigger_target_dag to None, run_after=None
[2024-01-06T02:18:01.148+0000] {processor.py:183} INFO - Processing /home/airflow/.local/lib/python3.8/site-packages/airflow/example_dags/example_trigger_target_dag.py took 0.054 seconds
[2024-01-06T02:18:31.567+0000] {processor.py:161} INFO - Started process (PID=39816) to work on /home/airflow/.local/lib/python3.8/site-packages/airflow/example_dags/example_trigger_target_dag.py
[2024-01-06T02:18:31.571+0000] {processor.py:830} INFO - Processing file /home/airflow/.local/lib/python3.8/site-packages/airflow/example_dags/example_trigger_target_dag.py for tasks to queue
[2024-01-06T02:18:31.574+0000] {logging_mixin.py:188} INFO - [2024-01-06T02:18:31.574+0000] {dagbag.py:538} INFO - Filling up the DagBag from /home/airflow/.local/lib/python3.8/site-packages/airflow/example_dags/example_trigger_target_dag.py
[2024-01-06T02:18:31.580+0000] {processor.py:840} INFO - DAG(s) 'example_trigger_target_dag' retrieved from /home/airflow/.local/lib/python3.8/site-packages/airflow/example_dags/example_trigger_target_dag.py
[2024-01-06T02:18:31.595+0000] {logging_mixin.py:188} INFO - [2024-01-06T02:18:31.595+0000] {dag.py:3033} INFO - Sync 1 DAGs
[2024-01-06T02:18:31.604+0000] {logging_mixin.py:188} INFO - [2024-01-06T02:18:31.604+0000] {dag.py:3820} INFO - Setting next_dagrun for example_trigger_target_dag to None, run_after=None
[2024-01-06T02:18:31.616+0000] {processor.py:183} INFO - Processing /home/airflow/.local/lib/python3.8/site-packages/airflow/example_dags/example_trigger_target_dag.py took 0.054 seconds
[2024-01-06T02:19:02.568+0000] {processor.py:161} INFO - Started process (PID=39875) to work on /home/airflow/.local/lib/python3.8/site-packages/airflow/example_dags/example_trigger_target_dag.py
[2024-01-06T02:19:02.572+0000] {processor.py:830} INFO - Processing file /home/airflow/.local/lib/python3.8/site-packages/airflow/example_dags/example_trigger_target_dag.py for tasks to queue
[2024-01-06T02:19:02.578+0000] {logging_mixin.py:188} INFO - [2024-01-06T02:19:02.578+0000] {dagbag.py:538} INFO - Filling up the DagBag from /home/airflow/.local/lib/python3.8/site-packages/airflow/example_dags/example_trigger_target_dag.py
[2024-01-06T02:19:02.600+0000] {processor.py:840} INFO - DAG(s) 'example_trigger_target_dag' retrieved from /home/airflow/.local/lib/python3.8/site-packages/airflow/example_dags/example_trigger_target_dag.py
[2024-01-06T02:19:02.646+0000] {logging_mixin.py:188} INFO - [2024-01-06T02:19:02.645+0000] {dag.py:3033} INFO - Sync 1 DAGs
[2024-01-06T02:19:02.664+0000] {logging_mixin.py:188} INFO - [2024-01-06T02:19:02.664+0000] {dag.py:3820} INFO - Setting next_dagrun for example_trigger_target_dag to None, run_after=None
[2024-01-06T02:19:02.694+0000] {processor.py:183} INFO - Processing /home/airflow/.local/lib/python3.8/site-packages/airflow/example_dags/example_trigger_target_dag.py took 0.131 seconds
[2024-01-06T02:19:33.167+0000] {processor.py:161} INFO - Started process (PID=39933) to work on /home/airflow/.local/lib/python3.8/site-packages/airflow/example_dags/example_trigger_target_dag.py
[2024-01-06T02:19:33.168+0000] {processor.py:830} INFO - Processing file /home/airflow/.local/lib/python3.8/site-packages/airflow/example_dags/example_trigger_target_dag.py for tasks to queue
[2024-01-06T02:19:33.171+0000] {logging_mixin.py:188} INFO - [2024-01-06T02:19:33.171+0000] {dagbag.py:538} INFO - Filling up the DagBag from /home/airflow/.local/lib/python3.8/site-packages/airflow/example_dags/example_trigger_target_dag.py
[2024-01-06T02:19:33.176+0000] {processor.py:840} INFO - DAG(s) 'example_trigger_target_dag' retrieved from /home/airflow/.local/lib/python3.8/site-packages/airflow/example_dags/example_trigger_target_dag.py
[2024-01-06T02:19:33.192+0000] {logging_mixin.py:188} INFO - [2024-01-06T02:19:33.192+0000] {dag.py:3033} INFO - Sync 1 DAGs
[2024-01-06T02:19:33.203+0000] {logging_mixin.py:188} INFO - [2024-01-06T02:19:33.203+0000] {dag.py:3820} INFO - Setting next_dagrun for example_trigger_target_dag to None, run_after=None
[2024-01-06T02:19:33.223+0000] {processor.py:183} INFO - Processing /home/airflow/.local/lib/python3.8/site-packages/airflow/example_dags/example_trigger_target_dag.py took 0.061 seconds
[2024-01-06T02:20:03.844+0000] {processor.py:161} INFO - Started process (PID=39991) to work on /home/airflow/.local/lib/python3.8/site-packages/airflow/example_dags/example_trigger_target_dag.py
[2024-01-06T02:20:03.846+0000] {processor.py:830} INFO - Processing file /home/airflow/.local/lib/python3.8/site-packages/airflow/example_dags/example_trigger_target_dag.py for tasks to queue
[2024-01-06T02:20:03.850+0000] {logging_mixin.py:188} INFO - [2024-01-06T02:20:03.849+0000] {dagbag.py:538} INFO - Filling up the DagBag from /home/airflow/.local/lib/python3.8/site-packages/airflow/example_dags/example_trigger_target_dag.py
[2024-01-06T02:20:03.856+0000] {processor.py:840} INFO - DAG(s) 'example_trigger_target_dag' retrieved from /home/airflow/.local/lib/python3.8/site-packages/airflow/example_dags/example_trigger_target_dag.py
[2024-01-06T02:20:03.889+0000] {logging_mixin.py:188} INFO - [2024-01-06T02:20:03.888+0000] {dag.py:3033} INFO - Sync 1 DAGs
[2024-01-06T02:20:03.906+0000] {logging_mixin.py:188} INFO - [2024-01-06T02:20:03.906+0000] {dag.py:3820} INFO - Setting next_dagrun for example_trigger_target_dag to None, run_after=None
[2024-01-06T02:20:04.058+0000] {processor.py:183} INFO - Processing /home/airflow/.local/lib/python3.8/site-packages/airflow/example_dags/example_trigger_target_dag.py took 0.218 seconds
[2024-01-06T02:20:35.003+0000] {processor.py:161} INFO - Started process (PID=40049) to work on /home/airflow/.local/lib/python3.8/site-packages/airflow/example_dags/example_trigger_target_dag.py
[2024-01-06T02:20:35.004+0000] {processor.py:830} INFO - Processing file /home/airflow/.local/lib/python3.8/site-packages/airflow/example_dags/example_trigger_target_dag.py for tasks to queue
[2024-01-06T02:20:35.007+0000] {logging_mixin.py:188} INFO - [2024-01-06T02:20:35.007+0000] {dagbag.py:538} INFO - Filling up the DagBag from /home/airflow/.local/lib/python3.8/site-packages/airflow/example_dags/example_trigger_target_dag.py
[2024-01-06T02:20:35.011+0000] {processor.py:840} INFO - DAG(s) 'example_trigger_target_dag' retrieved from /home/airflow/.local/lib/python3.8/site-packages/airflow/example_dags/example_trigger_target_dag.py
[2024-01-06T02:20:35.026+0000] {logging_mixin.py:188} INFO - [2024-01-06T02:20:35.026+0000] {dag.py:3033} INFO - Sync 1 DAGs
[2024-01-06T02:20:35.034+0000] {logging_mixin.py:188} INFO - [2024-01-06T02:20:35.034+0000] {dag.py:3820} INFO - Setting next_dagrun for example_trigger_target_dag to None, run_after=None
[2024-01-06T02:20:35.045+0000] {processor.py:183} INFO - Processing /home/airflow/.local/lib/python3.8/site-packages/airflow/example_dags/example_trigger_target_dag.py took 0.045 seconds
[2024-01-06T02:21:05.486+0000] {processor.py:161} INFO - Started process (PID=40107) to work on /home/airflow/.local/lib/python3.8/site-packages/airflow/example_dags/example_trigger_target_dag.py
[2024-01-06T02:21:05.488+0000] {processor.py:830} INFO - Processing file /home/airflow/.local/lib/python3.8/site-packages/airflow/example_dags/example_trigger_target_dag.py for tasks to queue
[2024-01-06T02:21:05.491+0000] {logging_mixin.py:188} INFO - [2024-01-06T02:21:05.491+0000] {dagbag.py:538} INFO - Filling up the DagBag from /home/airflow/.local/lib/python3.8/site-packages/airflow/example_dags/example_trigger_target_dag.py
[2024-01-06T02:21:05.498+0000] {processor.py:840} INFO - DAG(s) 'example_trigger_target_dag' retrieved from /home/airflow/.local/lib/python3.8/site-packages/airflow/example_dags/example_trigger_target_dag.py
[2024-01-06T02:21:05.516+0000] {logging_mixin.py:188} INFO - [2024-01-06T02:21:05.516+0000] {dag.py:3033} INFO - Sync 1 DAGs
[2024-01-06T02:21:05.530+0000] {logging_mixin.py:188} INFO - [2024-01-06T02:21:05.529+0000] {dag.py:3820} INFO - Setting next_dagrun for example_trigger_target_dag to None, run_after=None
[2024-01-06T02:21:05.557+0000] {processor.py:183} INFO - Processing /home/airflow/.local/lib/python3.8/site-packages/airflow/example_dags/example_trigger_target_dag.py took 0.077 seconds
[2024-01-06T02:21:35.611+0000] {processor.py:161} INFO - Started process (PID=40164) to work on /home/airflow/.local/lib/python3.8/site-packages/airflow/example_dags/example_trigger_target_dag.py
[2024-01-06T02:21:35.615+0000] {processor.py:830} INFO - Processing file /home/airflow/.local/lib/python3.8/site-packages/airflow/example_dags/example_trigger_target_dag.py for tasks to queue
[2024-01-06T02:21:35.619+0000] {logging_mixin.py:188} INFO - [2024-01-06T02:21:35.619+0000] {dagbag.py:538} INFO - Filling up the DagBag from /home/airflow/.local/lib/python3.8/site-packages/airflow/example_dags/example_trigger_target_dag.py
[2024-01-06T02:21:35.627+0000] {processor.py:840} INFO - DAG(s) 'example_trigger_target_dag' retrieved from /home/airflow/.local/lib/python3.8/site-packages/airflow/example_dags/example_trigger_target_dag.py
[2024-01-06T02:21:35.646+0000] {logging_mixin.py:188} INFO - [2024-01-06T02:21:35.645+0000] {dag.py:3033} INFO - Sync 1 DAGs
[2024-01-06T02:21:35.654+0000] {logging_mixin.py:188} INFO - [2024-01-06T02:21:35.654+0000] {dag.py:3820} INFO - Setting next_dagrun for example_trigger_target_dag to None, run_after=None
[2024-01-06T02:21:35.667+0000] {processor.py:183} INFO - Processing /home/airflow/.local/lib/python3.8/site-packages/airflow/example_dags/example_trigger_target_dag.py took 0.061 seconds
[2024-01-06T02:22:05.780+0000] {processor.py:161} INFO - Started process (PID=40223) to work on /home/airflow/.local/lib/python3.8/site-packages/airflow/example_dags/example_trigger_target_dag.py
[2024-01-06T02:22:05.782+0000] {processor.py:830} INFO - Processing file /home/airflow/.local/lib/python3.8/site-packages/airflow/example_dags/example_trigger_target_dag.py for tasks to queue
[2024-01-06T02:22:05.786+0000] {logging_mixin.py:188} INFO - [2024-01-06T02:22:05.785+0000] {dagbag.py:538} INFO - Filling up the DagBag from /home/airflow/.local/lib/python3.8/site-packages/airflow/example_dags/example_trigger_target_dag.py
[2024-01-06T02:22:05.797+0000] {processor.py:840} INFO - DAG(s) 'example_trigger_target_dag' retrieved from /home/airflow/.local/lib/python3.8/site-packages/airflow/example_dags/example_trigger_target_dag.py
[2024-01-06T02:22:05.821+0000] {logging_mixin.py:188} INFO - [2024-01-06T02:22:05.821+0000] {dag.py:3033} INFO - Sync 1 DAGs
[2024-01-06T02:22:05.833+0000] {logging_mixin.py:188} INFO - [2024-01-06T02:22:05.833+0000] {dag.py:3820} INFO - Setting next_dagrun for example_trigger_target_dag to None, run_after=None
[2024-01-06T02:22:05.850+0000] {processor.py:183} INFO - Processing /home/airflow/.local/lib/python3.8/site-packages/airflow/example_dags/example_trigger_target_dag.py took 0.073 seconds
[2024-01-06T02:22:36.838+0000] {processor.py:161} INFO - Started process (PID=40281) to work on /home/airflow/.local/lib/python3.8/site-packages/airflow/example_dags/example_trigger_target_dag.py
[2024-01-06T02:22:36.840+0000] {processor.py:830} INFO - Processing file /home/airflow/.local/lib/python3.8/site-packages/airflow/example_dags/example_trigger_target_dag.py for tasks to queue
[2024-01-06T02:22:36.843+0000] {logging_mixin.py:188} INFO - [2024-01-06T02:22:36.842+0000] {dagbag.py:538} INFO - Filling up the DagBag from /home/airflow/.local/lib/python3.8/site-packages/airflow/example_dags/example_trigger_target_dag.py
[2024-01-06T02:22:36.847+0000] {processor.py:840} INFO - DAG(s) 'example_trigger_target_dag' retrieved from /home/airflow/.local/lib/python3.8/site-packages/airflow/example_dags/example_trigger_target_dag.py
[2024-01-06T02:22:36.863+0000] {logging_mixin.py:188} INFO - [2024-01-06T02:22:36.863+0000] {dag.py:3033} INFO - Sync 1 DAGs
[2024-01-06T02:22:36.871+0000] {logging_mixin.py:188} INFO - [2024-01-06T02:22:36.871+0000] {dag.py:3820} INFO - Setting next_dagrun for example_trigger_target_dag to None, run_after=None
[2024-01-06T02:22:36.883+0000] {processor.py:183} INFO - Processing /home/airflow/.local/lib/python3.8/site-packages/airflow/example_dags/example_trigger_target_dag.py took 0.048 seconds
[2024-01-06T02:23:07.521+0000] {processor.py:161} INFO - Started process (PID=40339) to work on /home/airflow/.local/lib/python3.8/site-packages/airflow/example_dags/example_trigger_target_dag.py
[2024-01-06T02:23:07.523+0000] {processor.py:830} INFO - Processing file /home/airflow/.local/lib/python3.8/site-packages/airflow/example_dags/example_trigger_target_dag.py for tasks to queue
[2024-01-06T02:23:07.527+0000] {logging_mixin.py:188} INFO - [2024-01-06T02:23:07.527+0000] {dagbag.py:538} INFO - Filling up the DagBag from /home/airflow/.local/lib/python3.8/site-packages/airflow/example_dags/example_trigger_target_dag.py
[2024-01-06T02:23:07.531+0000] {processor.py:840} INFO - DAG(s) 'example_trigger_target_dag' retrieved from /home/airflow/.local/lib/python3.8/site-packages/airflow/example_dags/example_trigger_target_dag.py
[2024-01-06T02:23:07.553+0000] {logging_mixin.py:188} INFO - [2024-01-06T02:23:07.553+0000] {dag.py:3033} INFO - Sync 1 DAGs
[2024-01-06T02:23:07.563+0000] {logging_mixin.py:188} INFO - [2024-01-06T02:23:07.562+0000] {dag.py:3820} INFO - Setting next_dagrun for example_trigger_target_dag to None, run_after=None
[2024-01-06T02:23:07.582+0000] {processor.py:183} INFO - Processing /home/airflow/.local/lib/python3.8/site-packages/airflow/example_dags/example_trigger_target_dag.py took 0.066 seconds
[2024-01-06T02:23:38.317+0000] {processor.py:161} INFO - Started process (PID=40397) to work on /home/airflow/.local/lib/python3.8/site-packages/airflow/example_dags/example_trigger_target_dag.py
[2024-01-06T02:23:38.319+0000] {processor.py:830} INFO - Processing file /home/airflow/.local/lib/python3.8/site-packages/airflow/example_dags/example_trigger_target_dag.py for tasks to queue
[2024-01-06T02:23:38.323+0000] {logging_mixin.py:188} INFO - [2024-01-06T02:23:38.323+0000] {dagbag.py:538} INFO - Filling up the DagBag from /home/airflow/.local/lib/python3.8/site-packages/airflow/example_dags/example_trigger_target_dag.py
[2024-01-06T02:23:38.331+0000] {processor.py:840} INFO - DAG(s) 'example_trigger_target_dag' retrieved from /home/airflow/.local/lib/python3.8/site-packages/airflow/example_dags/example_trigger_target_dag.py
[2024-01-06T02:23:38.350+0000] {logging_mixin.py:188} INFO - [2024-01-06T02:23:38.350+0000] {dag.py:3033} INFO - Sync 1 DAGs
[2024-01-06T02:23:38.365+0000] {logging_mixin.py:188} INFO - [2024-01-06T02:23:38.365+0000] {dag.py:3820} INFO - Setting next_dagrun for example_trigger_target_dag to None, run_after=None
[2024-01-06T02:23:38.387+0000] {processor.py:183} INFO - Processing /home/airflow/.local/lib/python3.8/site-packages/airflow/example_dags/example_trigger_target_dag.py took 0.073 seconds
[2024-01-06T02:24:08.534+0000] {processor.py:161} INFO - Started process (PID=40455) to work on /home/airflow/.local/lib/python3.8/site-packages/airflow/example_dags/example_trigger_target_dag.py
[2024-01-06T02:24:08.536+0000] {processor.py:830} INFO - Processing file /home/airflow/.local/lib/python3.8/site-packages/airflow/example_dags/example_trigger_target_dag.py for tasks to queue
[2024-01-06T02:24:08.539+0000] {logging_mixin.py:188} INFO - [2024-01-06T02:24:08.539+0000] {dagbag.py:538} INFO - Filling up the DagBag from /home/airflow/.local/lib/python3.8/site-packages/airflow/example_dags/example_trigger_target_dag.py
[2024-01-06T02:24:08.544+0000] {processor.py:840} INFO - DAG(s) 'example_trigger_target_dag' retrieved from /home/airflow/.local/lib/python3.8/site-packages/airflow/example_dags/example_trigger_target_dag.py
[2024-01-06T02:24:08.566+0000] {logging_mixin.py:188} INFO - [2024-01-06T02:24:08.566+0000] {dag.py:3033} INFO - Sync 1 DAGs
[2024-01-06T02:24:08.576+0000] {logging_mixin.py:188} INFO - [2024-01-06T02:24:08.576+0000] {dag.py:3820} INFO - Setting next_dagrun for example_trigger_target_dag to None, run_after=None
[2024-01-06T02:24:08.590+0000] {processor.py:183} INFO - Processing /home/airflow/.local/lib/python3.8/site-packages/airflow/example_dags/example_trigger_target_dag.py took 0.059 seconds
[2024-01-06T02:24:39.065+0000] {processor.py:161} INFO - Started process (PID=40513) to work on /home/airflow/.local/lib/python3.8/site-packages/airflow/example_dags/example_trigger_target_dag.py
[2024-01-06T02:24:39.066+0000] {processor.py:830} INFO - Processing file /home/airflow/.local/lib/python3.8/site-packages/airflow/example_dags/example_trigger_target_dag.py for tasks to queue
[2024-01-06T02:24:39.069+0000] {logging_mixin.py:188} INFO - [2024-01-06T02:24:39.068+0000] {dagbag.py:538} INFO - Filling up the DagBag from /home/airflow/.local/lib/python3.8/site-packages/airflow/example_dags/example_trigger_target_dag.py
[2024-01-06T02:24:39.077+0000] {processor.py:840} INFO - DAG(s) 'example_trigger_target_dag' retrieved from /home/airflow/.local/lib/python3.8/site-packages/airflow/example_dags/example_trigger_target_dag.py
[2024-01-06T02:24:39.093+0000] {logging_mixin.py:188} INFO - [2024-01-06T02:24:39.093+0000] {dag.py:3033} INFO - Sync 1 DAGs
[2024-01-06T02:24:39.103+0000] {logging_mixin.py:188} INFO - [2024-01-06T02:24:39.103+0000] {dag.py:3820} INFO - Setting next_dagrun for example_trigger_target_dag to None, run_after=None
[2024-01-06T02:24:39.116+0000] {processor.py:183} INFO - Processing /home/airflow/.local/lib/python3.8/site-packages/airflow/example_dags/example_trigger_target_dag.py took 0.054 seconds
[2024-01-06T02:25:09.685+0000] {processor.py:161} INFO - Started process (PID=40571) to work on /home/airflow/.local/lib/python3.8/site-packages/airflow/example_dags/example_trigger_target_dag.py
[2024-01-06T02:25:09.686+0000] {processor.py:830} INFO - Processing file /home/airflow/.local/lib/python3.8/site-packages/airflow/example_dags/example_trigger_target_dag.py for tasks to queue
[2024-01-06T02:25:09.690+0000] {logging_mixin.py:188} INFO - [2024-01-06T02:25:09.690+0000] {dagbag.py:538} INFO - Filling up the DagBag from /home/airflow/.local/lib/python3.8/site-packages/airflow/example_dags/example_trigger_target_dag.py
[2024-01-06T02:25:09.696+0000] {processor.py:840} INFO - DAG(s) 'example_trigger_target_dag' retrieved from /home/airflow/.local/lib/python3.8/site-packages/airflow/example_dags/example_trigger_target_dag.py
[2024-01-06T02:25:09.714+0000] {logging_mixin.py:188} INFO - [2024-01-06T02:25:09.714+0000] {dag.py:3033} INFO - Sync 1 DAGs
[2024-01-06T02:25:09.723+0000] {logging_mixin.py:188} INFO - [2024-01-06T02:25:09.723+0000] {dag.py:3820} INFO - Setting next_dagrun for example_trigger_target_dag to None, run_after=None
[2024-01-06T02:25:09.737+0000] {processor.py:183} INFO - Processing /home/airflow/.local/lib/python3.8/site-packages/airflow/example_dags/example_trigger_target_dag.py took 0.055 seconds
[2024-01-06T02:25:39.943+0000] {processor.py:161} INFO - Started process (PID=40629) to work on /home/airflow/.local/lib/python3.8/site-packages/airflow/example_dags/example_trigger_target_dag.py
[2024-01-06T02:25:39.945+0000] {processor.py:830} INFO - Processing file /home/airflow/.local/lib/python3.8/site-packages/airflow/example_dags/example_trigger_target_dag.py for tasks to queue
[2024-01-06T02:25:39.948+0000] {logging_mixin.py:188} INFO - [2024-01-06T02:25:39.947+0000] {dagbag.py:538} INFO - Filling up the DagBag from /home/airflow/.local/lib/python3.8/site-packages/airflow/example_dags/example_trigger_target_dag.py
[2024-01-06T02:25:39.952+0000] {processor.py:840} INFO - DAG(s) 'example_trigger_target_dag' retrieved from /home/airflow/.local/lib/python3.8/site-packages/airflow/example_dags/example_trigger_target_dag.py
[2024-01-06T02:25:39.968+0000] {logging_mixin.py:188} INFO - [2024-01-06T02:25:39.968+0000] {dag.py:3033} INFO - Sync 1 DAGs
[2024-01-06T02:25:39.976+0000] {logging_mixin.py:188} INFO - [2024-01-06T02:25:39.976+0000] {dag.py:3820} INFO - Setting next_dagrun for example_trigger_target_dag to None, run_after=None
[2024-01-06T02:25:39.990+0000] {processor.py:183} INFO - Processing /home/airflow/.local/lib/python3.8/site-packages/airflow/example_dags/example_trigger_target_dag.py took 0.050 seconds
[2024-01-06T02:26:10.692+0000] {processor.py:161} INFO - Started process (PID=40687) to work on /home/airflow/.local/lib/python3.8/site-packages/airflow/example_dags/example_trigger_target_dag.py
[2024-01-06T02:26:10.693+0000] {processor.py:830} INFO - Processing file /home/airflow/.local/lib/python3.8/site-packages/airflow/example_dags/example_trigger_target_dag.py for tasks to queue
[2024-01-06T02:26:10.695+0000] {logging_mixin.py:188} INFO - [2024-01-06T02:26:10.695+0000] {dagbag.py:538} INFO - Filling up the DagBag from /home/airflow/.local/lib/python3.8/site-packages/airflow/example_dags/example_trigger_target_dag.py
[2024-01-06T02:26:10.700+0000] {processor.py:840} INFO - DAG(s) 'example_trigger_target_dag' retrieved from /home/airflow/.local/lib/python3.8/site-packages/airflow/example_dags/example_trigger_target_dag.py
[2024-01-06T02:26:10.718+0000] {logging_mixin.py:188} INFO - [2024-01-06T02:26:10.718+0000] {dag.py:3033} INFO - Sync 1 DAGs
[2024-01-06T02:26:10.727+0000] {logging_mixin.py:188} INFO - [2024-01-06T02:26:10.726+0000] {dag.py:3820} INFO - Setting next_dagrun for example_trigger_target_dag to None, run_after=None
[2024-01-06T02:26:10.739+0000] {processor.py:183} INFO - Processing /home/airflow/.local/lib/python3.8/site-packages/airflow/example_dags/example_trigger_target_dag.py took 0.050 seconds
[2024-01-06T02:26:41.282+0000] {processor.py:161} INFO - Started process (PID=40745) to work on /home/airflow/.local/lib/python3.8/site-packages/airflow/example_dags/example_trigger_target_dag.py
[2024-01-06T02:26:41.284+0000] {processor.py:830} INFO - Processing file /home/airflow/.local/lib/python3.8/site-packages/airflow/example_dags/example_trigger_target_dag.py for tasks to queue
[2024-01-06T02:26:41.287+0000] {logging_mixin.py:188} INFO - [2024-01-06T02:26:41.286+0000] {dagbag.py:538} INFO - Filling up the DagBag from /home/airflow/.local/lib/python3.8/site-packages/airflow/example_dags/example_trigger_target_dag.py
[2024-01-06T02:26:41.292+0000] {processor.py:840} INFO - DAG(s) 'example_trigger_target_dag' retrieved from /home/airflow/.local/lib/python3.8/site-packages/airflow/example_dags/example_trigger_target_dag.py
[2024-01-06T02:26:41.314+0000] {logging_mixin.py:188} INFO - [2024-01-06T02:26:41.313+0000] {dag.py:3033} INFO - Sync 1 DAGs
[2024-01-06T02:26:41.324+0000] {logging_mixin.py:188} INFO - [2024-01-06T02:26:41.324+0000] {dag.py:3820} INFO - Setting next_dagrun for example_trigger_target_dag to None, run_after=None
[2024-01-06T02:26:41.342+0000] {processor.py:183} INFO - Processing /home/airflow/.local/lib/python3.8/site-packages/airflow/example_dags/example_trigger_target_dag.py took 0.062 seconds
[2024-01-06T02:27:12.132+0000] {processor.py:161} INFO - Started process (PID=40803) to work on /home/airflow/.local/lib/python3.8/site-packages/airflow/example_dags/example_trigger_target_dag.py
[2024-01-06T02:27:12.134+0000] {processor.py:830} INFO - Processing file /home/airflow/.local/lib/python3.8/site-packages/airflow/example_dags/example_trigger_target_dag.py for tasks to queue
[2024-01-06T02:27:12.137+0000] {logging_mixin.py:188} INFO - [2024-01-06T02:27:12.137+0000] {dagbag.py:538} INFO - Filling up the DagBag from /home/airflow/.local/lib/python3.8/site-packages/airflow/example_dags/example_trigger_target_dag.py
[2024-01-06T02:27:12.143+0000] {processor.py:840} INFO - DAG(s) 'example_trigger_target_dag' retrieved from /home/airflow/.local/lib/python3.8/site-packages/airflow/example_dags/example_trigger_target_dag.py
[2024-01-06T02:27:12.161+0000] {logging_mixin.py:188} INFO - [2024-01-06T02:27:12.161+0000] {dag.py:3033} INFO - Sync 1 DAGs
[2024-01-06T02:27:12.171+0000] {logging_mixin.py:188} INFO - [2024-01-06T02:27:12.171+0000] {dag.py:3820} INFO - Setting next_dagrun for example_trigger_target_dag to None, run_after=None
[2024-01-06T02:27:12.185+0000] {processor.py:183} INFO - Processing /home/airflow/.local/lib/python3.8/site-packages/airflow/example_dags/example_trigger_target_dag.py took 0.055 seconds
[2024-01-06T02:27:42.936+0000] {processor.py:161} INFO - Started process (PID=40861) to work on /home/airflow/.local/lib/python3.8/site-packages/airflow/example_dags/example_trigger_target_dag.py
[2024-01-06T02:27:42.938+0000] {processor.py:830} INFO - Processing file /home/airflow/.local/lib/python3.8/site-packages/airflow/example_dags/example_trigger_target_dag.py for tasks to queue
[2024-01-06T02:27:42.941+0000] {logging_mixin.py:188} INFO - [2024-01-06T02:27:42.941+0000] {dagbag.py:538} INFO - Filling up the DagBag from /home/airflow/.local/lib/python3.8/site-packages/airflow/example_dags/example_trigger_target_dag.py
[2024-01-06T02:27:42.947+0000] {processor.py:840} INFO - DAG(s) 'example_trigger_target_dag' retrieved from /home/airflow/.local/lib/python3.8/site-packages/airflow/example_dags/example_trigger_target_dag.py
[2024-01-06T02:27:42.969+0000] {logging_mixin.py:188} INFO - [2024-01-06T02:27:42.968+0000] {dag.py:3033} INFO - Sync 1 DAGs
[2024-01-06T02:27:42.977+0000] {logging_mixin.py:188} INFO - [2024-01-06T02:27:42.977+0000] {dag.py:3820} INFO - Setting next_dagrun for example_trigger_target_dag to None, run_after=None
[2024-01-06T02:27:42.992+0000] {processor.py:183} INFO - Processing /home/airflow/.local/lib/python3.8/site-packages/airflow/example_dags/example_trigger_target_dag.py took 0.058 seconds
[2024-01-06T02:28:13.569+0000] {processor.py:161} INFO - Started process (PID=40919) to work on /home/airflow/.local/lib/python3.8/site-packages/airflow/example_dags/example_trigger_target_dag.py
[2024-01-06T02:28:13.571+0000] {processor.py:830} INFO - Processing file /home/airflow/.local/lib/python3.8/site-packages/airflow/example_dags/example_trigger_target_dag.py for tasks to queue
[2024-01-06T02:28:13.574+0000] {logging_mixin.py:188} INFO - [2024-01-06T02:28:13.573+0000] {dagbag.py:538} INFO - Filling up the DagBag from /home/airflow/.local/lib/python3.8/site-packages/airflow/example_dags/example_trigger_target_dag.py
[2024-01-06T02:28:13.579+0000] {processor.py:840} INFO - DAG(s) 'example_trigger_target_dag' retrieved from /home/airflow/.local/lib/python3.8/site-packages/airflow/example_dags/example_trigger_target_dag.py
[2024-01-06T02:28:13.595+0000] {logging_mixin.py:188} INFO - [2024-01-06T02:28:13.595+0000] {dag.py:3033} INFO - Sync 1 DAGs
[2024-01-06T02:28:13.605+0000] {logging_mixin.py:188} INFO - [2024-01-06T02:28:13.605+0000] {dag.py:3820} INFO - Setting next_dagrun for example_trigger_target_dag to None, run_after=None
[2024-01-06T02:28:13.617+0000] {processor.py:183} INFO - Processing /home/airflow/.local/lib/python3.8/site-packages/airflow/example_dags/example_trigger_target_dag.py took 0.050 seconds
[2024-01-06T02:28:44.126+0000] {processor.py:161} INFO - Started process (PID=40977) to work on /home/airflow/.local/lib/python3.8/site-packages/airflow/example_dags/example_trigger_target_dag.py
[2024-01-06T02:28:44.127+0000] {processor.py:830} INFO - Processing file /home/airflow/.local/lib/python3.8/site-packages/airflow/example_dags/example_trigger_target_dag.py for tasks to queue
[2024-01-06T02:28:44.130+0000] {logging_mixin.py:188} INFO - [2024-01-06T02:28:44.129+0000] {dagbag.py:538} INFO - Filling up the DagBag from /home/airflow/.local/lib/python3.8/site-packages/airflow/example_dags/example_trigger_target_dag.py
[2024-01-06T02:28:44.134+0000] {processor.py:840} INFO - DAG(s) 'example_trigger_target_dag' retrieved from /home/airflow/.local/lib/python3.8/site-packages/airflow/example_dags/example_trigger_target_dag.py
[2024-01-06T02:28:44.149+0000] {logging_mixin.py:188} INFO - [2024-01-06T02:28:44.149+0000] {dag.py:3033} INFO - Sync 1 DAGs
[2024-01-06T02:28:44.157+0000] {logging_mixin.py:188} INFO - [2024-01-06T02:28:44.157+0000] {dag.py:3820} INFO - Setting next_dagrun for example_trigger_target_dag to None, run_after=None
[2024-01-06T02:28:44.169+0000] {processor.py:183} INFO - Processing /home/airflow/.local/lib/python3.8/site-packages/airflow/example_dags/example_trigger_target_dag.py took 0.046 seconds
[2024-01-06T02:29:14.806+0000] {processor.py:161} INFO - Started process (PID=41035) to work on /home/airflow/.local/lib/python3.8/site-packages/airflow/example_dags/example_trigger_target_dag.py
[2024-01-06T02:29:14.808+0000] {processor.py:830} INFO - Processing file /home/airflow/.local/lib/python3.8/site-packages/airflow/example_dags/example_trigger_target_dag.py for tasks to queue
[2024-01-06T02:29:14.811+0000] {logging_mixin.py:188} INFO - [2024-01-06T02:29:14.810+0000] {dagbag.py:538} INFO - Filling up the DagBag from /home/airflow/.local/lib/python3.8/site-packages/airflow/example_dags/example_trigger_target_dag.py
[2024-01-06T02:29:14.816+0000] {processor.py:840} INFO - DAG(s) 'example_trigger_target_dag' retrieved from /home/airflow/.local/lib/python3.8/site-packages/airflow/example_dags/example_trigger_target_dag.py
[2024-01-06T02:29:14.833+0000] {logging_mixin.py:188} INFO - [2024-01-06T02:29:14.833+0000] {dag.py:3033} INFO - Sync 1 DAGs
[2024-01-06T02:29:14.842+0000] {logging_mixin.py:188} INFO - [2024-01-06T02:29:14.842+0000] {dag.py:3820} INFO - Setting next_dagrun for example_trigger_target_dag to None, run_after=None
[2024-01-06T02:29:14.855+0000] {processor.py:183} INFO - Processing /home/airflow/.local/lib/python3.8/site-packages/airflow/example_dags/example_trigger_target_dag.py took 0.051 seconds
[2024-01-06T02:29:45.173+0000] {processor.py:161} INFO - Started process (PID=41093) to work on /home/airflow/.local/lib/python3.8/site-packages/airflow/example_dags/example_trigger_target_dag.py
[2024-01-06T02:29:45.177+0000] {processor.py:830} INFO - Processing file /home/airflow/.local/lib/python3.8/site-packages/airflow/example_dags/example_trigger_target_dag.py for tasks to queue
[2024-01-06T02:29:45.180+0000] {logging_mixin.py:188} INFO - [2024-01-06T02:29:45.180+0000] {dagbag.py:538} INFO - Filling up the DagBag from /home/airflow/.local/lib/python3.8/site-packages/airflow/example_dags/example_trigger_target_dag.py
[2024-01-06T02:29:45.191+0000] {processor.py:840} INFO - DAG(s) 'example_trigger_target_dag' retrieved from /home/airflow/.local/lib/python3.8/site-packages/airflow/example_dags/example_trigger_target_dag.py
[2024-01-06T02:29:45.212+0000] {logging_mixin.py:188} INFO - [2024-01-06T02:29:45.212+0000] {dag.py:3033} INFO - Sync 1 DAGs
[2024-01-06T02:29:45.224+0000] {logging_mixin.py:188} INFO - [2024-01-06T02:29:45.224+0000] {dag.py:3820} INFO - Setting next_dagrun for example_trigger_target_dag to None, run_after=None
[2024-01-06T02:29:45.239+0000] {processor.py:183} INFO - Processing /home/airflow/.local/lib/python3.8/site-packages/airflow/example_dags/example_trigger_target_dag.py took 0.069 seconds
[2024-01-06T02:30:15.991+0000] {processor.py:161} INFO - Started process (PID=41152) to work on /home/airflow/.local/lib/python3.8/site-packages/airflow/example_dags/example_trigger_target_dag.py
[2024-01-06T02:30:15.995+0000] {processor.py:830} INFO - Processing file /home/airflow/.local/lib/python3.8/site-packages/airflow/example_dags/example_trigger_target_dag.py for tasks to queue
[2024-01-06T02:30:15.997+0000] {logging_mixin.py:188} INFO - [2024-01-06T02:30:15.997+0000] {dagbag.py:538} INFO - Filling up the DagBag from /home/airflow/.local/lib/python3.8/site-packages/airflow/example_dags/example_trigger_target_dag.py
[2024-01-06T02:30:16.004+0000] {processor.py:840} INFO - DAG(s) 'example_trigger_target_dag' retrieved from /home/airflow/.local/lib/python3.8/site-packages/airflow/example_dags/example_trigger_target_dag.py
[2024-01-06T02:30:16.024+0000] {logging_mixin.py:188} INFO - [2024-01-06T02:30:16.024+0000] {dag.py:3033} INFO - Sync 1 DAGs
[2024-01-06T02:30:16.038+0000] {logging_mixin.py:188} INFO - [2024-01-06T02:30:16.038+0000] {dag.py:3820} INFO - Setting next_dagrun for example_trigger_target_dag to None, run_after=None
[2024-01-06T02:30:16.061+0000] {processor.py:183} INFO - Processing /home/airflow/.local/lib/python3.8/site-packages/airflow/example_dags/example_trigger_target_dag.py took 0.074 seconds
[2024-01-06T02:30:46.605+0000] {processor.py:161} INFO - Started process (PID=41210) to work on /home/airflow/.local/lib/python3.8/site-packages/airflow/example_dags/example_trigger_target_dag.py
[2024-01-06T02:30:46.607+0000] {processor.py:830} INFO - Processing file /home/airflow/.local/lib/python3.8/site-packages/airflow/example_dags/example_trigger_target_dag.py for tasks to queue
[2024-01-06T02:30:46.624+0000] {logging_mixin.py:188} INFO - [2024-01-06T02:30:46.624+0000] {dagbag.py:538} INFO - Filling up the DagBag from /home/airflow/.local/lib/python3.8/site-packages/airflow/example_dags/example_trigger_target_dag.py
[2024-01-06T02:30:46.629+0000] {processor.py:840} INFO - DAG(s) 'example_trigger_target_dag' retrieved from /home/airflow/.local/lib/python3.8/site-packages/airflow/example_dags/example_trigger_target_dag.py
[2024-01-06T02:30:46.644+0000] {logging_mixin.py:188} INFO - [2024-01-06T02:30:46.643+0000] {dag.py:3033} INFO - Sync 1 DAGs
[2024-01-06T02:30:46.652+0000] {logging_mixin.py:188} INFO - [2024-01-06T02:30:46.652+0000] {dag.py:3820} INFO - Setting next_dagrun for example_trigger_target_dag to None, run_after=None
[2024-01-06T02:30:46.664+0000] {processor.py:183} INFO - Processing /home/airflow/.local/lib/python3.8/site-packages/airflow/example_dags/example_trigger_target_dag.py took 0.061 seconds
[2024-01-06T02:31:17.225+0000] {processor.py:161} INFO - Started process (PID=41268) to work on /home/airflow/.local/lib/python3.8/site-packages/airflow/example_dags/example_trigger_target_dag.py
[2024-01-06T02:31:17.226+0000] {processor.py:830} INFO - Processing file /home/airflow/.local/lib/python3.8/site-packages/airflow/example_dags/example_trigger_target_dag.py for tasks to queue
[2024-01-06T02:31:17.229+0000] {logging_mixin.py:188} INFO - [2024-01-06T02:31:17.229+0000] {dagbag.py:538} INFO - Filling up the DagBag from /home/airflow/.local/lib/python3.8/site-packages/airflow/example_dags/example_trigger_target_dag.py
[2024-01-06T02:31:17.233+0000] {processor.py:840} INFO - DAG(s) 'example_trigger_target_dag' retrieved from /home/airflow/.local/lib/python3.8/site-packages/airflow/example_dags/example_trigger_target_dag.py
[2024-01-06T02:31:17.250+0000] {logging_mixin.py:188} INFO - [2024-01-06T02:31:17.250+0000] {dag.py:3033} INFO - Sync 1 DAGs
[2024-01-06T02:31:17.258+0000] {logging_mixin.py:188} INFO - [2024-01-06T02:31:17.258+0000] {dag.py:3820} INFO - Setting next_dagrun for example_trigger_target_dag to None, run_after=None
[2024-01-06T02:31:17.270+0000] {processor.py:183} INFO - Processing /home/airflow/.local/lib/python3.8/site-packages/airflow/example_dags/example_trigger_target_dag.py took 0.048 seconds
[2024-01-06T02:31:47.740+0000] {processor.py:161} INFO - Started process (PID=41326) to work on /home/airflow/.local/lib/python3.8/site-packages/airflow/example_dags/example_trigger_target_dag.py
[2024-01-06T02:31:47.741+0000] {processor.py:830} INFO - Processing file /home/airflow/.local/lib/python3.8/site-packages/airflow/example_dags/example_trigger_target_dag.py for tasks to queue
[2024-01-06T02:31:47.743+0000] {logging_mixin.py:188} INFO - [2024-01-06T02:31:47.743+0000] {dagbag.py:538} INFO - Filling up the DagBag from /home/airflow/.local/lib/python3.8/site-packages/airflow/example_dags/example_trigger_target_dag.py
[2024-01-06T02:31:47.749+0000] {processor.py:840} INFO - DAG(s) 'example_trigger_target_dag' retrieved from /home/airflow/.local/lib/python3.8/site-packages/airflow/example_dags/example_trigger_target_dag.py
[2024-01-06T02:31:47.766+0000] {logging_mixin.py:188} INFO - [2024-01-06T02:31:47.766+0000] {dag.py:3033} INFO - Sync 1 DAGs
[2024-01-06T02:31:47.774+0000] {logging_mixin.py:188} INFO - [2024-01-06T02:31:47.774+0000] {dag.py:3820} INFO - Setting next_dagrun for example_trigger_target_dag to None, run_after=None
[2024-01-06T02:31:47.787+0000] {processor.py:183} INFO - Processing /home/airflow/.local/lib/python3.8/site-packages/airflow/example_dags/example_trigger_target_dag.py took 0.051 seconds
[2024-01-06T02:32:18.005+0000] {processor.py:161} INFO - Started process (PID=41384) to work on /home/airflow/.local/lib/python3.8/site-packages/airflow/example_dags/example_trigger_target_dag.py
[2024-01-06T02:32:18.007+0000] {processor.py:830} INFO - Processing file /home/airflow/.local/lib/python3.8/site-packages/airflow/example_dags/example_trigger_target_dag.py for tasks to queue
[2024-01-06T02:32:18.009+0000] {logging_mixin.py:188} INFO - [2024-01-06T02:32:18.009+0000] {dagbag.py:538} INFO - Filling up the DagBag from /home/airflow/.local/lib/python3.8/site-packages/airflow/example_dags/example_trigger_target_dag.py
[2024-01-06T02:32:18.014+0000] {processor.py:840} INFO - DAG(s) 'example_trigger_target_dag' retrieved from /home/airflow/.local/lib/python3.8/site-packages/airflow/example_dags/example_trigger_target_dag.py
[2024-01-06T02:32:18.030+0000] {logging_mixin.py:188} INFO - [2024-01-06T02:32:18.030+0000] {dag.py:3033} INFO - Sync 1 DAGs
[2024-01-06T02:32:18.038+0000] {logging_mixin.py:188} INFO - [2024-01-06T02:32:18.038+0000] {dag.py:3820} INFO - Setting next_dagrun for example_trigger_target_dag to None, run_after=None
[2024-01-06T02:32:18.050+0000] {processor.py:183} INFO - Processing /home/airflow/.local/lib/python3.8/site-packages/airflow/example_dags/example_trigger_target_dag.py took 0.048 seconds
[2024-01-06T02:32:48.333+0000] {processor.py:161} INFO - Started process (PID=41442) to work on /home/airflow/.local/lib/python3.8/site-packages/airflow/example_dags/example_trigger_target_dag.py
[2024-01-06T02:32:48.335+0000] {processor.py:830} INFO - Processing file /home/airflow/.local/lib/python3.8/site-packages/airflow/example_dags/example_trigger_target_dag.py for tasks to queue
[2024-01-06T02:32:48.338+0000] {logging_mixin.py:188} INFO - [2024-01-06T02:32:48.338+0000] {dagbag.py:538} INFO - Filling up the DagBag from /home/airflow/.local/lib/python3.8/site-packages/airflow/example_dags/example_trigger_target_dag.py
[2024-01-06T02:32:48.344+0000] {processor.py:840} INFO - DAG(s) 'example_trigger_target_dag' retrieved from /home/airflow/.local/lib/python3.8/site-packages/airflow/example_dags/example_trigger_target_dag.py
[2024-01-06T02:32:48.360+0000] {logging_mixin.py:188} INFO - [2024-01-06T02:32:48.360+0000] {dag.py:3033} INFO - Sync 1 DAGs
[2024-01-06T02:32:48.369+0000] {logging_mixin.py:188} INFO - [2024-01-06T02:32:48.369+0000] {dag.py:3820} INFO - Setting next_dagrun for example_trigger_target_dag to None, run_after=None
[2024-01-06T02:32:48.383+0000] {processor.py:183} INFO - Processing /home/airflow/.local/lib/python3.8/site-packages/airflow/example_dags/example_trigger_target_dag.py took 0.052 seconds
[2024-01-06T02:33:20.829+0000] {processor.py:161} INFO - Started process (PID=41499) to work on /home/airflow/.local/lib/python3.8/site-packages/airflow/example_dags/example_trigger_target_dag.py
[2024-01-06T02:33:20.846+0000] {processor.py:830} INFO - Processing file /home/airflow/.local/lib/python3.8/site-packages/airflow/example_dags/example_trigger_target_dag.py for tasks to queue
[2024-01-06T02:33:20.919+0000] {logging_mixin.py:188} INFO - [2024-01-06T02:33:20.912+0000] {dagbag.py:538} INFO - Filling up the DagBag from /home/airflow/.local/lib/python3.8/site-packages/airflow/example_dags/example_trigger_target_dag.py
[2024-01-06T02:33:21.023+0000] {processor.py:840} INFO - DAG(s) 'example_trigger_target_dag' retrieved from /home/airflow/.local/lib/python3.8/site-packages/airflow/example_dags/example_trigger_target_dag.py
[2024-01-06T02:33:21.324+0000] {logging_mixin.py:188} INFO - [2024-01-06T02:33:21.312+0000] {dag.py:3033} INFO - Sync 1 DAGs
[2024-01-06T02:33:21.488+0000] {logging_mixin.py:188} INFO - [2024-01-06T02:33:21.488+0000] {dag.py:3820} INFO - Setting next_dagrun for example_trigger_target_dag to None, run_after=None
[2024-01-06T02:33:21.757+0000] {processor.py:183} INFO - Processing /home/airflow/.local/lib/python3.8/site-packages/airflow/example_dags/example_trigger_target_dag.py took 0.976 seconds
[2024-01-06T02:33:58.667+0000] {processor.py:161} INFO - Started process (PID=41563) to work on /home/airflow/.local/lib/python3.8/site-packages/airflow/example_dags/example_trigger_target_dag.py
[2024-01-06T02:33:58.685+0000] {processor.py:830} INFO - Processing file /home/airflow/.local/lib/python3.8/site-packages/airflow/example_dags/example_trigger_target_dag.py for tasks to queue
[2024-01-06T02:33:58.737+0000] {logging_mixin.py:188} INFO - [2024-01-06T02:33:58.733+0000] {dagbag.py:538} INFO - Filling up the DagBag from /home/airflow/.local/lib/python3.8/site-packages/airflow/example_dags/example_trigger_target_dag.py
[2024-01-06T02:33:58.850+0000] {processor.py:840} INFO - DAG(s) 'example_trigger_target_dag' retrieved from /home/airflow/.local/lib/python3.8/site-packages/airflow/example_dags/example_trigger_target_dag.py
[2024-01-06T02:33:58.975+0000] {logging_mixin.py:188} INFO - [2024-01-06T02:33:58.974+0000] {dag.py:3033} INFO - Sync 1 DAGs
[2024-01-06T02:33:59.023+0000] {logging_mixin.py:188} INFO - [2024-01-06T02:33:59.023+0000] {dag.py:3820} INFO - Setting next_dagrun for example_trigger_target_dag to None, run_after=None
[2024-01-06T02:33:59.122+0000] {processor.py:183} INFO - Processing /home/airflow/.local/lib/python3.8/site-packages/airflow/example_dags/example_trigger_target_dag.py took 0.530 seconds
[2024-01-06T02:34:29.368+0000] {processor.py:161} INFO - Started process (PID=41621) to work on /home/airflow/.local/lib/python3.8/site-packages/airflow/example_dags/example_trigger_target_dag.py
[2024-01-06T02:34:29.370+0000] {processor.py:830} INFO - Processing file /home/airflow/.local/lib/python3.8/site-packages/airflow/example_dags/example_trigger_target_dag.py for tasks to queue
[2024-01-06T02:34:29.372+0000] {logging_mixin.py:188} INFO - [2024-01-06T02:34:29.372+0000] {dagbag.py:538} INFO - Filling up the DagBag from /home/airflow/.local/lib/python3.8/site-packages/airflow/example_dags/example_trigger_target_dag.py
[2024-01-06T02:34:29.377+0000] {processor.py:840} INFO - DAG(s) 'example_trigger_target_dag' retrieved from /home/airflow/.local/lib/python3.8/site-packages/airflow/example_dags/example_trigger_target_dag.py
[2024-01-06T02:34:29.399+0000] {logging_mixin.py:188} INFO - [2024-01-06T02:34:29.398+0000] {dag.py:3033} INFO - Sync 1 DAGs
[2024-01-06T02:34:29.407+0000] {logging_mixin.py:188} INFO - [2024-01-06T02:34:29.407+0000] {dag.py:3820} INFO - Setting next_dagrun for example_trigger_target_dag to None, run_after=None
[2024-01-06T02:34:29.423+0000] {processor.py:183} INFO - Processing /home/airflow/.local/lib/python3.8/site-packages/airflow/example_dags/example_trigger_target_dag.py took 0.059 seconds
[2024-01-06T02:34:59.534+0000] {processor.py:161} INFO - Started process (PID=41678) to work on /home/airflow/.local/lib/python3.8/site-packages/airflow/example_dags/example_trigger_target_dag.py
[2024-01-06T02:34:59.535+0000] {processor.py:830} INFO - Processing file /home/airflow/.local/lib/python3.8/site-packages/airflow/example_dags/example_trigger_target_dag.py for tasks to queue
[2024-01-06T02:34:59.537+0000] {logging_mixin.py:188} INFO - [2024-01-06T02:34:59.537+0000] {dagbag.py:538} INFO - Filling up the DagBag from /home/airflow/.local/lib/python3.8/site-packages/airflow/example_dags/example_trigger_target_dag.py
[2024-01-06T02:34:59.545+0000] {processor.py:840} INFO - DAG(s) 'example_trigger_target_dag' retrieved from /home/airflow/.local/lib/python3.8/site-packages/airflow/example_dags/example_trigger_target_dag.py
[2024-01-06T02:34:59.561+0000] {logging_mixin.py:188} INFO - [2024-01-06T02:34:59.560+0000] {dag.py:3033} INFO - Sync 1 DAGs
[2024-01-06T02:34:59.569+0000] {logging_mixin.py:188} INFO - [2024-01-06T02:34:59.569+0000] {dag.py:3820} INFO - Setting next_dagrun for example_trigger_target_dag to None, run_after=None
[2024-01-06T02:34:59.583+0000] {processor.py:183} INFO - Processing /home/airflow/.local/lib/python3.8/site-packages/airflow/example_dags/example_trigger_target_dag.py took 0.051 seconds
[2024-01-06T02:35:29.975+0000] {processor.py:161} INFO - Started process (PID=41736) to work on /home/airflow/.local/lib/python3.8/site-packages/airflow/example_dags/example_trigger_target_dag.py
[2024-01-06T02:35:29.977+0000] {processor.py:830} INFO - Processing file /home/airflow/.local/lib/python3.8/site-packages/airflow/example_dags/example_trigger_target_dag.py for tasks to queue
[2024-01-06T02:35:29.981+0000] {logging_mixin.py:188} INFO - [2024-01-06T02:35:29.981+0000] {dagbag.py:538} INFO - Filling up the DagBag from /home/airflow/.local/lib/python3.8/site-packages/airflow/example_dags/example_trigger_target_dag.py
[2024-01-06T02:35:29.988+0000] {processor.py:840} INFO - DAG(s) 'example_trigger_target_dag' retrieved from /home/airflow/.local/lib/python3.8/site-packages/airflow/example_dags/example_trigger_target_dag.py
[2024-01-06T02:35:30.009+0000] {logging_mixin.py:188} INFO - [2024-01-06T02:35:30.009+0000] {dag.py:3033} INFO - Sync 1 DAGs
[2024-01-06T02:35:30.023+0000] {logging_mixin.py:188} INFO - [2024-01-06T02:35:30.023+0000] {dag.py:3820} INFO - Setting next_dagrun for example_trigger_target_dag to None, run_after=None
[2024-01-06T02:35:30.044+0000] {processor.py:183} INFO - Processing /home/airflow/.local/lib/python3.8/site-packages/airflow/example_dags/example_trigger_target_dag.py took 0.071 seconds
[2024-01-06T02:36:00.419+0000] {processor.py:161} INFO - Started process (PID=41794) to work on /home/airflow/.local/lib/python3.8/site-packages/airflow/example_dags/example_trigger_target_dag.py
[2024-01-06T02:36:00.420+0000] {processor.py:830} INFO - Processing file /home/airflow/.local/lib/python3.8/site-packages/airflow/example_dags/example_trigger_target_dag.py for tasks to queue
[2024-01-06T02:36:00.424+0000] {logging_mixin.py:188} INFO - [2024-01-06T02:36:00.423+0000] {dagbag.py:538} INFO - Filling up the DagBag from /home/airflow/.local/lib/python3.8/site-packages/airflow/example_dags/example_trigger_target_dag.py
[2024-01-06T02:36:00.431+0000] {processor.py:840} INFO - DAG(s) 'example_trigger_target_dag' retrieved from /home/airflow/.local/lib/python3.8/site-packages/airflow/example_dags/example_trigger_target_dag.py
[2024-01-06T02:36:00.457+0000] {logging_mixin.py:188} INFO - [2024-01-06T02:36:00.457+0000] {dag.py:3033} INFO - Sync 1 DAGs
[2024-01-06T02:36:00.473+0000] {logging_mixin.py:188} INFO - [2024-01-06T02:36:00.473+0000] {dag.py:3820} INFO - Setting next_dagrun for example_trigger_target_dag to None, run_after=None
[2024-01-06T02:36:00.503+0000] {processor.py:183} INFO - Processing /home/airflow/.local/lib/python3.8/site-packages/airflow/example_dags/example_trigger_target_dag.py took 0.086 seconds
[2024-01-06T02:36:31.344+0000] {processor.py:161} INFO - Started process (PID=41850) to work on /home/airflow/.local/lib/python3.8/site-packages/airflow/example_dags/example_trigger_target_dag.py
[2024-01-06T02:36:31.345+0000] {processor.py:830} INFO - Processing file /home/airflow/.local/lib/python3.8/site-packages/airflow/example_dags/example_trigger_target_dag.py for tasks to queue
[2024-01-06T02:36:31.348+0000] {logging_mixin.py:188} INFO - [2024-01-06T02:36:31.348+0000] {dagbag.py:538} INFO - Filling up the DagBag from /home/airflow/.local/lib/python3.8/site-packages/airflow/example_dags/example_trigger_target_dag.py
[2024-01-06T02:36:31.353+0000] {processor.py:840} INFO - DAG(s) 'example_trigger_target_dag' retrieved from /home/airflow/.local/lib/python3.8/site-packages/airflow/example_dags/example_trigger_target_dag.py
[2024-01-06T02:36:31.369+0000] {logging_mixin.py:188} INFO - [2024-01-06T02:36:31.369+0000] {dag.py:3033} INFO - Sync 1 DAGs
[2024-01-06T02:36:31.377+0000] {logging_mixin.py:188} INFO - [2024-01-06T02:36:31.377+0000] {dag.py:3820} INFO - Setting next_dagrun for example_trigger_target_dag to None, run_after=None
[2024-01-06T02:36:31.389+0000] {processor.py:183} INFO - Processing /home/airflow/.local/lib/python3.8/site-packages/airflow/example_dags/example_trigger_target_dag.py took 0.048 seconds
[2024-01-06T02:37:01.597+0000] {processor.py:161} INFO - Started process (PID=41908) to work on /home/airflow/.local/lib/python3.8/site-packages/airflow/example_dags/example_trigger_target_dag.py
[2024-01-06T02:37:01.599+0000] {processor.py:830} INFO - Processing file /home/airflow/.local/lib/python3.8/site-packages/airflow/example_dags/example_trigger_target_dag.py for tasks to queue
[2024-01-06T02:37:01.603+0000] {logging_mixin.py:188} INFO - [2024-01-06T02:37:01.603+0000] {dagbag.py:538} INFO - Filling up the DagBag from /home/airflow/.local/lib/python3.8/site-packages/airflow/example_dags/example_trigger_target_dag.py
[2024-01-06T02:37:01.609+0000] {processor.py:840} INFO - DAG(s) 'example_trigger_target_dag' retrieved from /home/airflow/.local/lib/python3.8/site-packages/airflow/example_dags/example_trigger_target_dag.py
[2024-01-06T02:37:01.630+0000] {logging_mixin.py:188} INFO - [2024-01-06T02:37:01.630+0000] {dag.py:3033} INFO - Sync 1 DAGs
[2024-01-06T02:37:01.640+0000] {logging_mixin.py:188} INFO - [2024-01-06T02:37:01.639+0000] {dag.py:3820} INFO - Setting next_dagrun for example_trigger_target_dag to None, run_after=None
[2024-01-06T02:37:01.657+0000] {processor.py:183} INFO - Processing /home/airflow/.local/lib/python3.8/site-packages/airflow/example_dags/example_trigger_target_dag.py took 0.063 seconds
[2024-01-06T02:37:31.759+0000] {processor.py:161} INFO - Started process (PID=41965) to work on /home/airflow/.local/lib/python3.8/site-packages/airflow/example_dags/example_trigger_target_dag.py
[2024-01-06T02:37:31.761+0000] {processor.py:830} INFO - Processing file /home/airflow/.local/lib/python3.8/site-packages/airflow/example_dags/example_trigger_target_dag.py for tasks to queue
[2024-01-06T02:37:31.763+0000] {logging_mixin.py:188} INFO - [2024-01-06T02:37:31.763+0000] {dagbag.py:538} INFO - Filling up the DagBag from /home/airflow/.local/lib/python3.8/site-packages/airflow/example_dags/example_trigger_target_dag.py
[2024-01-06T02:37:31.767+0000] {processor.py:840} INFO - DAG(s) 'example_trigger_target_dag' retrieved from /home/airflow/.local/lib/python3.8/site-packages/airflow/example_dags/example_trigger_target_dag.py
[2024-01-06T02:37:31.782+0000] {logging_mixin.py:188} INFO - [2024-01-06T02:37:31.782+0000] {dag.py:3033} INFO - Sync 1 DAGs
[2024-01-06T02:37:31.790+0000] {logging_mixin.py:188} INFO - [2024-01-06T02:37:31.790+0000] {dag.py:3820} INFO - Setting next_dagrun for example_trigger_target_dag to None, run_after=None
[2024-01-06T02:37:31.803+0000] {processor.py:183} INFO - Processing /home/airflow/.local/lib/python3.8/site-packages/airflow/example_dags/example_trigger_target_dag.py took 0.047 seconds
[2024-01-06T02:38:02.202+0000] {processor.py:161} INFO - Started process (PID=42023) to work on /home/airflow/.local/lib/python3.8/site-packages/airflow/example_dags/example_trigger_target_dag.py
[2024-01-06T02:38:02.204+0000] {processor.py:830} INFO - Processing file /home/airflow/.local/lib/python3.8/site-packages/airflow/example_dags/example_trigger_target_dag.py for tasks to queue
[2024-01-06T02:38:02.206+0000] {logging_mixin.py:188} INFO - [2024-01-06T02:38:02.206+0000] {dagbag.py:538} INFO - Filling up the DagBag from /home/airflow/.local/lib/python3.8/site-packages/airflow/example_dags/example_trigger_target_dag.py
[2024-01-06T02:38:02.211+0000] {processor.py:840} INFO - DAG(s) 'example_trigger_target_dag' retrieved from /home/airflow/.local/lib/python3.8/site-packages/airflow/example_dags/example_trigger_target_dag.py
[2024-01-06T02:38:02.225+0000] {logging_mixin.py:188} INFO - [2024-01-06T02:38:02.225+0000] {dag.py:3033} INFO - Sync 1 DAGs
[2024-01-06T02:38:02.232+0000] {logging_mixin.py:188} INFO - [2024-01-06T02:38:02.232+0000] {dag.py:3820} INFO - Setting next_dagrun for example_trigger_target_dag to None, run_after=None
[2024-01-06T02:38:02.245+0000] {processor.py:183} INFO - Processing /home/airflow/.local/lib/python3.8/site-packages/airflow/example_dags/example_trigger_target_dag.py took 0.046 seconds
[2024-01-06T02:38:32.475+0000] {processor.py:161} INFO - Started process (PID=42081) to work on /home/airflow/.local/lib/python3.8/site-packages/airflow/example_dags/example_trigger_target_dag.py
[2024-01-06T02:38:32.476+0000] {processor.py:830} INFO - Processing file /home/airflow/.local/lib/python3.8/site-packages/airflow/example_dags/example_trigger_target_dag.py for tasks to queue
[2024-01-06T02:38:32.479+0000] {logging_mixin.py:188} INFO - [2024-01-06T02:38:32.478+0000] {dagbag.py:538} INFO - Filling up the DagBag from /home/airflow/.local/lib/python3.8/site-packages/airflow/example_dags/example_trigger_target_dag.py
[2024-01-06T02:38:32.483+0000] {processor.py:840} INFO - DAG(s) 'example_trigger_target_dag' retrieved from /home/airflow/.local/lib/python3.8/site-packages/airflow/example_dags/example_trigger_target_dag.py
[2024-01-06T02:38:32.496+0000] {logging_mixin.py:188} INFO - [2024-01-06T02:38:32.496+0000] {dag.py:3033} INFO - Sync 1 DAGs
[2024-01-06T02:38:32.504+0000] {logging_mixin.py:188} INFO - [2024-01-06T02:38:32.504+0000] {dag.py:3820} INFO - Setting next_dagrun for example_trigger_target_dag to None, run_after=None
[2024-01-06T02:38:32.521+0000] {processor.py:183} INFO - Processing /home/airflow/.local/lib/python3.8/site-packages/airflow/example_dags/example_trigger_target_dag.py took 0.048 seconds
[2024-01-06T02:39:02.980+0000] {processor.py:161} INFO - Started process (PID=42138) to work on /home/airflow/.local/lib/python3.8/site-packages/airflow/example_dags/example_trigger_target_dag.py
[2024-01-06T02:39:02.981+0000] {processor.py:830} INFO - Processing file /home/airflow/.local/lib/python3.8/site-packages/airflow/example_dags/example_trigger_target_dag.py for tasks to queue
[2024-01-06T02:39:02.984+0000] {logging_mixin.py:188} INFO - [2024-01-06T02:39:02.984+0000] {dagbag.py:538} INFO - Filling up the DagBag from /home/airflow/.local/lib/python3.8/site-packages/airflow/example_dags/example_trigger_target_dag.py
[2024-01-06T02:39:02.988+0000] {processor.py:840} INFO - DAG(s) 'example_trigger_target_dag' retrieved from /home/airflow/.local/lib/python3.8/site-packages/airflow/example_dags/example_trigger_target_dag.py
[2024-01-06T02:39:03.003+0000] {logging_mixin.py:188} INFO - [2024-01-06T02:39:03.002+0000] {dag.py:3033} INFO - Sync 1 DAGs
[2024-01-06T02:39:03.011+0000] {logging_mixin.py:188} INFO - [2024-01-06T02:39:03.011+0000] {dag.py:3820} INFO - Setting next_dagrun for example_trigger_target_dag to None, run_after=None
[2024-01-06T02:39:03.025+0000] {processor.py:183} INFO - Processing /home/airflow/.local/lib/python3.8/site-packages/airflow/example_dags/example_trigger_target_dag.py took 0.048 seconds
[2024-01-06T02:39:33.759+0000] {processor.py:161} INFO - Started process (PID=42195) to work on /home/airflow/.local/lib/python3.8/site-packages/airflow/example_dags/example_trigger_target_dag.py
[2024-01-06T02:39:33.761+0000] {processor.py:830} INFO - Processing file /home/airflow/.local/lib/python3.8/site-packages/airflow/example_dags/example_trigger_target_dag.py for tasks to queue
[2024-01-06T02:39:33.763+0000] {logging_mixin.py:188} INFO - [2024-01-06T02:39:33.763+0000] {dagbag.py:538} INFO - Filling up the DagBag from /home/airflow/.local/lib/python3.8/site-packages/airflow/example_dags/example_trigger_target_dag.py
[2024-01-06T02:39:33.767+0000] {processor.py:840} INFO - DAG(s) 'example_trigger_target_dag' retrieved from /home/airflow/.local/lib/python3.8/site-packages/airflow/example_dags/example_trigger_target_dag.py
[2024-01-06T02:39:33.781+0000] {logging_mixin.py:188} INFO - [2024-01-06T02:39:33.781+0000] {dag.py:3033} INFO - Sync 1 DAGs
[2024-01-06T02:39:33.790+0000] {logging_mixin.py:188} INFO - [2024-01-06T02:39:33.790+0000] {dag.py:3820} INFO - Setting next_dagrun for example_trigger_target_dag to None, run_after=None
[2024-01-06T02:39:33.810+0000] {processor.py:183} INFO - Processing /home/airflow/.local/lib/python3.8/site-packages/airflow/example_dags/example_trigger_target_dag.py took 0.053 seconds
[2024-01-06T02:40:04.103+0000] {processor.py:161} INFO - Started process (PID=42254) to work on /home/airflow/.local/lib/python3.8/site-packages/airflow/example_dags/example_trigger_target_dag.py
[2024-01-06T02:40:04.104+0000] {processor.py:830} INFO - Processing file /home/airflow/.local/lib/python3.8/site-packages/airflow/example_dags/example_trigger_target_dag.py for tasks to queue
[2024-01-06T02:40:04.107+0000] {logging_mixin.py:188} INFO - [2024-01-06T02:40:04.107+0000] {dagbag.py:538} INFO - Filling up the DagBag from /home/airflow/.local/lib/python3.8/site-packages/airflow/example_dags/example_trigger_target_dag.py
[2024-01-06T02:40:04.111+0000] {processor.py:840} INFO - DAG(s) 'example_trigger_target_dag' retrieved from /home/airflow/.local/lib/python3.8/site-packages/airflow/example_dags/example_trigger_target_dag.py
[2024-01-06T02:40:04.127+0000] {logging_mixin.py:188} INFO - [2024-01-06T02:40:04.127+0000] {dag.py:3033} INFO - Sync 1 DAGs
[2024-01-06T02:40:04.135+0000] {logging_mixin.py:188} INFO - [2024-01-06T02:40:04.135+0000] {dag.py:3820} INFO - Setting next_dagrun for example_trigger_target_dag to None, run_after=None
[2024-01-06T02:40:04.148+0000] {processor.py:183} INFO - Processing /home/airflow/.local/lib/python3.8/site-packages/airflow/example_dags/example_trigger_target_dag.py took 0.048 seconds
[2024-01-06T02:40:34.419+0000] {processor.py:161} INFO - Started process (PID=42313) to work on /home/airflow/.local/lib/python3.8/site-packages/airflow/example_dags/example_trigger_target_dag.py
[2024-01-06T02:40:34.421+0000] {processor.py:830} INFO - Processing file /home/airflow/.local/lib/python3.8/site-packages/airflow/example_dags/example_trigger_target_dag.py for tasks to queue
[2024-01-06T02:40:34.424+0000] {logging_mixin.py:188} INFO - [2024-01-06T02:40:34.424+0000] {dagbag.py:538} INFO - Filling up the DagBag from /home/airflow/.local/lib/python3.8/site-packages/airflow/example_dags/example_trigger_target_dag.py
[2024-01-06T02:40:34.429+0000] {processor.py:840} INFO - DAG(s) 'example_trigger_target_dag' retrieved from /home/airflow/.local/lib/python3.8/site-packages/airflow/example_dags/example_trigger_target_dag.py
[2024-01-06T02:40:34.446+0000] {logging_mixin.py:188} INFO - [2024-01-06T02:40:34.446+0000] {dag.py:3033} INFO - Sync 1 DAGs
[2024-01-06T02:40:34.456+0000] {logging_mixin.py:188} INFO - [2024-01-06T02:40:34.456+0000] {dag.py:3820} INFO - Setting next_dagrun for example_trigger_target_dag to None, run_after=None
[2024-01-06T02:40:34.468+0000] {processor.py:183} INFO - Processing /home/airflow/.local/lib/python3.8/site-packages/airflow/example_dags/example_trigger_target_dag.py took 0.051 seconds
[2024-01-06T02:41:05.389+0000] {processor.py:161} INFO - Started process (PID=42371) to work on /home/airflow/.local/lib/python3.8/site-packages/airflow/example_dags/example_trigger_target_dag.py
[2024-01-06T02:41:05.391+0000] {processor.py:830} INFO - Processing file /home/airflow/.local/lib/python3.8/site-packages/airflow/example_dags/example_trigger_target_dag.py for tasks to queue
[2024-01-06T02:41:05.393+0000] {logging_mixin.py:188} INFO - [2024-01-06T02:41:05.393+0000] {dagbag.py:538} INFO - Filling up the DagBag from /home/airflow/.local/lib/python3.8/site-packages/airflow/example_dags/example_trigger_target_dag.py
[2024-01-06T02:41:05.397+0000] {processor.py:840} INFO - DAG(s) 'example_trigger_target_dag' retrieved from /home/airflow/.local/lib/python3.8/site-packages/airflow/example_dags/example_trigger_target_dag.py
[2024-01-06T02:41:05.412+0000] {logging_mixin.py:188} INFO - [2024-01-06T02:41:05.412+0000] {dag.py:3033} INFO - Sync 1 DAGs
[2024-01-06T02:41:05.421+0000] {logging_mixin.py:188} INFO - [2024-01-06T02:41:05.420+0000] {dag.py:3820} INFO - Setting next_dagrun for example_trigger_target_dag to None, run_after=None
[2024-01-06T02:41:05.436+0000] {processor.py:183} INFO - Processing /home/airflow/.local/lib/python3.8/site-packages/airflow/example_dags/example_trigger_target_dag.py took 0.050 seconds
[2024-01-06T02:41:36.276+0000] {processor.py:161} INFO - Started process (PID=42429) to work on /home/airflow/.local/lib/python3.8/site-packages/airflow/example_dags/example_trigger_target_dag.py
[2024-01-06T02:41:36.278+0000] {processor.py:830} INFO - Processing file /home/airflow/.local/lib/python3.8/site-packages/airflow/example_dags/example_trigger_target_dag.py for tasks to queue
[2024-01-06T02:41:36.281+0000] {logging_mixin.py:188} INFO - [2024-01-06T02:41:36.280+0000] {dagbag.py:538} INFO - Filling up the DagBag from /home/airflow/.local/lib/python3.8/site-packages/airflow/example_dags/example_trigger_target_dag.py
[2024-01-06T02:41:36.284+0000] {processor.py:840} INFO - DAG(s) 'example_trigger_target_dag' retrieved from /home/airflow/.local/lib/python3.8/site-packages/airflow/example_dags/example_trigger_target_dag.py
[2024-01-06T02:41:36.299+0000] {logging_mixin.py:188} INFO - [2024-01-06T02:41:36.299+0000] {dag.py:3033} INFO - Sync 1 DAGs
[2024-01-06T02:41:36.307+0000] {logging_mixin.py:188} INFO - [2024-01-06T02:41:36.307+0000] {dag.py:3820} INFO - Setting next_dagrun for example_trigger_target_dag to None, run_after=None
[2024-01-06T02:41:36.323+0000] {processor.py:183} INFO - Processing /home/airflow/.local/lib/python3.8/site-packages/airflow/example_dags/example_trigger_target_dag.py took 0.049 seconds
[2024-01-06T02:42:06.453+0000] {processor.py:161} INFO - Started process (PID=42486) to work on /home/airflow/.local/lib/python3.8/site-packages/airflow/example_dags/example_trigger_target_dag.py
[2024-01-06T02:42:06.454+0000] {processor.py:830} INFO - Processing file /home/airflow/.local/lib/python3.8/site-packages/airflow/example_dags/example_trigger_target_dag.py for tasks to queue
[2024-01-06T02:42:06.456+0000] {logging_mixin.py:188} INFO - [2024-01-06T02:42:06.456+0000] {dagbag.py:538} INFO - Filling up the DagBag from /home/airflow/.local/lib/python3.8/site-packages/airflow/example_dags/example_trigger_target_dag.py
[2024-01-06T02:42:06.461+0000] {processor.py:840} INFO - DAG(s) 'example_trigger_target_dag' retrieved from /home/airflow/.local/lib/python3.8/site-packages/airflow/example_dags/example_trigger_target_dag.py
[2024-01-06T02:42:06.476+0000] {logging_mixin.py:188} INFO - [2024-01-06T02:42:06.475+0000] {dag.py:3033} INFO - Sync 1 DAGs
[2024-01-06T02:42:06.483+0000] {logging_mixin.py:188} INFO - [2024-01-06T02:42:06.483+0000] {dag.py:3820} INFO - Setting next_dagrun for example_trigger_target_dag to None, run_after=None
[2024-01-06T02:42:06.497+0000] {processor.py:183} INFO - Processing /home/airflow/.local/lib/python3.8/site-packages/airflow/example_dags/example_trigger_target_dag.py took 0.047 seconds
[2024-01-06T02:42:36.595+0000] {processor.py:161} INFO - Started process (PID=42544) to work on /home/airflow/.local/lib/python3.8/site-packages/airflow/example_dags/example_trigger_target_dag.py
[2024-01-06T02:42:36.597+0000] {processor.py:830} INFO - Processing file /home/airflow/.local/lib/python3.8/site-packages/airflow/example_dags/example_trigger_target_dag.py for tasks to queue
[2024-01-06T02:42:36.600+0000] {logging_mixin.py:188} INFO - [2024-01-06T02:42:36.600+0000] {dagbag.py:538} INFO - Filling up the DagBag from /home/airflow/.local/lib/python3.8/site-packages/airflow/example_dags/example_trigger_target_dag.py
[2024-01-06T02:42:36.604+0000] {processor.py:840} INFO - DAG(s) 'example_trigger_target_dag' retrieved from /home/airflow/.local/lib/python3.8/site-packages/airflow/example_dags/example_trigger_target_dag.py
[2024-01-06T02:42:36.617+0000] {logging_mixin.py:188} INFO - [2024-01-06T02:42:36.617+0000] {dag.py:3033} INFO - Sync 1 DAGs
[2024-01-06T02:42:36.625+0000] {logging_mixin.py:188} INFO - [2024-01-06T02:42:36.625+0000] {dag.py:3820} INFO - Setting next_dagrun for example_trigger_target_dag to None, run_after=None
[2024-01-06T02:42:36.638+0000] {processor.py:183} INFO - Processing /home/airflow/.local/lib/python3.8/site-packages/airflow/example_dags/example_trigger_target_dag.py took 0.046 seconds
[2024-01-06T02:43:06.884+0000] {processor.py:161} INFO - Started process (PID=42602) to work on /home/airflow/.local/lib/python3.8/site-packages/airflow/example_dags/example_trigger_target_dag.py
[2024-01-06T02:43:06.886+0000] {processor.py:830} INFO - Processing file /home/airflow/.local/lib/python3.8/site-packages/airflow/example_dags/example_trigger_target_dag.py for tasks to queue
[2024-01-06T02:43:06.889+0000] {logging_mixin.py:188} INFO - [2024-01-06T02:43:06.889+0000] {dagbag.py:538} INFO - Filling up the DagBag from /home/airflow/.local/lib/python3.8/site-packages/airflow/example_dags/example_trigger_target_dag.py
[2024-01-06T02:43:06.894+0000] {processor.py:840} INFO - DAG(s) 'example_trigger_target_dag' retrieved from /home/airflow/.local/lib/python3.8/site-packages/airflow/example_dags/example_trigger_target_dag.py
[2024-01-06T02:43:06.912+0000] {logging_mixin.py:188} INFO - [2024-01-06T02:43:06.911+0000] {dag.py:3033} INFO - Sync 1 DAGs
[2024-01-06T02:43:06.921+0000] {logging_mixin.py:188} INFO - [2024-01-06T02:43:06.921+0000] {dag.py:3820} INFO - Setting next_dagrun for example_trigger_target_dag to None, run_after=None
[2024-01-06T02:43:06.944+0000] {processor.py:183} INFO - Processing /home/airflow/.local/lib/python3.8/site-packages/airflow/example_dags/example_trigger_target_dag.py took 0.063 seconds
[2024-01-06T02:43:37.115+0000] {processor.py:161} INFO - Started process (PID=42660) to work on /home/airflow/.local/lib/python3.8/site-packages/airflow/example_dags/example_trigger_target_dag.py
[2024-01-06T02:43:37.117+0000] {processor.py:830} INFO - Processing file /home/airflow/.local/lib/python3.8/site-packages/airflow/example_dags/example_trigger_target_dag.py for tasks to queue
[2024-01-06T02:43:37.120+0000] {logging_mixin.py:188} INFO - [2024-01-06T02:43:37.119+0000] {dagbag.py:538} INFO - Filling up the DagBag from /home/airflow/.local/lib/python3.8/site-packages/airflow/example_dags/example_trigger_target_dag.py
[2024-01-06T02:43:37.123+0000] {processor.py:840} INFO - DAG(s) 'example_trigger_target_dag' retrieved from /home/airflow/.local/lib/python3.8/site-packages/airflow/example_dags/example_trigger_target_dag.py
[2024-01-06T02:43:37.137+0000] {logging_mixin.py:188} INFO - [2024-01-06T02:43:37.136+0000] {dag.py:3033} INFO - Sync 1 DAGs
[2024-01-06T02:43:37.144+0000] {logging_mixin.py:188} INFO - [2024-01-06T02:43:37.144+0000] {dag.py:3820} INFO - Setting next_dagrun for example_trigger_target_dag to None, run_after=None
[2024-01-06T02:43:37.157+0000] {processor.py:183} INFO - Processing /home/airflow/.local/lib/python3.8/site-packages/airflow/example_dags/example_trigger_target_dag.py took 0.045 seconds
[2024-01-06T02:44:07.448+0000] {processor.py:161} INFO - Started process (PID=42718) to work on /home/airflow/.local/lib/python3.8/site-packages/airflow/example_dags/example_trigger_target_dag.py
[2024-01-06T02:44:07.450+0000] {processor.py:830} INFO - Processing file /home/airflow/.local/lib/python3.8/site-packages/airflow/example_dags/example_trigger_target_dag.py for tasks to queue
[2024-01-06T02:44:07.454+0000] {logging_mixin.py:188} INFO - [2024-01-06T02:44:07.453+0000] {dagbag.py:538} INFO - Filling up the DagBag from /home/airflow/.local/lib/python3.8/site-packages/airflow/example_dags/example_trigger_target_dag.py
[2024-01-06T02:44:07.459+0000] {processor.py:840} INFO - DAG(s) 'example_trigger_target_dag' retrieved from /home/airflow/.local/lib/python3.8/site-packages/airflow/example_dags/example_trigger_target_dag.py
[2024-01-06T02:44:07.476+0000] {logging_mixin.py:188} INFO - [2024-01-06T02:44:07.476+0000] {dag.py:3033} INFO - Sync 1 DAGs
[2024-01-06T02:44:07.485+0000] {logging_mixin.py:188} INFO - [2024-01-06T02:44:07.485+0000] {dag.py:3820} INFO - Setting next_dagrun for example_trigger_target_dag to None, run_after=None
[2024-01-06T02:44:07.501+0000] {processor.py:183} INFO - Processing /home/airflow/.local/lib/python3.8/site-packages/airflow/example_dags/example_trigger_target_dag.py took 0.056 seconds
[2024-01-06T02:44:37.589+0000] {processor.py:161} INFO - Started process (PID=42776) to work on /home/airflow/.local/lib/python3.8/site-packages/airflow/example_dags/example_trigger_target_dag.py
[2024-01-06T02:44:37.591+0000] {processor.py:830} INFO - Processing file /home/airflow/.local/lib/python3.8/site-packages/airflow/example_dags/example_trigger_target_dag.py for tasks to queue
[2024-01-06T02:44:37.593+0000] {logging_mixin.py:188} INFO - [2024-01-06T02:44:37.593+0000] {dagbag.py:538} INFO - Filling up the DagBag from /home/airflow/.local/lib/python3.8/site-packages/airflow/example_dags/example_trigger_target_dag.py
[2024-01-06T02:44:37.597+0000] {processor.py:840} INFO - DAG(s) 'example_trigger_target_dag' retrieved from /home/airflow/.local/lib/python3.8/site-packages/airflow/example_dags/example_trigger_target_dag.py
[2024-01-06T02:44:37.612+0000] {logging_mixin.py:188} INFO - [2024-01-06T02:44:37.612+0000] {dag.py:3033} INFO - Sync 1 DAGs
[2024-01-06T02:44:37.622+0000] {logging_mixin.py:188} INFO - [2024-01-06T02:44:37.621+0000] {dag.py:3820} INFO - Setting next_dagrun for example_trigger_target_dag to None, run_after=None
[2024-01-06T02:44:37.636+0000] {processor.py:183} INFO - Processing /home/airflow/.local/lib/python3.8/site-packages/airflow/example_dags/example_trigger_target_dag.py took 0.049 seconds
[2024-01-06T02:45:07.944+0000] {processor.py:161} INFO - Started process (PID=42834) to work on /home/airflow/.local/lib/python3.8/site-packages/airflow/example_dags/example_trigger_target_dag.py
[2024-01-06T02:45:07.946+0000] {processor.py:830} INFO - Processing file /home/airflow/.local/lib/python3.8/site-packages/airflow/example_dags/example_trigger_target_dag.py for tasks to queue
[2024-01-06T02:45:07.948+0000] {logging_mixin.py:188} INFO - [2024-01-06T02:45:07.948+0000] {dagbag.py:538} INFO - Filling up the DagBag from /home/airflow/.local/lib/python3.8/site-packages/airflow/example_dags/example_trigger_target_dag.py
[2024-01-06T02:45:07.953+0000] {processor.py:840} INFO - DAG(s) 'example_trigger_target_dag' retrieved from /home/airflow/.local/lib/python3.8/site-packages/airflow/example_dags/example_trigger_target_dag.py
[2024-01-06T02:45:07.968+0000] {logging_mixin.py:188} INFO - [2024-01-06T02:45:07.968+0000] {dag.py:3033} INFO - Sync 1 DAGs
[2024-01-06T02:45:07.977+0000] {logging_mixin.py:188} INFO - [2024-01-06T02:45:07.976+0000] {dag.py:3820} INFO - Setting next_dagrun for example_trigger_target_dag to None, run_after=None
[2024-01-06T02:45:07.993+0000] {processor.py:183} INFO - Processing /home/airflow/.local/lib/python3.8/site-packages/airflow/example_dags/example_trigger_target_dag.py took 0.052 seconds
[2024-01-06T02:45:38.108+0000] {processor.py:161} INFO - Started process (PID=42892) to work on /home/airflow/.local/lib/python3.8/site-packages/airflow/example_dags/example_trigger_target_dag.py
[2024-01-06T02:45:38.110+0000] {processor.py:830} INFO - Processing file /home/airflow/.local/lib/python3.8/site-packages/airflow/example_dags/example_trigger_target_dag.py for tasks to queue
[2024-01-06T02:45:38.113+0000] {logging_mixin.py:188} INFO - [2024-01-06T02:45:38.112+0000] {dagbag.py:538} INFO - Filling up the DagBag from /home/airflow/.local/lib/python3.8/site-packages/airflow/example_dags/example_trigger_target_dag.py
[2024-01-06T02:45:38.116+0000] {processor.py:840} INFO - DAG(s) 'example_trigger_target_dag' retrieved from /home/airflow/.local/lib/python3.8/site-packages/airflow/example_dags/example_trigger_target_dag.py
[2024-01-06T02:45:38.132+0000] {logging_mixin.py:188} INFO - [2024-01-06T02:45:38.132+0000] {dag.py:3033} INFO - Sync 1 DAGs
[2024-01-06T02:45:38.140+0000] {logging_mixin.py:188} INFO - [2024-01-06T02:45:38.140+0000] {dag.py:3820} INFO - Setting next_dagrun for example_trigger_target_dag to None, run_after=None
[2024-01-06T02:45:38.153+0000] {processor.py:183} INFO - Processing /home/airflow/.local/lib/python3.8/site-packages/airflow/example_dags/example_trigger_target_dag.py took 0.047 seconds
[2024-01-06T02:46:08.406+0000] {processor.py:161} INFO - Started process (PID=42950) to work on /home/airflow/.local/lib/python3.8/site-packages/airflow/example_dags/example_trigger_target_dag.py
[2024-01-06T02:46:08.407+0000] {processor.py:830} INFO - Processing file /home/airflow/.local/lib/python3.8/site-packages/airflow/example_dags/example_trigger_target_dag.py for tasks to queue
[2024-01-06T02:46:08.410+0000] {logging_mixin.py:188} INFO - [2024-01-06T02:46:08.410+0000] {dagbag.py:538} INFO - Filling up the DagBag from /home/airflow/.local/lib/python3.8/site-packages/airflow/example_dags/example_trigger_target_dag.py
[2024-01-06T02:46:08.414+0000] {processor.py:840} INFO - DAG(s) 'example_trigger_target_dag' retrieved from /home/airflow/.local/lib/python3.8/site-packages/airflow/example_dags/example_trigger_target_dag.py
[2024-01-06T02:46:08.429+0000] {logging_mixin.py:188} INFO - [2024-01-06T02:46:08.429+0000] {dag.py:3033} INFO - Sync 1 DAGs
[2024-01-06T02:46:08.437+0000] {logging_mixin.py:188} INFO - [2024-01-06T02:46:08.437+0000] {dag.py:3820} INFO - Setting next_dagrun for example_trigger_target_dag to None, run_after=None
[2024-01-06T02:46:08.453+0000] {processor.py:183} INFO - Processing /home/airflow/.local/lib/python3.8/site-packages/airflow/example_dags/example_trigger_target_dag.py took 0.050 seconds
[2024-01-06T02:46:38.966+0000] {processor.py:161} INFO - Started process (PID=43008) to work on /home/airflow/.local/lib/python3.8/site-packages/airflow/example_dags/example_trigger_target_dag.py
[2024-01-06T02:46:38.968+0000] {processor.py:830} INFO - Processing file /home/airflow/.local/lib/python3.8/site-packages/airflow/example_dags/example_trigger_target_dag.py for tasks to queue
[2024-01-06T02:46:38.971+0000] {logging_mixin.py:188} INFO - [2024-01-06T02:46:38.971+0000] {dagbag.py:538} INFO - Filling up the DagBag from /home/airflow/.local/lib/python3.8/site-packages/airflow/example_dags/example_trigger_target_dag.py
[2024-01-06T02:46:38.976+0000] {processor.py:840} INFO - DAG(s) 'example_trigger_target_dag' retrieved from /home/airflow/.local/lib/python3.8/site-packages/airflow/example_dags/example_trigger_target_dag.py
[2024-01-06T02:46:38.991+0000] {logging_mixin.py:188} INFO - [2024-01-06T02:46:38.991+0000] {dag.py:3033} INFO - Sync 1 DAGs
[2024-01-06T02:46:38.999+0000] {logging_mixin.py:188} INFO - [2024-01-06T02:46:38.999+0000] {dag.py:3820} INFO - Setting next_dagrun for example_trigger_target_dag to None, run_after=None
[2024-01-06T02:46:39.012+0000] {processor.py:183} INFO - Processing /home/airflow/.local/lib/python3.8/site-packages/airflow/example_dags/example_trigger_target_dag.py took 0.048 seconds
[2024-01-06T02:47:09.254+0000] {processor.py:161} INFO - Started process (PID=43066) to work on /home/airflow/.local/lib/python3.8/site-packages/airflow/example_dags/example_trigger_target_dag.py
[2024-01-06T02:47:09.256+0000] {processor.py:830} INFO - Processing file /home/airflow/.local/lib/python3.8/site-packages/airflow/example_dags/example_trigger_target_dag.py for tasks to queue
[2024-01-06T02:47:09.259+0000] {logging_mixin.py:188} INFO - [2024-01-06T02:47:09.259+0000] {dagbag.py:538} INFO - Filling up the DagBag from /home/airflow/.local/lib/python3.8/site-packages/airflow/example_dags/example_trigger_target_dag.py
[2024-01-06T02:47:09.264+0000] {processor.py:840} INFO - DAG(s) 'example_trigger_target_dag' retrieved from /home/airflow/.local/lib/python3.8/site-packages/airflow/example_dags/example_trigger_target_dag.py
[2024-01-06T02:47:09.278+0000] {logging_mixin.py:188} INFO - [2024-01-06T02:47:09.278+0000] {dag.py:3033} INFO - Sync 1 DAGs
[2024-01-06T02:47:09.287+0000] {logging_mixin.py:188} INFO - [2024-01-06T02:47:09.287+0000] {dag.py:3820} INFO - Setting next_dagrun for example_trigger_target_dag to None, run_after=None
[2024-01-06T02:47:09.301+0000] {processor.py:183} INFO - Processing /home/airflow/.local/lib/python3.8/site-packages/airflow/example_dags/example_trigger_target_dag.py took 0.049 seconds
[2024-01-06T02:47:39.805+0000] {processor.py:161} INFO - Started process (PID=43124) to work on /home/airflow/.local/lib/python3.8/site-packages/airflow/example_dags/example_trigger_target_dag.py
[2024-01-06T02:47:39.807+0000] {processor.py:830} INFO - Processing file /home/airflow/.local/lib/python3.8/site-packages/airflow/example_dags/example_trigger_target_dag.py for tasks to queue
[2024-01-06T02:47:39.810+0000] {logging_mixin.py:188} INFO - [2024-01-06T02:47:39.810+0000] {dagbag.py:538} INFO - Filling up the DagBag from /home/airflow/.local/lib/python3.8/site-packages/airflow/example_dags/example_trigger_target_dag.py
[2024-01-06T02:47:39.814+0000] {processor.py:840} INFO - DAG(s) 'example_trigger_target_dag' retrieved from /home/airflow/.local/lib/python3.8/site-packages/airflow/example_dags/example_trigger_target_dag.py
[2024-01-06T02:47:39.828+0000] {logging_mixin.py:188} INFO - [2024-01-06T02:47:39.828+0000] {dag.py:3033} INFO - Sync 1 DAGs
[2024-01-06T02:47:39.836+0000] {logging_mixin.py:188} INFO - [2024-01-06T02:47:39.836+0000] {dag.py:3820} INFO - Setting next_dagrun for example_trigger_target_dag to None, run_after=None
[2024-01-06T02:47:39.848+0000] {processor.py:183} INFO - Processing /home/airflow/.local/lib/python3.8/site-packages/airflow/example_dags/example_trigger_target_dag.py took 0.045 seconds
[2024-01-06T02:48:10.180+0000] {processor.py:161} INFO - Started process (PID=43182) to work on /home/airflow/.local/lib/python3.8/site-packages/airflow/example_dags/example_trigger_target_dag.py
[2024-01-06T02:48:10.182+0000] {processor.py:830} INFO - Processing file /home/airflow/.local/lib/python3.8/site-packages/airflow/example_dags/example_trigger_target_dag.py for tasks to queue
[2024-01-06T02:48:10.185+0000] {logging_mixin.py:188} INFO - [2024-01-06T02:48:10.185+0000] {dagbag.py:538} INFO - Filling up the DagBag from /home/airflow/.local/lib/python3.8/site-packages/airflow/example_dags/example_trigger_target_dag.py
[2024-01-06T02:48:10.189+0000] {processor.py:840} INFO - DAG(s) 'example_trigger_target_dag' retrieved from /home/airflow/.local/lib/python3.8/site-packages/airflow/example_dags/example_trigger_target_dag.py
[2024-01-06T02:48:10.205+0000] {logging_mixin.py:188} INFO - [2024-01-06T02:48:10.204+0000] {dag.py:3033} INFO - Sync 1 DAGs
[2024-01-06T02:48:10.214+0000] {logging_mixin.py:188} INFO - [2024-01-06T02:48:10.214+0000] {dag.py:3820} INFO - Setting next_dagrun for example_trigger_target_dag to None, run_after=None
[2024-01-06T02:48:10.229+0000] {processor.py:183} INFO - Processing /home/airflow/.local/lib/python3.8/site-packages/airflow/example_dags/example_trigger_target_dag.py took 0.051 seconds
[2024-01-06T02:48:41.147+0000] {processor.py:161} INFO - Started process (PID=43240) to work on /home/airflow/.local/lib/python3.8/site-packages/airflow/example_dags/example_trigger_target_dag.py
[2024-01-06T02:48:41.148+0000] {processor.py:830} INFO - Processing file /home/airflow/.local/lib/python3.8/site-packages/airflow/example_dags/example_trigger_target_dag.py for tasks to queue
[2024-01-06T02:48:41.151+0000] {logging_mixin.py:188} INFO - [2024-01-06T02:48:41.151+0000] {dagbag.py:538} INFO - Filling up the DagBag from /home/airflow/.local/lib/python3.8/site-packages/airflow/example_dags/example_trigger_target_dag.py
[2024-01-06T02:48:41.156+0000] {processor.py:840} INFO - DAG(s) 'example_trigger_target_dag' retrieved from /home/airflow/.local/lib/python3.8/site-packages/airflow/example_dags/example_trigger_target_dag.py
[2024-01-06T02:48:41.172+0000] {logging_mixin.py:188} INFO - [2024-01-06T02:48:41.172+0000] {dag.py:3033} INFO - Sync 1 DAGs
[2024-01-06T02:48:41.180+0000] {logging_mixin.py:188} INFO - [2024-01-06T02:48:41.180+0000] {dag.py:3820} INFO - Setting next_dagrun for example_trigger_target_dag to None, run_after=None
[2024-01-06T02:48:41.194+0000] {processor.py:183} INFO - Processing /home/airflow/.local/lib/python3.8/site-packages/airflow/example_dags/example_trigger_target_dag.py took 0.050 seconds
[2024-01-06T02:49:24.944+0000] {processor.py:161} INFO - Started process (PID=43297) to work on /home/airflow/.local/lib/python3.8/site-packages/airflow/example_dags/example_trigger_target_dag.py
[2024-01-06T02:49:24.946+0000] {processor.py:830} INFO - Processing file /home/airflow/.local/lib/python3.8/site-packages/airflow/example_dags/example_trigger_target_dag.py for tasks to queue
[2024-01-06T02:49:24.948+0000] {logging_mixin.py:188} INFO - [2024-01-06T02:49:24.948+0000] {dagbag.py:538} INFO - Filling up the DagBag from /home/airflow/.local/lib/python3.8/site-packages/airflow/example_dags/example_trigger_target_dag.py
[2024-01-06T02:49:24.954+0000] {processor.py:840} INFO - DAG(s) 'example_trigger_target_dag' retrieved from /home/airflow/.local/lib/python3.8/site-packages/airflow/example_dags/example_trigger_target_dag.py
[2024-01-06T02:49:24.974+0000] {logging_mixin.py:188} INFO - [2024-01-06T02:49:24.974+0000] {dag.py:3033} INFO - Sync 1 DAGs
[2024-01-06T02:49:24.985+0000] {logging_mixin.py:188} INFO - [2024-01-06T02:49:24.985+0000] {dag.py:3820} INFO - Setting next_dagrun for example_trigger_target_dag to None, run_after=None
[2024-01-06T02:49:25.008+0000] {processor.py:183} INFO - Processing /home/airflow/.local/lib/python3.8/site-packages/airflow/example_dags/example_trigger_target_dag.py took 0.067 seconds
[2024-01-06T02:49:55.917+0000] {processor.py:161} INFO - Started process (PID=43343) to work on /home/airflow/.local/lib/python3.8/site-packages/airflow/example_dags/example_trigger_target_dag.py
[2024-01-06T02:49:55.919+0000] {processor.py:830} INFO - Processing file /home/airflow/.local/lib/python3.8/site-packages/airflow/example_dags/example_trigger_target_dag.py for tasks to queue
[2024-01-06T02:49:55.921+0000] {logging_mixin.py:188} INFO - [2024-01-06T02:49:55.921+0000] {dagbag.py:538} INFO - Filling up the DagBag from /home/airflow/.local/lib/python3.8/site-packages/airflow/example_dags/example_trigger_target_dag.py
[2024-01-06T02:49:55.928+0000] {processor.py:840} INFO - DAG(s) 'example_trigger_target_dag' retrieved from /home/airflow/.local/lib/python3.8/site-packages/airflow/example_dags/example_trigger_target_dag.py
[2024-01-06T02:49:55.945+0000] {logging_mixin.py:188} INFO - [2024-01-06T02:49:55.945+0000] {dag.py:3033} INFO - Sync 1 DAGs
[2024-01-06T02:49:55.955+0000] {logging_mixin.py:188} INFO - [2024-01-06T02:49:55.955+0000] {dag.py:3820} INFO - Setting next_dagrun for example_trigger_target_dag to None, run_after=None
[2024-01-06T02:49:55.970+0000] {processor.py:183} INFO - Processing /home/airflow/.local/lib/python3.8/site-packages/airflow/example_dags/example_trigger_target_dag.py took 0.055 seconds
[2024-01-06T02:50:26.639+0000] {processor.py:161} INFO - Started process (PID=43400) to work on /home/airflow/.local/lib/python3.8/site-packages/airflow/example_dags/example_trigger_target_dag.py
[2024-01-06T02:50:26.641+0000] {processor.py:830} INFO - Processing file /home/airflow/.local/lib/python3.8/site-packages/airflow/example_dags/example_trigger_target_dag.py for tasks to queue
[2024-01-06T02:50:26.643+0000] {logging_mixin.py:188} INFO - [2024-01-06T02:50:26.643+0000] {dagbag.py:538} INFO - Filling up the DagBag from /home/airflow/.local/lib/python3.8/site-packages/airflow/example_dags/example_trigger_target_dag.py
[2024-01-06T02:50:26.650+0000] {processor.py:840} INFO - DAG(s) 'example_trigger_target_dag' retrieved from /home/airflow/.local/lib/python3.8/site-packages/airflow/example_dags/example_trigger_target_dag.py
[2024-01-06T02:50:26.682+0000] {logging_mixin.py:188} INFO - [2024-01-06T02:50:26.682+0000] {dag.py:3033} INFO - Sync 1 DAGs
[2024-01-06T02:50:26.698+0000] {logging_mixin.py:188} INFO - [2024-01-06T02:50:26.697+0000] {dag.py:3820} INFO - Setting next_dagrun for example_trigger_target_dag to None, run_after=None
[2024-01-06T02:50:26.747+0000] {processor.py:183} INFO - Processing /home/airflow/.local/lib/python3.8/site-packages/airflow/example_dags/example_trigger_target_dag.py took 0.111 seconds
[2024-01-06T02:50:56.974+0000] {processor.py:161} INFO - Started process (PID=43464) to work on /home/airflow/.local/lib/python3.8/site-packages/airflow/example_dags/example_trigger_target_dag.py
[2024-01-06T02:50:56.976+0000] {processor.py:830} INFO - Processing file /home/airflow/.local/lib/python3.8/site-packages/airflow/example_dags/example_trigger_target_dag.py for tasks to queue
[2024-01-06T02:50:56.981+0000] {logging_mixin.py:188} INFO - [2024-01-06T02:50:56.981+0000] {dagbag.py:538} INFO - Filling up the DagBag from /home/airflow/.local/lib/python3.8/site-packages/airflow/example_dags/example_trigger_target_dag.py
[2024-01-06T02:50:56.990+0000] {processor.py:840} INFO - DAG(s) 'example_trigger_target_dag' retrieved from /home/airflow/.local/lib/python3.8/site-packages/airflow/example_dags/example_trigger_target_dag.py
[2024-01-06T02:50:57.019+0000] {logging_mixin.py:188} INFO - [2024-01-06T02:50:57.018+0000] {dag.py:3033} INFO - Sync 1 DAGs
[2024-01-06T02:50:57.032+0000] {logging_mixin.py:188} INFO - [2024-01-06T02:50:57.031+0000] {dag.py:3820} INFO - Setting next_dagrun for example_trigger_target_dag to None, run_after=None
[2024-01-06T02:50:57.048+0000] {processor.py:183} INFO - Processing /home/airflow/.local/lib/python3.8/site-packages/airflow/example_dags/example_trigger_target_dag.py took 0.078 seconds
