[2024-01-06T01:20:16.510+0000] {processor.py:161} INFO - Started process (PID=39380) to work on /home/airflow/.local/lib/python3.8/site-packages/airflow/example_dags/example_sensors.py
[2024-01-06T01:20:16.511+0000] {processor.py:830} INFO - Processing file /home/airflow/.local/lib/python3.8/site-packages/airflow/example_dags/example_sensors.py for tasks to queue
[2024-01-06T01:20:16.513+0000] {logging_mixin.py:188} INFO - [2024-01-06T01:20:16.513+0000] {dagbag.py:538} INFO - Filling up the DagBag from /home/airflow/.local/lib/python3.8/site-packages/airflow/example_dags/example_sensors.py
[2024-01-06T01:20:16.519+0000] {processor.py:840} INFO - DAG(s) 'example_sensors' retrieved from /home/airflow/.local/lib/python3.8/site-packages/airflow/example_dags/example_sensors.py
[2024-01-06T01:20:16.534+0000] {logging_mixin.py:188} INFO - [2024-01-06T01:20:16.534+0000] {dag.py:3033} INFO - Sync 1 DAGs
[2024-01-06T01:20:16.542+0000] {logging_mixin.py:188} INFO - [2024-01-06T01:20:16.542+0000] {dag.py:3820} INFO - Setting next_dagrun for example_sensors to None, run_after=None
[2024-01-06T01:20:16.553+0000] {processor.py:183} INFO - Processing /home/airflow/.local/lib/python3.8/site-packages/airflow/example_dags/example_sensors.py took 0.045 seconds
[2024-01-06T01:47:35.634+0000] {processor.py:161} INFO - Started process (PID=39438) to work on /home/airflow/.local/lib/python3.8/site-packages/airflow/example_dags/example_sensors.py
[2024-01-06T01:47:35.636+0000] {processor.py:830} INFO - Processing file /home/airflow/.local/lib/python3.8/site-packages/airflow/example_dags/example_sensors.py for tasks to queue
[2024-01-06T01:47:35.638+0000] {logging_mixin.py:188} INFO - [2024-01-06T01:47:35.638+0000] {dagbag.py:538} INFO - Filling up the DagBag from /home/airflow/.local/lib/python3.8/site-packages/airflow/example_dags/example_sensors.py
[2024-01-06T01:47:35.645+0000] {processor.py:840} INFO - DAG(s) 'example_sensors' retrieved from /home/airflow/.local/lib/python3.8/site-packages/airflow/example_dags/example_sensors.py
[2024-01-06T01:47:35.663+0000] {logging_mixin.py:188} INFO - [2024-01-06T01:47:35.663+0000] {dag.py:3033} INFO - Sync 1 DAGs
[2024-01-06T01:47:35.671+0000] {logging_mixin.py:188} INFO - [2024-01-06T01:47:35.671+0000] {dag.py:3820} INFO - Setting next_dagrun for example_sensors to None, run_after=None
[2024-01-06T01:47:35.685+0000] {processor.py:183} INFO - Processing /home/airflow/.local/lib/python3.8/site-packages/airflow/example_dags/example_sensors.py took 0.055 seconds
[2024-01-06T01:48:06.313+0000] {processor.py:161} INFO - Started process (PID=39496) to work on /home/airflow/.local/lib/python3.8/site-packages/airflow/example_dags/example_sensors.py
[2024-01-06T01:48:06.314+0000] {processor.py:830} INFO - Processing file /home/airflow/.local/lib/python3.8/site-packages/airflow/example_dags/example_sensors.py for tasks to queue
[2024-01-06T01:48:06.316+0000] {logging_mixin.py:188} INFO - [2024-01-06T01:48:06.316+0000] {dagbag.py:538} INFO - Filling up the DagBag from /home/airflow/.local/lib/python3.8/site-packages/airflow/example_dags/example_sensors.py
[2024-01-06T01:48:06.323+0000] {processor.py:840} INFO - DAG(s) 'example_sensors' retrieved from /home/airflow/.local/lib/python3.8/site-packages/airflow/example_dags/example_sensors.py
[2024-01-06T01:48:06.339+0000] {logging_mixin.py:188} INFO - [2024-01-06T01:48:06.339+0000] {dag.py:3033} INFO - Sync 1 DAGs
[2024-01-06T01:48:06.347+0000] {logging_mixin.py:188} INFO - [2024-01-06T01:48:06.347+0000] {dag.py:3820} INFO - Setting next_dagrun for example_sensors to None, run_after=None
[2024-01-06T01:48:06.359+0000] {processor.py:183} INFO - Processing /home/airflow/.local/lib/python3.8/site-packages/airflow/example_dags/example_sensors.py took 0.050 seconds
[2024-01-06T02:05:27.601+0000] {processor.py:161} INFO - Started process (PID=39554) to work on /home/airflow/.local/lib/python3.8/site-packages/airflow/example_dags/example_sensors.py
[2024-01-06T02:05:27.603+0000] {processor.py:830} INFO - Processing file /home/airflow/.local/lib/python3.8/site-packages/airflow/example_dags/example_sensors.py for tasks to queue
[2024-01-06T02:05:27.606+0000] {logging_mixin.py:188} INFO - [2024-01-06T02:05:27.605+0000] {dagbag.py:538} INFO - Filling up the DagBag from /home/airflow/.local/lib/python3.8/site-packages/airflow/example_dags/example_sensors.py
[2024-01-06T02:05:27.612+0000] {processor.py:840} INFO - DAG(s) 'example_sensors' retrieved from /home/airflow/.local/lib/python3.8/site-packages/airflow/example_dags/example_sensors.py
[2024-01-06T02:05:27.629+0000] {logging_mixin.py:188} INFO - [2024-01-06T02:05:27.629+0000] {dag.py:3033} INFO - Sync 1 DAGs
[2024-01-06T02:05:27.640+0000] {logging_mixin.py:188} INFO - [2024-01-06T02:05:27.640+0000] {dag.py:3820} INFO - Setting next_dagrun for example_sensors to None, run_after=None
[2024-01-06T02:05:27.653+0000] {processor.py:183} INFO - Processing /home/airflow/.local/lib/python3.8/site-packages/airflow/example_dags/example_sensors.py took 0.054 seconds
[2024-01-06T02:16:27.322+0000] {processor.py:161} INFO - Started process (PID=39612) to work on /home/airflow/.local/lib/python3.8/site-packages/airflow/example_dags/example_sensors.py
[2024-01-06T02:16:27.323+0000] {processor.py:830} INFO - Processing file /home/airflow/.local/lib/python3.8/site-packages/airflow/example_dags/example_sensors.py for tasks to queue
[2024-01-06T02:16:27.325+0000] {logging_mixin.py:188} INFO - [2024-01-06T02:16:27.325+0000] {dagbag.py:538} INFO - Filling up the DagBag from /home/airflow/.local/lib/python3.8/site-packages/airflow/example_dags/example_sensors.py
[2024-01-06T02:16:27.331+0000] {processor.py:840} INFO - DAG(s) 'example_sensors' retrieved from /home/airflow/.local/lib/python3.8/site-packages/airflow/example_dags/example_sensors.py
[2024-01-06T02:16:27.347+0000] {logging_mixin.py:188} INFO - [2024-01-06T02:16:27.347+0000] {dag.py:3033} INFO - Sync 1 DAGs
[2024-01-06T02:16:27.355+0000] {logging_mixin.py:188} INFO - [2024-01-06T02:16:27.355+0000] {dag.py:3820} INFO - Setting next_dagrun for example_sensors to None, run_after=None
[2024-01-06T02:16:27.365+0000] {processor.py:183} INFO - Processing /home/airflow/.local/lib/python3.8/site-packages/airflow/example_dags/example_sensors.py took 0.045 seconds
[2024-01-06T02:17:09.736+0000] {processor.py:161} INFO - Started process (PID=39670) to work on /home/airflow/.local/lib/python3.8/site-packages/airflow/example_dags/example_sensors.py
[2024-01-06T02:17:09.744+0000] {processor.py:830} INFO - Processing file /home/airflow/.local/lib/python3.8/site-packages/airflow/example_dags/example_sensors.py for tasks to queue
[2024-01-06T02:17:09.758+0000] {logging_mixin.py:188} INFO - [2024-01-06T02:17:09.757+0000] {dagbag.py:538} INFO - Filling up the DagBag from /home/airflow/.local/lib/python3.8/site-packages/airflow/example_dags/example_sensors.py
[2024-01-06T02:17:09.789+0000] {processor.py:840} INFO - DAG(s) 'example_sensors' retrieved from /home/airflow/.local/lib/python3.8/site-packages/airflow/example_dags/example_sensors.py
[2024-01-06T02:17:09.947+0000] {logging_mixin.py:188} INFO - [2024-01-06T02:17:09.945+0000] {dag.py:3033} INFO - Sync 1 DAGs
[2024-01-06T02:17:10.018+0000] {logging_mixin.py:188} INFO - [2024-01-06T02:17:10.017+0000] {dag.py:3820} INFO - Setting next_dagrun for example_sensors to None, run_after=None
[2024-01-06T02:17:10.132+0000] {processor.py:183} INFO - Processing /home/airflow/.local/lib/python3.8/site-packages/airflow/example_dags/example_sensors.py took 0.406 seconds
[2024-01-06T02:17:40.971+0000] {processor.py:161} INFO - Started process (PID=39728) to work on /home/airflow/.local/lib/python3.8/site-packages/airflow/example_dags/example_sensors.py
[2024-01-06T02:17:40.973+0000] {processor.py:830} INFO - Processing file /home/airflow/.local/lib/python3.8/site-packages/airflow/example_dags/example_sensors.py for tasks to queue
[2024-01-06T02:17:40.975+0000] {logging_mixin.py:188} INFO - [2024-01-06T02:17:40.975+0000] {dagbag.py:538} INFO - Filling up the DagBag from /home/airflow/.local/lib/python3.8/site-packages/airflow/example_dags/example_sensors.py
[2024-01-06T02:17:40.982+0000] {processor.py:840} INFO - DAG(s) 'example_sensors' retrieved from /home/airflow/.local/lib/python3.8/site-packages/airflow/example_dags/example_sensors.py
[2024-01-06T02:17:41.001+0000] {logging_mixin.py:188} INFO - [2024-01-06T02:17:41.001+0000] {dag.py:3033} INFO - Sync 1 DAGs
[2024-01-06T02:17:41.010+0000] {logging_mixin.py:188} INFO - [2024-01-06T02:17:41.009+0000] {dag.py:3820} INFO - Setting next_dagrun for example_sensors to None, run_after=None
[2024-01-06T02:17:41.023+0000] {processor.py:183} INFO - Processing /home/airflow/.local/lib/python3.8/site-packages/airflow/example_dags/example_sensors.py took 0.055 seconds
[2024-01-06T02:18:11.330+0000] {processor.py:161} INFO - Started process (PID=39786) to work on /home/airflow/.local/lib/python3.8/site-packages/airflow/example_dags/example_sensors.py
[2024-01-06T02:18:11.332+0000] {processor.py:830} INFO - Processing file /home/airflow/.local/lib/python3.8/site-packages/airflow/example_dags/example_sensors.py for tasks to queue
[2024-01-06T02:18:11.335+0000] {logging_mixin.py:188} INFO - [2024-01-06T02:18:11.335+0000] {dagbag.py:538} INFO - Filling up the DagBag from /home/airflow/.local/lib/python3.8/site-packages/airflow/example_dags/example_sensors.py
[2024-01-06T02:18:11.344+0000] {processor.py:840} INFO - DAG(s) 'example_sensors' retrieved from /home/airflow/.local/lib/python3.8/site-packages/airflow/example_dags/example_sensors.py
[2024-01-06T02:18:11.364+0000] {logging_mixin.py:188} INFO - [2024-01-06T02:18:11.363+0000] {dag.py:3033} INFO - Sync 1 DAGs
[2024-01-06T02:18:11.372+0000] {logging_mixin.py:188} INFO - [2024-01-06T02:18:11.372+0000] {dag.py:3820} INFO - Setting next_dagrun for example_sensors to None, run_after=None
[2024-01-06T02:18:11.384+0000] {processor.py:183} INFO - Processing /home/airflow/.local/lib/python3.8/site-packages/airflow/example_dags/example_sensors.py took 0.060 seconds
[2024-01-06T02:18:41.862+0000] {processor.py:161} INFO - Started process (PID=39844) to work on /home/airflow/.local/lib/python3.8/site-packages/airflow/example_dags/example_sensors.py
[2024-01-06T02:18:41.864+0000] {processor.py:830} INFO - Processing file /home/airflow/.local/lib/python3.8/site-packages/airflow/example_dags/example_sensors.py for tasks to queue
[2024-01-06T02:18:41.867+0000] {logging_mixin.py:188} INFO - [2024-01-06T02:18:41.867+0000] {dagbag.py:538} INFO - Filling up the DagBag from /home/airflow/.local/lib/python3.8/site-packages/airflow/example_dags/example_sensors.py
[2024-01-06T02:18:41.878+0000] {processor.py:840} INFO - DAG(s) 'example_sensors' retrieved from /home/airflow/.local/lib/python3.8/site-packages/airflow/example_dags/example_sensors.py
[2024-01-06T02:18:41.902+0000] {logging_mixin.py:188} INFO - [2024-01-06T02:18:41.902+0000] {dag.py:3033} INFO - Sync 1 DAGs
[2024-01-06T02:18:41.911+0000] {logging_mixin.py:188} INFO - [2024-01-06T02:18:41.911+0000] {dag.py:3820} INFO - Setting next_dagrun for example_sensors to None, run_after=None
[2024-01-06T02:18:41.925+0000] {processor.py:183} INFO - Processing /home/airflow/.local/lib/python3.8/site-packages/airflow/example_dags/example_sensors.py took 0.066 seconds
[2024-01-06T02:19:12.505+0000] {processor.py:161} INFO - Started process (PID=39903) to work on /home/airflow/.local/lib/python3.8/site-packages/airflow/example_dags/example_sensors.py
[2024-01-06T02:19:12.507+0000] {processor.py:830} INFO - Processing file /home/airflow/.local/lib/python3.8/site-packages/airflow/example_dags/example_sensors.py for tasks to queue
[2024-01-06T02:19:12.511+0000] {logging_mixin.py:188} INFO - [2024-01-06T02:19:12.510+0000] {dagbag.py:538} INFO - Filling up the DagBag from /home/airflow/.local/lib/python3.8/site-packages/airflow/example_dags/example_sensors.py
[2024-01-06T02:19:12.520+0000] {processor.py:840} INFO - DAG(s) 'example_sensors' retrieved from /home/airflow/.local/lib/python3.8/site-packages/airflow/example_dags/example_sensors.py
[2024-01-06T02:19:12.538+0000] {logging_mixin.py:188} INFO - [2024-01-06T02:19:12.538+0000] {dag.py:3033} INFO - Sync 1 DAGs
[2024-01-06T02:19:12.546+0000] {logging_mixin.py:188} INFO - [2024-01-06T02:19:12.546+0000] {dag.py:3820} INFO - Setting next_dagrun for example_sensors to None, run_after=None
[2024-01-06T02:19:12.558+0000] {processor.py:183} INFO - Processing /home/airflow/.local/lib/python3.8/site-packages/airflow/example_dags/example_sensors.py took 0.057 seconds
[2024-01-06T02:19:43.054+0000] {processor.py:161} INFO - Started process (PID=39961) to work on /home/airflow/.local/lib/python3.8/site-packages/airflow/example_dags/example_sensors.py
[2024-01-06T02:19:43.056+0000] {processor.py:830} INFO - Processing file /home/airflow/.local/lib/python3.8/site-packages/airflow/example_dags/example_sensors.py for tasks to queue
[2024-01-06T02:19:43.059+0000] {logging_mixin.py:188} INFO - [2024-01-06T02:19:43.059+0000] {dagbag.py:538} INFO - Filling up the DagBag from /home/airflow/.local/lib/python3.8/site-packages/airflow/example_dags/example_sensors.py
[2024-01-06T02:19:43.067+0000] {processor.py:840} INFO - DAG(s) 'example_sensors' retrieved from /home/airflow/.local/lib/python3.8/site-packages/airflow/example_dags/example_sensors.py
[2024-01-06T02:19:43.086+0000] {logging_mixin.py:188} INFO - [2024-01-06T02:19:43.086+0000] {dag.py:3033} INFO - Sync 1 DAGs
[2024-01-06T02:19:43.093+0000] {logging_mixin.py:188} INFO - [2024-01-06T02:19:43.093+0000] {dag.py:3820} INFO - Setting next_dagrun for example_sensors to None, run_after=None
[2024-01-06T02:19:43.105+0000] {processor.py:183} INFO - Processing /home/airflow/.local/lib/python3.8/site-packages/airflow/example_dags/example_sensors.py took 0.054 seconds
[2024-01-06T02:20:13.475+0000] {processor.py:161} INFO - Started process (PID=40019) to work on /home/airflow/.local/lib/python3.8/site-packages/airflow/example_dags/example_sensors.py
[2024-01-06T02:20:13.482+0000] {processor.py:830} INFO - Processing file /home/airflow/.local/lib/python3.8/site-packages/airflow/example_dags/example_sensors.py for tasks to queue
[2024-01-06T02:20:13.489+0000] {logging_mixin.py:188} INFO - [2024-01-06T02:20:13.488+0000] {dagbag.py:538} INFO - Filling up the DagBag from /home/airflow/.local/lib/python3.8/site-packages/airflow/example_dags/example_sensors.py
[2024-01-06T02:20:13.502+0000] {processor.py:840} INFO - DAG(s) 'example_sensors' retrieved from /home/airflow/.local/lib/python3.8/site-packages/airflow/example_dags/example_sensors.py
[2024-01-06T02:20:13.550+0000] {logging_mixin.py:188} INFO - [2024-01-06T02:20:13.550+0000] {dag.py:3033} INFO - Sync 1 DAGs
[2024-01-06T02:20:13.572+0000] {logging_mixin.py:188} INFO - [2024-01-06T02:20:13.572+0000] {dag.py:3820} INFO - Setting next_dagrun for example_sensors to None, run_after=None
[2024-01-06T02:20:13.604+0000] {processor.py:183} INFO - Processing /home/airflow/.local/lib/python3.8/site-packages/airflow/example_dags/example_sensors.py took 0.135 seconds
[2024-01-06T02:20:44.332+0000] {processor.py:161} INFO - Started process (PID=40077) to work on /home/airflow/.local/lib/python3.8/site-packages/airflow/example_dags/example_sensors.py
[2024-01-06T02:20:44.334+0000] {processor.py:830} INFO - Processing file /home/airflow/.local/lib/python3.8/site-packages/airflow/example_dags/example_sensors.py for tasks to queue
[2024-01-06T02:20:44.336+0000] {logging_mixin.py:188} INFO - [2024-01-06T02:20:44.336+0000] {dagbag.py:538} INFO - Filling up the DagBag from /home/airflow/.local/lib/python3.8/site-packages/airflow/example_dags/example_sensors.py
[2024-01-06T02:20:44.342+0000] {processor.py:840} INFO - DAG(s) 'example_sensors' retrieved from /home/airflow/.local/lib/python3.8/site-packages/airflow/example_dags/example_sensors.py
[2024-01-06T02:20:44.360+0000] {logging_mixin.py:188} INFO - [2024-01-06T02:20:44.360+0000] {dag.py:3033} INFO - Sync 1 DAGs
[2024-01-06T02:20:44.369+0000] {logging_mixin.py:188} INFO - [2024-01-06T02:20:44.369+0000] {dag.py:3820} INFO - Setting next_dagrun for example_sensors to None, run_after=None
[2024-01-06T02:20:44.381+0000] {processor.py:183} INFO - Processing /home/airflow/.local/lib/python3.8/site-packages/airflow/example_dags/example_sensors.py took 0.052 seconds
[2024-01-06T02:21:15.253+0000] {processor.py:161} INFO - Started process (PID=40135) to work on /home/airflow/.local/lib/python3.8/site-packages/airflow/example_dags/example_sensors.py
[2024-01-06T02:21:15.256+0000] {processor.py:830} INFO - Processing file /home/airflow/.local/lib/python3.8/site-packages/airflow/example_dags/example_sensors.py for tasks to queue
[2024-01-06T02:21:15.260+0000] {logging_mixin.py:188} INFO - [2024-01-06T02:21:15.260+0000] {dagbag.py:538} INFO - Filling up the DagBag from /home/airflow/.local/lib/python3.8/site-packages/airflow/example_dags/example_sensors.py
[2024-01-06T02:21:15.280+0000] {processor.py:840} INFO - DAG(s) 'example_sensors' retrieved from /home/airflow/.local/lib/python3.8/site-packages/airflow/example_dags/example_sensors.py
[2024-01-06T02:21:15.330+0000] {logging_mixin.py:188} INFO - [2024-01-06T02:21:15.330+0000] {dag.py:3033} INFO - Sync 1 DAGs
[2024-01-06T02:21:15.341+0000] {logging_mixin.py:188} INFO - [2024-01-06T02:21:15.341+0000] {dag.py:3820} INFO - Setting next_dagrun for example_sensors to None, run_after=None
[2024-01-06T02:21:15.360+0000] {processor.py:183} INFO - Processing /home/airflow/.local/lib/python3.8/site-packages/airflow/example_dags/example_sensors.py took 0.111 seconds
[2024-01-06T02:21:46.127+0000] {processor.py:161} INFO - Started process (PID=40193) to work on /home/airflow/.local/lib/python3.8/site-packages/airflow/example_dags/example_sensors.py
[2024-01-06T02:21:46.129+0000] {processor.py:830} INFO - Processing file /home/airflow/.local/lib/python3.8/site-packages/airflow/example_dags/example_sensors.py for tasks to queue
[2024-01-06T02:21:46.131+0000] {logging_mixin.py:188} INFO - [2024-01-06T02:21:46.131+0000] {dagbag.py:538} INFO - Filling up the DagBag from /home/airflow/.local/lib/python3.8/site-packages/airflow/example_dags/example_sensors.py
[2024-01-06T02:21:46.138+0000] {processor.py:840} INFO - DAG(s) 'example_sensors' retrieved from /home/airflow/.local/lib/python3.8/site-packages/airflow/example_dags/example_sensors.py
[2024-01-06T02:21:46.158+0000] {logging_mixin.py:188} INFO - [2024-01-06T02:21:46.158+0000] {dag.py:3033} INFO - Sync 1 DAGs
[2024-01-06T02:21:46.168+0000] {logging_mixin.py:188} INFO - [2024-01-06T02:21:46.167+0000] {dag.py:3820} INFO - Setting next_dagrun for example_sensors to None, run_after=None
[2024-01-06T02:21:46.180+0000] {processor.py:183} INFO - Processing /home/airflow/.local/lib/python3.8/site-packages/airflow/example_dags/example_sensors.py took 0.055 seconds
[2024-01-06T02:22:16.405+0000] {processor.py:161} INFO - Started process (PID=40251) to work on /home/airflow/.local/lib/python3.8/site-packages/airflow/example_dags/example_sensors.py
[2024-01-06T02:22:16.407+0000] {processor.py:830} INFO - Processing file /home/airflow/.local/lib/python3.8/site-packages/airflow/example_dags/example_sensors.py for tasks to queue
[2024-01-06T02:22:16.409+0000] {logging_mixin.py:188} INFO - [2024-01-06T02:22:16.409+0000] {dagbag.py:538} INFO - Filling up the DagBag from /home/airflow/.local/lib/python3.8/site-packages/airflow/example_dags/example_sensors.py
[2024-01-06T02:22:16.416+0000] {processor.py:840} INFO - DAG(s) 'example_sensors' retrieved from /home/airflow/.local/lib/python3.8/site-packages/airflow/example_dags/example_sensors.py
[2024-01-06T02:22:16.437+0000] {logging_mixin.py:188} INFO - [2024-01-06T02:22:16.437+0000] {dag.py:3033} INFO - Sync 1 DAGs
[2024-01-06T02:22:16.446+0000] {logging_mixin.py:188} INFO - [2024-01-06T02:22:16.445+0000] {dag.py:3820} INFO - Setting next_dagrun for example_sensors to None, run_after=None
[2024-01-06T02:22:16.459+0000] {processor.py:183} INFO - Processing /home/airflow/.local/lib/python3.8/site-packages/airflow/example_dags/example_sensors.py took 0.056 seconds
[2024-01-06T02:22:47.206+0000] {processor.py:161} INFO - Started process (PID=40309) to work on /home/airflow/.local/lib/python3.8/site-packages/airflow/example_dags/example_sensors.py
[2024-01-06T02:22:47.209+0000] {processor.py:830} INFO - Processing file /home/airflow/.local/lib/python3.8/site-packages/airflow/example_dags/example_sensors.py for tasks to queue
[2024-01-06T02:22:47.215+0000] {logging_mixin.py:188} INFO - [2024-01-06T02:22:47.214+0000] {dagbag.py:538} INFO - Filling up the DagBag from /home/airflow/.local/lib/python3.8/site-packages/airflow/example_dags/example_sensors.py
[2024-01-06T02:22:47.222+0000] {processor.py:840} INFO - DAG(s) 'example_sensors' retrieved from /home/airflow/.local/lib/python3.8/site-packages/airflow/example_dags/example_sensors.py
[2024-01-06T02:22:47.242+0000] {logging_mixin.py:188} INFO - [2024-01-06T02:22:47.242+0000] {dag.py:3033} INFO - Sync 1 DAGs
[2024-01-06T02:22:47.251+0000] {logging_mixin.py:188} INFO - [2024-01-06T02:22:47.251+0000] {dag.py:3820} INFO - Setting next_dagrun for example_sensors to None, run_after=None
[2024-01-06T02:22:47.264+0000] {processor.py:183} INFO - Processing /home/airflow/.local/lib/python3.8/site-packages/airflow/example_dags/example_sensors.py took 0.061 seconds
[2024-01-06T02:23:18.074+0000] {processor.py:161} INFO - Started process (PID=40367) to work on /home/airflow/.local/lib/python3.8/site-packages/airflow/example_dags/example_sensors.py
[2024-01-06T02:23:18.076+0000] {processor.py:830} INFO - Processing file /home/airflow/.local/lib/python3.8/site-packages/airflow/example_dags/example_sensors.py for tasks to queue
[2024-01-06T02:23:18.078+0000] {logging_mixin.py:188} INFO - [2024-01-06T02:23:18.078+0000] {dagbag.py:538} INFO - Filling up the DagBag from /home/airflow/.local/lib/python3.8/site-packages/airflow/example_dags/example_sensors.py
[2024-01-06T02:23:18.085+0000] {processor.py:840} INFO - DAG(s) 'example_sensors' retrieved from /home/airflow/.local/lib/python3.8/site-packages/airflow/example_dags/example_sensors.py
[2024-01-06T02:23:18.105+0000] {logging_mixin.py:188} INFO - [2024-01-06T02:23:18.105+0000] {dag.py:3033} INFO - Sync 1 DAGs
[2024-01-06T02:23:18.115+0000] {logging_mixin.py:188} INFO - [2024-01-06T02:23:18.114+0000] {dag.py:3820} INFO - Setting next_dagrun for example_sensors to None, run_after=None
[2024-01-06T02:23:18.129+0000] {processor.py:183} INFO - Processing /home/airflow/.local/lib/python3.8/site-packages/airflow/example_dags/example_sensors.py took 0.057 seconds
[2024-01-06T02:23:48.503+0000] {processor.py:161} INFO - Started process (PID=40425) to work on /home/airflow/.local/lib/python3.8/site-packages/airflow/example_dags/example_sensors.py
[2024-01-06T02:23:48.504+0000] {processor.py:830} INFO - Processing file /home/airflow/.local/lib/python3.8/site-packages/airflow/example_dags/example_sensors.py for tasks to queue
[2024-01-06T02:23:48.506+0000] {logging_mixin.py:188} INFO - [2024-01-06T02:23:48.506+0000] {dagbag.py:538} INFO - Filling up the DagBag from /home/airflow/.local/lib/python3.8/site-packages/airflow/example_dags/example_sensors.py
[2024-01-06T02:23:48.512+0000] {processor.py:840} INFO - DAG(s) 'example_sensors' retrieved from /home/airflow/.local/lib/python3.8/site-packages/airflow/example_dags/example_sensors.py
[2024-01-06T02:23:48.529+0000] {logging_mixin.py:188} INFO - [2024-01-06T02:23:48.528+0000] {dag.py:3033} INFO - Sync 1 DAGs
[2024-01-06T02:23:48.536+0000] {logging_mixin.py:188} INFO - [2024-01-06T02:23:48.536+0000] {dag.py:3820} INFO - Setting next_dagrun for example_sensors to None, run_after=None
[2024-01-06T02:23:48.547+0000] {processor.py:183} INFO - Processing /home/airflow/.local/lib/python3.8/site-packages/airflow/example_dags/example_sensors.py took 0.047 seconds
[2024-01-06T02:24:18.968+0000] {processor.py:161} INFO - Started process (PID=40483) to work on /home/airflow/.local/lib/python3.8/site-packages/airflow/example_dags/example_sensors.py
[2024-01-06T02:24:18.970+0000] {processor.py:830} INFO - Processing file /home/airflow/.local/lib/python3.8/site-packages/airflow/example_dags/example_sensors.py for tasks to queue
[2024-01-06T02:24:18.972+0000] {logging_mixin.py:188} INFO - [2024-01-06T02:24:18.972+0000] {dagbag.py:538} INFO - Filling up the DagBag from /home/airflow/.local/lib/python3.8/site-packages/airflow/example_dags/example_sensors.py
[2024-01-06T02:24:18.979+0000] {processor.py:840} INFO - DAG(s) 'example_sensors' retrieved from /home/airflow/.local/lib/python3.8/site-packages/airflow/example_dags/example_sensors.py
[2024-01-06T02:24:18.997+0000] {logging_mixin.py:188} INFO - [2024-01-06T02:24:18.997+0000] {dag.py:3033} INFO - Sync 1 DAGs
[2024-01-06T02:24:19.005+0000] {logging_mixin.py:188} INFO - [2024-01-06T02:24:19.005+0000] {dag.py:3820} INFO - Setting next_dagrun for example_sensors to None, run_after=None
[2024-01-06T02:24:19.017+0000] {processor.py:183} INFO - Processing /home/airflow/.local/lib/python3.8/site-packages/airflow/example_dags/example_sensors.py took 0.051 seconds
[2024-01-06T02:24:49.344+0000] {processor.py:161} INFO - Started process (PID=40541) to work on /home/airflow/.local/lib/python3.8/site-packages/airflow/example_dags/example_sensors.py
[2024-01-06T02:24:49.347+0000] {processor.py:830} INFO - Processing file /home/airflow/.local/lib/python3.8/site-packages/airflow/example_dags/example_sensors.py for tasks to queue
[2024-01-06T02:24:49.350+0000] {logging_mixin.py:188} INFO - [2024-01-06T02:24:49.350+0000] {dagbag.py:538} INFO - Filling up the DagBag from /home/airflow/.local/lib/python3.8/site-packages/airflow/example_dags/example_sensors.py
[2024-01-06T02:24:49.359+0000] {processor.py:840} INFO - DAG(s) 'example_sensors' retrieved from /home/airflow/.local/lib/python3.8/site-packages/airflow/example_dags/example_sensors.py
[2024-01-06T02:24:49.383+0000] {logging_mixin.py:188} INFO - [2024-01-06T02:24:49.383+0000] {dag.py:3033} INFO - Sync 1 DAGs
[2024-01-06T02:24:49.391+0000] {logging_mixin.py:188} INFO - [2024-01-06T02:24:49.391+0000] {dag.py:3820} INFO - Setting next_dagrun for example_sensors to None, run_after=None
[2024-01-06T02:24:49.403+0000] {processor.py:183} INFO - Processing /home/airflow/.local/lib/python3.8/site-packages/airflow/example_dags/example_sensors.py took 0.062 seconds
[2024-01-06T02:25:20.329+0000] {processor.py:161} INFO - Started process (PID=40605) to work on /home/airflow/.local/lib/python3.8/site-packages/airflow/example_dags/example_sensors.py
[2024-01-06T02:25:20.331+0000] {processor.py:830} INFO - Processing file /home/airflow/.local/lib/python3.8/site-packages/airflow/example_dags/example_sensors.py for tasks to queue
[2024-01-06T02:25:20.333+0000] {logging_mixin.py:188} INFO - [2024-01-06T02:25:20.333+0000] {dagbag.py:538} INFO - Filling up the DagBag from /home/airflow/.local/lib/python3.8/site-packages/airflow/example_dags/example_sensors.py
[2024-01-06T02:25:20.339+0000] {processor.py:840} INFO - DAG(s) 'example_sensors' retrieved from /home/airflow/.local/lib/python3.8/site-packages/airflow/example_dags/example_sensors.py
[2024-01-06T02:25:20.357+0000] {logging_mixin.py:188} INFO - [2024-01-06T02:25:20.357+0000] {dag.py:3033} INFO - Sync 1 DAGs
[2024-01-06T02:25:20.366+0000] {logging_mixin.py:188} INFO - [2024-01-06T02:25:20.366+0000] {dag.py:3820} INFO - Setting next_dagrun for example_sensors to None, run_after=None
[2024-01-06T02:25:20.379+0000] {processor.py:183} INFO - Processing /home/airflow/.local/lib/python3.8/site-packages/airflow/example_dags/example_sensors.py took 0.053 seconds
[2024-01-06T02:25:50.544+0000] {processor.py:161} INFO - Started process (PID=40663) to work on /home/airflow/.local/lib/python3.8/site-packages/airflow/example_dags/example_sensors.py
[2024-01-06T02:25:50.546+0000] {processor.py:830} INFO - Processing file /home/airflow/.local/lib/python3.8/site-packages/airflow/example_dags/example_sensors.py for tasks to queue
[2024-01-06T02:25:50.549+0000] {logging_mixin.py:188} INFO - [2024-01-06T02:25:50.548+0000] {dagbag.py:538} INFO - Filling up the DagBag from /home/airflow/.local/lib/python3.8/site-packages/airflow/example_dags/example_sensors.py
[2024-01-06T02:25:50.556+0000] {processor.py:840} INFO - DAG(s) 'example_sensors' retrieved from /home/airflow/.local/lib/python3.8/site-packages/airflow/example_dags/example_sensors.py
[2024-01-06T02:25:50.579+0000] {logging_mixin.py:188} INFO - [2024-01-06T02:25:50.579+0000] {dag.py:3033} INFO - Sync 1 DAGs
[2024-01-06T02:25:50.588+0000] {logging_mixin.py:188} INFO - [2024-01-06T02:25:50.588+0000] {dag.py:3820} INFO - Setting next_dagrun for example_sensors to None, run_after=None
[2024-01-06T02:25:50.601+0000] {processor.py:183} INFO - Processing /home/airflow/.local/lib/python3.8/site-packages/airflow/example_dags/example_sensors.py took 0.063 seconds
[2024-01-06T02:26:21.037+0000] {processor.py:161} INFO - Started process (PID=40721) to work on /home/airflow/.local/lib/python3.8/site-packages/airflow/example_dags/example_sensors.py
[2024-01-06T02:26:21.039+0000] {processor.py:830} INFO - Processing file /home/airflow/.local/lib/python3.8/site-packages/airflow/example_dags/example_sensors.py for tasks to queue
[2024-01-06T02:26:21.042+0000] {logging_mixin.py:188} INFO - [2024-01-06T02:26:21.042+0000] {dagbag.py:538} INFO - Filling up the DagBag from /home/airflow/.local/lib/python3.8/site-packages/airflow/example_dags/example_sensors.py
[2024-01-06T02:26:21.049+0000] {processor.py:840} INFO - DAG(s) 'example_sensors' retrieved from /home/airflow/.local/lib/python3.8/site-packages/airflow/example_dags/example_sensors.py
[2024-01-06T02:26:21.070+0000] {logging_mixin.py:188} INFO - [2024-01-06T02:26:21.070+0000] {dag.py:3033} INFO - Sync 1 DAGs
[2024-01-06T02:26:21.079+0000] {logging_mixin.py:188} INFO - [2024-01-06T02:26:21.079+0000] {dag.py:3820} INFO - Setting next_dagrun for example_sensors to None, run_after=None
[2024-01-06T02:26:21.092+0000] {processor.py:183} INFO - Processing /home/airflow/.local/lib/python3.8/site-packages/airflow/example_dags/example_sensors.py took 0.058 seconds
[2024-01-06T02:26:51.624+0000] {processor.py:161} INFO - Started process (PID=40779) to work on /home/airflow/.local/lib/python3.8/site-packages/airflow/example_dags/example_sensors.py
[2024-01-06T02:26:51.625+0000] {processor.py:830} INFO - Processing file /home/airflow/.local/lib/python3.8/site-packages/airflow/example_dags/example_sensors.py for tasks to queue
[2024-01-06T02:26:51.627+0000] {logging_mixin.py:188} INFO - [2024-01-06T02:26:51.627+0000] {dagbag.py:538} INFO - Filling up the DagBag from /home/airflow/.local/lib/python3.8/site-packages/airflow/example_dags/example_sensors.py
[2024-01-06T02:26:51.643+0000] {processor.py:840} INFO - DAG(s) 'example_sensors' retrieved from /home/airflow/.local/lib/python3.8/site-packages/airflow/example_dags/example_sensors.py
[2024-01-06T02:26:51.662+0000] {logging_mixin.py:188} INFO - [2024-01-06T02:26:51.662+0000] {dag.py:3033} INFO - Sync 1 DAGs
[2024-01-06T02:26:51.669+0000] {logging_mixin.py:188} INFO - [2024-01-06T02:26:51.669+0000] {dag.py:3820} INFO - Setting next_dagrun for example_sensors to None, run_after=None
[2024-01-06T02:26:51.683+0000] {processor.py:183} INFO - Processing /home/airflow/.local/lib/python3.8/site-packages/airflow/example_dags/example_sensors.py took 0.062 seconds
[2024-01-06T02:27:21.915+0000] {processor.py:161} INFO - Started process (PID=40837) to work on /home/airflow/.local/lib/python3.8/site-packages/airflow/example_dags/example_sensors.py
[2024-01-06T02:27:21.917+0000] {processor.py:830} INFO - Processing file /home/airflow/.local/lib/python3.8/site-packages/airflow/example_dags/example_sensors.py for tasks to queue
[2024-01-06T02:27:21.919+0000] {logging_mixin.py:188} INFO - [2024-01-06T02:27:21.919+0000] {dagbag.py:538} INFO - Filling up the DagBag from /home/airflow/.local/lib/python3.8/site-packages/airflow/example_dags/example_sensors.py
[2024-01-06T02:27:21.926+0000] {processor.py:840} INFO - DAG(s) 'example_sensors' retrieved from /home/airflow/.local/lib/python3.8/site-packages/airflow/example_dags/example_sensors.py
[2024-01-06T02:27:21.943+0000] {logging_mixin.py:188} INFO - [2024-01-06T02:27:21.943+0000] {dag.py:3033} INFO - Sync 1 DAGs
[2024-01-06T02:27:21.951+0000] {logging_mixin.py:188} INFO - [2024-01-06T02:27:21.951+0000] {dag.py:3820} INFO - Setting next_dagrun for example_sensors to None, run_after=None
[2024-01-06T02:27:21.962+0000] {processor.py:183} INFO - Processing /home/airflow/.local/lib/python3.8/site-packages/airflow/example_dags/example_sensors.py took 0.049 seconds
[2024-01-06T02:27:52.372+0000] {processor.py:161} INFO - Started process (PID=40895) to work on /home/airflow/.local/lib/python3.8/site-packages/airflow/example_dags/example_sensors.py
[2024-01-06T02:27:52.374+0000] {processor.py:830} INFO - Processing file /home/airflow/.local/lib/python3.8/site-packages/airflow/example_dags/example_sensors.py for tasks to queue
[2024-01-06T02:27:52.376+0000] {logging_mixin.py:188} INFO - [2024-01-06T02:27:52.376+0000] {dagbag.py:538} INFO - Filling up the DagBag from /home/airflow/.local/lib/python3.8/site-packages/airflow/example_dags/example_sensors.py
[2024-01-06T02:27:52.385+0000] {processor.py:840} INFO - DAG(s) 'example_sensors' retrieved from /home/airflow/.local/lib/python3.8/site-packages/airflow/example_dags/example_sensors.py
[2024-01-06T02:27:52.402+0000] {logging_mixin.py:188} INFO - [2024-01-06T02:27:52.402+0000] {dag.py:3033} INFO - Sync 1 DAGs
[2024-01-06T02:27:52.411+0000] {logging_mixin.py:188} INFO - [2024-01-06T02:27:52.411+0000] {dag.py:3820} INFO - Setting next_dagrun for example_sensors to None, run_after=None
[2024-01-06T02:27:52.424+0000] {processor.py:183} INFO - Processing /home/airflow/.local/lib/python3.8/site-packages/airflow/example_dags/example_sensors.py took 0.055 seconds
[2024-01-06T02:28:22.898+0000] {processor.py:161} INFO - Started process (PID=40953) to work on /home/airflow/.local/lib/python3.8/site-packages/airflow/example_dags/example_sensors.py
[2024-01-06T02:28:22.900+0000] {processor.py:830} INFO - Processing file /home/airflow/.local/lib/python3.8/site-packages/airflow/example_dags/example_sensors.py for tasks to queue
[2024-01-06T02:28:22.902+0000] {logging_mixin.py:188} INFO - [2024-01-06T02:28:22.902+0000] {dagbag.py:538} INFO - Filling up the DagBag from /home/airflow/.local/lib/python3.8/site-packages/airflow/example_dags/example_sensors.py
[2024-01-06T02:28:22.911+0000] {processor.py:840} INFO - DAG(s) 'example_sensors' retrieved from /home/airflow/.local/lib/python3.8/site-packages/airflow/example_dags/example_sensors.py
[2024-01-06T02:28:22.929+0000] {logging_mixin.py:188} INFO - [2024-01-06T02:28:22.929+0000] {dag.py:3033} INFO - Sync 1 DAGs
[2024-01-06T02:28:22.938+0000] {logging_mixin.py:188} INFO - [2024-01-06T02:28:22.938+0000] {dag.py:3820} INFO - Setting next_dagrun for example_sensors to None, run_after=None
[2024-01-06T02:28:22.950+0000] {processor.py:183} INFO - Processing /home/airflow/.local/lib/python3.8/site-packages/airflow/example_dags/example_sensors.py took 0.055 seconds
[2024-01-06T02:28:53.497+0000] {processor.py:161} INFO - Started process (PID=41011) to work on /home/airflow/.local/lib/python3.8/site-packages/airflow/example_dags/example_sensors.py
[2024-01-06T02:28:53.498+0000] {processor.py:830} INFO - Processing file /home/airflow/.local/lib/python3.8/site-packages/airflow/example_dags/example_sensors.py for tasks to queue
[2024-01-06T02:28:53.501+0000] {logging_mixin.py:188} INFO - [2024-01-06T02:28:53.500+0000] {dagbag.py:538} INFO - Filling up the DagBag from /home/airflow/.local/lib/python3.8/site-packages/airflow/example_dags/example_sensors.py
[2024-01-06T02:28:53.508+0000] {processor.py:840} INFO - DAG(s) 'example_sensors' retrieved from /home/airflow/.local/lib/python3.8/site-packages/airflow/example_dags/example_sensors.py
[2024-01-06T02:28:53.530+0000] {logging_mixin.py:188} INFO - [2024-01-06T02:28:53.530+0000] {dag.py:3033} INFO - Sync 1 DAGs
[2024-01-06T02:28:53.541+0000] {logging_mixin.py:188} INFO - [2024-01-06T02:28:53.541+0000] {dag.py:3820} INFO - Setting next_dagrun for example_sensors to None, run_after=None
[2024-01-06T02:28:53.560+0000] {processor.py:183} INFO - Processing /home/airflow/.local/lib/python3.8/site-packages/airflow/example_dags/example_sensors.py took 0.066 seconds
[2024-01-06T02:29:24.028+0000] {processor.py:161} INFO - Started process (PID=41069) to work on /home/airflow/.local/lib/python3.8/site-packages/airflow/example_dags/example_sensors.py
[2024-01-06T02:29:24.029+0000] {processor.py:830} INFO - Processing file /home/airflow/.local/lib/python3.8/site-packages/airflow/example_dags/example_sensors.py for tasks to queue
[2024-01-06T02:29:24.033+0000] {logging_mixin.py:188} INFO - [2024-01-06T02:29:24.033+0000] {dagbag.py:538} INFO - Filling up the DagBag from /home/airflow/.local/lib/python3.8/site-packages/airflow/example_dags/example_sensors.py
[2024-01-06T02:29:24.039+0000] {processor.py:840} INFO - DAG(s) 'example_sensors' retrieved from /home/airflow/.local/lib/python3.8/site-packages/airflow/example_dags/example_sensors.py
[2024-01-06T02:29:24.056+0000] {logging_mixin.py:188} INFO - [2024-01-06T02:29:24.056+0000] {dag.py:3033} INFO - Sync 1 DAGs
[2024-01-06T02:29:24.064+0000] {logging_mixin.py:188} INFO - [2024-01-06T02:29:24.064+0000] {dag.py:3820} INFO - Setting next_dagrun for example_sensors to None, run_after=None
[2024-01-06T02:29:24.083+0000] {processor.py:183} INFO - Processing /home/airflow/.local/lib/python3.8/site-packages/airflow/example_dags/example_sensors.py took 0.058 seconds
[2024-01-06T02:29:54.720+0000] {processor.py:161} INFO - Started process (PID=41128) to work on /home/airflow/.local/lib/python3.8/site-packages/airflow/example_dags/example_sensors.py
[2024-01-06T02:29:54.723+0000] {processor.py:830} INFO - Processing file /home/airflow/.local/lib/python3.8/site-packages/airflow/example_dags/example_sensors.py for tasks to queue
[2024-01-06T02:29:54.726+0000] {logging_mixin.py:188} INFO - [2024-01-06T02:29:54.726+0000] {dagbag.py:538} INFO - Filling up the DagBag from /home/airflow/.local/lib/python3.8/site-packages/airflow/example_dags/example_sensors.py
[2024-01-06T02:29:54.734+0000] {processor.py:840} INFO - DAG(s) 'example_sensors' retrieved from /home/airflow/.local/lib/python3.8/site-packages/airflow/example_dags/example_sensors.py
[2024-01-06T02:29:54.755+0000] {logging_mixin.py:188} INFO - [2024-01-06T02:29:54.755+0000] {dag.py:3033} INFO - Sync 1 DAGs
[2024-01-06T02:29:54.763+0000] {logging_mixin.py:188} INFO - [2024-01-06T02:29:54.763+0000] {dag.py:3820} INFO - Setting next_dagrun for example_sensors to None, run_after=None
[2024-01-06T02:29:54.774+0000] {processor.py:183} INFO - Processing /home/airflow/.local/lib/python3.8/site-packages/airflow/example_dags/example_sensors.py took 0.056 seconds
[2024-01-06T02:30:25.429+0000] {processor.py:161} INFO - Started process (PID=41186) to work on /home/airflow/.local/lib/python3.8/site-packages/airflow/example_dags/example_sensors.py
[2024-01-06T02:30:25.431+0000] {processor.py:830} INFO - Processing file /home/airflow/.local/lib/python3.8/site-packages/airflow/example_dags/example_sensors.py for tasks to queue
[2024-01-06T02:30:25.434+0000] {logging_mixin.py:188} INFO - [2024-01-06T02:30:25.433+0000] {dagbag.py:538} INFO - Filling up the DagBag from /home/airflow/.local/lib/python3.8/site-packages/airflow/example_dags/example_sensors.py
[2024-01-06T02:30:25.444+0000] {processor.py:840} INFO - DAG(s) 'example_sensors' retrieved from /home/airflow/.local/lib/python3.8/site-packages/airflow/example_dags/example_sensors.py
[2024-01-06T02:30:25.465+0000] {logging_mixin.py:188} INFO - [2024-01-06T02:30:25.465+0000] {dag.py:3033} INFO - Sync 1 DAGs
[2024-01-06T02:30:25.474+0000] {logging_mixin.py:188} INFO - [2024-01-06T02:30:25.474+0000] {dag.py:3820} INFO - Setting next_dagrun for example_sensors to None, run_after=None
[2024-01-06T02:30:25.488+0000] {processor.py:183} INFO - Processing /home/airflow/.local/lib/python3.8/site-packages/airflow/example_dags/example_sensors.py took 0.062 seconds
[2024-01-06T02:30:56.006+0000] {processor.py:161} INFO - Started process (PID=41244) to work on /home/airflow/.local/lib/python3.8/site-packages/airflow/example_dags/example_sensors.py
[2024-01-06T02:30:56.007+0000] {processor.py:830} INFO - Processing file /home/airflow/.local/lib/python3.8/site-packages/airflow/example_dags/example_sensors.py for tasks to queue
[2024-01-06T02:30:56.009+0000] {logging_mixin.py:188} INFO - [2024-01-06T02:30:56.009+0000] {dagbag.py:538} INFO - Filling up the DagBag from /home/airflow/.local/lib/python3.8/site-packages/airflow/example_dags/example_sensors.py
[2024-01-06T02:30:56.015+0000] {processor.py:840} INFO - DAG(s) 'example_sensors' retrieved from /home/airflow/.local/lib/python3.8/site-packages/airflow/example_dags/example_sensors.py
[2024-01-06T02:30:56.033+0000] {logging_mixin.py:188} INFO - [2024-01-06T02:30:56.033+0000] {dag.py:3033} INFO - Sync 1 DAGs
[2024-01-06T02:30:56.042+0000] {logging_mixin.py:188} INFO - [2024-01-06T02:30:56.041+0000] {dag.py:3820} INFO - Setting next_dagrun for example_sensors to None, run_after=None
[2024-01-06T02:30:56.054+0000] {processor.py:183} INFO - Processing /home/airflow/.local/lib/python3.8/site-packages/airflow/example_dags/example_sensors.py took 0.051 seconds
[2024-01-06T02:31:27.488+0000] {processor.py:161} INFO - Started process (PID=41302) to work on /home/airflow/.local/lib/python3.8/site-packages/airflow/example_dags/example_sensors.py
[2024-01-06T02:31:27.492+0000] {processor.py:830} INFO - Processing file /home/airflow/.local/lib/python3.8/site-packages/airflow/example_dags/example_sensors.py for tasks to queue
[2024-01-06T02:31:27.494+0000] {logging_mixin.py:188} INFO - [2024-01-06T02:31:27.494+0000] {dagbag.py:538} INFO - Filling up the DagBag from /home/airflow/.local/lib/python3.8/site-packages/airflow/example_dags/example_sensors.py
[2024-01-06T02:31:27.501+0000] {processor.py:840} INFO - DAG(s) 'example_sensors' retrieved from /home/airflow/.local/lib/python3.8/site-packages/airflow/example_dags/example_sensors.py
[2024-01-06T02:31:27.520+0000] {logging_mixin.py:188} INFO - [2024-01-06T02:31:27.520+0000] {dag.py:3033} INFO - Sync 1 DAGs
[2024-01-06T02:31:27.529+0000] {logging_mixin.py:188} INFO - [2024-01-06T02:31:27.529+0000] {dag.py:3820} INFO - Setting next_dagrun for example_sensors to None, run_after=None
[2024-01-06T02:31:27.543+0000] {processor.py:183} INFO - Processing /home/airflow/.local/lib/python3.8/site-packages/airflow/example_dags/example_sensors.py took 0.057 seconds
[2024-01-06T02:31:57.936+0000] {processor.py:161} INFO - Started process (PID=41360) to work on /home/airflow/.local/lib/python3.8/site-packages/airflow/example_dags/example_sensors.py
[2024-01-06T02:31:57.937+0000] {processor.py:830} INFO - Processing file /home/airflow/.local/lib/python3.8/site-packages/airflow/example_dags/example_sensors.py for tasks to queue
[2024-01-06T02:31:57.939+0000] {logging_mixin.py:188} INFO - [2024-01-06T02:31:57.939+0000] {dagbag.py:538} INFO - Filling up the DagBag from /home/airflow/.local/lib/python3.8/site-packages/airflow/example_dags/example_sensors.py
[2024-01-06T02:31:57.945+0000] {processor.py:840} INFO - DAG(s) 'example_sensors' retrieved from /home/airflow/.local/lib/python3.8/site-packages/airflow/example_dags/example_sensors.py
[2024-01-06T02:31:57.965+0000] {logging_mixin.py:188} INFO - [2024-01-06T02:31:57.965+0000] {dag.py:3033} INFO - Sync 1 DAGs
[2024-01-06T02:31:57.974+0000] {logging_mixin.py:188} INFO - [2024-01-06T02:31:57.974+0000] {dag.py:3820} INFO - Setting next_dagrun for example_sensors to None, run_after=None
[2024-01-06T02:31:57.985+0000] {processor.py:183} INFO - Processing /home/airflow/.local/lib/python3.8/site-packages/airflow/example_dags/example_sensors.py took 0.052 seconds
[2024-01-06T02:32:28.229+0000] {processor.py:161} INFO - Started process (PID=41418) to work on /home/airflow/.local/lib/python3.8/site-packages/airflow/example_dags/example_sensors.py
[2024-01-06T02:32:28.231+0000] {processor.py:830} INFO - Processing file /home/airflow/.local/lib/python3.8/site-packages/airflow/example_dags/example_sensors.py for tasks to queue
[2024-01-06T02:32:28.233+0000] {logging_mixin.py:188} INFO - [2024-01-06T02:32:28.233+0000] {dagbag.py:538} INFO - Filling up the DagBag from /home/airflow/.local/lib/python3.8/site-packages/airflow/example_dags/example_sensors.py
[2024-01-06T02:32:28.239+0000] {processor.py:840} INFO - DAG(s) 'example_sensors' retrieved from /home/airflow/.local/lib/python3.8/site-packages/airflow/example_dags/example_sensors.py
[2024-01-06T02:32:28.257+0000] {logging_mixin.py:188} INFO - [2024-01-06T02:32:28.257+0000] {dag.py:3033} INFO - Sync 1 DAGs
[2024-01-06T02:32:28.265+0000] {logging_mixin.py:188} INFO - [2024-01-06T02:32:28.265+0000] {dag.py:3820} INFO - Setting next_dagrun for example_sensors to None, run_after=None
[2024-01-06T02:32:28.279+0000] {processor.py:183} INFO - Processing /home/airflow/.local/lib/python3.8/site-packages/airflow/example_dags/example_sensors.py took 0.052 seconds
[2024-01-06T02:32:59.405+0000] {processor.py:161} INFO - Started process (PID=41475) to work on /home/airflow/.local/lib/python3.8/site-packages/airflow/example_dags/example_sensors.py
[2024-01-06T02:32:59.407+0000] {processor.py:830} INFO - Processing file /home/airflow/.local/lib/python3.8/site-packages/airflow/example_dags/example_sensors.py for tasks to queue
[2024-01-06T02:32:59.409+0000] {logging_mixin.py:188} INFO - [2024-01-06T02:32:59.409+0000] {dagbag.py:538} INFO - Filling up the DagBag from /home/airflow/.local/lib/python3.8/site-packages/airflow/example_dags/example_sensors.py
[2024-01-06T02:32:59.416+0000] {processor.py:840} INFO - DAG(s) 'example_sensors' retrieved from /home/airflow/.local/lib/python3.8/site-packages/airflow/example_dags/example_sensors.py
[2024-01-06T02:32:59.435+0000] {logging_mixin.py:188} INFO - [2024-01-06T02:32:59.435+0000] {dag.py:3033} INFO - Sync 1 DAGs
[2024-01-06T02:32:59.444+0000] {logging_mixin.py:188} INFO - [2024-01-06T02:32:59.444+0000] {dag.py:3820} INFO - Setting next_dagrun for example_sensors to None, run_after=None
[2024-01-06T02:32:59.468+0000] {processor.py:183} INFO - Processing /home/airflow/.local/lib/python3.8/site-packages/airflow/example_dags/example_sensors.py took 0.068 seconds
[2024-01-06T02:33:43.081+0000] {processor.py:161} INFO - Started process (PID=41533) to work on /home/airflow/.local/lib/python3.8/site-packages/airflow/example_dags/example_sensors.py
[2024-01-06T02:33:43.095+0000] {processor.py:830} INFO - Processing file /home/airflow/.local/lib/python3.8/site-packages/airflow/example_dags/example_sensors.py for tasks to queue
[2024-01-06T02:33:43.129+0000] {logging_mixin.py:188} INFO - [2024-01-06T02:33:43.127+0000] {dagbag.py:538} INFO - Filling up the DagBag from /home/airflow/.local/lib/python3.8/site-packages/airflow/example_dags/example_sensors.py
[2024-01-06T02:33:43.189+0000] {processor.py:840} INFO - DAG(s) 'example_sensors' retrieved from /home/airflow/.local/lib/python3.8/site-packages/airflow/example_dags/example_sensors.py
[2024-01-06T02:33:43.392+0000] {logging_mixin.py:188} INFO - [2024-01-06T02:33:43.390+0000] {dag.py:3033} INFO - Sync 1 DAGs
[2024-01-06T02:33:43.457+0000] {logging_mixin.py:188} INFO - [2024-01-06T02:33:43.457+0000] {dag.py:3820} INFO - Setting next_dagrun for example_sensors to None, run_after=None
[2024-01-06T02:33:43.535+0000] {processor.py:183} INFO - Processing /home/airflow/.local/lib/python3.8/site-packages/airflow/example_dags/example_sensors.py took 0.494 seconds
[2024-01-06T02:34:14.116+0000] {processor.py:161} INFO - Started process (PID=41591) to work on /home/airflow/.local/lib/python3.8/site-packages/airflow/example_dags/example_sensors.py
[2024-01-06T02:34:14.118+0000] {processor.py:830} INFO - Processing file /home/airflow/.local/lib/python3.8/site-packages/airflow/example_dags/example_sensors.py for tasks to queue
[2024-01-06T02:34:14.120+0000] {logging_mixin.py:188} INFO - [2024-01-06T02:34:14.120+0000] {dagbag.py:538} INFO - Filling up the DagBag from /home/airflow/.local/lib/python3.8/site-packages/airflow/example_dags/example_sensors.py
[2024-01-06T02:34:14.128+0000] {processor.py:840} INFO - DAG(s) 'example_sensors' retrieved from /home/airflow/.local/lib/python3.8/site-packages/airflow/example_dags/example_sensors.py
[2024-01-06T02:34:14.147+0000] {logging_mixin.py:188} INFO - [2024-01-06T02:34:14.146+0000] {dag.py:3033} INFO - Sync 1 DAGs
[2024-01-06T02:34:14.155+0000] {logging_mixin.py:188} INFO - [2024-01-06T02:34:14.155+0000] {dag.py:3820} INFO - Setting next_dagrun for example_sensors to None, run_after=None
[2024-01-06T02:34:14.166+0000] {processor.py:183} INFO - Processing /home/airflow/.local/lib/python3.8/site-packages/airflow/example_dags/example_sensors.py took 0.055 seconds
[2024-01-06T02:34:44.852+0000] {processor.py:161} INFO - Started process (PID=41649) to work on /home/airflow/.local/lib/python3.8/site-packages/airflow/example_dags/example_sensors.py
[2024-01-06T02:34:44.853+0000] {processor.py:830} INFO - Processing file /home/airflow/.local/lib/python3.8/site-packages/airflow/example_dags/example_sensors.py for tasks to queue
[2024-01-06T02:34:44.856+0000] {logging_mixin.py:188} INFO - [2024-01-06T02:34:44.855+0000] {dagbag.py:538} INFO - Filling up the DagBag from /home/airflow/.local/lib/python3.8/site-packages/airflow/example_dags/example_sensors.py
[2024-01-06T02:34:44.862+0000] {processor.py:840} INFO - DAG(s) 'example_sensors' retrieved from /home/airflow/.local/lib/python3.8/site-packages/airflow/example_dags/example_sensors.py
[2024-01-06T02:34:44.881+0000] {logging_mixin.py:188} INFO - [2024-01-06T02:34:44.881+0000] {dag.py:3033} INFO - Sync 1 DAGs
[2024-01-06T02:34:44.889+0000] {logging_mixin.py:188} INFO - [2024-01-06T02:34:44.889+0000] {dag.py:3820} INFO - Setting next_dagrun for example_sensors to None, run_after=None
[2024-01-06T02:34:44.901+0000] {processor.py:183} INFO - Processing /home/airflow/.local/lib/python3.8/site-packages/airflow/example_dags/example_sensors.py took 0.052 seconds
[2024-01-06T02:35:15.061+0000] {processor.py:161} INFO - Started process (PID=41706) to work on /home/airflow/.local/lib/python3.8/site-packages/airflow/example_dags/example_sensors.py
[2024-01-06T02:35:15.063+0000] {processor.py:830} INFO - Processing file /home/airflow/.local/lib/python3.8/site-packages/airflow/example_dags/example_sensors.py for tasks to queue
[2024-01-06T02:35:15.065+0000] {logging_mixin.py:188} INFO - [2024-01-06T02:35:15.065+0000] {dagbag.py:538} INFO - Filling up the DagBag from /home/airflow/.local/lib/python3.8/site-packages/airflow/example_dags/example_sensors.py
[2024-01-06T02:35:15.073+0000] {processor.py:840} INFO - DAG(s) 'example_sensors' retrieved from /home/airflow/.local/lib/python3.8/site-packages/airflow/example_dags/example_sensors.py
[2024-01-06T02:35:15.091+0000] {logging_mixin.py:188} INFO - [2024-01-06T02:35:15.091+0000] {dag.py:3033} INFO - Sync 1 DAGs
[2024-01-06T02:35:15.099+0000] {logging_mixin.py:188} INFO - [2024-01-06T02:35:15.099+0000] {dag.py:3820} INFO - Setting next_dagrun for example_sensors to None, run_after=None
[2024-01-06T02:35:15.111+0000] {processor.py:183} INFO - Processing /home/airflow/.local/lib/python3.8/site-packages/airflow/example_dags/example_sensors.py took 0.054 seconds
[2024-01-06T02:35:45.531+0000] {processor.py:161} INFO - Started process (PID=41764) to work on /home/airflow/.local/lib/python3.8/site-packages/airflow/example_dags/example_sensors.py
[2024-01-06T02:35:45.534+0000] {processor.py:830} INFO - Processing file /home/airflow/.local/lib/python3.8/site-packages/airflow/example_dags/example_sensors.py for tasks to queue
[2024-01-06T02:35:45.537+0000] {logging_mixin.py:188} INFO - [2024-01-06T02:35:45.536+0000] {dagbag.py:538} INFO - Filling up the DagBag from /home/airflow/.local/lib/python3.8/site-packages/airflow/example_dags/example_sensors.py
[2024-01-06T02:35:45.546+0000] {processor.py:840} INFO - DAG(s) 'example_sensors' retrieved from /home/airflow/.local/lib/python3.8/site-packages/airflow/example_dags/example_sensors.py
[2024-01-06T02:35:45.565+0000] {logging_mixin.py:188} INFO - [2024-01-06T02:35:45.565+0000] {dag.py:3033} INFO - Sync 1 DAGs
[2024-01-06T02:35:45.572+0000] {logging_mixin.py:188} INFO - [2024-01-06T02:35:45.572+0000] {dag.py:3820} INFO - Setting next_dagrun for example_sensors to None, run_after=None
[2024-01-06T02:35:45.584+0000] {processor.py:183} INFO - Processing /home/airflow/.local/lib/python3.8/site-packages/airflow/example_dags/example_sensors.py took 0.056 seconds
[2024-01-06T02:36:16.184+0000] {processor.py:161} INFO - Started process (PID=41822) to work on /home/airflow/.local/lib/python3.8/site-packages/airflow/example_dags/example_sensors.py
[2024-01-06T02:36:16.187+0000] {processor.py:830} INFO - Processing file /home/airflow/.local/lib/python3.8/site-packages/airflow/example_dags/example_sensors.py for tasks to queue
[2024-01-06T02:36:16.190+0000] {logging_mixin.py:188} INFO - [2024-01-06T02:36:16.190+0000] {dagbag.py:538} INFO - Filling up the DagBag from /home/airflow/.local/lib/python3.8/site-packages/airflow/example_dags/example_sensors.py
[2024-01-06T02:36:16.197+0000] {processor.py:840} INFO - DAG(s) 'example_sensors' retrieved from /home/airflow/.local/lib/python3.8/site-packages/airflow/example_dags/example_sensors.py
[2024-01-06T02:36:16.214+0000] {logging_mixin.py:188} INFO - [2024-01-06T02:36:16.214+0000] {dag.py:3033} INFO - Sync 1 DAGs
[2024-01-06T02:36:16.222+0000] {logging_mixin.py:188} INFO - [2024-01-06T02:36:16.222+0000] {dag.py:3820} INFO - Setting next_dagrun for example_sensors to None, run_after=None
[2024-01-06T02:36:16.233+0000] {processor.py:183} INFO - Processing /home/airflow/.local/lib/python3.8/site-packages/airflow/example_dags/example_sensors.py took 0.051 seconds
[2024-01-06T02:36:46.328+0000] {processor.py:161} INFO - Started process (PID=41880) to work on /home/airflow/.local/lib/python3.8/site-packages/airflow/example_dags/example_sensors.py
[2024-01-06T02:36:46.330+0000] {processor.py:830} INFO - Processing file /home/airflow/.local/lib/python3.8/site-packages/airflow/example_dags/example_sensors.py for tasks to queue
[2024-01-06T02:36:46.333+0000] {logging_mixin.py:188} INFO - [2024-01-06T02:36:46.333+0000] {dagbag.py:538} INFO - Filling up the DagBag from /home/airflow/.local/lib/python3.8/site-packages/airflow/example_dags/example_sensors.py
[2024-01-06T02:36:46.341+0000] {processor.py:840} INFO - DAG(s) 'example_sensors' retrieved from /home/airflow/.local/lib/python3.8/site-packages/airflow/example_dags/example_sensors.py
[2024-01-06T02:36:46.360+0000] {logging_mixin.py:188} INFO - [2024-01-06T02:36:46.359+0000] {dag.py:3033} INFO - Sync 1 DAGs
[2024-01-06T02:36:46.369+0000] {logging_mixin.py:188} INFO - [2024-01-06T02:36:46.368+0000] {dag.py:3820} INFO - Setting next_dagrun for example_sensors to None, run_after=None
[2024-01-06T02:36:46.380+0000] {processor.py:183} INFO - Processing /home/airflow/.local/lib/python3.8/site-packages/airflow/example_dags/example_sensors.py took 0.055 seconds
[2024-01-06T02:37:16.586+0000] {processor.py:161} INFO - Started process (PID=41938) to work on /home/airflow/.local/lib/python3.8/site-packages/airflow/example_dags/example_sensors.py
[2024-01-06T02:37:16.588+0000] {processor.py:830} INFO - Processing file /home/airflow/.local/lib/python3.8/site-packages/airflow/example_dags/example_sensors.py for tasks to queue
[2024-01-06T02:37:16.591+0000] {logging_mixin.py:188} INFO - [2024-01-06T02:37:16.591+0000] {dagbag.py:538} INFO - Filling up the DagBag from /home/airflow/.local/lib/python3.8/site-packages/airflow/example_dags/example_sensors.py
[2024-01-06T02:37:16.600+0000] {processor.py:840} INFO - DAG(s) 'example_sensors' retrieved from /home/airflow/.local/lib/python3.8/site-packages/airflow/example_dags/example_sensors.py
[2024-01-06T02:37:16.619+0000] {logging_mixin.py:188} INFO - [2024-01-06T02:37:16.618+0000] {dag.py:3033} INFO - Sync 1 DAGs
[2024-01-06T02:37:16.627+0000] {logging_mixin.py:188} INFO - [2024-01-06T02:37:16.627+0000] {dag.py:3820} INFO - Setting next_dagrun for example_sensors to None, run_after=None
[2024-01-06T02:37:16.639+0000] {processor.py:183} INFO - Processing /home/airflow/.local/lib/python3.8/site-packages/airflow/example_dags/example_sensors.py took 0.056 seconds
[2024-01-06T02:37:46.950+0000] {processor.py:161} INFO - Started process (PID=41995) to work on /home/airflow/.local/lib/python3.8/site-packages/airflow/example_dags/example_sensors.py
[2024-01-06T02:37:46.953+0000] {processor.py:830} INFO - Processing file /home/airflow/.local/lib/python3.8/site-packages/airflow/example_dags/example_sensors.py for tasks to queue
[2024-01-06T02:37:46.962+0000] {logging_mixin.py:188} INFO - [2024-01-06T02:37:46.962+0000] {dagbag.py:538} INFO - Filling up the DagBag from /home/airflow/.local/lib/python3.8/site-packages/airflow/example_dags/example_sensors.py
[2024-01-06T02:37:46.975+0000] {processor.py:840} INFO - DAG(s) 'example_sensors' retrieved from /home/airflow/.local/lib/python3.8/site-packages/airflow/example_dags/example_sensors.py
[2024-01-06T02:37:47.007+0000] {logging_mixin.py:188} INFO - [2024-01-06T02:37:47.007+0000] {dag.py:3033} INFO - Sync 1 DAGs
[2024-01-06T02:37:47.022+0000] {logging_mixin.py:188} INFO - [2024-01-06T02:37:47.021+0000] {dag.py:3820} INFO - Setting next_dagrun for example_sensors to None, run_after=None
[2024-01-06T02:37:47.041+0000] {processor.py:183} INFO - Processing /home/airflow/.local/lib/python3.8/site-packages/airflow/example_dags/example_sensors.py took 0.097 seconds
[2024-01-06T02:38:17.455+0000] {processor.py:161} INFO - Started process (PID=42053) to work on /home/airflow/.local/lib/python3.8/site-packages/airflow/example_dags/example_sensors.py
[2024-01-06T02:38:17.458+0000] {processor.py:830} INFO - Processing file /home/airflow/.local/lib/python3.8/site-packages/airflow/example_dags/example_sensors.py for tasks to queue
[2024-01-06T02:38:17.460+0000] {logging_mixin.py:188} INFO - [2024-01-06T02:38:17.460+0000] {dagbag.py:538} INFO - Filling up the DagBag from /home/airflow/.local/lib/python3.8/site-packages/airflow/example_dags/example_sensors.py
[2024-01-06T02:38:17.468+0000] {processor.py:840} INFO - DAG(s) 'example_sensors' retrieved from /home/airflow/.local/lib/python3.8/site-packages/airflow/example_dags/example_sensors.py
[2024-01-06T02:38:17.495+0000] {logging_mixin.py:188} INFO - [2024-01-06T02:38:17.495+0000] {dag.py:3033} INFO - Sync 1 DAGs
[2024-01-06T02:38:17.507+0000] {logging_mixin.py:188} INFO - [2024-01-06T02:38:17.507+0000] {dag.py:3820} INFO - Setting next_dagrun for example_sensors to None, run_after=None
[2024-01-06T02:38:17.528+0000] {processor.py:183} INFO - Processing /home/airflow/.local/lib/python3.8/site-packages/airflow/example_dags/example_sensors.py took 0.076 seconds
[2024-01-06T02:38:47.774+0000] {processor.py:161} INFO - Started process (PID=42111) to work on /home/airflow/.local/lib/python3.8/site-packages/airflow/example_dags/example_sensors.py
[2024-01-06T02:38:47.776+0000] {processor.py:830} INFO - Processing file /home/airflow/.local/lib/python3.8/site-packages/airflow/example_dags/example_sensors.py for tasks to queue
[2024-01-06T02:38:47.779+0000] {logging_mixin.py:188} INFO - [2024-01-06T02:38:47.779+0000] {dagbag.py:538} INFO - Filling up the DagBag from /home/airflow/.local/lib/python3.8/site-packages/airflow/example_dags/example_sensors.py
[2024-01-06T02:38:47.788+0000] {processor.py:840} INFO - DAG(s) 'example_sensors' retrieved from /home/airflow/.local/lib/python3.8/site-packages/airflow/example_dags/example_sensors.py
[2024-01-06T02:38:47.807+0000] {logging_mixin.py:188} INFO - [2024-01-06T02:38:47.807+0000] {dag.py:3033} INFO - Sync 1 DAGs
[2024-01-06T02:38:47.816+0000] {logging_mixin.py:188} INFO - [2024-01-06T02:38:47.816+0000] {dag.py:3820} INFO - Setting next_dagrun for example_sensors to None, run_after=None
[2024-01-06T02:38:47.828+0000] {processor.py:183} INFO - Processing /home/airflow/.local/lib/python3.8/site-packages/airflow/example_dags/example_sensors.py took 0.057 seconds
[2024-01-06T02:39:18.408+0000] {processor.py:161} INFO - Started process (PID=42168) to work on /home/airflow/.local/lib/python3.8/site-packages/airflow/example_dags/example_sensors.py
[2024-01-06T02:39:18.410+0000] {processor.py:830} INFO - Processing file /home/airflow/.local/lib/python3.8/site-packages/airflow/example_dags/example_sensors.py for tasks to queue
[2024-01-06T02:39:18.413+0000] {logging_mixin.py:188} INFO - [2024-01-06T02:39:18.413+0000] {dagbag.py:538} INFO - Filling up the DagBag from /home/airflow/.local/lib/python3.8/site-packages/airflow/example_dags/example_sensors.py
[2024-01-06T02:39:18.422+0000] {processor.py:840} INFO - DAG(s) 'example_sensors' retrieved from /home/airflow/.local/lib/python3.8/site-packages/airflow/example_dags/example_sensors.py
[2024-01-06T02:39:18.443+0000] {logging_mixin.py:188} INFO - [2024-01-06T02:39:18.442+0000] {dag.py:3033} INFO - Sync 1 DAGs
[2024-01-06T02:39:18.451+0000] {logging_mixin.py:188} INFO - [2024-01-06T02:39:18.450+0000] {dag.py:3820} INFO - Setting next_dagrun for example_sensors to None, run_after=None
[2024-01-06T02:39:18.474+0000] {processor.py:183} INFO - Processing /home/airflow/.local/lib/python3.8/site-packages/airflow/example_dags/example_sensors.py took 0.070 seconds
[2024-01-06T02:39:48.902+0000] {processor.py:161} INFO - Started process (PID=42225) to work on /home/airflow/.local/lib/python3.8/site-packages/airflow/example_dags/example_sensors.py
[2024-01-06T02:39:48.905+0000] {processor.py:830} INFO - Processing file /home/airflow/.local/lib/python3.8/site-packages/airflow/example_dags/example_sensors.py for tasks to queue
[2024-01-06T02:39:48.909+0000] {logging_mixin.py:188} INFO - [2024-01-06T02:39:48.908+0000] {dagbag.py:538} INFO - Filling up the DagBag from /home/airflow/.local/lib/python3.8/site-packages/airflow/example_dags/example_sensors.py
[2024-01-06T02:39:48.914+0000] {processor.py:840} INFO - DAG(s) 'example_sensors' retrieved from /home/airflow/.local/lib/python3.8/site-packages/airflow/example_dags/example_sensors.py
[2024-01-06T02:39:48.932+0000] {logging_mixin.py:188} INFO - [2024-01-06T02:39:48.932+0000] {dag.py:3033} INFO - Sync 1 DAGs
[2024-01-06T02:39:48.939+0000] {logging_mixin.py:188} INFO - [2024-01-06T02:39:48.939+0000] {dag.py:3820} INFO - Setting next_dagrun for example_sensors to None, run_after=None
[2024-01-06T02:39:48.952+0000] {processor.py:183} INFO - Processing /home/airflow/.local/lib/python3.8/site-packages/airflow/example_dags/example_sensors.py took 0.053 seconds
[2024-01-06T02:40:19.032+0000] {processor.py:161} INFO - Started process (PID=42284) to work on /home/airflow/.local/lib/python3.8/site-packages/airflow/example_dags/example_sensors.py
[2024-01-06T02:40:19.034+0000] {processor.py:830} INFO - Processing file /home/airflow/.local/lib/python3.8/site-packages/airflow/example_dags/example_sensors.py for tasks to queue
[2024-01-06T02:40:19.037+0000] {logging_mixin.py:188} INFO - [2024-01-06T02:40:19.037+0000] {dagbag.py:538} INFO - Filling up the DagBag from /home/airflow/.local/lib/python3.8/site-packages/airflow/example_dags/example_sensors.py
[2024-01-06T02:40:19.043+0000] {processor.py:840} INFO - DAG(s) 'example_sensors' retrieved from /home/airflow/.local/lib/python3.8/site-packages/airflow/example_dags/example_sensors.py
[2024-01-06T02:40:19.061+0000] {logging_mixin.py:188} INFO - [2024-01-06T02:40:19.061+0000] {dag.py:3033} INFO - Sync 1 DAGs
[2024-01-06T02:40:19.070+0000] {logging_mixin.py:188} INFO - [2024-01-06T02:40:19.070+0000] {dag.py:3820} INFO - Setting next_dagrun for example_sensors to None, run_after=None
[2024-01-06T02:40:19.083+0000] {processor.py:183} INFO - Processing /home/airflow/.local/lib/python3.8/site-packages/airflow/example_dags/example_sensors.py took 0.054 seconds
[2024-01-06T02:40:57.568+0000] {processor.py:161} INFO - Started process (PID=42349) to work on /home/airflow/.local/lib/python3.8/site-packages/airflow/example_dags/example_sensors.py
[2024-01-06T02:40:57.695+0000] {processor.py:830} INFO - Processing file /home/airflow/.local/lib/python3.8/site-packages/airflow/example_dags/example_sensors.py for tasks to queue
[2024-01-06T02:40:57.873+0000] {logging_mixin.py:188} INFO - [2024-01-06T02:40:57.872+0000] {dagbag.py:538} INFO - Filling up the DagBag from /home/airflow/.local/lib/python3.8/site-packages/airflow/example_dags/example_sensors.py
[2024-01-06T02:40:57.975+0000] {processor.py:840} INFO - DAG(s) 'example_sensors' retrieved from /home/airflow/.local/lib/python3.8/site-packages/airflow/example_dags/example_sensors.py
[2024-01-06T02:40:58.483+0000] {logging_mixin.py:188} INFO - [2024-01-06T02:40:58.470+0000] {dag.py:3033} INFO - Sync 1 DAGs
[2024-01-06T02:40:58.655+0000] {logging_mixin.py:188} INFO - [2024-01-06T02:40:58.654+0000] {dag.py:3820} INFO - Setting next_dagrun for example_sensors to None, run_after=None
[2024-01-06T02:40:58.919+0000] {processor.py:183} INFO - Processing /home/airflow/.local/lib/python3.8/site-packages/airflow/example_dags/example_sensors.py took 1.384 seconds
[2024-01-06T02:41:29.182+0000] {processor.py:161} INFO - Started process (PID=42407) to work on /home/airflow/.local/lib/python3.8/site-packages/airflow/example_dags/example_sensors.py
[2024-01-06T02:41:29.184+0000] {processor.py:830} INFO - Processing file /home/airflow/.local/lib/python3.8/site-packages/airflow/example_dags/example_sensors.py for tasks to queue
[2024-01-06T02:41:29.187+0000] {logging_mixin.py:188} INFO - [2024-01-06T02:41:29.186+0000] {dagbag.py:538} INFO - Filling up the DagBag from /home/airflow/.local/lib/python3.8/site-packages/airflow/example_dags/example_sensors.py
[2024-01-06T02:41:29.194+0000] {processor.py:840} INFO - DAG(s) 'example_sensors' retrieved from /home/airflow/.local/lib/python3.8/site-packages/airflow/example_dags/example_sensors.py
[2024-01-06T02:41:29.216+0000] {logging_mixin.py:188} INFO - [2024-01-06T02:41:29.215+0000] {dag.py:3033} INFO - Sync 1 DAGs
[2024-01-06T02:41:29.230+0000] {logging_mixin.py:188} INFO - [2024-01-06T02:41:29.229+0000] {dag.py:3820} INFO - Setting next_dagrun for example_sensors to None, run_after=None
[2024-01-06T02:41:29.244+0000] {processor.py:183} INFO - Processing /home/airflow/.local/lib/python3.8/site-packages/airflow/example_dags/example_sensors.py took 0.064 seconds
[2024-01-06T02:41:59.911+0000] {processor.py:161} INFO - Started process (PID=42464) to work on /home/airflow/.local/lib/python3.8/site-packages/airflow/example_dags/example_sensors.py
[2024-01-06T02:41:59.913+0000] {processor.py:830} INFO - Processing file /home/airflow/.local/lib/python3.8/site-packages/airflow/example_dags/example_sensors.py for tasks to queue
[2024-01-06T02:41:59.915+0000] {logging_mixin.py:188} INFO - [2024-01-06T02:41:59.915+0000] {dagbag.py:538} INFO - Filling up the DagBag from /home/airflow/.local/lib/python3.8/site-packages/airflow/example_dags/example_sensors.py
[2024-01-06T02:41:59.992+0000] {processor.py:840} INFO - DAG(s) 'example_sensors' retrieved from /home/airflow/.local/lib/python3.8/site-packages/airflow/example_dags/example_sensors.py
[2024-01-06T02:42:00.206+0000] {logging_mixin.py:188} INFO - [2024-01-06T02:42:00.205+0000] {dag.py:3033} INFO - Sync 1 DAGs
[2024-01-06T02:42:00.255+0000] {logging_mixin.py:188} INFO - [2024-01-06T02:42:00.254+0000] {dag.py:3820} INFO - Setting next_dagrun for example_sensors to None, run_after=None
[2024-01-06T02:42:00.323+0000] {processor.py:183} INFO - Processing /home/airflow/.local/lib/python3.8/site-packages/airflow/example_dags/example_sensors.py took 0.415 seconds
[2024-01-06T02:42:30.487+0000] {processor.py:161} INFO - Started process (PID=42522) to work on /home/airflow/.local/lib/python3.8/site-packages/airflow/example_dags/example_sensors.py
[2024-01-06T02:42:30.490+0000] {processor.py:830} INFO - Processing file /home/airflow/.local/lib/python3.8/site-packages/airflow/example_dags/example_sensors.py for tasks to queue
[2024-01-06T02:42:30.494+0000] {logging_mixin.py:188} INFO - [2024-01-06T02:42:30.493+0000] {dagbag.py:538} INFO - Filling up the DagBag from /home/airflow/.local/lib/python3.8/site-packages/airflow/example_dags/example_sensors.py
[2024-01-06T02:42:30.504+0000] {processor.py:840} INFO - DAG(s) 'example_sensors' retrieved from /home/airflow/.local/lib/python3.8/site-packages/airflow/example_dags/example_sensors.py
[2024-01-06T02:42:30.531+0000] {logging_mixin.py:188} INFO - [2024-01-06T02:42:30.531+0000] {dag.py:3033} INFO - Sync 1 DAGs
[2024-01-06T02:42:30.541+0000] {logging_mixin.py:188} INFO - [2024-01-06T02:42:30.541+0000] {dag.py:3820} INFO - Setting next_dagrun for example_sensors to None, run_after=None
[2024-01-06T02:42:30.558+0000] {processor.py:183} INFO - Processing /home/airflow/.local/lib/python3.8/site-packages/airflow/example_dags/example_sensors.py took 0.075 seconds
[2024-01-06T02:43:00.758+0000] {processor.py:161} INFO - Started process (PID=42580) to work on /home/airflow/.local/lib/python3.8/site-packages/airflow/example_dags/example_sensors.py
[2024-01-06T02:43:00.759+0000] {processor.py:830} INFO - Processing file /home/airflow/.local/lib/python3.8/site-packages/airflow/example_dags/example_sensors.py for tasks to queue
[2024-01-06T02:43:00.762+0000] {logging_mixin.py:188} INFO - [2024-01-06T02:43:00.762+0000] {dagbag.py:538} INFO - Filling up the DagBag from /home/airflow/.local/lib/python3.8/site-packages/airflow/example_dags/example_sensors.py
[2024-01-06T02:43:00.769+0000] {processor.py:840} INFO - DAG(s) 'example_sensors' retrieved from /home/airflow/.local/lib/python3.8/site-packages/airflow/example_dags/example_sensors.py
[2024-01-06T02:43:00.787+0000] {logging_mixin.py:188} INFO - [2024-01-06T02:43:00.786+0000] {dag.py:3033} INFO - Sync 1 DAGs
[2024-01-06T02:43:00.795+0000] {logging_mixin.py:188} INFO - [2024-01-06T02:43:00.794+0000] {dag.py:3820} INFO - Setting next_dagrun for example_sensors to None, run_after=None
[2024-01-06T02:43:00.839+0000] {processor.py:183} INFO - Processing /home/airflow/.local/lib/python3.8/site-packages/airflow/example_dags/example_sensors.py took 0.084 seconds
[2024-01-06T02:43:31.209+0000] {processor.py:161} INFO - Started process (PID=42638) to work on /home/airflow/.local/lib/python3.8/site-packages/airflow/example_dags/example_sensors.py
[2024-01-06T02:43:31.210+0000] {processor.py:830} INFO - Processing file /home/airflow/.local/lib/python3.8/site-packages/airflow/example_dags/example_sensors.py for tasks to queue
[2024-01-06T02:43:31.212+0000] {logging_mixin.py:188} INFO - [2024-01-06T02:43:31.212+0000] {dagbag.py:538} INFO - Filling up the DagBag from /home/airflow/.local/lib/python3.8/site-packages/airflow/example_dags/example_sensors.py
[2024-01-06T02:43:31.221+0000] {processor.py:840} INFO - DAG(s) 'example_sensors' retrieved from /home/airflow/.local/lib/python3.8/site-packages/airflow/example_dags/example_sensors.py
[2024-01-06T02:43:31.239+0000] {logging_mixin.py:188} INFO - [2024-01-06T02:43:31.239+0000] {dag.py:3033} INFO - Sync 1 DAGs
[2024-01-06T02:43:31.246+0000] {logging_mixin.py:188} INFO - [2024-01-06T02:43:31.246+0000] {dag.py:3820} INFO - Setting next_dagrun for example_sensors to None, run_after=None
[2024-01-06T02:43:31.259+0000] {processor.py:183} INFO - Processing /home/airflow/.local/lib/python3.8/site-packages/airflow/example_dags/example_sensors.py took 0.053 seconds
[2024-01-06T02:44:01.519+0000] {processor.py:161} INFO - Started process (PID=42696) to work on /home/airflow/.local/lib/python3.8/site-packages/airflow/example_dags/example_sensors.py
[2024-01-06T02:44:01.521+0000] {processor.py:830} INFO - Processing file /home/airflow/.local/lib/python3.8/site-packages/airflow/example_dags/example_sensors.py for tasks to queue
[2024-01-06T02:44:01.523+0000] {logging_mixin.py:188} INFO - [2024-01-06T02:44:01.523+0000] {dagbag.py:538} INFO - Filling up the DagBag from /home/airflow/.local/lib/python3.8/site-packages/airflow/example_dags/example_sensors.py
[2024-01-06T02:44:01.530+0000] {processor.py:840} INFO - DAG(s) 'example_sensors' retrieved from /home/airflow/.local/lib/python3.8/site-packages/airflow/example_dags/example_sensors.py
[2024-01-06T02:44:01.549+0000] {logging_mixin.py:188} INFO - [2024-01-06T02:44:01.549+0000] {dag.py:3033} INFO - Sync 1 DAGs
[2024-01-06T02:44:01.557+0000] {logging_mixin.py:188} INFO - [2024-01-06T02:44:01.557+0000] {dag.py:3820} INFO - Setting next_dagrun for example_sensors to None, run_after=None
[2024-01-06T02:44:01.569+0000] {processor.py:183} INFO - Processing /home/airflow/.local/lib/python3.8/site-packages/airflow/example_dags/example_sensors.py took 0.052 seconds
[2024-01-06T02:44:31.682+0000] {processor.py:161} INFO - Started process (PID=42754) to work on /home/airflow/.local/lib/python3.8/site-packages/airflow/example_dags/example_sensors.py
[2024-01-06T02:44:31.683+0000] {processor.py:830} INFO - Processing file /home/airflow/.local/lib/python3.8/site-packages/airflow/example_dags/example_sensors.py for tasks to queue
[2024-01-06T02:44:31.686+0000] {logging_mixin.py:188} INFO - [2024-01-06T02:44:31.685+0000] {dagbag.py:538} INFO - Filling up the DagBag from /home/airflow/.local/lib/python3.8/site-packages/airflow/example_dags/example_sensors.py
[2024-01-06T02:44:31.694+0000] {processor.py:840} INFO - DAG(s) 'example_sensors' retrieved from /home/airflow/.local/lib/python3.8/site-packages/airflow/example_dags/example_sensors.py
[2024-01-06T02:44:31.711+0000] {logging_mixin.py:188} INFO - [2024-01-06T02:44:31.711+0000] {dag.py:3033} INFO - Sync 1 DAGs
[2024-01-06T02:44:31.718+0000] {logging_mixin.py:188} INFO - [2024-01-06T02:44:31.718+0000] {dag.py:3820} INFO - Setting next_dagrun for example_sensors to None, run_after=None
[2024-01-06T02:44:31.731+0000] {processor.py:183} INFO - Processing /home/airflow/.local/lib/python3.8/site-packages/airflow/example_dags/example_sensors.py took 0.052 seconds
[2024-01-06T02:45:02.028+0000] {processor.py:161} INFO - Started process (PID=42812) to work on /home/airflow/.local/lib/python3.8/site-packages/airflow/example_dags/example_sensors.py
[2024-01-06T02:45:02.030+0000] {processor.py:830} INFO - Processing file /home/airflow/.local/lib/python3.8/site-packages/airflow/example_dags/example_sensors.py for tasks to queue
[2024-01-06T02:45:02.033+0000] {logging_mixin.py:188} INFO - [2024-01-06T02:45:02.033+0000] {dagbag.py:538} INFO - Filling up the DagBag from /home/airflow/.local/lib/python3.8/site-packages/airflow/example_dags/example_sensors.py
[2024-01-06T02:45:02.041+0000] {processor.py:840} INFO - DAG(s) 'example_sensors' retrieved from /home/airflow/.local/lib/python3.8/site-packages/airflow/example_dags/example_sensors.py
[2024-01-06T02:45:02.059+0000] {logging_mixin.py:188} INFO - [2024-01-06T02:45:02.059+0000] {dag.py:3033} INFO - Sync 1 DAGs
[2024-01-06T02:45:02.067+0000] {logging_mixin.py:188} INFO - [2024-01-06T02:45:02.067+0000] {dag.py:3820} INFO - Setting next_dagrun for example_sensors to None, run_after=None
[2024-01-06T02:45:02.082+0000] {processor.py:183} INFO - Processing /home/airflow/.local/lib/python3.8/site-packages/airflow/example_dags/example_sensors.py took 0.056 seconds
[2024-01-06T02:45:32.112+0000] {processor.py:161} INFO - Started process (PID=42870) to work on /home/airflow/.local/lib/python3.8/site-packages/airflow/example_dags/example_sensors.py
[2024-01-06T02:45:32.114+0000] {processor.py:830} INFO - Processing file /home/airflow/.local/lib/python3.8/site-packages/airflow/example_dags/example_sensors.py for tasks to queue
[2024-01-06T02:45:32.116+0000] {logging_mixin.py:188} INFO - [2024-01-06T02:45:32.116+0000] {dagbag.py:538} INFO - Filling up the DagBag from /home/airflow/.local/lib/python3.8/site-packages/airflow/example_dags/example_sensors.py
[2024-01-06T02:45:32.121+0000] {processor.py:840} INFO - DAG(s) 'example_sensors' retrieved from /home/airflow/.local/lib/python3.8/site-packages/airflow/example_dags/example_sensors.py
[2024-01-06T02:45:32.138+0000] {logging_mixin.py:188} INFO - [2024-01-06T02:45:32.138+0000] {dag.py:3033} INFO - Sync 1 DAGs
[2024-01-06T02:45:32.145+0000] {logging_mixin.py:188} INFO - [2024-01-06T02:45:32.145+0000] {dag.py:3820} INFO - Setting next_dagrun for example_sensors to None, run_after=None
[2024-01-06T02:45:32.158+0000] {processor.py:183} INFO - Processing /home/airflow/.local/lib/python3.8/site-packages/airflow/example_dags/example_sensors.py took 0.048 seconds
[2024-01-06T02:46:02.357+0000] {processor.py:161} INFO - Started process (PID=42928) to work on /home/airflow/.local/lib/python3.8/site-packages/airflow/example_dags/example_sensors.py
[2024-01-06T02:46:02.359+0000] {processor.py:830} INFO - Processing file /home/airflow/.local/lib/python3.8/site-packages/airflow/example_dags/example_sensors.py for tasks to queue
[2024-01-06T02:46:02.362+0000] {logging_mixin.py:188} INFO - [2024-01-06T02:46:02.362+0000] {dagbag.py:538} INFO - Filling up the DagBag from /home/airflow/.local/lib/python3.8/site-packages/airflow/example_dags/example_sensors.py
[2024-01-06T02:46:02.368+0000] {processor.py:840} INFO - DAG(s) 'example_sensors' retrieved from /home/airflow/.local/lib/python3.8/site-packages/airflow/example_dags/example_sensors.py
[2024-01-06T02:46:02.387+0000] {logging_mixin.py:188} INFO - [2024-01-06T02:46:02.387+0000] {dag.py:3033} INFO - Sync 1 DAGs
[2024-01-06T02:46:02.396+0000] {logging_mixin.py:188} INFO - [2024-01-06T02:46:02.395+0000] {dag.py:3820} INFO - Setting next_dagrun for example_sensors to None, run_after=None
[2024-01-06T02:46:02.421+0000] {processor.py:183} INFO - Processing /home/airflow/.local/lib/python3.8/site-packages/airflow/example_dags/example_sensors.py took 0.067 seconds
[2024-01-06T02:46:32.955+0000] {processor.py:161} INFO - Started process (PID=42986) to work on /home/airflow/.local/lib/python3.8/site-packages/airflow/example_dags/example_sensors.py
[2024-01-06T02:46:32.957+0000] {processor.py:830} INFO - Processing file /home/airflow/.local/lib/python3.8/site-packages/airflow/example_dags/example_sensors.py for tasks to queue
[2024-01-06T02:46:32.959+0000] {logging_mixin.py:188} INFO - [2024-01-06T02:46:32.959+0000] {dagbag.py:538} INFO - Filling up the DagBag from /home/airflow/.local/lib/python3.8/site-packages/airflow/example_dags/example_sensors.py
[2024-01-06T02:46:32.966+0000] {processor.py:840} INFO - DAG(s) 'example_sensors' retrieved from /home/airflow/.local/lib/python3.8/site-packages/airflow/example_dags/example_sensors.py
[2024-01-06T02:46:32.983+0000] {logging_mixin.py:188} INFO - [2024-01-06T02:46:32.983+0000] {dag.py:3033} INFO - Sync 1 DAGs
[2024-01-06T02:46:32.991+0000] {logging_mixin.py:188} INFO - [2024-01-06T02:46:32.991+0000] {dag.py:3820} INFO - Setting next_dagrun for example_sensors to None, run_after=None
[2024-01-06T02:46:33.004+0000] {processor.py:183} INFO - Processing /home/airflow/.local/lib/python3.8/site-packages/airflow/example_dags/example_sensors.py took 0.051 seconds
[2024-01-06T02:47:03.187+0000] {processor.py:161} INFO - Started process (PID=43044) to work on /home/airflow/.local/lib/python3.8/site-packages/airflow/example_dags/example_sensors.py
[2024-01-06T02:47:03.189+0000] {processor.py:830} INFO - Processing file /home/airflow/.local/lib/python3.8/site-packages/airflow/example_dags/example_sensors.py for tasks to queue
[2024-01-06T02:47:03.191+0000] {logging_mixin.py:188} INFO - [2024-01-06T02:47:03.191+0000] {dagbag.py:538} INFO - Filling up the DagBag from /home/airflow/.local/lib/python3.8/site-packages/airflow/example_dags/example_sensors.py
[2024-01-06T02:47:03.197+0000] {processor.py:840} INFO - DAG(s) 'example_sensors' retrieved from /home/airflow/.local/lib/python3.8/site-packages/airflow/example_dags/example_sensors.py
[2024-01-06T02:47:03.215+0000] {logging_mixin.py:188} INFO - [2024-01-06T02:47:03.215+0000] {dag.py:3033} INFO - Sync 1 DAGs
[2024-01-06T02:47:03.221+0000] {logging_mixin.py:188} INFO - [2024-01-06T02:47:03.221+0000] {dag.py:3820} INFO - Setting next_dagrun for example_sensors to None, run_after=None
[2024-01-06T02:47:03.234+0000] {processor.py:183} INFO - Processing /home/airflow/.local/lib/python3.8/site-packages/airflow/example_dags/example_sensors.py took 0.049 seconds
[2024-01-06T02:47:33.819+0000] {processor.py:161} INFO - Started process (PID=43102) to work on /home/airflow/.local/lib/python3.8/site-packages/airflow/example_dags/example_sensors.py
[2024-01-06T02:47:33.820+0000] {processor.py:830} INFO - Processing file /home/airflow/.local/lib/python3.8/site-packages/airflow/example_dags/example_sensors.py for tasks to queue
[2024-01-06T02:47:33.822+0000] {logging_mixin.py:188} INFO - [2024-01-06T02:47:33.822+0000] {dagbag.py:538} INFO - Filling up the DagBag from /home/airflow/.local/lib/python3.8/site-packages/airflow/example_dags/example_sensors.py
[2024-01-06T02:47:33.828+0000] {processor.py:840} INFO - DAG(s) 'example_sensors' retrieved from /home/airflow/.local/lib/python3.8/site-packages/airflow/example_dags/example_sensors.py
[2024-01-06T02:47:33.846+0000] {logging_mixin.py:188} INFO - [2024-01-06T02:47:33.846+0000] {dag.py:3033} INFO - Sync 1 DAGs
[2024-01-06T02:47:33.854+0000] {logging_mixin.py:188} INFO - [2024-01-06T02:47:33.854+0000] {dag.py:3820} INFO - Setting next_dagrun for example_sensors to None, run_after=None
[2024-01-06T02:47:33.865+0000] {processor.py:183} INFO - Processing /home/airflow/.local/lib/python3.8/site-packages/airflow/example_dags/example_sensors.py took 0.049 seconds
[2024-01-06T02:48:03.939+0000] {processor.py:161} INFO - Started process (PID=43160) to work on /home/airflow/.local/lib/python3.8/site-packages/airflow/example_dags/example_sensors.py
[2024-01-06T02:48:03.940+0000] {processor.py:830} INFO - Processing file /home/airflow/.local/lib/python3.8/site-packages/airflow/example_dags/example_sensors.py for tasks to queue
[2024-01-06T02:48:03.942+0000] {logging_mixin.py:188} INFO - [2024-01-06T02:48:03.942+0000] {dagbag.py:538} INFO - Filling up the DagBag from /home/airflow/.local/lib/python3.8/site-packages/airflow/example_dags/example_sensors.py
[2024-01-06T02:48:03.949+0000] {processor.py:840} INFO - DAG(s) 'example_sensors' retrieved from /home/airflow/.local/lib/python3.8/site-packages/airflow/example_dags/example_sensors.py
[2024-01-06T02:48:03.967+0000] {logging_mixin.py:188} INFO - [2024-01-06T02:48:03.967+0000] {dag.py:3033} INFO - Sync 1 DAGs
[2024-01-06T02:48:03.975+0000] {logging_mixin.py:188} INFO - [2024-01-06T02:48:03.975+0000] {dag.py:3820} INFO - Setting next_dagrun for example_sensors to None, run_after=None
[2024-01-06T02:48:03.986+0000] {processor.py:183} INFO - Processing /home/airflow/.local/lib/python3.8/site-packages/airflow/example_dags/example_sensors.py took 0.050 seconds
[2024-01-06T02:48:34.518+0000] {processor.py:161} INFO - Started process (PID=43218) to work on /home/airflow/.local/lib/python3.8/site-packages/airflow/example_dags/example_sensors.py
[2024-01-06T02:48:34.520+0000] {processor.py:830} INFO - Processing file /home/airflow/.local/lib/python3.8/site-packages/airflow/example_dags/example_sensors.py for tasks to queue
[2024-01-06T02:48:34.522+0000] {logging_mixin.py:188} INFO - [2024-01-06T02:48:34.522+0000] {dagbag.py:538} INFO - Filling up the DagBag from /home/airflow/.local/lib/python3.8/site-packages/airflow/example_dags/example_sensors.py
[2024-01-06T02:48:34.531+0000] {processor.py:840} INFO - DAG(s) 'example_sensors' retrieved from /home/airflow/.local/lib/python3.8/site-packages/airflow/example_dags/example_sensors.py
[2024-01-06T02:48:34.551+0000] {logging_mixin.py:188} INFO - [2024-01-06T02:48:34.551+0000] {dag.py:3033} INFO - Sync 1 DAGs
[2024-01-06T02:48:34.565+0000] {logging_mixin.py:188} INFO - [2024-01-06T02:48:34.565+0000] {dag.py:3820} INFO - Setting next_dagrun for example_sensors to None, run_after=None
[2024-01-06T02:48:34.581+0000] {processor.py:183} INFO - Processing /home/airflow/.local/lib/python3.8/site-packages/airflow/example_dags/example_sensors.py took 0.065 seconds
[2024-01-06T02:49:23.007+0000] {processor.py:161} INFO - Started process (PID=43276) to work on /home/airflow/.local/lib/python3.8/site-packages/airflow/example_dags/example_sensors.py
[2024-01-06T02:49:23.010+0000] {processor.py:830} INFO - Processing file /home/airflow/.local/lib/python3.8/site-packages/airflow/example_dags/example_sensors.py for tasks to queue
[2024-01-06T02:49:23.015+0000] {logging_mixin.py:188} INFO - [2024-01-06T02:49:23.014+0000] {dagbag.py:538} INFO - Filling up the DagBag from /home/airflow/.local/lib/python3.8/site-packages/airflow/example_dags/example_sensors.py
[2024-01-06T02:49:23.036+0000] {processor.py:840} INFO - DAG(s) 'example_sensors' retrieved from /home/airflow/.local/lib/python3.8/site-packages/airflow/example_dags/example_sensors.py
[2024-01-06T02:49:23.099+0000] {logging_mixin.py:188} INFO - [2024-01-06T02:49:23.098+0000] {dag.py:3033} INFO - Sync 1 DAGs
[2024-01-06T02:49:23.122+0000] {logging_mixin.py:188} INFO - [2024-01-06T02:49:23.122+0000] {dag.py:3820} INFO - Setting next_dagrun for example_sensors to None, run_after=None
[2024-01-06T02:49:23.153+0000] {processor.py:183} INFO - Processing /home/airflow/.local/lib/python3.8/site-packages/airflow/example_dags/example_sensors.py took 0.150 seconds
[2024-01-06T02:49:53.849+0000] {processor.py:161} INFO - Started process (PID=43332) to work on /home/airflow/.local/lib/python3.8/site-packages/airflow/example_dags/example_sensors.py
[2024-01-06T02:49:53.893+0000] {processor.py:830} INFO - Processing file /home/airflow/.local/lib/python3.8/site-packages/airflow/example_dags/example_sensors.py for tasks to queue
[2024-01-06T02:49:53.943+0000] {logging_mixin.py:188} INFO - [2024-01-06T02:49:53.942+0000] {dagbag.py:538} INFO - Filling up the DagBag from /home/airflow/.local/lib/python3.8/site-packages/airflow/example_dags/example_sensors.py
[2024-01-06T02:49:54.420+0000] {processor.py:840} INFO - DAG(s) 'example_sensors' retrieved from /home/airflow/.local/lib/python3.8/site-packages/airflow/example_dags/example_sensors.py
[2024-01-06T02:49:54.705+0000] {logging_mixin.py:188} INFO - [2024-01-06T02:49:54.704+0000] {dag.py:3033} INFO - Sync 1 DAGs
[2024-01-06T02:49:54.765+0000] {logging_mixin.py:188} INFO - [2024-01-06T02:49:54.765+0000] {dag.py:3820} INFO - Setting next_dagrun for example_sensors to None, run_after=None
[2024-01-06T02:49:54.816+0000] {processor.py:183} INFO - Processing /home/airflow/.local/lib/python3.8/site-packages/airflow/example_dags/example_sensors.py took 0.977 seconds
[2024-01-06T02:50:25.513+0000] {processor.py:161} INFO - Started process (PID=43390) to work on /home/airflow/.local/lib/python3.8/site-packages/airflow/example_dags/example_sensors.py
[2024-01-06T02:50:25.516+0000] {processor.py:830} INFO - Processing file /home/airflow/.local/lib/python3.8/site-packages/airflow/example_dags/example_sensors.py for tasks to queue
[2024-01-06T02:50:25.520+0000] {logging_mixin.py:188} INFO - [2024-01-06T02:50:25.519+0000] {dagbag.py:538} INFO - Filling up the DagBag from /home/airflow/.local/lib/python3.8/site-packages/airflow/example_dags/example_sensors.py
[2024-01-06T02:50:25.529+0000] {processor.py:840} INFO - DAG(s) 'example_sensors' retrieved from /home/airflow/.local/lib/python3.8/site-packages/airflow/example_dags/example_sensors.py
[2024-01-06T02:50:25.550+0000] {logging_mixin.py:188} INFO - [2024-01-06T02:50:25.550+0000] {dag.py:3033} INFO - Sync 1 DAGs
[2024-01-06T02:50:25.559+0000] {logging_mixin.py:188} INFO - [2024-01-06T02:50:25.559+0000] {dag.py:3820} INFO - Setting next_dagrun for example_sensors to None, run_after=None
[2024-01-06T02:50:25.570+0000] {processor.py:183} INFO - Processing /home/airflow/.local/lib/python3.8/site-packages/airflow/example_dags/example_sensors.py took 0.060 seconds
[2024-01-06T02:50:56.480+0000] {processor.py:161} INFO - Started process (PID=43450) to work on /home/airflow/.local/lib/python3.8/site-packages/airflow/example_dags/example_sensors.py
[2024-01-06T02:50:56.481+0000] {processor.py:830} INFO - Processing file /home/airflow/.local/lib/python3.8/site-packages/airflow/example_dags/example_sensors.py for tasks to queue
[2024-01-06T02:50:56.484+0000] {logging_mixin.py:188} INFO - [2024-01-06T02:50:56.484+0000] {dagbag.py:538} INFO - Filling up the DagBag from /home/airflow/.local/lib/python3.8/site-packages/airflow/example_dags/example_sensors.py
[2024-01-06T02:50:56.490+0000] {processor.py:840} INFO - DAG(s) 'example_sensors' retrieved from /home/airflow/.local/lib/python3.8/site-packages/airflow/example_dags/example_sensors.py
[2024-01-06T02:50:56.508+0000] {logging_mixin.py:188} INFO - [2024-01-06T02:50:56.508+0000] {dag.py:3033} INFO - Sync 1 DAGs
[2024-01-06T02:50:56.520+0000] {logging_mixin.py:188} INFO - [2024-01-06T02:50:56.520+0000] {dag.py:3820} INFO - Setting next_dagrun for example_sensors to None, run_after=None
[2024-01-06T02:50:56.534+0000] {processor.py:183} INFO - Processing /home/airflow/.local/lib/python3.8/site-packages/airflow/example_dags/example_sensors.py took 0.058 seconds
