[2024-01-06T01:20:16.949+0000] {processor.py:161} INFO - Started process (PID=39391) to work on /home/airflow/.local/lib/python3.8/site-packages/airflow/example_dags/example_params_ui_tutorial.py
[2024-01-06T01:20:16.951+0000] {processor.py:830} INFO - Processing file /home/airflow/.local/lib/python3.8/site-packages/airflow/example_dags/example_params_ui_tutorial.py for tasks to queue
[2024-01-06T01:20:16.953+0000] {logging_mixin.py:188} INFO - [2024-01-06T01:20:16.953+0000] {dagbag.py:538} INFO - Filling up the DagBag from /home/airflow/.local/lib/python3.8/site-packages/airflow/example_dags/example_params_ui_tutorial.py
[2024-01-06T01:20:16.962+0000] {processor.py:840} INFO - DAG(s) 'example_params_ui_tutorial' retrieved from /home/airflow/.local/lib/python3.8/site-packages/airflow/example_dags/example_params_ui_tutorial.py
[2024-01-06T01:20:17.051+0000] {logging_mixin.py:188} INFO - [2024-01-06T01:20:17.051+0000] {dag.py:3033} INFO - Sync 1 DAGs
[2024-01-06T01:20:17.059+0000] {logging_mixin.py:188} INFO - [2024-01-06T01:20:17.058+0000] {dag.py:3820} INFO - Setting next_dagrun for example_params_ui_tutorial to None, run_after=None
[2024-01-06T01:20:17.074+0000] {processor.py:183} INFO - Processing /home/airflow/.local/lib/python3.8/site-packages/airflow/example_dags/example_params_ui_tutorial.py took 0.127 seconds
[2024-01-06T01:47:36.049+0000] {processor.py:161} INFO - Started process (PID=39449) to work on /home/airflow/.local/lib/python3.8/site-packages/airflow/example_dags/example_params_ui_tutorial.py
[2024-01-06T01:47:36.050+0000] {processor.py:830} INFO - Processing file /home/airflow/.local/lib/python3.8/site-packages/airflow/example_dags/example_params_ui_tutorial.py for tasks to queue
[2024-01-06T01:47:36.052+0000] {logging_mixin.py:188} INFO - [2024-01-06T01:47:36.052+0000] {dagbag.py:538} INFO - Filling up the DagBag from /home/airflow/.local/lib/python3.8/site-packages/airflow/example_dags/example_params_ui_tutorial.py
[2024-01-06T01:47:36.061+0000] {processor.py:840} INFO - DAG(s) 'example_params_ui_tutorial' retrieved from /home/airflow/.local/lib/python3.8/site-packages/airflow/example_dags/example_params_ui_tutorial.py
[2024-01-06T01:47:36.096+0000] {logging_mixin.py:188} INFO - [2024-01-06T01:47:36.096+0000] {dag.py:3033} INFO - Sync 1 DAGs
[2024-01-06T01:47:36.105+0000] {logging_mixin.py:188} INFO - [2024-01-06T01:47:36.105+0000] {dag.py:3820} INFO - Setting next_dagrun for example_params_ui_tutorial to None, run_after=None
[2024-01-06T01:47:36.119+0000] {processor.py:183} INFO - Processing /home/airflow/.local/lib/python3.8/site-packages/airflow/example_dags/example_params_ui_tutorial.py took 0.072 seconds
[2024-01-06T01:48:06.735+0000] {processor.py:161} INFO - Started process (PID=39507) to work on /home/airflow/.local/lib/python3.8/site-packages/airflow/example_dags/example_params_ui_tutorial.py
[2024-01-06T01:48:06.737+0000] {processor.py:830} INFO - Processing file /home/airflow/.local/lib/python3.8/site-packages/airflow/example_dags/example_params_ui_tutorial.py for tasks to queue
[2024-01-06T01:48:06.739+0000] {logging_mixin.py:188} INFO - [2024-01-06T01:48:06.739+0000] {dagbag.py:538} INFO - Filling up the DagBag from /home/airflow/.local/lib/python3.8/site-packages/airflow/example_dags/example_params_ui_tutorial.py
[2024-01-06T01:48:06.747+0000] {processor.py:840} INFO - DAG(s) 'example_params_ui_tutorial' retrieved from /home/airflow/.local/lib/python3.8/site-packages/airflow/example_dags/example_params_ui_tutorial.py
[2024-01-06T01:48:06.781+0000] {logging_mixin.py:188} INFO - [2024-01-06T01:48:06.781+0000] {dag.py:3033} INFO - Sync 1 DAGs
[2024-01-06T01:48:06.789+0000] {logging_mixin.py:188} INFO - [2024-01-06T01:48:06.789+0000] {dag.py:3820} INFO - Setting next_dagrun for example_params_ui_tutorial to None, run_after=None
[2024-01-06T01:48:06.801+0000] {processor.py:183} INFO - Processing /home/airflow/.local/lib/python3.8/site-packages/airflow/example_dags/example_params_ui_tutorial.py took 0.068 seconds
[2024-01-06T02:05:27.993+0000] {processor.py:161} INFO - Started process (PID=39565) to work on /home/airflow/.local/lib/python3.8/site-packages/airflow/example_dags/example_params_ui_tutorial.py
[2024-01-06T02:05:27.995+0000] {processor.py:830} INFO - Processing file /home/airflow/.local/lib/python3.8/site-packages/airflow/example_dags/example_params_ui_tutorial.py for tasks to queue
[2024-01-06T02:05:27.997+0000] {logging_mixin.py:188} INFO - [2024-01-06T02:05:27.997+0000] {dagbag.py:538} INFO - Filling up the DagBag from /home/airflow/.local/lib/python3.8/site-packages/airflow/example_dags/example_params_ui_tutorial.py
[2024-01-06T02:05:28.005+0000] {processor.py:840} INFO - DAG(s) 'example_params_ui_tutorial' retrieved from /home/airflow/.local/lib/python3.8/site-packages/airflow/example_dags/example_params_ui_tutorial.py
[2024-01-06T02:05:28.039+0000] {logging_mixin.py:188} INFO - [2024-01-06T02:05:28.039+0000] {dag.py:3033} INFO - Sync 1 DAGs
[2024-01-06T02:05:28.047+0000] {logging_mixin.py:188} INFO - [2024-01-06T02:05:28.047+0000] {dag.py:3820} INFO - Setting next_dagrun for example_params_ui_tutorial to None, run_after=None
[2024-01-06T02:05:28.060+0000] {processor.py:183} INFO - Processing /home/airflow/.local/lib/python3.8/site-packages/airflow/example_dags/example_params_ui_tutorial.py took 0.070 seconds
[2024-01-06T02:16:27.752+0000] {processor.py:161} INFO - Started process (PID=39623) to work on /home/airflow/.local/lib/python3.8/site-packages/airflow/example_dags/example_params_ui_tutorial.py
[2024-01-06T02:16:27.753+0000] {processor.py:830} INFO - Processing file /home/airflow/.local/lib/python3.8/site-packages/airflow/example_dags/example_params_ui_tutorial.py for tasks to queue
[2024-01-06T02:16:27.755+0000] {logging_mixin.py:188} INFO - [2024-01-06T02:16:27.755+0000] {dagbag.py:538} INFO - Filling up the DagBag from /home/airflow/.local/lib/python3.8/site-packages/airflow/example_dags/example_params_ui_tutorial.py
[2024-01-06T02:16:27.764+0000] {processor.py:840} INFO - DAG(s) 'example_params_ui_tutorial' retrieved from /home/airflow/.local/lib/python3.8/site-packages/airflow/example_dags/example_params_ui_tutorial.py
[2024-01-06T02:16:27.800+0000] {logging_mixin.py:188} INFO - [2024-01-06T02:16:27.800+0000] {dag.py:3033} INFO - Sync 1 DAGs
[2024-01-06T02:16:27.811+0000] {logging_mixin.py:188} INFO - [2024-01-06T02:16:27.811+0000] {dag.py:3820} INFO - Setting next_dagrun for example_params_ui_tutorial to None, run_after=None
[2024-01-06T02:16:27.823+0000] {processor.py:183} INFO - Processing /home/airflow/.local/lib/python3.8/site-packages/airflow/example_dags/example_params_ui_tutorial.py took 0.074 seconds
[2024-01-06T02:17:13.556+0000] {processor.py:161} INFO - Started process (PID=39681) to work on /home/airflow/.local/lib/python3.8/site-packages/airflow/example_dags/example_params_ui_tutorial.py
[2024-01-06T02:17:13.560+0000] {processor.py:830} INFO - Processing file /home/airflow/.local/lib/python3.8/site-packages/airflow/example_dags/example_params_ui_tutorial.py for tasks to queue
[2024-01-06T02:17:13.563+0000] {logging_mixin.py:188} INFO - [2024-01-06T02:17:13.563+0000] {dagbag.py:538} INFO - Filling up the DagBag from /home/airflow/.local/lib/python3.8/site-packages/airflow/example_dags/example_params_ui_tutorial.py
[2024-01-06T02:17:13.584+0000] {processor.py:840} INFO - DAG(s) 'example_params_ui_tutorial' retrieved from /home/airflow/.local/lib/python3.8/site-packages/airflow/example_dags/example_params_ui_tutorial.py
[2024-01-06T02:17:13.644+0000] {logging_mixin.py:188} INFO - [2024-01-06T02:17:13.644+0000] {dag.py:3033} INFO - Sync 1 DAGs
[2024-01-06T02:17:13.664+0000] {logging_mixin.py:188} INFO - [2024-01-06T02:17:13.663+0000] {dag.py:3820} INFO - Setting next_dagrun for example_params_ui_tutorial to None, run_after=None
[2024-01-06T02:17:13.696+0000] {processor.py:183} INFO - Processing /home/airflow/.local/lib/python3.8/site-packages/airflow/example_dags/example_params_ui_tutorial.py took 0.145 seconds
[2024-01-06T02:17:44.500+0000] {processor.py:161} INFO - Started process (PID=39739) to work on /home/airflow/.local/lib/python3.8/site-packages/airflow/example_dags/example_params_ui_tutorial.py
[2024-01-06T02:17:44.503+0000] {processor.py:830} INFO - Processing file /home/airflow/.local/lib/python3.8/site-packages/airflow/example_dags/example_params_ui_tutorial.py for tasks to queue
[2024-01-06T02:17:44.505+0000] {logging_mixin.py:188} INFO - [2024-01-06T02:17:44.505+0000] {dagbag.py:538} INFO - Filling up the DagBag from /home/airflow/.local/lib/python3.8/site-packages/airflow/example_dags/example_params_ui_tutorial.py
[2024-01-06T02:17:44.513+0000] {processor.py:840} INFO - DAG(s) 'example_params_ui_tutorial' retrieved from /home/airflow/.local/lib/python3.8/site-packages/airflow/example_dags/example_params_ui_tutorial.py
[2024-01-06T02:17:44.547+0000] {logging_mixin.py:188} INFO - [2024-01-06T02:17:44.547+0000] {dag.py:3033} INFO - Sync 1 DAGs
[2024-01-06T02:17:44.555+0000] {logging_mixin.py:188} INFO - [2024-01-06T02:17:44.555+0000] {dag.py:3820} INFO - Setting next_dagrun for example_params_ui_tutorial to None, run_after=None
[2024-01-06T02:17:44.568+0000] {processor.py:183} INFO - Processing /home/airflow/.local/lib/python3.8/site-packages/airflow/example_dags/example_params_ui_tutorial.py took 0.070 seconds
[2024-01-06T02:18:14.857+0000] {processor.py:161} INFO - Started process (PID=39797) to work on /home/airflow/.local/lib/python3.8/site-packages/airflow/example_dags/example_params_ui_tutorial.py
[2024-01-06T02:18:14.859+0000] {processor.py:830} INFO - Processing file /home/airflow/.local/lib/python3.8/site-packages/airflow/example_dags/example_params_ui_tutorial.py for tasks to queue
[2024-01-06T02:18:14.861+0000] {logging_mixin.py:188} INFO - [2024-01-06T02:18:14.861+0000] {dagbag.py:538} INFO - Filling up the DagBag from /home/airflow/.local/lib/python3.8/site-packages/airflow/example_dags/example_params_ui_tutorial.py
[2024-01-06T02:18:14.870+0000] {processor.py:840} INFO - DAG(s) 'example_params_ui_tutorial' retrieved from /home/airflow/.local/lib/python3.8/site-packages/airflow/example_dags/example_params_ui_tutorial.py
[2024-01-06T02:18:14.920+0000] {logging_mixin.py:188} INFO - [2024-01-06T02:18:14.920+0000] {dag.py:3033} INFO - Sync 1 DAGs
[2024-01-06T02:18:14.928+0000] {logging_mixin.py:188} INFO - [2024-01-06T02:18:14.928+0000] {dag.py:3820} INFO - Setting next_dagrun for example_params_ui_tutorial to None, run_after=None
[2024-01-06T02:18:14.942+0000] {processor.py:183} INFO - Processing /home/airflow/.local/lib/python3.8/site-packages/airflow/example_dags/example_params_ui_tutorial.py took 0.088 seconds
[2024-01-06T02:18:45.468+0000] {processor.py:161} INFO - Started process (PID=39855) to work on /home/airflow/.local/lib/python3.8/site-packages/airflow/example_dags/example_params_ui_tutorial.py
[2024-01-06T02:18:45.470+0000] {processor.py:830} INFO - Processing file /home/airflow/.local/lib/python3.8/site-packages/airflow/example_dags/example_params_ui_tutorial.py for tasks to queue
[2024-01-06T02:18:45.472+0000] {logging_mixin.py:188} INFO - [2024-01-06T02:18:45.472+0000] {dagbag.py:538} INFO - Filling up the DagBag from /home/airflow/.local/lib/python3.8/site-packages/airflow/example_dags/example_params_ui_tutorial.py
[2024-01-06T02:18:45.483+0000] {processor.py:840} INFO - DAG(s) 'example_params_ui_tutorial' retrieved from /home/airflow/.local/lib/python3.8/site-packages/airflow/example_dags/example_params_ui_tutorial.py
[2024-01-06T02:18:45.523+0000] {logging_mixin.py:188} INFO - [2024-01-06T02:18:45.523+0000] {dag.py:3033} INFO - Sync 1 DAGs
[2024-01-06T02:18:45.535+0000] {logging_mixin.py:188} INFO - [2024-01-06T02:18:45.535+0000] {dag.py:3820} INFO - Setting next_dagrun for example_params_ui_tutorial to None, run_after=None
[2024-01-06T02:18:45.550+0000] {processor.py:183} INFO - Processing /home/airflow/.local/lib/python3.8/site-packages/airflow/example_dags/example_params_ui_tutorial.py took 0.084 seconds
[2024-01-06T02:19:16.141+0000] {processor.py:161} INFO - Started process (PID=39914) to work on /home/airflow/.local/lib/python3.8/site-packages/airflow/example_dags/example_params_ui_tutorial.py
[2024-01-06T02:19:16.143+0000] {processor.py:830} INFO - Processing file /home/airflow/.local/lib/python3.8/site-packages/airflow/example_dags/example_params_ui_tutorial.py for tasks to queue
[2024-01-06T02:19:16.146+0000] {logging_mixin.py:188} INFO - [2024-01-06T02:19:16.146+0000] {dagbag.py:538} INFO - Filling up the DagBag from /home/airflow/.local/lib/python3.8/site-packages/airflow/example_dags/example_params_ui_tutorial.py
[2024-01-06T02:19:16.157+0000] {processor.py:840} INFO - DAG(s) 'example_params_ui_tutorial' retrieved from /home/airflow/.local/lib/python3.8/site-packages/airflow/example_dags/example_params_ui_tutorial.py
[2024-01-06T02:19:16.192+0000] {logging_mixin.py:188} INFO - [2024-01-06T02:19:16.191+0000] {dag.py:3033} INFO - Sync 1 DAGs
[2024-01-06T02:19:16.199+0000] {logging_mixin.py:188} INFO - [2024-01-06T02:19:16.199+0000] {dag.py:3820} INFO - Setting next_dagrun for example_params_ui_tutorial to None, run_after=None
[2024-01-06T02:19:16.214+0000] {processor.py:183} INFO - Processing /home/airflow/.local/lib/python3.8/site-packages/airflow/example_dags/example_params_ui_tutorial.py took 0.075 seconds
[2024-01-06T02:19:46.819+0000] {processor.py:161} INFO - Started process (PID=39972) to work on /home/airflow/.local/lib/python3.8/site-packages/airflow/example_dags/example_params_ui_tutorial.py
[2024-01-06T02:19:46.822+0000] {processor.py:830} INFO - Processing file /home/airflow/.local/lib/python3.8/site-packages/airflow/example_dags/example_params_ui_tutorial.py for tasks to queue
[2024-01-06T02:19:46.825+0000] {logging_mixin.py:188} INFO - [2024-01-06T02:19:46.824+0000] {dagbag.py:538} INFO - Filling up the DagBag from /home/airflow/.local/lib/python3.8/site-packages/airflow/example_dags/example_params_ui_tutorial.py
[2024-01-06T02:19:46.841+0000] {processor.py:840} INFO - DAG(s) 'example_params_ui_tutorial' retrieved from /home/airflow/.local/lib/python3.8/site-packages/airflow/example_dags/example_params_ui_tutorial.py
[2024-01-06T02:19:46.874+0000] {logging_mixin.py:188} INFO - [2024-01-06T02:19:46.874+0000] {dag.py:3033} INFO - Sync 1 DAGs
[2024-01-06T02:19:46.883+0000] {logging_mixin.py:188} INFO - [2024-01-06T02:19:46.883+0000] {dag.py:3820} INFO - Setting next_dagrun for example_params_ui_tutorial to None, run_after=None
[2024-01-06T02:19:46.896+0000] {processor.py:183} INFO - Processing /home/airflow/.local/lib/python3.8/site-packages/airflow/example_dags/example_params_ui_tutorial.py took 0.079 seconds
[2024-01-06T02:20:17.162+0000] {processor.py:161} INFO - Started process (PID=40030) to work on /home/airflow/.local/lib/python3.8/site-packages/airflow/example_dags/example_params_ui_tutorial.py
[2024-01-06T02:20:17.164+0000] {processor.py:830} INFO - Processing file /home/airflow/.local/lib/python3.8/site-packages/airflow/example_dags/example_params_ui_tutorial.py for tasks to queue
[2024-01-06T02:20:17.166+0000] {logging_mixin.py:188} INFO - [2024-01-06T02:20:17.166+0000] {dagbag.py:538} INFO - Filling up the DagBag from /home/airflow/.local/lib/python3.8/site-packages/airflow/example_dags/example_params_ui_tutorial.py
[2024-01-06T02:20:17.180+0000] {processor.py:840} INFO - DAG(s) 'example_params_ui_tutorial' retrieved from /home/airflow/.local/lib/python3.8/site-packages/airflow/example_dags/example_params_ui_tutorial.py
[2024-01-06T02:20:17.219+0000] {logging_mixin.py:188} INFO - [2024-01-06T02:20:17.219+0000] {dag.py:3033} INFO - Sync 1 DAGs
[2024-01-06T02:20:17.231+0000] {logging_mixin.py:188} INFO - [2024-01-06T02:20:17.231+0000] {dag.py:3820} INFO - Setting next_dagrun for example_params_ui_tutorial to None, run_after=None
[2024-01-06T02:20:17.243+0000] {processor.py:183} INFO - Processing /home/airflow/.local/lib/python3.8/site-packages/airflow/example_dags/example_params_ui_tutorial.py took 0.084 seconds
[2024-01-06T02:20:47.832+0000] {processor.py:161} INFO - Started process (PID=40088) to work on /home/airflow/.local/lib/python3.8/site-packages/airflow/example_dags/example_params_ui_tutorial.py
[2024-01-06T02:20:47.833+0000] {processor.py:830} INFO - Processing file /home/airflow/.local/lib/python3.8/site-packages/airflow/example_dags/example_params_ui_tutorial.py for tasks to queue
[2024-01-06T02:20:47.836+0000] {logging_mixin.py:188} INFO - [2024-01-06T02:20:47.836+0000] {dagbag.py:538} INFO - Filling up the DagBag from /home/airflow/.local/lib/python3.8/site-packages/airflow/example_dags/example_params_ui_tutorial.py
[2024-01-06T02:20:47.845+0000] {processor.py:840} INFO - DAG(s) 'example_params_ui_tutorial' retrieved from /home/airflow/.local/lib/python3.8/site-packages/airflow/example_dags/example_params_ui_tutorial.py
[2024-01-06T02:20:47.880+0000] {logging_mixin.py:188} INFO - [2024-01-06T02:20:47.880+0000] {dag.py:3033} INFO - Sync 1 DAGs
[2024-01-06T02:20:47.888+0000] {logging_mixin.py:188} INFO - [2024-01-06T02:20:47.887+0000] {dag.py:3820} INFO - Setting next_dagrun for example_params_ui_tutorial to None, run_after=None
[2024-01-06T02:20:47.905+0000] {processor.py:183} INFO - Processing /home/airflow/.local/lib/python3.8/site-packages/airflow/example_dags/example_params_ui_tutorial.py took 0.076 seconds
[2024-01-06T02:21:18.564+0000] {processor.py:161} INFO - Started process (PID=40146) to work on /home/airflow/.local/lib/python3.8/site-packages/airflow/example_dags/example_params_ui_tutorial.py
[2024-01-06T02:21:18.566+0000] {processor.py:830} INFO - Processing file /home/airflow/.local/lib/python3.8/site-packages/airflow/example_dags/example_params_ui_tutorial.py for tasks to queue
[2024-01-06T02:21:18.569+0000] {logging_mixin.py:188} INFO - [2024-01-06T02:21:18.568+0000] {dagbag.py:538} INFO - Filling up the DagBag from /home/airflow/.local/lib/python3.8/site-packages/airflow/example_dags/example_params_ui_tutorial.py
[2024-01-06T02:21:18.585+0000] {processor.py:840} INFO - DAG(s) 'example_params_ui_tutorial' retrieved from /home/airflow/.local/lib/python3.8/site-packages/airflow/example_dags/example_params_ui_tutorial.py
[2024-01-06T02:21:18.638+0000] {logging_mixin.py:188} INFO - [2024-01-06T02:21:18.638+0000] {dag.py:3033} INFO - Sync 1 DAGs
[2024-01-06T02:21:18.665+0000] {logging_mixin.py:188} INFO - [2024-01-06T02:21:18.665+0000] {dag.py:3820} INFO - Setting next_dagrun for example_params_ui_tutorial to None, run_after=None
[2024-01-06T02:21:18.732+0000] {processor.py:183} INFO - Processing /home/airflow/.local/lib/python3.8/site-packages/airflow/example_dags/example_params_ui_tutorial.py took 0.171 seconds
[2024-01-06T02:21:48.788+0000] {processor.py:161} INFO - Started process (PID=40204) to work on /home/airflow/.local/lib/python3.8/site-packages/airflow/example_dags/example_params_ui_tutorial.py
[2024-01-06T02:21:48.803+0000] {processor.py:830} INFO - Processing file /home/airflow/.local/lib/python3.8/site-packages/airflow/example_dags/example_params_ui_tutorial.py for tasks to queue
[2024-01-06T02:21:48.821+0000] {logging_mixin.py:188} INFO - [2024-01-06T02:21:48.820+0000] {dagbag.py:538} INFO - Filling up the DagBag from /home/airflow/.local/lib/python3.8/site-packages/airflow/example_dags/example_params_ui_tutorial.py
[2024-01-06T02:21:48.851+0000] {processor.py:840} INFO - DAG(s) 'example_params_ui_tutorial' retrieved from /home/airflow/.local/lib/python3.8/site-packages/airflow/example_dags/example_params_ui_tutorial.py
[2024-01-06T02:21:48.914+0000] {logging_mixin.py:188} INFO - [2024-01-06T02:21:48.914+0000] {dag.py:3033} INFO - Sync 1 DAGs
[2024-01-06T02:21:48.958+0000] {logging_mixin.py:188} INFO - [2024-01-06T02:21:48.958+0000] {dag.py:3820} INFO - Setting next_dagrun for example_params_ui_tutorial to None, run_after=None
[2024-01-06T02:21:49.005+0000] {processor.py:183} INFO - Processing /home/airflow/.local/lib/python3.8/site-packages/airflow/example_dags/example_params_ui_tutorial.py took 0.219 seconds
[2024-01-06T02:22:19.984+0000] {processor.py:161} INFO - Started process (PID=40268) to work on /home/airflow/.local/lib/python3.8/site-packages/airflow/example_dags/example_params_ui_tutorial.py
[2024-01-06T02:22:19.985+0000] {processor.py:830} INFO - Processing file /home/airflow/.local/lib/python3.8/site-packages/airflow/example_dags/example_params_ui_tutorial.py for tasks to queue
[2024-01-06T02:22:19.988+0000] {logging_mixin.py:188} INFO - [2024-01-06T02:22:19.987+0000] {dagbag.py:538} INFO - Filling up the DagBag from /home/airflow/.local/lib/python3.8/site-packages/airflow/example_dags/example_params_ui_tutorial.py
[2024-01-06T02:22:20.012+0000] {processor.py:840} INFO - DAG(s) 'example_params_ui_tutorial' retrieved from /home/airflow/.local/lib/python3.8/site-packages/airflow/example_dags/example_params_ui_tutorial.py
[2024-01-06T02:22:20.072+0000] {logging_mixin.py:188} INFO - [2024-01-06T02:22:20.071+0000] {dag.py:3033} INFO - Sync 1 DAGs
[2024-01-06T02:22:20.082+0000] {logging_mixin.py:188} INFO - [2024-01-06T02:22:20.082+0000] {dag.py:3820} INFO - Setting next_dagrun for example_params_ui_tutorial to None, run_after=None
[2024-01-06T02:22:20.095+0000] {processor.py:183} INFO - Processing /home/airflow/.local/lib/python3.8/site-packages/airflow/example_dags/example_params_ui_tutorial.py took 0.115 seconds
[2024-01-06T02:22:50.595+0000] {processor.py:161} INFO - Started process (PID=40326) to work on /home/airflow/.local/lib/python3.8/site-packages/airflow/example_dags/example_params_ui_tutorial.py
[2024-01-06T02:22:50.597+0000] {processor.py:830} INFO - Processing file /home/airflow/.local/lib/python3.8/site-packages/airflow/example_dags/example_params_ui_tutorial.py for tasks to queue
[2024-01-06T02:22:50.599+0000] {logging_mixin.py:188} INFO - [2024-01-06T02:22:50.599+0000] {dagbag.py:538} INFO - Filling up the DagBag from /home/airflow/.local/lib/python3.8/site-packages/airflow/example_dags/example_params_ui_tutorial.py
[2024-01-06T02:22:50.610+0000] {processor.py:840} INFO - DAG(s) 'example_params_ui_tutorial' retrieved from /home/airflow/.local/lib/python3.8/site-packages/airflow/example_dags/example_params_ui_tutorial.py
[2024-01-06T02:22:50.648+0000] {logging_mixin.py:188} INFO - [2024-01-06T02:22:50.648+0000] {dag.py:3033} INFO - Sync 1 DAGs
[2024-01-06T02:22:50.656+0000] {logging_mixin.py:188} INFO - [2024-01-06T02:22:50.656+0000] {dag.py:3820} INFO - Setting next_dagrun for example_params_ui_tutorial to None, run_after=None
[2024-01-06T02:22:50.668+0000] {processor.py:183} INFO - Processing /home/airflow/.local/lib/python3.8/site-packages/airflow/example_dags/example_params_ui_tutorial.py took 0.076 seconds
[2024-01-06T02:23:21.519+0000] {processor.py:161} INFO - Started process (PID=40384) to work on /home/airflow/.local/lib/python3.8/site-packages/airflow/example_dags/example_params_ui_tutorial.py
[2024-01-06T02:23:21.522+0000] {processor.py:830} INFO - Processing file /home/airflow/.local/lib/python3.8/site-packages/airflow/example_dags/example_params_ui_tutorial.py for tasks to queue
[2024-01-06T02:23:21.526+0000] {logging_mixin.py:188} INFO - [2024-01-06T02:23:21.526+0000] {dagbag.py:538} INFO - Filling up the DagBag from /home/airflow/.local/lib/python3.8/site-packages/airflow/example_dags/example_params_ui_tutorial.py
[2024-01-06T02:23:21.541+0000] {processor.py:840} INFO - DAG(s) 'example_params_ui_tutorial' retrieved from /home/airflow/.local/lib/python3.8/site-packages/airflow/example_dags/example_params_ui_tutorial.py
[2024-01-06T02:23:21.580+0000] {logging_mixin.py:188} INFO - [2024-01-06T02:23:21.579+0000] {dag.py:3033} INFO - Sync 1 DAGs
[2024-01-06T02:23:21.590+0000] {logging_mixin.py:188} INFO - [2024-01-06T02:23:21.590+0000] {dag.py:3820} INFO - Setting next_dagrun for example_params_ui_tutorial to None, run_after=None
[2024-01-06T02:23:21.605+0000] {processor.py:183} INFO - Processing /home/airflow/.local/lib/python3.8/site-packages/airflow/example_dags/example_params_ui_tutorial.py took 0.091 seconds
[2024-01-06T02:23:51.918+0000] {processor.py:161} INFO - Started process (PID=40442) to work on /home/airflow/.local/lib/python3.8/site-packages/airflow/example_dags/example_params_ui_tutorial.py
[2024-01-06T02:23:51.920+0000] {processor.py:830} INFO - Processing file /home/airflow/.local/lib/python3.8/site-packages/airflow/example_dags/example_params_ui_tutorial.py for tasks to queue
[2024-01-06T02:23:51.923+0000] {logging_mixin.py:188} INFO - [2024-01-06T02:23:51.923+0000] {dagbag.py:538} INFO - Filling up the DagBag from /home/airflow/.local/lib/python3.8/site-packages/airflow/example_dags/example_params_ui_tutorial.py
[2024-01-06T02:23:51.938+0000] {processor.py:840} INFO - DAG(s) 'example_params_ui_tutorial' retrieved from /home/airflow/.local/lib/python3.8/site-packages/airflow/example_dags/example_params_ui_tutorial.py
[2024-01-06T02:23:51.978+0000] {logging_mixin.py:188} INFO - [2024-01-06T02:23:51.978+0000] {dag.py:3033} INFO - Sync 1 DAGs
[2024-01-06T02:23:51.988+0000] {logging_mixin.py:188} INFO - [2024-01-06T02:23:51.988+0000] {dag.py:3820} INFO - Setting next_dagrun for example_params_ui_tutorial to None, run_after=None
[2024-01-06T02:23:52.000+0000] {processor.py:183} INFO - Processing /home/airflow/.local/lib/python3.8/site-packages/airflow/example_dags/example_params_ui_tutorial.py took 0.086 seconds
[2024-01-06T02:24:22.376+0000] {processor.py:161} INFO - Started process (PID=40500) to work on /home/airflow/.local/lib/python3.8/site-packages/airflow/example_dags/example_params_ui_tutorial.py
[2024-01-06T02:24:22.378+0000] {processor.py:830} INFO - Processing file /home/airflow/.local/lib/python3.8/site-packages/airflow/example_dags/example_params_ui_tutorial.py for tasks to queue
[2024-01-06T02:24:22.382+0000] {logging_mixin.py:188} INFO - [2024-01-06T02:24:22.382+0000] {dagbag.py:538} INFO - Filling up the DagBag from /home/airflow/.local/lib/python3.8/site-packages/airflow/example_dags/example_params_ui_tutorial.py
[2024-01-06T02:24:22.397+0000] {processor.py:840} INFO - DAG(s) 'example_params_ui_tutorial' retrieved from /home/airflow/.local/lib/python3.8/site-packages/airflow/example_dags/example_params_ui_tutorial.py
[2024-01-06T02:24:22.435+0000] {logging_mixin.py:188} INFO - [2024-01-06T02:24:22.435+0000] {dag.py:3033} INFO - Sync 1 DAGs
[2024-01-06T02:24:22.446+0000] {logging_mixin.py:188} INFO - [2024-01-06T02:24:22.446+0000] {dag.py:3820} INFO - Setting next_dagrun for example_params_ui_tutorial to None, run_after=None
[2024-01-06T02:24:22.458+0000] {processor.py:183} INFO - Processing /home/airflow/.local/lib/python3.8/site-packages/airflow/example_dags/example_params_ui_tutorial.py took 0.087 seconds
[2024-01-06T02:24:52.774+0000] {processor.py:161} INFO - Started process (PID=40558) to work on /home/airflow/.local/lib/python3.8/site-packages/airflow/example_dags/example_params_ui_tutorial.py
[2024-01-06T02:24:52.776+0000] {processor.py:830} INFO - Processing file /home/airflow/.local/lib/python3.8/site-packages/airflow/example_dags/example_params_ui_tutorial.py for tasks to queue
[2024-01-06T02:24:52.779+0000] {logging_mixin.py:188} INFO - [2024-01-06T02:24:52.779+0000] {dagbag.py:538} INFO - Filling up the DagBag from /home/airflow/.local/lib/python3.8/site-packages/airflow/example_dags/example_params_ui_tutorial.py
[2024-01-06T02:24:52.791+0000] {processor.py:840} INFO - DAG(s) 'example_params_ui_tutorial' retrieved from /home/airflow/.local/lib/python3.8/site-packages/airflow/example_dags/example_params_ui_tutorial.py
[2024-01-06T02:24:52.825+0000] {logging_mixin.py:188} INFO - [2024-01-06T02:24:52.824+0000] {dag.py:3033} INFO - Sync 1 DAGs
[2024-01-06T02:24:52.833+0000] {logging_mixin.py:188} INFO - [2024-01-06T02:24:52.833+0000] {dag.py:3820} INFO - Setting next_dagrun for example_params_ui_tutorial to None, run_after=None
[2024-01-06T02:24:52.846+0000] {processor.py:183} INFO - Processing /home/airflow/.local/lib/python3.8/site-packages/airflow/example_dags/example_params_ui_tutorial.py took 0.078 seconds
[2024-01-06T02:25:23.824+0000] {processor.py:161} INFO - Started process (PID=40616) to work on /home/airflow/.local/lib/python3.8/site-packages/airflow/example_dags/example_params_ui_tutorial.py
[2024-01-06T02:25:23.827+0000] {processor.py:830} INFO - Processing file /home/airflow/.local/lib/python3.8/site-packages/airflow/example_dags/example_params_ui_tutorial.py for tasks to queue
[2024-01-06T02:25:23.831+0000] {logging_mixin.py:188} INFO - [2024-01-06T02:25:23.830+0000] {dagbag.py:538} INFO - Filling up the DagBag from /home/airflow/.local/lib/python3.8/site-packages/airflow/example_dags/example_params_ui_tutorial.py
[2024-01-06T02:25:23.862+0000] {processor.py:840} INFO - DAG(s) 'example_params_ui_tutorial' retrieved from /home/airflow/.local/lib/python3.8/site-packages/airflow/example_dags/example_params_ui_tutorial.py
[2024-01-06T02:25:23.911+0000] {logging_mixin.py:188} INFO - [2024-01-06T02:25:23.911+0000] {dag.py:3033} INFO - Sync 1 DAGs
[2024-01-06T02:25:23.923+0000] {logging_mixin.py:188} INFO - [2024-01-06T02:25:23.923+0000] {dag.py:3820} INFO - Setting next_dagrun for example_params_ui_tutorial to None, run_after=None
[2024-01-06T02:25:23.940+0000] {processor.py:183} INFO - Processing /home/airflow/.local/lib/python3.8/site-packages/airflow/example_dags/example_params_ui_tutorial.py took 0.122 seconds
[2024-01-06T02:25:54.002+0000] {processor.py:161} INFO - Started process (PID=40674) to work on /home/airflow/.local/lib/python3.8/site-packages/airflow/example_dags/example_params_ui_tutorial.py
[2024-01-06T02:25:54.004+0000] {processor.py:830} INFO - Processing file /home/airflow/.local/lib/python3.8/site-packages/airflow/example_dags/example_params_ui_tutorial.py for tasks to queue
[2024-01-06T02:25:54.008+0000] {logging_mixin.py:188} INFO - [2024-01-06T02:25:54.007+0000] {dagbag.py:538} INFO - Filling up the DagBag from /home/airflow/.local/lib/python3.8/site-packages/airflow/example_dags/example_params_ui_tutorial.py
[2024-01-06T02:25:54.022+0000] {processor.py:840} INFO - DAG(s) 'example_params_ui_tutorial' retrieved from /home/airflow/.local/lib/python3.8/site-packages/airflow/example_dags/example_params_ui_tutorial.py
[2024-01-06T02:25:54.057+0000] {logging_mixin.py:188} INFO - [2024-01-06T02:25:54.057+0000] {dag.py:3033} INFO - Sync 1 DAGs
[2024-01-06T02:25:54.065+0000] {logging_mixin.py:188} INFO - [2024-01-06T02:25:54.065+0000] {dag.py:3820} INFO - Setting next_dagrun for example_params_ui_tutorial to None, run_after=None
[2024-01-06T02:25:54.077+0000] {processor.py:183} INFO - Processing /home/airflow/.local/lib/python3.8/site-packages/airflow/example_dags/example_params_ui_tutorial.py took 0.079 seconds
[2024-01-06T02:26:26.447+0000] {processor.py:161} INFO - Started process (PID=40732) to work on /home/airflow/.local/lib/python3.8/site-packages/airflow/example_dags/example_params_ui_tutorial.py
[2024-01-06T02:26:26.448+0000] {processor.py:830} INFO - Processing file /home/airflow/.local/lib/python3.8/site-packages/airflow/example_dags/example_params_ui_tutorial.py for tasks to queue
[2024-01-06T02:26:26.451+0000] {logging_mixin.py:188} INFO - [2024-01-06T02:26:26.451+0000] {dagbag.py:538} INFO - Filling up the DagBag from /home/airflow/.local/lib/python3.8/site-packages/airflow/example_dags/example_params_ui_tutorial.py
[2024-01-06T02:26:26.466+0000] {processor.py:840} INFO - DAG(s) 'example_params_ui_tutorial' retrieved from /home/airflow/.local/lib/python3.8/site-packages/airflow/example_dags/example_params_ui_tutorial.py
[2024-01-06T02:26:26.504+0000] {logging_mixin.py:188} INFO - [2024-01-06T02:26:26.503+0000] {dag.py:3033} INFO - Sync 1 DAGs
[2024-01-06T02:26:26.512+0000] {logging_mixin.py:188} INFO - [2024-01-06T02:26:26.512+0000] {dag.py:3820} INFO - Setting next_dagrun for example_params_ui_tutorial to None, run_after=None
[2024-01-06T02:26:26.524+0000] {processor.py:183} INFO - Processing /home/airflow/.local/lib/python3.8/site-packages/airflow/example_dags/example_params_ui_tutorial.py took 0.080 seconds
[2024-01-06T02:26:57.227+0000] {processor.py:161} INFO - Started process (PID=40790) to work on /home/airflow/.local/lib/python3.8/site-packages/airflow/example_dags/example_params_ui_tutorial.py
[2024-01-06T02:26:57.229+0000] {processor.py:830} INFO - Processing file /home/airflow/.local/lib/python3.8/site-packages/airflow/example_dags/example_params_ui_tutorial.py for tasks to queue
[2024-01-06T02:26:57.233+0000] {logging_mixin.py:188} INFO - [2024-01-06T02:26:57.232+0000] {dagbag.py:538} INFO - Filling up the DagBag from /home/airflow/.local/lib/python3.8/site-packages/airflow/example_dags/example_params_ui_tutorial.py
[2024-01-06T02:26:57.254+0000] {processor.py:840} INFO - DAG(s) 'example_params_ui_tutorial' retrieved from /home/airflow/.local/lib/python3.8/site-packages/airflow/example_dags/example_params_ui_tutorial.py
[2024-01-06T02:26:57.293+0000] {logging_mixin.py:188} INFO - [2024-01-06T02:26:57.293+0000] {dag.py:3033} INFO - Sync 1 DAGs
[2024-01-06T02:26:57.307+0000] {logging_mixin.py:188} INFO - [2024-01-06T02:26:57.306+0000] {dag.py:3820} INFO - Setting next_dagrun for example_params_ui_tutorial to None, run_after=None
[2024-01-06T02:26:57.322+0000] {processor.py:183} INFO - Processing /home/airflow/.local/lib/python3.8/site-packages/airflow/example_dags/example_params_ui_tutorial.py took 0.101 seconds
[2024-01-06T02:27:27.891+0000] {processor.py:161} INFO - Started process (PID=40848) to work on /home/airflow/.local/lib/python3.8/site-packages/airflow/example_dags/example_params_ui_tutorial.py
[2024-01-06T02:27:27.893+0000] {processor.py:830} INFO - Processing file /home/airflow/.local/lib/python3.8/site-packages/airflow/example_dags/example_params_ui_tutorial.py for tasks to queue
[2024-01-06T02:27:27.898+0000] {logging_mixin.py:188} INFO - [2024-01-06T02:27:27.897+0000] {dagbag.py:538} INFO - Filling up the DagBag from /home/airflow/.local/lib/python3.8/site-packages/airflow/example_dags/example_params_ui_tutorial.py
[2024-01-06T02:27:27.926+0000] {processor.py:840} INFO - DAG(s) 'example_params_ui_tutorial' retrieved from /home/airflow/.local/lib/python3.8/site-packages/airflow/example_dags/example_params_ui_tutorial.py
[2024-01-06T02:27:27.975+0000] {logging_mixin.py:188} INFO - [2024-01-06T02:27:27.975+0000] {dag.py:3033} INFO - Sync 1 DAGs
[2024-01-06T02:27:27.986+0000] {logging_mixin.py:188} INFO - [2024-01-06T02:27:27.986+0000] {dag.py:3820} INFO - Setting next_dagrun for example_params_ui_tutorial to None, run_after=None
[2024-01-06T02:27:28.003+0000] {processor.py:183} INFO - Processing /home/airflow/.local/lib/python3.8/site-packages/airflow/example_dags/example_params_ui_tutorial.py took 0.119 seconds
[2024-01-06T02:27:58.788+0000] {processor.py:161} INFO - Started process (PID=40906) to work on /home/airflow/.local/lib/python3.8/site-packages/airflow/example_dags/example_params_ui_tutorial.py
[2024-01-06T02:27:58.790+0000] {processor.py:830} INFO - Processing file /home/airflow/.local/lib/python3.8/site-packages/airflow/example_dags/example_params_ui_tutorial.py for tasks to queue
[2024-01-06T02:27:58.794+0000] {logging_mixin.py:188} INFO - [2024-01-06T02:27:58.794+0000] {dagbag.py:538} INFO - Filling up the DagBag from /home/airflow/.local/lib/python3.8/site-packages/airflow/example_dags/example_params_ui_tutorial.py
[2024-01-06T02:27:58.810+0000] {processor.py:840} INFO - DAG(s) 'example_params_ui_tutorial' retrieved from /home/airflow/.local/lib/python3.8/site-packages/airflow/example_dags/example_params_ui_tutorial.py
[2024-01-06T02:27:58.848+0000] {logging_mixin.py:188} INFO - [2024-01-06T02:27:58.848+0000] {dag.py:3033} INFO - Sync 1 DAGs
[2024-01-06T02:27:58.857+0000] {logging_mixin.py:188} INFO - [2024-01-06T02:27:58.857+0000] {dag.py:3820} INFO - Setting next_dagrun for example_params_ui_tutorial to None, run_after=None
[2024-01-06T02:27:58.870+0000] {processor.py:183} INFO - Processing /home/airflow/.local/lib/python3.8/site-packages/airflow/example_dags/example_params_ui_tutorial.py took 0.089 seconds
[2024-01-06T02:28:29.338+0000] {processor.py:161} INFO - Started process (PID=40964) to work on /home/airflow/.local/lib/python3.8/site-packages/airflow/example_dags/example_params_ui_tutorial.py
[2024-01-06T02:28:29.340+0000] {processor.py:830} INFO - Processing file /home/airflow/.local/lib/python3.8/site-packages/airflow/example_dags/example_params_ui_tutorial.py for tasks to queue
[2024-01-06T02:28:29.343+0000] {logging_mixin.py:188} INFO - [2024-01-06T02:28:29.343+0000] {dagbag.py:538} INFO - Filling up the DagBag from /home/airflow/.local/lib/python3.8/site-packages/airflow/example_dags/example_params_ui_tutorial.py
[2024-01-06T02:28:29.356+0000] {processor.py:840} INFO - DAG(s) 'example_params_ui_tutorial' retrieved from /home/airflow/.local/lib/python3.8/site-packages/airflow/example_dags/example_params_ui_tutorial.py
[2024-01-06T02:28:29.392+0000] {logging_mixin.py:188} INFO - [2024-01-06T02:28:29.392+0000] {dag.py:3033} INFO - Sync 1 DAGs
[2024-01-06T02:28:29.401+0000] {logging_mixin.py:188} INFO - [2024-01-06T02:28:29.401+0000] {dag.py:3820} INFO - Setting next_dagrun for example_params_ui_tutorial to None, run_after=None
[2024-01-06T02:28:29.415+0000] {processor.py:183} INFO - Processing /home/airflow/.local/lib/python3.8/site-packages/airflow/example_dags/example_params_ui_tutorial.py took 0.081 seconds
[2024-01-06T02:28:59.963+0000] {processor.py:161} INFO - Started process (PID=41022) to work on /home/airflow/.local/lib/python3.8/site-packages/airflow/example_dags/example_params_ui_tutorial.py
[2024-01-06T02:28:59.965+0000] {processor.py:830} INFO - Processing file /home/airflow/.local/lib/python3.8/site-packages/airflow/example_dags/example_params_ui_tutorial.py for tasks to queue
[2024-01-06T02:28:59.970+0000] {logging_mixin.py:188} INFO - [2024-01-06T02:28:59.970+0000] {dagbag.py:538} INFO - Filling up the DagBag from /home/airflow/.local/lib/python3.8/site-packages/airflow/example_dags/example_params_ui_tutorial.py
[2024-01-06T02:29:00.005+0000] {processor.py:840} INFO - DAG(s) 'example_params_ui_tutorial' retrieved from /home/airflow/.local/lib/python3.8/site-packages/airflow/example_dags/example_params_ui_tutorial.py
[2024-01-06T02:29:00.085+0000] {logging_mixin.py:188} INFO - [2024-01-06T02:29:00.085+0000] {dag.py:3033} INFO - Sync 1 DAGs
[2024-01-06T02:29:00.100+0000] {logging_mixin.py:188} INFO - [2024-01-06T02:29:00.100+0000] {dag.py:3820} INFO - Setting next_dagrun for example_params_ui_tutorial to None, run_after=None
[2024-01-06T02:29:00.114+0000] {processor.py:183} INFO - Processing /home/airflow/.local/lib/python3.8/site-packages/airflow/example_dags/example_params_ui_tutorial.py took 0.158 seconds
[2024-01-06T02:29:30.425+0000] {processor.py:161} INFO - Started process (PID=41080) to work on /home/airflow/.local/lib/python3.8/site-packages/airflow/example_dags/example_params_ui_tutorial.py
[2024-01-06T02:29:30.427+0000] {processor.py:830} INFO - Processing file /home/airflow/.local/lib/python3.8/site-packages/airflow/example_dags/example_params_ui_tutorial.py for tasks to queue
[2024-01-06T02:29:30.430+0000] {logging_mixin.py:188} INFO - [2024-01-06T02:29:30.430+0000] {dagbag.py:538} INFO - Filling up the DagBag from /home/airflow/.local/lib/python3.8/site-packages/airflow/example_dags/example_params_ui_tutorial.py
[2024-01-06T02:29:30.442+0000] {processor.py:840} INFO - DAG(s) 'example_params_ui_tutorial' retrieved from /home/airflow/.local/lib/python3.8/site-packages/airflow/example_dags/example_params_ui_tutorial.py
[2024-01-06T02:29:30.477+0000] {logging_mixin.py:188} INFO - [2024-01-06T02:29:30.477+0000] {dag.py:3033} INFO - Sync 1 DAGs
[2024-01-06T02:29:30.486+0000] {logging_mixin.py:188} INFO - [2024-01-06T02:29:30.486+0000] {dag.py:3820} INFO - Setting next_dagrun for example_params_ui_tutorial to None, run_after=None
[2024-01-06T02:29:30.499+0000] {processor.py:183} INFO - Processing /home/airflow/.local/lib/python3.8/site-packages/airflow/example_dags/example_params_ui_tutorial.py took 0.078 seconds
[2024-01-06T02:30:01.220+0000] {processor.py:161} INFO - Started process (PID=41139) to work on /home/airflow/.local/lib/python3.8/site-packages/airflow/example_dags/example_params_ui_tutorial.py
[2024-01-06T02:30:01.223+0000] {processor.py:830} INFO - Processing file /home/airflow/.local/lib/python3.8/site-packages/airflow/example_dags/example_params_ui_tutorial.py for tasks to queue
[2024-01-06T02:30:01.227+0000] {logging_mixin.py:188} INFO - [2024-01-06T02:30:01.226+0000] {dagbag.py:538} INFO - Filling up the DagBag from /home/airflow/.local/lib/python3.8/site-packages/airflow/example_dags/example_params_ui_tutorial.py
[2024-01-06T02:30:01.242+0000] {processor.py:840} INFO - DAG(s) 'example_params_ui_tutorial' retrieved from /home/airflow/.local/lib/python3.8/site-packages/airflow/example_dags/example_params_ui_tutorial.py
[2024-01-06T02:30:01.282+0000] {logging_mixin.py:188} INFO - [2024-01-06T02:30:01.282+0000] {dag.py:3033} INFO - Sync 1 DAGs
[2024-01-06T02:30:01.291+0000] {logging_mixin.py:188} INFO - [2024-01-06T02:30:01.291+0000] {dag.py:3820} INFO - Setting next_dagrun for example_params_ui_tutorial to None, run_after=None
[2024-01-06T02:30:01.303+0000] {processor.py:183} INFO - Processing /home/airflow/.local/lib/python3.8/site-packages/airflow/example_dags/example_params_ui_tutorial.py took 0.087 seconds
[2024-01-06T02:30:31.825+0000] {processor.py:161} INFO - Started process (PID=41197) to work on /home/airflow/.local/lib/python3.8/site-packages/airflow/example_dags/example_params_ui_tutorial.py
[2024-01-06T02:30:31.828+0000] {processor.py:830} INFO - Processing file /home/airflow/.local/lib/python3.8/site-packages/airflow/example_dags/example_params_ui_tutorial.py for tasks to queue
[2024-01-06T02:30:31.831+0000] {logging_mixin.py:188} INFO - [2024-01-06T02:30:31.831+0000] {dagbag.py:538} INFO - Filling up the DagBag from /home/airflow/.local/lib/python3.8/site-packages/airflow/example_dags/example_params_ui_tutorial.py
[2024-01-06T02:30:31.843+0000] {processor.py:840} INFO - DAG(s) 'example_params_ui_tutorial' retrieved from /home/airflow/.local/lib/python3.8/site-packages/airflow/example_dags/example_params_ui_tutorial.py
[2024-01-06T02:30:31.879+0000] {logging_mixin.py:188} INFO - [2024-01-06T02:30:31.879+0000] {dag.py:3033} INFO - Sync 1 DAGs
[2024-01-06T02:30:31.889+0000] {logging_mixin.py:188} INFO - [2024-01-06T02:30:31.889+0000] {dag.py:3820} INFO - Setting next_dagrun for example_params_ui_tutorial to None, run_after=None
[2024-01-06T02:30:31.900+0000] {processor.py:183} INFO - Processing /home/airflow/.local/lib/python3.8/site-packages/airflow/example_dags/example_params_ui_tutorial.py took 0.080 seconds
[2024-01-06T02:31:02.464+0000] {processor.py:161} INFO - Started process (PID=41255) to work on /home/airflow/.local/lib/python3.8/site-packages/airflow/example_dags/example_params_ui_tutorial.py
[2024-01-06T02:31:02.471+0000] {processor.py:830} INFO - Processing file /home/airflow/.local/lib/python3.8/site-packages/airflow/example_dags/example_params_ui_tutorial.py for tasks to queue
[2024-01-06T02:31:02.476+0000] {logging_mixin.py:188} INFO - [2024-01-06T02:31:02.475+0000] {dagbag.py:538} INFO - Filling up the DagBag from /home/airflow/.local/lib/python3.8/site-packages/airflow/example_dags/example_params_ui_tutorial.py
[2024-01-06T02:31:02.490+0000] {processor.py:840} INFO - DAG(s) 'example_params_ui_tutorial' retrieved from /home/airflow/.local/lib/python3.8/site-packages/airflow/example_dags/example_params_ui_tutorial.py
[2024-01-06T02:31:02.533+0000] {logging_mixin.py:188} INFO - [2024-01-06T02:31:02.533+0000] {dag.py:3033} INFO - Sync 1 DAGs
[2024-01-06T02:31:02.544+0000] {logging_mixin.py:188} INFO - [2024-01-06T02:31:02.544+0000] {dag.py:3820} INFO - Setting next_dagrun for example_params_ui_tutorial to None, run_after=None
[2024-01-06T02:31:02.559+0000] {processor.py:183} INFO - Processing /home/airflow/.local/lib/python3.8/site-packages/airflow/example_dags/example_params_ui_tutorial.py took 0.099 seconds
[2024-01-06T02:31:33.014+0000] {processor.py:161} INFO - Started process (PID=41313) to work on /home/airflow/.local/lib/python3.8/site-packages/airflow/example_dags/example_params_ui_tutorial.py
[2024-01-06T02:31:33.017+0000] {processor.py:830} INFO - Processing file /home/airflow/.local/lib/python3.8/site-packages/airflow/example_dags/example_params_ui_tutorial.py for tasks to queue
[2024-01-06T02:31:33.021+0000] {logging_mixin.py:188} INFO - [2024-01-06T02:31:33.020+0000] {dagbag.py:538} INFO - Filling up the DagBag from /home/airflow/.local/lib/python3.8/site-packages/airflow/example_dags/example_params_ui_tutorial.py
[2024-01-06T02:31:33.043+0000] {processor.py:840} INFO - DAG(s) 'example_params_ui_tutorial' retrieved from /home/airflow/.local/lib/python3.8/site-packages/airflow/example_dags/example_params_ui_tutorial.py
[2024-01-06T02:31:33.098+0000] {logging_mixin.py:188} INFO - [2024-01-06T02:31:33.098+0000] {dag.py:3033} INFO - Sync 1 DAGs
[2024-01-06T02:31:33.108+0000] {logging_mixin.py:188} INFO - [2024-01-06T02:31:33.108+0000] {dag.py:3820} INFO - Setting next_dagrun for example_params_ui_tutorial to None, run_after=None
[2024-01-06T02:31:33.125+0000] {processor.py:183} INFO - Processing /home/airflow/.local/lib/python3.8/site-packages/airflow/example_dags/example_params_ui_tutorial.py took 0.115 seconds
[2024-01-06T02:32:03.413+0000] {processor.py:161} INFO - Started process (PID=41371) to work on /home/airflow/.local/lib/python3.8/site-packages/airflow/example_dags/example_params_ui_tutorial.py
[2024-01-06T02:32:03.415+0000] {processor.py:830} INFO - Processing file /home/airflow/.local/lib/python3.8/site-packages/airflow/example_dags/example_params_ui_tutorial.py for tasks to queue
[2024-01-06T02:32:03.418+0000] {logging_mixin.py:188} INFO - [2024-01-06T02:32:03.418+0000] {dagbag.py:538} INFO - Filling up the DagBag from /home/airflow/.local/lib/python3.8/site-packages/airflow/example_dags/example_params_ui_tutorial.py
[2024-01-06T02:32:03.430+0000] {processor.py:840} INFO - DAG(s) 'example_params_ui_tutorial' retrieved from /home/airflow/.local/lib/python3.8/site-packages/airflow/example_dags/example_params_ui_tutorial.py
[2024-01-06T02:32:03.464+0000] {logging_mixin.py:188} INFO - [2024-01-06T02:32:03.464+0000] {dag.py:3033} INFO - Sync 1 DAGs
[2024-01-06T02:32:03.472+0000] {logging_mixin.py:188} INFO - [2024-01-06T02:32:03.472+0000] {dag.py:3820} INFO - Setting next_dagrun for example_params_ui_tutorial to None, run_after=None
[2024-01-06T02:32:03.484+0000] {processor.py:183} INFO - Processing /home/airflow/.local/lib/python3.8/site-packages/airflow/example_dags/example_params_ui_tutorial.py took 0.074 seconds
[2024-01-06T02:32:33.674+0000] {processor.py:161} INFO - Started process (PID=41429) to work on /home/airflow/.local/lib/python3.8/site-packages/airflow/example_dags/example_params_ui_tutorial.py
[2024-01-06T02:32:33.677+0000] {processor.py:830} INFO - Processing file /home/airflow/.local/lib/python3.8/site-packages/airflow/example_dags/example_params_ui_tutorial.py for tasks to queue
[2024-01-06T02:32:33.679+0000] {logging_mixin.py:188} INFO - [2024-01-06T02:32:33.679+0000] {dagbag.py:538} INFO - Filling up the DagBag from /home/airflow/.local/lib/python3.8/site-packages/airflow/example_dags/example_params_ui_tutorial.py
[2024-01-06T02:32:33.695+0000] {processor.py:840} INFO - DAG(s) 'example_params_ui_tutorial' retrieved from /home/airflow/.local/lib/python3.8/site-packages/airflow/example_dags/example_params_ui_tutorial.py
[2024-01-06T02:32:33.734+0000] {logging_mixin.py:188} INFO - [2024-01-06T02:32:33.734+0000] {dag.py:3033} INFO - Sync 1 DAGs
[2024-01-06T02:32:33.744+0000] {logging_mixin.py:188} INFO - [2024-01-06T02:32:33.744+0000] {dag.py:3820} INFO - Setting next_dagrun for example_params_ui_tutorial to None, run_after=None
[2024-01-06T02:32:33.756+0000] {processor.py:183} INFO - Processing /home/airflow/.local/lib/python3.8/site-packages/airflow/example_dags/example_params_ui_tutorial.py took 0.085 seconds
[2024-01-06T02:33:03.924+0000] {processor.py:161} INFO - Started process (PID=41486) to work on /home/airflow/.local/lib/python3.8/site-packages/airflow/example_dags/example_params_ui_tutorial.py
[2024-01-06T02:33:03.926+0000] {processor.py:830} INFO - Processing file /home/airflow/.local/lib/python3.8/site-packages/airflow/example_dags/example_params_ui_tutorial.py for tasks to queue
[2024-01-06T02:33:03.929+0000] {logging_mixin.py:188} INFO - [2024-01-06T02:33:03.929+0000] {dagbag.py:538} INFO - Filling up the DagBag from /home/airflow/.local/lib/python3.8/site-packages/airflow/example_dags/example_params_ui_tutorial.py
[2024-01-06T02:33:03.942+0000] {processor.py:840} INFO - DAG(s) 'example_params_ui_tutorial' retrieved from /home/airflow/.local/lib/python3.8/site-packages/airflow/example_dags/example_params_ui_tutorial.py
[2024-01-06T02:33:03.983+0000] {logging_mixin.py:188} INFO - [2024-01-06T02:33:03.982+0000] {dag.py:3033} INFO - Sync 1 DAGs
[2024-01-06T02:33:03.991+0000] {logging_mixin.py:188} INFO - [2024-01-06T02:33:03.991+0000] {dag.py:3820} INFO - Setting next_dagrun for example_params_ui_tutorial to None, run_after=None
[2024-01-06T02:33:04.004+0000] {processor.py:183} INFO - Processing /home/airflow/.local/lib/python3.8/site-packages/airflow/example_dags/example_params_ui_tutorial.py took 0.086 seconds
[2024-01-06T02:33:49.020+0000] {processor.py:161} INFO - Started process (PID=41544) to work on /home/airflow/.local/lib/python3.8/site-packages/airflow/example_dags/example_params_ui_tutorial.py
[2024-01-06T02:33:49.039+0000] {processor.py:830} INFO - Processing file /home/airflow/.local/lib/python3.8/site-packages/airflow/example_dags/example_params_ui_tutorial.py for tasks to queue
[2024-01-06T02:33:49.099+0000] {logging_mixin.py:188} INFO - [2024-01-06T02:33:49.098+0000] {dagbag.py:538} INFO - Filling up the DagBag from /home/airflow/.local/lib/python3.8/site-packages/airflow/example_dags/example_params_ui_tutorial.py
[2024-01-06T02:33:49.257+0000] {processor.py:840} INFO - DAG(s) 'example_params_ui_tutorial' retrieved from /home/airflow/.local/lib/python3.8/site-packages/airflow/example_dags/example_params_ui_tutorial.py
[2024-01-06T02:33:49.605+0000] {logging_mixin.py:188} INFO - [2024-01-06T02:33:49.602+0000] {dag.py:3033} INFO - Sync 1 DAGs
[2024-01-06T02:33:49.700+0000] {logging_mixin.py:188} INFO - [2024-01-06T02:33:49.699+0000] {dag.py:3820} INFO - Setting next_dagrun for example_params_ui_tutorial to None, run_after=None
[2024-01-06T02:33:49.882+0000] {processor.py:183} INFO - Processing /home/airflow/.local/lib/python3.8/site-packages/airflow/example_dags/example_params_ui_tutorial.py took 0.878 seconds
[2024-01-06T02:34:20.612+0000] {processor.py:161} INFO - Started process (PID=41602) to work on /home/airflow/.local/lib/python3.8/site-packages/airflow/example_dags/example_params_ui_tutorial.py
[2024-01-06T02:34:20.623+0000] {processor.py:830} INFO - Processing file /home/airflow/.local/lib/python3.8/site-packages/airflow/example_dags/example_params_ui_tutorial.py for tasks to queue
[2024-01-06T02:34:20.631+0000] {logging_mixin.py:188} INFO - [2024-01-06T02:34:20.630+0000] {dagbag.py:538} INFO - Filling up the DagBag from /home/airflow/.local/lib/python3.8/site-packages/airflow/example_dags/example_params_ui_tutorial.py
[2024-01-06T02:34:20.651+0000] {processor.py:840} INFO - DAG(s) 'example_params_ui_tutorial' retrieved from /home/airflow/.local/lib/python3.8/site-packages/airflow/example_dags/example_params_ui_tutorial.py
[2024-01-06T02:34:20.719+0000] {logging_mixin.py:188} INFO - [2024-01-06T02:34:20.719+0000] {dag.py:3033} INFO - Sync 1 DAGs
[2024-01-06T02:34:20.741+0000] {logging_mixin.py:188} INFO - [2024-01-06T02:34:20.741+0000] {dag.py:3820} INFO - Setting next_dagrun for example_params_ui_tutorial to None, run_after=None
[2024-01-06T02:34:20.768+0000] {processor.py:183} INFO - Processing /home/airflow/.local/lib/python3.8/site-packages/airflow/example_dags/example_params_ui_tutorial.py took 0.163 seconds
[2024-01-06T02:34:51.390+0000] {processor.py:161} INFO - Started process (PID=41660) to work on /home/airflow/.local/lib/python3.8/site-packages/airflow/example_dags/example_params_ui_tutorial.py
[2024-01-06T02:34:51.394+0000] {processor.py:830} INFO - Processing file /home/airflow/.local/lib/python3.8/site-packages/airflow/example_dags/example_params_ui_tutorial.py for tasks to queue
[2024-01-06T02:34:51.397+0000] {logging_mixin.py:188} INFO - [2024-01-06T02:34:51.397+0000] {dagbag.py:538} INFO - Filling up the DagBag from /home/airflow/.local/lib/python3.8/site-packages/airflow/example_dags/example_params_ui_tutorial.py
[2024-01-06T02:34:51.406+0000] {processor.py:840} INFO - DAG(s) 'example_params_ui_tutorial' retrieved from /home/airflow/.local/lib/python3.8/site-packages/airflow/example_dags/example_params_ui_tutorial.py
[2024-01-06T02:34:51.441+0000] {logging_mixin.py:188} INFO - [2024-01-06T02:34:51.441+0000] {dag.py:3033} INFO - Sync 1 DAGs
[2024-01-06T02:34:51.449+0000] {logging_mixin.py:188} INFO - [2024-01-06T02:34:51.448+0000] {dag.py:3820} INFO - Setting next_dagrun for example_params_ui_tutorial to None, run_after=None
[2024-01-06T02:34:51.462+0000] {processor.py:183} INFO - Processing /home/airflow/.local/lib/python3.8/site-packages/airflow/example_dags/example_params_ui_tutorial.py took 0.075 seconds
[2024-01-06T02:35:21.898+0000] {processor.py:161} INFO - Started process (PID=41717) to work on /home/airflow/.local/lib/python3.8/site-packages/airflow/example_dags/example_params_ui_tutorial.py
[2024-01-06T02:35:21.901+0000] {processor.py:830} INFO - Processing file /home/airflow/.local/lib/python3.8/site-packages/airflow/example_dags/example_params_ui_tutorial.py for tasks to queue
[2024-01-06T02:35:21.905+0000] {logging_mixin.py:188} INFO - [2024-01-06T02:35:21.904+0000] {dagbag.py:538} INFO - Filling up the DagBag from /home/airflow/.local/lib/python3.8/site-packages/airflow/example_dags/example_params_ui_tutorial.py
[2024-01-06T02:35:21.925+0000] {processor.py:840} INFO - DAG(s) 'example_params_ui_tutorial' retrieved from /home/airflow/.local/lib/python3.8/site-packages/airflow/example_dags/example_params_ui_tutorial.py
[2024-01-06T02:35:21.992+0000] {logging_mixin.py:188} INFO - [2024-01-06T02:35:21.991+0000] {dag.py:3033} INFO - Sync 1 DAGs
[2024-01-06T02:35:22.009+0000] {logging_mixin.py:188} INFO - [2024-01-06T02:35:22.009+0000] {dag.py:3820} INFO - Setting next_dagrun for example_params_ui_tutorial to None, run_after=None
[2024-01-06T02:35:22.034+0000] {processor.py:183} INFO - Processing /home/airflow/.local/lib/python3.8/site-packages/airflow/example_dags/example_params_ui_tutorial.py took 0.140 seconds
[2024-01-06T02:35:52.205+0000] {processor.py:161} INFO - Started process (PID=41775) to work on /home/airflow/.local/lib/python3.8/site-packages/airflow/example_dags/example_params_ui_tutorial.py
[2024-01-06T02:35:52.208+0000] {processor.py:830} INFO - Processing file /home/airflow/.local/lib/python3.8/site-packages/airflow/example_dags/example_params_ui_tutorial.py for tasks to queue
[2024-01-06T02:35:52.214+0000] {logging_mixin.py:188} INFO - [2024-01-06T02:35:52.213+0000] {dagbag.py:538} INFO - Filling up the DagBag from /home/airflow/.local/lib/python3.8/site-packages/airflow/example_dags/example_params_ui_tutorial.py
[2024-01-06T02:35:52.236+0000] {processor.py:840} INFO - DAG(s) 'example_params_ui_tutorial' retrieved from /home/airflow/.local/lib/python3.8/site-packages/airflow/example_dags/example_params_ui_tutorial.py
[2024-01-06T02:35:52.280+0000] {logging_mixin.py:188} INFO - [2024-01-06T02:35:52.280+0000] {dag.py:3033} INFO - Sync 1 DAGs
[2024-01-06T02:35:52.288+0000] {logging_mixin.py:188} INFO - [2024-01-06T02:35:52.288+0000] {dag.py:3820} INFO - Setting next_dagrun for example_params_ui_tutorial to None, run_after=None
[2024-01-06T02:35:52.302+0000] {processor.py:183} INFO - Processing /home/airflow/.local/lib/python3.8/site-packages/airflow/example_dags/example_params_ui_tutorial.py took 0.106 seconds
[2024-01-06T02:36:22.764+0000] {processor.py:161} INFO - Started process (PID=41833) to work on /home/airflow/.local/lib/python3.8/site-packages/airflow/example_dags/example_params_ui_tutorial.py
[2024-01-06T02:36:22.768+0000] {processor.py:830} INFO - Processing file /home/airflow/.local/lib/python3.8/site-packages/airflow/example_dags/example_params_ui_tutorial.py for tasks to queue
[2024-01-06T02:36:22.772+0000] {logging_mixin.py:188} INFO - [2024-01-06T02:36:22.772+0000] {dagbag.py:538} INFO - Filling up the DagBag from /home/airflow/.local/lib/python3.8/site-packages/airflow/example_dags/example_params_ui_tutorial.py
[2024-01-06T02:36:22.793+0000] {processor.py:840} INFO - DAG(s) 'example_params_ui_tutorial' retrieved from /home/airflow/.local/lib/python3.8/site-packages/airflow/example_dags/example_params_ui_tutorial.py
[2024-01-06T02:36:22.838+0000] {logging_mixin.py:188} INFO - [2024-01-06T02:36:22.837+0000] {dag.py:3033} INFO - Sync 1 DAGs
[2024-01-06T02:36:22.847+0000] {logging_mixin.py:188} INFO - [2024-01-06T02:36:22.847+0000] {dag.py:3820} INFO - Setting next_dagrun for example_params_ui_tutorial to None, run_after=None
[2024-01-06T02:36:22.859+0000] {processor.py:183} INFO - Processing /home/airflow/.local/lib/python3.8/site-packages/airflow/example_dags/example_params_ui_tutorial.py took 0.102 seconds
[2024-01-06T02:36:52.943+0000] {processor.py:161} INFO - Started process (PID=41891) to work on /home/airflow/.local/lib/python3.8/site-packages/airflow/example_dags/example_params_ui_tutorial.py
[2024-01-06T02:36:52.946+0000] {processor.py:830} INFO - Processing file /home/airflow/.local/lib/python3.8/site-packages/airflow/example_dags/example_params_ui_tutorial.py for tasks to queue
[2024-01-06T02:36:52.950+0000] {logging_mixin.py:188} INFO - [2024-01-06T02:36:52.950+0000] {dagbag.py:538} INFO - Filling up the DagBag from /home/airflow/.local/lib/python3.8/site-packages/airflow/example_dags/example_params_ui_tutorial.py
[2024-01-06T02:36:52.972+0000] {processor.py:840} INFO - DAG(s) 'example_params_ui_tutorial' retrieved from /home/airflow/.local/lib/python3.8/site-packages/airflow/example_dags/example_params_ui_tutorial.py
[2024-01-06T02:36:53.022+0000] {logging_mixin.py:188} INFO - [2024-01-06T02:36:53.022+0000] {dag.py:3033} INFO - Sync 1 DAGs
[2024-01-06T02:36:53.032+0000] {logging_mixin.py:188} INFO - [2024-01-06T02:36:53.032+0000] {dag.py:3820} INFO - Setting next_dagrun for example_params_ui_tutorial to None, run_after=None
[2024-01-06T02:36:53.044+0000] {processor.py:183} INFO - Processing /home/airflow/.local/lib/python3.8/site-packages/airflow/example_dags/example_params_ui_tutorial.py took 0.107 seconds
[2024-01-06T02:37:23.111+0000] {processor.py:161} INFO - Started process (PID=41955) to work on /home/airflow/.local/lib/python3.8/site-packages/airflow/example_dags/example_params_ui_tutorial.py
[2024-01-06T02:37:23.113+0000] {processor.py:830} INFO - Processing file /home/airflow/.local/lib/python3.8/site-packages/airflow/example_dags/example_params_ui_tutorial.py for tasks to queue
[2024-01-06T02:37:23.116+0000] {logging_mixin.py:188} INFO - [2024-01-06T02:37:23.116+0000] {dagbag.py:538} INFO - Filling up the DagBag from /home/airflow/.local/lib/python3.8/site-packages/airflow/example_dags/example_params_ui_tutorial.py
[2024-01-06T02:37:23.134+0000] {processor.py:840} INFO - DAG(s) 'example_params_ui_tutorial' retrieved from /home/airflow/.local/lib/python3.8/site-packages/airflow/example_dags/example_params_ui_tutorial.py
[2024-01-06T02:37:23.168+0000] {logging_mixin.py:188} INFO - [2024-01-06T02:37:23.168+0000] {dag.py:3033} INFO - Sync 1 DAGs
[2024-01-06T02:37:23.176+0000] {logging_mixin.py:188} INFO - [2024-01-06T02:37:23.176+0000] {dag.py:3820} INFO - Setting next_dagrun for example_params_ui_tutorial to None, run_after=None
[2024-01-06T02:37:23.187+0000] {processor.py:183} INFO - Processing /home/airflow/.local/lib/python3.8/site-packages/airflow/example_dags/example_params_ui_tutorial.py took 0.081 seconds
[2024-01-06T02:37:53.547+0000] {processor.py:161} INFO - Started process (PID=42012) to work on /home/airflow/.local/lib/python3.8/site-packages/airflow/example_dags/example_params_ui_tutorial.py
[2024-01-06T02:37:53.550+0000] {processor.py:830} INFO - Processing file /home/airflow/.local/lib/python3.8/site-packages/airflow/example_dags/example_params_ui_tutorial.py for tasks to queue
[2024-01-06T02:37:53.553+0000] {logging_mixin.py:188} INFO - [2024-01-06T02:37:53.552+0000] {dagbag.py:538} INFO - Filling up the DagBag from /home/airflow/.local/lib/python3.8/site-packages/airflow/example_dags/example_params_ui_tutorial.py
[2024-01-06T02:37:53.570+0000] {processor.py:840} INFO - DAG(s) 'example_params_ui_tutorial' retrieved from /home/airflow/.local/lib/python3.8/site-packages/airflow/example_dags/example_params_ui_tutorial.py
[2024-01-06T02:37:53.605+0000] {logging_mixin.py:188} INFO - [2024-01-06T02:37:53.605+0000] {dag.py:3033} INFO - Sync 1 DAGs
[2024-01-06T02:37:53.612+0000] {logging_mixin.py:188} INFO - [2024-01-06T02:37:53.612+0000] {dag.py:3820} INFO - Setting next_dagrun for example_params_ui_tutorial to None, run_after=None
[2024-01-06T02:37:53.625+0000] {processor.py:183} INFO - Processing /home/airflow/.local/lib/python3.8/site-packages/airflow/example_dags/example_params_ui_tutorial.py took 0.081 seconds
[2024-01-06T02:38:23.953+0000] {processor.py:161} INFO - Started process (PID=42070) to work on /home/airflow/.local/lib/python3.8/site-packages/airflow/example_dags/example_params_ui_tutorial.py
[2024-01-06T02:38:23.957+0000] {processor.py:830} INFO - Processing file /home/airflow/.local/lib/python3.8/site-packages/airflow/example_dags/example_params_ui_tutorial.py for tasks to queue
[2024-01-06T02:38:23.959+0000] {logging_mixin.py:188} INFO - [2024-01-06T02:38:23.959+0000] {dagbag.py:538} INFO - Filling up the DagBag from /home/airflow/.local/lib/python3.8/site-packages/airflow/example_dags/example_params_ui_tutorial.py
[2024-01-06T02:38:23.974+0000] {processor.py:840} INFO - DAG(s) 'example_params_ui_tutorial' retrieved from /home/airflow/.local/lib/python3.8/site-packages/airflow/example_dags/example_params_ui_tutorial.py
[2024-01-06T02:38:24.010+0000] {logging_mixin.py:188} INFO - [2024-01-06T02:38:24.010+0000] {dag.py:3033} INFO - Sync 1 DAGs
[2024-01-06T02:38:24.018+0000] {logging_mixin.py:188} INFO - [2024-01-06T02:38:24.018+0000] {dag.py:3820} INFO - Setting next_dagrun for example_params_ui_tutorial to None, run_after=None
[2024-01-06T02:38:24.028+0000] {processor.py:183} INFO - Processing /home/airflow/.local/lib/python3.8/site-packages/airflow/example_dags/example_params_ui_tutorial.py took 0.080 seconds
[2024-01-06T02:38:54.312+0000] {processor.py:161} INFO - Started process (PID=42127) to work on /home/airflow/.local/lib/python3.8/site-packages/airflow/example_dags/example_params_ui_tutorial.py
[2024-01-06T02:38:54.314+0000] {processor.py:830} INFO - Processing file /home/airflow/.local/lib/python3.8/site-packages/airflow/example_dags/example_params_ui_tutorial.py for tasks to queue
[2024-01-06T02:38:54.317+0000] {logging_mixin.py:188} INFO - [2024-01-06T02:38:54.317+0000] {dagbag.py:538} INFO - Filling up the DagBag from /home/airflow/.local/lib/python3.8/site-packages/airflow/example_dags/example_params_ui_tutorial.py
[2024-01-06T02:38:54.329+0000] {processor.py:840} INFO - DAG(s) 'example_params_ui_tutorial' retrieved from /home/airflow/.local/lib/python3.8/site-packages/airflow/example_dags/example_params_ui_tutorial.py
[2024-01-06T02:38:54.368+0000] {logging_mixin.py:188} INFO - [2024-01-06T02:38:54.367+0000] {dag.py:3033} INFO - Sync 1 DAGs
[2024-01-06T02:38:54.376+0000] {logging_mixin.py:188} INFO - [2024-01-06T02:38:54.376+0000] {dag.py:3820} INFO - Setting next_dagrun for example_params_ui_tutorial to None, run_after=None
[2024-01-06T02:38:54.391+0000] {processor.py:183} INFO - Processing /home/airflow/.local/lib/python3.8/site-packages/airflow/example_dags/example_params_ui_tutorial.py took 0.084 seconds
[2024-01-06T02:39:25.172+0000] {processor.py:161} INFO - Started process (PID=42184) to work on /home/airflow/.local/lib/python3.8/site-packages/airflow/example_dags/example_params_ui_tutorial.py
[2024-01-06T02:39:25.175+0000] {processor.py:830} INFO - Processing file /home/airflow/.local/lib/python3.8/site-packages/airflow/example_dags/example_params_ui_tutorial.py for tasks to queue
[2024-01-06T02:39:25.180+0000] {logging_mixin.py:188} INFO - [2024-01-06T02:39:25.180+0000] {dagbag.py:538} INFO - Filling up the DagBag from /home/airflow/.local/lib/python3.8/site-packages/airflow/example_dags/example_params_ui_tutorial.py
[2024-01-06T02:39:25.206+0000] {processor.py:840} INFO - DAG(s) 'example_params_ui_tutorial' retrieved from /home/airflow/.local/lib/python3.8/site-packages/airflow/example_dags/example_params_ui_tutorial.py
[2024-01-06T02:39:25.248+0000] {logging_mixin.py:188} INFO - [2024-01-06T02:39:25.248+0000] {dag.py:3033} INFO - Sync 1 DAGs
[2024-01-06T02:39:25.256+0000] {logging_mixin.py:188} INFO - [2024-01-06T02:39:25.256+0000] {dag.py:3820} INFO - Setting next_dagrun for example_params_ui_tutorial to None, run_after=None
[2024-01-06T02:39:25.270+0000] {processor.py:183} INFO - Processing /home/airflow/.local/lib/python3.8/site-packages/airflow/example_dags/example_params_ui_tutorial.py took 0.106 seconds
[2024-01-06T02:39:55.469+0000] {processor.py:161} INFO - Started process (PID=42243) to work on /home/airflow/.local/lib/python3.8/site-packages/airflow/example_dags/example_params_ui_tutorial.py
[2024-01-06T02:39:55.471+0000] {processor.py:830} INFO - Processing file /home/airflow/.local/lib/python3.8/site-packages/airflow/example_dags/example_params_ui_tutorial.py for tasks to queue
[2024-01-06T02:39:55.475+0000] {logging_mixin.py:188} INFO - [2024-01-06T02:39:55.474+0000] {dagbag.py:538} INFO - Filling up the DagBag from /home/airflow/.local/lib/python3.8/site-packages/airflow/example_dags/example_params_ui_tutorial.py
[2024-01-06T02:39:55.487+0000] {processor.py:840} INFO - DAG(s) 'example_params_ui_tutorial' retrieved from /home/airflow/.local/lib/python3.8/site-packages/airflow/example_dags/example_params_ui_tutorial.py
[2024-01-06T02:39:55.523+0000] {logging_mixin.py:188} INFO - [2024-01-06T02:39:55.523+0000] {dag.py:3033} INFO - Sync 1 DAGs
[2024-01-06T02:39:55.531+0000] {logging_mixin.py:188} INFO - [2024-01-06T02:39:55.531+0000] {dag.py:3820} INFO - Setting next_dagrun for example_params_ui_tutorial to None, run_after=None
[2024-01-06T02:39:55.544+0000] {processor.py:183} INFO - Processing /home/airflow/.local/lib/python3.8/site-packages/airflow/example_dags/example_params_ui_tutorial.py took 0.080 seconds
[2024-01-06T02:40:25.651+0000] {processor.py:161} INFO - Started process (PID=42302) to work on /home/airflow/.local/lib/python3.8/site-packages/airflow/example_dags/example_params_ui_tutorial.py
[2024-01-06T02:40:25.654+0000] {processor.py:830} INFO - Processing file /home/airflow/.local/lib/python3.8/site-packages/airflow/example_dags/example_params_ui_tutorial.py for tasks to queue
[2024-01-06T02:40:25.659+0000] {logging_mixin.py:188} INFO - [2024-01-06T02:40:25.658+0000] {dagbag.py:538} INFO - Filling up the DagBag from /home/airflow/.local/lib/python3.8/site-packages/airflow/example_dags/example_params_ui_tutorial.py
[2024-01-06T02:40:25.672+0000] {processor.py:840} INFO - DAG(s) 'example_params_ui_tutorial' retrieved from /home/airflow/.local/lib/python3.8/site-packages/airflow/example_dags/example_params_ui_tutorial.py
[2024-01-06T02:40:25.706+0000] {logging_mixin.py:188} INFO - [2024-01-06T02:40:25.706+0000] {dag.py:3033} INFO - Sync 1 DAGs
[2024-01-06T02:40:25.714+0000] {logging_mixin.py:188} INFO - [2024-01-06T02:40:25.714+0000] {dag.py:3820} INFO - Setting next_dagrun for example_params_ui_tutorial to None, run_after=None
[2024-01-06T02:40:25.727+0000] {processor.py:183} INFO - Processing /home/airflow/.local/lib/python3.8/site-packages/airflow/example_dags/example_params_ui_tutorial.py took 0.082 seconds
[2024-01-06T02:41:01.703+0000] {processor.py:161} INFO - Started process (PID=42360) to work on /home/airflow/.local/lib/python3.8/site-packages/airflow/example_dags/example_params_ui_tutorial.py
[2024-01-06T02:41:01.705+0000] {processor.py:830} INFO - Processing file /home/airflow/.local/lib/python3.8/site-packages/airflow/example_dags/example_params_ui_tutorial.py for tasks to queue
[2024-01-06T02:41:01.708+0000] {logging_mixin.py:188} INFO - [2024-01-06T02:41:01.708+0000] {dagbag.py:538} INFO - Filling up the DagBag from /home/airflow/.local/lib/python3.8/site-packages/airflow/example_dags/example_params_ui_tutorial.py
[2024-01-06T02:41:01.725+0000] {processor.py:840} INFO - DAG(s) 'example_params_ui_tutorial' retrieved from /home/airflow/.local/lib/python3.8/site-packages/airflow/example_dags/example_params_ui_tutorial.py
[2024-01-06T02:41:01.773+0000] {logging_mixin.py:188} INFO - [2024-01-06T02:41:01.773+0000] {dag.py:3033} INFO - Sync 1 DAGs
[2024-01-06T02:41:01.795+0000] {logging_mixin.py:188} INFO - [2024-01-06T02:41:01.794+0000] {dag.py:3820} INFO - Setting next_dagrun for example_params_ui_tutorial to None, run_after=None
[2024-01-06T02:41:01.821+0000] {processor.py:183} INFO - Processing /home/airflow/.local/lib/python3.8/site-packages/airflow/example_dags/example_params_ui_tutorial.py took 0.120 seconds
[2024-01-06T02:41:32.776+0000] {processor.py:161} INFO - Started process (PID=42418) to work on /home/airflow/.local/lib/python3.8/site-packages/airflow/example_dags/example_params_ui_tutorial.py
[2024-01-06T02:41:32.778+0000] {processor.py:830} INFO - Processing file /home/airflow/.local/lib/python3.8/site-packages/airflow/example_dags/example_params_ui_tutorial.py for tasks to queue
[2024-01-06T02:41:32.781+0000] {logging_mixin.py:188} INFO - [2024-01-06T02:41:32.780+0000] {dagbag.py:538} INFO - Filling up the DagBag from /home/airflow/.local/lib/python3.8/site-packages/airflow/example_dags/example_params_ui_tutorial.py
[2024-01-06T02:41:32.791+0000] {processor.py:840} INFO - DAG(s) 'example_params_ui_tutorial' retrieved from /home/airflow/.local/lib/python3.8/site-packages/airflow/example_dags/example_params_ui_tutorial.py
[2024-01-06T02:41:32.830+0000] {logging_mixin.py:188} INFO - [2024-01-06T02:41:32.830+0000] {dag.py:3033} INFO - Sync 1 DAGs
[2024-01-06T02:41:32.838+0000] {logging_mixin.py:188} INFO - [2024-01-06T02:41:32.838+0000] {dag.py:3820} INFO - Setting next_dagrun for example_params_ui_tutorial to None, run_after=None
[2024-01-06T02:41:32.859+0000] {processor.py:183} INFO - Processing /home/airflow/.local/lib/python3.8/site-packages/airflow/example_dags/example_params_ui_tutorial.py took 0.086 seconds
[2024-01-06T02:42:02.945+0000] {processor.py:161} INFO - Started process (PID=42475) to work on /home/airflow/.local/lib/python3.8/site-packages/airflow/example_dags/example_params_ui_tutorial.py
[2024-01-06T02:42:02.948+0000] {processor.py:830} INFO - Processing file /home/airflow/.local/lib/python3.8/site-packages/airflow/example_dags/example_params_ui_tutorial.py for tasks to queue
[2024-01-06T02:42:02.953+0000] {logging_mixin.py:188} INFO - [2024-01-06T02:42:02.952+0000] {dagbag.py:538} INFO - Filling up the DagBag from /home/airflow/.local/lib/python3.8/site-packages/airflow/example_dags/example_params_ui_tutorial.py
[2024-01-06T02:42:02.975+0000] {processor.py:840} INFO - DAG(s) 'example_params_ui_tutorial' retrieved from /home/airflow/.local/lib/python3.8/site-packages/airflow/example_dags/example_params_ui_tutorial.py
[2024-01-06T02:42:03.020+0000] {logging_mixin.py:188} INFO - [2024-01-06T02:42:03.020+0000] {dag.py:3033} INFO - Sync 1 DAGs
[2024-01-06T02:42:03.028+0000] {logging_mixin.py:188} INFO - [2024-01-06T02:42:03.028+0000] {dag.py:3820} INFO - Setting next_dagrun for example_params_ui_tutorial to None, run_after=None
[2024-01-06T02:42:03.045+0000] {processor.py:183} INFO - Processing /home/airflow/.local/lib/python3.8/site-packages/airflow/example_dags/example_params_ui_tutorial.py took 0.104 seconds
[2024-01-06T02:42:33.092+0000] {processor.py:161} INFO - Started process (PID=42533) to work on /home/airflow/.local/lib/python3.8/site-packages/airflow/example_dags/example_params_ui_tutorial.py
[2024-01-06T02:42:33.094+0000] {processor.py:830} INFO - Processing file /home/airflow/.local/lib/python3.8/site-packages/airflow/example_dags/example_params_ui_tutorial.py for tasks to queue
[2024-01-06T02:42:33.100+0000] {logging_mixin.py:188} INFO - [2024-01-06T02:42:33.100+0000] {dagbag.py:538} INFO - Filling up the DagBag from /home/airflow/.local/lib/python3.8/site-packages/airflow/example_dags/example_params_ui_tutorial.py
[2024-01-06T02:42:33.117+0000] {processor.py:840} INFO - DAG(s) 'example_params_ui_tutorial' retrieved from /home/airflow/.local/lib/python3.8/site-packages/airflow/example_dags/example_params_ui_tutorial.py
[2024-01-06T02:42:33.164+0000] {logging_mixin.py:188} INFO - [2024-01-06T02:42:33.164+0000] {dag.py:3033} INFO - Sync 1 DAGs
[2024-01-06T02:42:33.176+0000] {logging_mixin.py:188} INFO - [2024-01-06T02:42:33.176+0000] {dag.py:3820} INFO - Setting next_dagrun for example_params_ui_tutorial to None, run_after=None
[2024-01-06T02:42:33.194+0000] {processor.py:183} INFO - Processing /home/airflow/.local/lib/python3.8/site-packages/airflow/example_dags/example_params_ui_tutorial.py took 0.109 seconds
[2024-01-06T02:43:03.270+0000] {processor.py:161} INFO - Started process (PID=42591) to work on /home/airflow/.local/lib/python3.8/site-packages/airflow/example_dags/example_params_ui_tutorial.py
[2024-01-06T02:43:03.274+0000] {processor.py:830} INFO - Processing file /home/airflow/.local/lib/python3.8/site-packages/airflow/example_dags/example_params_ui_tutorial.py for tasks to queue
[2024-01-06T02:43:03.278+0000] {logging_mixin.py:188} INFO - [2024-01-06T02:43:03.278+0000] {dagbag.py:538} INFO - Filling up the DagBag from /home/airflow/.local/lib/python3.8/site-packages/airflow/example_dags/example_params_ui_tutorial.py
[2024-01-06T02:43:03.290+0000] {processor.py:840} INFO - DAG(s) 'example_params_ui_tutorial' retrieved from /home/airflow/.local/lib/python3.8/site-packages/airflow/example_dags/example_params_ui_tutorial.py
[2024-01-06T02:43:03.326+0000] {logging_mixin.py:188} INFO - [2024-01-06T02:43:03.326+0000] {dag.py:3033} INFO - Sync 1 DAGs
[2024-01-06T02:43:03.334+0000] {logging_mixin.py:188} INFO - [2024-01-06T02:43:03.334+0000] {dag.py:3820} INFO - Setting next_dagrun for example_params_ui_tutorial to None, run_after=None
[2024-01-06T02:43:03.347+0000] {processor.py:183} INFO - Processing /home/airflow/.local/lib/python3.8/site-packages/airflow/example_dags/example_params_ui_tutorial.py took 0.084 seconds
[2024-01-06T02:43:33.655+0000] {processor.py:161} INFO - Started process (PID=42649) to work on /home/airflow/.local/lib/python3.8/site-packages/airflow/example_dags/example_params_ui_tutorial.py
[2024-01-06T02:43:33.657+0000] {processor.py:830} INFO - Processing file /home/airflow/.local/lib/python3.8/site-packages/airflow/example_dags/example_params_ui_tutorial.py for tasks to queue
[2024-01-06T02:43:33.660+0000] {logging_mixin.py:188} INFO - [2024-01-06T02:43:33.660+0000] {dagbag.py:538} INFO - Filling up the DagBag from /home/airflow/.local/lib/python3.8/site-packages/airflow/example_dags/example_params_ui_tutorial.py
[2024-01-06T02:43:33.673+0000] {processor.py:840} INFO - DAG(s) 'example_params_ui_tutorial' retrieved from /home/airflow/.local/lib/python3.8/site-packages/airflow/example_dags/example_params_ui_tutorial.py
[2024-01-06T02:43:33.708+0000] {logging_mixin.py:188} INFO - [2024-01-06T02:43:33.708+0000] {dag.py:3033} INFO - Sync 1 DAGs
[2024-01-06T02:43:33.716+0000] {logging_mixin.py:188} INFO - [2024-01-06T02:43:33.716+0000] {dag.py:3820} INFO - Setting next_dagrun for example_params_ui_tutorial to None, run_after=None
[2024-01-06T02:43:33.729+0000] {processor.py:183} INFO - Processing /home/airflow/.local/lib/python3.8/site-packages/airflow/example_dags/example_params_ui_tutorial.py took 0.079 seconds
[2024-01-06T02:44:03.952+0000] {processor.py:161} INFO - Started process (PID=42707) to work on /home/airflow/.local/lib/python3.8/site-packages/airflow/example_dags/example_params_ui_tutorial.py
[2024-01-06T02:44:03.955+0000] {processor.py:830} INFO - Processing file /home/airflow/.local/lib/python3.8/site-packages/airflow/example_dags/example_params_ui_tutorial.py for tasks to queue
[2024-01-06T02:44:03.959+0000] {logging_mixin.py:188} INFO - [2024-01-06T02:44:03.959+0000] {dagbag.py:538} INFO - Filling up the DagBag from /home/airflow/.local/lib/python3.8/site-packages/airflow/example_dags/example_params_ui_tutorial.py
[2024-01-06T02:44:03.974+0000] {processor.py:840} INFO - DAG(s) 'example_params_ui_tutorial' retrieved from /home/airflow/.local/lib/python3.8/site-packages/airflow/example_dags/example_params_ui_tutorial.py
[2024-01-06T02:44:04.008+0000] {logging_mixin.py:188} INFO - [2024-01-06T02:44:04.008+0000] {dag.py:3033} INFO - Sync 1 DAGs
[2024-01-06T02:44:04.016+0000] {logging_mixin.py:188} INFO - [2024-01-06T02:44:04.016+0000] {dag.py:3820} INFO - Setting next_dagrun for example_params_ui_tutorial to None, run_after=None
[2024-01-06T02:44:04.029+0000] {processor.py:183} INFO - Processing /home/airflow/.local/lib/python3.8/site-packages/airflow/example_dags/example_params_ui_tutorial.py took 0.082 seconds
[2024-01-06T02:44:34.130+0000] {processor.py:161} INFO - Started process (PID=42765) to work on /home/airflow/.local/lib/python3.8/site-packages/airflow/example_dags/example_params_ui_tutorial.py
[2024-01-06T02:44:34.133+0000] {processor.py:830} INFO - Processing file /home/airflow/.local/lib/python3.8/site-packages/airflow/example_dags/example_params_ui_tutorial.py for tasks to queue
[2024-01-06T02:44:34.146+0000] {logging_mixin.py:188} INFO - [2024-01-06T02:44:34.136+0000] {dagbag.py:538} INFO - Filling up the DagBag from /home/airflow/.local/lib/python3.8/site-packages/airflow/example_dags/example_params_ui_tutorial.py
[2024-01-06T02:44:34.156+0000] {processor.py:840} INFO - DAG(s) 'example_params_ui_tutorial' retrieved from /home/airflow/.local/lib/python3.8/site-packages/airflow/example_dags/example_params_ui_tutorial.py
[2024-01-06T02:44:34.190+0000] {logging_mixin.py:188} INFO - [2024-01-06T02:44:34.190+0000] {dag.py:3033} INFO - Sync 1 DAGs
[2024-01-06T02:44:34.198+0000] {logging_mixin.py:188} INFO - [2024-01-06T02:44:34.198+0000] {dag.py:3820} INFO - Setting next_dagrun for example_params_ui_tutorial to None, run_after=None
[2024-01-06T02:44:34.211+0000] {processor.py:183} INFO - Processing /home/airflow/.local/lib/python3.8/site-packages/airflow/example_dags/example_params_ui_tutorial.py took 0.084 seconds
[2024-01-06T02:45:04.480+0000] {processor.py:161} INFO - Started process (PID=42823) to work on /home/airflow/.local/lib/python3.8/site-packages/airflow/example_dags/example_params_ui_tutorial.py
[2024-01-06T02:45:04.483+0000] {processor.py:830} INFO - Processing file /home/airflow/.local/lib/python3.8/site-packages/airflow/example_dags/example_params_ui_tutorial.py for tasks to queue
[2024-01-06T02:45:04.487+0000] {logging_mixin.py:188} INFO - [2024-01-06T02:45:04.487+0000] {dagbag.py:538} INFO - Filling up the DagBag from /home/airflow/.local/lib/python3.8/site-packages/airflow/example_dags/example_params_ui_tutorial.py
[2024-01-06T02:45:04.501+0000] {processor.py:840} INFO - DAG(s) 'example_params_ui_tutorial' retrieved from /home/airflow/.local/lib/python3.8/site-packages/airflow/example_dags/example_params_ui_tutorial.py
[2024-01-06T02:45:04.535+0000] {logging_mixin.py:188} INFO - [2024-01-06T02:45:04.535+0000] {dag.py:3033} INFO - Sync 1 DAGs
[2024-01-06T02:45:04.543+0000] {logging_mixin.py:188} INFO - [2024-01-06T02:45:04.543+0000] {dag.py:3820} INFO - Setting next_dagrun for example_params_ui_tutorial to None, run_after=None
[2024-01-06T02:45:04.556+0000] {processor.py:183} INFO - Processing /home/airflow/.local/lib/python3.8/site-packages/airflow/example_dags/example_params_ui_tutorial.py took 0.083 seconds
[2024-01-06T02:45:34.616+0000] {processor.py:161} INFO - Started process (PID=42881) to work on /home/airflow/.local/lib/python3.8/site-packages/airflow/example_dags/example_params_ui_tutorial.py
[2024-01-06T02:45:34.621+0000] {processor.py:830} INFO - Processing file /home/airflow/.local/lib/python3.8/site-packages/airflow/example_dags/example_params_ui_tutorial.py for tasks to queue
[2024-01-06T02:45:34.624+0000] {logging_mixin.py:188} INFO - [2024-01-06T02:45:34.624+0000] {dagbag.py:538} INFO - Filling up the DagBag from /home/airflow/.local/lib/python3.8/site-packages/airflow/example_dags/example_params_ui_tutorial.py
[2024-01-06T02:45:34.644+0000] {processor.py:840} INFO - DAG(s) 'example_params_ui_tutorial' retrieved from /home/airflow/.local/lib/python3.8/site-packages/airflow/example_dags/example_params_ui_tutorial.py
[2024-01-06T02:45:34.679+0000] {logging_mixin.py:188} INFO - [2024-01-06T02:45:34.679+0000] {dag.py:3033} INFO - Sync 1 DAGs
[2024-01-06T02:45:34.687+0000] {logging_mixin.py:188} INFO - [2024-01-06T02:45:34.687+0000] {dag.py:3820} INFO - Setting next_dagrun for example_params_ui_tutorial to None, run_after=None
[2024-01-06T02:45:34.700+0000] {processor.py:183} INFO - Processing /home/airflow/.local/lib/python3.8/site-packages/airflow/example_dags/example_params_ui_tutorial.py took 0.088 seconds
[2024-01-06T02:46:04.871+0000] {processor.py:161} INFO - Started process (PID=42939) to work on /home/airflow/.local/lib/python3.8/site-packages/airflow/example_dags/example_params_ui_tutorial.py
[2024-01-06T02:46:04.874+0000] {processor.py:830} INFO - Processing file /home/airflow/.local/lib/python3.8/site-packages/airflow/example_dags/example_params_ui_tutorial.py for tasks to queue
[2024-01-06T02:46:04.878+0000] {logging_mixin.py:188} INFO - [2024-01-06T02:46:04.878+0000] {dagbag.py:538} INFO - Filling up the DagBag from /home/airflow/.local/lib/python3.8/site-packages/airflow/example_dags/example_params_ui_tutorial.py
[2024-01-06T02:46:04.892+0000] {processor.py:840} INFO - DAG(s) 'example_params_ui_tutorial' retrieved from /home/airflow/.local/lib/python3.8/site-packages/airflow/example_dags/example_params_ui_tutorial.py
[2024-01-06T02:46:04.937+0000] {logging_mixin.py:188} INFO - [2024-01-06T02:46:04.937+0000] {dag.py:3033} INFO - Sync 1 DAGs
[2024-01-06T02:46:04.946+0000] {logging_mixin.py:188} INFO - [2024-01-06T02:46:04.946+0000] {dag.py:3820} INFO - Setting next_dagrun for example_params_ui_tutorial to None, run_after=None
[2024-01-06T02:46:04.964+0000] {processor.py:183} INFO - Processing /home/airflow/.local/lib/python3.8/site-packages/airflow/example_dags/example_params_ui_tutorial.py took 0.096 seconds
[2024-01-06T02:46:35.496+0000] {processor.py:161} INFO - Started process (PID=42997) to work on /home/airflow/.local/lib/python3.8/site-packages/airflow/example_dags/example_params_ui_tutorial.py
[2024-01-06T02:46:35.499+0000] {processor.py:830} INFO - Processing file /home/airflow/.local/lib/python3.8/site-packages/airflow/example_dags/example_params_ui_tutorial.py for tasks to queue
[2024-01-06T02:46:35.503+0000] {logging_mixin.py:188} INFO - [2024-01-06T02:46:35.503+0000] {dagbag.py:538} INFO - Filling up the DagBag from /home/airflow/.local/lib/python3.8/site-packages/airflow/example_dags/example_params_ui_tutorial.py
[2024-01-06T02:46:35.518+0000] {processor.py:840} INFO - DAG(s) 'example_params_ui_tutorial' retrieved from /home/airflow/.local/lib/python3.8/site-packages/airflow/example_dags/example_params_ui_tutorial.py
[2024-01-06T02:46:35.558+0000] {logging_mixin.py:188} INFO - [2024-01-06T02:46:35.558+0000] {dag.py:3033} INFO - Sync 1 DAGs
[2024-01-06T02:46:35.566+0000] {logging_mixin.py:188} INFO - [2024-01-06T02:46:35.566+0000] {dag.py:3820} INFO - Setting next_dagrun for example_params_ui_tutorial to None, run_after=None
[2024-01-06T02:46:35.579+0000] {processor.py:183} INFO - Processing /home/airflow/.local/lib/python3.8/site-packages/airflow/example_dags/example_params_ui_tutorial.py took 0.089 seconds
[2024-01-06T02:47:05.734+0000] {processor.py:161} INFO - Started process (PID=43055) to work on /home/airflow/.local/lib/python3.8/site-packages/airflow/example_dags/example_params_ui_tutorial.py
[2024-01-06T02:47:05.737+0000] {processor.py:830} INFO - Processing file /home/airflow/.local/lib/python3.8/site-packages/airflow/example_dags/example_params_ui_tutorial.py for tasks to queue
[2024-01-06T02:47:05.741+0000] {logging_mixin.py:188} INFO - [2024-01-06T02:47:05.741+0000] {dagbag.py:538} INFO - Filling up the DagBag from /home/airflow/.local/lib/python3.8/site-packages/airflow/example_dags/example_params_ui_tutorial.py
[2024-01-06T02:47:05.756+0000] {processor.py:840} INFO - DAG(s) 'example_params_ui_tutorial' retrieved from /home/airflow/.local/lib/python3.8/site-packages/airflow/example_dags/example_params_ui_tutorial.py
[2024-01-06T02:47:05.792+0000] {logging_mixin.py:188} INFO - [2024-01-06T02:47:05.792+0000] {dag.py:3033} INFO - Sync 1 DAGs
[2024-01-06T02:47:05.800+0000] {logging_mixin.py:188} INFO - [2024-01-06T02:47:05.800+0000] {dag.py:3820} INFO - Setting next_dagrun for example_params_ui_tutorial to None, run_after=None
[2024-01-06T02:47:05.814+0000] {processor.py:183} INFO - Processing /home/airflow/.local/lib/python3.8/site-packages/airflow/example_dags/example_params_ui_tutorial.py took 0.085 seconds
[2024-01-06T02:47:36.292+0000] {processor.py:161} INFO - Started process (PID=43113) to work on /home/airflow/.local/lib/python3.8/site-packages/airflow/example_dags/example_params_ui_tutorial.py
[2024-01-06T02:47:36.295+0000] {processor.py:830} INFO - Processing file /home/airflow/.local/lib/python3.8/site-packages/airflow/example_dags/example_params_ui_tutorial.py for tasks to queue
[2024-01-06T02:47:36.299+0000] {logging_mixin.py:188} INFO - [2024-01-06T02:47:36.299+0000] {dagbag.py:538} INFO - Filling up the DagBag from /home/airflow/.local/lib/python3.8/site-packages/airflow/example_dags/example_params_ui_tutorial.py
[2024-01-06T02:47:36.313+0000] {processor.py:840} INFO - DAG(s) 'example_params_ui_tutorial' retrieved from /home/airflow/.local/lib/python3.8/site-packages/airflow/example_dags/example_params_ui_tutorial.py
[2024-01-06T02:47:36.348+0000] {logging_mixin.py:188} INFO - [2024-01-06T02:47:36.348+0000] {dag.py:3033} INFO - Sync 1 DAGs
[2024-01-06T02:47:36.356+0000] {logging_mixin.py:188} INFO - [2024-01-06T02:47:36.356+0000] {dag.py:3820} INFO - Setting next_dagrun for example_params_ui_tutorial to None, run_after=None
[2024-01-06T02:47:36.368+0000] {processor.py:183} INFO - Processing /home/airflow/.local/lib/python3.8/site-packages/airflow/example_dags/example_params_ui_tutorial.py took 0.081 seconds
[2024-01-06T02:48:06.483+0000] {processor.py:161} INFO - Started process (PID=43171) to work on /home/airflow/.local/lib/python3.8/site-packages/airflow/example_dags/example_params_ui_tutorial.py
[2024-01-06T02:48:06.486+0000] {processor.py:830} INFO - Processing file /home/airflow/.local/lib/python3.8/site-packages/airflow/example_dags/example_params_ui_tutorial.py for tasks to queue
[2024-01-06T02:48:06.494+0000] {logging_mixin.py:188} INFO - [2024-01-06T02:48:06.493+0000] {dagbag.py:538} INFO - Filling up the DagBag from /home/airflow/.local/lib/python3.8/site-packages/airflow/example_dags/example_params_ui_tutorial.py
[2024-01-06T02:48:06.525+0000] {processor.py:840} INFO - DAG(s) 'example_params_ui_tutorial' retrieved from /home/airflow/.local/lib/python3.8/site-packages/airflow/example_dags/example_params_ui_tutorial.py
[2024-01-06T02:48:06.576+0000] {logging_mixin.py:188} INFO - [2024-01-06T02:48:06.576+0000] {dag.py:3033} INFO - Sync 1 DAGs
[2024-01-06T02:48:06.586+0000] {logging_mixin.py:188} INFO - [2024-01-06T02:48:06.586+0000] {dag.py:3820} INFO - Setting next_dagrun for example_params_ui_tutorial to None, run_after=None
[2024-01-06T02:48:06.601+0000] {processor.py:183} INFO - Processing /home/airflow/.local/lib/python3.8/site-packages/airflow/example_dags/example_params_ui_tutorial.py took 0.130 seconds
[2024-01-06T02:48:37.486+0000] {processor.py:161} INFO - Started process (PID=43229) to work on /home/airflow/.local/lib/python3.8/site-packages/airflow/example_dags/example_params_ui_tutorial.py
[2024-01-06T02:48:37.493+0000] {processor.py:830} INFO - Processing file /home/airflow/.local/lib/python3.8/site-packages/airflow/example_dags/example_params_ui_tutorial.py for tasks to queue
[2024-01-06T02:48:37.592+0000] {logging_mixin.py:188} INFO - [2024-01-06T02:48:37.591+0000] {dagbag.py:538} INFO - Filling up the DagBag from /home/airflow/.local/lib/python3.8/site-packages/airflow/example_dags/example_params_ui_tutorial.py
[2024-01-06T02:48:37.849+0000] {processor.py:840} INFO - DAG(s) 'example_params_ui_tutorial' retrieved from /home/airflow/.local/lib/python3.8/site-packages/airflow/example_dags/example_params_ui_tutorial.py
[2024-01-06T02:48:37.990+0000] {logging_mixin.py:188} INFO - [2024-01-06T02:48:37.989+0000] {dag.py:3033} INFO - Sync 1 DAGs
[2024-01-06T02:48:38.008+0000] {logging_mixin.py:188} INFO - [2024-01-06T02:48:38.008+0000] {dag.py:3820} INFO - Setting next_dagrun for example_params_ui_tutorial to None, run_after=None
[2024-01-06T02:48:38.031+0000] {processor.py:183} INFO - Processing /home/airflow/.local/lib/python3.8/site-packages/airflow/example_dags/example_params_ui_tutorial.py took 0.583 seconds
[2024-01-06T02:49:24.421+0000] {processor.py:161} INFO - Started process (PID=43287) to work on /home/airflow/.local/lib/python3.8/site-packages/airflow/example_dags/example_params_ui_tutorial.py
[2024-01-06T02:49:24.423+0000] {processor.py:830} INFO - Processing file /home/airflow/.local/lib/python3.8/site-packages/airflow/example_dags/example_params_ui_tutorial.py for tasks to queue
[2024-01-06T02:49:24.425+0000] {logging_mixin.py:188} INFO - [2024-01-06T02:49:24.425+0000] {dagbag.py:538} INFO - Filling up the DagBag from /home/airflow/.local/lib/python3.8/site-packages/airflow/example_dags/example_params_ui_tutorial.py
[2024-01-06T02:49:24.437+0000] {processor.py:840} INFO - DAG(s) 'example_params_ui_tutorial' retrieved from /home/airflow/.local/lib/python3.8/site-packages/airflow/example_dags/example_params_ui_tutorial.py
[2024-01-06T02:49:24.478+0000] {logging_mixin.py:188} INFO - [2024-01-06T02:49:24.477+0000] {dag.py:3033} INFO - Sync 1 DAGs
[2024-01-06T02:49:24.488+0000] {logging_mixin.py:188} INFO - [2024-01-06T02:49:24.487+0000] {dag.py:3820} INFO - Setting next_dagrun for example_params_ui_tutorial to None, run_after=None
[2024-01-06T02:49:24.506+0000] {processor.py:183} INFO - Processing /home/airflow/.local/lib/python3.8/site-packages/airflow/example_dags/example_params_ui_tutorial.py took 0.088 seconds
[2024-01-06T02:49:56.356+0000] {processor.py:161} INFO - Started process (PID=43353) to work on /home/airflow/.local/lib/python3.8/site-packages/airflow/example_dags/example_params_ui_tutorial.py
[2024-01-06T02:49:56.358+0000] {processor.py:830} INFO - Processing file /home/airflow/.local/lib/python3.8/site-packages/airflow/example_dags/example_params_ui_tutorial.py for tasks to queue
[2024-01-06T02:49:56.360+0000] {logging_mixin.py:188} INFO - [2024-01-06T02:49:56.360+0000] {dagbag.py:538} INFO - Filling up the DagBag from /home/airflow/.local/lib/python3.8/site-packages/airflow/example_dags/example_params_ui_tutorial.py
[2024-01-06T02:49:56.371+0000] {processor.py:840} INFO - DAG(s) 'example_params_ui_tutorial' retrieved from /home/airflow/.local/lib/python3.8/site-packages/airflow/example_dags/example_params_ui_tutorial.py
[2024-01-06T02:49:56.407+0000] {logging_mixin.py:188} INFO - [2024-01-06T02:49:56.407+0000] {dag.py:3033} INFO - Sync 1 DAGs
[2024-01-06T02:49:56.415+0000] {logging_mixin.py:188} INFO - [2024-01-06T02:49:56.415+0000] {dag.py:3820} INFO - Setting next_dagrun for example_params_ui_tutorial to None, run_after=None
[2024-01-06T02:49:56.425+0000] {processor.py:183} INFO - Processing /home/airflow/.local/lib/python3.8/site-packages/airflow/example_dags/example_params_ui_tutorial.py took 0.071 seconds
[2024-01-06T02:50:27.905+0000] {processor.py:161} INFO - Started process (PID=43427) to work on /home/airflow/.local/lib/python3.8/site-packages/airflow/example_dags/example_params_ui_tutorial.py
[2024-01-06T02:50:27.908+0000] {processor.py:830} INFO - Processing file /home/airflow/.local/lib/python3.8/site-packages/airflow/example_dags/example_params_ui_tutorial.py for tasks to queue
[2024-01-06T02:50:27.911+0000] {logging_mixin.py:188} INFO - [2024-01-06T02:50:27.911+0000] {dagbag.py:538} INFO - Filling up the DagBag from /home/airflow/.local/lib/python3.8/site-packages/airflow/example_dags/example_params_ui_tutorial.py
[2024-01-06T02:50:27.922+0000] {processor.py:840} INFO - DAG(s) 'example_params_ui_tutorial' retrieved from /home/airflow/.local/lib/python3.8/site-packages/airflow/example_dags/example_params_ui_tutorial.py
[2024-01-06T02:50:27.959+0000] {logging_mixin.py:188} INFO - [2024-01-06T02:50:27.959+0000] {dag.py:3033} INFO - Sync 1 DAGs
[2024-01-06T02:50:27.971+0000] {logging_mixin.py:188} INFO - [2024-01-06T02:50:27.971+0000] {dag.py:3820} INFO - Setting next_dagrun for example_params_ui_tutorial to None, run_after=None
[2024-01-06T02:50:27.984+0000] {processor.py:183} INFO - Processing /home/airflow/.local/lib/python3.8/site-packages/airflow/example_dags/example_params_ui_tutorial.py took 0.082 seconds
[2024-01-06T02:50:58.220+0000] {processor.py:161} INFO - Started process (PID=43485) to work on /home/airflow/.local/lib/python3.8/site-packages/airflow/example_dags/example_params_ui_tutorial.py
[2024-01-06T02:50:58.222+0000] {processor.py:830} INFO - Processing file /home/airflow/.local/lib/python3.8/site-packages/airflow/example_dags/example_params_ui_tutorial.py for tasks to queue
[2024-01-06T02:50:58.224+0000] {logging_mixin.py:188} INFO - [2024-01-06T02:50:58.224+0000] {dagbag.py:538} INFO - Filling up the DagBag from /home/airflow/.local/lib/python3.8/site-packages/airflow/example_dags/example_params_ui_tutorial.py
[2024-01-06T02:50:58.233+0000] {processor.py:840} INFO - DAG(s) 'example_params_ui_tutorial' retrieved from /home/airflow/.local/lib/python3.8/site-packages/airflow/example_dags/example_params_ui_tutorial.py
[2024-01-06T02:50:58.266+0000] {logging_mixin.py:188} INFO - [2024-01-06T02:50:58.266+0000] {dag.py:3033} INFO - Sync 1 DAGs
[2024-01-06T02:50:58.274+0000] {logging_mixin.py:188} INFO - [2024-01-06T02:50:58.274+0000] {dag.py:3820} INFO - Setting next_dagrun for example_params_ui_tutorial to None, run_after=None
[2024-01-06T02:50:58.286+0000] {processor.py:183} INFO - Processing /home/airflow/.local/lib/python3.8/site-packages/airflow/example_dags/example_params_ui_tutorial.py took 0.068 seconds
