[2024-01-06T01:20:15.621+0000] {processor.py:161} INFO - Started process (PID=39361) to work on /home/airflow/.local/lib/python3.8/site-packages/airflow/example_dags/example_local_kubernetes_executor.py
[2024-01-06T01:20:15.623+0000] {processor.py:830} INFO - Processing file /home/airflow/.local/lib/python3.8/site-packages/airflow/example_dags/example_local_kubernetes_executor.py for tasks to queue
[2024-01-06T01:20:15.627+0000] {logging_mixin.py:188} INFO - [2024-01-06T01:20:15.627+0000] {dagbag.py:538} INFO - Filling up the DagBag from /home/airflow/.local/lib/python3.8/site-packages/airflow/example_dags/example_local_kubernetes_executor.py
[2024-01-06T01:20:15.636+0000] {processor.py:840} INFO - DAG(s) 'example_local_kubernetes_executor' retrieved from /home/airflow/.local/lib/python3.8/site-packages/airflow/example_dags/example_local_kubernetes_executor.py
[2024-01-06T01:20:15.666+0000] {logging_mixin.py:188} INFO - [2024-01-06T01:20:15.666+0000] {dag.py:3033} INFO - Sync 1 DAGs
[2024-01-06T01:20:15.674+0000] {logging_mixin.py:188} INFO - [2024-01-06T01:20:15.674+0000] {dag.py:3820} INFO - Setting next_dagrun for example_local_kubernetes_executor to None, run_after=None
[2024-01-06T01:20:15.689+0000] {processor.py:183} INFO - Processing /home/airflow/.local/lib/python3.8/site-packages/airflow/example_dags/example_local_kubernetes_executor.py took 0.072 seconds
[2024-01-06T01:47:34.840+0000] {processor.py:161} INFO - Started process (PID=39419) to work on /home/airflow/.local/lib/python3.8/site-packages/airflow/example_dags/example_local_kubernetes_executor.py
[2024-01-06T01:47:34.842+0000] {processor.py:830} INFO - Processing file /home/airflow/.local/lib/python3.8/site-packages/airflow/example_dags/example_local_kubernetes_executor.py for tasks to queue
[2024-01-06T01:47:34.845+0000] {logging_mixin.py:188} INFO - [2024-01-06T01:47:34.844+0000] {dagbag.py:538} INFO - Filling up the DagBag from /home/airflow/.local/lib/python3.8/site-packages/airflow/example_dags/example_local_kubernetes_executor.py
[2024-01-06T01:47:34.853+0000] {processor.py:840} INFO - DAG(s) 'example_local_kubernetes_executor' retrieved from /home/airflow/.local/lib/python3.8/site-packages/airflow/example_dags/example_local_kubernetes_executor.py
[2024-01-06T01:47:34.885+0000] {logging_mixin.py:188} INFO - [2024-01-06T01:47:34.885+0000] {dag.py:3033} INFO - Sync 1 DAGs
[2024-01-06T01:47:34.894+0000] {logging_mixin.py:188} INFO - [2024-01-06T01:47:34.894+0000] {dag.py:3820} INFO - Setting next_dagrun for example_local_kubernetes_executor to None, run_after=None
[2024-01-06T01:47:34.908+0000] {processor.py:183} INFO - Processing /home/airflow/.local/lib/python3.8/site-packages/airflow/example_dags/example_local_kubernetes_executor.py took 0.071 seconds
[2024-01-06T01:48:05.482+0000] {processor.py:161} INFO - Started process (PID=39477) to work on /home/airflow/.local/lib/python3.8/site-packages/airflow/example_dags/example_local_kubernetes_executor.py
[2024-01-06T01:48:05.484+0000] {processor.py:830} INFO - Processing file /home/airflow/.local/lib/python3.8/site-packages/airflow/example_dags/example_local_kubernetes_executor.py for tasks to queue
[2024-01-06T01:48:05.486+0000] {logging_mixin.py:188} INFO - [2024-01-06T01:48:05.486+0000] {dagbag.py:538} INFO - Filling up the DagBag from /home/airflow/.local/lib/python3.8/site-packages/airflow/example_dags/example_local_kubernetes_executor.py
[2024-01-06T01:48:05.492+0000] {processor.py:840} INFO - DAG(s) 'example_local_kubernetes_executor' retrieved from /home/airflow/.local/lib/python3.8/site-packages/airflow/example_dags/example_local_kubernetes_executor.py
[2024-01-06T01:48:05.515+0000] {logging_mixin.py:188} INFO - [2024-01-06T01:48:05.515+0000] {dag.py:3033} INFO - Sync 1 DAGs
[2024-01-06T01:48:05.524+0000] {logging_mixin.py:188} INFO - [2024-01-06T01:48:05.524+0000] {dag.py:3820} INFO - Setting next_dagrun for example_local_kubernetes_executor to None, run_after=None
[2024-01-06T01:48:05.535+0000] {processor.py:183} INFO - Processing /home/airflow/.local/lib/python3.8/site-packages/airflow/example_dags/example_local_kubernetes_executor.py took 0.058 seconds
[2024-01-06T02:05:26.851+0000] {processor.py:161} INFO - Started process (PID=39535) to work on /home/airflow/.local/lib/python3.8/site-packages/airflow/example_dags/example_local_kubernetes_executor.py
[2024-01-06T02:05:26.853+0000] {processor.py:830} INFO - Processing file /home/airflow/.local/lib/python3.8/site-packages/airflow/example_dags/example_local_kubernetes_executor.py for tasks to queue
[2024-01-06T02:05:26.855+0000] {logging_mixin.py:188} INFO - [2024-01-06T02:05:26.855+0000] {dagbag.py:538} INFO - Filling up the DagBag from /home/airflow/.local/lib/python3.8/site-packages/airflow/example_dags/example_local_kubernetes_executor.py
[2024-01-06T02:05:26.862+0000] {processor.py:840} INFO - DAG(s) 'example_local_kubernetes_executor' retrieved from /home/airflow/.local/lib/python3.8/site-packages/airflow/example_dags/example_local_kubernetes_executor.py
[2024-01-06T02:05:26.886+0000] {logging_mixin.py:188} INFO - [2024-01-06T02:05:26.886+0000] {dag.py:3033} INFO - Sync 1 DAGs
[2024-01-06T02:05:26.895+0000] {logging_mixin.py:188} INFO - [2024-01-06T02:05:26.894+0000] {dag.py:3820} INFO - Setting next_dagrun for example_local_kubernetes_executor to None, run_after=None
[2024-01-06T02:05:26.907+0000] {processor.py:183} INFO - Processing /home/airflow/.local/lib/python3.8/site-packages/airflow/example_dags/example_local_kubernetes_executor.py took 0.058 seconds
[2024-01-06T02:16:26.464+0000] {processor.py:161} INFO - Started process (PID=39593) to work on /home/airflow/.local/lib/python3.8/site-packages/airflow/example_dags/example_local_kubernetes_executor.py
[2024-01-06T02:16:26.465+0000] {processor.py:830} INFO - Processing file /home/airflow/.local/lib/python3.8/site-packages/airflow/example_dags/example_local_kubernetes_executor.py for tasks to queue
[2024-01-06T02:16:26.468+0000] {logging_mixin.py:188} INFO - [2024-01-06T02:16:26.468+0000] {dagbag.py:538} INFO - Filling up the DagBag from /home/airflow/.local/lib/python3.8/site-packages/airflow/example_dags/example_local_kubernetes_executor.py
[2024-01-06T02:16:26.474+0000] {processor.py:840} INFO - DAG(s) 'example_local_kubernetes_executor' retrieved from /home/airflow/.local/lib/python3.8/site-packages/airflow/example_dags/example_local_kubernetes_executor.py
[2024-01-06T02:16:26.498+0000] {logging_mixin.py:188} INFO - [2024-01-06T02:16:26.498+0000] {dag.py:3033} INFO - Sync 1 DAGs
[2024-01-06T02:16:26.506+0000] {logging_mixin.py:188} INFO - [2024-01-06T02:16:26.506+0000] {dag.py:3820} INFO - Setting next_dagrun for example_local_kubernetes_executor to None, run_after=None
[2024-01-06T02:16:26.520+0000] {processor.py:183} INFO - Processing /home/airflow/.local/lib/python3.8/site-packages/airflow/example_dags/example_local_kubernetes_executor.py took 0.059 seconds
[2024-01-06T02:17:02.553+0000] {processor.py:161} INFO - Started process (PID=39651) to work on /home/airflow/.local/lib/python3.8/site-packages/airflow/example_dags/example_local_kubernetes_executor.py
[2024-01-06T02:17:02.570+0000] {processor.py:830} INFO - Processing file /home/airflow/.local/lib/python3.8/site-packages/airflow/example_dags/example_local_kubernetes_executor.py for tasks to queue
[2024-01-06T02:17:02.594+0000] {logging_mixin.py:188} INFO - [2024-01-06T02:17:02.593+0000] {dagbag.py:538} INFO - Filling up the DagBag from /home/airflow/.local/lib/python3.8/site-packages/airflow/example_dags/example_local_kubernetes_executor.py
[2024-01-06T02:17:02.715+0000] {processor.py:840} INFO - DAG(s) 'example_local_kubernetes_executor' retrieved from /home/airflow/.local/lib/python3.8/site-packages/airflow/example_dags/example_local_kubernetes_executor.py
[2024-01-06T02:17:03.137+0000] {logging_mixin.py:188} INFO - [2024-01-06T02:17:03.137+0000] {dag.py:3033} INFO - Sync 1 DAGs
[2024-01-06T02:17:03.227+0000] {logging_mixin.py:188} INFO - [2024-01-06T02:17:03.227+0000] {dag.py:3820} INFO - Setting next_dagrun for example_local_kubernetes_executor to None, run_after=None
[2024-01-06T02:17:03.402+0000] {processor.py:183} INFO - Processing /home/airflow/.local/lib/python3.8/site-packages/airflow/example_dags/example_local_kubernetes_executor.py took 0.892 seconds
[2024-01-06T02:17:34.191+0000] {processor.py:161} INFO - Started process (PID=39709) to work on /home/airflow/.local/lib/python3.8/site-packages/airflow/example_dags/example_local_kubernetes_executor.py
[2024-01-06T02:17:34.195+0000] {processor.py:830} INFO - Processing file /home/airflow/.local/lib/python3.8/site-packages/airflow/example_dags/example_local_kubernetes_executor.py for tasks to queue
[2024-01-06T02:17:34.199+0000] {logging_mixin.py:188} INFO - [2024-01-06T02:17:34.199+0000] {dagbag.py:538} INFO - Filling up the DagBag from /home/airflow/.local/lib/python3.8/site-packages/airflow/example_dags/example_local_kubernetes_executor.py
[2024-01-06T02:17:34.210+0000] {processor.py:840} INFO - DAG(s) 'example_local_kubernetes_executor' retrieved from /home/airflow/.local/lib/python3.8/site-packages/airflow/example_dags/example_local_kubernetes_executor.py
[2024-01-06T02:17:34.241+0000] {logging_mixin.py:188} INFO - [2024-01-06T02:17:34.241+0000] {dag.py:3033} INFO - Sync 1 DAGs
[2024-01-06T02:17:34.251+0000] {logging_mixin.py:188} INFO - [2024-01-06T02:17:34.251+0000] {dag.py:3820} INFO - Setting next_dagrun for example_local_kubernetes_executor to None, run_after=None
[2024-01-06T02:17:34.267+0000] {processor.py:183} INFO - Processing /home/airflow/.local/lib/python3.8/site-packages/airflow/example_dags/example_local_kubernetes_executor.py took 0.082 seconds
[2024-01-06T02:18:04.527+0000] {processor.py:161} INFO - Started process (PID=39767) to work on /home/airflow/.local/lib/python3.8/site-packages/airflow/example_dags/example_local_kubernetes_executor.py
[2024-01-06T02:18:04.529+0000] {processor.py:830} INFO - Processing file /home/airflow/.local/lib/python3.8/site-packages/airflow/example_dags/example_local_kubernetes_executor.py for tasks to queue
[2024-01-06T02:18:04.533+0000] {logging_mixin.py:188} INFO - [2024-01-06T02:18:04.533+0000] {dagbag.py:538} INFO - Filling up the DagBag from /home/airflow/.local/lib/python3.8/site-packages/airflow/example_dags/example_local_kubernetes_executor.py
[2024-01-06T02:18:04.544+0000] {processor.py:840} INFO - DAG(s) 'example_local_kubernetes_executor' retrieved from /home/airflow/.local/lib/python3.8/site-packages/airflow/example_dags/example_local_kubernetes_executor.py
[2024-01-06T02:18:04.574+0000] {logging_mixin.py:188} INFO - [2024-01-06T02:18:04.574+0000] {dag.py:3033} INFO - Sync 1 DAGs
[2024-01-06T02:18:04.583+0000] {logging_mixin.py:188} INFO - [2024-01-06T02:18:04.583+0000] {dag.py:3820} INFO - Setting next_dagrun for example_local_kubernetes_executor to None, run_after=None
[2024-01-06T02:18:04.596+0000] {processor.py:183} INFO - Processing /home/airflow/.local/lib/python3.8/site-packages/airflow/example_dags/example_local_kubernetes_executor.py took 0.075 seconds
[2024-01-06T02:18:35.071+0000] {processor.py:161} INFO - Started process (PID=39825) to work on /home/airflow/.local/lib/python3.8/site-packages/airflow/example_dags/example_local_kubernetes_executor.py
[2024-01-06T02:18:35.074+0000] {processor.py:830} INFO - Processing file /home/airflow/.local/lib/python3.8/site-packages/airflow/example_dags/example_local_kubernetes_executor.py for tasks to queue
[2024-01-06T02:18:35.078+0000] {logging_mixin.py:188} INFO - [2024-01-06T02:18:35.078+0000] {dagbag.py:538} INFO - Filling up the DagBag from /home/airflow/.local/lib/python3.8/site-packages/airflow/example_dags/example_local_kubernetes_executor.py
[2024-01-06T02:18:35.088+0000] {processor.py:840} INFO - DAG(s) 'example_local_kubernetes_executor' retrieved from /home/airflow/.local/lib/python3.8/site-packages/airflow/example_dags/example_local_kubernetes_executor.py
[2024-01-06T02:18:35.116+0000] {logging_mixin.py:188} INFO - [2024-01-06T02:18:35.116+0000] {dag.py:3033} INFO - Sync 1 DAGs
[2024-01-06T02:18:35.126+0000] {logging_mixin.py:188} INFO - [2024-01-06T02:18:35.126+0000] {dag.py:3820} INFO - Setting next_dagrun for example_local_kubernetes_executor to None, run_after=None
[2024-01-06T02:18:35.139+0000] {processor.py:183} INFO - Processing /home/airflow/.local/lib/python3.8/site-packages/airflow/example_dags/example_local_kubernetes_executor.py took 0.072 seconds
[2024-01-06T02:19:05.522+0000] {processor.py:161} INFO - Started process (PID=39884) to work on /home/airflow/.local/lib/python3.8/site-packages/airflow/example_dags/example_local_kubernetes_executor.py
[2024-01-06T02:19:05.524+0000] {processor.py:830} INFO - Processing file /home/airflow/.local/lib/python3.8/site-packages/airflow/example_dags/example_local_kubernetes_executor.py for tasks to queue
[2024-01-06T02:19:05.526+0000] {logging_mixin.py:188} INFO - [2024-01-06T02:19:05.526+0000] {dagbag.py:538} INFO - Filling up the DagBag from /home/airflow/.local/lib/python3.8/site-packages/airflow/example_dags/example_local_kubernetes_executor.py
[2024-01-06T02:19:05.535+0000] {processor.py:840} INFO - DAG(s) 'example_local_kubernetes_executor' retrieved from /home/airflow/.local/lib/python3.8/site-packages/airflow/example_dags/example_local_kubernetes_executor.py
[2024-01-06T02:19:05.566+0000] {logging_mixin.py:188} INFO - [2024-01-06T02:19:05.566+0000] {dag.py:3033} INFO - Sync 1 DAGs
[2024-01-06T02:19:05.578+0000] {logging_mixin.py:188} INFO - [2024-01-06T02:19:05.578+0000] {dag.py:3820} INFO - Setting next_dagrun for example_local_kubernetes_executor to None, run_after=None
[2024-01-06T02:19:05.593+0000] {processor.py:183} INFO - Processing /home/airflow/.local/lib/python3.8/site-packages/airflow/example_dags/example_local_kubernetes_executor.py took 0.076 seconds
[2024-01-06T02:19:35.832+0000] {processor.py:161} INFO - Started process (PID=39942) to work on /home/airflow/.local/lib/python3.8/site-packages/airflow/example_dags/example_local_kubernetes_executor.py
[2024-01-06T02:19:35.834+0000] {processor.py:830} INFO - Processing file /home/airflow/.local/lib/python3.8/site-packages/airflow/example_dags/example_local_kubernetes_executor.py for tasks to queue
[2024-01-06T02:19:35.840+0000] {logging_mixin.py:188} INFO - [2024-01-06T02:19:35.840+0000] {dagbag.py:538} INFO - Filling up the DagBag from /home/airflow/.local/lib/python3.8/site-packages/airflow/example_dags/example_local_kubernetes_executor.py
[2024-01-06T02:19:35.852+0000] {processor.py:840} INFO - DAG(s) 'example_local_kubernetes_executor' retrieved from /home/airflow/.local/lib/python3.8/site-packages/airflow/example_dags/example_local_kubernetes_executor.py
[2024-01-06T02:19:35.897+0000] {logging_mixin.py:188} INFO - [2024-01-06T02:19:35.897+0000] {dag.py:3033} INFO - Sync 1 DAGs
[2024-01-06T02:19:35.910+0000] {logging_mixin.py:188} INFO - [2024-01-06T02:19:35.910+0000] {dag.py:3820} INFO - Setting next_dagrun for example_local_kubernetes_executor to None, run_after=None
[2024-01-06T02:19:35.926+0000] {processor.py:183} INFO - Processing /home/airflow/.local/lib/python3.8/site-packages/airflow/example_dags/example_local_kubernetes_executor.py took 0.101 seconds
[2024-01-06T02:20:06.626+0000] {processor.py:161} INFO - Started process (PID=40000) to work on /home/airflow/.local/lib/python3.8/site-packages/airflow/example_dags/example_local_kubernetes_executor.py
[2024-01-06T02:20:06.630+0000] {processor.py:830} INFO - Processing file /home/airflow/.local/lib/python3.8/site-packages/airflow/example_dags/example_local_kubernetes_executor.py for tasks to queue
[2024-01-06T02:20:06.634+0000] {logging_mixin.py:188} INFO - [2024-01-06T02:20:06.633+0000] {dagbag.py:538} INFO - Filling up the DagBag from /home/airflow/.local/lib/python3.8/site-packages/airflow/example_dags/example_local_kubernetes_executor.py
[2024-01-06T02:20:06.645+0000] {processor.py:840} INFO - DAG(s) 'example_local_kubernetes_executor' retrieved from /home/airflow/.local/lib/python3.8/site-packages/airflow/example_dags/example_local_kubernetes_executor.py
[2024-01-06T02:20:06.676+0000] {logging_mixin.py:188} INFO - [2024-01-06T02:20:06.676+0000] {dag.py:3033} INFO - Sync 1 DAGs
[2024-01-06T02:20:06.686+0000] {logging_mixin.py:188} INFO - [2024-01-06T02:20:06.686+0000] {dag.py:3820} INFO - Setting next_dagrun for example_local_kubernetes_executor to None, run_after=None
[2024-01-06T02:20:06.701+0000] {processor.py:183} INFO - Processing /home/airflow/.local/lib/python3.8/site-packages/airflow/example_dags/example_local_kubernetes_executor.py took 0.080 seconds
[2024-01-06T02:20:37.503+0000] {processor.py:161} INFO - Started process (PID=40058) to work on /home/airflow/.local/lib/python3.8/site-packages/airflow/example_dags/example_local_kubernetes_executor.py
[2024-01-06T02:20:37.505+0000] {processor.py:830} INFO - Processing file /home/airflow/.local/lib/python3.8/site-packages/airflow/example_dags/example_local_kubernetes_executor.py for tasks to queue
[2024-01-06T02:20:37.509+0000] {logging_mixin.py:188} INFO - [2024-01-06T02:20:37.509+0000] {dagbag.py:538} INFO - Filling up the DagBag from /home/airflow/.local/lib/python3.8/site-packages/airflow/example_dags/example_local_kubernetes_executor.py
[2024-01-06T02:20:37.517+0000] {processor.py:840} INFO - DAG(s) 'example_local_kubernetes_executor' retrieved from /home/airflow/.local/lib/python3.8/site-packages/airflow/example_dags/example_local_kubernetes_executor.py
[2024-01-06T02:20:37.549+0000] {logging_mixin.py:188} INFO - [2024-01-06T02:20:37.548+0000] {dag.py:3033} INFO - Sync 1 DAGs
[2024-01-06T02:20:37.558+0000] {logging_mixin.py:188} INFO - [2024-01-06T02:20:37.558+0000] {dag.py:3820} INFO - Setting next_dagrun for example_local_kubernetes_executor to None, run_after=None
[2024-01-06T02:20:37.571+0000] {processor.py:183} INFO - Processing /home/airflow/.local/lib/python3.8/site-packages/airflow/example_dags/example_local_kubernetes_executor.py took 0.076 seconds
[2024-01-06T02:21:08.203+0000] {processor.py:161} INFO - Started process (PID=40116) to work on /home/airflow/.local/lib/python3.8/site-packages/airflow/example_dags/example_local_kubernetes_executor.py
[2024-01-06T02:21:08.208+0000] {processor.py:830} INFO - Processing file /home/airflow/.local/lib/python3.8/site-packages/airflow/example_dags/example_local_kubernetes_executor.py for tasks to queue
[2024-01-06T02:21:08.214+0000] {logging_mixin.py:188} INFO - [2024-01-06T02:21:08.214+0000] {dagbag.py:538} INFO - Filling up the DagBag from /home/airflow/.local/lib/python3.8/site-packages/airflow/example_dags/example_local_kubernetes_executor.py
[2024-01-06T02:21:08.228+0000] {processor.py:840} INFO - DAG(s) 'example_local_kubernetes_executor' retrieved from /home/airflow/.local/lib/python3.8/site-packages/airflow/example_dags/example_local_kubernetes_executor.py
[2024-01-06T02:21:08.266+0000] {logging_mixin.py:188} INFO - [2024-01-06T02:21:08.266+0000] {dag.py:3033} INFO - Sync 1 DAGs
[2024-01-06T02:21:08.281+0000] {logging_mixin.py:188} INFO - [2024-01-06T02:21:08.281+0000] {dag.py:3820} INFO - Setting next_dagrun for example_local_kubernetes_executor to None, run_after=None
[2024-01-06T02:21:08.302+0000] {processor.py:183} INFO - Processing /home/airflow/.local/lib/python3.8/site-packages/airflow/example_dags/example_local_kubernetes_executor.py took 0.106 seconds
[2024-01-06T02:21:39.204+0000] {processor.py:161} INFO - Started process (PID=40174) to work on /home/airflow/.local/lib/python3.8/site-packages/airflow/example_dags/example_local_kubernetes_executor.py
[2024-01-06T02:21:39.209+0000] {processor.py:830} INFO - Processing file /home/airflow/.local/lib/python3.8/site-packages/airflow/example_dags/example_local_kubernetes_executor.py for tasks to queue
[2024-01-06T02:21:39.216+0000] {logging_mixin.py:188} INFO - [2024-01-06T02:21:39.215+0000] {dagbag.py:538} INFO - Filling up the DagBag from /home/airflow/.local/lib/python3.8/site-packages/airflow/example_dags/example_local_kubernetes_executor.py
[2024-01-06T02:21:39.239+0000] {processor.py:840} INFO - DAG(s) 'example_local_kubernetes_executor' retrieved from /home/airflow/.local/lib/python3.8/site-packages/airflow/example_dags/example_local_kubernetes_executor.py
[2024-01-06T02:21:39.299+0000] {logging_mixin.py:188} INFO - [2024-01-06T02:21:39.299+0000] {dag.py:3033} INFO - Sync 1 DAGs
[2024-01-06T02:21:39.317+0000] {logging_mixin.py:188} INFO - [2024-01-06T02:21:39.317+0000] {dag.py:3820} INFO - Setting next_dagrun for example_local_kubernetes_executor to None, run_after=None
[2024-01-06T02:21:39.336+0000] {processor.py:183} INFO - Processing /home/airflow/.local/lib/python3.8/site-packages/airflow/example_dags/example_local_kubernetes_executor.py took 0.138 seconds
[2024-01-06T02:22:09.379+0000] {processor.py:161} INFO - Started process (PID=40232) to work on /home/airflow/.local/lib/python3.8/site-packages/airflow/example_dags/example_local_kubernetes_executor.py
[2024-01-06T02:22:09.382+0000] {processor.py:830} INFO - Processing file /home/airflow/.local/lib/python3.8/site-packages/airflow/example_dags/example_local_kubernetes_executor.py for tasks to queue
[2024-01-06T02:22:09.389+0000] {logging_mixin.py:188} INFO - [2024-01-06T02:22:09.388+0000] {dagbag.py:538} INFO - Filling up the DagBag from /home/airflow/.local/lib/python3.8/site-packages/airflow/example_dags/example_local_kubernetes_executor.py
[2024-01-06T02:22:09.410+0000] {processor.py:840} INFO - DAG(s) 'example_local_kubernetes_executor' retrieved from /home/airflow/.local/lib/python3.8/site-packages/airflow/example_dags/example_local_kubernetes_executor.py
[2024-01-06T02:22:09.469+0000] {logging_mixin.py:188} INFO - [2024-01-06T02:22:09.469+0000] {dag.py:3033} INFO - Sync 1 DAGs
[2024-01-06T02:22:09.487+0000] {logging_mixin.py:188} INFO - [2024-01-06T02:22:09.487+0000] {dag.py:3820} INFO - Setting next_dagrun for example_local_kubernetes_executor to None, run_after=None
[2024-01-06T02:22:09.509+0000] {processor.py:183} INFO - Processing /home/airflow/.local/lib/python3.8/site-packages/airflow/example_dags/example_local_kubernetes_executor.py took 0.134 seconds
[2024-01-06T02:22:40.283+0000] {processor.py:161} INFO - Started process (PID=40290) to work on /home/airflow/.local/lib/python3.8/site-packages/airflow/example_dags/example_local_kubernetes_executor.py
[2024-01-06T02:22:40.288+0000] {processor.py:830} INFO - Processing file /home/airflow/.local/lib/python3.8/site-packages/airflow/example_dags/example_local_kubernetes_executor.py for tasks to queue
[2024-01-06T02:22:40.293+0000] {logging_mixin.py:188} INFO - [2024-01-06T02:22:40.293+0000] {dagbag.py:538} INFO - Filling up the DagBag from /home/airflow/.local/lib/python3.8/site-packages/airflow/example_dags/example_local_kubernetes_executor.py
[2024-01-06T02:22:40.308+0000] {processor.py:840} INFO - DAG(s) 'example_local_kubernetes_executor' retrieved from /home/airflow/.local/lib/python3.8/site-packages/airflow/example_dags/example_local_kubernetes_executor.py
[2024-01-06T02:22:40.364+0000] {logging_mixin.py:188} INFO - [2024-01-06T02:22:40.363+0000] {dag.py:3033} INFO - Sync 1 DAGs
[2024-01-06T02:22:40.381+0000] {logging_mixin.py:188} INFO - [2024-01-06T02:22:40.381+0000] {dag.py:3820} INFO - Setting next_dagrun for example_local_kubernetes_executor to None, run_after=None
[2024-01-06T02:22:40.406+0000] {processor.py:183} INFO - Processing /home/airflow/.local/lib/python3.8/site-packages/airflow/example_dags/example_local_kubernetes_executor.py took 0.126 seconds
[2024-01-06T02:23:11.017+0000] {processor.py:161} INFO - Started process (PID=40348) to work on /home/airflow/.local/lib/python3.8/site-packages/airflow/example_dags/example_local_kubernetes_executor.py
[2024-01-06T02:23:11.018+0000] {processor.py:830} INFO - Processing file /home/airflow/.local/lib/python3.8/site-packages/airflow/example_dags/example_local_kubernetes_executor.py for tasks to queue
[2024-01-06T02:23:11.025+0000] {logging_mixin.py:188} INFO - [2024-01-06T02:23:11.025+0000] {dagbag.py:538} INFO - Filling up the DagBag from /home/airflow/.local/lib/python3.8/site-packages/airflow/example_dags/example_local_kubernetes_executor.py
[2024-01-06T02:23:11.037+0000] {processor.py:840} INFO - DAG(s) 'example_local_kubernetes_executor' retrieved from /home/airflow/.local/lib/python3.8/site-packages/airflow/example_dags/example_local_kubernetes_executor.py
[2024-01-06T02:23:11.077+0000] {logging_mixin.py:188} INFO - [2024-01-06T02:23:11.077+0000] {dag.py:3033} INFO - Sync 1 DAGs
[2024-01-06T02:23:11.094+0000] {logging_mixin.py:188} INFO - [2024-01-06T02:23:11.094+0000] {dag.py:3820} INFO - Setting next_dagrun for example_local_kubernetes_executor to None, run_after=None
[2024-01-06T02:23:11.119+0000] {processor.py:183} INFO - Processing /home/airflow/.local/lib/python3.8/site-packages/airflow/example_dags/example_local_kubernetes_executor.py took 0.110 seconds
[2024-01-06T02:23:41.812+0000] {processor.py:161} INFO - Started process (PID=40406) to work on /home/airflow/.local/lib/python3.8/site-packages/airflow/example_dags/example_local_kubernetes_executor.py
[2024-01-06T02:23:41.816+0000] {processor.py:830} INFO - Processing file /home/airflow/.local/lib/python3.8/site-packages/airflow/example_dags/example_local_kubernetes_executor.py for tasks to queue
[2024-01-06T02:23:41.821+0000] {logging_mixin.py:188} INFO - [2024-01-06T02:23:41.821+0000] {dagbag.py:538} INFO - Filling up the DagBag from /home/airflow/.local/lib/python3.8/site-packages/airflow/example_dags/example_local_kubernetes_executor.py
[2024-01-06T02:23:41.837+0000] {processor.py:840} INFO - DAG(s) 'example_local_kubernetes_executor' retrieved from /home/airflow/.local/lib/python3.8/site-packages/airflow/example_dags/example_local_kubernetes_executor.py
[2024-01-06T02:23:41.867+0000] {logging_mixin.py:188} INFO - [2024-01-06T02:23:41.867+0000] {dag.py:3033} INFO - Sync 1 DAGs
[2024-01-06T02:23:41.882+0000] {logging_mixin.py:188} INFO - [2024-01-06T02:23:41.882+0000] {dag.py:3820} INFO - Setting next_dagrun for example_local_kubernetes_executor to None, run_after=None
[2024-01-06T02:23:41.898+0000] {processor.py:183} INFO - Processing /home/airflow/.local/lib/python3.8/site-packages/airflow/example_dags/example_local_kubernetes_executor.py took 0.096 seconds
[2024-01-06T02:24:12.087+0000] {processor.py:161} INFO - Started process (PID=40464) to work on /home/airflow/.local/lib/python3.8/site-packages/airflow/example_dags/example_local_kubernetes_executor.py
[2024-01-06T02:24:12.090+0000] {processor.py:830} INFO - Processing file /home/airflow/.local/lib/python3.8/site-packages/airflow/example_dags/example_local_kubernetes_executor.py for tasks to queue
[2024-01-06T02:24:12.094+0000] {logging_mixin.py:188} INFO - [2024-01-06T02:24:12.094+0000] {dagbag.py:538} INFO - Filling up the DagBag from /home/airflow/.local/lib/python3.8/site-packages/airflow/example_dags/example_local_kubernetes_executor.py
[2024-01-06T02:24:12.104+0000] {processor.py:840} INFO - DAG(s) 'example_local_kubernetes_executor' retrieved from /home/airflow/.local/lib/python3.8/site-packages/airflow/example_dags/example_local_kubernetes_executor.py
[2024-01-06T02:24:12.131+0000] {logging_mixin.py:188} INFO - [2024-01-06T02:24:12.131+0000] {dag.py:3033} INFO - Sync 1 DAGs
[2024-01-06T02:24:12.141+0000] {logging_mixin.py:188} INFO - [2024-01-06T02:24:12.141+0000] {dag.py:3820} INFO - Setting next_dagrun for example_local_kubernetes_executor to None, run_after=None
[2024-01-06T02:24:12.154+0000] {processor.py:183} INFO - Processing /home/airflow/.local/lib/python3.8/site-packages/airflow/example_dags/example_local_kubernetes_executor.py took 0.071 seconds
[2024-01-06T02:24:42.553+0000] {processor.py:161} INFO - Started process (PID=40522) to work on /home/airflow/.local/lib/python3.8/site-packages/airflow/example_dags/example_local_kubernetes_executor.py
[2024-01-06T02:24:42.557+0000] {processor.py:830} INFO - Processing file /home/airflow/.local/lib/python3.8/site-packages/airflow/example_dags/example_local_kubernetes_executor.py for tasks to queue
[2024-01-06T02:24:42.561+0000] {logging_mixin.py:188} INFO - [2024-01-06T02:24:42.560+0000] {dagbag.py:538} INFO - Filling up the DagBag from /home/airflow/.local/lib/python3.8/site-packages/airflow/example_dags/example_local_kubernetes_executor.py
[2024-01-06T02:24:42.571+0000] {processor.py:840} INFO - DAG(s) 'example_local_kubernetes_executor' retrieved from /home/airflow/.local/lib/python3.8/site-packages/airflow/example_dags/example_local_kubernetes_executor.py
[2024-01-06T02:24:42.599+0000] {logging_mixin.py:188} INFO - [2024-01-06T02:24:42.599+0000] {dag.py:3033} INFO - Sync 1 DAGs
[2024-01-06T02:24:42.610+0000] {logging_mixin.py:188} INFO - [2024-01-06T02:24:42.610+0000] {dag.py:3820} INFO - Setting next_dagrun for example_local_kubernetes_executor to None, run_after=None
[2024-01-06T02:24:42.623+0000] {processor.py:183} INFO - Processing /home/airflow/.local/lib/python3.8/site-packages/airflow/example_dags/example_local_kubernetes_executor.py took 0.075 seconds
[2024-01-06T02:25:13.257+0000] {processor.py:161} INFO - Started process (PID=40580) to work on /home/airflow/.local/lib/python3.8/site-packages/airflow/example_dags/example_local_kubernetes_executor.py
[2024-01-06T02:25:13.260+0000] {processor.py:830} INFO - Processing file /home/airflow/.local/lib/python3.8/site-packages/airflow/example_dags/example_local_kubernetes_executor.py for tasks to queue
[2024-01-06T02:25:13.263+0000] {logging_mixin.py:188} INFO - [2024-01-06T02:25:13.263+0000] {dagbag.py:538} INFO - Filling up the DagBag from /home/airflow/.local/lib/python3.8/site-packages/airflow/example_dags/example_local_kubernetes_executor.py
[2024-01-06T02:25:13.275+0000] {processor.py:840} INFO - DAG(s) 'example_local_kubernetes_executor' retrieved from /home/airflow/.local/lib/python3.8/site-packages/airflow/example_dags/example_local_kubernetes_executor.py
[2024-01-06T02:25:13.311+0000] {logging_mixin.py:188} INFO - [2024-01-06T02:25:13.311+0000] {dag.py:3033} INFO - Sync 1 DAGs
[2024-01-06T02:25:13.321+0000] {logging_mixin.py:188} INFO - [2024-01-06T02:25:13.321+0000] {dag.py:3820} INFO - Setting next_dagrun for example_local_kubernetes_executor to None, run_after=None
[2024-01-06T02:25:13.335+0000] {processor.py:183} INFO - Processing /home/airflow/.local/lib/python3.8/site-packages/airflow/example_dags/example_local_kubernetes_executor.py took 0.082 seconds
[2024-01-06T02:25:43.420+0000] {processor.py:161} INFO - Started process (PID=40638) to work on /home/airflow/.local/lib/python3.8/site-packages/airflow/example_dags/example_local_kubernetes_executor.py
[2024-01-06T02:25:43.424+0000] {processor.py:830} INFO - Processing file /home/airflow/.local/lib/python3.8/site-packages/airflow/example_dags/example_local_kubernetes_executor.py for tasks to queue
[2024-01-06T02:25:43.427+0000] {logging_mixin.py:188} INFO - [2024-01-06T02:25:43.427+0000] {dagbag.py:538} INFO - Filling up the DagBag from /home/airflow/.local/lib/python3.8/site-packages/airflow/example_dags/example_local_kubernetes_executor.py
[2024-01-06T02:25:43.436+0000] {processor.py:840} INFO - DAG(s) 'example_local_kubernetes_executor' retrieved from /home/airflow/.local/lib/python3.8/site-packages/airflow/example_dags/example_local_kubernetes_executor.py
[2024-01-06T02:25:43.466+0000] {logging_mixin.py:188} INFO - [2024-01-06T02:25:43.466+0000] {dag.py:3033} INFO - Sync 1 DAGs
[2024-01-06T02:25:43.475+0000] {logging_mixin.py:188} INFO - [2024-01-06T02:25:43.475+0000] {dag.py:3820} INFO - Setting next_dagrun for example_local_kubernetes_executor to None, run_after=None
[2024-01-06T02:25:43.490+0000] {processor.py:183} INFO - Processing /home/airflow/.local/lib/python3.8/site-packages/airflow/example_dags/example_local_kubernetes_executor.py took 0.074 seconds
[2024-01-06T02:26:14.200+0000] {processor.py:161} INFO - Started process (PID=40696) to work on /home/airflow/.local/lib/python3.8/site-packages/airflow/example_dags/example_local_kubernetes_executor.py
[2024-01-06T02:26:14.204+0000] {processor.py:830} INFO - Processing file /home/airflow/.local/lib/python3.8/site-packages/airflow/example_dags/example_local_kubernetes_executor.py for tasks to queue
[2024-01-06T02:26:14.217+0000] {logging_mixin.py:188} INFO - [2024-01-06T02:26:14.216+0000] {dagbag.py:538} INFO - Filling up the DagBag from /home/airflow/.local/lib/python3.8/site-packages/airflow/example_dags/example_local_kubernetes_executor.py
[2024-01-06T02:26:14.226+0000] {processor.py:840} INFO - DAG(s) 'example_local_kubernetes_executor' retrieved from /home/airflow/.local/lib/python3.8/site-packages/airflow/example_dags/example_local_kubernetes_executor.py
[2024-01-06T02:26:14.259+0000] {logging_mixin.py:188} INFO - [2024-01-06T02:26:14.259+0000] {dag.py:3033} INFO - Sync 1 DAGs
[2024-01-06T02:26:14.268+0000] {logging_mixin.py:188} INFO - [2024-01-06T02:26:14.268+0000] {dag.py:3820} INFO - Setting next_dagrun for example_local_kubernetes_executor to None, run_after=None
[2024-01-06T02:26:14.281+0000] {processor.py:183} INFO - Processing /home/airflow/.local/lib/python3.8/site-packages/airflow/example_dags/example_local_kubernetes_executor.py took 0.086 seconds
[2024-01-06T02:26:44.728+0000] {processor.py:161} INFO - Started process (PID=40754) to work on /home/airflow/.local/lib/python3.8/site-packages/airflow/example_dags/example_local_kubernetes_executor.py
[2024-01-06T02:26:44.731+0000] {processor.py:830} INFO - Processing file /home/airflow/.local/lib/python3.8/site-packages/airflow/example_dags/example_local_kubernetes_executor.py for tasks to queue
[2024-01-06T02:26:44.734+0000] {logging_mixin.py:188} INFO - [2024-01-06T02:26:44.734+0000] {dagbag.py:538} INFO - Filling up the DagBag from /home/airflow/.local/lib/python3.8/site-packages/airflow/example_dags/example_local_kubernetes_executor.py
[2024-01-06T02:26:44.742+0000] {processor.py:840} INFO - DAG(s) 'example_local_kubernetes_executor' retrieved from /home/airflow/.local/lib/python3.8/site-packages/airflow/example_dags/example_local_kubernetes_executor.py
[2024-01-06T02:26:44.767+0000] {logging_mixin.py:188} INFO - [2024-01-06T02:26:44.767+0000] {dag.py:3033} INFO - Sync 1 DAGs
[2024-01-06T02:26:44.777+0000] {logging_mixin.py:188} INFO - [2024-01-06T02:26:44.776+0000] {dag.py:3820} INFO - Setting next_dagrun for example_local_kubernetes_executor to None, run_after=None
[2024-01-06T02:26:44.789+0000] {processor.py:183} INFO - Processing /home/airflow/.local/lib/python3.8/site-packages/airflow/example_dags/example_local_kubernetes_executor.py took 0.067 seconds
[2024-01-06T02:27:15.752+0000] {processor.py:161} INFO - Started process (PID=40812) to work on /home/airflow/.local/lib/python3.8/site-packages/airflow/example_dags/example_local_kubernetes_executor.py
[2024-01-06T02:27:15.755+0000] {processor.py:830} INFO - Processing file /home/airflow/.local/lib/python3.8/site-packages/airflow/example_dags/example_local_kubernetes_executor.py for tasks to queue
[2024-01-06T02:27:15.757+0000] {logging_mixin.py:188} INFO - [2024-01-06T02:27:15.757+0000] {dagbag.py:538} INFO - Filling up the DagBag from /home/airflow/.local/lib/python3.8/site-packages/airflow/example_dags/example_local_kubernetes_executor.py
[2024-01-06T02:27:15.766+0000] {processor.py:840} INFO - DAG(s) 'example_local_kubernetes_executor' retrieved from /home/airflow/.local/lib/python3.8/site-packages/airflow/example_dags/example_local_kubernetes_executor.py
[2024-01-06T02:27:15.794+0000] {logging_mixin.py:188} INFO - [2024-01-06T02:27:15.794+0000] {dag.py:3033} INFO - Sync 1 DAGs
[2024-01-06T02:27:15.803+0000] {logging_mixin.py:188} INFO - [2024-01-06T02:27:15.803+0000] {dag.py:3820} INFO - Setting next_dagrun for example_local_kubernetes_executor to None, run_after=None
[2024-01-06T02:27:15.816+0000] {processor.py:183} INFO - Processing /home/airflow/.local/lib/python3.8/site-packages/airflow/example_dags/example_local_kubernetes_executor.py took 0.067 seconds
[2024-01-06T02:27:46.489+0000] {processor.py:161} INFO - Started process (PID=40870) to work on /home/airflow/.local/lib/python3.8/site-packages/airflow/example_dags/example_local_kubernetes_executor.py
[2024-01-06T02:27:46.492+0000] {processor.py:830} INFO - Processing file /home/airflow/.local/lib/python3.8/site-packages/airflow/example_dags/example_local_kubernetes_executor.py for tasks to queue
[2024-01-06T02:27:46.495+0000] {logging_mixin.py:188} INFO - [2024-01-06T02:27:46.495+0000] {dagbag.py:538} INFO - Filling up the DagBag from /home/airflow/.local/lib/python3.8/site-packages/airflow/example_dags/example_local_kubernetes_executor.py
[2024-01-06T02:27:46.504+0000] {processor.py:840} INFO - DAG(s) 'example_local_kubernetes_executor' retrieved from /home/airflow/.local/lib/python3.8/site-packages/airflow/example_dags/example_local_kubernetes_executor.py
[2024-01-06T02:27:46.532+0000] {logging_mixin.py:188} INFO - [2024-01-06T02:27:46.532+0000] {dag.py:3033} INFO - Sync 1 DAGs
[2024-01-06T02:27:46.542+0000] {logging_mixin.py:188} INFO - [2024-01-06T02:27:46.542+0000] {dag.py:3820} INFO - Setting next_dagrun for example_local_kubernetes_executor to None, run_after=None
[2024-01-06T02:27:46.554+0000] {processor.py:183} INFO - Processing /home/airflow/.local/lib/python3.8/site-packages/airflow/example_dags/example_local_kubernetes_executor.py took 0.071 seconds
[2024-01-06T02:28:16.994+0000] {processor.py:161} INFO - Started process (PID=40928) to work on /home/airflow/.local/lib/python3.8/site-packages/airflow/example_dags/example_local_kubernetes_executor.py
[2024-01-06T02:28:16.998+0000] {processor.py:830} INFO - Processing file /home/airflow/.local/lib/python3.8/site-packages/airflow/example_dags/example_local_kubernetes_executor.py for tasks to queue
[2024-01-06T02:28:17.001+0000] {logging_mixin.py:188} INFO - [2024-01-06T02:28:17.001+0000] {dagbag.py:538} INFO - Filling up the DagBag from /home/airflow/.local/lib/python3.8/site-packages/airflow/example_dags/example_local_kubernetes_executor.py
[2024-01-06T02:28:17.012+0000] {processor.py:840} INFO - DAG(s) 'example_local_kubernetes_executor' retrieved from /home/airflow/.local/lib/python3.8/site-packages/airflow/example_dags/example_local_kubernetes_executor.py
[2024-01-06T02:28:17.043+0000] {logging_mixin.py:188} INFO - [2024-01-06T02:28:17.043+0000] {dag.py:3033} INFO - Sync 1 DAGs
[2024-01-06T02:28:17.053+0000] {logging_mixin.py:188} INFO - [2024-01-06T02:28:17.053+0000] {dag.py:3820} INFO - Setting next_dagrun for example_local_kubernetes_executor to None, run_after=None
[2024-01-06T02:28:17.066+0000] {processor.py:183} INFO - Processing /home/airflow/.local/lib/python3.8/site-packages/airflow/example_dags/example_local_kubernetes_executor.py took 0.077 seconds
[2024-01-06T02:28:47.629+0000] {processor.py:161} INFO - Started process (PID=40986) to work on /home/airflow/.local/lib/python3.8/site-packages/airflow/example_dags/example_local_kubernetes_executor.py
[2024-01-06T02:28:47.632+0000] {processor.py:830} INFO - Processing file /home/airflow/.local/lib/python3.8/site-packages/airflow/example_dags/example_local_kubernetes_executor.py for tasks to queue
[2024-01-06T02:28:47.635+0000] {logging_mixin.py:188} INFO - [2024-01-06T02:28:47.635+0000] {dagbag.py:538} INFO - Filling up the DagBag from /home/airflow/.local/lib/python3.8/site-packages/airflow/example_dags/example_local_kubernetes_executor.py
[2024-01-06T02:28:47.646+0000] {processor.py:840} INFO - DAG(s) 'example_local_kubernetes_executor' retrieved from /home/airflow/.local/lib/python3.8/site-packages/airflow/example_dags/example_local_kubernetes_executor.py
[2024-01-06T02:28:47.673+0000] {logging_mixin.py:188} INFO - [2024-01-06T02:28:47.673+0000] {dag.py:3033} INFO - Sync 1 DAGs
[2024-01-06T02:28:47.682+0000] {logging_mixin.py:188} INFO - [2024-01-06T02:28:47.682+0000] {dag.py:3820} INFO - Setting next_dagrun for example_local_kubernetes_executor to None, run_after=None
[2024-01-06T02:28:47.696+0000] {processor.py:183} INFO - Processing /home/airflow/.local/lib/python3.8/site-packages/airflow/example_dags/example_local_kubernetes_executor.py took 0.072 seconds
[2024-01-06T02:29:18.278+0000] {processor.py:161} INFO - Started process (PID=41044) to work on /home/airflow/.local/lib/python3.8/site-packages/airflow/example_dags/example_local_kubernetes_executor.py
[2024-01-06T02:29:18.280+0000] {processor.py:830} INFO - Processing file /home/airflow/.local/lib/python3.8/site-packages/airflow/example_dags/example_local_kubernetes_executor.py for tasks to queue
[2024-01-06T02:29:18.283+0000] {logging_mixin.py:188} INFO - [2024-01-06T02:29:18.283+0000] {dagbag.py:538} INFO - Filling up the DagBag from /home/airflow/.local/lib/python3.8/site-packages/airflow/example_dags/example_local_kubernetes_executor.py
[2024-01-06T02:29:18.293+0000] {processor.py:840} INFO - DAG(s) 'example_local_kubernetes_executor' retrieved from /home/airflow/.local/lib/python3.8/site-packages/airflow/example_dags/example_local_kubernetes_executor.py
[2024-01-06T02:29:18.320+0000] {logging_mixin.py:188} INFO - [2024-01-06T02:29:18.320+0000] {dag.py:3033} INFO - Sync 1 DAGs
[2024-01-06T02:29:18.331+0000] {logging_mixin.py:188} INFO - [2024-01-06T02:29:18.330+0000] {dag.py:3820} INFO - Setting next_dagrun for example_local_kubernetes_executor to None, run_after=None
[2024-01-06T02:29:18.345+0000] {processor.py:183} INFO - Processing /home/airflow/.local/lib/python3.8/site-packages/airflow/example_dags/example_local_kubernetes_executor.py took 0.073 seconds
[2024-01-06T02:29:48.832+0000] {processor.py:161} INFO - Started process (PID=41102) to work on /home/airflow/.local/lib/python3.8/site-packages/airflow/example_dags/example_local_kubernetes_executor.py
[2024-01-06T02:29:48.835+0000] {processor.py:830} INFO - Processing file /home/airflow/.local/lib/python3.8/site-packages/airflow/example_dags/example_local_kubernetes_executor.py for tasks to queue
[2024-01-06T02:29:48.839+0000] {logging_mixin.py:188} INFO - [2024-01-06T02:29:48.838+0000] {dagbag.py:538} INFO - Filling up the DagBag from /home/airflow/.local/lib/python3.8/site-packages/airflow/example_dags/example_local_kubernetes_executor.py
[2024-01-06T02:29:48.850+0000] {processor.py:840} INFO - DAG(s) 'example_local_kubernetes_executor' retrieved from /home/airflow/.local/lib/python3.8/site-packages/airflow/example_dags/example_local_kubernetes_executor.py
[2024-01-06T02:29:48.878+0000] {logging_mixin.py:188} INFO - [2024-01-06T02:29:48.878+0000] {dag.py:3033} INFO - Sync 1 DAGs
[2024-01-06T02:29:48.889+0000] {logging_mixin.py:188} INFO - [2024-01-06T02:29:48.889+0000] {dag.py:3820} INFO - Setting next_dagrun for example_local_kubernetes_executor to None, run_after=None
[2024-01-06T02:29:48.903+0000] {processor.py:183} INFO - Processing /home/airflow/.local/lib/python3.8/site-packages/airflow/example_dags/example_local_kubernetes_executor.py took 0.076 seconds
[2024-01-06T02:30:19.594+0000] {processor.py:161} INFO - Started process (PID=41161) to work on /home/airflow/.local/lib/python3.8/site-packages/airflow/example_dags/example_local_kubernetes_executor.py
[2024-01-06T02:30:19.599+0000] {processor.py:830} INFO - Processing file /home/airflow/.local/lib/python3.8/site-packages/airflow/example_dags/example_local_kubernetes_executor.py for tasks to queue
[2024-01-06T02:30:19.605+0000] {logging_mixin.py:188} INFO - [2024-01-06T02:30:19.604+0000] {dagbag.py:538} INFO - Filling up the DagBag from /home/airflow/.local/lib/python3.8/site-packages/airflow/example_dags/example_local_kubernetes_executor.py
[2024-01-06T02:30:19.621+0000] {processor.py:840} INFO - DAG(s) 'example_local_kubernetes_executor' retrieved from /home/airflow/.local/lib/python3.8/site-packages/airflow/example_dags/example_local_kubernetes_executor.py
[2024-01-06T02:30:19.678+0000] {logging_mixin.py:188} INFO - [2024-01-06T02:30:19.677+0000] {dag.py:3033} INFO - Sync 1 DAGs
[2024-01-06T02:30:19.690+0000] {logging_mixin.py:188} INFO - [2024-01-06T02:30:19.690+0000] {dag.py:3820} INFO - Setting next_dagrun for example_local_kubernetes_executor to None, run_after=None
[2024-01-06T02:30:19.705+0000] {processor.py:183} INFO - Processing /home/airflow/.local/lib/python3.8/site-packages/airflow/example_dags/example_local_kubernetes_executor.py took 0.125 seconds
[2024-01-06T02:30:50.159+0000] {processor.py:161} INFO - Started process (PID=41219) to work on /home/airflow/.local/lib/python3.8/site-packages/airflow/example_dags/example_local_kubernetes_executor.py
[2024-01-06T02:30:50.161+0000] {processor.py:830} INFO - Processing file /home/airflow/.local/lib/python3.8/site-packages/airflow/example_dags/example_local_kubernetes_executor.py for tasks to queue
[2024-01-06T02:30:50.165+0000] {logging_mixin.py:188} INFO - [2024-01-06T02:30:50.164+0000] {dagbag.py:538} INFO - Filling up the DagBag from /home/airflow/.local/lib/python3.8/site-packages/airflow/example_dags/example_local_kubernetes_executor.py
[2024-01-06T02:30:50.176+0000] {processor.py:840} INFO - DAG(s) 'example_local_kubernetes_executor' retrieved from /home/airflow/.local/lib/python3.8/site-packages/airflow/example_dags/example_local_kubernetes_executor.py
[2024-01-06T02:30:50.205+0000] {logging_mixin.py:188} INFO - [2024-01-06T02:30:50.205+0000] {dag.py:3033} INFO - Sync 1 DAGs
[2024-01-06T02:30:50.213+0000] {logging_mixin.py:188} INFO - [2024-01-06T02:30:50.213+0000] {dag.py:3820} INFO - Setting next_dagrun for example_local_kubernetes_executor to None, run_after=None
[2024-01-06T02:30:50.227+0000] {processor.py:183} INFO - Processing /home/airflow/.local/lib/python3.8/site-packages/airflow/example_dags/example_local_kubernetes_executor.py took 0.074 seconds
[2024-01-06T02:31:20.626+0000] {processor.py:161} INFO - Started process (PID=41283) to work on /home/airflow/.local/lib/python3.8/site-packages/airflow/example_dags/example_local_kubernetes_executor.py
[2024-01-06T02:31:20.629+0000] {processor.py:830} INFO - Processing file /home/airflow/.local/lib/python3.8/site-packages/airflow/example_dags/example_local_kubernetes_executor.py for tasks to queue
[2024-01-06T02:31:20.631+0000] {logging_mixin.py:188} INFO - [2024-01-06T02:31:20.631+0000] {dagbag.py:538} INFO - Filling up the DagBag from /home/airflow/.local/lib/python3.8/site-packages/airflow/example_dags/example_local_kubernetes_executor.py
[2024-01-06T02:31:20.639+0000] {processor.py:840} INFO - DAG(s) 'example_local_kubernetes_executor' retrieved from /home/airflow/.local/lib/python3.8/site-packages/airflow/example_dags/example_local_kubernetes_executor.py
[2024-01-06T02:31:20.663+0000] {logging_mixin.py:188} INFO - [2024-01-06T02:31:20.663+0000] {dag.py:3033} INFO - Sync 1 DAGs
[2024-01-06T02:31:20.672+0000] {logging_mixin.py:188} INFO - [2024-01-06T02:31:20.672+0000] {dag.py:3820} INFO - Setting next_dagrun for example_local_kubernetes_executor to None, run_after=None
[2024-01-06T02:31:20.684+0000] {processor.py:183} INFO - Processing /home/airflow/.local/lib/python3.8/site-packages/airflow/example_dags/example_local_kubernetes_executor.py took 0.062 seconds
[2024-01-06T02:31:51.223+0000] {processor.py:161} INFO - Started process (PID=41341) to work on /home/airflow/.local/lib/python3.8/site-packages/airflow/example_dags/example_local_kubernetes_executor.py
[2024-01-06T02:31:51.225+0000] {processor.py:830} INFO - Processing file /home/airflow/.local/lib/python3.8/site-packages/airflow/example_dags/example_local_kubernetes_executor.py for tasks to queue
[2024-01-06T02:31:51.230+0000] {logging_mixin.py:188} INFO - [2024-01-06T02:31:51.229+0000] {dagbag.py:538} INFO - Filling up the DagBag from /home/airflow/.local/lib/python3.8/site-packages/airflow/example_dags/example_local_kubernetes_executor.py
[2024-01-06T02:31:51.249+0000] {processor.py:840} INFO - DAG(s) 'example_local_kubernetes_executor' retrieved from /home/airflow/.local/lib/python3.8/site-packages/airflow/example_dags/example_local_kubernetes_executor.py
[2024-01-06T02:31:51.284+0000] {logging_mixin.py:188} INFO - [2024-01-06T02:31:51.284+0000] {dag.py:3033} INFO - Sync 1 DAGs
[2024-01-06T02:31:51.299+0000] {logging_mixin.py:188} INFO - [2024-01-06T02:31:51.299+0000] {dag.py:3820} INFO - Setting next_dagrun for example_local_kubernetes_executor to None, run_after=None
[2024-01-06T02:31:51.313+0000] {processor.py:183} INFO - Processing /home/airflow/.local/lib/python3.8/site-packages/airflow/example_dags/example_local_kubernetes_executor.py took 0.097 seconds
[2024-01-06T02:32:21.499+0000] {processor.py:161} INFO - Started process (PID=41399) to work on /home/airflow/.local/lib/python3.8/site-packages/airflow/example_dags/example_local_kubernetes_executor.py
[2024-01-06T02:32:21.501+0000] {processor.py:830} INFO - Processing file /home/airflow/.local/lib/python3.8/site-packages/airflow/example_dags/example_local_kubernetes_executor.py for tasks to queue
[2024-01-06T02:32:21.504+0000] {logging_mixin.py:188} INFO - [2024-01-06T02:32:21.504+0000] {dagbag.py:538} INFO - Filling up the DagBag from /home/airflow/.local/lib/python3.8/site-packages/airflow/example_dags/example_local_kubernetes_executor.py
[2024-01-06T02:32:21.519+0000] {processor.py:840} INFO - DAG(s) 'example_local_kubernetes_executor' retrieved from /home/airflow/.local/lib/python3.8/site-packages/airflow/example_dags/example_local_kubernetes_executor.py
[2024-01-06T02:32:21.550+0000] {logging_mixin.py:188} INFO - [2024-01-06T02:32:21.550+0000] {dag.py:3033} INFO - Sync 1 DAGs
[2024-01-06T02:32:21.561+0000] {logging_mixin.py:188} INFO - [2024-01-06T02:32:21.561+0000] {dag.py:3820} INFO - Setting next_dagrun for example_local_kubernetes_executor to None, run_after=None
[2024-01-06T02:32:21.577+0000] {processor.py:183} INFO - Processing /home/airflow/.local/lib/python3.8/site-packages/airflow/example_dags/example_local_kubernetes_executor.py took 0.083 seconds
[2024-01-06T02:32:51.787+0000] {processor.py:161} INFO - Started process (PID=41456) to work on /home/airflow/.local/lib/python3.8/site-packages/airflow/example_dags/example_local_kubernetes_executor.py
[2024-01-06T02:32:51.790+0000] {processor.py:830} INFO - Processing file /home/airflow/.local/lib/python3.8/site-packages/airflow/example_dags/example_local_kubernetes_executor.py for tasks to queue
[2024-01-06T02:32:51.793+0000] {logging_mixin.py:188} INFO - [2024-01-06T02:32:51.793+0000] {dagbag.py:538} INFO - Filling up the DagBag from /home/airflow/.local/lib/python3.8/site-packages/airflow/example_dags/example_local_kubernetes_executor.py
[2024-01-06T02:32:51.803+0000] {processor.py:840} INFO - DAG(s) 'example_local_kubernetes_executor' retrieved from /home/airflow/.local/lib/python3.8/site-packages/airflow/example_dags/example_local_kubernetes_executor.py
[2024-01-06T02:32:51.832+0000] {logging_mixin.py:188} INFO - [2024-01-06T02:32:51.832+0000] {dag.py:3033} INFO - Sync 1 DAGs
[2024-01-06T02:32:51.841+0000] {logging_mixin.py:188} INFO - [2024-01-06T02:32:51.841+0000] {dag.py:3820} INFO - Setting next_dagrun for example_local_kubernetes_executor to None, run_after=None
[2024-01-06T02:32:51.854+0000] {processor.py:183} INFO - Processing /home/airflow/.local/lib/python3.8/site-packages/airflow/example_dags/example_local_kubernetes_executor.py took 0.072 seconds
[2024-01-06T02:33:27.226+0000] {processor.py:161} INFO - Started process (PID=41514) to work on /home/airflow/.local/lib/python3.8/site-packages/airflow/example_dags/example_local_kubernetes_executor.py
[2024-01-06T02:33:27.238+0000] {processor.py:830} INFO - Processing file /home/airflow/.local/lib/python3.8/site-packages/airflow/example_dags/example_local_kubernetes_executor.py for tasks to queue
[2024-01-06T02:33:27.281+0000] {logging_mixin.py:188} INFO - [2024-01-06T02:33:27.280+0000] {dagbag.py:538} INFO - Filling up the DagBag from /home/airflow/.local/lib/python3.8/site-packages/airflow/example_dags/example_local_kubernetes_executor.py
[2024-01-06T02:33:27.380+0000] {processor.py:840} INFO - DAG(s) 'example_local_kubernetes_executor' retrieved from /home/airflow/.local/lib/python3.8/site-packages/airflow/example_dags/example_local_kubernetes_executor.py
[2024-01-06T02:33:27.964+0000] {logging_mixin.py:188} INFO - [2024-01-06T02:33:27.963+0000] {dag.py:3033} INFO - Sync 1 DAGs
[2024-01-06T02:33:28.167+0000] {logging_mixin.py:188} INFO - [2024-01-06T02:33:28.166+0000] {dag.py:3820} INFO - Setting next_dagrun for example_local_kubernetes_executor to None, run_after=None
[2024-01-06T02:33:28.343+0000] {processor.py:183} INFO - Processing /home/airflow/.local/lib/python3.8/site-packages/airflow/example_dags/example_local_kubernetes_executor.py took 1.173 seconds
[2024-01-06T02:33:59.925+0000] {processor.py:161} INFO - Started process (PID=41572) to work on /home/airflow/.local/lib/python3.8/site-packages/airflow/example_dags/example_local_kubernetes_executor.py
[2024-01-06T02:33:59.927+0000] {processor.py:830} INFO - Processing file /home/airflow/.local/lib/python3.8/site-packages/airflow/example_dags/example_local_kubernetes_executor.py for tasks to queue
[2024-01-06T02:33:59.929+0000] {logging_mixin.py:188} INFO - [2024-01-06T02:33:59.929+0000] {dagbag.py:538} INFO - Filling up the DagBag from /home/airflow/.local/lib/python3.8/site-packages/airflow/example_dags/example_local_kubernetes_executor.py
[2024-01-06T02:33:59.937+0000] {processor.py:840} INFO - DAG(s) 'example_local_kubernetes_executor' retrieved from /home/airflow/.local/lib/python3.8/site-packages/airflow/example_dags/example_local_kubernetes_executor.py
[2024-01-06T02:33:59.965+0000] {logging_mixin.py:188} INFO - [2024-01-06T02:33:59.965+0000] {dag.py:3033} INFO - Sync 1 DAGs
[2024-01-06T02:33:59.976+0000] {logging_mixin.py:188} INFO - [2024-01-06T02:33:59.976+0000] {dag.py:3820} INFO - Setting next_dagrun for example_local_kubernetes_executor to None, run_after=None
[2024-01-06T02:33:59.991+0000] {processor.py:183} INFO - Processing /home/airflow/.local/lib/python3.8/site-packages/airflow/example_dags/example_local_kubernetes_executor.py took 0.070 seconds
[2024-01-06T02:34:30.936+0000] {processor.py:161} INFO - Started process (PID=41630) to work on /home/airflow/.local/lib/python3.8/site-packages/airflow/example_dags/example_local_kubernetes_executor.py
[2024-01-06T02:34:30.938+0000] {processor.py:830} INFO - Processing file /home/airflow/.local/lib/python3.8/site-packages/airflow/example_dags/example_local_kubernetes_executor.py for tasks to queue
[2024-01-06T02:34:30.940+0000] {logging_mixin.py:188} INFO - [2024-01-06T02:34:30.940+0000] {dagbag.py:538} INFO - Filling up the DagBag from /home/airflow/.local/lib/python3.8/site-packages/airflow/example_dags/example_local_kubernetes_executor.py
[2024-01-06T02:34:30.947+0000] {processor.py:840} INFO - DAG(s) 'example_local_kubernetes_executor' retrieved from /home/airflow/.local/lib/python3.8/site-packages/airflow/example_dags/example_local_kubernetes_executor.py
[2024-01-06T02:34:30.976+0000] {logging_mixin.py:188} INFO - [2024-01-06T02:34:30.976+0000] {dag.py:3033} INFO - Sync 1 DAGs
[2024-01-06T02:34:30.985+0000] {logging_mixin.py:188} INFO - [2024-01-06T02:34:30.985+0000] {dag.py:3820} INFO - Setting next_dagrun for example_local_kubernetes_executor to None, run_after=None
[2024-01-06T02:34:30.997+0000] {processor.py:183} INFO - Processing /home/airflow/.local/lib/python3.8/site-packages/airflow/example_dags/example_local_kubernetes_executor.py took 0.063 seconds
[2024-01-06T02:35:02.144+0000] {processor.py:161} INFO - Started process (PID=41687) to work on /home/airflow/.local/lib/python3.8/site-packages/airflow/example_dags/example_local_kubernetes_executor.py
[2024-01-06T02:35:02.146+0000] {processor.py:830} INFO - Processing file /home/airflow/.local/lib/python3.8/site-packages/airflow/example_dags/example_local_kubernetes_executor.py for tasks to queue
[2024-01-06T02:35:02.150+0000] {logging_mixin.py:188} INFO - [2024-01-06T02:35:02.149+0000] {dagbag.py:538} INFO - Filling up the DagBag from /home/airflow/.local/lib/python3.8/site-packages/airflow/example_dags/example_local_kubernetes_executor.py
[2024-01-06T02:35:02.164+0000] {processor.py:840} INFO - DAG(s) 'example_local_kubernetes_executor' retrieved from /home/airflow/.local/lib/python3.8/site-packages/airflow/example_dags/example_local_kubernetes_executor.py
[2024-01-06T02:35:02.207+0000] {logging_mixin.py:188} INFO - [2024-01-06T02:35:02.207+0000] {dag.py:3033} INFO - Sync 1 DAGs
[2024-01-06T02:35:02.218+0000] {logging_mixin.py:188} INFO - [2024-01-06T02:35:02.218+0000] {dag.py:3820} INFO - Setting next_dagrun for example_local_kubernetes_executor to None, run_after=None
[2024-01-06T02:35:02.237+0000] {processor.py:183} INFO - Processing /home/airflow/.local/lib/python3.8/site-packages/airflow/example_dags/example_local_kubernetes_executor.py took 0.096 seconds
[2024-01-06T02:35:32.533+0000] {processor.py:161} INFO - Started process (PID=41745) to work on /home/airflow/.local/lib/python3.8/site-packages/airflow/example_dags/example_local_kubernetes_executor.py
[2024-01-06T02:35:32.535+0000] {processor.py:830} INFO - Processing file /home/airflow/.local/lib/python3.8/site-packages/airflow/example_dags/example_local_kubernetes_executor.py for tasks to queue
[2024-01-06T02:35:32.537+0000] {logging_mixin.py:188} INFO - [2024-01-06T02:35:32.537+0000] {dagbag.py:538} INFO - Filling up the DagBag from /home/airflow/.local/lib/python3.8/site-packages/airflow/example_dags/example_local_kubernetes_executor.py
[2024-01-06T02:35:32.545+0000] {processor.py:840} INFO - DAG(s) 'example_local_kubernetes_executor' retrieved from /home/airflow/.local/lib/python3.8/site-packages/airflow/example_dags/example_local_kubernetes_executor.py
[2024-01-06T02:35:32.570+0000] {logging_mixin.py:188} INFO - [2024-01-06T02:35:32.569+0000] {dag.py:3033} INFO - Sync 1 DAGs
[2024-01-06T02:35:32.584+0000] {logging_mixin.py:188} INFO - [2024-01-06T02:35:32.584+0000] {dag.py:3820} INFO - Setting next_dagrun for example_local_kubernetes_executor to None, run_after=None
[2024-01-06T02:35:32.597+0000] {processor.py:183} INFO - Processing /home/airflow/.local/lib/python3.8/site-packages/airflow/example_dags/example_local_kubernetes_executor.py took 0.066 seconds
[2024-01-06T02:36:02.878+0000] {processor.py:161} INFO - Started process (PID=41803) to work on /home/airflow/.local/lib/python3.8/site-packages/airflow/example_dags/example_local_kubernetes_executor.py
[2024-01-06T02:36:02.880+0000] {processor.py:830} INFO - Processing file /home/airflow/.local/lib/python3.8/site-packages/airflow/example_dags/example_local_kubernetes_executor.py for tasks to queue
[2024-01-06T02:36:02.885+0000] {logging_mixin.py:188} INFO - [2024-01-06T02:36:02.884+0000] {dagbag.py:538} INFO - Filling up the DagBag from /home/airflow/.local/lib/python3.8/site-packages/airflow/example_dags/example_local_kubernetes_executor.py
[2024-01-06T02:36:02.898+0000] {processor.py:840} INFO - DAG(s) 'example_local_kubernetes_executor' retrieved from /home/airflow/.local/lib/python3.8/site-packages/airflow/example_dags/example_local_kubernetes_executor.py
[2024-01-06T02:36:02.934+0000] {logging_mixin.py:188} INFO - [2024-01-06T02:36:02.933+0000] {dag.py:3033} INFO - Sync 1 DAGs
[2024-01-06T02:36:02.944+0000] {logging_mixin.py:188} INFO - [2024-01-06T02:36:02.943+0000] {dag.py:3820} INFO - Setting next_dagrun for example_local_kubernetes_executor to None, run_after=None
[2024-01-06T02:36:02.957+0000] {processor.py:183} INFO - Processing /home/airflow/.local/lib/python3.8/site-packages/airflow/example_dags/example_local_kubernetes_executor.py took 0.082 seconds
[2024-01-06T02:36:33.237+0000] {processor.py:161} INFO - Started process (PID=41861) to work on /home/airflow/.local/lib/python3.8/site-packages/airflow/example_dags/example_local_kubernetes_executor.py
[2024-01-06T02:36:33.239+0000] {processor.py:830} INFO - Processing file /home/airflow/.local/lib/python3.8/site-packages/airflow/example_dags/example_local_kubernetes_executor.py for tasks to queue
[2024-01-06T02:36:33.241+0000] {logging_mixin.py:188} INFO - [2024-01-06T02:36:33.241+0000] {dagbag.py:538} INFO - Filling up the DagBag from /home/airflow/.local/lib/python3.8/site-packages/airflow/example_dags/example_local_kubernetes_executor.py
[2024-01-06T02:36:33.252+0000] {processor.py:840} INFO - DAG(s) 'example_local_kubernetes_executor' retrieved from /home/airflow/.local/lib/python3.8/site-packages/airflow/example_dags/example_local_kubernetes_executor.py
[2024-01-06T02:36:33.281+0000] {logging_mixin.py:188} INFO - [2024-01-06T02:36:33.281+0000] {dag.py:3033} INFO - Sync 1 DAGs
[2024-01-06T02:36:33.300+0000] {logging_mixin.py:188} INFO - [2024-01-06T02:36:33.300+0000] {dag.py:3820} INFO - Setting next_dagrun for example_local_kubernetes_executor to None, run_after=None
[2024-01-06T02:36:33.317+0000] {processor.py:183} INFO - Processing /home/airflow/.local/lib/python3.8/site-packages/airflow/example_dags/example_local_kubernetes_executor.py took 0.083 seconds
[2024-01-06T02:37:03.702+0000] {processor.py:161} INFO - Started process (PID=41919) to work on /home/airflow/.local/lib/python3.8/site-packages/airflow/example_dags/example_local_kubernetes_executor.py
[2024-01-06T02:37:03.706+0000] {processor.py:830} INFO - Processing file /home/airflow/.local/lib/python3.8/site-packages/airflow/example_dags/example_local_kubernetes_executor.py for tasks to queue
[2024-01-06T02:37:03.710+0000] {logging_mixin.py:188} INFO - [2024-01-06T02:37:03.709+0000] {dagbag.py:538} INFO - Filling up the DagBag from /home/airflow/.local/lib/python3.8/site-packages/airflow/example_dags/example_local_kubernetes_executor.py
[2024-01-06T02:37:03.722+0000] {processor.py:840} INFO - DAG(s) 'example_local_kubernetes_executor' retrieved from /home/airflow/.local/lib/python3.8/site-packages/airflow/example_dags/example_local_kubernetes_executor.py
[2024-01-06T02:37:03.755+0000] {logging_mixin.py:188} INFO - [2024-01-06T02:37:03.754+0000] {dag.py:3033} INFO - Sync 1 DAGs
[2024-01-06T02:37:03.765+0000] {logging_mixin.py:188} INFO - [2024-01-06T02:37:03.765+0000] {dag.py:3820} INFO - Setting next_dagrun for example_local_kubernetes_executor to None, run_after=None
[2024-01-06T02:37:03.780+0000] {processor.py:183} INFO - Processing /home/airflow/.local/lib/python3.8/site-packages/airflow/example_dags/example_local_kubernetes_executor.py took 0.083 seconds
[2024-01-06T02:37:34.228+0000] {processor.py:161} INFO - Started process (PID=41974) to work on /home/airflow/.local/lib/python3.8/site-packages/airflow/example_dags/example_local_kubernetes_executor.py
[2024-01-06T02:37:34.230+0000] {processor.py:830} INFO - Processing file /home/airflow/.local/lib/python3.8/site-packages/airflow/example_dags/example_local_kubernetes_executor.py for tasks to queue
[2024-01-06T02:37:34.234+0000] {logging_mixin.py:188} INFO - [2024-01-06T02:37:34.233+0000] {dagbag.py:538} INFO - Filling up the DagBag from /home/airflow/.local/lib/python3.8/site-packages/airflow/example_dags/example_local_kubernetes_executor.py
[2024-01-06T02:37:34.241+0000] {processor.py:840} INFO - DAG(s) 'example_local_kubernetes_executor' retrieved from /home/airflow/.local/lib/python3.8/site-packages/airflow/example_dags/example_local_kubernetes_executor.py
[2024-01-06T02:37:34.268+0000] {logging_mixin.py:188} INFO - [2024-01-06T02:37:34.268+0000] {dag.py:3033} INFO - Sync 1 DAGs
[2024-01-06T02:37:34.277+0000] {logging_mixin.py:188} INFO - [2024-01-06T02:37:34.276+0000] {dag.py:3820} INFO - Setting next_dagrun for example_local_kubernetes_executor to None, run_after=None
[2024-01-06T02:37:34.292+0000] {processor.py:183} INFO - Processing /home/airflow/.local/lib/python3.8/site-packages/airflow/example_dags/example_local_kubernetes_executor.py took 0.066 seconds
[2024-01-06T02:38:04.619+0000] {processor.py:161} INFO - Started process (PID=42032) to work on /home/airflow/.local/lib/python3.8/site-packages/airflow/example_dags/example_local_kubernetes_executor.py
[2024-01-06T02:38:04.621+0000] {processor.py:830} INFO - Processing file /home/airflow/.local/lib/python3.8/site-packages/airflow/example_dags/example_local_kubernetes_executor.py for tasks to queue
[2024-01-06T02:38:04.623+0000] {logging_mixin.py:188} INFO - [2024-01-06T02:38:04.623+0000] {dagbag.py:538} INFO - Filling up the DagBag from /home/airflow/.local/lib/python3.8/site-packages/airflow/example_dags/example_local_kubernetes_executor.py
[2024-01-06T02:38:04.629+0000] {processor.py:840} INFO - DAG(s) 'example_local_kubernetes_executor' retrieved from /home/airflow/.local/lib/python3.8/site-packages/airflow/example_dags/example_local_kubernetes_executor.py
[2024-01-06T02:38:04.654+0000] {logging_mixin.py:188} INFO - [2024-01-06T02:38:04.654+0000] {dag.py:3033} INFO - Sync 1 DAGs
[2024-01-06T02:38:04.662+0000] {logging_mixin.py:188} INFO - [2024-01-06T02:38:04.662+0000] {dag.py:3820} INFO - Setting next_dagrun for example_local_kubernetes_executor to None, run_after=None
[2024-01-06T02:38:04.673+0000] {processor.py:183} INFO - Processing /home/airflow/.local/lib/python3.8/site-packages/airflow/example_dags/example_local_kubernetes_executor.py took 0.056 seconds
[2024-01-06T02:38:34.903+0000] {processor.py:161} INFO - Started process (PID=42090) to work on /home/airflow/.local/lib/python3.8/site-packages/airflow/example_dags/example_local_kubernetes_executor.py
[2024-01-06T02:38:34.905+0000] {processor.py:830} INFO - Processing file /home/airflow/.local/lib/python3.8/site-packages/airflow/example_dags/example_local_kubernetes_executor.py for tasks to queue
[2024-01-06T02:38:34.907+0000] {logging_mixin.py:188} INFO - [2024-01-06T02:38:34.907+0000] {dagbag.py:538} INFO - Filling up the DagBag from /home/airflow/.local/lib/python3.8/site-packages/airflow/example_dags/example_local_kubernetes_executor.py
[2024-01-06T02:38:34.913+0000] {processor.py:840} INFO - DAG(s) 'example_local_kubernetes_executor' retrieved from /home/airflow/.local/lib/python3.8/site-packages/airflow/example_dags/example_local_kubernetes_executor.py
[2024-01-06T02:38:34.940+0000] {logging_mixin.py:188} INFO - [2024-01-06T02:38:34.940+0000] {dag.py:3033} INFO - Sync 1 DAGs
[2024-01-06T02:38:34.949+0000] {logging_mixin.py:188} INFO - [2024-01-06T02:38:34.949+0000] {dag.py:3820} INFO - Setting next_dagrun for example_local_kubernetes_executor to None, run_after=None
[2024-01-06T02:38:34.962+0000] {processor.py:183} INFO - Processing /home/airflow/.local/lib/python3.8/site-packages/airflow/example_dags/example_local_kubernetes_executor.py took 0.061 seconds
[2024-01-06T02:39:05.380+0000] {processor.py:161} INFO - Started process (PID=42147) to work on /home/airflow/.local/lib/python3.8/site-packages/airflow/example_dags/example_local_kubernetes_executor.py
[2024-01-06T02:39:05.381+0000] {processor.py:830} INFO - Processing file /home/airflow/.local/lib/python3.8/site-packages/airflow/example_dags/example_local_kubernetes_executor.py for tasks to queue
[2024-01-06T02:39:05.383+0000] {logging_mixin.py:188} INFO - [2024-01-06T02:39:05.383+0000] {dagbag.py:538} INFO - Filling up the DagBag from /home/airflow/.local/lib/python3.8/site-packages/airflow/example_dags/example_local_kubernetes_executor.py
[2024-01-06T02:39:05.390+0000] {processor.py:840} INFO - DAG(s) 'example_local_kubernetes_executor' retrieved from /home/airflow/.local/lib/python3.8/site-packages/airflow/example_dags/example_local_kubernetes_executor.py
[2024-01-06T02:39:05.414+0000] {logging_mixin.py:188} INFO - [2024-01-06T02:39:05.414+0000] {dag.py:3033} INFO - Sync 1 DAGs
[2024-01-06T02:39:05.423+0000] {logging_mixin.py:188} INFO - [2024-01-06T02:39:05.423+0000] {dag.py:3820} INFO - Setting next_dagrun for example_local_kubernetes_executor to None, run_after=None
[2024-01-06T02:39:05.436+0000] {processor.py:183} INFO - Processing /home/airflow/.local/lib/python3.8/site-packages/airflow/example_dags/example_local_kubernetes_executor.py took 0.059 seconds
[2024-01-06T02:39:36.191+0000] {processor.py:161} INFO - Started process (PID=42204) to work on /home/airflow/.local/lib/python3.8/site-packages/airflow/example_dags/example_local_kubernetes_executor.py
[2024-01-06T02:39:36.193+0000] {processor.py:830} INFO - Processing file /home/airflow/.local/lib/python3.8/site-packages/airflow/example_dags/example_local_kubernetes_executor.py for tasks to queue
[2024-01-06T02:39:36.195+0000] {logging_mixin.py:188} INFO - [2024-01-06T02:39:36.195+0000] {dagbag.py:538} INFO - Filling up the DagBag from /home/airflow/.local/lib/python3.8/site-packages/airflow/example_dags/example_local_kubernetes_executor.py
[2024-01-06T02:39:36.203+0000] {processor.py:840} INFO - DAG(s) 'example_local_kubernetes_executor' retrieved from /home/airflow/.local/lib/python3.8/site-packages/airflow/example_dags/example_local_kubernetes_executor.py
[2024-01-06T02:39:36.235+0000] {logging_mixin.py:188} INFO - [2024-01-06T02:39:36.234+0000] {dag.py:3033} INFO - Sync 1 DAGs
[2024-01-06T02:39:36.249+0000] {logging_mixin.py:188} INFO - [2024-01-06T02:39:36.249+0000] {dag.py:3820} INFO - Setting next_dagrun for example_local_kubernetes_executor to None, run_after=None
[2024-01-06T02:39:36.272+0000] {processor.py:183} INFO - Processing /home/airflow/.local/lib/python3.8/site-packages/airflow/example_dags/example_local_kubernetes_executor.py took 0.084 seconds
[2024-01-06T02:40:06.466+0000] {processor.py:161} INFO - Started process (PID=42263) to work on /home/airflow/.local/lib/python3.8/site-packages/airflow/example_dags/example_local_kubernetes_executor.py
[2024-01-06T02:40:06.467+0000] {processor.py:830} INFO - Processing file /home/airflow/.local/lib/python3.8/site-packages/airflow/example_dags/example_local_kubernetes_executor.py for tasks to queue
[2024-01-06T02:40:06.470+0000] {logging_mixin.py:188} INFO - [2024-01-06T02:40:06.470+0000] {dagbag.py:538} INFO - Filling up the DagBag from /home/airflow/.local/lib/python3.8/site-packages/airflow/example_dags/example_local_kubernetes_executor.py
[2024-01-06T02:40:06.476+0000] {processor.py:840} INFO - DAG(s) 'example_local_kubernetes_executor' retrieved from /home/airflow/.local/lib/python3.8/site-packages/airflow/example_dags/example_local_kubernetes_executor.py
[2024-01-06T02:40:06.503+0000] {logging_mixin.py:188} INFO - [2024-01-06T02:40:06.503+0000] {dag.py:3033} INFO - Sync 1 DAGs
[2024-01-06T02:40:06.515+0000] {logging_mixin.py:188} INFO - [2024-01-06T02:40:06.515+0000] {dag.py:3820} INFO - Setting next_dagrun for example_local_kubernetes_executor to None, run_after=None
[2024-01-06T02:40:06.531+0000] {processor.py:183} INFO - Processing /home/airflow/.local/lib/python3.8/site-packages/airflow/example_dags/example_local_kubernetes_executor.py took 0.068 seconds
[2024-01-06T02:40:37.176+0000] {processor.py:161} INFO - Started process (PID=42322) to work on /home/airflow/.local/lib/python3.8/site-packages/airflow/example_dags/example_local_kubernetes_executor.py
[2024-01-06T02:40:37.179+0000] {processor.py:830} INFO - Processing file /home/airflow/.local/lib/python3.8/site-packages/airflow/example_dags/example_local_kubernetes_executor.py for tasks to queue
[2024-01-06T02:40:37.183+0000] {logging_mixin.py:188} INFO - [2024-01-06T02:40:37.183+0000] {dagbag.py:538} INFO - Filling up the DagBag from /home/airflow/.local/lib/python3.8/site-packages/airflow/example_dags/example_local_kubernetes_executor.py
[2024-01-06T02:40:37.191+0000] {processor.py:840} INFO - DAG(s) 'example_local_kubernetes_executor' retrieved from /home/airflow/.local/lib/python3.8/site-packages/airflow/example_dags/example_local_kubernetes_executor.py
[2024-01-06T02:40:37.238+0000] {logging_mixin.py:188} INFO - [2024-01-06T02:40:37.238+0000] {dag.py:3033} INFO - Sync 1 DAGs
[2024-01-06T02:40:37.250+0000] {logging_mixin.py:188} INFO - [2024-01-06T02:40:37.250+0000] {dag.py:3820} INFO - Setting next_dagrun for example_local_kubernetes_executor to None, run_after=None
[2024-01-06T02:40:37.284+0000] {processor.py:183} INFO - Processing /home/airflow/.local/lib/python3.8/site-packages/airflow/example_dags/example_local_kubernetes_executor.py took 0.112 seconds
[2024-01-06T02:41:07.855+0000] {processor.py:161} INFO - Started process (PID=42380) to work on /home/airflow/.local/lib/python3.8/site-packages/airflow/example_dags/example_local_kubernetes_executor.py
[2024-01-06T02:41:07.858+0000] {processor.py:830} INFO - Processing file /home/airflow/.local/lib/python3.8/site-packages/airflow/example_dags/example_local_kubernetes_executor.py for tasks to queue
[2024-01-06T02:41:07.860+0000] {logging_mixin.py:188} INFO - [2024-01-06T02:41:07.860+0000] {dagbag.py:538} INFO - Filling up the DagBag from /home/airflow/.local/lib/python3.8/site-packages/airflow/example_dags/example_local_kubernetes_executor.py
[2024-01-06T02:41:07.867+0000] {processor.py:840} INFO - DAG(s) 'example_local_kubernetes_executor' retrieved from /home/airflow/.local/lib/python3.8/site-packages/airflow/example_dags/example_local_kubernetes_executor.py
[2024-01-06T02:41:07.897+0000] {logging_mixin.py:188} INFO - [2024-01-06T02:41:07.897+0000] {dag.py:3033} INFO - Sync 1 DAGs
[2024-01-06T02:41:07.911+0000] {logging_mixin.py:188} INFO - [2024-01-06T02:41:07.911+0000] {dag.py:3820} INFO - Setting next_dagrun for example_local_kubernetes_executor to None, run_after=None
[2024-01-06T02:41:07.929+0000] {processor.py:183} INFO - Processing /home/airflow/.local/lib/python3.8/site-packages/airflow/example_dags/example_local_kubernetes_executor.py took 0.075 seconds
[2024-01-06T02:41:38.787+0000] {processor.py:161} INFO - Started process (PID=42438) to work on /home/airflow/.local/lib/python3.8/site-packages/airflow/example_dags/example_local_kubernetes_executor.py
[2024-01-06T02:41:38.790+0000] {processor.py:830} INFO - Processing file /home/airflow/.local/lib/python3.8/site-packages/airflow/example_dags/example_local_kubernetes_executor.py for tasks to queue
[2024-01-06T02:41:38.793+0000] {logging_mixin.py:188} INFO - [2024-01-06T02:41:38.793+0000] {dagbag.py:538} INFO - Filling up the DagBag from /home/airflow/.local/lib/python3.8/site-packages/airflow/example_dags/example_local_kubernetes_executor.py
[2024-01-06T02:41:38.801+0000] {processor.py:840} INFO - DAG(s) 'example_local_kubernetes_executor' retrieved from /home/airflow/.local/lib/python3.8/site-packages/airflow/example_dags/example_local_kubernetes_executor.py
[2024-01-06T02:41:38.833+0000] {logging_mixin.py:188} INFO - [2024-01-06T02:41:38.833+0000] {dag.py:3033} INFO - Sync 1 DAGs
[2024-01-06T02:41:38.842+0000] {logging_mixin.py:188} INFO - [2024-01-06T02:41:38.842+0000] {dag.py:3820} INFO - Setting next_dagrun for example_local_kubernetes_executor to None, run_after=None
[2024-01-06T02:41:38.856+0000] {processor.py:183} INFO - Processing /home/airflow/.local/lib/python3.8/site-packages/airflow/example_dags/example_local_kubernetes_executor.py took 0.071 seconds
[2024-01-06T02:42:09.901+0000] {processor.py:161} INFO - Started process (PID=42495) to work on /home/airflow/.local/lib/python3.8/site-packages/airflow/example_dags/example_local_kubernetes_executor.py
[2024-01-06T02:42:09.902+0000] {processor.py:830} INFO - Processing file /home/airflow/.local/lib/python3.8/site-packages/airflow/example_dags/example_local_kubernetes_executor.py for tasks to queue
[2024-01-06T02:42:09.905+0000] {logging_mixin.py:188} INFO - [2024-01-06T02:42:09.905+0000] {dagbag.py:538} INFO - Filling up the DagBag from /home/airflow/.local/lib/python3.8/site-packages/airflow/example_dags/example_local_kubernetes_executor.py
[2024-01-06T02:42:09.911+0000] {processor.py:840} INFO - DAG(s) 'example_local_kubernetes_executor' retrieved from /home/airflow/.local/lib/python3.8/site-packages/airflow/example_dags/example_local_kubernetes_executor.py
[2024-01-06T02:42:09.935+0000] {logging_mixin.py:188} INFO - [2024-01-06T02:42:09.935+0000] {dag.py:3033} INFO - Sync 1 DAGs
[2024-01-06T02:42:09.943+0000] {logging_mixin.py:188} INFO - [2024-01-06T02:42:09.943+0000] {dag.py:3820} INFO - Setting next_dagrun for example_local_kubernetes_executor to None, run_after=None
[2024-01-06T02:42:09.956+0000] {processor.py:183} INFO - Processing /home/airflow/.local/lib/python3.8/site-packages/airflow/example_dags/example_local_kubernetes_executor.py took 0.058 seconds
[2024-01-06T02:42:40.102+0000] {processor.py:161} INFO - Started process (PID=42553) to work on /home/airflow/.local/lib/python3.8/site-packages/airflow/example_dags/example_local_kubernetes_executor.py
[2024-01-06T02:42:40.104+0000] {processor.py:830} INFO - Processing file /home/airflow/.local/lib/python3.8/site-packages/airflow/example_dags/example_local_kubernetes_executor.py for tasks to queue
[2024-01-06T02:42:40.106+0000] {logging_mixin.py:188} INFO - [2024-01-06T02:42:40.106+0000] {dagbag.py:538} INFO - Filling up the DagBag from /home/airflow/.local/lib/python3.8/site-packages/airflow/example_dags/example_local_kubernetes_executor.py
[2024-01-06T02:42:40.113+0000] {processor.py:840} INFO - DAG(s) 'example_local_kubernetes_executor' retrieved from /home/airflow/.local/lib/python3.8/site-packages/airflow/example_dags/example_local_kubernetes_executor.py
[2024-01-06T02:42:40.138+0000] {logging_mixin.py:188} INFO - [2024-01-06T02:42:40.137+0000] {dag.py:3033} INFO - Sync 1 DAGs
[2024-01-06T02:42:40.147+0000] {logging_mixin.py:188} INFO - [2024-01-06T02:42:40.147+0000] {dag.py:3820} INFO - Setting next_dagrun for example_local_kubernetes_executor to None, run_after=None
[2024-01-06T02:42:40.159+0000] {processor.py:183} INFO - Processing /home/airflow/.local/lib/python3.8/site-packages/airflow/example_dags/example_local_kubernetes_executor.py took 0.059 seconds
[2024-01-06T02:43:10.519+0000] {processor.py:161} INFO - Started process (PID=42611) to work on /home/airflow/.local/lib/python3.8/site-packages/airflow/example_dags/example_local_kubernetes_executor.py
[2024-01-06T02:43:10.522+0000] {processor.py:830} INFO - Processing file /home/airflow/.local/lib/python3.8/site-packages/airflow/example_dags/example_local_kubernetes_executor.py for tasks to queue
[2024-01-06T02:43:10.524+0000] {logging_mixin.py:188} INFO - [2024-01-06T02:43:10.524+0000] {dagbag.py:538} INFO - Filling up the DagBag from /home/airflow/.local/lib/python3.8/site-packages/airflow/example_dags/example_local_kubernetes_executor.py
[2024-01-06T02:43:10.533+0000] {processor.py:840} INFO - DAG(s) 'example_local_kubernetes_executor' retrieved from /home/airflow/.local/lib/python3.8/site-packages/airflow/example_dags/example_local_kubernetes_executor.py
[2024-01-06T02:43:10.561+0000] {logging_mixin.py:188} INFO - [2024-01-06T02:43:10.561+0000] {dag.py:3033} INFO - Sync 1 DAGs
[2024-01-06T02:43:10.571+0000] {logging_mixin.py:188} INFO - [2024-01-06T02:43:10.570+0000] {dag.py:3820} INFO - Setting next_dagrun for example_local_kubernetes_executor to None, run_after=None
[2024-01-06T02:43:10.582+0000] {processor.py:183} INFO - Processing /home/airflow/.local/lib/python3.8/site-packages/airflow/example_dags/example_local_kubernetes_executor.py took 0.065 seconds
[2024-01-06T02:43:40.749+0000] {processor.py:161} INFO - Started process (PID=42669) to work on /home/airflow/.local/lib/python3.8/site-packages/airflow/example_dags/example_local_kubernetes_executor.py
[2024-01-06T02:43:40.751+0000] {processor.py:830} INFO - Processing file /home/airflow/.local/lib/python3.8/site-packages/airflow/example_dags/example_local_kubernetes_executor.py for tasks to queue
[2024-01-06T02:43:40.753+0000] {logging_mixin.py:188} INFO - [2024-01-06T02:43:40.753+0000] {dagbag.py:538} INFO - Filling up the DagBag from /home/airflow/.local/lib/python3.8/site-packages/airflow/example_dags/example_local_kubernetes_executor.py
[2024-01-06T02:43:40.761+0000] {processor.py:840} INFO - DAG(s) 'example_local_kubernetes_executor' retrieved from /home/airflow/.local/lib/python3.8/site-packages/airflow/example_dags/example_local_kubernetes_executor.py
[2024-01-06T02:43:40.788+0000] {logging_mixin.py:188} INFO - [2024-01-06T02:43:40.788+0000] {dag.py:3033} INFO - Sync 1 DAGs
[2024-01-06T02:43:40.797+0000] {logging_mixin.py:188} INFO - [2024-01-06T02:43:40.797+0000] {dag.py:3820} INFO - Setting next_dagrun for example_local_kubernetes_executor to None, run_after=None
[2024-01-06T02:43:40.812+0000] {processor.py:183} INFO - Processing /home/airflow/.local/lib/python3.8/site-packages/airflow/example_dags/example_local_kubernetes_executor.py took 0.066 seconds
[2024-01-06T02:44:10.877+0000] {processor.py:161} INFO - Started process (PID=42727) to work on /home/airflow/.local/lib/python3.8/site-packages/airflow/example_dags/example_local_kubernetes_executor.py
[2024-01-06T02:44:10.878+0000] {processor.py:830} INFO - Processing file /home/airflow/.local/lib/python3.8/site-packages/airflow/example_dags/example_local_kubernetes_executor.py for tasks to queue
[2024-01-06T02:44:10.880+0000] {logging_mixin.py:188} INFO - [2024-01-06T02:44:10.880+0000] {dagbag.py:538} INFO - Filling up the DagBag from /home/airflow/.local/lib/python3.8/site-packages/airflow/example_dags/example_local_kubernetes_executor.py
[2024-01-06T02:44:10.887+0000] {processor.py:840} INFO - DAG(s) 'example_local_kubernetes_executor' retrieved from /home/airflow/.local/lib/python3.8/site-packages/airflow/example_dags/example_local_kubernetes_executor.py
[2024-01-06T02:44:10.913+0000] {logging_mixin.py:188} INFO - [2024-01-06T02:44:10.913+0000] {dag.py:3033} INFO - Sync 1 DAGs
[2024-01-06T02:44:10.921+0000] {logging_mixin.py:188} INFO - [2024-01-06T02:44:10.921+0000] {dag.py:3820} INFO - Setting next_dagrun for example_local_kubernetes_executor to None, run_after=None
[2024-01-06T02:44:10.934+0000] {processor.py:183} INFO - Processing /home/airflow/.local/lib/python3.8/site-packages/airflow/example_dags/example_local_kubernetes_executor.py took 0.060 seconds
[2024-01-06T02:44:41.088+0000] {processor.py:161} INFO - Started process (PID=42785) to work on /home/airflow/.local/lib/python3.8/site-packages/airflow/example_dags/example_local_kubernetes_executor.py
[2024-01-06T02:44:41.091+0000] {processor.py:830} INFO - Processing file /home/airflow/.local/lib/python3.8/site-packages/airflow/example_dags/example_local_kubernetes_executor.py for tasks to queue
[2024-01-06T02:44:41.094+0000] {logging_mixin.py:188} INFO - [2024-01-06T02:44:41.093+0000] {dagbag.py:538} INFO - Filling up the DagBag from /home/airflow/.local/lib/python3.8/site-packages/airflow/example_dags/example_local_kubernetes_executor.py
[2024-01-06T02:44:41.102+0000] {processor.py:840} INFO - DAG(s) 'example_local_kubernetes_executor' retrieved from /home/airflow/.local/lib/python3.8/site-packages/airflow/example_dags/example_local_kubernetes_executor.py
[2024-01-06T02:44:41.143+0000] {logging_mixin.py:188} INFO - [2024-01-06T02:44:41.143+0000] {dag.py:3033} INFO - Sync 1 DAGs
[2024-01-06T02:44:41.155+0000] {logging_mixin.py:188} INFO - [2024-01-06T02:44:41.154+0000] {dag.py:3820} INFO - Setting next_dagrun for example_local_kubernetes_executor to None, run_after=None
[2024-01-06T02:44:41.171+0000] {processor.py:183} INFO - Processing /home/airflow/.local/lib/python3.8/site-packages/airflow/example_dags/example_local_kubernetes_executor.py took 0.086 seconds
[2024-01-06T02:45:11.378+0000] {processor.py:161} INFO - Started process (PID=42843) to work on /home/airflow/.local/lib/python3.8/site-packages/airflow/example_dags/example_local_kubernetes_executor.py
[2024-01-06T02:45:11.382+0000] {processor.py:830} INFO - Processing file /home/airflow/.local/lib/python3.8/site-packages/airflow/example_dags/example_local_kubernetes_executor.py for tasks to queue
[2024-01-06T02:45:11.387+0000] {logging_mixin.py:188} INFO - [2024-01-06T02:45:11.387+0000] {dagbag.py:538} INFO - Filling up the DagBag from /home/airflow/.local/lib/python3.8/site-packages/airflow/example_dags/example_local_kubernetes_executor.py
[2024-01-06T02:45:11.399+0000] {processor.py:840} INFO - DAG(s) 'example_local_kubernetes_executor' retrieved from /home/airflow/.local/lib/python3.8/site-packages/airflow/example_dags/example_local_kubernetes_executor.py
[2024-01-06T02:45:11.442+0000] {logging_mixin.py:188} INFO - [2024-01-06T02:45:11.442+0000] {dag.py:3033} INFO - Sync 1 DAGs
[2024-01-06T02:45:11.451+0000] {logging_mixin.py:188} INFO - [2024-01-06T02:45:11.451+0000] {dag.py:3820} INFO - Setting next_dagrun for example_local_kubernetes_executor to None, run_after=None
[2024-01-06T02:45:11.465+0000] {processor.py:183} INFO - Processing /home/airflow/.local/lib/python3.8/site-packages/airflow/example_dags/example_local_kubernetes_executor.py took 0.090 seconds
[2024-01-06T02:45:41.792+0000] {processor.py:161} INFO - Started process (PID=42901) to work on /home/airflow/.local/lib/python3.8/site-packages/airflow/example_dags/example_local_kubernetes_executor.py
[2024-01-06T02:45:41.794+0000] {processor.py:830} INFO - Processing file /home/airflow/.local/lib/python3.8/site-packages/airflow/example_dags/example_local_kubernetes_executor.py for tasks to queue
[2024-01-06T02:45:41.797+0000] {logging_mixin.py:188} INFO - [2024-01-06T02:45:41.796+0000] {dagbag.py:538} INFO - Filling up the DagBag from /home/airflow/.local/lib/python3.8/site-packages/airflow/example_dags/example_local_kubernetes_executor.py
[2024-01-06T02:45:41.808+0000] {processor.py:840} INFO - DAG(s) 'example_local_kubernetes_executor' retrieved from /home/airflow/.local/lib/python3.8/site-packages/airflow/example_dags/example_local_kubernetes_executor.py
[2024-01-06T02:45:41.850+0000] {logging_mixin.py:188} INFO - [2024-01-06T02:45:41.850+0000] {dag.py:3033} INFO - Sync 1 DAGs
[2024-01-06T02:45:41.861+0000] {logging_mixin.py:188} INFO - [2024-01-06T02:45:41.860+0000] {dag.py:3820} INFO - Setting next_dagrun for example_local_kubernetes_executor to None, run_after=None
[2024-01-06T02:45:41.875+0000] {processor.py:183} INFO - Processing /home/airflow/.local/lib/python3.8/site-packages/airflow/example_dags/example_local_kubernetes_executor.py took 0.085 seconds
[2024-01-06T02:46:12.875+0000] {processor.py:161} INFO - Started process (PID=42959) to work on /home/airflow/.local/lib/python3.8/site-packages/airflow/example_dags/example_local_kubernetes_executor.py
[2024-01-06T02:46:12.878+0000] {processor.py:830} INFO - Processing file /home/airflow/.local/lib/python3.8/site-packages/airflow/example_dags/example_local_kubernetes_executor.py for tasks to queue
[2024-01-06T02:46:12.882+0000] {logging_mixin.py:188} INFO - [2024-01-06T02:46:12.882+0000] {dagbag.py:538} INFO - Filling up the DagBag from /home/airflow/.local/lib/python3.8/site-packages/airflow/example_dags/example_local_kubernetes_executor.py
[2024-01-06T02:46:12.900+0000] {processor.py:840} INFO - DAG(s) 'example_local_kubernetes_executor' retrieved from /home/airflow/.local/lib/python3.8/site-packages/airflow/example_dags/example_local_kubernetes_executor.py
[2024-01-06T02:46:12.964+0000] {logging_mixin.py:188} INFO - [2024-01-06T02:46:12.964+0000] {dag.py:3033} INFO - Sync 1 DAGs
[2024-01-06T02:46:12.978+0000] {logging_mixin.py:188} INFO - [2024-01-06T02:46:12.977+0000] {dag.py:3820} INFO - Setting next_dagrun for example_local_kubernetes_executor to None, run_after=None
[2024-01-06T02:46:12.992+0000] {processor.py:183} INFO - Processing /home/airflow/.local/lib/python3.8/site-packages/airflow/example_dags/example_local_kubernetes_executor.py took 0.121 seconds
[2024-01-06T02:46:43.425+0000] {processor.py:161} INFO - Started process (PID=43017) to work on /home/airflow/.local/lib/python3.8/site-packages/airflow/example_dags/example_local_kubernetes_executor.py
[2024-01-06T02:46:43.427+0000] {processor.py:830} INFO - Processing file /home/airflow/.local/lib/python3.8/site-packages/airflow/example_dags/example_local_kubernetes_executor.py for tasks to queue
[2024-01-06T02:46:43.429+0000] {logging_mixin.py:188} INFO - [2024-01-06T02:46:43.429+0000] {dagbag.py:538} INFO - Filling up the DagBag from /home/airflow/.local/lib/python3.8/site-packages/airflow/example_dags/example_local_kubernetes_executor.py
[2024-01-06T02:46:43.441+0000] {processor.py:840} INFO - DAG(s) 'example_local_kubernetes_executor' retrieved from /home/airflow/.local/lib/python3.8/site-packages/airflow/example_dags/example_local_kubernetes_executor.py
[2024-01-06T02:46:43.470+0000] {logging_mixin.py:188} INFO - [2024-01-06T02:46:43.469+0000] {dag.py:3033} INFO - Sync 1 DAGs
[2024-01-06T02:46:43.478+0000] {logging_mixin.py:188} INFO - [2024-01-06T02:46:43.478+0000] {dag.py:3820} INFO - Setting next_dagrun for example_local_kubernetes_executor to None, run_after=None
[2024-01-06T02:46:43.490+0000] {processor.py:183} INFO - Processing /home/airflow/.local/lib/python3.8/site-packages/airflow/example_dags/example_local_kubernetes_executor.py took 0.068 seconds
[2024-01-06T02:47:13.772+0000] {processor.py:161} INFO - Started process (PID=43075) to work on /home/airflow/.local/lib/python3.8/site-packages/airflow/example_dags/example_local_kubernetes_executor.py
[2024-01-06T02:47:13.774+0000] {processor.py:830} INFO - Processing file /home/airflow/.local/lib/python3.8/site-packages/airflow/example_dags/example_local_kubernetes_executor.py for tasks to queue
[2024-01-06T02:47:13.776+0000] {logging_mixin.py:188} INFO - [2024-01-06T02:47:13.776+0000] {dagbag.py:538} INFO - Filling up the DagBag from /home/airflow/.local/lib/python3.8/site-packages/airflow/example_dags/example_local_kubernetes_executor.py
[2024-01-06T02:47:13.787+0000] {processor.py:840} INFO - DAG(s) 'example_local_kubernetes_executor' retrieved from /home/airflow/.local/lib/python3.8/site-packages/airflow/example_dags/example_local_kubernetes_executor.py
[2024-01-06T02:47:13.812+0000] {logging_mixin.py:188} INFO - [2024-01-06T02:47:13.812+0000] {dag.py:3033} INFO - Sync 1 DAGs
[2024-01-06T02:47:13.821+0000] {logging_mixin.py:188} INFO - [2024-01-06T02:47:13.821+0000] {dag.py:3820} INFO - Setting next_dagrun for example_local_kubernetes_executor to None, run_after=None
[2024-01-06T02:47:13.834+0000] {processor.py:183} INFO - Processing /home/airflow/.local/lib/python3.8/site-packages/airflow/example_dags/example_local_kubernetes_executor.py took 0.064 seconds
[2024-01-06T02:47:44.284+0000] {processor.py:161} INFO - Started process (PID=43133) to work on /home/airflow/.local/lib/python3.8/site-packages/airflow/example_dags/example_local_kubernetes_executor.py
[2024-01-06T02:47:44.286+0000] {processor.py:830} INFO - Processing file /home/airflow/.local/lib/python3.8/site-packages/airflow/example_dags/example_local_kubernetes_executor.py for tasks to queue
[2024-01-06T02:47:44.288+0000] {logging_mixin.py:188} INFO - [2024-01-06T02:47:44.288+0000] {dagbag.py:538} INFO - Filling up the DagBag from /home/airflow/.local/lib/python3.8/site-packages/airflow/example_dags/example_local_kubernetes_executor.py
[2024-01-06T02:47:44.295+0000] {processor.py:840} INFO - DAG(s) 'example_local_kubernetes_executor' retrieved from /home/airflow/.local/lib/python3.8/site-packages/airflow/example_dags/example_local_kubernetes_executor.py
[2024-01-06T02:47:44.319+0000] {logging_mixin.py:188} INFO - [2024-01-06T02:47:44.319+0000] {dag.py:3033} INFO - Sync 1 DAGs
[2024-01-06T02:47:44.328+0000] {logging_mixin.py:188} INFO - [2024-01-06T02:47:44.327+0000] {dag.py:3820} INFO - Setting next_dagrun for example_local_kubernetes_executor to None, run_after=None
[2024-01-06T02:47:44.340+0000] {processor.py:183} INFO - Processing /home/airflow/.local/lib/python3.8/site-packages/airflow/example_dags/example_local_kubernetes_executor.py took 0.059 seconds
[2024-01-06T02:48:14.767+0000] {processor.py:161} INFO - Started process (PID=43191) to work on /home/airflow/.local/lib/python3.8/site-packages/airflow/example_dags/example_local_kubernetes_executor.py
[2024-01-06T02:48:14.768+0000] {processor.py:830} INFO - Processing file /home/airflow/.local/lib/python3.8/site-packages/airflow/example_dags/example_local_kubernetes_executor.py for tasks to queue
[2024-01-06T02:48:14.770+0000] {logging_mixin.py:188} INFO - [2024-01-06T02:48:14.770+0000] {dagbag.py:538} INFO - Filling up the DagBag from /home/airflow/.local/lib/python3.8/site-packages/airflow/example_dags/example_local_kubernetes_executor.py
[2024-01-06T02:48:14.778+0000] {processor.py:840} INFO - DAG(s) 'example_local_kubernetes_executor' retrieved from /home/airflow/.local/lib/python3.8/site-packages/airflow/example_dags/example_local_kubernetes_executor.py
[2024-01-06T02:48:14.807+0000] {logging_mixin.py:188} INFO - [2024-01-06T02:48:14.806+0000] {dag.py:3033} INFO - Sync 1 DAGs
[2024-01-06T02:48:14.815+0000] {logging_mixin.py:188} INFO - [2024-01-06T02:48:14.815+0000] {dag.py:3820} INFO - Setting next_dagrun for example_local_kubernetes_executor to None, run_after=None
[2024-01-06T02:48:14.828+0000] {processor.py:183} INFO - Processing /home/airflow/.local/lib/python3.8/site-packages/airflow/example_dags/example_local_kubernetes_executor.py took 0.064 seconds
[2024-01-06T02:48:45.770+0000] {processor.py:161} INFO - Started process (PID=43249) to work on /home/airflow/.local/lib/python3.8/site-packages/airflow/example_dags/example_local_kubernetes_executor.py
[2024-01-06T02:48:45.772+0000] {processor.py:830} INFO - Processing file /home/airflow/.local/lib/python3.8/site-packages/airflow/example_dags/example_local_kubernetes_executor.py for tasks to queue
[2024-01-06T02:48:45.774+0000] {logging_mixin.py:188} INFO - [2024-01-06T02:48:45.774+0000] {dagbag.py:538} INFO - Filling up the DagBag from /home/airflow/.local/lib/python3.8/site-packages/airflow/example_dags/example_local_kubernetes_executor.py
[2024-01-06T02:48:45.781+0000] {processor.py:840} INFO - DAG(s) 'example_local_kubernetes_executor' retrieved from /home/airflow/.local/lib/python3.8/site-packages/airflow/example_dags/example_local_kubernetes_executor.py
[2024-01-06T02:48:45.810+0000] {logging_mixin.py:188} INFO - [2024-01-06T02:48:45.809+0000] {dag.py:3033} INFO - Sync 1 DAGs
[2024-01-06T02:48:45.819+0000] {logging_mixin.py:188} INFO - [2024-01-06T02:48:45.819+0000] {dag.py:3820} INFO - Setting next_dagrun for example_local_kubernetes_executor to None, run_after=None
[2024-01-06T02:48:45.833+0000] {processor.py:183} INFO - Processing /home/airflow/.local/lib/python3.8/site-packages/airflow/example_dags/example_local_kubernetes_executor.py took 0.065 seconds
[2024-01-06T02:49:25.479+0000] {processor.py:161} INFO - Started process (PID=43306) to work on /home/airflow/.local/lib/python3.8/site-packages/airflow/example_dags/example_local_kubernetes_executor.py
[2024-01-06T02:49:25.483+0000] {processor.py:830} INFO - Processing file /home/airflow/.local/lib/python3.8/site-packages/airflow/example_dags/example_local_kubernetes_executor.py for tasks to queue
[2024-01-06T02:49:25.490+0000] {logging_mixin.py:188} INFO - [2024-01-06T02:49:25.490+0000] {dagbag.py:538} INFO - Filling up the DagBag from /home/airflow/.local/lib/python3.8/site-packages/airflow/example_dags/example_local_kubernetes_executor.py
[2024-01-06T02:49:25.510+0000] {processor.py:840} INFO - DAG(s) 'example_local_kubernetes_executor' retrieved from /home/airflow/.local/lib/python3.8/site-packages/airflow/example_dags/example_local_kubernetes_executor.py
[2024-01-06T02:49:25.559+0000] {logging_mixin.py:188} INFO - [2024-01-06T02:49:25.559+0000] {dag.py:3033} INFO - Sync 1 DAGs
[2024-01-06T02:49:25.574+0000] {logging_mixin.py:188} INFO - [2024-01-06T02:49:25.574+0000] {dag.py:3820} INFO - Setting next_dagrun for example_local_kubernetes_executor to None, run_after=None
[2024-01-06T02:49:25.596+0000] {processor.py:183} INFO - Processing /home/airflow/.local/lib/python3.8/site-packages/airflow/example_dags/example_local_kubernetes_executor.py took 0.127 seconds
[2024-01-06T02:49:56.835+0000] {processor.py:161} INFO - Started process (PID=43369) to work on /home/airflow/.local/lib/python3.8/site-packages/airflow/example_dags/example_local_kubernetes_executor.py
[2024-01-06T02:49:56.836+0000] {processor.py:830} INFO - Processing file /home/airflow/.local/lib/python3.8/site-packages/airflow/example_dags/example_local_kubernetes_executor.py for tasks to queue
[2024-01-06T02:49:56.838+0000] {logging_mixin.py:188} INFO - [2024-01-06T02:49:56.838+0000] {dagbag.py:538} INFO - Filling up the DagBag from /home/airflow/.local/lib/python3.8/site-packages/airflow/example_dags/example_local_kubernetes_executor.py
[2024-01-06T02:49:56.848+0000] {processor.py:840} INFO - DAG(s) 'example_local_kubernetes_executor' retrieved from /home/airflow/.local/lib/python3.8/site-packages/airflow/example_dags/example_local_kubernetes_executor.py
[2024-01-06T02:49:56.874+0000] {logging_mixin.py:188} INFO - [2024-01-06T02:49:56.874+0000] {dag.py:3033} INFO - Sync 1 DAGs
[2024-01-06T02:49:56.886+0000] {logging_mixin.py:188} INFO - [2024-01-06T02:49:56.886+0000] {dag.py:3820} INFO - Setting next_dagrun for example_local_kubernetes_executor to None, run_after=None
[2024-01-06T02:49:56.900+0000] {processor.py:183} INFO - Processing /home/airflow/.local/lib/python3.8/site-packages/airflow/example_dags/example_local_kubernetes_executor.py took 0.068 seconds
[2024-01-06T02:50:27.665+0000] {processor.py:161} INFO - Started process (PID=43422) to work on /home/airflow/.local/lib/python3.8/site-packages/airflow/example_dags/example_local_kubernetes_executor.py
[2024-01-06T02:50:27.667+0000] {processor.py:830} INFO - Processing file /home/airflow/.local/lib/python3.8/site-packages/airflow/example_dags/example_local_kubernetes_executor.py for tasks to queue
[2024-01-06T02:50:27.669+0000] {logging_mixin.py:188} INFO - [2024-01-06T02:50:27.669+0000] {dagbag.py:538} INFO - Filling up the DagBag from /home/airflow/.local/lib/python3.8/site-packages/airflow/example_dags/example_local_kubernetes_executor.py
[2024-01-06T02:50:27.677+0000] {processor.py:840} INFO - DAG(s) 'example_local_kubernetes_executor' retrieved from /home/airflow/.local/lib/python3.8/site-packages/airflow/example_dags/example_local_kubernetes_executor.py
[2024-01-06T02:50:27.718+0000] {logging_mixin.py:188} INFO - [2024-01-06T02:50:27.718+0000] {dag.py:3033} INFO - Sync 1 DAGs
[2024-01-06T02:50:27.733+0000] {logging_mixin.py:188} INFO - [2024-01-06T02:50:27.732+0000] {dag.py:3820} INFO - Setting next_dagrun for example_local_kubernetes_executor to None, run_after=None
[2024-01-06T02:50:27.750+0000] {processor.py:183} INFO - Processing /home/airflow/.local/lib/python3.8/site-packages/airflow/example_dags/example_local_kubernetes_executor.py took 0.088 seconds
[2024-01-06T02:50:57.915+0000] {processor.py:161} INFO - Started process (PID=43480) to work on /home/airflow/.local/lib/python3.8/site-packages/airflow/example_dags/example_local_kubernetes_executor.py
[2024-01-06T02:50:57.917+0000] {processor.py:830} INFO - Processing file /home/airflow/.local/lib/python3.8/site-packages/airflow/example_dags/example_local_kubernetes_executor.py for tasks to queue
[2024-01-06T02:50:57.919+0000] {logging_mixin.py:188} INFO - [2024-01-06T02:50:57.919+0000] {dagbag.py:538} INFO - Filling up the DagBag from /home/airflow/.local/lib/python3.8/site-packages/airflow/example_dags/example_local_kubernetes_executor.py
[2024-01-06T02:50:57.927+0000] {processor.py:840} INFO - DAG(s) 'example_local_kubernetes_executor' retrieved from /home/airflow/.local/lib/python3.8/site-packages/airflow/example_dags/example_local_kubernetes_executor.py
[2024-01-06T02:50:57.952+0000] {logging_mixin.py:188} INFO - [2024-01-06T02:50:57.952+0000] {dag.py:3033} INFO - Sync 1 DAGs
[2024-01-06T02:50:57.968+0000] {logging_mixin.py:188} INFO - [2024-01-06T02:50:57.968+0000] {dag.py:3820} INFO - Setting next_dagrun for example_local_kubernetes_executor to None, run_after=None
[2024-01-06T02:50:57.981+0000] {processor.py:183} INFO - Processing /home/airflow/.local/lib/python3.8/site-packages/airflow/example_dags/example_local_kubernetes_executor.py took 0.068 seconds
