[2024-01-06T01:20:16.445+0000] {processor.py:161} INFO - Started process (PID=39378) to work on /home/airflow/.local/lib/python3.8/site-packages/airflow/example_dags/example_sensor_decorator.py
[2024-01-06T01:20:16.446+0000] {processor.py:830} INFO - Processing file /home/airflow/.local/lib/python3.8/site-packages/airflow/example_dags/example_sensor_decorator.py for tasks to queue
[2024-01-06T01:20:16.448+0000] {logging_mixin.py:188} INFO - [2024-01-06T01:20:16.448+0000] {dagbag.py:538} INFO - Filling up the DagBag from /home/airflow/.local/lib/python3.8/site-packages/airflow/example_dags/example_sensor_decorator.py
[2024-01-06T01:20:16.453+0000] {processor.py:840} INFO - DAG(s) 'example_sensor_decorator' retrieved from /home/airflow/.local/lib/python3.8/site-packages/airflow/example_dags/example_sensor_decorator.py
[2024-01-06T01:20:16.467+0000] {logging_mixin.py:188} INFO - [2024-01-06T01:20:16.467+0000] {dag.py:3033} INFO - Sync 1 DAGs
[2024-01-06T01:20:16.476+0000] {logging_mixin.py:188} INFO - [2024-01-06T01:20:16.476+0000] {dag.py:3820} INFO - Setting next_dagrun for example_sensor_decorator to None, run_after=None
[2024-01-06T01:20:16.488+0000] {processor.py:183} INFO - Processing /home/airflow/.local/lib/python3.8/site-packages/airflow/example_dags/example_sensor_decorator.py took 0.047 seconds
[2024-01-06T01:47:35.560+0000] {processor.py:161} INFO - Started process (PID=39436) to work on /home/airflow/.local/lib/python3.8/site-packages/airflow/example_dags/example_sensor_decorator.py
[2024-01-06T01:47:35.565+0000] {processor.py:830} INFO - Processing file /home/airflow/.local/lib/python3.8/site-packages/airflow/example_dags/example_sensor_decorator.py for tasks to queue
[2024-01-06T01:47:35.567+0000] {logging_mixin.py:188} INFO - [2024-01-06T01:47:35.567+0000] {dagbag.py:538} INFO - Filling up the DagBag from /home/airflow/.local/lib/python3.8/site-packages/airflow/example_dags/example_sensor_decorator.py
[2024-01-06T01:47:35.572+0000] {processor.py:840} INFO - DAG(s) 'example_sensor_decorator' retrieved from /home/airflow/.local/lib/python3.8/site-packages/airflow/example_dags/example_sensor_decorator.py
[2024-01-06T01:47:35.588+0000] {logging_mixin.py:188} INFO - [2024-01-06T01:47:35.587+0000] {dag.py:3033} INFO - Sync 1 DAGs
[2024-01-06T01:47:35.597+0000] {logging_mixin.py:188} INFO - [2024-01-06T01:47:35.596+0000] {dag.py:3820} INFO - Setting next_dagrun for example_sensor_decorator to None, run_after=None
[2024-01-06T01:47:35.610+0000] {processor.py:183} INFO - Processing /home/airflow/.local/lib/python3.8/site-packages/airflow/example_dags/example_sensor_decorator.py took 0.053 seconds
[2024-01-06T01:48:06.185+0000] {processor.py:161} INFO - Started process (PID=39494) to work on /home/airflow/.local/lib/python3.8/site-packages/airflow/example_dags/example_sensor_decorator.py
[2024-01-06T01:48:06.186+0000] {processor.py:830} INFO - Processing file /home/airflow/.local/lib/python3.8/site-packages/airflow/example_dags/example_sensor_decorator.py for tasks to queue
[2024-01-06T01:48:06.189+0000] {logging_mixin.py:188} INFO - [2024-01-06T01:48:06.188+0000] {dagbag.py:538} INFO - Filling up the DagBag from /home/airflow/.local/lib/python3.8/site-packages/airflow/example_dags/example_sensor_decorator.py
[2024-01-06T01:48:06.193+0000] {processor.py:840} INFO - DAG(s) 'example_sensor_decorator' retrieved from /home/airflow/.local/lib/python3.8/site-packages/airflow/example_dags/example_sensor_decorator.py
[2024-01-06T01:48:06.208+0000] {logging_mixin.py:188} INFO - [2024-01-06T01:48:06.208+0000] {dag.py:3033} INFO - Sync 1 DAGs
[2024-01-06T01:48:06.216+0000] {logging_mixin.py:188} INFO - [2024-01-06T01:48:06.216+0000] {dag.py:3820} INFO - Setting next_dagrun for example_sensor_decorator to None, run_after=None
[2024-01-06T01:48:06.228+0000] {processor.py:183} INFO - Processing /home/airflow/.local/lib/python3.8/site-packages/airflow/example_dags/example_sensor_decorator.py took 0.045 seconds
[2024-01-06T02:05:27.536+0000] {processor.py:161} INFO - Started process (PID=39552) to work on /home/airflow/.local/lib/python3.8/site-packages/airflow/example_dags/example_sensor_decorator.py
[2024-01-06T02:05:27.539+0000] {processor.py:830} INFO - Processing file /home/airflow/.local/lib/python3.8/site-packages/airflow/example_dags/example_sensor_decorator.py for tasks to queue
[2024-01-06T02:05:27.541+0000] {logging_mixin.py:188} INFO - [2024-01-06T02:05:27.541+0000] {dagbag.py:538} INFO - Filling up the DagBag from /home/airflow/.local/lib/python3.8/site-packages/airflow/example_dags/example_sensor_decorator.py
[2024-01-06T02:05:27.546+0000] {processor.py:840} INFO - DAG(s) 'example_sensor_decorator' retrieved from /home/airflow/.local/lib/python3.8/site-packages/airflow/example_dags/example_sensor_decorator.py
[2024-01-06T02:05:27.561+0000] {logging_mixin.py:188} INFO - [2024-01-06T02:05:27.560+0000] {dag.py:3033} INFO - Sync 1 DAGs
[2024-01-06T02:05:27.569+0000] {logging_mixin.py:188} INFO - [2024-01-06T02:05:27.569+0000] {dag.py:3820} INFO - Setting next_dagrun for example_sensor_decorator to None, run_after=None
[2024-01-06T02:05:27.581+0000] {processor.py:183} INFO - Processing /home/airflow/.local/lib/python3.8/site-packages/airflow/example_dags/example_sensor_decorator.py took 0.047 seconds
[2024-01-06T02:16:27.256+0000] {processor.py:161} INFO - Started process (PID=39610) to work on /home/airflow/.local/lib/python3.8/site-packages/airflow/example_dags/example_sensor_decorator.py
[2024-01-06T02:16:27.257+0000] {processor.py:830} INFO - Processing file /home/airflow/.local/lib/python3.8/site-packages/airflow/example_dags/example_sensor_decorator.py for tasks to queue
[2024-01-06T02:16:27.259+0000] {logging_mixin.py:188} INFO - [2024-01-06T02:16:27.259+0000] {dagbag.py:538} INFO - Filling up the DagBag from /home/airflow/.local/lib/python3.8/site-packages/airflow/example_dags/example_sensor_decorator.py
[2024-01-06T02:16:27.266+0000] {processor.py:840} INFO - DAG(s) 'example_sensor_decorator' retrieved from /home/airflow/.local/lib/python3.8/site-packages/airflow/example_dags/example_sensor_decorator.py
[2024-01-06T02:16:27.280+0000] {logging_mixin.py:188} INFO - [2024-01-06T02:16:27.280+0000] {dag.py:3033} INFO - Sync 1 DAGs
[2024-01-06T02:16:27.289+0000] {logging_mixin.py:188} INFO - [2024-01-06T02:16:27.289+0000] {dag.py:3820} INFO - Setting next_dagrun for example_sensor_decorator to None, run_after=None
[2024-01-06T02:16:27.302+0000] {processor.py:183} INFO - Processing /home/airflow/.local/lib/python3.8/site-packages/airflow/example_dags/example_sensor_decorator.py took 0.049 seconds
[2024-01-06T02:17:09.196+0000] {processor.py:161} INFO - Started process (PID=39668) to work on /home/airflow/.local/lib/python3.8/site-packages/airflow/example_dags/example_sensor_decorator.py
[2024-01-06T02:17:09.202+0000] {processor.py:830} INFO - Processing file /home/airflow/.local/lib/python3.8/site-packages/airflow/example_dags/example_sensor_decorator.py for tasks to queue
[2024-01-06T02:17:09.215+0000] {logging_mixin.py:188} INFO - [2024-01-06T02:17:09.214+0000] {dagbag.py:538} INFO - Filling up the DagBag from /home/airflow/.local/lib/python3.8/site-packages/airflow/example_dags/example_sensor_decorator.py
[2024-01-06T02:17:09.239+0000] {processor.py:840} INFO - DAG(s) 'example_sensor_decorator' retrieved from /home/airflow/.local/lib/python3.8/site-packages/airflow/example_dags/example_sensor_decorator.py
[2024-01-06T02:17:09.364+0000] {logging_mixin.py:188} INFO - [2024-01-06T02:17:09.363+0000] {dag.py:3033} INFO - Sync 1 DAGs
[2024-01-06T02:17:09.455+0000] {logging_mixin.py:188} INFO - [2024-01-06T02:17:09.455+0000] {dag.py:3820} INFO - Setting next_dagrun for example_sensor_decorator to None, run_after=None
[2024-01-06T02:17:09.577+0000] {processor.py:183} INFO - Processing /home/airflow/.local/lib/python3.8/site-packages/airflow/example_dags/example_sensor_decorator.py took 0.392 seconds
[2024-01-06T02:17:39.922+0000] {processor.py:161} INFO - Started process (PID=39726) to work on /home/airflow/.local/lib/python3.8/site-packages/airflow/example_dags/example_sensor_decorator.py
[2024-01-06T02:17:39.923+0000] {processor.py:830} INFO - Processing file /home/airflow/.local/lib/python3.8/site-packages/airflow/example_dags/example_sensor_decorator.py for tasks to queue
[2024-01-06T02:17:39.926+0000] {logging_mixin.py:188} INFO - [2024-01-06T02:17:39.926+0000] {dagbag.py:538} INFO - Filling up the DagBag from /home/airflow/.local/lib/python3.8/site-packages/airflow/example_dags/example_sensor_decorator.py
[2024-01-06T02:17:39.930+0000] {processor.py:840} INFO - DAG(s) 'example_sensor_decorator' retrieved from /home/airflow/.local/lib/python3.8/site-packages/airflow/example_dags/example_sensor_decorator.py
[2024-01-06T02:17:39.946+0000] {logging_mixin.py:188} INFO - [2024-01-06T02:17:39.946+0000] {dag.py:3033} INFO - Sync 1 DAGs
[2024-01-06T02:17:39.953+0000] {logging_mixin.py:188} INFO - [2024-01-06T02:17:39.953+0000] {dag.py:3820} INFO - Setting next_dagrun for example_sensor_decorator to None, run_after=None
[2024-01-06T02:17:39.964+0000] {processor.py:183} INFO - Processing /home/airflow/.local/lib/python3.8/site-packages/airflow/example_dags/example_sensor_decorator.py took 0.044 seconds
[2024-01-06T02:18:10.252+0000] {processor.py:161} INFO - Started process (PID=39784) to work on /home/airflow/.local/lib/python3.8/site-packages/airflow/example_dags/example_sensor_decorator.py
[2024-01-06T02:18:10.254+0000] {processor.py:830} INFO - Processing file /home/airflow/.local/lib/python3.8/site-packages/airflow/example_dags/example_sensor_decorator.py for tasks to queue
[2024-01-06T02:18:10.256+0000] {logging_mixin.py:188} INFO - [2024-01-06T02:18:10.256+0000] {dagbag.py:538} INFO - Filling up the DagBag from /home/airflow/.local/lib/python3.8/site-packages/airflow/example_dags/example_sensor_decorator.py
[2024-01-06T02:18:10.261+0000] {processor.py:840} INFO - DAG(s) 'example_sensor_decorator' retrieved from /home/airflow/.local/lib/python3.8/site-packages/airflow/example_dags/example_sensor_decorator.py
[2024-01-06T02:18:10.276+0000] {logging_mixin.py:188} INFO - [2024-01-06T02:18:10.276+0000] {dag.py:3033} INFO - Sync 1 DAGs
[2024-01-06T02:18:10.284+0000] {logging_mixin.py:188} INFO - [2024-01-06T02:18:10.283+0000] {dag.py:3820} INFO - Setting next_dagrun for example_sensor_decorator to None, run_after=None
[2024-01-06T02:18:10.294+0000] {processor.py:183} INFO - Processing /home/airflow/.local/lib/python3.8/site-packages/airflow/example_dags/example_sensor_decorator.py took 0.045 seconds
[2024-01-06T02:18:40.750+0000] {processor.py:161} INFO - Started process (PID=39842) to work on /home/airflow/.local/lib/python3.8/site-packages/airflow/example_dags/example_sensor_decorator.py
[2024-01-06T02:18:40.752+0000] {processor.py:830} INFO - Processing file /home/airflow/.local/lib/python3.8/site-packages/airflow/example_dags/example_sensor_decorator.py for tasks to queue
[2024-01-06T02:18:40.758+0000] {logging_mixin.py:188} INFO - [2024-01-06T02:18:40.757+0000] {dagbag.py:538} INFO - Filling up the DagBag from /home/airflow/.local/lib/python3.8/site-packages/airflow/example_dags/example_sensor_decorator.py
[2024-01-06T02:18:40.765+0000] {processor.py:840} INFO - DAG(s) 'example_sensor_decorator' retrieved from /home/airflow/.local/lib/python3.8/site-packages/airflow/example_dags/example_sensor_decorator.py
[2024-01-06T02:18:40.791+0000] {logging_mixin.py:188} INFO - [2024-01-06T02:18:40.791+0000] {dag.py:3033} INFO - Sync 1 DAGs
[2024-01-06T02:18:40.803+0000] {logging_mixin.py:188} INFO - [2024-01-06T02:18:40.803+0000] {dag.py:3820} INFO - Setting next_dagrun for example_sensor_decorator to None, run_after=None
[2024-01-06T02:18:40.820+0000] {processor.py:183} INFO - Processing /home/airflow/.local/lib/python3.8/site-packages/airflow/example_dags/example_sensor_decorator.py took 0.073 seconds
[2024-01-06T02:19:11.432+0000] {processor.py:161} INFO - Started process (PID=39901) to work on /home/airflow/.local/lib/python3.8/site-packages/airflow/example_dags/example_sensor_decorator.py
[2024-01-06T02:19:11.433+0000] {processor.py:830} INFO - Processing file /home/airflow/.local/lib/python3.8/site-packages/airflow/example_dags/example_sensor_decorator.py for tasks to queue
[2024-01-06T02:19:11.436+0000] {logging_mixin.py:188} INFO - [2024-01-06T02:19:11.436+0000] {dagbag.py:538} INFO - Filling up the DagBag from /home/airflow/.local/lib/python3.8/site-packages/airflow/example_dags/example_sensor_decorator.py
[2024-01-06T02:19:11.440+0000] {processor.py:840} INFO - DAG(s) 'example_sensor_decorator' retrieved from /home/airflow/.local/lib/python3.8/site-packages/airflow/example_dags/example_sensor_decorator.py
[2024-01-06T02:19:11.454+0000] {logging_mixin.py:188} INFO - [2024-01-06T02:19:11.454+0000] {dag.py:3033} INFO - Sync 1 DAGs
[2024-01-06T02:19:11.463+0000] {logging_mixin.py:188} INFO - [2024-01-06T02:19:11.463+0000] {dag.py:3820} INFO - Setting next_dagrun for example_sensor_decorator to None, run_after=None
[2024-01-06T02:19:11.473+0000] {processor.py:183} INFO - Processing /home/airflow/.local/lib/python3.8/site-packages/airflow/example_dags/example_sensor_decorator.py took 0.044 seconds
[2024-01-06T02:19:41.992+0000] {processor.py:161} INFO - Started process (PID=39959) to work on /home/airflow/.local/lib/python3.8/site-packages/airflow/example_dags/example_sensor_decorator.py
[2024-01-06T02:19:41.994+0000] {processor.py:830} INFO - Processing file /home/airflow/.local/lib/python3.8/site-packages/airflow/example_dags/example_sensor_decorator.py for tasks to queue
[2024-01-06T02:19:41.996+0000] {logging_mixin.py:188} INFO - [2024-01-06T02:19:41.996+0000] {dagbag.py:538} INFO - Filling up the DagBag from /home/airflow/.local/lib/python3.8/site-packages/airflow/example_dags/example_sensor_decorator.py
[2024-01-06T02:19:42.001+0000] {processor.py:840} INFO - DAG(s) 'example_sensor_decorator' retrieved from /home/airflow/.local/lib/python3.8/site-packages/airflow/example_dags/example_sensor_decorator.py
[2024-01-06T02:19:42.017+0000] {logging_mixin.py:188} INFO - [2024-01-06T02:19:42.017+0000] {dag.py:3033} INFO - Sync 1 DAGs
[2024-01-06T02:19:42.025+0000] {logging_mixin.py:188} INFO - [2024-01-06T02:19:42.025+0000] {dag.py:3820} INFO - Setting next_dagrun for example_sensor_decorator to None, run_after=None
[2024-01-06T02:19:42.037+0000] {processor.py:183} INFO - Processing /home/airflow/.local/lib/python3.8/site-packages/airflow/example_dags/example_sensor_decorator.py took 0.048 seconds
[2024-01-06T02:20:12.586+0000] {processor.py:161} INFO - Started process (PID=40017) to work on /home/airflow/.local/lib/python3.8/site-packages/airflow/example_dags/example_sensor_decorator.py
[2024-01-06T02:20:12.596+0000] {processor.py:830} INFO - Processing file /home/airflow/.local/lib/python3.8/site-packages/airflow/example_dags/example_sensor_decorator.py for tasks to queue
[2024-01-06T02:20:12.612+0000] {logging_mixin.py:188} INFO - [2024-01-06T02:20:12.610+0000] {dagbag.py:538} INFO - Filling up the DagBag from /home/airflow/.local/lib/python3.8/site-packages/airflow/example_dags/example_sensor_decorator.py
[2024-01-06T02:20:12.935+0000] {processor.py:840} INFO - DAG(s) 'example_sensor_decorator' retrieved from /home/airflow/.local/lib/python3.8/site-packages/airflow/example_dags/example_sensor_decorator.py
[2024-01-06T02:20:13.031+0000] {logging_mixin.py:188} INFO - [2024-01-06T02:20:13.030+0000] {dag.py:3033} INFO - Sync 1 DAGs
[2024-01-06T02:20:13.239+0000] {logging_mixin.py:188} INFO - [2024-01-06T02:20:13.238+0000] {dag.py:3820} INFO - Setting next_dagrun for example_sensor_decorator to None, run_after=None
[2024-01-06T02:20:13.354+0000] {processor.py:183} INFO - Processing /home/airflow/.local/lib/python3.8/site-packages/airflow/example_dags/example_sensor_decorator.py took 0.791 seconds
[2024-01-06T02:20:44.256+0000] {processor.py:161} INFO - Started process (PID=40075) to work on /home/airflow/.local/lib/python3.8/site-packages/airflow/example_dags/example_sensor_decorator.py
[2024-01-06T02:20:44.259+0000] {processor.py:830} INFO - Processing file /home/airflow/.local/lib/python3.8/site-packages/airflow/example_dags/example_sensor_decorator.py for tasks to queue
[2024-01-06T02:20:44.263+0000] {logging_mixin.py:188} INFO - [2024-01-06T02:20:44.262+0000] {dagbag.py:538} INFO - Filling up the DagBag from /home/airflow/.local/lib/python3.8/site-packages/airflow/example_dags/example_sensor_decorator.py
[2024-01-06T02:20:44.272+0000] {processor.py:840} INFO - DAG(s) 'example_sensor_decorator' retrieved from /home/airflow/.local/lib/python3.8/site-packages/airflow/example_dags/example_sensor_decorator.py
[2024-01-06T02:20:44.291+0000] {logging_mixin.py:188} INFO - [2024-01-06T02:20:44.291+0000] {dag.py:3033} INFO - Sync 1 DAGs
[2024-01-06T02:20:44.299+0000] {logging_mixin.py:188} INFO - [2024-01-06T02:20:44.299+0000] {dag.py:3820} INFO - Setting next_dagrun for example_sensor_decorator to None, run_after=None
[2024-01-06T02:20:44.313+0000] {processor.py:183} INFO - Processing /home/airflow/.local/lib/python3.8/site-packages/airflow/example_dags/example_sensor_decorator.py took 0.062 seconds
[2024-01-06T02:21:15.042+0000] {processor.py:161} INFO - Started process (PID=40133) to work on /home/airflow/.local/lib/python3.8/site-packages/airflow/example_dags/example_sensor_decorator.py
[2024-01-06T02:21:15.046+0000] {processor.py:830} INFO - Processing file /home/airflow/.local/lib/python3.8/site-packages/airflow/example_dags/example_sensor_decorator.py for tasks to queue
[2024-01-06T02:21:15.052+0000] {logging_mixin.py:188} INFO - [2024-01-06T02:21:15.051+0000] {dagbag.py:538} INFO - Filling up the DagBag from /home/airflow/.local/lib/python3.8/site-packages/airflow/example_dags/example_sensor_decorator.py
[2024-01-06T02:21:15.072+0000] {processor.py:840} INFO - DAG(s) 'example_sensor_decorator' retrieved from /home/airflow/.local/lib/python3.8/site-packages/airflow/example_dags/example_sensor_decorator.py
[2024-01-06T02:21:15.132+0000] {logging_mixin.py:188} INFO - [2024-01-06T02:21:15.132+0000] {dag.py:3033} INFO - Sync 1 DAGs
[2024-01-06T02:21:15.193+0000] {logging_mixin.py:188} INFO - [2024-01-06T02:21:15.193+0000] {dag.py:3820} INFO - Setting next_dagrun for example_sensor_decorator to None, run_after=None
[2024-01-06T02:21:15.216+0000] {processor.py:183} INFO - Processing /home/airflow/.local/lib/python3.8/site-packages/airflow/example_dags/example_sensor_decorator.py took 0.185 seconds
[2024-01-06T02:21:46.014+0000] {processor.py:161} INFO - Started process (PID=40191) to work on /home/airflow/.local/lib/python3.8/site-packages/airflow/example_dags/example_sensor_decorator.py
[2024-01-06T02:21:46.017+0000] {processor.py:830} INFO - Processing file /home/airflow/.local/lib/python3.8/site-packages/airflow/example_dags/example_sensor_decorator.py for tasks to queue
[2024-01-06T02:21:46.022+0000] {logging_mixin.py:188} INFO - [2024-01-06T02:21:46.022+0000] {dagbag.py:538} INFO - Filling up the DagBag from /home/airflow/.local/lib/python3.8/site-packages/airflow/example_dags/example_sensor_decorator.py
[2024-01-06T02:21:46.031+0000] {processor.py:840} INFO - DAG(s) 'example_sensor_decorator' retrieved from /home/airflow/.local/lib/python3.8/site-packages/airflow/example_dags/example_sensor_decorator.py
[2024-01-06T02:21:46.074+0000] {logging_mixin.py:188} INFO - [2024-01-06T02:21:46.074+0000] {dag.py:3033} INFO - Sync 1 DAGs
[2024-01-06T02:21:46.086+0000] {logging_mixin.py:188} INFO - [2024-01-06T02:21:46.086+0000] {dag.py:3820} INFO - Setting next_dagrun for example_sensor_decorator to None, run_after=None
[2024-01-06T02:21:46.104+0000] {processor.py:183} INFO - Processing /home/airflow/.local/lib/python3.8/site-packages/airflow/example_dags/example_sensor_decorator.py took 0.096 seconds
[2024-01-06T02:22:16.319+0000] {processor.py:161} INFO - Started process (PID=40249) to work on /home/airflow/.local/lib/python3.8/site-packages/airflow/example_dags/example_sensor_decorator.py
[2024-01-06T02:22:16.322+0000] {processor.py:830} INFO - Processing file /home/airflow/.local/lib/python3.8/site-packages/airflow/example_dags/example_sensor_decorator.py for tasks to queue
[2024-01-06T02:22:16.326+0000] {logging_mixin.py:188} INFO - [2024-01-06T02:22:16.326+0000] {dagbag.py:538} INFO - Filling up the DagBag from /home/airflow/.local/lib/python3.8/site-packages/airflow/example_dags/example_sensor_decorator.py
[2024-01-06T02:22:16.337+0000] {processor.py:840} INFO - DAG(s) 'example_sensor_decorator' retrieved from /home/airflow/.local/lib/python3.8/site-packages/airflow/example_dags/example_sensor_decorator.py
[2024-01-06T02:22:16.357+0000] {logging_mixin.py:188} INFO - [2024-01-06T02:22:16.357+0000] {dag.py:3033} INFO - Sync 1 DAGs
[2024-01-06T02:22:16.365+0000] {logging_mixin.py:188} INFO - [2024-01-06T02:22:16.365+0000] {dag.py:3820} INFO - Setting next_dagrun for example_sensor_decorator to None, run_after=None
[2024-01-06T02:22:16.381+0000] {processor.py:183} INFO - Processing /home/airflow/.local/lib/python3.8/site-packages/airflow/example_dags/example_sensor_decorator.py took 0.068 seconds
[2024-01-06T02:22:47.120+0000] {processor.py:161} INFO - Started process (PID=40307) to work on /home/airflow/.local/lib/python3.8/site-packages/airflow/example_dags/example_sensor_decorator.py
[2024-01-06T02:22:47.124+0000] {processor.py:830} INFO - Processing file /home/airflow/.local/lib/python3.8/site-packages/airflow/example_dags/example_sensor_decorator.py for tasks to queue
[2024-01-06T02:22:47.129+0000] {logging_mixin.py:188} INFO - [2024-01-06T02:22:47.128+0000] {dagbag.py:538} INFO - Filling up the DagBag from /home/airflow/.local/lib/python3.8/site-packages/airflow/example_dags/example_sensor_decorator.py
[2024-01-06T02:22:47.137+0000] {processor.py:840} INFO - DAG(s) 'example_sensor_decorator' retrieved from /home/airflow/.local/lib/python3.8/site-packages/airflow/example_dags/example_sensor_decorator.py
[2024-01-06T02:22:47.157+0000] {logging_mixin.py:188} INFO - [2024-01-06T02:22:47.156+0000] {dag.py:3033} INFO - Sync 1 DAGs
[2024-01-06T02:22:47.167+0000] {logging_mixin.py:188} INFO - [2024-01-06T02:22:47.167+0000] {dag.py:3820} INFO - Setting next_dagrun for example_sensor_decorator to None, run_after=None
[2024-01-06T02:22:47.181+0000] {processor.py:183} INFO - Processing /home/airflow/.local/lib/python3.8/site-packages/airflow/example_dags/example_sensor_decorator.py took 0.067 seconds
[2024-01-06T02:23:17.980+0000] {processor.py:161} INFO - Started process (PID=40365) to work on /home/airflow/.local/lib/python3.8/site-packages/airflow/example_dags/example_sensor_decorator.py
[2024-01-06T02:23:17.984+0000] {processor.py:830} INFO - Processing file /home/airflow/.local/lib/python3.8/site-packages/airflow/example_dags/example_sensor_decorator.py for tasks to queue
[2024-01-06T02:23:17.988+0000] {logging_mixin.py:188} INFO - [2024-01-06T02:23:17.988+0000] {dagbag.py:538} INFO - Filling up the DagBag from /home/airflow/.local/lib/python3.8/site-packages/airflow/example_dags/example_sensor_decorator.py
[2024-01-06T02:23:17.998+0000] {processor.py:840} INFO - DAG(s) 'example_sensor_decorator' retrieved from /home/airflow/.local/lib/python3.8/site-packages/airflow/example_dags/example_sensor_decorator.py
[2024-01-06T02:23:18.025+0000] {logging_mixin.py:188} INFO - [2024-01-06T02:23:18.025+0000] {dag.py:3033} INFO - Sync 1 DAGs
[2024-01-06T02:23:18.036+0000] {logging_mixin.py:188} INFO - [2024-01-06T02:23:18.036+0000] {dag.py:3820} INFO - Setting next_dagrun for example_sensor_decorator to None, run_after=None
[2024-01-06T02:23:18.052+0000] {processor.py:183} INFO - Processing /home/airflow/.local/lib/python3.8/site-packages/airflow/example_dags/example_sensor_decorator.py took 0.078 seconds
[2024-01-06T02:23:48.421+0000] {processor.py:161} INFO - Started process (PID=40423) to work on /home/airflow/.local/lib/python3.8/site-packages/airflow/example_dags/example_sensor_decorator.py
[2024-01-06T02:23:48.424+0000] {processor.py:830} INFO - Processing file /home/airflow/.local/lib/python3.8/site-packages/airflow/example_dags/example_sensor_decorator.py for tasks to queue
[2024-01-06T02:23:48.429+0000] {logging_mixin.py:188} INFO - [2024-01-06T02:23:48.429+0000] {dagbag.py:538} INFO - Filling up the DagBag from /home/airflow/.local/lib/python3.8/site-packages/airflow/example_dags/example_sensor_decorator.py
[2024-01-06T02:23:48.438+0000] {processor.py:840} INFO - DAG(s) 'example_sensor_decorator' retrieved from /home/airflow/.local/lib/python3.8/site-packages/airflow/example_dags/example_sensor_decorator.py
[2024-01-06T02:23:48.459+0000] {logging_mixin.py:188} INFO - [2024-01-06T02:23:48.459+0000] {dag.py:3033} INFO - Sync 1 DAGs
[2024-01-06T02:23:48.469+0000] {logging_mixin.py:188} INFO - [2024-01-06T02:23:48.469+0000] {dag.py:3820} INFO - Setting next_dagrun for example_sensor_decorator to None, run_after=None
[2024-01-06T02:23:48.483+0000] {processor.py:183} INFO - Processing /home/airflow/.local/lib/python3.8/site-packages/airflow/example_dags/example_sensor_decorator.py took 0.068 seconds
[2024-01-06T02:24:18.891+0000] {processor.py:161} INFO - Started process (PID=40481) to work on /home/airflow/.local/lib/python3.8/site-packages/airflow/example_dags/example_sensor_decorator.py
[2024-01-06T02:24:18.894+0000] {processor.py:830} INFO - Processing file /home/airflow/.local/lib/python3.8/site-packages/airflow/example_dags/example_sensor_decorator.py for tasks to queue
[2024-01-06T02:24:18.898+0000] {logging_mixin.py:188} INFO - [2024-01-06T02:24:18.898+0000] {dagbag.py:538} INFO - Filling up the DagBag from /home/airflow/.local/lib/python3.8/site-packages/airflow/example_dags/example_sensor_decorator.py
[2024-01-06T02:24:18.907+0000] {processor.py:840} INFO - DAG(s) 'example_sensor_decorator' retrieved from /home/airflow/.local/lib/python3.8/site-packages/airflow/example_dags/example_sensor_decorator.py
[2024-01-06T02:24:18.926+0000] {logging_mixin.py:188} INFO - [2024-01-06T02:24:18.926+0000] {dag.py:3033} INFO - Sync 1 DAGs
[2024-01-06T02:24:18.935+0000] {logging_mixin.py:188} INFO - [2024-01-06T02:24:18.935+0000] {dag.py:3820} INFO - Setting next_dagrun for example_sensor_decorator to None, run_after=None
[2024-01-06T02:24:18.948+0000] {processor.py:183} INFO - Processing /home/airflow/.local/lib/python3.8/site-packages/airflow/example_dags/example_sensor_decorator.py took 0.062 seconds
[2024-01-06T02:24:49.264+0000] {processor.py:161} INFO - Started process (PID=40539) to work on /home/airflow/.local/lib/python3.8/site-packages/airflow/example_dags/example_sensor_decorator.py
[2024-01-06T02:24:49.267+0000] {processor.py:830} INFO - Processing file /home/airflow/.local/lib/python3.8/site-packages/airflow/example_dags/example_sensor_decorator.py for tasks to queue
[2024-01-06T02:24:49.271+0000] {logging_mixin.py:188} INFO - [2024-01-06T02:24:49.270+0000] {dagbag.py:538} INFO - Filling up the DagBag from /home/airflow/.local/lib/python3.8/site-packages/airflow/example_dags/example_sensor_decorator.py
[2024-01-06T02:24:49.278+0000] {processor.py:840} INFO - DAG(s) 'example_sensor_decorator' retrieved from /home/airflow/.local/lib/python3.8/site-packages/airflow/example_dags/example_sensor_decorator.py
[2024-01-06T02:24:49.296+0000] {logging_mixin.py:188} INFO - [2024-01-06T02:24:49.296+0000] {dag.py:3033} INFO - Sync 1 DAGs
[2024-01-06T02:24:49.306+0000] {logging_mixin.py:188} INFO - [2024-01-06T02:24:49.306+0000] {dag.py:3820} INFO - Setting next_dagrun for example_sensor_decorator to None, run_after=None
[2024-01-06T02:24:49.318+0000] {processor.py:183} INFO - Processing /home/airflow/.local/lib/python3.8/site-packages/airflow/example_dags/example_sensor_decorator.py took 0.060 seconds
[2024-01-06T02:25:20.239+0000] {processor.py:161} INFO - Started process (PID=40603) to work on /home/airflow/.local/lib/python3.8/site-packages/airflow/example_dags/example_sensor_decorator.py
[2024-01-06T02:25:20.242+0000] {processor.py:830} INFO - Processing file /home/airflow/.local/lib/python3.8/site-packages/airflow/example_dags/example_sensor_decorator.py for tasks to queue
[2024-01-06T02:25:20.248+0000] {logging_mixin.py:188} INFO - [2024-01-06T02:25:20.248+0000] {dagbag.py:538} INFO - Filling up the DagBag from /home/airflow/.local/lib/python3.8/site-packages/airflow/example_dags/example_sensor_decorator.py
[2024-01-06T02:25:20.257+0000] {processor.py:840} INFO - DAG(s) 'example_sensor_decorator' retrieved from /home/airflow/.local/lib/python3.8/site-packages/airflow/example_dags/example_sensor_decorator.py
[2024-01-06T02:25:20.282+0000] {logging_mixin.py:188} INFO - [2024-01-06T02:25:20.282+0000] {dag.py:3033} INFO - Sync 1 DAGs
[2024-01-06T02:25:20.293+0000] {logging_mixin.py:188} INFO - [2024-01-06T02:25:20.293+0000] {dag.py:3820} INFO - Setting next_dagrun for example_sensor_decorator to None, run_after=None
[2024-01-06T02:25:20.308+0000] {processor.py:183} INFO - Processing /home/airflow/.local/lib/python3.8/site-packages/airflow/example_dags/example_sensor_decorator.py took 0.075 seconds
[2024-01-06T02:25:50.391+0000] {processor.py:161} INFO - Started process (PID=40661) to work on /home/airflow/.local/lib/python3.8/site-packages/airflow/example_dags/example_sensor_decorator.py
[2024-01-06T02:25:50.395+0000] {processor.py:830} INFO - Processing file /home/airflow/.local/lib/python3.8/site-packages/airflow/example_dags/example_sensor_decorator.py for tasks to queue
[2024-01-06T02:25:50.405+0000] {logging_mixin.py:188} INFO - [2024-01-06T02:25:50.404+0000] {dagbag.py:538} INFO - Filling up the DagBag from /home/airflow/.local/lib/python3.8/site-packages/airflow/example_dags/example_sensor_decorator.py
[2024-01-06T02:25:50.427+0000] {processor.py:840} INFO - DAG(s) 'example_sensor_decorator' retrieved from /home/airflow/.local/lib/python3.8/site-packages/airflow/example_dags/example_sensor_decorator.py
[2024-01-06T02:25:50.471+0000] {logging_mixin.py:188} INFO - [2024-01-06T02:25:50.471+0000] {dag.py:3033} INFO - Sync 1 DAGs
[2024-01-06T02:25:50.492+0000] {logging_mixin.py:188} INFO - [2024-01-06T02:25:50.492+0000] {dag.py:3820} INFO - Setting next_dagrun for example_sensor_decorator to None, run_after=None
[2024-01-06T02:25:50.514+0000] {processor.py:183} INFO - Processing /home/airflow/.local/lib/python3.8/site-packages/airflow/example_dags/example_sensor_decorator.py took 0.139 seconds
[2024-01-06T02:26:20.878+0000] {processor.py:161} INFO - Started process (PID=40719) to work on /home/airflow/.local/lib/python3.8/site-packages/airflow/example_dags/example_sensor_decorator.py
[2024-01-06T02:26:20.881+0000] {processor.py:830} INFO - Processing file /home/airflow/.local/lib/python3.8/site-packages/airflow/example_dags/example_sensor_decorator.py for tasks to queue
[2024-01-06T02:26:20.890+0000] {logging_mixin.py:188} INFO - [2024-01-06T02:26:20.889+0000] {dagbag.py:538} INFO - Filling up the DagBag from /home/airflow/.local/lib/python3.8/site-packages/airflow/example_dags/example_sensor_decorator.py
[2024-01-06T02:26:20.914+0000] {processor.py:840} INFO - DAG(s) 'example_sensor_decorator' retrieved from /home/airflow/.local/lib/python3.8/site-packages/airflow/example_dags/example_sensor_decorator.py
[2024-01-06T02:26:20.952+0000] {logging_mixin.py:188} INFO - [2024-01-06T02:26:20.952+0000] {dag.py:3033} INFO - Sync 1 DAGs
[2024-01-06T02:26:20.972+0000] {logging_mixin.py:188} INFO - [2024-01-06T02:26:20.972+0000] {dag.py:3820} INFO - Setting next_dagrun for example_sensor_decorator to None, run_after=None
[2024-01-06T02:26:21.011+0000] {processor.py:183} INFO - Processing /home/airflow/.local/lib/python3.8/site-packages/airflow/example_dags/example_sensor_decorator.py took 0.137 seconds
[2024-01-06T02:26:51.528+0000] {processor.py:161} INFO - Started process (PID=40777) to work on /home/airflow/.local/lib/python3.8/site-packages/airflow/example_dags/example_sensor_decorator.py
[2024-01-06T02:26:51.532+0000] {processor.py:830} INFO - Processing file /home/airflow/.local/lib/python3.8/site-packages/airflow/example_dags/example_sensor_decorator.py for tasks to queue
[2024-01-06T02:26:51.537+0000] {logging_mixin.py:188} INFO - [2024-01-06T02:26:51.537+0000] {dagbag.py:538} INFO - Filling up the DagBag from /home/airflow/.local/lib/python3.8/site-packages/airflow/example_dags/example_sensor_decorator.py
[2024-01-06T02:26:51.544+0000] {processor.py:840} INFO - DAG(s) 'example_sensor_decorator' retrieved from /home/airflow/.local/lib/python3.8/site-packages/airflow/example_dags/example_sensor_decorator.py
[2024-01-06T02:26:51.564+0000] {logging_mixin.py:188} INFO - [2024-01-06T02:26:51.563+0000] {dag.py:3033} INFO - Sync 1 DAGs
[2024-01-06T02:26:51.576+0000] {logging_mixin.py:188} INFO - [2024-01-06T02:26:51.576+0000] {dag.py:3820} INFO - Setting next_dagrun for example_sensor_decorator to None, run_after=None
[2024-01-06T02:26:51.592+0000] {processor.py:183} INFO - Processing /home/airflow/.local/lib/python3.8/site-packages/airflow/example_dags/example_sensor_decorator.py took 0.069 seconds
[2024-01-06T02:27:21.832+0000] {processor.py:161} INFO - Started process (PID=40835) to work on /home/airflow/.local/lib/python3.8/site-packages/airflow/example_dags/example_sensor_decorator.py
[2024-01-06T02:27:21.836+0000] {processor.py:830} INFO - Processing file /home/airflow/.local/lib/python3.8/site-packages/airflow/example_dags/example_sensor_decorator.py for tasks to queue
[2024-01-06T02:27:21.841+0000] {logging_mixin.py:188} INFO - [2024-01-06T02:27:21.841+0000] {dagbag.py:538} INFO - Filling up the DagBag from /home/airflow/.local/lib/python3.8/site-packages/airflow/example_dags/example_sensor_decorator.py
[2024-01-06T02:27:21.851+0000] {processor.py:840} INFO - DAG(s) 'example_sensor_decorator' retrieved from /home/airflow/.local/lib/python3.8/site-packages/airflow/example_dags/example_sensor_decorator.py
[2024-01-06T02:27:21.870+0000] {logging_mixin.py:188} INFO - [2024-01-06T02:27:21.869+0000] {dag.py:3033} INFO - Sync 1 DAGs
[2024-01-06T02:27:21.879+0000] {logging_mixin.py:188} INFO - [2024-01-06T02:27:21.879+0000] {dag.py:3820} INFO - Setting next_dagrun for example_sensor_decorator to None, run_after=None
[2024-01-06T02:27:21.892+0000] {processor.py:183} INFO - Processing /home/airflow/.local/lib/python3.8/site-packages/airflow/example_dags/example_sensor_decorator.py took 0.068 seconds
[2024-01-06T02:27:52.298+0000] {processor.py:161} INFO - Started process (PID=40893) to work on /home/airflow/.local/lib/python3.8/site-packages/airflow/example_dags/example_sensor_decorator.py
[2024-01-06T02:27:52.301+0000] {processor.py:830} INFO - Processing file /home/airflow/.local/lib/python3.8/site-packages/airflow/example_dags/example_sensor_decorator.py for tasks to queue
[2024-01-06T02:27:52.304+0000] {logging_mixin.py:188} INFO - [2024-01-06T02:27:52.304+0000] {dagbag.py:538} INFO - Filling up the DagBag from /home/airflow/.local/lib/python3.8/site-packages/airflow/example_dags/example_sensor_decorator.py
[2024-01-06T02:27:52.313+0000] {processor.py:840} INFO - DAG(s) 'example_sensor_decorator' retrieved from /home/airflow/.local/lib/python3.8/site-packages/airflow/example_dags/example_sensor_decorator.py
[2024-01-06T02:27:52.329+0000] {logging_mixin.py:188} INFO - [2024-01-06T02:27:52.329+0000] {dag.py:3033} INFO - Sync 1 DAGs
[2024-01-06T02:27:52.338+0000] {logging_mixin.py:188} INFO - [2024-01-06T02:27:52.338+0000] {dag.py:3820} INFO - Setting next_dagrun for example_sensor_decorator to None, run_after=None
[2024-01-06T02:27:52.353+0000] {processor.py:183} INFO - Processing /home/airflow/.local/lib/python3.8/site-packages/airflow/example_dags/example_sensor_decorator.py took 0.059 seconds
[2024-01-06T02:28:22.821+0000] {processor.py:161} INFO - Started process (PID=40951) to work on /home/airflow/.local/lib/python3.8/site-packages/airflow/example_dags/example_sensor_decorator.py
[2024-01-06T02:28:22.823+0000] {processor.py:830} INFO - Processing file /home/airflow/.local/lib/python3.8/site-packages/airflow/example_dags/example_sensor_decorator.py for tasks to queue
[2024-01-06T02:28:22.827+0000] {logging_mixin.py:188} INFO - [2024-01-06T02:28:22.826+0000] {dagbag.py:538} INFO - Filling up the DagBag from /home/airflow/.local/lib/python3.8/site-packages/airflow/example_dags/example_sensor_decorator.py
[2024-01-06T02:28:22.833+0000] {processor.py:840} INFO - DAG(s) 'example_sensor_decorator' retrieved from /home/airflow/.local/lib/python3.8/site-packages/airflow/example_dags/example_sensor_decorator.py
[2024-01-06T02:28:22.850+0000] {logging_mixin.py:188} INFO - [2024-01-06T02:28:22.849+0000] {dag.py:3033} INFO - Sync 1 DAGs
[2024-01-06T02:28:22.859+0000] {logging_mixin.py:188} INFO - [2024-01-06T02:28:22.859+0000] {dag.py:3820} INFO - Setting next_dagrun for example_sensor_decorator to None, run_after=None
[2024-01-06T02:28:22.877+0000] {processor.py:183} INFO - Processing /home/airflow/.local/lib/python3.8/site-packages/airflow/example_dags/example_sensor_decorator.py took 0.061 seconds
[2024-01-06T02:28:53.427+0000] {processor.py:161} INFO - Started process (PID=41009) to work on /home/airflow/.local/lib/python3.8/site-packages/airflow/example_dags/example_sensor_decorator.py
[2024-01-06T02:28:53.430+0000] {processor.py:830} INFO - Processing file /home/airflow/.local/lib/python3.8/site-packages/airflow/example_dags/example_sensor_decorator.py for tasks to queue
[2024-01-06T02:28:53.432+0000] {logging_mixin.py:188} INFO - [2024-01-06T02:28:53.432+0000] {dagbag.py:538} INFO - Filling up the DagBag from /home/airflow/.local/lib/python3.8/site-packages/airflow/example_dags/example_sensor_decorator.py
[2024-01-06T02:28:53.438+0000] {processor.py:840} INFO - DAG(s) 'example_sensor_decorator' retrieved from /home/airflow/.local/lib/python3.8/site-packages/airflow/example_dags/example_sensor_decorator.py
[2024-01-06T02:28:53.455+0000] {logging_mixin.py:188} INFO - [2024-01-06T02:28:53.455+0000] {dag.py:3033} INFO - Sync 1 DAGs
[2024-01-06T02:28:53.463+0000] {logging_mixin.py:188} INFO - [2024-01-06T02:28:53.463+0000] {dag.py:3820} INFO - Setting next_dagrun for example_sensor_decorator to None, run_after=None
[2024-01-06T02:28:53.478+0000] {processor.py:183} INFO - Processing /home/airflow/.local/lib/python3.8/site-packages/airflow/example_dags/example_sensor_decorator.py took 0.054 seconds
[2024-01-06T02:29:23.954+0000] {processor.py:161} INFO - Started process (PID=41067) to work on /home/airflow/.local/lib/python3.8/site-packages/airflow/example_dags/example_sensor_decorator.py
[2024-01-06T02:29:23.958+0000] {processor.py:830} INFO - Processing file /home/airflow/.local/lib/python3.8/site-packages/airflow/example_dags/example_sensor_decorator.py for tasks to queue
[2024-01-06T02:29:23.962+0000] {logging_mixin.py:188} INFO - [2024-01-06T02:29:23.961+0000] {dagbag.py:538} INFO - Filling up the DagBag from /home/airflow/.local/lib/python3.8/site-packages/airflow/example_dags/example_sensor_decorator.py
[2024-01-06T02:29:23.968+0000] {processor.py:840} INFO - DAG(s) 'example_sensor_decorator' retrieved from /home/airflow/.local/lib/python3.8/site-packages/airflow/example_dags/example_sensor_decorator.py
[2024-01-06T02:29:23.987+0000] {logging_mixin.py:188} INFO - [2024-01-06T02:29:23.987+0000] {dag.py:3033} INFO - Sync 1 DAGs
[2024-01-06T02:29:23.997+0000] {logging_mixin.py:188} INFO - [2024-01-06T02:29:23.997+0000] {dag.py:3820} INFO - Setting next_dagrun for example_sensor_decorator to None, run_after=None
[2024-01-06T02:29:24.009+0000] {processor.py:183} INFO - Processing /home/airflow/.local/lib/python3.8/site-packages/airflow/example_dags/example_sensor_decorator.py took 0.062 seconds
[2024-01-06T02:29:54.643+0000] {processor.py:161} INFO - Started process (PID=41126) to work on /home/airflow/.local/lib/python3.8/site-packages/airflow/example_dags/example_sensor_decorator.py
[2024-01-06T02:29:54.645+0000] {processor.py:830} INFO - Processing file /home/airflow/.local/lib/python3.8/site-packages/airflow/example_dags/example_sensor_decorator.py for tasks to queue
[2024-01-06T02:29:54.649+0000] {logging_mixin.py:188} INFO - [2024-01-06T02:29:54.649+0000] {dagbag.py:538} INFO - Filling up the DagBag from /home/airflow/.local/lib/python3.8/site-packages/airflow/example_dags/example_sensor_decorator.py
[2024-01-06T02:29:54.656+0000] {processor.py:840} INFO - DAG(s) 'example_sensor_decorator' retrieved from /home/airflow/.local/lib/python3.8/site-packages/airflow/example_dags/example_sensor_decorator.py
[2024-01-06T02:29:54.676+0000] {logging_mixin.py:188} INFO - [2024-01-06T02:29:54.676+0000] {dag.py:3033} INFO - Sync 1 DAGs
[2024-01-06T02:29:54.685+0000] {logging_mixin.py:188} INFO - [2024-01-06T02:29:54.685+0000] {dag.py:3820} INFO - Setting next_dagrun for example_sensor_decorator to None, run_after=None
[2024-01-06T02:29:54.699+0000] {processor.py:183} INFO - Processing /home/airflow/.local/lib/python3.8/site-packages/airflow/example_dags/example_sensor_decorator.py took 0.060 seconds
[2024-01-06T02:30:25.340+0000] {processor.py:161} INFO - Started process (PID=41184) to work on /home/airflow/.local/lib/python3.8/site-packages/airflow/example_dags/example_sensor_decorator.py
[2024-01-06T02:30:25.344+0000] {processor.py:830} INFO - Processing file /home/airflow/.local/lib/python3.8/site-packages/airflow/example_dags/example_sensor_decorator.py for tasks to queue
[2024-01-06T02:30:25.348+0000] {logging_mixin.py:188} INFO - [2024-01-06T02:30:25.348+0000] {dagbag.py:538} INFO - Filling up the DagBag from /home/airflow/.local/lib/python3.8/site-packages/airflow/example_dags/example_sensor_decorator.py
[2024-01-06T02:30:25.359+0000] {processor.py:840} INFO - DAG(s) 'example_sensor_decorator' retrieved from /home/airflow/.local/lib/python3.8/site-packages/airflow/example_dags/example_sensor_decorator.py
[2024-01-06T02:30:25.380+0000] {logging_mixin.py:188} INFO - [2024-01-06T02:30:25.380+0000] {dag.py:3033} INFO - Sync 1 DAGs
[2024-01-06T02:30:25.389+0000] {logging_mixin.py:188} INFO - [2024-01-06T02:30:25.389+0000] {dag.py:3820} INFO - Setting next_dagrun for example_sensor_decorator to None, run_after=None
[2024-01-06T02:30:25.400+0000] {processor.py:183} INFO - Processing /home/airflow/.local/lib/python3.8/site-packages/airflow/example_dags/example_sensor_decorator.py took 0.066 seconds
[2024-01-06T02:30:55.926+0000] {processor.py:161} INFO - Started process (PID=41242) to work on /home/airflow/.local/lib/python3.8/site-packages/airflow/example_dags/example_sensor_decorator.py
[2024-01-06T02:30:55.930+0000] {processor.py:830} INFO - Processing file /home/airflow/.local/lib/python3.8/site-packages/airflow/example_dags/example_sensor_decorator.py for tasks to queue
[2024-01-06T02:30:55.935+0000] {logging_mixin.py:188} INFO - [2024-01-06T02:30:55.935+0000] {dagbag.py:538} INFO - Filling up the DagBag from /home/airflow/.local/lib/python3.8/site-packages/airflow/example_dags/example_sensor_decorator.py
[2024-01-06T02:30:55.943+0000] {processor.py:840} INFO - DAG(s) 'example_sensor_decorator' retrieved from /home/airflow/.local/lib/python3.8/site-packages/airflow/example_dags/example_sensor_decorator.py
[2024-01-06T02:30:55.963+0000] {logging_mixin.py:188} INFO - [2024-01-06T02:30:55.963+0000] {dag.py:3033} INFO - Sync 1 DAGs
[2024-01-06T02:30:55.972+0000] {logging_mixin.py:188} INFO - [2024-01-06T02:30:55.972+0000] {dag.py:3820} INFO - Setting next_dagrun for example_sensor_decorator to None, run_after=None
[2024-01-06T02:30:55.986+0000] {processor.py:183} INFO - Processing /home/airflow/.local/lib/python3.8/site-packages/airflow/example_dags/example_sensor_decorator.py took 0.065 seconds
[2024-01-06T02:31:27.392+0000] {processor.py:161} INFO - Started process (PID=41300) to work on /home/airflow/.local/lib/python3.8/site-packages/airflow/example_dags/example_sensor_decorator.py
[2024-01-06T02:31:27.393+0000] {processor.py:830} INFO - Processing file /home/airflow/.local/lib/python3.8/site-packages/airflow/example_dags/example_sensor_decorator.py for tasks to queue
[2024-01-06T02:31:27.396+0000] {logging_mixin.py:188} INFO - [2024-01-06T02:31:27.396+0000] {dagbag.py:538} INFO - Filling up the DagBag from /home/airflow/.local/lib/python3.8/site-packages/airflow/example_dags/example_sensor_decorator.py
[2024-01-06T02:31:27.401+0000] {processor.py:840} INFO - DAG(s) 'example_sensor_decorator' retrieved from /home/airflow/.local/lib/python3.8/site-packages/airflow/example_dags/example_sensor_decorator.py
[2024-01-06T02:31:27.417+0000] {logging_mixin.py:188} INFO - [2024-01-06T02:31:27.417+0000] {dag.py:3033} INFO - Sync 1 DAGs
[2024-01-06T02:31:27.450+0000] {logging_mixin.py:188} INFO - [2024-01-06T02:31:27.450+0000] {dag.py:3820} INFO - Setting next_dagrun for example_sensor_decorator to None, run_after=None
[2024-01-06T02:31:27.464+0000] {processor.py:183} INFO - Processing /home/airflow/.local/lib/python3.8/site-packages/airflow/example_dags/example_sensor_decorator.py took 0.075 seconds
[2024-01-06T02:31:57.871+0000] {processor.py:161} INFO - Started process (PID=41358) to work on /home/airflow/.local/lib/python3.8/site-packages/airflow/example_dags/example_sensor_decorator.py
[2024-01-06T02:31:57.873+0000] {processor.py:830} INFO - Processing file /home/airflow/.local/lib/python3.8/site-packages/airflow/example_dags/example_sensor_decorator.py for tasks to queue
[2024-01-06T02:31:57.876+0000] {logging_mixin.py:188} INFO - [2024-01-06T02:31:57.875+0000] {dagbag.py:538} INFO - Filling up the DagBag from /home/airflow/.local/lib/python3.8/site-packages/airflow/example_dags/example_sensor_decorator.py
[2024-01-06T02:31:57.880+0000] {processor.py:840} INFO - DAG(s) 'example_sensor_decorator' retrieved from /home/airflow/.local/lib/python3.8/site-packages/airflow/example_dags/example_sensor_decorator.py
[2024-01-06T02:31:57.896+0000] {logging_mixin.py:188} INFO - [2024-01-06T02:31:57.895+0000] {dag.py:3033} INFO - Sync 1 DAGs
[2024-01-06T02:31:57.904+0000] {logging_mixin.py:188} INFO - [2024-01-06T02:31:57.904+0000] {dag.py:3820} INFO - Setting next_dagrun for example_sensor_decorator to None, run_after=None
[2024-01-06T02:31:57.916+0000] {processor.py:183} INFO - Processing /home/airflow/.local/lib/python3.8/site-packages/airflow/example_dags/example_sensor_decorator.py took 0.048 seconds
[2024-01-06T02:32:28.165+0000] {processor.py:161} INFO - Started process (PID=41416) to work on /home/airflow/.local/lib/python3.8/site-packages/airflow/example_dags/example_sensor_decorator.py
[2024-01-06T02:32:28.167+0000] {processor.py:830} INFO - Processing file /home/airflow/.local/lib/python3.8/site-packages/airflow/example_dags/example_sensor_decorator.py for tasks to queue
[2024-01-06T02:32:28.169+0000] {logging_mixin.py:188} INFO - [2024-01-06T02:32:28.169+0000] {dagbag.py:538} INFO - Filling up the DagBag from /home/airflow/.local/lib/python3.8/site-packages/airflow/example_dags/example_sensor_decorator.py
[2024-01-06T02:32:28.174+0000] {processor.py:840} INFO - DAG(s) 'example_sensor_decorator' retrieved from /home/airflow/.local/lib/python3.8/site-packages/airflow/example_dags/example_sensor_decorator.py
[2024-01-06T02:32:28.189+0000] {logging_mixin.py:188} INFO - [2024-01-06T02:32:28.189+0000] {dag.py:3033} INFO - Sync 1 DAGs
[2024-01-06T02:32:28.197+0000] {logging_mixin.py:188} INFO - [2024-01-06T02:32:28.197+0000] {dag.py:3820} INFO - Setting next_dagrun for example_sensor_decorator to None, run_after=None
[2024-01-06T02:32:28.209+0000] {processor.py:183} INFO - Processing /home/airflow/.local/lib/python3.8/site-packages/airflow/example_dags/example_sensor_decorator.py took 0.046 seconds
[2024-01-06T02:32:59.246+0000] {processor.py:161} INFO - Started process (PID=41473) to work on /home/airflow/.local/lib/python3.8/site-packages/airflow/example_dags/example_sensor_decorator.py
[2024-01-06T02:32:59.248+0000] {processor.py:830} INFO - Processing file /home/airflow/.local/lib/python3.8/site-packages/airflow/example_dags/example_sensor_decorator.py for tasks to queue
[2024-01-06T02:32:59.250+0000] {logging_mixin.py:188} INFO - [2024-01-06T02:32:59.250+0000] {dagbag.py:538} INFO - Filling up the DagBag from /home/airflow/.local/lib/python3.8/site-packages/airflow/example_dags/example_sensor_decorator.py
[2024-01-06T02:32:59.255+0000] {processor.py:840} INFO - DAG(s) 'example_sensor_decorator' retrieved from /home/airflow/.local/lib/python3.8/site-packages/airflow/example_dags/example_sensor_decorator.py
[2024-01-06T02:32:59.271+0000] {logging_mixin.py:188} INFO - [2024-01-06T02:32:59.271+0000] {dag.py:3033} INFO - Sync 1 DAGs
[2024-01-06T02:32:59.280+0000] {logging_mixin.py:188} INFO - [2024-01-06T02:32:59.280+0000] {dag.py:3820} INFO - Setting next_dagrun for example_sensor_decorator to None, run_after=None
[2024-01-06T02:32:59.294+0000] {processor.py:183} INFO - Processing /home/airflow/.local/lib/python3.8/site-packages/airflow/example_dags/example_sensor_decorator.py took 0.050 seconds
[2024-01-06T02:33:42.035+0000] {processor.py:161} INFO - Started process (PID=41531) to work on /home/airflow/.local/lib/python3.8/site-packages/airflow/example_dags/example_sensor_decorator.py
[2024-01-06T02:33:42.081+0000] {processor.py:830} INFO - Processing file /home/airflow/.local/lib/python3.8/site-packages/airflow/example_dags/example_sensor_decorator.py for tasks to queue
[2024-01-06T02:33:42.128+0000] {logging_mixin.py:188} INFO - [2024-01-06T02:33:42.125+0000] {dagbag.py:538} INFO - Filling up the DagBag from /home/airflow/.local/lib/python3.8/site-packages/airflow/example_dags/example_sensor_decorator.py
[2024-01-06T02:33:42.217+0000] {processor.py:840} INFO - DAG(s) 'example_sensor_decorator' retrieved from /home/airflow/.local/lib/python3.8/site-packages/airflow/example_dags/example_sensor_decorator.py
[2024-01-06T02:33:42.509+0000] {logging_mixin.py:188} INFO - [2024-01-06T02:33:42.508+0000] {dag.py:3033} INFO - Sync 1 DAGs
[2024-01-06T02:33:42.549+0000] {logging_mixin.py:188} INFO - [2024-01-06T02:33:42.549+0000] {dag.py:3820} INFO - Setting next_dagrun for example_sensor_decorator to None, run_after=None
[2024-01-06T02:33:42.695+0000] {processor.py:183} INFO - Processing /home/airflow/.local/lib/python3.8/site-packages/airflow/example_dags/example_sensor_decorator.py took 0.715 seconds
[2024-01-06T02:34:12.991+0000] {processor.py:161} INFO - Started process (PID=41589) to work on /home/airflow/.local/lib/python3.8/site-packages/airflow/example_dags/example_sensor_decorator.py
[2024-01-06T02:34:12.994+0000] {processor.py:830} INFO - Processing file /home/airflow/.local/lib/python3.8/site-packages/airflow/example_dags/example_sensor_decorator.py for tasks to queue
[2024-01-06T02:34:13.000+0000] {logging_mixin.py:188} INFO - [2024-01-06T02:34:12.999+0000] {dagbag.py:538} INFO - Filling up the DagBag from /home/airflow/.local/lib/python3.8/site-packages/airflow/example_dags/example_sensor_decorator.py
[2024-01-06T02:34:13.010+0000] {processor.py:840} INFO - DAG(s) 'example_sensor_decorator' retrieved from /home/airflow/.local/lib/python3.8/site-packages/airflow/example_dags/example_sensor_decorator.py
[2024-01-06T02:34:13.028+0000] {logging_mixin.py:188} INFO - [2024-01-06T02:34:13.028+0000] {dag.py:3033} INFO - Sync 1 DAGs
[2024-01-06T02:34:13.037+0000] {logging_mixin.py:188} INFO - [2024-01-06T02:34:13.037+0000] {dag.py:3820} INFO - Setting next_dagrun for example_sensor_decorator to None, run_after=None
[2024-01-06T02:34:13.050+0000] {processor.py:183} INFO - Processing /home/airflow/.local/lib/python3.8/site-packages/airflow/example_dags/example_sensor_decorator.py took 0.064 seconds
[2024-01-06T02:34:43.762+0000] {processor.py:161} INFO - Started process (PID=41647) to work on /home/airflow/.local/lib/python3.8/site-packages/airflow/example_dags/example_sensor_decorator.py
[2024-01-06T02:34:43.763+0000] {processor.py:830} INFO - Processing file /home/airflow/.local/lib/python3.8/site-packages/airflow/example_dags/example_sensor_decorator.py for tasks to queue
[2024-01-06T02:34:43.766+0000] {logging_mixin.py:188} INFO - [2024-01-06T02:34:43.766+0000] {dagbag.py:538} INFO - Filling up the DagBag from /home/airflow/.local/lib/python3.8/site-packages/airflow/example_dags/example_sensor_decorator.py
[2024-01-06T02:34:43.771+0000] {processor.py:840} INFO - DAG(s) 'example_sensor_decorator' retrieved from /home/airflow/.local/lib/python3.8/site-packages/airflow/example_dags/example_sensor_decorator.py
[2024-01-06T02:34:43.785+0000] {logging_mixin.py:188} INFO - [2024-01-06T02:34:43.785+0000] {dag.py:3033} INFO - Sync 1 DAGs
[2024-01-06T02:34:43.796+0000] {logging_mixin.py:188} INFO - [2024-01-06T02:34:43.795+0000] {dag.py:3820} INFO - Setting next_dagrun for example_sensor_decorator to None, run_after=None
[2024-01-06T02:34:43.809+0000] {processor.py:183} INFO - Processing /home/airflow/.local/lib/python3.8/site-packages/airflow/example_dags/example_sensor_decorator.py took 0.051 seconds
[2024-01-06T02:35:14.007+0000] {processor.py:161} INFO - Started process (PID=41704) to work on /home/airflow/.local/lib/python3.8/site-packages/airflow/example_dags/example_sensor_decorator.py
[2024-01-06T02:35:14.008+0000] {processor.py:830} INFO - Processing file /home/airflow/.local/lib/python3.8/site-packages/airflow/example_dags/example_sensor_decorator.py for tasks to queue
[2024-01-06T02:35:14.011+0000] {logging_mixin.py:188} INFO - [2024-01-06T02:35:14.011+0000] {dagbag.py:538} INFO - Filling up the DagBag from /home/airflow/.local/lib/python3.8/site-packages/airflow/example_dags/example_sensor_decorator.py
[2024-01-06T02:35:14.017+0000] {processor.py:840} INFO - DAG(s) 'example_sensor_decorator' retrieved from /home/airflow/.local/lib/python3.8/site-packages/airflow/example_dags/example_sensor_decorator.py
[2024-01-06T02:35:14.034+0000] {logging_mixin.py:188} INFO - [2024-01-06T02:35:14.034+0000] {dag.py:3033} INFO - Sync 1 DAGs
[2024-01-06T02:35:14.042+0000] {logging_mixin.py:188} INFO - [2024-01-06T02:35:14.042+0000] {dag.py:3820} INFO - Setting next_dagrun for example_sensor_decorator to None, run_after=None
[2024-01-06T02:35:14.056+0000] {processor.py:183} INFO - Processing /home/airflow/.local/lib/python3.8/site-packages/airflow/example_dags/example_sensor_decorator.py took 0.053 seconds
[2024-01-06T02:35:44.420+0000] {processor.py:161} INFO - Started process (PID=41762) to work on /home/airflow/.local/lib/python3.8/site-packages/airflow/example_dags/example_sensor_decorator.py
[2024-01-06T02:35:44.422+0000] {processor.py:830} INFO - Processing file /home/airflow/.local/lib/python3.8/site-packages/airflow/example_dags/example_sensor_decorator.py for tasks to queue
[2024-01-06T02:35:44.423+0000] {logging_mixin.py:188} INFO - [2024-01-06T02:35:44.423+0000] {dagbag.py:538} INFO - Filling up the DagBag from /home/airflow/.local/lib/python3.8/site-packages/airflow/example_dags/example_sensor_decorator.py
[2024-01-06T02:35:44.428+0000] {processor.py:840} INFO - DAG(s) 'example_sensor_decorator' retrieved from /home/airflow/.local/lib/python3.8/site-packages/airflow/example_dags/example_sensor_decorator.py
[2024-01-06T02:35:44.442+0000] {logging_mixin.py:188} INFO - [2024-01-06T02:35:44.442+0000] {dag.py:3033} INFO - Sync 1 DAGs
[2024-01-06T02:35:44.450+0000] {logging_mixin.py:188} INFO - [2024-01-06T02:35:44.450+0000] {dag.py:3820} INFO - Setting next_dagrun for example_sensor_decorator to None, run_after=None
[2024-01-06T02:35:44.463+0000] {processor.py:183} INFO - Processing /home/airflow/.local/lib/python3.8/site-packages/airflow/example_dags/example_sensor_decorator.py took 0.046 seconds
[2024-01-06T02:36:15.087+0000] {processor.py:161} INFO - Started process (PID=41820) to work on /home/airflow/.local/lib/python3.8/site-packages/airflow/example_dags/example_sensor_decorator.py
[2024-01-06T02:36:15.090+0000] {processor.py:830} INFO - Processing file /home/airflow/.local/lib/python3.8/site-packages/airflow/example_dags/example_sensor_decorator.py for tasks to queue
[2024-01-06T02:36:15.094+0000] {logging_mixin.py:188} INFO - [2024-01-06T02:36:15.094+0000] {dagbag.py:538} INFO - Filling up the DagBag from /home/airflow/.local/lib/python3.8/site-packages/airflow/example_dags/example_sensor_decorator.py
[2024-01-06T02:36:15.103+0000] {processor.py:840} INFO - DAG(s) 'example_sensor_decorator' retrieved from /home/airflow/.local/lib/python3.8/site-packages/airflow/example_dags/example_sensor_decorator.py
[2024-01-06T02:36:15.120+0000] {logging_mixin.py:188} INFO - [2024-01-06T02:36:15.120+0000] {dag.py:3033} INFO - Sync 1 DAGs
[2024-01-06T02:36:15.129+0000] {logging_mixin.py:188} INFO - [2024-01-06T02:36:15.129+0000] {dag.py:3820} INFO - Setting next_dagrun for example_sensor_decorator to None, run_after=None
[2024-01-06T02:36:15.142+0000] {processor.py:183} INFO - Processing /home/airflow/.local/lib/python3.8/site-packages/airflow/example_dags/example_sensor_decorator.py took 0.061 seconds
[2024-01-06T02:36:45.230+0000] {processor.py:161} INFO - Started process (PID=41878) to work on /home/airflow/.local/lib/python3.8/site-packages/airflow/example_dags/example_sensor_decorator.py
[2024-01-06T02:36:45.233+0000] {processor.py:830} INFO - Processing file /home/airflow/.local/lib/python3.8/site-packages/airflow/example_dags/example_sensor_decorator.py for tasks to queue
[2024-01-06T02:36:45.237+0000] {logging_mixin.py:188} INFO - [2024-01-06T02:36:45.237+0000] {dagbag.py:538} INFO - Filling up the DagBag from /home/airflow/.local/lib/python3.8/site-packages/airflow/example_dags/example_sensor_decorator.py
[2024-01-06T02:36:45.246+0000] {processor.py:840} INFO - DAG(s) 'example_sensor_decorator' retrieved from /home/airflow/.local/lib/python3.8/site-packages/airflow/example_dags/example_sensor_decorator.py
[2024-01-06T02:36:45.263+0000] {logging_mixin.py:188} INFO - [2024-01-06T02:36:45.263+0000] {dag.py:3033} INFO - Sync 1 DAGs
[2024-01-06T02:36:45.271+0000] {logging_mixin.py:188} INFO - [2024-01-06T02:36:45.271+0000] {dag.py:3820} INFO - Setting next_dagrun for example_sensor_decorator to None, run_after=None
[2024-01-06T02:36:45.283+0000] {processor.py:183} INFO - Processing /home/airflow/.local/lib/python3.8/site-packages/airflow/example_dags/example_sensor_decorator.py took 0.059 seconds
[2024-01-06T02:37:15.506+0000] {processor.py:161} INFO - Started process (PID=41936) to work on /home/airflow/.local/lib/python3.8/site-packages/airflow/example_dags/example_sensor_decorator.py
[2024-01-06T02:37:15.508+0000] {processor.py:830} INFO - Processing file /home/airflow/.local/lib/python3.8/site-packages/airflow/example_dags/example_sensor_decorator.py for tasks to queue
[2024-01-06T02:37:15.510+0000] {logging_mixin.py:188} INFO - [2024-01-06T02:37:15.510+0000] {dagbag.py:538} INFO - Filling up the DagBag from /home/airflow/.local/lib/python3.8/site-packages/airflow/example_dags/example_sensor_decorator.py
[2024-01-06T02:37:15.515+0000] {processor.py:840} INFO - DAG(s) 'example_sensor_decorator' retrieved from /home/airflow/.local/lib/python3.8/site-packages/airflow/example_dags/example_sensor_decorator.py
[2024-01-06T02:37:15.531+0000] {logging_mixin.py:188} INFO - [2024-01-06T02:37:15.531+0000] {dag.py:3033} INFO - Sync 1 DAGs
[2024-01-06T02:37:15.539+0000] {logging_mixin.py:188} INFO - [2024-01-06T02:37:15.539+0000] {dag.py:3820} INFO - Setting next_dagrun for example_sensor_decorator to None, run_after=None
[2024-01-06T02:37:15.553+0000] {processor.py:183} INFO - Processing /home/airflow/.local/lib/python3.8/site-packages/airflow/example_dags/example_sensor_decorator.py took 0.051 seconds
[2024-01-06T02:37:45.888+0000] {processor.py:161} INFO - Started process (PID=41993) to work on /home/airflow/.local/lib/python3.8/site-packages/airflow/example_dags/example_sensor_decorator.py
[2024-01-06T02:37:45.890+0000] {processor.py:830} INFO - Processing file /home/airflow/.local/lib/python3.8/site-packages/airflow/example_dags/example_sensor_decorator.py for tasks to queue
[2024-01-06T02:37:45.892+0000] {logging_mixin.py:188} INFO - [2024-01-06T02:37:45.892+0000] {dagbag.py:538} INFO - Filling up the DagBag from /home/airflow/.local/lib/python3.8/site-packages/airflow/example_dags/example_sensor_decorator.py
[2024-01-06T02:37:45.898+0000] {processor.py:840} INFO - DAG(s) 'example_sensor_decorator' retrieved from /home/airflow/.local/lib/python3.8/site-packages/airflow/example_dags/example_sensor_decorator.py
[2024-01-06T02:37:45.915+0000] {logging_mixin.py:188} INFO - [2024-01-06T02:37:45.915+0000] {dag.py:3033} INFO - Sync 1 DAGs
[2024-01-06T02:37:45.924+0000] {logging_mixin.py:188} INFO - [2024-01-06T02:37:45.924+0000] {dag.py:3820} INFO - Setting next_dagrun for example_sensor_decorator to None, run_after=None
[2024-01-06T02:37:45.937+0000] {processor.py:183} INFO - Processing /home/airflow/.local/lib/python3.8/site-packages/airflow/example_dags/example_sensor_decorator.py took 0.052 seconds
[2024-01-06T02:38:16.404+0000] {processor.py:161} INFO - Started process (PID=42051) to work on /home/airflow/.local/lib/python3.8/site-packages/airflow/example_dags/example_sensor_decorator.py
[2024-01-06T02:38:16.406+0000] {processor.py:830} INFO - Processing file /home/airflow/.local/lib/python3.8/site-packages/airflow/example_dags/example_sensor_decorator.py for tasks to queue
[2024-01-06T02:38:16.408+0000] {logging_mixin.py:188} INFO - [2024-01-06T02:38:16.408+0000] {dagbag.py:538} INFO - Filling up the DagBag from /home/airflow/.local/lib/python3.8/site-packages/airflow/example_dags/example_sensor_decorator.py
[2024-01-06T02:38:16.413+0000] {processor.py:840} INFO - DAG(s) 'example_sensor_decorator' retrieved from /home/airflow/.local/lib/python3.8/site-packages/airflow/example_dags/example_sensor_decorator.py
[2024-01-06T02:38:16.427+0000] {logging_mixin.py:188} INFO - [2024-01-06T02:38:16.427+0000] {dag.py:3033} INFO - Sync 1 DAGs
[2024-01-06T02:38:16.435+0000] {logging_mixin.py:188} INFO - [2024-01-06T02:38:16.434+0000] {dag.py:3820} INFO - Setting next_dagrun for example_sensor_decorator to None, run_after=None
[2024-01-06T02:38:16.446+0000] {processor.py:183} INFO - Processing /home/airflow/.local/lib/python3.8/site-packages/airflow/example_dags/example_sensor_decorator.py took 0.045 seconds
[2024-01-06T02:38:46.709+0000] {processor.py:161} INFO - Started process (PID=42109) to work on /home/airflow/.local/lib/python3.8/site-packages/airflow/example_dags/example_sensor_decorator.py
[2024-01-06T02:38:46.710+0000] {processor.py:830} INFO - Processing file /home/airflow/.local/lib/python3.8/site-packages/airflow/example_dags/example_sensor_decorator.py for tasks to queue
[2024-01-06T02:38:46.713+0000] {logging_mixin.py:188} INFO - [2024-01-06T02:38:46.713+0000] {dagbag.py:538} INFO - Filling up the DagBag from /home/airflow/.local/lib/python3.8/site-packages/airflow/example_dags/example_sensor_decorator.py
[2024-01-06T02:38:46.717+0000] {processor.py:840} INFO - DAG(s) 'example_sensor_decorator' retrieved from /home/airflow/.local/lib/python3.8/site-packages/airflow/example_dags/example_sensor_decorator.py
[2024-01-06T02:38:46.734+0000] {logging_mixin.py:188} INFO - [2024-01-06T02:38:46.733+0000] {dag.py:3033} INFO - Sync 1 DAGs
[2024-01-06T02:38:46.741+0000] {logging_mixin.py:188} INFO - [2024-01-06T02:38:46.741+0000] {dag.py:3820} INFO - Setting next_dagrun for example_sensor_decorator to None, run_after=None
[2024-01-06T02:38:46.751+0000] {processor.py:183} INFO - Processing /home/airflow/.local/lib/python3.8/site-packages/airflow/example_dags/example_sensor_decorator.py took 0.045 seconds
[2024-01-06T02:39:17.307+0000] {processor.py:161} INFO - Started process (PID=42166) to work on /home/airflow/.local/lib/python3.8/site-packages/airflow/example_dags/example_sensor_decorator.py
[2024-01-06T02:39:17.309+0000] {processor.py:830} INFO - Processing file /home/airflow/.local/lib/python3.8/site-packages/airflow/example_dags/example_sensor_decorator.py for tasks to queue
[2024-01-06T02:39:17.311+0000] {logging_mixin.py:188} INFO - [2024-01-06T02:39:17.311+0000] {dagbag.py:538} INFO - Filling up the DagBag from /home/airflow/.local/lib/python3.8/site-packages/airflow/example_dags/example_sensor_decorator.py
[2024-01-06T02:39:17.316+0000] {processor.py:840} INFO - DAG(s) 'example_sensor_decorator' retrieved from /home/airflow/.local/lib/python3.8/site-packages/airflow/example_dags/example_sensor_decorator.py
[2024-01-06T02:39:17.336+0000] {logging_mixin.py:188} INFO - [2024-01-06T02:39:17.336+0000] {dag.py:3033} INFO - Sync 1 DAGs
[2024-01-06T02:39:17.343+0000] {logging_mixin.py:188} INFO - [2024-01-06T02:39:17.343+0000] {dag.py:3820} INFO - Setting next_dagrun for example_sensor_decorator to None, run_after=None
[2024-01-06T02:39:17.354+0000] {processor.py:183} INFO - Processing /home/airflow/.local/lib/python3.8/site-packages/airflow/example_dags/example_sensor_decorator.py took 0.050 seconds
[2024-01-06T02:39:47.835+0000] {processor.py:161} INFO - Started process (PID=42223) to work on /home/airflow/.local/lib/python3.8/site-packages/airflow/example_dags/example_sensor_decorator.py
[2024-01-06T02:39:47.836+0000] {processor.py:830} INFO - Processing file /home/airflow/.local/lib/python3.8/site-packages/airflow/example_dags/example_sensor_decorator.py for tasks to queue
[2024-01-06T02:39:47.839+0000] {logging_mixin.py:188} INFO - [2024-01-06T02:39:47.838+0000] {dagbag.py:538} INFO - Filling up the DagBag from /home/airflow/.local/lib/python3.8/site-packages/airflow/example_dags/example_sensor_decorator.py
[2024-01-06T02:39:47.843+0000] {processor.py:840} INFO - DAG(s) 'example_sensor_decorator' retrieved from /home/airflow/.local/lib/python3.8/site-packages/airflow/example_dags/example_sensor_decorator.py
[2024-01-06T02:39:47.863+0000] {logging_mixin.py:188} INFO - [2024-01-06T02:39:47.863+0000] {dag.py:3033} INFO - Sync 1 DAGs
[2024-01-06T02:39:47.872+0000] {logging_mixin.py:188} INFO - [2024-01-06T02:39:47.871+0000] {dag.py:3820} INFO - Setting next_dagrun for example_sensor_decorator to None, run_after=None
[2024-01-06T02:39:47.882+0000] {processor.py:183} INFO - Processing /home/airflow/.local/lib/python3.8/site-packages/airflow/example_dags/example_sensor_decorator.py took 0.050 seconds
[2024-01-06T02:40:18.963+0000] {processor.py:161} INFO - Started process (PID=42282) to work on /home/airflow/.local/lib/python3.8/site-packages/airflow/example_dags/example_sensor_decorator.py
[2024-01-06T02:40:18.964+0000] {processor.py:830} INFO - Processing file /home/airflow/.local/lib/python3.8/site-packages/airflow/example_dags/example_sensor_decorator.py for tasks to queue
[2024-01-06T02:40:18.966+0000] {logging_mixin.py:188} INFO - [2024-01-06T02:40:18.966+0000] {dagbag.py:538} INFO - Filling up the DagBag from /home/airflow/.local/lib/python3.8/site-packages/airflow/example_dags/example_sensor_decorator.py
[2024-01-06T02:40:18.971+0000] {processor.py:840} INFO - DAG(s) 'example_sensor_decorator' retrieved from /home/airflow/.local/lib/python3.8/site-packages/airflow/example_dags/example_sensor_decorator.py
[2024-01-06T02:40:18.987+0000] {logging_mixin.py:188} INFO - [2024-01-06T02:40:18.987+0000] {dag.py:3033} INFO - Sync 1 DAGs
[2024-01-06T02:40:18.996+0000] {logging_mixin.py:188} INFO - [2024-01-06T02:40:18.996+0000] {dag.py:3820} INFO - Setting next_dagrun for example_sensor_decorator to None, run_after=None
[2024-01-06T02:40:19.008+0000] {processor.py:183} INFO - Processing /home/airflow/.local/lib/python3.8/site-packages/airflow/example_dags/example_sensor_decorator.py took 0.048 seconds
[2024-01-06T02:40:55.860+0000] {processor.py:161} INFO - Started process (PID=42347) to work on /home/airflow/.local/lib/python3.8/site-packages/airflow/example_dags/example_sensor_decorator.py
[2024-01-06T02:40:55.877+0000] {processor.py:830} INFO - Processing file /home/airflow/.local/lib/python3.8/site-packages/airflow/example_dags/example_sensor_decorator.py for tasks to queue
[2024-01-06T02:40:55.919+0000] {logging_mixin.py:188} INFO - [2024-01-06T02:40:55.895+0000] {dagbag.py:538} INFO - Filling up the DagBag from /home/airflow/.local/lib/python3.8/site-packages/airflow/example_dags/example_sensor_decorator.py
[2024-01-06T02:40:56.086+0000] {processor.py:840} INFO - DAG(s) 'example_sensor_decorator' retrieved from /home/airflow/.local/lib/python3.8/site-packages/airflow/example_dags/example_sensor_decorator.py
[2024-01-06T02:40:56.429+0000] {logging_mixin.py:188} INFO - [2024-01-06T02:40:56.418+0000] {dag.py:3033} INFO - Sync 1 DAGs
[2024-01-06T02:40:56.604+0000] {logging_mixin.py:188} INFO - [2024-01-06T02:40:56.603+0000] {dag.py:3820} INFO - Setting next_dagrun for example_sensor_decorator to None, run_after=None
[2024-01-06T02:40:56.994+0000] {processor.py:183} INFO - Processing /home/airflow/.local/lib/python3.8/site-packages/airflow/example_dags/example_sensor_decorator.py took 1.300 seconds
[2024-01-06T02:41:29.096+0000] {processor.py:161} INFO - Started process (PID=42405) to work on /home/airflow/.local/lib/python3.8/site-packages/airflow/example_dags/example_sensor_decorator.py
[2024-01-06T02:41:29.098+0000] {processor.py:830} INFO - Processing file /home/airflow/.local/lib/python3.8/site-packages/airflow/example_dags/example_sensor_decorator.py for tasks to queue
[2024-01-06T02:41:29.101+0000] {logging_mixin.py:188} INFO - [2024-01-06T02:41:29.100+0000] {dagbag.py:538} INFO - Filling up the DagBag from /home/airflow/.local/lib/python3.8/site-packages/airflow/example_dags/example_sensor_decorator.py
[2024-01-06T02:41:29.106+0000] {processor.py:840} INFO - DAG(s) 'example_sensor_decorator' retrieved from /home/airflow/.local/lib/python3.8/site-packages/airflow/example_dags/example_sensor_decorator.py
[2024-01-06T02:41:29.127+0000] {logging_mixin.py:188} INFO - [2024-01-06T02:41:29.127+0000] {dag.py:3033} INFO - Sync 1 DAGs
[2024-01-06T02:41:29.139+0000] {logging_mixin.py:188} INFO - [2024-01-06T02:41:29.139+0000] {dag.py:3820} INFO - Setting next_dagrun for example_sensor_decorator to None, run_after=None
[2024-01-06T02:41:29.157+0000] {processor.py:183} INFO - Processing /home/airflow/.local/lib/python3.8/site-packages/airflow/example_dags/example_sensor_decorator.py took 0.064 seconds
[2024-01-06T02:41:59.844+0000] {processor.py:161} INFO - Started process (PID=42462) to work on /home/airflow/.local/lib/python3.8/site-packages/airflow/example_dags/example_sensor_decorator.py
[2024-01-06T02:41:59.846+0000] {processor.py:830} INFO - Processing file /home/airflow/.local/lib/python3.8/site-packages/airflow/example_dags/example_sensor_decorator.py for tasks to queue
[2024-01-06T02:41:59.848+0000] {logging_mixin.py:188} INFO - [2024-01-06T02:41:59.848+0000] {dagbag.py:538} INFO - Filling up the DagBag from /home/airflow/.local/lib/python3.8/site-packages/airflow/example_dags/example_sensor_decorator.py
[2024-01-06T02:41:59.853+0000] {processor.py:840} INFO - DAG(s) 'example_sensor_decorator' retrieved from /home/airflow/.local/lib/python3.8/site-packages/airflow/example_dags/example_sensor_decorator.py
[2024-01-06T02:41:59.870+0000] {logging_mixin.py:188} INFO - [2024-01-06T02:41:59.870+0000] {dag.py:3033} INFO - Sync 1 DAGs
[2024-01-06T02:41:59.878+0000] {logging_mixin.py:188} INFO - [2024-01-06T02:41:59.878+0000] {dag.py:3820} INFO - Setting next_dagrun for example_sensor_decorator to None, run_after=None
[2024-01-06T02:41:59.891+0000] {processor.py:183} INFO - Processing /home/airflow/.local/lib/python3.8/site-packages/airflow/example_dags/example_sensor_decorator.py took 0.050 seconds
[2024-01-06T02:42:30.289+0000] {processor.py:161} INFO - Started process (PID=42520) to work on /home/airflow/.local/lib/python3.8/site-packages/airflow/example_dags/example_sensor_decorator.py
[2024-01-06T02:42:30.291+0000] {processor.py:830} INFO - Processing file /home/airflow/.local/lib/python3.8/site-packages/airflow/example_dags/example_sensor_decorator.py for tasks to queue
[2024-01-06T02:42:30.294+0000] {logging_mixin.py:188} INFO - [2024-01-06T02:42:30.293+0000] {dagbag.py:538} INFO - Filling up the DagBag from /home/airflow/.local/lib/python3.8/site-packages/airflow/example_dags/example_sensor_decorator.py
[2024-01-06T02:42:30.299+0000] {processor.py:840} INFO - DAG(s) 'example_sensor_decorator' retrieved from /home/airflow/.local/lib/python3.8/site-packages/airflow/example_dags/example_sensor_decorator.py
[2024-01-06T02:42:30.314+0000] {logging_mixin.py:188} INFO - [2024-01-06T02:42:30.314+0000] {dag.py:3033} INFO - Sync 1 DAGs
[2024-01-06T02:42:30.322+0000] {logging_mixin.py:188} INFO - [2024-01-06T02:42:30.322+0000] {dag.py:3820} INFO - Setting next_dagrun for example_sensor_decorator to None, run_after=None
[2024-01-06T02:42:30.334+0000] {processor.py:183} INFO - Processing /home/airflow/.local/lib/python3.8/site-packages/airflow/example_dags/example_sensor_decorator.py took 0.048 seconds
[2024-01-06T02:43:00.633+0000] {processor.py:161} INFO - Started process (PID=42578) to work on /home/airflow/.local/lib/python3.8/site-packages/airflow/example_dags/example_sensor_decorator.py
[2024-01-06T02:43:00.634+0000] {processor.py:830} INFO - Processing file /home/airflow/.local/lib/python3.8/site-packages/airflow/example_dags/example_sensor_decorator.py for tasks to queue
[2024-01-06T02:43:00.637+0000] {logging_mixin.py:188} INFO - [2024-01-06T02:43:00.637+0000] {dagbag.py:538} INFO - Filling up the DagBag from /home/airflow/.local/lib/python3.8/site-packages/airflow/example_dags/example_sensor_decorator.py
[2024-01-06T02:43:00.642+0000] {processor.py:840} INFO - DAG(s) 'example_sensor_decorator' retrieved from /home/airflow/.local/lib/python3.8/site-packages/airflow/example_dags/example_sensor_decorator.py
[2024-01-06T02:43:00.655+0000] {logging_mixin.py:188} INFO - [2024-01-06T02:43:00.655+0000] {dag.py:3033} INFO - Sync 1 DAGs
[2024-01-06T02:43:00.663+0000] {logging_mixin.py:188} INFO - [2024-01-06T02:43:00.663+0000] {dag.py:3820} INFO - Setting next_dagrun for example_sensor_decorator to None, run_after=None
[2024-01-06T02:43:00.675+0000] {processor.py:183} INFO - Processing /home/airflow/.local/lib/python3.8/site-packages/airflow/example_dags/example_sensor_decorator.py took 0.044 seconds
[2024-01-06T02:43:31.142+0000] {processor.py:161} INFO - Started process (PID=42636) to work on /home/airflow/.local/lib/python3.8/site-packages/airflow/example_dags/example_sensor_decorator.py
[2024-01-06T02:43:31.144+0000] {processor.py:830} INFO - Processing file /home/airflow/.local/lib/python3.8/site-packages/airflow/example_dags/example_sensor_decorator.py for tasks to queue
[2024-01-06T02:43:31.146+0000] {logging_mixin.py:188} INFO - [2024-01-06T02:43:31.145+0000] {dagbag.py:538} INFO - Filling up the DagBag from /home/airflow/.local/lib/python3.8/site-packages/airflow/example_dags/example_sensor_decorator.py
[2024-01-06T02:43:31.150+0000] {processor.py:840} INFO - DAG(s) 'example_sensor_decorator' retrieved from /home/airflow/.local/lib/python3.8/site-packages/airflow/example_dags/example_sensor_decorator.py
[2024-01-06T02:43:31.166+0000] {logging_mixin.py:188} INFO - [2024-01-06T02:43:31.166+0000] {dag.py:3033} INFO - Sync 1 DAGs
[2024-01-06T02:43:31.174+0000] {logging_mixin.py:188} INFO - [2024-01-06T02:43:31.174+0000] {dag.py:3820} INFO - Setting next_dagrun for example_sensor_decorator to None, run_after=None
[2024-01-06T02:43:31.185+0000] {processor.py:183} INFO - Processing /home/airflow/.local/lib/python3.8/site-packages/airflow/example_dags/example_sensor_decorator.py took 0.046 seconds
[2024-01-06T02:44:01.452+0000] {processor.py:161} INFO - Started process (PID=42694) to work on /home/airflow/.local/lib/python3.8/site-packages/airflow/example_dags/example_sensor_decorator.py
[2024-01-06T02:44:01.454+0000] {processor.py:830} INFO - Processing file /home/airflow/.local/lib/python3.8/site-packages/airflow/example_dags/example_sensor_decorator.py for tasks to queue
[2024-01-06T02:44:01.457+0000] {logging_mixin.py:188} INFO - [2024-01-06T02:44:01.457+0000] {dagbag.py:538} INFO - Filling up the DagBag from /home/airflow/.local/lib/python3.8/site-packages/airflow/example_dags/example_sensor_decorator.py
[2024-01-06T02:44:01.462+0000] {processor.py:840} INFO - DAG(s) 'example_sensor_decorator' retrieved from /home/airflow/.local/lib/python3.8/site-packages/airflow/example_dags/example_sensor_decorator.py
[2024-01-06T02:44:01.476+0000] {logging_mixin.py:188} INFO - [2024-01-06T02:44:01.476+0000] {dag.py:3033} INFO - Sync 1 DAGs
[2024-01-06T02:44:01.484+0000] {logging_mixin.py:188} INFO - [2024-01-06T02:44:01.484+0000] {dag.py:3820} INFO - Setting next_dagrun for example_sensor_decorator to None, run_after=None
[2024-01-06T02:44:01.498+0000] {processor.py:183} INFO - Processing /home/airflow/.local/lib/python3.8/site-packages/airflow/example_dags/example_sensor_decorator.py took 0.048 seconds
[2024-01-06T02:44:31.555+0000] {processor.py:161} INFO - Started process (PID=42752) to work on /home/airflow/.local/lib/python3.8/site-packages/airflow/example_dags/example_sensor_decorator.py
[2024-01-06T02:44:31.557+0000] {processor.py:830} INFO - Processing file /home/airflow/.local/lib/python3.8/site-packages/airflow/example_dags/example_sensor_decorator.py for tasks to queue
[2024-01-06T02:44:31.559+0000] {logging_mixin.py:188} INFO - [2024-01-06T02:44:31.559+0000] {dagbag.py:538} INFO - Filling up the DagBag from /home/airflow/.local/lib/python3.8/site-packages/airflow/example_dags/example_sensor_decorator.py
[2024-01-06T02:44:31.563+0000] {processor.py:840} INFO - DAG(s) 'example_sensor_decorator' retrieved from /home/airflow/.local/lib/python3.8/site-packages/airflow/example_dags/example_sensor_decorator.py
[2024-01-06T02:44:31.577+0000] {logging_mixin.py:188} INFO - [2024-01-06T02:44:31.577+0000] {dag.py:3033} INFO - Sync 1 DAGs
[2024-01-06T02:44:31.585+0000] {logging_mixin.py:188} INFO - [2024-01-06T02:44:31.585+0000] {dag.py:3820} INFO - Setting next_dagrun for example_sensor_decorator to None, run_after=None
[2024-01-06T02:44:31.597+0000] {processor.py:183} INFO - Processing /home/airflow/.local/lib/python3.8/site-packages/airflow/example_dags/example_sensor_decorator.py took 0.043 seconds
[2024-01-06T02:45:01.895+0000] {processor.py:161} INFO - Started process (PID=42810) to work on /home/airflow/.local/lib/python3.8/site-packages/airflow/example_dags/example_sensor_decorator.py
[2024-01-06T02:45:01.896+0000] {processor.py:830} INFO - Processing file /home/airflow/.local/lib/python3.8/site-packages/airflow/example_dags/example_sensor_decorator.py for tasks to queue
[2024-01-06T02:45:01.898+0000] {logging_mixin.py:188} INFO - [2024-01-06T02:45:01.898+0000] {dagbag.py:538} INFO - Filling up the DagBag from /home/airflow/.local/lib/python3.8/site-packages/airflow/example_dags/example_sensor_decorator.py
[2024-01-06T02:45:01.903+0000] {processor.py:840} INFO - DAG(s) 'example_sensor_decorator' retrieved from /home/airflow/.local/lib/python3.8/site-packages/airflow/example_dags/example_sensor_decorator.py
[2024-01-06T02:45:01.918+0000] {logging_mixin.py:188} INFO - [2024-01-06T02:45:01.918+0000] {dag.py:3033} INFO - Sync 1 DAGs
[2024-01-06T02:45:01.927+0000] {logging_mixin.py:188} INFO - [2024-01-06T02:45:01.927+0000] {dag.py:3820} INFO - Setting next_dagrun for example_sensor_decorator to None, run_after=None
[2024-01-06T02:45:01.938+0000] {processor.py:183} INFO - Processing /home/airflow/.local/lib/python3.8/site-packages/airflow/example_dags/example_sensor_decorator.py took 0.046 seconds
[2024-01-06T02:45:32.048+0000] {processor.py:161} INFO - Started process (PID=42868) to work on /home/airflow/.local/lib/python3.8/site-packages/airflow/example_dags/example_sensor_decorator.py
[2024-01-06T02:45:32.050+0000] {processor.py:830} INFO - Processing file /home/airflow/.local/lib/python3.8/site-packages/airflow/example_dags/example_sensor_decorator.py for tasks to queue
[2024-01-06T02:45:32.052+0000] {logging_mixin.py:188} INFO - [2024-01-06T02:45:32.052+0000] {dagbag.py:538} INFO - Filling up the DagBag from /home/airflow/.local/lib/python3.8/site-packages/airflow/example_dags/example_sensor_decorator.py
[2024-01-06T02:45:32.056+0000] {processor.py:840} INFO - DAG(s) 'example_sensor_decorator' retrieved from /home/airflow/.local/lib/python3.8/site-packages/airflow/example_dags/example_sensor_decorator.py
[2024-01-06T02:45:32.070+0000] {logging_mixin.py:188} INFO - [2024-01-06T02:45:32.070+0000] {dag.py:3033} INFO - Sync 1 DAGs
[2024-01-06T02:45:32.078+0000] {logging_mixin.py:188} INFO - [2024-01-06T02:45:32.078+0000] {dag.py:3820} INFO - Setting next_dagrun for example_sensor_decorator to None, run_after=None
[2024-01-06T02:45:32.089+0000] {processor.py:183} INFO - Processing /home/airflow/.local/lib/python3.8/site-packages/airflow/example_dags/example_sensor_decorator.py took 0.043 seconds
[2024-01-06T02:46:02.289+0000] {processor.py:161} INFO - Started process (PID=42926) to work on /home/airflow/.local/lib/python3.8/site-packages/airflow/example_dags/example_sensor_decorator.py
[2024-01-06T02:46:02.290+0000] {processor.py:830} INFO - Processing file /home/airflow/.local/lib/python3.8/site-packages/airflow/example_dags/example_sensor_decorator.py for tasks to queue
[2024-01-06T02:46:02.292+0000] {logging_mixin.py:188} INFO - [2024-01-06T02:46:02.292+0000] {dagbag.py:538} INFO - Filling up the DagBag from /home/airflow/.local/lib/python3.8/site-packages/airflow/example_dags/example_sensor_decorator.py
[2024-01-06T02:46:02.296+0000] {processor.py:840} INFO - DAG(s) 'example_sensor_decorator' retrieved from /home/airflow/.local/lib/python3.8/site-packages/airflow/example_dags/example_sensor_decorator.py
[2024-01-06T02:46:02.310+0000] {logging_mixin.py:188} INFO - [2024-01-06T02:46:02.310+0000] {dag.py:3033} INFO - Sync 1 DAGs
[2024-01-06T02:46:02.317+0000] {logging_mixin.py:188} INFO - [2024-01-06T02:46:02.317+0000] {dag.py:3820} INFO - Setting next_dagrun for example_sensor_decorator to None, run_after=None
[2024-01-06T02:46:02.328+0000] {processor.py:183} INFO - Processing /home/airflow/.local/lib/python3.8/site-packages/airflow/example_dags/example_sensor_decorator.py took 0.041 seconds
[2024-01-06T02:46:32.885+0000] {processor.py:161} INFO - Started process (PID=42984) to work on /home/airflow/.local/lib/python3.8/site-packages/airflow/example_dags/example_sensor_decorator.py
[2024-01-06T02:46:32.886+0000] {processor.py:830} INFO - Processing file /home/airflow/.local/lib/python3.8/site-packages/airflow/example_dags/example_sensor_decorator.py for tasks to queue
[2024-01-06T02:46:32.888+0000] {logging_mixin.py:188} INFO - [2024-01-06T02:46:32.888+0000] {dagbag.py:538} INFO - Filling up the DagBag from /home/airflow/.local/lib/python3.8/site-packages/airflow/example_dags/example_sensor_decorator.py
[2024-01-06T02:46:32.893+0000] {processor.py:840} INFO - DAG(s) 'example_sensor_decorator' retrieved from /home/airflow/.local/lib/python3.8/site-packages/airflow/example_dags/example_sensor_decorator.py
[2024-01-06T02:46:32.909+0000] {logging_mixin.py:188} INFO - [2024-01-06T02:46:32.908+0000] {dag.py:3033} INFO - Sync 1 DAGs
[2024-01-06T02:46:32.917+0000] {logging_mixin.py:188} INFO - [2024-01-06T02:46:32.917+0000] {dag.py:3820} INFO - Setting next_dagrun for example_sensor_decorator to None, run_after=None
[2024-01-06T02:46:32.929+0000] {processor.py:183} INFO - Processing /home/airflow/.local/lib/python3.8/site-packages/airflow/example_dags/example_sensor_decorator.py took 0.048 seconds
[2024-01-06T02:47:03.122+0000] {processor.py:161} INFO - Started process (PID=43042) to work on /home/airflow/.local/lib/python3.8/site-packages/airflow/example_dags/example_sensor_decorator.py
[2024-01-06T02:47:03.124+0000] {processor.py:830} INFO - Processing file /home/airflow/.local/lib/python3.8/site-packages/airflow/example_dags/example_sensor_decorator.py for tasks to queue
[2024-01-06T02:47:03.126+0000] {logging_mixin.py:188} INFO - [2024-01-06T02:47:03.126+0000] {dagbag.py:538} INFO - Filling up the DagBag from /home/airflow/.local/lib/python3.8/site-packages/airflow/example_dags/example_sensor_decorator.py
[2024-01-06T02:47:03.131+0000] {processor.py:840} INFO - DAG(s) 'example_sensor_decorator' retrieved from /home/airflow/.local/lib/python3.8/site-packages/airflow/example_dags/example_sensor_decorator.py
[2024-01-06T02:47:03.145+0000] {logging_mixin.py:188} INFO - [2024-01-06T02:47:03.145+0000] {dag.py:3033} INFO - Sync 1 DAGs
[2024-01-06T02:47:03.153+0000] {logging_mixin.py:188} INFO - [2024-01-06T02:47:03.153+0000] {dag.py:3820} INFO - Setting next_dagrun for example_sensor_decorator to None, run_after=None
[2024-01-06T02:47:03.164+0000] {processor.py:183} INFO - Processing /home/airflow/.local/lib/python3.8/site-packages/airflow/example_dags/example_sensor_decorator.py took 0.044 seconds
[2024-01-06T02:47:33.754+0000] {processor.py:161} INFO - Started process (PID=43100) to work on /home/airflow/.local/lib/python3.8/site-packages/airflow/example_dags/example_sensor_decorator.py
[2024-01-06T02:47:33.756+0000] {processor.py:830} INFO - Processing file /home/airflow/.local/lib/python3.8/site-packages/airflow/example_dags/example_sensor_decorator.py for tasks to queue
[2024-01-06T02:47:33.758+0000] {logging_mixin.py:188} INFO - [2024-01-06T02:47:33.757+0000] {dagbag.py:538} INFO - Filling up the DagBag from /home/airflow/.local/lib/python3.8/site-packages/airflow/example_dags/example_sensor_decorator.py
[2024-01-06T02:47:33.762+0000] {processor.py:840} INFO - DAG(s) 'example_sensor_decorator' retrieved from /home/airflow/.local/lib/python3.8/site-packages/airflow/example_dags/example_sensor_decorator.py
[2024-01-06T02:47:33.776+0000] {logging_mixin.py:188} INFO - [2024-01-06T02:47:33.776+0000] {dag.py:3033} INFO - Sync 1 DAGs
[2024-01-06T02:47:33.783+0000] {logging_mixin.py:188} INFO - [2024-01-06T02:47:33.783+0000] {dag.py:3820} INFO - Setting next_dagrun for example_sensor_decorator to None, run_after=None
[2024-01-06T02:47:33.794+0000] {processor.py:183} INFO - Processing /home/airflow/.local/lib/python3.8/site-packages/airflow/example_dags/example_sensor_decorator.py took 0.042 seconds
[2024-01-06T02:48:03.867+0000] {processor.py:161} INFO - Started process (PID=43158) to work on /home/airflow/.local/lib/python3.8/site-packages/airflow/example_dags/example_sensor_decorator.py
[2024-01-06T02:48:03.868+0000] {processor.py:830} INFO - Processing file /home/airflow/.local/lib/python3.8/site-packages/airflow/example_dags/example_sensor_decorator.py for tasks to queue
[2024-01-06T02:48:03.870+0000] {logging_mixin.py:188} INFO - [2024-01-06T02:48:03.870+0000] {dagbag.py:538} INFO - Filling up the DagBag from /home/airflow/.local/lib/python3.8/site-packages/airflow/example_dags/example_sensor_decorator.py
[2024-01-06T02:48:03.875+0000] {processor.py:840} INFO - DAG(s) 'example_sensor_decorator' retrieved from /home/airflow/.local/lib/python3.8/site-packages/airflow/example_dags/example_sensor_decorator.py
[2024-01-06T02:48:03.888+0000] {logging_mixin.py:188} INFO - [2024-01-06T02:48:03.887+0000] {dag.py:3033} INFO - Sync 1 DAGs
[2024-01-06T02:48:03.895+0000] {logging_mixin.py:188} INFO - [2024-01-06T02:48:03.895+0000] {dag.py:3820} INFO - Setting next_dagrun for example_sensor_decorator to None, run_after=None
[2024-01-06T02:48:03.906+0000] {processor.py:183} INFO - Processing /home/airflow/.local/lib/python3.8/site-packages/airflow/example_dags/example_sensor_decorator.py took 0.041 seconds
[2024-01-06T02:48:34.452+0000] {processor.py:161} INFO - Started process (PID=43216) to work on /home/airflow/.local/lib/python3.8/site-packages/airflow/example_dags/example_sensor_decorator.py
[2024-01-06T02:48:34.454+0000] {processor.py:830} INFO - Processing file /home/airflow/.local/lib/python3.8/site-packages/airflow/example_dags/example_sensor_decorator.py for tasks to queue
[2024-01-06T02:48:34.456+0000] {logging_mixin.py:188} INFO - [2024-01-06T02:48:34.455+0000] {dagbag.py:538} INFO - Filling up the DagBag from /home/airflow/.local/lib/python3.8/site-packages/airflow/example_dags/example_sensor_decorator.py
[2024-01-06T02:48:34.461+0000] {processor.py:840} INFO - DAG(s) 'example_sensor_decorator' retrieved from /home/airflow/.local/lib/python3.8/site-packages/airflow/example_dags/example_sensor_decorator.py
[2024-01-06T02:48:34.475+0000] {logging_mixin.py:188} INFO - [2024-01-06T02:48:34.475+0000] {dag.py:3033} INFO - Sync 1 DAGs
[2024-01-06T02:48:34.483+0000] {logging_mixin.py:188} INFO - [2024-01-06T02:48:34.483+0000] {dag.py:3820} INFO - Setting next_dagrun for example_sensor_decorator to None, run_after=None
[2024-01-06T02:48:34.493+0000] {processor.py:183} INFO - Processing /home/airflow/.local/lib/python3.8/site-packages/airflow/example_dags/example_sensor_decorator.py took 0.044 seconds
[2024-01-06T02:49:19.437+0000] {processor.py:161} INFO - Started process (PID=43274) to work on /home/airflow/.local/lib/python3.8/site-packages/airflow/example_dags/example_sensor_decorator.py
[2024-01-06T02:49:19.505+0000] {processor.py:830} INFO - Processing file /home/airflow/.local/lib/python3.8/site-packages/airflow/example_dags/example_sensor_decorator.py for tasks to queue
[2024-01-06T02:49:19.700+0000] {logging_mixin.py:188} INFO - [2024-01-06T02:49:19.698+0000] {dagbag.py:538} INFO - Filling up the DagBag from /home/airflow/.local/lib/python3.8/site-packages/airflow/example_dags/example_sensor_decorator.py
[2024-01-06T02:49:19.968+0000] {processor.py:840} INFO - DAG(s) 'example_sensor_decorator' retrieved from /home/airflow/.local/lib/python3.8/site-packages/airflow/example_dags/example_sensor_decorator.py
[2024-01-06T02:49:21.761+0000] {logging_mixin.py:188} INFO - [2024-01-06T02:49:21.753+0000] {dag.py:3033} INFO - Sync 1 DAGs
[2024-01-06T02:49:22.510+0000] {logging_mixin.py:188} INFO - [2024-01-06T02:49:22.506+0000] {dag.py:3820} INFO - Setting next_dagrun for example_sensor_decorator to None, run_after=None
[2024-01-06T02:49:22.608+0000] {processor.py:183} INFO - Processing /home/airflow/.local/lib/python3.8/site-packages/airflow/example_dags/example_sensor_decorator.py took 3.429 seconds
[2024-01-06T02:49:53.610+0000] {processor.py:161} INFO - Started process (PID=43330) to work on /home/airflow/.local/lib/python3.8/site-packages/airflow/example_dags/example_sensor_decorator.py
[2024-01-06T02:49:53.625+0000] {processor.py:830} INFO - Processing file /home/airflow/.local/lib/python3.8/site-packages/airflow/example_dags/example_sensor_decorator.py for tasks to queue
[2024-01-06T02:49:53.636+0000] {logging_mixin.py:188} INFO - [2024-01-06T02:49:53.635+0000] {dagbag.py:538} INFO - Filling up the DagBag from /home/airflow/.local/lib/python3.8/site-packages/airflow/example_dags/example_sensor_decorator.py
[2024-01-06T02:49:53.657+0000] {processor.py:840} INFO - DAG(s) 'example_sensor_decorator' retrieved from /home/airflow/.local/lib/python3.8/site-packages/airflow/example_dags/example_sensor_decorator.py
[2024-01-06T02:49:53.719+0000] {logging_mixin.py:188} INFO - [2024-01-06T02:49:53.719+0000] {dag.py:3033} INFO - Sync 1 DAGs
[2024-01-06T02:49:53.742+0000] {logging_mixin.py:188} INFO - [2024-01-06T02:49:53.742+0000] {dag.py:3820} INFO - Setting next_dagrun for example_sensor_decorator to None, run_after=None
[2024-01-06T02:49:53.787+0000] {processor.py:183} INFO - Processing /home/airflow/.local/lib/python3.8/site-packages/airflow/example_dags/example_sensor_decorator.py took 0.187 seconds
[2024-01-06T02:50:24.327+0000] {processor.py:161} INFO - Started process (PID=43387) to work on /home/airflow/.local/lib/python3.8/site-packages/airflow/example_dags/example_sensor_decorator.py
[2024-01-06T02:50:24.333+0000] {processor.py:830} INFO - Processing file /home/airflow/.local/lib/python3.8/site-packages/airflow/example_dags/example_sensor_decorator.py for tasks to queue
[2024-01-06T02:50:24.350+0000] {logging_mixin.py:188} INFO - [2024-01-06T02:50:24.349+0000] {dagbag.py:538} INFO - Filling up the DagBag from /home/airflow/.local/lib/python3.8/site-packages/airflow/example_dags/example_sensor_decorator.py
[2024-01-06T02:50:24.366+0000] {processor.py:840} INFO - DAG(s) 'example_sensor_decorator' retrieved from /home/airflow/.local/lib/python3.8/site-packages/airflow/example_dags/example_sensor_decorator.py
[2024-01-06T02:50:24.394+0000] {logging_mixin.py:188} INFO - [2024-01-06T02:50:24.393+0000] {dag.py:3033} INFO - Sync 1 DAGs
[2024-01-06T02:50:24.410+0000] {logging_mixin.py:188} INFO - [2024-01-06T02:50:24.410+0000] {dag.py:3820} INFO - Setting next_dagrun for example_sensor_decorator to None, run_after=None
[2024-01-06T02:50:24.433+0000] {processor.py:183} INFO - Processing /home/airflow/.local/lib/python3.8/site-packages/airflow/example_dags/example_sensor_decorator.py took 0.123 seconds
[2024-01-06T02:50:55.200+0000] {processor.py:161} INFO - Started process (PID=43445) to work on /home/airflow/.local/lib/python3.8/site-packages/airflow/example_dags/example_sensor_decorator.py
[2024-01-06T02:50:55.204+0000] {processor.py:830} INFO - Processing file /home/airflow/.local/lib/python3.8/site-packages/airflow/example_dags/example_sensor_decorator.py for tasks to queue
[2024-01-06T02:50:55.210+0000] {logging_mixin.py:188} INFO - [2024-01-06T02:50:55.209+0000] {dagbag.py:538} INFO - Filling up the DagBag from /home/airflow/.local/lib/python3.8/site-packages/airflow/example_dags/example_sensor_decorator.py
[2024-01-06T02:50:55.221+0000] {processor.py:840} INFO - DAG(s) 'example_sensor_decorator' retrieved from /home/airflow/.local/lib/python3.8/site-packages/airflow/example_dags/example_sensor_decorator.py
[2024-01-06T02:50:55.247+0000] {logging_mixin.py:188} INFO - [2024-01-06T02:50:55.247+0000] {dag.py:3033} INFO - Sync 1 DAGs
[2024-01-06T02:50:55.258+0000] {logging_mixin.py:188} INFO - [2024-01-06T02:50:55.258+0000] {dag.py:3820} INFO - Setting next_dagrun for example_sensor_decorator to None, run_after=None
[2024-01-06T02:50:55.274+0000] {processor.py:183} INFO - Processing /home/airflow/.local/lib/python3.8/site-packages/airflow/example_dags/example_sensor_decorator.py took 0.081 seconds
[2024-01-06T02:51:26.225+0000] {processor.py:161} INFO - Started process (PID=43503) to work on /home/airflow/.local/lib/python3.8/site-packages/airflow/example_dags/example_sensor_decorator.py
[2024-01-06T02:51:26.229+0000] {processor.py:830} INFO - Processing file /home/airflow/.local/lib/python3.8/site-packages/airflow/example_dags/example_sensor_decorator.py for tasks to queue
[2024-01-06T02:51:26.243+0000] {logging_mixin.py:188} INFO - [2024-01-06T02:51:26.243+0000] {dagbag.py:538} INFO - Filling up the DagBag from /home/airflow/.local/lib/python3.8/site-packages/airflow/example_dags/example_sensor_decorator.py
[2024-01-06T02:51:26.258+0000] {processor.py:840} INFO - DAG(s) 'example_sensor_decorator' retrieved from /home/airflow/.local/lib/python3.8/site-packages/airflow/example_dags/example_sensor_decorator.py
[2024-01-06T02:51:26.285+0000] {logging_mixin.py:188} INFO - [2024-01-06T02:51:26.285+0000] {dag.py:3033} INFO - Sync 1 DAGs
[2024-01-06T02:51:26.296+0000] {logging_mixin.py:188} INFO - [2024-01-06T02:51:26.296+0000] {dag.py:3820} INFO - Setting next_dagrun for example_sensor_decorator to None, run_after=None
[2024-01-06T02:51:26.314+0000] {processor.py:183} INFO - Processing /home/airflow/.local/lib/python3.8/site-packages/airflow/example_dags/example_sensor_decorator.py took 0.097 seconds
