[2024-01-06T01:20:15.524+0000] {processor.py:161} INFO - Started process (PID=39359) to work on /home/airflow/.local/lib/python3.8/site-packages/airflow/example_dags/example_time_delta_sensor_async.py
[2024-01-06T01:20:15.525+0000] {processor.py:830} INFO - Processing file /home/airflow/.local/lib/python3.8/site-packages/airflow/example_dags/example_time_delta_sensor_async.py for tasks to queue
[2024-01-06T01:20:15.528+0000] {logging_mixin.py:188} INFO - [2024-01-06T01:20:15.528+0000] {dagbag.py:538} INFO - Filling up the DagBag from /home/airflow/.local/lib/python3.8/site-packages/airflow/example_dags/example_time_delta_sensor_async.py
[2024-01-06T01:20:15.534+0000] {processor.py:840} INFO - DAG(s) 'example_time_delta_sensor_async' retrieved from /home/airflow/.local/lib/python3.8/site-packages/airflow/example_dags/example_time_delta_sensor_async.py
[2024-01-06T01:20:15.556+0000] {logging_mixin.py:188} INFO - [2024-01-06T01:20:15.555+0000] {dag.py:3033} INFO - Sync 1 DAGs
[2024-01-06T01:20:15.568+0000] {logging_mixin.py:188} INFO - [2024-01-06T01:20:15.568+0000] {dag.py:3820} INFO - Setting next_dagrun for example_time_delta_sensor_async to None, run_after=None
[2024-01-06T01:20:15.588+0000] {processor.py:183} INFO - Processing /home/airflow/.local/lib/python3.8/site-packages/airflow/example_dags/example_time_delta_sensor_async.py took 0.070 seconds
[2024-01-06T01:47:34.772+0000] {processor.py:161} INFO - Started process (PID=39417) to work on /home/airflow/.local/lib/python3.8/site-packages/airflow/example_dags/example_time_delta_sensor_async.py
[2024-01-06T01:47:34.774+0000] {processor.py:830} INFO - Processing file /home/airflow/.local/lib/python3.8/site-packages/airflow/example_dags/example_time_delta_sensor_async.py for tasks to queue
[2024-01-06T01:47:34.777+0000] {logging_mixin.py:188} INFO - [2024-01-06T01:47:34.777+0000] {dagbag.py:538} INFO - Filling up the DagBag from /home/airflow/.local/lib/python3.8/site-packages/airflow/example_dags/example_time_delta_sensor_async.py
[2024-01-06T01:47:34.782+0000] {processor.py:840} INFO - DAG(s) 'example_time_delta_sensor_async' retrieved from /home/airflow/.local/lib/python3.8/site-packages/airflow/example_dags/example_time_delta_sensor_async.py
[2024-01-06T01:47:34.796+0000] {logging_mixin.py:188} INFO - [2024-01-06T01:47:34.796+0000] {dag.py:3033} INFO - Sync 1 DAGs
[2024-01-06T01:47:34.804+0000] {logging_mixin.py:188} INFO - [2024-01-06T01:47:34.804+0000] {dag.py:3820} INFO - Setting next_dagrun for example_time_delta_sensor_async to None, run_after=None
[2024-01-06T01:47:34.816+0000] {processor.py:183} INFO - Processing /home/airflow/.local/lib/python3.8/site-packages/airflow/example_dags/example_time_delta_sensor_async.py took 0.046 seconds
[2024-01-06T01:48:05.343+0000] {processor.py:161} INFO - Started process (PID=39475) to work on /home/airflow/.local/lib/python3.8/site-packages/airflow/example_dags/example_time_delta_sensor_async.py
[2024-01-06T01:48:05.345+0000] {processor.py:830} INFO - Processing file /home/airflow/.local/lib/python3.8/site-packages/airflow/example_dags/example_time_delta_sensor_async.py for tasks to queue
[2024-01-06T01:48:05.347+0000] {logging_mixin.py:188} INFO - [2024-01-06T01:48:05.347+0000] {dagbag.py:538} INFO - Filling up the DagBag from /home/airflow/.local/lib/python3.8/site-packages/airflow/example_dags/example_time_delta_sensor_async.py
[2024-01-06T01:48:05.351+0000] {processor.py:840} INFO - DAG(s) 'example_time_delta_sensor_async' retrieved from /home/airflow/.local/lib/python3.8/site-packages/airflow/example_dags/example_time_delta_sensor_async.py
[2024-01-06T01:48:05.366+0000] {logging_mixin.py:188} INFO - [2024-01-06T01:48:05.366+0000] {dag.py:3033} INFO - Sync 1 DAGs
[2024-01-06T01:48:05.373+0000] {logging_mixin.py:188} INFO - [2024-01-06T01:48:05.373+0000] {dag.py:3820} INFO - Setting next_dagrun for example_time_delta_sensor_async to None, run_after=None
[2024-01-06T01:48:05.385+0000] {processor.py:183} INFO - Processing /home/airflow/.local/lib/python3.8/site-packages/airflow/example_dags/example_time_delta_sensor_async.py took 0.045 seconds
[2024-01-06T02:05:26.781+0000] {processor.py:161} INFO - Started process (PID=39533) to work on /home/airflow/.local/lib/python3.8/site-packages/airflow/example_dags/example_time_delta_sensor_async.py
[2024-01-06T02:05:26.782+0000] {processor.py:830} INFO - Processing file /home/airflow/.local/lib/python3.8/site-packages/airflow/example_dags/example_time_delta_sensor_async.py for tasks to queue
[2024-01-06T02:05:26.785+0000] {logging_mixin.py:188} INFO - [2024-01-06T02:05:26.785+0000] {dagbag.py:538} INFO - Filling up the DagBag from /home/airflow/.local/lib/python3.8/site-packages/airflow/example_dags/example_time_delta_sensor_async.py
[2024-01-06T02:05:26.789+0000] {processor.py:840} INFO - DAG(s) 'example_time_delta_sensor_async' retrieved from /home/airflow/.local/lib/python3.8/site-packages/airflow/example_dags/example_time_delta_sensor_async.py
[2024-01-06T02:05:26.807+0000] {logging_mixin.py:188} INFO - [2024-01-06T02:05:26.807+0000] {dag.py:3033} INFO - Sync 1 DAGs
[2024-01-06T02:05:26.815+0000] {logging_mixin.py:188} INFO - [2024-01-06T02:05:26.815+0000] {dag.py:3820} INFO - Setting next_dagrun for example_time_delta_sensor_async to None, run_after=None
[2024-01-06T02:05:26.829+0000] {processor.py:183} INFO - Processing /home/airflow/.local/lib/python3.8/site-packages/airflow/example_dags/example_time_delta_sensor_async.py took 0.051 seconds
[2024-01-06T02:16:26.394+0000] {processor.py:161} INFO - Started process (PID=39591) to work on /home/airflow/.local/lib/python3.8/site-packages/airflow/example_dags/example_time_delta_sensor_async.py
[2024-01-06T02:16:26.396+0000] {processor.py:830} INFO - Processing file /home/airflow/.local/lib/python3.8/site-packages/airflow/example_dags/example_time_delta_sensor_async.py for tasks to queue
[2024-01-06T02:16:26.398+0000] {logging_mixin.py:188} INFO - [2024-01-06T02:16:26.398+0000] {dagbag.py:538} INFO - Filling up the DagBag from /home/airflow/.local/lib/python3.8/site-packages/airflow/example_dags/example_time_delta_sensor_async.py
[2024-01-06T02:16:26.402+0000] {processor.py:840} INFO - DAG(s) 'example_time_delta_sensor_async' retrieved from /home/airflow/.local/lib/python3.8/site-packages/airflow/example_dags/example_time_delta_sensor_async.py
[2024-01-06T02:16:26.417+0000] {logging_mixin.py:188} INFO - [2024-01-06T02:16:26.417+0000] {dag.py:3033} INFO - Sync 1 DAGs
[2024-01-06T02:16:26.425+0000] {logging_mixin.py:188} INFO - [2024-01-06T02:16:26.425+0000] {dag.py:3820} INFO - Setting next_dagrun for example_time_delta_sensor_async to None, run_after=None
[2024-01-06T02:16:26.438+0000] {processor.py:183} INFO - Processing /home/airflow/.local/lib/python3.8/site-packages/airflow/example_dags/example_time_delta_sensor_async.py took 0.046 seconds
[2024-01-06T02:17:01.872+0000] {processor.py:161} INFO - Started process (PID=39649) to work on /home/airflow/.local/lib/python3.8/site-packages/airflow/example_dags/example_time_delta_sensor_async.py
[2024-01-06T02:17:01.884+0000] {processor.py:830} INFO - Processing file /home/airflow/.local/lib/python3.8/site-packages/airflow/example_dags/example_time_delta_sensor_async.py for tasks to queue
[2024-01-06T02:17:01.901+0000] {logging_mixin.py:188} INFO - [2024-01-06T02:17:01.900+0000] {dagbag.py:538} INFO - Filling up the DagBag from /home/airflow/.local/lib/python3.8/site-packages/airflow/example_dags/example_time_delta_sensor_async.py
[2024-01-06T02:17:01.941+0000] {processor.py:840} INFO - DAG(s) 'example_time_delta_sensor_async' retrieved from /home/airflow/.local/lib/python3.8/site-packages/airflow/example_dags/example_time_delta_sensor_async.py
[2024-01-06T02:17:02.058+0000] {logging_mixin.py:188} INFO - [2024-01-06T02:17:02.057+0000] {dag.py:3033} INFO - Sync 1 DAGs
[2024-01-06T02:17:02.140+0000] {logging_mixin.py:188} INFO - [2024-01-06T02:17:02.139+0000] {dag.py:3820} INFO - Setting next_dagrun for example_time_delta_sensor_async to None, run_after=None
[2024-01-06T02:17:02.267+0000] {processor.py:183} INFO - Processing /home/airflow/.local/lib/python3.8/site-packages/airflow/example_dags/example_time_delta_sensor_async.py took 0.405 seconds
[2024-01-06T02:17:33.069+0000] {processor.py:161} INFO - Started process (PID=39707) to work on /home/airflow/.local/lib/python3.8/site-packages/airflow/example_dags/example_time_delta_sensor_async.py
[2024-01-06T02:17:33.071+0000] {processor.py:830} INFO - Processing file /home/airflow/.local/lib/python3.8/site-packages/airflow/example_dags/example_time_delta_sensor_async.py for tasks to queue
[2024-01-06T02:17:33.075+0000] {logging_mixin.py:188} INFO - [2024-01-06T02:17:33.075+0000] {dagbag.py:538} INFO - Filling up the DagBag from /home/airflow/.local/lib/python3.8/site-packages/airflow/example_dags/example_time_delta_sensor_async.py
[2024-01-06T02:17:33.081+0000] {processor.py:840} INFO - DAG(s) 'example_time_delta_sensor_async' retrieved from /home/airflow/.local/lib/python3.8/site-packages/airflow/example_dags/example_time_delta_sensor_async.py
[2024-01-06T02:17:33.101+0000] {logging_mixin.py:188} INFO - [2024-01-06T02:17:33.101+0000] {dag.py:3033} INFO - Sync 1 DAGs
[2024-01-06T02:17:33.112+0000] {logging_mixin.py:188} INFO - [2024-01-06T02:17:33.112+0000] {dag.py:3820} INFO - Setting next_dagrun for example_time_delta_sensor_async to None, run_after=None
[2024-01-06T02:17:33.125+0000] {processor.py:183} INFO - Processing /home/airflow/.local/lib/python3.8/site-packages/airflow/example_dags/example_time_delta_sensor_async.py took 0.066 seconds
[2024-01-06T02:18:03.409+0000] {processor.py:161} INFO - Started process (PID=39765) to work on /home/airflow/.local/lib/python3.8/site-packages/airflow/example_dags/example_time_delta_sensor_async.py
[2024-01-06T02:18:03.413+0000] {processor.py:830} INFO - Processing file /home/airflow/.local/lib/python3.8/site-packages/airflow/example_dags/example_time_delta_sensor_async.py for tasks to queue
[2024-01-06T02:18:03.417+0000] {logging_mixin.py:188} INFO - [2024-01-06T02:18:03.417+0000] {dagbag.py:538} INFO - Filling up the DagBag from /home/airflow/.local/lib/python3.8/site-packages/airflow/example_dags/example_time_delta_sensor_async.py
[2024-01-06T02:18:03.423+0000] {processor.py:840} INFO - DAG(s) 'example_time_delta_sensor_async' retrieved from /home/airflow/.local/lib/python3.8/site-packages/airflow/example_dags/example_time_delta_sensor_async.py
[2024-01-06T02:18:03.444+0000] {logging_mixin.py:188} INFO - [2024-01-06T02:18:03.444+0000] {dag.py:3033} INFO - Sync 1 DAGs
[2024-01-06T02:18:03.452+0000] {logging_mixin.py:188} INFO - [2024-01-06T02:18:03.452+0000] {dag.py:3820} INFO - Setting next_dagrun for example_time_delta_sensor_async to None, run_after=None
[2024-01-06T02:18:03.464+0000] {processor.py:183} INFO - Processing /home/airflow/.local/lib/python3.8/site-packages/airflow/example_dags/example_time_delta_sensor_async.py took 0.060 seconds
[2024-01-06T02:18:33.962+0000] {processor.py:161} INFO - Started process (PID=39823) to work on /home/airflow/.local/lib/python3.8/site-packages/airflow/example_dags/example_time_delta_sensor_async.py
[2024-01-06T02:18:33.964+0000] {processor.py:830} INFO - Processing file /home/airflow/.local/lib/python3.8/site-packages/airflow/example_dags/example_time_delta_sensor_async.py for tasks to queue
[2024-01-06T02:18:33.967+0000] {logging_mixin.py:188} INFO - [2024-01-06T02:18:33.967+0000] {dagbag.py:538} INFO - Filling up the DagBag from /home/airflow/.local/lib/python3.8/site-packages/airflow/example_dags/example_time_delta_sensor_async.py
[2024-01-06T02:18:33.974+0000] {processor.py:840} INFO - DAG(s) 'example_time_delta_sensor_async' retrieved from /home/airflow/.local/lib/python3.8/site-packages/airflow/example_dags/example_time_delta_sensor_async.py
[2024-01-06T02:18:33.991+0000] {logging_mixin.py:188} INFO - [2024-01-06T02:18:33.991+0000] {dag.py:3033} INFO - Sync 1 DAGs
[2024-01-06T02:18:33.999+0000] {logging_mixin.py:188} INFO - [2024-01-06T02:18:33.999+0000] {dag.py:3820} INFO - Setting next_dagrun for example_time_delta_sensor_async to None, run_after=None
[2024-01-06T02:18:34.010+0000] {processor.py:183} INFO - Processing /home/airflow/.local/lib/python3.8/site-packages/airflow/example_dags/example_time_delta_sensor_async.py took 0.053 seconds
[2024-01-06T02:19:04.348+0000] {processor.py:161} INFO - Started process (PID=39882) to work on /home/airflow/.local/lib/python3.8/site-packages/airflow/example_dags/example_time_delta_sensor_async.py
[2024-01-06T02:19:04.352+0000] {processor.py:830} INFO - Processing file /home/airflow/.local/lib/python3.8/site-packages/airflow/example_dags/example_time_delta_sensor_async.py for tasks to queue
[2024-01-06T02:19:04.359+0000] {logging_mixin.py:188} INFO - [2024-01-06T02:19:04.357+0000] {dagbag.py:538} INFO - Filling up the DagBag from /home/airflow/.local/lib/python3.8/site-packages/airflow/example_dags/example_time_delta_sensor_async.py
[2024-01-06T02:19:04.374+0000] {processor.py:840} INFO - DAG(s) 'example_time_delta_sensor_async' retrieved from /home/airflow/.local/lib/python3.8/site-packages/airflow/example_dags/example_time_delta_sensor_async.py
[2024-01-06T02:19:04.427+0000] {logging_mixin.py:188} INFO - [2024-01-06T02:19:04.427+0000] {dag.py:3033} INFO - Sync 1 DAGs
[2024-01-06T02:19:04.444+0000] {logging_mixin.py:188} INFO - [2024-01-06T02:19:04.444+0000] {dag.py:3820} INFO - Setting next_dagrun for example_time_delta_sensor_async to None, run_after=None
[2024-01-06T02:19:04.468+0000] {processor.py:183} INFO - Processing /home/airflow/.local/lib/python3.8/site-packages/airflow/example_dags/example_time_delta_sensor_async.py took 0.134 seconds
[2024-01-06T02:19:34.651+0000] {processor.py:161} INFO - Started process (PID=39940) to work on /home/airflow/.local/lib/python3.8/site-packages/airflow/example_dags/example_time_delta_sensor_async.py
[2024-01-06T02:19:34.655+0000] {processor.py:830} INFO - Processing file /home/airflow/.local/lib/python3.8/site-packages/airflow/example_dags/example_time_delta_sensor_async.py for tasks to queue
[2024-01-06T02:19:34.661+0000] {logging_mixin.py:188} INFO - [2024-01-06T02:19:34.661+0000] {dagbag.py:538} INFO - Filling up the DagBag from /home/airflow/.local/lib/python3.8/site-packages/airflow/example_dags/example_time_delta_sensor_async.py
[2024-01-06T02:19:34.671+0000] {processor.py:840} INFO - DAG(s) 'example_time_delta_sensor_async' retrieved from /home/airflow/.local/lib/python3.8/site-packages/airflow/example_dags/example_time_delta_sensor_async.py
[2024-01-06T02:19:34.715+0000] {logging_mixin.py:188} INFO - [2024-01-06T02:19:34.715+0000] {dag.py:3033} INFO - Sync 1 DAGs
[2024-01-06T02:19:34.736+0000] {logging_mixin.py:188} INFO - [2024-01-06T02:19:34.736+0000] {dag.py:3820} INFO - Setting next_dagrun for example_time_delta_sensor_async to None, run_after=None
[2024-01-06T02:19:34.764+0000] {processor.py:183} INFO - Processing /home/airflow/.local/lib/python3.8/site-packages/airflow/example_dags/example_time_delta_sensor_async.py took 0.119 seconds
[2024-01-06T02:20:05.480+0000] {processor.py:161} INFO - Started process (PID=39998) to work on /home/airflow/.local/lib/python3.8/site-packages/airflow/example_dags/example_time_delta_sensor_async.py
[2024-01-06T02:20:05.484+0000] {processor.py:830} INFO - Processing file /home/airflow/.local/lib/python3.8/site-packages/airflow/example_dags/example_time_delta_sensor_async.py for tasks to queue
[2024-01-06T02:20:05.489+0000] {logging_mixin.py:188} INFO - [2024-01-06T02:20:05.489+0000] {dagbag.py:538} INFO - Filling up the DagBag from /home/airflow/.local/lib/python3.8/site-packages/airflow/example_dags/example_time_delta_sensor_async.py
[2024-01-06T02:20:05.497+0000] {processor.py:840} INFO - DAG(s) 'example_time_delta_sensor_async' retrieved from /home/airflow/.local/lib/python3.8/site-packages/airflow/example_dags/example_time_delta_sensor_async.py
[2024-01-06T02:20:05.528+0000] {logging_mixin.py:188} INFO - [2024-01-06T02:20:05.528+0000] {dag.py:3033} INFO - Sync 1 DAGs
[2024-01-06T02:20:05.542+0000] {logging_mixin.py:188} INFO - [2024-01-06T02:20:05.542+0000] {dag.py:3820} INFO - Setting next_dagrun for example_time_delta_sensor_async to None, run_after=None
[2024-01-06T02:20:05.559+0000] {processor.py:183} INFO - Processing /home/airflow/.local/lib/python3.8/site-packages/airflow/example_dags/example_time_delta_sensor_async.py took 0.086 seconds
[2024-01-06T02:20:36.407+0000] {processor.py:161} INFO - Started process (PID=40056) to work on /home/airflow/.local/lib/python3.8/site-packages/airflow/example_dags/example_time_delta_sensor_async.py
[2024-01-06T02:20:36.409+0000] {processor.py:830} INFO - Processing file /home/airflow/.local/lib/python3.8/site-packages/airflow/example_dags/example_time_delta_sensor_async.py for tasks to queue
[2024-01-06T02:20:36.413+0000] {logging_mixin.py:188} INFO - [2024-01-06T02:20:36.412+0000] {dagbag.py:538} INFO - Filling up the DagBag from /home/airflow/.local/lib/python3.8/site-packages/airflow/example_dags/example_time_delta_sensor_async.py
[2024-01-06T02:20:36.417+0000] {processor.py:840} INFO - DAG(s) 'example_time_delta_sensor_async' retrieved from /home/airflow/.local/lib/python3.8/site-packages/airflow/example_dags/example_time_delta_sensor_async.py
[2024-01-06T02:20:36.433+0000] {logging_mixin.py:188} INFO - [2024-01-06T02:20:36.433+0000] {dag.py:3033} INFO - Sync 1 DAGs
[2024-01-06T02:20:36.442+0000] {logging_mixin.py:188} INFO - [2024-01-06T02:20:36.441+0000] {dag.py:3820} INFO - Setting next_dagrun for example_time_delta_sensor_async to None, run_after=None
[2024-01-06T02:20:36.453+0000] {processor.py:183} INFO - Processing /home/airflow/.local/lib/python3.8/site-packages/airflow/example_dags/example_time_delta_sensor_async.py took 0.052 seconds
[2024-01-06T02:21:07.073+0000] {processor.py:161} INFO - Started process (PID=40114) to work on /home/airflow/.local/lib/python3.8/site-packages/airflow/example_dags/example_time_delta_sensor_async.py
[2024-01-06T02:21:07.077+0000] {processor.py:830} INFO - Processing file /home/airflow/.local/lib/python3.8/site-packages/airflow/example_dags/example_time_delta_sensor_async.py for tasks to queue
[2024-01-06T02:21:07.082+0000] {logging_mixin.py:188} INFO - [2024-01-06T02:21:07.081+0000] {dagbag.py:538} INFO - Filling up the DagBag from /home/airflow/.local/lib/python3.8/site-packages/airflow/example_dags/example_time_delta_sensor_async.py
[2024-01-06T02:21:07.090+0000] {processor.py:840} INFO - DAG(s) 'example_time_delta_sensor_async' retrieved from /home/airflow/.local/lib/python3.8/site-packages/airflow/example_dags/example_time_delta_sensor_async.py
[2024-01-06T02:21:07.113+0000] {logging_mixin.py:188} INFO - [2024-01-06T02:21:07.113+0000] {dag.py:3033} INFO - Sync 1 DAGs
[2024-01-06T02:21:07.124+0000] {logging_mixin.py:188} INFO - [2024-01-06T02:21:07.124+0000] {dag.py:3820} INFO - Setting next_dagrun for example_time_delta_sensor_async to None, run_after=None
[2024-01-06T02:21:07.136+0000] {processor.py:183} INFO - Processing /home/airflow/.local/lib/python3.8/site-packages/airflow/example_dags/example_time_delta_sensor_async.py took 0.071 seconds
[2024-01-06T02:21:38.091+0000] {processor.py:161} INFO - Started process (PID=40172) to work on /home/airflow/.local/lib/python3.8/site-packages/airflow/example_dags/example_time_delta_sensor_async.py
[2024-01-06T02:21:38.093+0000] {processor.py:830} INFO - Processing file /home/airflow/.local/lib/python3.8/site-packages/airflow/example_dags/example_time_delta_sensor_async.py for tasks to queue
[2024-01-06T02:21:38.095+0000] {logging_mixin.py:188} INFO - [2024-01-06T02:21:38.095+0000] {dagbag.py:538} INFO - Filling up the DagBag from /home/airflow/.local/lib/python3.8/site-packages/airflow/example_dags/example_time_delta_sensor_async.py
[2024-01-06T02:21:38.099+0000] {processor.py:840} INFO - DAG(s) 'example_time_delta_sensor_async' retrieved from /home/airflow/.local/lib/python3.8/site-packages/airflow/example_dags/example_time_delta_sensor_async.py
[2024-01-06T02:21:38.116+0000] {logging_mixin.py:188} INFO - [2024-01-06T02:21:38.116+0000] {dag.py:3033} INFO - Sync 1 DAGs
[2024-01-06T02:21:38.125+0000] {logging_mixin.py:188} INFO - [2024-01-06T02:21:38.125+0000] {dag.py:3820} INFO - Setting next_dagrun for example_time_delta_sensor_async to None, run_after=None
[2024-01-06T02:21:38.138+0000] {processor.py:183} INFO - Processing /home/airflow/.local/lib/python3.8/site-packages/airflow/example_dags/example_time_delta_sensor_async.py took 0.050 seconds
[2024-01-06T02:22:08.276+0000] {processor.py:161} INFO - Started process (PID=40230) to work on /home/airflow/.local/lib/python3.8/site-packages/airflow/example_dags/example_time_delta_sensor_async.py
[2024-01-06T02:22:08.277+0000] {processor.py:830} INFO - Processing file /home/airflow/.local/lib/python3.8/site-packages/airflow/example_dags/example_time_delta_sensor_async.py for tasks to queue
[2024-01-06T02:22:08.280+0000] {logging_mixin.py:188} INFO - [2024-01-06T02:22:08.280+0000] {dagbag.py:538} INFO - Filling up the DagBag from /home/airflow/.local/lib/python3.8/site-packages/airflow/example_dags/example_time_delta_sensor_async.py
[2024-01-06T02:22:08.285+0000] {processor.py:840} INFO - DAG(s) 'example_time_delta_sensor_async' retrieved from /home/airflow/.local/lib/python3.8/site-packages/airflow/example_dags/example_time_delta_sensor_async.py
[2024-01-06T02:22:08.312+0000] {logging_mixin.py:188} INFO - [2024-01-06T02:22:08.312+0000] {dag.py:3033} INFO - Sync 1 DAGs
[2024-01-06T02:22:08.324+0000] {logging_mixin.py:188} INFO - [2024-01-06T02:22:08.323+0000] {dag.py:3820} INFO - Setting next_dagrun for example_time_delta_sensor_async to None, run_after=None
[2024-01-06T02:22:08.336+0000] {processor.py:183} INFO - Processing /home/airflow/.local/lib/python3.8/site-packages/airflow/example_dags/example_time_delta_sensor_async.py took 0.064 seconds
[2024-01-06T02:22:39.208+0000] {processor.py:161} INFO - Started process (PID=40288) to work on /home/airflow/.local/lib/python3.8/site-packages/airflow/example_dags/example_time_delta_sensor_async.py
[2024-01-06T02:22:39.211+0000] {processor.py:830} INFO - Processing file /home/airflow/.local/lib/python3.8/site-packages/airflow/example_dags/example_time_delta_sensor_async.py for tasks to queue
[2024-01-06T02:22:39.214+0000] {logging_mixin.py:188} INFO - [2024-01-06T02:22:39.214+0000] {dagbag.py:538} INFO - Filling up the DagBag from /home/airflow/.local/lib/python3.8/site-packages/airflow/example_dags/example_time_delta_sensor_async.py
[2024-01-06T02:22:39.220+0000] {processor.py:840} INFO - DAG(s) 'example_time_delta_sensor_async' retrieved from /home/airflow/.local/lib/python3.8/site-packages/airflow/example_dags/example_time_delta_sensor_async.py
[2024-01-06T02:22:39.238+0000] {logging_mixin.py:188} INFO - [2024-01-06T02:22:39.238+0000] {dag.py:3033} INFO - Sync 1 DAGs
[2024-01-06T02:22:39.247+0000] {logging_mixin.py:188} INFO - [2024-01-06T02:22:39.247+0000] {dag.py:3820} INFO - Setting next_dagrun for example_time_delta_sensor_async to None, run_after=None
[2024-01-06T02:22:39.259+0000] {processor.py:183} INFO - Processing /home/airflow/.local/lib/python3.8/site-packages/airflow/example_dags/example_time_delta_sensor_async.py took 0.056 seconds
[2024-01-06T02:23:09.894+0000] {processor.py:161} INFO - Started process (PID=40346) to work on /home/airflow/.local/lib/python3.8/site-packages/airflow/example_dags/example_time_delta_sensor_async.py
[2024-01-06T02:23:09.897+0000] {processor.py:830} INFO - Processing file /home/airflow/.local/lib/python3.8/site-packages/airflow/example_dags/example_time_delta_sensor_async.py for tasks to queue
[2024-01-06T02:23:09.901+0000] {logging_mixin.py:188} INFO - [2024-01-06T02:23:09.901+0000] {dagbag.py:538} INFO - Filling up the DagBag from /home/airflow/.local/lib/python3.8/site-packages/airflow/example_dags/example_time_delta_sensor_async.py
[2024-01-06T02:23:09.909+0000] {processor.py:840} INFO - DAG(s) 'example_time_delta_sensor_async' retrieved from /home/airflow/.local/lib/python3.8/site-packages/airflow/example_dags/example_time_delta_sensor_async.py
[2024-01-06T02:23:09.932+0000] {logging_mixin.py:188} INFO - [2024-01-06T02:23:09.932+0000] {dag.py:3033} INFO - Sync 1 DAGs
[2024-01-06T02:23:09.959+0000] {logging_mixin.py:188} INFO - [2024-01-06T02:23:09.959+0000] {dag.py:3820} INFO - Setting next_dagrun for example_time_delta_sensor_async to None, run_after=None
[2024-01-06T02:23:09.975+0000] {processor.py:183} INFO - Processing /home/airflow/.local/lib/python3.8/site-packages/airflow/example_dags/example_time_delta_sensor_async.py took 0.092 seconds
[2024-01-06T02:23:40.696+0000] {processor.py:161} INFO - Started process (PID=40404) to work on /home/airflow/.local/lib/python3.8/site-packages/airflow/example_dags/example_time_delta_sensor_async.py
[2024-01-06T02:23:40.700+0000] {processor.py:830} INFO - Processing file /home/airflow/.local/lib/python3.8/site-packages/airflow/example_dags/example_time_delta_sensor_async.py for tasks to queue
[2024-01-06T02:23:40.703+0000] {logging_mixin.py:188} INFO - [2024-01-06T02:23:40.703+0000] {dagbag.py:538} INFO - Filling up the DagBag from /home/airflow/.local/lib/python3.8/site-packages/airflow/example_dags/example_time_delta_sensor_async.py
[2024-01-06T02:23:40.710+0000] {processor.py:840} INFO - DAG(s) 'example_time_delta_sensor_async' retrieved from /home/airflow/.local/lib/python3.8/site-packages/airflow/example_dags/example_time_delta_sensor_async.py
[2024-01-06T02:23:40.728+0000] {logging_mixin.py:188} INFO - [2024-01-06T02:23:40.728+0000] {dag.py:3033} INFO - Sync 1 DAGs
[2024-01-06T02:23:40.736+0000] {logging_mixin.py:188} INFO - [2024-01-06T02:23:40.736+0000] {dag.py:3820} INFO - Setting next_dagrun for example_time_delta_sensor_async to None, run_after=None
[2024-01-06T02:23:40.751+0000] {processor.py:183} INFO - Processing /home/airflow/.local/lib/python3.8/site-packages/airflow/example_dags/example_time_delta_sensor_async.py took 0.059 seconds
[2024-01-06T02:24:10.979+0000] {processor.py:161} INFO - Started process (PID=40462) to work on /home/airflow/.local/lib/python3.8/site-packages/airflow/example_dags/example_time_delta_sensor_async.py
[2024-01-06T02:24:10.982+0000] {processor.py:830} INFO - Processing file /home/airflow/.local/lib/python3.8/site-packages/airflow/example_dags/example_time_delta_sensor_async.py for tasks to queue
[2024-01-06T02:24:10.988+0000] {logging_mixin.py:188} INFO - [2024-01-06T02:24:10.988+0000] {dagbag.py:538} INFO - Filling up the DagBag from /home/airflow/.local/lib/python3.8/site-packages/airflow/example_dags/example_time_delta_sensor_async.py
[2024-01-06T02:24:10.994+0000] {processor.py:840} INFO - DAG(s) 'example_time_delta_sensor_async' retrieved from /home/airflow/.local/lib/python3.8/site-packages/airflow/example_dags/example_time_delta_sensor_async.py
[2024-01-06T02:24:11.022+0000] {logging_mixin.py:188} INFO - [2024-01-06T02:24:11.022+0000] {dag.py:3033} INFO - Sync 1 DAGs
[2024-01-06T02:24:11.033+0000] {logging_mixin.py:188} INFO - [2024-01-06T02:24:11.033+0000] {dag.py:3820} INFO - Setting next_dagrun for example_time_delta_sensor_async to None, run_after=None
[2024-01-06T02:24:11.049+0000] {processor.py:183} INFO - Processing /home/airflow/.local/lib/python3.8/site-packages/airflow/example_dags/example_time_delta_sensor_async.py took 0.076 seconds
[2024-01-06T02:24:41.439+0000] {processor.py:161} INFO - Started process (PID=40520) to work on /home/airflow/.local/lib/python3.8/site-packages/airflow/example_dags/example_time_delta_sensor_async.py
[2024-01-06T02:24:41.442+0000] {processor.py:830} INFO - Processing file /home/airflow/.local/lib/python3.8/site-packages/airflow/example_dags/example_time_delta_sensor_async.py for tasks to queue
[2024-01-06T02:24:41.445+0000] {logging_mixin.py:188} INFO - [2024-01-06T02:24:41.445+0000] {dagbag.py:538} INFO - Filling up the DagBag from /home/airflow/.local/lib/python3.8/site-packages/airflow/example_dags/example_time_delta_sensor_async.py
[2024-01-06T02:24:41.450+0000] {processor.py:840} INFO - DAG(s) 'example_time_delta_sensor_async' retrieved from /home/airflow/.local/lib/python3.8/site-packages/airflow/example_dags/example_time_delta_sensor_async.py
[2024-01-06T02:24:41.467+0000] {logging_mixin.py:188} INFO - [2024-01-06T02:24:41.467+0000] {dag.py:3033} INFO - Sync 1 DAGs
[2024-01-06T02:24:41.477+0000] {logging_mixin.py:188} INFO - [2024-01-06T02:24:41.476+0000] {dag.py:3820} INFO - Setting next_dagrun for example_time_delta_sensor_async to None, run_after=None
[2024-01-06T02:24:41.490+0000] {processor.py:183} INFO - Processing /home/airflow/.local/lib/python3.8/site-packages/airflow/example_dags/example_time_delta_sensor_async.py took 0.055 seconds
[2024-01-06T02:25:12.142+0000] {processor.py:161} INFO - Started process (PID=40578) to work on /home/airflow/.local/lib/python3.8/site-packages/airflow/example_dags/example_time_delta_sensor_async.py
[2024-01-06T02:25:12.146+0000] {processor.py:830} INFO - Processing file /home/airflow/.local/lib/python3.8/site-packages/airflow/example_dags/example_time_delta_sensor_async.py for tasks to queue
[2024-01-06T02:25:12.149+0000] {logging_mixin.py:188} INFO - [2024-01-06T02:25:12.149+0000] {dagbag.py:538} INFO - Filling up the DagBag from /home/airflow/.local/lib/python3.8/site-packages/airflow/example_dags/example_time_delta_sensor_async.py
[2024-01-06T02:25:12.155+0000] {processor.py:840} INFO - DAG(s) 'example_time_delta_sensor_async' retrieved from /home/airflow/.local/lib/python3.8/site-packages/airflow/example_dags/example_time_delta_sensor_async.py
[2024-01-06T02:25:12.174+0000] {logging_mixin.py:188} INFO - [2024-01-06T02:25:12.174+0000] {dag.py:3033} INFO - Sync 1 DAGs
[2024-01-06T02:25:12.188+0000] {logging_mixin.py:188} INFO - [2024-01-06T02:25:12.188+0000] {dag.py:3820} INFO - Setting next_dagrun for example_time_delta_sensor_async to None, run_after=None
[2024-01-06T02:25:12.211+0000] {processor.py:183} INFO - Processing /home/airflow/.local/lib/python3.8/site-packages/airflow/example_dags/example_time_delta_sensor_async.py took 0.073 seconds
[2024-01-06T02:25:42.329+0000] {processor.py:161} INFO - Started process (PID=40636) to work on /home/airflow/.local/lib/python3.8/site-packages/airflow/example_dags/example_time_delta_sensor_async.py
[2024-01-06T02:25:42.332+0000] {processor.py:830} INFO - Processing file /home/airflow/.local/lib/python3.8/site-packages/airflow/example_dags/example_time_delta_sensor_async.py for tasks to queue
[2024-01-06T02:25:42.336+0000] {logging_mixin.py:188} INFO - [2024-01-06T02:25:42.336+0000] {dagbag.py:538} INFO - Filling up the DagBag from /home/airflow/.local/lib/python3.8/site-packages/airflow/example_dags/example_time_delta_sensor_async.py
[2024-01-06T02:25:42.342+0000] {processor.py:840} INFO - DAG(s) 'example_time_delta_sensor_async' retrieved from /home/airflow/.local/lib/python3.8/site-packages/airflow/example_dags/example_time_delta_sensor_async.py
[2024-01-06T02:25:42.360+0000] {logging_mixin.py:188} INFO - [2024-01-06T02:25:42.360+0000] {dag.py:3033} INFO - Sync 1 DAGs
[2024-01-06T02:25:42.369+0000] {logging_mixin.py:188} INFO - [2024-01-06T02:25:42.369+0000] {dag.py:3820} INFO - Setting next_dagrun for example_time_delta_sensor_async to None, run_after=None
[2024-01-06T02:25:42.382+0000] {processor.py:183} INFO - Processing /home/airflow/.local/lib/python3.8/site-packages/airflow/example_dags/example_time_delta_sensor_async.py took 0.058 seconds
[2024-01-06T02:26:13.088+0000] {processor.py:161} INFO - Started process (PID=40694) to work on /home/airflow/.local/lib/python3.8/site-packages/airflow/example_dags/example_time_delta_sensor_async.py
[2024-01-06T02:26:13.090+0000] {processor.py:830} INFO - Processing file /home/airflow/.local/lib/python3.8/site-packages/airflow/example_dags/example_time_delta_sensor_async.py for tasks to queue
[2024-01-06T02:26:13.093+0000] {logging_mixin.py:188} INFO - [2024-01-06T02:26:13.093+0000] {dagbag.py:538} INFO - Filling up the DagBag from /home/airflow/.local/lib/python3.8/site-packages/airflow/example_dags/example_time_delta_sensor_async.py
[2024-01-06T02:26:13.097+0000] {processor.py:840} INFO - DAG(s) 'example_time_delta_sensor_async' retrieved from /home/airflow/.local/lib/python3.8/site-packages/airflow/example_dags/example_time_delta_sensor_async.py
[2024-01-06T02:26:13.113+0000] {logging_mixin.py:188} INFO - [2024-01-06T02:26:13.113+0000] {dag.py:3033} INFO - Sync 1 DAGs
[2024-01-06T02:26:13.121+0000] {logging_mixin.py:188} INFO - [2024-01-06T02:26:13.121+0000] {dag.py:3820} INFO - Setting next_dagrun for example_time_delta_sensor_async to None, run_after=None
[2024-01-06T02:26:13.132+0000] {processor.py:183} INFO - Processing /home/airflow/.local/lib/python3.8/site-packages/airflow/example_dags/example_time_delta_sensor_async.py took 0.047 seconds
[2024-01-06T02:26:43.644+0000] {processor.py:161} INFO - Started process (PID=40752) to work on /home/airflow/.local/lib/python3.8/site-packages/airflow/example_dags/example_time_delta_sensor_async.py
[2024-01-06T02:26:43.646+0000] {processor.py:830} INFO - Processing file /home/airflow/.local/lib/python3.8/site-packages/airflow/example_dags/example_time_delta_sensor_async.py for tasks to queue
[2024-01-06T02:26:43.649+0000] {logging_mixin.py:188} INFO - [2024-01-06T02:26:43.649+0000] {dagbag.py:538} INFO - Filling up the DagBag from /home/airflow/.local/lib/python3.8/site-packages/airflow/example_dags/example_time_delta_sensor_async.py
[2024-01-06T02:26:43.654+0000] {processor.py:840} INFO - DAG(s) 'example_time_delta_sensor_async' retrieved from /home/airflow/.local/lib/python3.8/site-packages/airflow/example_dags/example_time_delta_sensor_async.py
[2024-01-06T02:26:43.671+0000] {logging_mixin.py:188} INFO - [2024-01-06T02:26:43.670+0000] {dag.py:3033} INFO - Sync 1 DAGs
[2024-01-06T02:26:43.679+0000] {logging_mixin.py:188} INFO - [2024-01-06T02:26:43.679+0000] {dag.py:3820} INFO - Setting next_dagrun for example_time_delta_sensor_async to None, run_after=None
[2024-01-06T02:26:43.691+0000] {processor.py:183} INFO - Processing /home/airflow/.local/lib/python3.8/site-packages/airflow/example_dags/example_time_delta_sensor_async.py took 0.051 seconds
[2024-01-06T02:27:14.644+0000] {processor.py:161} INFO - Started process (PID=40810) to work on /home/airflow/.local/lib/python3.8/site-packages/airflow/example_dags/example_time_delta_sensor_async.py
[2024-01-06T02:27:14.649+0000] {processor.py:830} INFO - Processing file /home/airflow/.local/lib/python3.8/site-packages/airflow/example_dags/example_time_delta_sensor_async.py for tasks to queue
[2024-01-06T02:27:14.655+0000] {logging_mixin.py:188} INFO - [2024-01-06T02:27:14.654+0000] {dagbag.py:538} INFO - Filling up the DagBag from /home/airflow/.local/lib/python3.8/site-packages/airflow/example_dags/example_time_delta_sensor_async.py
[2024-01-06T02:27:14.666+0000] {processor.py:840} INFO - DAG(s) 'example_time_delta_sensor_async' retrieved from /home/airflow/.local/lib/python3.8/site-packages/airflow/example_dags/example_time_delta_sensor_async.py
[2024-01-06T02:27:14.693+0000] {logging_mixin.py:188} INFO - [2024-01-06T02:27:14.693+0000] {dag.py:3033} INFO - Sync 1 DAGs
[2024-01-06T02:27:14.701+0000] {logging_mixin.py:188} INFO - [2024-01-06T02:27:14.701+0000] {dag.py:3820} INFO - Setting next_dagrun for example_time_delta_sensor_async to None, run_after=None
[2024-01-06T02:27:14.715+0000] {processor.py:183} INFO - Processing /home/airflow/.local/lib/python3.8/site-packages/airflow/example_dags/example_time_delta_sensor_async.py took 0.080 seconds
[2024-01-06T02:27:45.373+0000] {processor.py:161} INFO - Started process (PID=40868) to work on /home/airflow/.local/lib/python3.8/site-packages/airflow/example_dags/example_time_delta_sensor_async.py
[2024-01-06T02:27:45.375+0000] {processor.py:830} INFO - Processing file /home/airflow/.local/lib/python3.8/site-packages/airflow/example_dags/example_time_delta_sensor_async.py for tasks to queue
[2024-01-06T02:27:45.379+0000] {logging_mixin.py:188} INFO - [2024-01-06T02:27:45.378+0000] {dagbag.py:538} INFO - Filling up the DagBag from /home/airflow/.local/lib/python3.8/site-packages/airflow/example_dags/example_time_delta_sensor_async.py
[2024-01-06T02:27:45.384+0000] {processor.py:840} INFO - DAG(s) 'example_time_delta_sensor_async' retrieved from /home/airflow/.local/lib/python3.8/site-packages/airflow/example_dags/example_time_delta_sensor_async.py
[2024-01-06T02:27:45.401+0000] {logging_mixin.py:188} INFO - [2024-01-06T02:27:45.401+0000] {dag.py:3033} INFO - Sync 1 DAGs
[2024-01-06T02:27:45.409+0000] {logging_mixin.py:188} INFO - [2024-01-06T02:27:45.409+0000] {dag.py:3820} INFO - Setting next_dagrun for example_time_delta_sensor_async to None, run_after=None
[2024-01-06T02:27:45.422+0000] {processor.py:183} INFO - Processing /home/airflow/.local/lib/python3.8/site-packages/airflow/example_dags/example_time_delta_sensor_async.py took 0.054 seconds
[2024-01-06T02:28:15.893+0000] {processor.py:161} INFO - Started process (PID=40926) to work on /home/airflow/.local/lib/python3.8/site-packages/airflow/example_dags/example_time_delta_sensor_async.py
[2024-01-06T02:28:15.894+0000] {processor.py:830} INFO - Processing file /home/airflow/.local/lib/python3.8/site-packages/airflow/example_dags/example_time_delta_sensor_async.py for tasks to queue
[2024-01-06T02:28:15.897+0000] {logging_mixin.py:188} INFO - [2024-01-06T02:28:15.896+0000] {dagbag.py:538} INFO - Filling up the DagBag from /home/airflow/.local/lib/python3.8/site-packages/airflow/example_dags/example_time_delta_sensor_async.py
[2024-01-06T02:28:15.901+0000] {processor.py:840} INFO - DAG(s) 'example_time_delta_sensor_async' retrieved from /home/airflow/.local/lib/python3.8/site-packages/airflow/example_dags/example_time_delta_sensor_async.py
[2024-01-06T02:28:15.917+0000] {logging_mixin.py:188} INFO - [2024-01-06T02:28:15.917+0000] {dag.py:3033} INFO - Sync 1 DAGs
[2024-01-06T02:28:15.926+0000] {logging_mixin.py:188} INFO - [2024-01-06T02:28:15.926+0000] {dag.py:3820} INFO - Setting next_dagrun for example_time_delta_sensor_async to None, run_after=None
[2024-01-06T02:28:15.938+0000] {processor.py:183} INFO - Processing /home/airflow/.local/lib/python3.8/site-packages/airflow/example_dags/example_time_delta_sensor_async.py took 0.047 seconds
[2024-01-06T02:28:46.528+0000] {processor.py:161} INFO - Started process (PID=40984) to work on /home/airflow/.local/lib/python3.8/site-packages/airflow/example_dags/example_time_delta_sensor_async.py
[2024-01-06T02:28:46.532+0000] {processor.py:830} INFO - Processing file /home/airflow/.local/lib/python3.8/site-packages/airflow/example_dags/example_time_delta_sensor_async.py for tasks to queue
[2024-01-06T02:28:46.537+0000] {logging_mixin.py:188} INFO - [2024-01-06T02:28:46.537+0000] {dagbag.py:538} INFO - Filling up the DagBag from /home/airflow/.local/lib/python3.8/site-packages/airflow/example_dags/example_time_delta_sensor_async.py
[2024-01-06T02:28:46.543+0000] {processor.py:840} INFO - DAG(s) 'example_time_delta_sensor_async' retrieved from /home/airflow/.local/lib/python3.8/site-packages/airflow/example_dags/example_time_delta_sensor_async.py
[2024-01-06T02:28:46.562+0000] {logging_mixin.py:188} INFO - [2024-01-06T02:28:46.561+0000] {dag.py:3033} INFO - Sync 1 DAGs
[2024-01-06T02:28:46.570+0000] {logging_mixin.py:188} INFO - [2024-01-06T02:28:46.570+0000] {dag.py:3820} INFO - Setting next_dagrun for example_time_delta_sensor_async to None, run_after=None
[2024-01-06T02:28:46.582+0000] {processor.py:183} INFO - Processing /home/airflow/.local/lib/python3.8/site-packages/airflow/example_dags/example_time_delta_sensor_async.py took 0.060 seconds
[2024-01-06T02:29:17.178+0000] {processor.py:161} INFO - Started process (PID=41042) to work on /home/airflow/.local/lib/python3.8/site-packages/airflow/example_dags/example_time_delta_sensor_async.py
[2024-01-06T02:29:17.181+0000] {processor.py:830} INFO - Processing file /home/airflow/.local/lib/python3.8/site-packages/airflow/example_dags/example_time_delta_sensor_async.py for tasks to queue
[2024-01-06T02:29:17.184+0000] {logging_mixin.py:188} INFO - [2024-01-06T02:29:17.184+0000] {dagbag.py:538} INFO - Filling up the DagBag from /home/airflow/.local/lib/python3.8/site-packages/airflow/example_dags/example_time_delta_sensor_async.py
[2024-01-06T02:29:17.188+0000] {processor.py:840} INFO - DAG(s) 'example_time_delta_sensor_async' retrieved from /home/airflow/.local/lib/python3.8/site-packages/airflow/example_dags/example_time_delta_sensor_async.py
[2024-01-06T02:29:17.206+0000] {logging_mixin.py:188} INFO - [2024-01-06T02:29:17.206+0000] {dag.py:3033} INFO - Sync 1 DAGs
[2024-01-06T02:29:17.214+0000] {logging_mixin.py:188} INFO - [2024-01-06T02:29:17.214+0000] {dag.py:3820} INFO - Setting next_dagrun for example_time_delta_sensor_async to None, run_after=None
[2024-01-06T02:29:17.227+0000] {processor.py:183} INFO - Processing /home/airflow/.local/lib/python3.8/site-packages/airflow/example_dags/example_time_delta_sensor_async.py took 0.052 seconds
[2024-01-06T02:29:47.711+0000] {processor.py:161} INFO - Started process (PID=41100) to work on /home/airflow/.local/lib/python3.8/site-packages/airflow/example_dags/example_time_delta_sensor_async.py
[2024-01-06T02:29:47.714+0000] {processor.py:830} INFO - Processing file /home/airflow/.local/lib/python3.8/site-packages/airflow/example_dags/example_time_delta_sensor_async.py for tasks to queue
[2024-01-06T02:29:47.718+0000] {logging_mixin.py:188} INFO - [2024-01-06T02:29:47.718+0000] {dagbag.py:538} INFO - Filling up the DagBag from /home/airflow/.local/lib/python3.8/site-packages/airflow/example_dags/example_time_delta_sensor_async.py
[2024-01-06T02:29:47.730+0000] {processor.py:840} INFO - DAG(s) 'example_time_delta_sensor_async' retrieved from /home/airflow/.local/lib/python3.8/site-packages/airflow/example_dags/example_time_delta_sensor_async.py
[2024-01-06T02:29:47.762+0000] {logging_mixin.py:188} INFO - [2024-01-06T02:29:47.761+0000] {dag.py:3033} INFO - Sync 1 DAGs
[2024-01-06T02:29:47.774+0000] {logging_mixin.py:188} INFO - [2024-01-06T02:29:47.774+0000] {dag.py:3820} INFO - Setting next_dagrun for example_time_delta_sensor_async to None, run_after=None
[2024-01-06T02:29:47.792+0000] {processor.py:183} INFO - Processing /home/airflow/.local/lib/python3.8/site-packages/airflow/example_dags/example_time_delta_sensor_async.py took 0.089 seconds
[2024-01-06T02:30:18.468+0000] {processor.py:161} INFO - Started process (PID=41159) to work on /home/airflow/.local/lib/python3.8/site-packages/airflow/example_dags/example_time_delta_sensor_async.py
[2024-01-06T02:30:18.471+0000] {processor.py:830} INFO - Processing file /home/airflow/.local/lib/python3.8/site-packages/airflow/example_dags/example_time_delta_sensor_async.py for tasks to queue
[2024-01-06T02:30:18.475+0000] {logging_mixin.py:188} INFO - [2024-01-06T02:30:18.474+0000] {dagbag.py:538} INFO - Filling up the DagBag from /home/airflow/.local/lib/python3.8/site-packages/airflow/example_dags/example_time_delta_sensor_async.py
[2024-01-06T02:30:18.484+0000] {processor.py:840} INFO - DAG(s) 'example_time_delta_sensor_async' retrieved from /home/airflow/.local/lib/python3.8/site-packages/airflow/example_dags/example_time_delta_sensor_async.py
[2024-01-06T02:30:18.502+0000] {logging_mixin.py:188} INFO - [2024-01-06T02:30:18.502+0000] {dag.py:3033} INFO - Sync 1 DAGs
[2024-01-06T02:30:18.511+0000] {logging_mixin.py:188} INFO - [2024-01-06T02:30:18.511+0000] {dag.py:3820} INFO - Setting next_dagrun for example_time_delta_sensor_async to None, run_after=None
[2024-01-06T02:30:18.523+0000] {processor.py:183} INFO - Processing /home/airflow/.local/lib/python3.8/site-packages/airflow/example_dags/example_time_delta_sensor_async.py took 0.061 seconds
[2024-01-06T02:30:49.053+0000] {processor.py:161} INFO - Started process (PID=41217) to work on /home/airflow/.local/lib/python3.8/site-packages/airflow/example_dags/example_time_delta_sensor_async.py
[2024-01-06T02:30:49.055+0000] {processor.py:830} INFO - Processing file /home/airflow/.local/lib/python3.8/site-packages/airflow/example_dags/example_time_delta_sensor_async.py for tasks to queue
[2024-01-06T02:30:49.058+0000] {logging_mixin.py:188} INFO - [2024-01-06T02:30:49.058+0000] {dagbag.py:538} INFO - Filling up the DagBag from /home/airflow/.local/lib/python3.8/site-packages/airflow/example_dags/example_time_delta_sensor_async.py
[2024-01-06T02:30:49.063+0000] {processor.py:840} INFO - DAG(s) 'example_time_delta_sensor_async' retrieved from /home/airflow/.local/lib/python3.8/site-packages/airflow/example_dags/example_time_delta_sensor_async.py
[2024-01-06T02:30:49.079+0000] {logging_mixin.py:188} INFO - [2024-01-06T02:30:49.079+0000] {dag.py:3033} INFO - Sync 1 DAGs
[2024-01-06T02:30:49.087+0000] {logging_mixin.py:188} INFO - [2024-01-06T02:30:49.087+0000] {dag.py:3820} INFO - Setting next_dagrun for example_time_delta_sensor_async to None, run_after=None
[2024-01-06T02:30:49.100+0000] {processor.py:183} INFO - Processing /home/airflow/.local/lib/python3.8/site-packages/airflow/example_dags/example_time_delta_sensor_async.py took 0.053 seconds
[2024-01-06T02:31:19.546+0000] {processor.py:161} INFO - Started process (PID=41275) to work on /home/airflow/.local/lib/python3.8/site-packages/airflow/example_dags/example_time_delta_sensor_async.py
[2024-01-06T02:31:19.549+0000] {processor.py:830} INFO - Processing file /home/airflow/.local/lib/python3.8/site-packages/airflow/example_dags/example_time_delta_sensor_async.py for tasks to queue
[2024-01-06T02:31:19.551+0000] {logging_mixin.py:188} INFO - [2024-01-06T02:31:19.551+0000] {dagbag.py:538} INFO - Filling up the DagBag from /home/airflow/.local/lib/python3.8/site-packages/airflow/example_dags/example_time_delta_sensor_async.py
[2024-01-06T02:31:19.556+0000] {processor.py:840} INFO - DAG(s) 'example_time_delta_sensor_async' retrieved from /home/airflow/.local/lib/python3.8/site-packages/airflow/example_dags/example_time_delta_sensor_async.py
[2024-01-06T02:31:19.576+0000] {logging_mixin.py:188} INFO - [2024-01-06T02:31:19.576+0000] {dag.py:3033} INFO - Sync 1 DAGs
[2024-01-06T02:31:19.586+0000] {logging_mixin.py:188} INFO - [2024-01-06T02:31:19.586+0000] {dag.py:3820} INFO - Setting next_dagrun for example_time_delta_sensor_async to None, run_after=None
[2024-01-06T02:31:19.599+0000] {processor.py:183} INFO - Processing /home/airflow/.local/lib/python3.8/site-packages/airflow/example_dags/example_time_delta_sensor_async.py took 0.056 seconds
[2024-01-06T02:31:50.072+0000] {processor.py:161} INFO - Started process (PID=41333) to work on /home/airflow/.local/lib/python3.8/site-packages/airflow/example_dags/example_time_delta_sensor_async.py
[2024-01-06T02:31:50.074+0000] {processor.py:830} INFO - Processing file /home/airflow/.local/lib/python3.8/site-packages/airflow/example_dags/example_time_delta_sensor_async.py for tasks to queue
[2024-01-06T02:31:50.077+0000] {logging_mixin.py:188} INFO - [2024-01-06T02:31:50.077+0000] {dagbag.py:538} INFO - Filling up the DagBag from /home/airflow/.local/lib/python3.8/site-packages/airflow/example_dags/example_time_delta_sensor_async.py
[2024-01-06T02:31:50.082+0000] {processor.py:840} INFO - DAG(s) 'example_time_delta_sensor_async' retrieved from /home/airflow/.local/lib/python3.8/site-packages/airflow/example_dags/example_time_delta_sensor_async.py
[2024-01-06T02:31:50.124+0000] {logging_mixin.py:188} INFO - [2024-01-06T02:31:50.124+0000] {dag.py:3033} INFO - Sync 1 DAGs
[2024-01-06T02:31:50.143+0000] {logging_mixin.py:188} INFO - [2024-01-06T02:31:50.143+0000] {dag.py:3820} INFO - Setting next_dagrun for example_time_delta_sensor_async to None, run_after=None
[2024-01-06T02:31:50.164+0000] {processor.py:183} INFO - Processing /home/airflow/.local/lib/python3.8/site-packages/airflow/example_dags/example_time_delta_sensor_async.py took 0.095 seconds
[2024-01-06T02:32:20.387+0000] {processor.py:161} INFO - Started process (PID=41391) to work on /home/airflow/.local/lib/python3.8/site-packages/airflow/example_dags/example_time_delta_sensor_async.py
[2024-01-06T02:32:20.390+0000] {processor.py:830} INFO - Processing file /home/airflow/.local/lib/python3.8/site-packages/airflow/example_dags/example_time_delta_sensor_async.py for tasks to queue
[2024-01-06T02:32:20.395+0000] {logging_mixin.py:188} INFO - [2024-01-06T02:32:20.394+0000] {dagbag.py:538} INFO - Filling up the DagBag from /home/airflow/.local/lib/python3.8/site-packages/airflow/example_dags/example_time_delta_sensor_async.py
[2024-01-06T02:32:20.401+0000] {processor.py:840} INFO - DAG(s) 'example_time_delta_sensor_async' retrieved from /home/airflow/.local/lib/python3.8/site-packages/airflow/example_dags/example_time_delta_sensor_async.py
[2024-01-06T02:32:20.429+0000] {logging_mixin.py:188} INFO - [2024-01-06T02:32:20.429+0000] {dag.py:3033} INFO - Sync 1 DAGs
[2024-01-06T02:32:20.441+0000] {logging_mixin.py:188} INFO - [2024-01-06T02:32:20.441+0000] {dag.py:3820} INFO - Setting next_dagrun for example_time_delta_sensor_async to None, run_after=None
[2024-01-06T02:32:20.463+0000] {processor.py:183} INFO - Processing /home/airflow/.local/lib/python3.8/site-packages/airflow/example_dags/example_time_delta_sensor_async.py took 0.081 seconds
[2024-01-06T02:32:50.660+0000] {processor.py:161} INFO - Started process (PID=41449) to work on /home/airflow/.local/lib/python3.8/site-packages/airflow/example_dags/example_time_delta_sensor_async.py
[2024-01-06T02:32:50.663+0000] {processor.py:830} INFO - Processing file /home/airflow/.local/lib/python3.8/site-packages/airflow/example_dags/example_time_delta_sensor_async.py for tasks to queue
[2024-01-06T02:32:50.667+0000] {logging_mixin.py:188} INFO - [2024-01-06T02:32:50.667+0000] {dagbag.py:538} INFO - Filling up the DagBag from /home/airflow/.local/lib/python3.8/site-packages/airflow/example_dags/example_time_delta_sensor_async.py
[2024-01-06T02:32:50.673+0000] {processor.py:840} INFO - DAG(s) 'example_time_delta_sensor_async' retrieved from /home/airflow/.local/lib/python3.8/site-packages/airflow/example_dags/example_time_delta_sensor_async.py
[2024-01-06T02:32:50.698+0000] {logging_mixin.py:188} INFO - [2024-01-06T02:32:50.697+0000] {dag.py:3033} INFO - Sync 1 DAGs
[2024-01-06T02:32:50.712+0000] {logging_mixin.py:188} INFO - [2024-01-06T02:32:50.712+0000] {dag.py:3820} INFO - Setting next_dagrun for example_time_delta_sensor_async to None, run_after=None
[2024-01-06T02:32:50.730+0000] {processor.py:183} INFO - Processing /home/airflow/.local/lib/python3.8/site-packages/airflow/example_dags/example_time_delta_sensor_async.py took 0.077 seconds
[2024-01-06T02:33:25.850+0000] {processor.py:161} INFO - Started process (PID=41512) to work on /home/airflow/.local/lib/python3.8/site-packages/airflow/example_dags/example_time_delta_sensor_async.py
[2024-01-06T02:33:25.867+0000] {processor.py:830} INFO - Processing file /home/airflow/.local/lib/python3.8/site-packages/airflow/example_dags/example_time_delta_sensor_async.py for tasks to queue
[2024-01-06T02:33:25.885+0000] {logging_mixin.py:188} INFO - [2024-01-06T02:33:25.885+0000] {dagbag.py:538} INFO - Filling up the DagBag from /home/airflow/.local/lib/python3.8/site-packages/airflow/example_dags/example_time_delta_sensor_async.py
[2024-01-06T02:33:25.971+0000] {processor.py:840} INFO - DAG(s) 'example_time_delta_sensor_async' retrieved from /home/airflow/.local/lib/python3.8/site-packages/airflow/example_dags/example_time_delta_sensor_async.py
[2024-01-06T02:33:26.457+0000] {logging_mixin.py:188} INFO - [2024-01-06T02:33:26.456+0000] {dag.py:3033} INFO - Sync 1 DAGs
[2024-01-06T02:33:26.569+0000] {logging_mixin.py:188} INFO - [2024-01-06T02:33:26.569+0000] {dag.py:3820} INFO - Setting next_dagrun for example_time_delta_sensor_async to None, run_after=None
[2024-01-06T02:33:26.772+0000] {processor.py:183} INFO - Processing /home/airflow/.local/lib/python3.8/site-packages/airflow/example_dags/example_time_delta_sensor_async.py took 0.956 seconds
[2024-01-06T02:33:59.757+0000] {processor.py:161} INFO - Started process (PID=41570) to work on /home/airflow/.local/lib/python3.8/site-packages/airflow/example_dags/example_time_delta_sensor_async.py
[2024-01-06T02:33:59.758+0000] {processor.py:830} INFO - Processing file /home/airflow/.local/lib/python3.8/site-packages/airflow/example_dags/example_time_delta_sensor_async.py for tasks to queue
[2024-01-06T02:33:59.760+0000] {logging_mixin.py:188} INFO - [2024-01-06T02:33:59.760+0000] {dagbag.py:538} INFO - Filling up the DagBag from /home/airflow/.local/lib/python3.8/site-packages/airflow/example_dags/example_time_delta_sensor_async.py
[2024-01-06T02:33:59.765+0000] {processor.py:840} INFO - DAG(s) 'example_time_delta_sensor_async' retrieved from /home/airflow/.local/lib/python3.8/site-packages/airflow/example_dags/example_time_delta_sensor_async.py
[2024-01-06T02:33:59.791+0000] {logging_mixin.py:188} INFO - [2024-01-06T02:33:59.791+0000] {dag.py:3033} INFO - Sync 1 DAGs
[2024-01-06T02:33:59.800+0000] {logging_mixin.py:188} INFO - [2024-01-06T02:33:59.800+0000] {dag.py:3820} INFO - Setting next_dagrun for example_time_delta_sensor_async to None, run_after=None
[2024-01-06T02:33:59.815+0000] {processor.py:183} INFO - Processing /home/airflow/.local/lib/python3.8/site-packages/airflow/example_dags/example_time_delta_sensor_async.py took 0.062 seconds
[2024-01-06T02:34:30.864+0000] {processor.py:161} INFO - Started process (PID=41628) to work on /home/airflow/.local/lib/python3.8/site-packages/airflow/example_dags/example_time_delta_sensor_async.py
[2024-01-06T02:34:30.866+0000] {processor.py:830} INFO - Processing file /home/airflow/.local/lib/python3.8/site-packages/airflow/example_dags/example_time_delta_sensor_async.py for tasks to queue
[2024-01-06T02:34:30.869+0000] {logging_mixin.py:188} INFO - [2024-01-06T02:34:30.869+0000] {dagbag.py:538} INFO - Filling up the DagBag from /home/airflow/.local/lib/python3.8/site-packages/airflow/example_dags/example_time_delta_sensor_async.py
[2024-01-06T02:34:30.873+0000] {processor.py:840} INFO - DAG(s) 'example_time_delta_sensor_async' retrieved from /home/airflow/.local/lib/python3.8/site-packages/airflow/example_dags/example_time_delta_sensor_async.py
[2024-01-06T02:34:30.892+0000] {logging_mixin.py:188} INFO - [2024-01-06T02:34:30.892+0000] {dag.py:3033} INFO - Sync 1 DAGs
[2024-01-06T02:34:30.901+0000] {logging_mixin.py:188} INFO - [2024-01-06T02:34:30.901+0000] {dag.py:3820} INFO - Setting next_dagrun for example_time_delta_sensor_async to None, run_after=None
[2024-01-06T02:34:30.914+0000] {processor.py:183} INFO - Processing /home/airflow/.local/lib/python3.8/site-packages/airflow/example_dags/example_time_delta_sensor_async.py took 0.053 seconds
[2024-01-06T02:35:02.041+0000] {processor.py:161} INFO - Started process (PID=41685) to work on /home/airflow/.local/lib/python3.8/site-packages/airflow/example_dags/example_time_delta_sensor_async.py
[2024-01-06T02:35:02.044+0000] {processor.py:830} INFO - Processing file /home/airflow/.local/lib/python3.8/site-packages/airflow/example_dags/example_time_delta_sensor_async.py for tasks to queue
[2024-01-06T02:35:02.047+0000] {logging_mixin.py:188} INFO - [2024-01-06T02:35:02.046+0000] {dagbag.py:538} INFO - Filling up the DagBag from /home/airflow/.local/lib/python3.8/site-packages/airflow/example_dags/example_time_delta_sensor_async.py
[2024-01-06T02:35:02.054+0000] {processor.py:840} INFO - DAG(s) 'example_time_delta_sensor_async' retrieved from /home/airflow/.local/lib/python3.8/site-packages/airflow/example_dags/example_time_delta_sensor_async.py
[2024-01-06T02:35:02.080+0000] {logging_mixin.py:188} INFO - [2024-01-06T02:35:02.080+0000] {dag.py:3033} INFO - Sync 1 DAGs
[2024-01-06T02:35:02.095+0000] {logging_mixin.py:188} INFO - [2024-01-06T02:35:02.094+0000] {dag.py:3820} INFO - Setting next_dagrun for example_time_delta_sensor_async to None, run_after=None
[2024-01-06T02:35:02.114+0000] {processor.py:183} INFO - Processing /home/airflow/.local/lib/python3.8/site-packages/airflow/example_dags/example_time_delta_sensor_async.py took 0.075 seconds
[2024-01-06T02:35:32.465+0000] {processor.py:161} INFO - Started process (PID=41743) to work on /home/airflow/.local/lib/python3.8/site-packages/airflow/example_dags/example_time_delta_sensor_async.py
[2024-01-06T02:35:32.466+0000] {processor.py:830} INFO - Processing file /home/airflow/.local/lib/python3.8/site-packages/airflow/example_dags/example_time_delta_sensor_async.py for tasks to queue
[2024-01-06T02:35:32.468+0000] {logging_mixin.py:188} INFO - [2024-01-06T02:35:32.468+0000] {dagbag.py:538} INFO - Filling up the DagBag from /home/airflow/.local/lib/python3.8/site-packages/airflow/example_dags/example_time_delta_sensor_async.py
[2024-01-06T02:35:32.475+0000] {processor.py:840} INFO - DAG(s) 'example_time_delta_sensor_async' retrieved from /home/airflow/.local/lib/python3.8/site-packages/airflow/example_dags/example_time_delta_sensor_async.py
[2024-01-06T02:35:32.494+0000] {logging_mixin.py:188} INFO - [2024-01-06T02:35:32.494+0000] {dag.py:3033} INFO - Sync 1 DAGs
[2024-01-06T02:35:32.502+0000] {logging_mixin.py:188} INFO - [2024-01-06T02:35:32.502+0000] {dag.py:3820} INFO - Setting next_dagrun for example_time_delta_sensor_async to None, run_after=None
[2024-01-06T02:35:32.515+0000] {processor.py:183} INFO - Processing /home/airflow/.local/lib/python3.8/site-packages/airflow/example_dags/example_time_delta_sensor_async.py took 0.053 seconds
[2024-01-06T02:36:02.804+0000] {processor.py:161} INFO - Started process (PID=41801) to work on /home/airflow/.local/lib/python3.8/site-packages/airflow/example_dags/example_time_delta_sensor_async.py
[2024-01-06T02:36:02.807+0000] {processor.py:830} INFO - Processing file /home/airflow/.local/lib/python3.8/site-packages/airflow/example_dags/example_time_delta_sensor_async.py for tasks to queue
[2024-01-06T02:36:02.809+0000] {logging_mixin.py:188} INFO - [2024-01-06T02:36:02.809+0000] {dagbag.py:538} INFO - Filling up the DagBag from /home/airflow/.local/lib/python3.8/site-packages/airflow/example_dags/example_time_delta_sensor_async.py
[2024-01-06T02:36:02.813+0000] {processor.py:840} INFO - DAG(s) 'example_time_delta_sensor_async' retrieved from /home/airflow/.local/lib/python3.8/site-packages/airflow/example_dags/example_time_delta_sensor_async.py
[2024-01-06T02:36:02.829+0000] {logging_mixin.py:188} INFO - [2024-01-06T02:36:02.829+0000] {dag.py:3033} INFO - Sync 1 DAGs
[2024-01-06T02:36:02.839+0000] {logging_mixin.py:188} INFO - [2024-01-06T02:36:02.839+0000] {dag.py:3820} INFO - Setting next_dagrun for example_time_delta_sensor_async to None, run_after=None
[2024-01-06T02:36:02.852+0000] {processor.py:183} INFO - Processing /home/airflow/.local/lib/python3.8/site-packages/airflow/example_dags/example_time_delta_sensor_async.py took 0.051 seconds
[2024-01-06T02:36:33.156+0000] {processor.py:161} INFO - Started process (PID=41859) to work on /home/airflow/.local/lib/python3.8/site-packages/airflow/example_dags/example_time_delta_sensor_async.py
[2024-01-06T02:36:33.158+0000] {processor.py:830} INFO - Processing file /home/airflow/.local/lib/python3.8/site-packages/airflow/example_dags/example_time_delta_sensor_async.py for tasks to queue
[2024-01-06T02:36:33.160+0000] {logging_mixin.py:188} INFO - [2024-01-06T02:36:33.160+0000] {dagbag.py:538} INFO - Filling up the DagBag from /home/airflow/.local/lib/python3.8/site-packages/airflow/example_dags/example_time_delta_sensor_async.py
[2024-01-06T02:36:33.166+0000] {processor.py:840} INFO - DAG(s) 'example_time_delta_sensor_async' retrieved from /home/airflow/.local/lib/python3.8/site-packages/airflow/example_dags/example_time_delta_sensor_async.py
[2024-01-06T02:36:33.189+0000] {logging_mixin.py:188} INFO - [2024-01-06T02:36:33.188+0000] {dag.py:3033} INFO - Sync 1 DAGs
[2024-01-06T02:36:33.198+0000] {logging_mixin.py:188} INFO - [2024-01-06T02:36:33.198+0000] {dag.py:3820} INFO - Setting next_dagrun for example_time_delta_sensor_async to None, run_after=None
[2024-01-06T02:36:33.215+0000] {processor.py:183} INFO - Processing /home/airflow/.local/lib/python3.8/site-packages/airflow/example_dags/example_time_delta_sensor_async.py took 0.062 seconds
[2024-01-06T02:37:03.618+0000] {processor.py:161} INFO - Started process (PID=41917) to work on /home/airflow/.local/lib/python3.8/site-packages/airflow/example_dags/example_time_delta_sensor_async.py
[2024-01-06T02:37:03.619+0000] {processor.py:830} INFO - Processing file /home/airflow/.local/lib/python3.8/site-packages/airflow/example_dags/example_time_delta_sensor_async.py for tasks to queue
[2024-01-06T02:37:03.622+0000] {logging_mixin.py:188} INFO - [2024-01-06T02:37:03.622+0000] {dagbag.py:538} INFO - Filling up the DagBag from /home/airflow/.local/lib/python3.8/site-packages/airflow/example_dags/example_time_delta_sensor_async.py
[2024-01-06T02:37:03.627+0000] {processor.py:840} INFO - DAG(s) 'example_time_delta_sensor_async' retrieved from /home/airflow/.local/lib/python3.8/site-packages/airflow/example_dags/example_time_delta_sensor_async.py
[2024-01-06T02:37:03.645+0000] {logging_mixin.py:188} INFO - [2024-01-06T02:37:03.645+0000] {dag.py:3033} INFO - Sync 1 DAGs
[2024-01-06T02:37:03.654+0000] {logging_mixin.py:188} INFO - [2024-01-06T02:37:03.654+0000] {dag.py:3820} INFO - Setting next_dagrun for example_time_delta_sensor_async to None, run_after=None
[2024-01-06T02:37:03.667+0000] {processor.py:183} INFO - Processing /home/airflow/.local/lib/python3.8/site-packages/airflow/example_dags/example_time_delta_sensor_async.py took 0.053 seconds
[2024-01-06T02:37:34.158+0000] {processor.py:161} INFO - Started process (PID=41972) to work on /home/airflow/.local/lib/python3.8/site-packages/airflow/example_dags/example_time_delta_sensor_async.py
[2024-01-06T02:37:34.160+0000] {processor.py:830} INFO - Processing file /home/airflow/.local/lib/python3.8/site-packages/airflow/example_dags/example_time_delta_sensor_async.py for tasks to queue
[2024-01-06T02:37:34.162+0000] {logging_mixin.py:188} INFO - [2024-01-06T02:37:34.162+0000] {dagbag.py:538} INFO - Filling up the DagBag from /home/airflow/.local/lib/python3.8/site-packages/airflow/example_dags/example_time_delta_sensor_async.py
[2024-01-06T02:37:34.168+0000] {processor.py:840} INFO - DAG(s) 'example_time_delta_sensor_async' retrieved from /home/airflow/.local/lib/python3.8/site-packages/airflow/example_dags/example_time_delta_sensor_async.py
[2024-01-06T02:37:34.184+0000] {logging_mixin.py:188} INFO - [2024-01-06T02:37:34.183+0000] {dag.py:3033} INFO - Sync 1 DAGs
[2024-01-06T02:37:34.192+0000] {logging_mixin.py:188} INFO - [2024-01-06T02:37:34.192+0000] {dag.py:3820} INFO - Setting next_dagrun for example_time_delta_sensor_async to None, run_after=None
[2024-01-06T02:37:34.206+0000] {processor.py:183} INFO - Processing /home/airflow/.local/lib/python3.8/site-packages/airflow/example_dags/example_time_delta_sensor_async.py took 0.049 seconds
[2024-01-06T02:38:04.553+0000] {processor.py:161} INFO - Started process (PID=42030) to work on /home/airflow/.local/lib/python3.8/site-packages/airflow/example_dags/example_time_delta_sensor_async.py
[2024-01-06T02:38:04.556+0000] {processor.py:830} INFO - Processing file /home/airflow/.local/lib/python3.8/site-packages/airflow/example_dags/example_time_delta_sensor_async.py for tasks to queue
[2024-01-06T02:38:04.558+0000] {logging_mixin.py:188} INFO - [2024-01-06T02:38:04.558+0000] {dagbag.py:538} INFO - Filling up the DagBag from /home/airflow/.local/lib/python3.8/site-packages/airflow/example_dags/example_time_delta_sensor_async.py
[2024-01-06T02:38:04.562+0000] {processor.py:840} INFO - DAG(s) 'example_time_delta_sensor_async' retrieved from /home/airflow/.local/lib/python3.8/site-packages/airflow/example_dags/example_time_delta_sensor_async.py
[2024-01-06T02:38:04.576+0000] {logging_mixin.py:188} INFO - [2024-01-06T02:38:04.576+0000] {dag.py:3033} INFO - Sync 1 DAGs
[2024-01-06T02:38:04.586+0000] {logging_mixin.py:188} INFO - [2024-01-06T02:38:04.586+0000] {dag.py:3820} INFO - Setting next_dagrun for example_time_delta_sensor_async to None, run_after=None
[2024-01-06T02:38:04.600+0000] {processor.py:183} INFO - Processing /home/airflow/.local/lib/python3.8/site-packages/airflow/example_dags/example_time_delta_sensor_async.py took 0.049 seconds
[2024-01-06T02:38:34.842+0000] {processor.py:161} INFO - Started process (PID=42088) to work on /home/airflow/.local/lib/python3.8/site-packages/airflow/example_dags/example_time_delta_sensor_async.py
[2024-01-06T02:38:34.844+0000] {processor.py:830} INFO - Processing file /home/airflow/.local/lib/python3.8/site-packages/airflow/example_dags/example_time_delta_sensor_async.py for tasks to queue
[2024-01-06T02:38:34.847+0000] {logging_mixin.py:188} INFO - [2024-01-06T02:38:34.846+0000] {dagbag.py:538} INFO - Filling up the DagBag from /home/airflow/.local/lib/python3.8/site-packages/airflow/example_dags/example_time_delta_sensor_async.py
[2024-01-06T02:38:34.850+0000] {processor.py:840} INFO - DAG(s) 'example_time_delta_sensor_async' retrieved from /home/airflow/.local/lib/python3.8/site-packages/airflow/example_dags/example_time_delta_sensor_async.py
[2024-01-06T02:38:34.865+0000] {logging_mixin.py:188} INFO - [2024-01-06T02:38:34.864+0000] {dag.py:3033} INFO - Sync 1 DAGs
[2024-01-06T02:38:34.873+0000] {logging_mixin.py:188} INFO - [2024-01-06T02:38:34.873+0000] {dag.py:3820} INFO - Setting next_dagrun for example_time_delta_sensor_async to None, run_after=None
[2024-01-06T02:38:34.884+0000] {processor.py:183} INFO - Processing /home/airflow/.local/lib/python3.8/site-packages/airflow/example_dags/example_time_delta_sensor_async.py took 0.045 seconds
[2024-01-06T02:39:05.315+0000] {processor.py:161} INFO - Started process (PID=42145) to work on /home/airflow/.local/lib/python3.8/site-packages/airflow/example_dags/example_time_delta_sensor_async.py
[2024-01-06T02:39:05.317+0000] {processor.py:830} INFO - Processing file /home/airflow/.local/lib/python3.8/site-packages/airflow/example_dags/example_time_delta_sensor_async.py for tasks to queue
[2024-01-06T02:39:05.319+0000] {logging_mixin.py:188} INFO - [2024-01-06T02:39:05.319+0000] {dagbag.py:538} INFO - Filling up the DagBag from /home/airflow/.local/lib/python3.8/site-packages/airflow/example_dags/example_time_delta_sensor_async.py
[2024-01-06T02:39:05.323+0000] {processor.py:840} INFO - DAG(s) 'example_time_delta_sensor_async' retrieved from /home/airflow/.local/lib/python3.8/site-packages/airflow/example_dags/example_time_delta_sensor_async.py
[2024-01-06T02:39:05.338+0000] {logging_mixin.py:188} INFO - [2024-01-06T02:39:05.338+0000] {dag.py:3033} INFO - Sync 1 DAGs
[2024-01-06T02:39:05.349+0000] {logging_mixin.py:188} INFO - [2024-01-06T02:39:05.349+0000] {dag.py:3820} INFO - Setting next_dagrun for example_time_delta_sensor_async to None, run_after=None
[2024-01-06T02:39:05.360+0000] {processor.py:183} INFO - Processing /home/airflow/.local/lib/python3.8/site-packages/airflow/example_dags/example_time_delta_sensor_async.py took 0.048 seconds
[2024-01-06T02:39:36.122+0000] {processor.py:161} INFO - Started process (PID=42202) to work on /home/airflow/.local/lib/python3.8/site-packages/airflow/example_dags/example_time_delta_sensor_async.py
[2024-01-06T02:39:36.124+0000] {processor.py:830} INFO - Processing file /home/airflow/.local/lib/python3.8/site-packages/airflow/example_dags/example_time_delta_sensor_async.py for tasks to queue
[2024-01-06T02:39:36.126+0000] {logging_mixin.py:188} INFO - [2024-01-06T02:39:36.126+0000] {dagbag.py:538} INFO - Filling up the DagBag from /home/airflow/.local/lib/python3.8/site-packages/airflow/example_dags/example_time_delta_sensor_async.py
[2024-01-06T02:39:36.131+0000] {processor.py:840} INFO - DAG(s) 'example_time_delta_sensor_async' retrieved from /home/airflow/.local/lib/python3.8/site-packages/airflow/example_dags/example_time_delta_sensor_async.py
[2024-01-06T02:39:36.147+0000] {logging_mixin.py:188} INFO - [2024-01-06T02:39:36.147+0000] {dag.py:3033} INFO - Sync 1 DAGs
[2024-01-06T02:39:36.157+0000] {logging_mixin.py:188} INFO - [2024-01-06T02:39:36.157+0000] {dag.py:3820} INFO - Setting next_dagrun for example_time_delta_sensor_async to None, run_after=None
[2024-01-06T02:39:36.169+0000] {processor.py:183} INFO - Processing /home/airflow/.local/lib/python3.8/site-packages/airflow/example_dags/example_time_delta_sensor_async.py took 0.049 seconds
[2024-01-06T02:40:06.401+0000] {processor.py:161} INFO - Started process (PID=42261) to work on /home/airflow/.local/lib/python3.8/site-packages/airflow/example_dags/example_time_delta_sensor_async.py
[2024-01-06T02:40:06.403+0000] {processor.py:830} INFO - Processing file /home/airflow/.local/lib/python3.8/site-packages/airflow/example_dags/example_time_delta_sensor_async.py for tasks to queue
[2024-01-06T02:40:06.405+0000] {logging_mixin.py:188} INFO - [2024-01-06T02:40:06.405+0000] {dagbag.py:538} INFO - Filling up the DagBag from /home/airflow/.local/lib/python3.8/site-packages/airflow/example_dags/example_time_delta_sensor_async.py
[2024-01-06T02:40:06.409+0000] {processor.py:840} INFO - DAG(s) 'example_time_delta_sensor_async' retrieved from /home/airflow/.local/lib/python3.8/site-packages/airflow/example_dags/example_time_delta_sensor_async.py
[2024-01-06T02:40:06.423+0000] {logging_mixin.py:188} INFO - [2024-01-06T02:40:06.423+0000] {dag.py:3033} INFO - Sync 1 DAGs
[2024-01-06T02:40:06.433+0000] {logging_mixin.py:188} INFO - [2024-01-06T02:40:06.433+0000] {dag.py:3820} INFO - Setting next_dagrun for example_time_delta_sensor_async to None, run_after=None
[2024-01-06T02:40:06.446+0000] {processor.py:183} INFO - Processing /home/airflow/.local/lib/python3.8/site-packages/airflow/example_dags/example_time_delta_sensor_async.py took 0.048 seconds
[2024-01-06T02:40:37.056+0000] {processor.py:161} INFO - Started process (PID=42320) to work on /home/airflow/.local/lib/python3.8/site-packages/airflow/example_dags/example_time_delta_sensor_async.py
[2024-01-06T02:40:37.059+0000] {processor.py:830} INFO - Processing file /home/airflow/.local/lib/python3.8/site-packages/airflow/example_dags/example_time_delta_sensor_async.py for tasks to queue
[2024-01-06T02:40:37.062+0000] {logging_mixin.py:188} INFO - [2024-01-06T02:40:37.062+0000] {dagbag.py:538} INFO - Filling up the DagBag from /home/airflow/.local/lib/python3.8/site-packages/airflow/example_dags/example_time_delta_sensor_async.py
[2024-01-06T02:40:37.069+0000] {processor.py:840} INFO - DAG(s) 'example_time_delta_sensor_async' retrieved from /home/airflow/.local/lib/python3.8/site-packages/airflow/example_dags/example_time_delta_sensor_async.py
[2024-01-06T02:40:37.094+0000] {logging_mixin.py:188} INFO - [2024-01-06T02:40:37.094+0000] {dag.py:3033} INFO - Sync 1 DAGs
[2024-01-06T02:40:37.108+0000] {logging_mixin.py:188} INFO - [2024-01-06T02:40:37.108+0000] {dag.py:3820} INFO - Setting next_dagrun for example_time_delta_sensor_async to None, run_after=None
[2024-01-06T02:40:37.140+0000] {processor.py:183} INFO - Processing /home/airflow/.local/lib/python3.8/site-packages/airflow/example_dags/example_time_delta_sensor_async.py took 0.088 seconds
[2024-01-06T02:41:07.783+0000] {processor.py:161} INFO - Started process (PID=42378) to work on /home/airflow/.local/lib/python3.8/site-packages/airflow/example_dags/example_time_delta_sensor_async.py
[2024-01-06T02:41:07.786+0000] {processor.py:830} INFO - Processing file /home/airflow/.local/lib/python3.8/site-packages/airflow/example_dags/example_time_delta_sensor_async.py for tasks to queue
[2024-01-06T02:41:07.788+0000] {logging_mixin.py:188} INFO - [2024-01-06T02:41:07.788+0000] {dagbag.py:538} INFO - Filling up the DagBag from /home/airflow/.local/lib/python3.8/site-packages/airflow/example_dags/example_time_delta_sensor_async.py
[2024-01-06T02:41:07.793+0000] {processor.py:840} INFO - DAG(s) 'example_time_delta_sensor_async' retrieved from /home/airflow/.local/lib/python3.8/site-packages/airflow/example_dags/example_time_delta_sensor_async.py
[2024-01-06T02:41:07.809+0000] {logging_mixin.py:188} INFO - [2024-01-06T02:41:07.808+0000] {dag.py:3033} INFO - Sync 1 DAGs
[2024-01-06T02:41:07.819+0000] {logging_mixin.py:188} INFO - [2024-01-06T02:41:07.818+0000] {dag.py:3820} INFO - Setting next_dagrun for example_time_delta_sensor_async to None, run_after=None
[2024-01-06T02:41:07.834+0000] {processor.py:183} INFO - Processing /home/airflow/.local/lib/python3.8/site-packages/airflow/example_dags/example_time_delta_sensor_async.py took 0.054 seconds
[2024-01-06T02:41:38.707+0000] {processor.py:161} INFO - Started process (PID=42436) to work on /home/airflow/.local/lib/python3.8/site-packages/airflow/example_dags/example_time_delta_sensor_async.py
[2024-01-06T02:41:38.709+0000] {processor.py:830} INFO - Processing file /home/airflow/.local/lib/python3.8/site-packages/airflow/example_dags/example_time_delta_sensor_async.py for tasks to queue
[2024-01-06T02:41:38.711+0000] {logging_mixin.py:188} INFO - [2024-01-06T02:41:38.711+0000] {dagbag.py:538} INFO - Filling up the DagBag from /home/airflow/.local/lib/python3.8/site-packages/airflow/example_dags/example_time_delta_sensor_async.py
[2024-01-06T02:41:38.715+0000] {processor.py:840} INFO - DAG(s) 'example_time_delta_sensor_async' retrieved from /home/airflow/.local/lib/python3.8/site-packages/airflow/example_dags/example_time_delta_sensor_async.py
[2024-01-06T02:41:38.734+0000] {logging_mixin.py:188} INFO - [2024-01-06T02:41:38.734+0000] {dag.py:3033} INFO - Sync 1 DAGs
[2024-01-06T02:41:38.747+0000] {logging_mixin.py:188} INFO - [2024-01-06T02:41:38.747+0000] {dag.py:3820} INFO - Setting next_dagrun for example_time_delta_sensor_async to None, run_after=None
[2024-01-06T02:41:38.764+0000] {processor.py:183} INFO - Processing /home/airflow/.local/lib/python3.8/site-packages/airflow/example_dags/example_time_delta_sensor_async.py took 0.060 seconds
[2024-01-06T02:42:09.838+0000] {processor.py:161} INFO - Started process (PID=42493) to work on /home/airflow/.local/lib/python3.8/site-packages/airflow/example_dags/example_time_delta_sensor_async.py
[2024-01-06T02:42:09.839+0000] {processor.py:830} INFO - Processing file /home/airflow/.local/lib/python3.8/site-packages/airflow/example_dags/example_time_delta_sensor_async.py for tasks to queue
[2024-01-06T02:42:09.841+0000] {logging_mixin.py:188} INFO - [2024-01-06T02:42:09.841+0000] {dagbag.py:538} INFO - Filling up the DagBag from /home/airflow/.local/lib/python3.8/site-packages/airflow/example_dags/example_time_delta_sensor_async.py
[2024-01-06T02:42:09.845+0000] {processor.py:840} INFO - DAG(s) 'example_time_delta_sensor_async' retrieved from /home/airflow/.local/lib/python3.8/site-packages/airflow/example_dags/example_time_delta_sensor_async.py
[2024-01-06T02:42:09.860+0000] {logging_mixin.py:188} INFO - [2024-01-06T02:42:09.860+0000] {dag.py:3033} INFO - Sync 1 DAGs
[2024-01-06T02:42:09.869+0000] {logging_mixin.py:188} INFO - [2024-01-06T02:42:09.868+0000] {dag.py:3820} INFO - Setting next_dagrun for example_time_delta_sensor_async to None, run_after=None
[2024-01-06T02:42:09.882+0000] {processor.py:183} INFO - Processing /home/airflow/.local/lib/python3.8/site-packages/airflow/example_dags/example_time_delta_sensor_async.py took 0.046 seconds
[2024-01-06T02:42:40.035+0000] {processor.py:161} INFO - Started process (PID=42551) to work on /home/airflow/.local/lib/python3.8/site-packages/airflow/example_dags/example_time_delta_sensor_async.py
[2024-01-06T02:42:40.036+0000] {processor.py:830} INFO - Processing file /home/airflow/.local/lib/python3.8/site-packages/airflow/example_dags/example_time_delta_sensor_async.py for tasks to queue
[2024-01-06T02:42:40.039+0000] {logging_mixin.py:188} INFO - [2024-01-06T02:42:40.038+0000] {dagbag.py:538} INFO - Filling up the DagBag from /home/airflow/.local/lib/python3.8/site-packages/airflow/example_dags/example_time_delta_sensor_async.py
[2024-01-06T02:42:40.042+0000] {processor.py:840} INFO - DAG(s) 'example_time_delta_sensor_async' retrieved from /home/airflow/.local/lib/python3.8/site-packages/airflow/example_dags/example_time_delta_sensor_async.py
[2024-01-06T02:42:40.058+0000] {logging_mixin.py:188} INFO - [2024-01-06T02:42:40.058+0000] {dag.py:3033} INFO - Sync 1 DAGs
[2024-01-06T02:42:40.066+0000] {logging_mixin.py:188} INFO - [2024-01-06T02:42:40.066+0000] {dag.py:3820} INFO - Setting next_dagrun for example_time_delta_sensor_async to None, run_after=None
[2024-01-06T02:42:40.079+0000] {processor.py:183} INFO - Processing /home/airflow/.local/lib/python3.8/site-packages/airflow/example_dags/example_time_delta_sensor_async.py took 0.046 seconds
[2024-01-06T02:43:10.350+0000] {processor.py:161} INFO - Started process (PID=42609) to work on /home/airflow/.local/lib/python3.8/site-packages/airflow/example_dags/example_time_delta_sensor_async.py
[2024-01-06T02:43:10.352+0000] {processor.py:830} INFO - Processing file /home/airflow/.local/lib/python3.8/site-packages/airflow/example_dags/example_time_delta_sensor_async.py for tasks to queue
[2024-01-06T02:43:10.354+0000] {logging_mixin.py:188} INFO - [2024-01-06T02:43:10.354+0000] {dagbag.py:538} INFO - Filling up the DagBag from /home/airflow/.local/lib/python3.8/site-packages/airflow/example_dags/example_time_delta_sensor_async.py
[2024-01-06T02:43:10.358+0000] {processor.py:840} INFO - DAG(s) 'example_time_delta_sensor_async' retrieved from /home/airflow/.local/lib/python3.8/site-packages/airflow/example_dags/example_time_delta_sensor_async.py
[2024-01-06T02:43:10.374+0000] {logging_mixin.py:188} INFO - [2024-01-06T02:43:10.374+0000] {dag.py:3033} INFO - Sync 1 DAGs
[2024-01-06T02:43:10.382+0000] {logging_mixin.py:188} INFO - [2024-01-06T02:43:10.382+0000] {dag.py:3820} INFO - Setting next_dagrun for example_time_delta_sensor_async to None, run_after=None
[2024-01-06T02:43:10.394+0000] {processor.py:183} INFO - Processing /home/airflow/.local/lib/python3.8/site-packages/airflow/example_dags/example_time_delta_sensor_async.py took 0.046 seconds
[2024-01-06T02:43:40.458+0000] {processor.py:161} INFO - Started process (PID=42666) to work on /home/airflow/.local/lib/python3.8/site-packages/airflow/example_dags/example_time_delta_sensor_async.py
[2024-01-06T02:43:40.459+0000] {processor.py:830} INFO - Processing file /home/airflow/.local/lib/python3.8/site-packages/airflow/example_dags/example_time_delta_sensor_async.py for tasks to queue
[2024-01-06T02:43:40.461+0000] {logging_mixin.py:188} INFO - [2024-01-06T02:43:40.461+0000] {dagbag.py:538} INFO - Filling up the DagBag from /home/airflow/.local/lib/python3.8/site-packages/airflow/example_dags/example_time_delta_sensor_async.py
[2024-01-06T02:43:40.465+0000] {processor.py:840} INFO - DAG(s) 'example_time_delta_sensor_async' retrieved from /home/airflow/.local/lib/python3.8/site-packages/airflow/example_dags/example_time_delta_sensor_async.py
[2024-01-06T02:43:40.478+0000] {logging_mixin.py:188} INFO - [2024-01-06T02:43:40.478+0000] {dag.py:3033} INFO - Sync 1 DAGs
[2024-01-06T02:43:40.486+0000] {logging_mixin.py:188} INFO - [2024-01-06T02:43:40.486+0000] {dag.py:3820} INFO - Setting next_dagrun for example_time_delta_sensor_async to None, run_after=None
[2024-01-06T02:43:40.497+0000] {processor.py:183} INFO - Processing /home/airflow/.local/lib/python3.8/site-packages/airflow/example_dags/example_time_delta_sensor_async.py took 0.041 seconds
[2024-01-06T02:44:10.785+0000] {processor.py:161} INFO - Started process (PID=42724) to work on /home/airflow/.local/lib/python3.8/site-packages/airflow/example_dags/example_time_delta_sensor_async.py
[2024-01-06T02:44:10.786+0000] {processor.py:830} INFO - Processing file /home/airflow/.local/lib/python3.8/site-packages/airflow/example_dags/example_time_delta_sensor_async.py for tasks to queue
[2024-01-06T02:44:10.789+0000] {logging_mixin.py:188} INFO - [2024-01-06T02:44:10.788+0000] {dagbag.py:538} INFO - Filling up the DagBag from /home/airflow/.local/lib/python3.8/site-packages/airflow/example_dags/example_time_delta_sensor_async.py
[2024-01-06T02:44:10.792+0000] {processor.py:840} INFO - DAG(s) 'example_time_delta_sensor_async' retrieved from /home/airflow/.local/lib/python3.8/site-packages/airflow/example_dags/example_time_delta_sensor_async.py
[2024-01-06T02:44:10.807+0000] {logging_mixin.py:188} INFO - [2024-01-06T02:44:10.807+0000] {dag.py:3033} INFO - Sync 1 DAGs
[2024-01-06T02:44:10.815+0000] {logging_mixin.py:188} INFO - [2024-01-06T02:44:10.815+0000] {dag.py:3820} INFO - Setting next_dagrun for example_time_delta_sensor_async to None, run_after=None
[2024-01-06T02:44:10.826+0000] {processor.py:183} INFO - Processing /home/airflow/.local/lib/python3.8/site-packages/airflow/example_dags/example_time_delta_sensor_async.py took 0.044 seconds
[2024-01-06T02:44:40.974+0000] {processor.py:161} INFO - Started process (PID=42782) to work on /home/airflow/.local/lib/python3.8/site-packages/airflow/example_dags/example_time_delta_sensor_async.py
[2024-01-06T02:44:40.975+0000] {processor.py:830} INFO - Processing file /home/airflow/.local/lib/python3.8/site-packages/airflow/example_dags/example_time_delta_sensor_async.py for tasks to queue
[2024-01-06T02:44:40.977+0000] {logging_mixin.py:188} INFO - [2024-01-06T02:44:40.977+0000] {dagbag.py:538} INFO - Filling up the DagBag from /home/airflow/.local/lib/python3.8/site-packages/airflow/example_dags/example_time_delta_sensor_async.py
[2024-01-06T02:44:40.982+0000] {processor.py:840} INFO - DAG(s) 'example_time_delta_sensor_async' retrieved from /home/airflow/.local/lib/python3.8/site-packages/airflow/example_dags/example_time_delta_sensor_async.py
[2024-01-06T02:44:40.998+0000] {logging_mixin.py:188} INFO - [2024-01-06T02:44:40.998+0000] {dag.py:3033} INFO - Sync 1 DAGs
[2024-01-06T02:44:41.008+0000] {logging_mixin.py:188} INFO - [2024-01-06T02:44:41.008+0000] {dag.py:3820} INFO - Setting next_dagrun for example_time_delta_sensor_async to None, run_after=None
[2024-01-06T02:44:41.024+0000] {processor.py:183} INFO - Processing /home/airflow/.local/lib/python3.8/site-packages/airflow/example_dags/example_time_delta_sensor_async.py took 0.053 seconds
[2024-01-06T02:45:11.205+0000] {processor.py:161} INFO - Started process (PID=42840) to work on /home/airflow/.local/lib/python3.8/site-packages/airflow/example_dags/example_time_delta_sensor_async.py
[2024-01-06T02:45:11.207+0000] {processor.py:830} INFO - Processing file /home/airflow/.local/lib/python3.8/site-packages/airflow/example_dags/example_time_delta_sensor_async.py for tasks to queue
[2024-01-06T02:45:11.209+0000] {logging_mixin.py:188} INFO - [2024-01-06T02:45:11.209+0000] {dagbag.py:538} INFO - Filling up the DagBag from /home/airflow/.local/lib/python3.8/site-packages/airflow/example_dags/example_time_delta_sensor_async.py
[2024-01-06T02:45:11.213+0000] {processor.py:840} INFO - DAG(s) 'example_time_delta_sensor_async' retrieved from /home/airflow/.local/lib/python3.8/site-packages/airflow/example_dags/example_time_delta_sensor_async.py
[2024-01-06T02:45:11.228+0000] {logging_mixin.py:188} INFO - [2024-01-06T02:45:11.228+0000] {dag.py:3033} INFO - Sync 1 DAGs
[2024-01-06T02:45:11.236+0000] {logging_mixin.py:188} INFO - [2024-01-06T02:45:11.236+0000] {dag.py:3820} INFO - Setting next_dagrun for example_time_delta_sensor_async to None, run_after=None
[2024-01-06T02:45:11.250+0000] {processor.py:183} INFO - Processing /home/airflow/.local/lib/python3.8/site-packages/airflow/example_dags/example_time_delta_sensor_async.py took 0.047 seconds
[2024-01-06T02:45:41.591+0000] {processor.py:161} INFO - Started process (PID=42898) to work on /home/airflow/.local/lib/python3.8/site-packages/airflow/example_dags/example_time_delta_sensor_async.py
[2024-01-06T02:45:41.592+0000] {processor.py:830} INFO - Processing file /home/airflow/.local/lib/python3.8/site-packages/airflow/example_dags/example_time_delta_sensor_async.py for tasks to queue
[2024-01-06T02:45:41.594+0000] {logging_mixin.py:188} INFO - [2024-01-06T02:45:41.594+0000] {dagbag.py:538} INFO - Filling up the DagBag from /home/airflow/.local/lib/python3.8/site-packages/airflow/example_dags/example_time_delta_sensor_async.py
[2024-01-06T02:45:41.598+0000] {processor.py:840} INFO - DAG(s) 'example_time_delta_sensor_async' retrieved from /home/airflow/.local/lib/python3.8/site-packages/airflow/example_dags/example_time_delta_sensor_async.py
[2024-01-06T02:45:41.612+0000] {logging_mixin.py:188} INFO - [2024-01-06T02:45:41.612+0000] {dag.py:3033} INFO - Sync 1 DAGs
[2024-01-06T02:45:41.621+0000] {logging_mixin.py:188} INFO - [2024-01-06T02:45:41.621+0000] {dag.py:3820} INFO - Setting next_dagrun for example_time_delta_sensor_async to None, run_after=None
[2024-01-06T02:45:41.636+0000] {processor.py:183} INFO - Processing /home/airflow/.local/lib/python3.8/site-packages/airflow/example_dags/example_time_delta_sensor_async.py took 0.048 seconds
[2024-01-06T02:46:11.717+0000] {processor.py:161} INFO - Started process (PID=42956) to work on /home/airflow/.local/lib/python3.8/site-packages/airflow/example_dags/example_time_delta_sensor_async.py
[2024-01-06T02:46:11.719+0000] {processor.py:830} INFO - Processing file /home/airflow/.local/lib/python3.8/site-packages/airflow/example_dags/example_time_delta_sensor_async.py for tasks to queue
[2024-01-06T02:46:11.721+0000] {logging_mixin.py:188} INFO - [2024-01-06T02:46:11.721+0000] {dagbag.py:538} INFO - Filling up the DagBag from /home/airflow/.local/lib/python3.8/site-packages/airflow/example_dags/example_time_delta_sensor_async.py
[2024-01-06T02:46:11.725+0000] {processor.py:840} INFO - DAG(s) 'example_time_delta_sensor_async' retrieved from /home/airflow/.local/lib/python3.8/site-packages/airflow/example_dags/example_time_delta_sensor_async.py
[2024-01-06T02:46:11.737+0000] {logging_mixin.py:188} INFO - [2024-01-06T02:46:11.737+0000] {dag.py:3033} INFO - Sync 1 DAGs
[2024-01-06T02:46:11.745+0000] {logging_mixin.py:188} INFO - [2024-01-06T02:46:11.745+0000] {dag.py:3820} INFO - Setting next_dagrun for example_time_delta_sensor_async to None, run_after=None
[2024-01-06T02:46:11.757+0000] {processor.py:183} INFO - Processing /home/airflow/.local/lib/python3.8/site-packages/airflow/example_dags/example_time_delta_sensor_async.py took 0.042 seconds
[2024-01-06T02:46:42.310+0000] {processor.py:161} INFO - Started process (PID=43014) to work on /home/airflow/.local/lib/python3.8/site-packages/airflow/example_dags/example_time_delta_sensor_async.py
[2024-01-06T02:46:42.312+0000] {processor.py:830} INFO - Processing file /home/airflow/.local/lib/python3.8/site-packages/airflow/example_dags/example_time_delta_sensor_async.py for tasks to queue
[2024-01-06T02:46:42.314+0000] {logging_mixin.py:188} INFO - [2024-01-06T02:46:42.313+0000] {dagbag.py:538} INFO - Filling up the DagBag from /home/airflow/.local/lib/python3.8/site-packages/airflow/example_dags/example_time_delta_sensor_async.py
[2024-01-06T02:46:42.317+0000] {processor.py:840} INFO - DAG(s) 'example_time_delta_sensor_async' retrieved from /home/airflow/.local/lib/python3.8/site-packages/airflow/example_dags/example_time_delta_sensor_async.py
[2024-01-06T02:46:42.331+0000] {logging_mixin.py:188} INFO - [2024-01-06T02:46:42.331+0000] {dag.py:3033} INFO - Sync 1 DAGs
[2024-01-06T02:46:42.339+0000] {logging_mixin.py:188} INFO - [2024-01-06T02:46:42.339+0000] {dag.py:3820} INFO - Setting next_dagrun for example_time_delta_sensor_async to None, run_after=None
[2024-01-06T02:46:42.350+0000] {processor.py:183} INFO - Processing /home/airflow/.local/lib/python3.8/site-packages/airflow/example_dags/example_time_delta_sensor_async.py took 0.042 seconds
[2024-01-06T02:47:12.535+0000] {processor.py:161} INFO - Started process (PID=43072) to work on /home/airflow/.local/lib/python3.8/site-packages/airflow/example_dags/example_time_delta_sensor_async.py
[2024-01-06T02:47:12.536+0000] {processor.py:830} INFO - Processing file /home/airflow/.local/lib/python3.8/site-packages/airflow/example_dags/example_time_delta_sensor_async.py for tasks to queue
[2024-01-06T02:47:12.539+0000] {logging_mixin.py:188} INFO - [2024-01-06T02:47:12.539+0000] {dagbag.py:538} INFO - Filling up the DagBag from /home/airflow/.local/lib/python3.8/site-packages/airflow/example_dags/example_time_delta_sensor_async.py
[2024-01-06T02:47:12.545+0000] {processor.py:840} INFO - DAG(s) 'example_time_delta_sensor_async' retrieved from /home/airflow/.local/lib/python3.8/site-packages/airflow/example_dags/example_time_delta_sensor_async.py
[2024-01-06T02:47:12.560+0000] {logging_mixin.py:188} INFO - [2024-01-06T02:47:12.560+0000] {dag.py:3033} INFO - Sync 1 DAGs
[2024-01-06T02:47:12.568+0000] {logging_mixin.py:188} INFO - [2024-01-06T02:47:12.567+0000] {dag.py:3820} INFO - Setting next_dagrun for example_time_delta_sensor_async to None, run_after=None
[2024-01-06T02:47:12.580+0000] {processor.py:183} INFO - Processing /home/airflow/.local/lib/python3.8/site-packages/airflow/example_dags/example_time_delta_sensor_async.py took 0.049 seconds
[2024-01-06T02:47:43.159+0000] {processor.py:161} INFO - Started process (PID=43130) to work on /home/airflow/.local/lib/python3.8/site-packages/airflow/example_dags/example_time_delta_sensor_async.py
[2024-01-06T02:47:43.161+0000] {processor.py:830} INFO - Processing file /home/airflow/.local/lib/python3.8/site-packages/airflow/example_dags/example_time_delta_sensor_async.py for tasks to queue
[2024-01-06T02:47:43.163+0000] {logging_mixin.py:188} INFO - [2024-01-06T02:47:43.163+0000] {dagbag.py:538} INFO - Filling up the DagBag from /home/airflow/.local/lib/python3.8/site-packages/airflow/example_dags/example_time_delta_sensor_async.py
[2024-01-06T02:47:43.166+0000] {processor.py:840} INFO - DAG(s) 'example_time_delta_sensor_async' retrieved from /home/airflow/.local/lib/python3.8/site-packages/airflow/example_dags/example_time_delta_sensor_async.py
[2024-01-06T02:47:43.180+0000] {logging_mixin.py:188} INFO - [2024-01-06T02:47:43.180+0000] {dag.py:3033} INFO - Sync 1 DAGs
[2024-01-06T02:47:43.188+0000] {logging_mixin.py:188} INFO - [2024-01-06T02:47:43.188+0000] {dag.py:3820} INFO - Setting next_dagrun for example_time_delta_sensor_async to None, run_after=None
[2024-01-06T02:47:43.200+0000] {processor.py:183} INFO - Processing /home/airflow/.local/lib/python3.8/site-packages/airflow/example_dags/example_time_delta_sensor_async.py took 0.043 seconds
[2024-01-06T02:48:13.587+0000] {processor.py:161} INFO - Started process (PID=43188) to work on /home/airflow/.local/lib/python3.8/site-packages/airflow/example_dags/example_time_delta_sensor_async.py
[2024-01-06T02:48:13.589+0000] {processor.py:830} INFO - Processing file /home/airflow/.local/lib/python3.8/site-packages/airflow/example_dags/example_time_delta_sensor_async.py for tasks to queue
[2024-01-06T02:48:13.591+0000] {logging_mixin.py:188} INFO - [2024-01-06T02:48:13.591+0000] {dagbag.py:538} INFO - Filling up the DagBag from /home/airflow/.local/lib/python3.8/site-packages/airflow/example_dags/example_time_delta_sensor_async.py
[2024-01-06T02:48:13.594+0000] {processor.py:840} INFO - DAG(s) 'example_time_delta_sensor_async' retrieved from /home/airflow/.local/lib/python3.8/site-packages/airflow/example_dags/example_time_delta_sensor_async.py
[2024-01-06T02:48:13.609+0000] {logging_mixin.py:188} INFO - [2024-01-06T02:48:13.609+0000] {dag.py:3033} INFO - Sync 1 DAGs
[2024-01-06T02:48:13.620+0000] {logging_mixin.py:188} INFO - [2024-01-06T02:48:13.620+0000] {dag.py:3820} INFO - Setting next_dagrun for example_time_delta_sensor_async to None, run_after=None
[2024-01-06T02:48:13.633+0000] {processor.py:183} INFO - Processing /home/airflow/.local/lib/python3.8/site-packages/airflow/example_dags/example_time_delta_sensor_async.py took 0.049 seconds
[2024-01-06T02:48:44.618+0000] {processor.py:161} INFO - Started process (PID=43246) to work on /home/airflow/.local/lib/python3.8/site-packages/airflow/example_dags/example_time_delta_sensor_async.py
[2024-01-06T02:48:44.620+0000] {processor.py:830} INFO - Processing file /home/airflow/.local/lib/python3.8/site-packages/airflow/example_dags/example_time_delta_sensor_async.py for tasks to queue
[2024-01-06T02:48:44.622+0000] {logging_mixin.py:188} INFO - [2024-01-06T02:48:44.622+0000] {dagbag.py:538} INFO - Filling up the DagBag from /home/airflow/.local/lib/python3.8/site-packages/airflow/example_dags/example_time_delta_sensor_async.py
[2024-01-06T02:48:44.626+0000] {processor.py:840} INFO - DAG(s) 'example_time_delta_sensor_async' retrieved from /home/airflow/.local/lib/python3.8/site-packages/airflow/example_dags/example_time_delta_sensor_async.py
[2024-01-06T02:48:44.640+0000] {logging_mixin.py:188} INFO - [2024-01-06T02:48:44.640+0000] {dag.py:3033} INFO - Sync 1 DAGs
[2024-01-06T02:48:44.647+0000] {logging_mixin.py:188} INFO - [2024-01-06T02:48:44.647+0000] {dag.py:3820} INFO - Setting next_dagrun for example_time_delta_sensor_async to None, run_after=None
[2024-01-06T02:48:44.660+0000] {processor.py:183} INFO - Processing /home/airflow/.local/lib/python3.8/site-packages/airflow/example_dags/example_time_delta_sensor_async.py took 0.044 seconds
[2024-01-06T02:49:25.346+0000] {processor.py:161} INFO - Started process (PID=43304) to work on /home/airflow/.local/lib/python3.8/site-packages/airflow/example_dags/example_time_delta_sensor_async.py
[2024-01-06T02:49:25.350+0000] {processor.py:830} INFO - Processing file /home/airflow/.local/lib/python3.8/site-packages/airflow/example_dags/example_time_delta_sensor_async.py for tasks to queue
[2024-01-06T02:49:25.354+0000] {logging_mixin.py:188} INFO - [2024-01-06T02:49:25.354+0000] {dagbag.py:538} INFO - Filling up the DagBag from /home/airflow/.local/lib/python3.8/site-packages/airflow/example_dags/example_time_delta_sensor_async.py
[2024-01-06T02:49:25.362+0000] {processor.py:840} INFO - DAG(s) 'example_time_delta_sensor_async' retrieved from /home/airflow/.local/lib/python3.8/site-packages/airflow/example_dags/example_time_delta_sensor_async.py
[2024-01-06T02:49:25.394+0000] {logging_mixin.py:188} INFO - [2024-01-06T02:49:25.393+0000] {dag.py:3033} INFO - Sync 1 DAGs
[2024-01-06T02:49:25.413+0000] {logging_mixin.py:188} INFO - [2024-01-06T02:49:25.413+0000] {dag.py:3820} INFO - Setting next_dagrun for example_time_delta_sensor_async to None, run_after=None
[2024-01-06T02:49:25.434+0000] {processor.py:183} INFO - Processing /home/airflow/.local/lib/python3.8/site-packages/airflow/example_dags/example_time_delta_sensor_async.py took 0.094 seconds
[2024-01-06T02:49:56.769+0000] {processor.py:161} INFO - Started process (PID=43367) to work on /home/airflow/.local/lib/python3.8/site-packages/airflow/example_dags/example_time_delta_sensor_async.py
[2024-01-06T02:49:56.770+0000] {processor.py:830} INFO - Processing file /home/airflow/.local/lib/python3.8/site-packages/airflow/example_dags/example_time_delta_sensor_async.py for tasks to queue
[2024-01-06T02:49:56.773+0000] {logging_mixin.py:188} INFO - [2024-01-06T02:49:56.772+0000] {dagbag.py:538} INFO - Filling up the DagBag from /home/airflow/.local/lib/python3.8/site-packages/airflow/example_dags/example_time_delta_sensor_async.py
[2024-01-06T02:49:56.777+0000] {processor.py:840} INFO - DAG(s) 'example_time_delta_sensor_async' retrieved from /home/airflow/.local/lib/python3.8/site-packages/airflow/example_dags/example_time_delta_sensor_async.py
[2024-01-06T02:49:56.792+0000] {logging_mixin.py:188} INFO - [2024-01-06T02:49:56.791+0000] {dag.py:3033} INFO - Sync 1 DAGs
[2024-01-06T02:49:56.801+0000] {logging_mixin.py:188} INFO - [2024-01-06T02:49:56.800+0000] {dag.py:3820} INFO - Setting next_dagrun for example_time_delta_sensor_async to None, run_after=None
[2024-01-06T02:49:56.814+0000] {processor.py:183} INFO - Processing /home/airflow/.local/lib/python3.8/site-packages/airflow/example_dags/example_time_delta_sensor_async.py took 0.048 seconds
[2024-01-06T02:50:27.457+0000] {processor.py:161} INFO - Started process (PID=43420) to work on /home/airflow/.local/lib/python3.8/site-packages/airflow/example_dags/example_time_delta_sensor_async.py
[2024-01-06T02:50:27.460+0000] {processor.py:830} INFO - Processing file /home/airflow/.local/lib/python3.8/site-packages/airflow/example_dags/example_time_delta_sensor_async.py for tasks to queue
[2024-01-06T02:50:27.464+0000] {logging_mixin.py:188} INFO - [2024-01-06T02:50:27.463+0000] {dagbag.py:538} INFO - Filling up the DagBag from /home/airflow/.local/lib/python3.8/site-packages/airflow/example_dags/example_time_delta_sensor_async.py
[2024-01-06T02:50:27.469+0000] {processor.py:840} INFO - DAG(s) 'example_time_delta_sensor_async' retrieved from /home/airflow/.local/lib/python3.8/site-packages/airflow/example_dags/example_time_delta_sensor_async.py
[2024-01-06T02:50:27.505+0000] {logging_mixin.py:188} INFO - [2024-01-06T02:50:27.504+0000] {dag.py:3033} INFO - Sync 1 DAGs
[2024-01-06T02:50:27.525+0000] {logging_mixin.py:188} INFO - [2024-01-06T02:50:27.525+0000] {dag.py:3820} INFO - Setting next_dagrun for example_time_delta_sensor_async to None, run_after=None
[2024-01-06T02:50:27.547+0000] {processor.py:183} INFO - Processing /home/airflow/.local/lib/python3.8/site-packages/airflow/example_dags/example_time_delta_sensor_async.py took 0.094 seconds
[2024-01-06T02:50:57.618+0000] {processor.py:161} INFO - Started process (PID=43477) to work on /home/airflow/.local/lib/python3.8/site-packages/airflow/example_dags/example_time_delta_sensor_async.py
[2024-01-06T02:50:57.620+0000] {processor.py:830} INFO - Processing file /home/airflow/.local/lib/python3.8/site-packages/airflow/example_dags/example_time_delta_sensor_async.py for tasks to queue
[2024-01-06T02:50:57.622+0000] {logging_mixin.py:188} INFO - [2024-01-06T02:50:57.622+0000] {dagbag.py:538} INFO - Filling up the DagBag from /home/airflow/.local/lib/python3.8/site-packages/airflow/example_dags/example_time_delta_sensor_async.py
[2024-01-06T02:50:57.626+0000] {processor.py:840} INFO - DAG(s) 'example_time_delta_sensor_async' retrieved from /home/airflow/.local/lib/python3.8/site-packages/airflow/example_dags/example_time_delta_sensor_async.py
[2024-01-06T02:50:57.643+0000] {logging_mixin.py:188} INFO - [2024-01-06T02:50:57.642+0000] {dag.py:3033} INFO - Sync 1 DAGs
[2024-01-06T02:50:57.651+0000] {logging_mixin.py:188} INFO - [2024-01-06T02:50:57.650+0000] {dag.py:3820} INFO - Setting next_dagrun for example_time_delta_sensor_async to None, run_after=None
[2024-01-06T02:50:57.663+0000] {processor.py:183} INFO - Processing /home/airflow/.local/lib/python3.8/site-packages/airflow/example_dags/example_time_delta_sensor_async.py took 0.047 seconds
