[2024-01-06T01:20:16.933+0000] {processor.py:161} INFO - Started process (PID=39390) to work on /home/airflow/.local/lib/python3.8/site-packages/airflow/example_dags/tutorial_objectstorage.py
[2024-01-06T01:20:16.934+0000] {processor.py:830} INFO - Processing file /home/airflow/.local/lib/python3.8/site-packages/airflow/example_dags/tutorial_objectstorage.py for tasks to queue
[2024-01-06T01:20:16.936+0000] {logging_mixin.py:188} INFO - [2024-01-06T01:20:16.936+0000] {dagbag.py:538} INFO - Filling up the DagBag from /home/airflow/.local/lib/python3.8/site-packages/airflow/example_dags/tutorial_objectstorage.py
[2024-01-06T01:20:16.941+0000] {processor.py:840} INFO - DAG(s) 'tutorial_objectstorage' retrieved from /home/airflow/.local/lib/python3.8/site-packages/airflow/example_dags/tutorial_objectstorage.py
[2024-01-06T01:20:16.956+0000] {logging_mixin.py:188} INFO - [2024-01-06T01:20:16.956+0000] {dag.py:3033} INFO - Sync 1 DAGs
[2024-01-06T01:20:16.964+0000] {logging_mixin.py:188} INFO - [2024-01-06T01:20:16.964+0000] {dag.py:3820} INFO - Setting next_dagrun for tutorial_objectstorage to None, run_after=None
[2024-01-06T01:20:16.976+0000] {processor.py:183} INFO - Processing /home/airflow/.local/lib/python3.8/site-packages/airflow/example_dags/tutorial_objectstorage.py took 0.046 seconds
[2024-01-06T01:47:36.026+0000] {processor.py:161} INFO - Started process (PID=39448) to work on /home/airflow/.local/lib/python3.8/site-packages/airflow/example_dags/tutorial_objectstorage.py
[2024-01-06T01:47:36.030+0000] {processor.py:830} INFO - Processing file /home/airflow/.local/lib/python3.8/site-packages/airflow/example_dags/tutorial_objectstorage.py for tasks to queue
[2024-01-06T01:47:36.033+0000] {logging_mixin.py:188} INFO - [2024-01-06T01:47:36.032+0000] {dagbag.py:538} INFO - Filling up the DagBag from /home/airflow/.local/lib/python3.8/site-packages/airflow/example_dags/tutorial_objectstorage.py
[2024-01-06T01:47:36.038+0000] {processor.py:840} INFO - DAG(s) 'tutorial_objectstorage' retrieved from /home/airflow/.local/lib/python3.8/site-packages/airflow/example_dags/tutorial_objectstorage.py
[2024-01-06T01:47:36.058+0000] {logging_mixin.py:188} INFO - [2024-01-06T01:47:36.058+0000] {dag.py:3033} INFO - Sync 1 DAGs
[2024-01-06T01:47:36.068+0000] {logging_mixin.py:188} INFO - [2024-01-06T01:47:36.067+0000] {dag.py:3820} INFO - Setting next_dagrun for tutorial_objectstorage to None, run_after=None
[2024-01-06T01:47:36.081+0000] {processor.py:183} INFO - Processing /home/airflow/.local/lib/python3.8/site-packages/airflow/example_dags/tutorial_objectstorage.py took 0.058 seconds
[2024-01-06T01:48:06.683+0000] {processor.py:161} INFO - Started process (PID=39506) to work on /home/airflow/.local/lib/python3.8/site-packages/airflow/example_dags/tutorial_objectstorage.py
[2024-01-06T01:48:06.685+0000] {processor.py:830} INFO - Processing file /home/airflow/.local/lib/python3.8/site-packages/airflow/example_dags/tutorial_objectstorage.py for tasks to queue
[2024-01-06T01:48:06.687+0000] {logging_mixin.py:188} INFO - [2024-01-06T01:48:06.687+0000] {dagbag.py:538} INFO - Filling up the DagBag from /home/airflow/.local/lib/python3.8/site-packages/airflow/example_dags/tutorial_objectstorage.py
[2024-01-06T01:48:06.691+0000] {processor.py:840} INFO - DAG(s) 'tutorial_objectstorage' retrieved from /home/airflow/.local/lib/python3.8/site-packages/airflow/example_dags/tutorial_objectstorage.py
[2024-01-06T01:48:06.707+0000] {logging_mixin.py:188} INFO - [2024-01-06T01:48:06.707+0000] {dag.py:3033} INFO - Sync 1 DAGs
[2024-01-06T01:48:06.716+0000] {logging_mixin.py:188} INFO - [2024-01-06T01:48:06.716+0000] {dag.py:3820} INFO - Setting next_dagrun for tutorial_objectstorage to None, run_after=None
[2024-01-06T01:48:06.731+0000] {processor.py:183} INFO - Processing /home/airflow/.local/lib/python3.8/site-packages/airflow/example_dags/tutorial_objectstorage.py took 0.050 seconds
[2024-01-06T02:05:27.964+0000] {processor.py:161} INFO - Started process (PID=39564) to work on /home/airflow/.local/lib/python3.8/site-packages/airflow/example_dags/tutorial_objectstorage.py
[2024-01-06T02:05:27.966+0000] {processor.py:830} INFO - Processing file /home/airflow/.local/lib/python3.8/site-packages/airflow/example_dags/tutorial_objectstorage.py for tasks to queue
[2024-01-06T02:05:27.968+0000] {logging_mixin.py:188} INFO - [2024-01-06T02:05:27.968+0000] {dagbag.py:538} INFO - Filling up the DagBag from /home/airflow/.local/lib/python3.8/site-packages/airflow/example_dags/tutorial_objectstorage.py
[2024-01-06T02:05:27.973+0000] {processor.py:840} INFO - DAG(s) 'tutorial_objectstorage' retrieved from /home/airflow/.local/lib/python3.8/site-packages/airflow/example_dags/tutorial_objectstorage.py
[2024-01-06T02:05:27.989+0000] {logging_mixin.py:188} INFO - [2024-01-06T02:05:27.989+0000] {dag.py:3033} INFO - Sync 1 DAGs
[2024-01-06T02:05:27.998+0000] {logging_mixin.py:188} INFO - [2024-01-06T02:05:27.998+0000] {dag.py:3820} INFO - Setting next_dagrun for tutorial_objectstorage to None, run_after=None
[2024-01-06T02:05:28.010+0000] {processor.py:183} INFO - Processing /home/airflow/.local/lib/python3.8/site-packages/airflow/example_dags/tutorial_objectstorage.py took 0.049 seconds
[2024-01-06T02:16:27.743+0000] {processor.py:161} INFO - Started process (PID=39622) to work on /home/airflow/.local/lib/python3.8/site-packages/airflow/example_dags/tutorial_objectstorage.py
[2024-01-06T02:16:27.745+0000] {processor.py:830} INFO - Processing file /home/airflow/.local/lib/python3.8/site-packages/airflow/example_dags/tutorial_objectstorage.py for tasks to queue
[2024-01-06T02:16:27.747+0000] {logging_mixin.py:188} INFO - [2024-01-06T02:16:27.747+0000] {dagbag.py:538} INFO - Filling up the DagBag from /home/airflow/.local/lib/python3.8/site-packages/airflow/example_dags/tutorial_objectstorage.py
[2024-01-06T02:16:27.752+0000] {processor.py:840} INFO - DAG(s) 'tutorial_objectstorage' retrieved from /home/airflow/.local/lib/python3.8/site-packages/airflow/example_dags/tutorial_objectstorage.py
[2024-01-06T02:16:27.766+0000] {logging_mixin.py:188} INFO - [2024-01-06T02:16:27.766+0000] {dag.py:3033} INFO - Sync 1 DAGs
[2024-01-06T02:16:27.774+0000] {logging_mixin.py:188} INFO - [2024-01-06T02:16:27.774+0000] {dag.py:3820} INFO - Setting next_dagrun for tutorial_objectstorage to None, run_after=None
[2024-01-06T02:16:27.786+0000] {processor.py:183} INFO - Processing /home/airflow/.local/lib/python3.8/site-packages/airflow/example_dags/tutorial_objectstorage.py took 0.045 seconds
[2024-01-06T02:17:13.439+0000] {processor.py:161} INFO - Started process (PID=39680) to work on /home/airflow/.local/lib/python3.8/site-packages/airflow/example_dags/tutorial_objectstorage.py
[2024-01-06T02:17:13.444+0000] {processor.py:830} INFO - Processing file /home/airflow/.local/lib/python3.8/site-packages/airflow/example_dags/tutorial_objectstorage.py for tasks to queue
[2024-01-06T02:17:13.449+0000] {logging_mixin.py:188} INFO - [2024-01-06T02:17:13.449+0000] {dagbag.py:538} INFO - Filling up the DagBag from /home/airflow/.local/lib/python3.8/site-packages/airflow/example_dags/tutorial_objectstorage.py
[2024-01-06T02:17:13.464+0000] {processor.py:840} INFO - DAG(s) 'tutorial_objectstorage' retrieved from /home/airflow/.local/lib/python3.8/site-packages/airflow/example_dags/tutorial_objectstorage.py
[2024-01-06T02:17:13.492+0000] {logging_mixin.py:188} INFO - [2024-01-06T02:17:13.492+0000] {dag.py:3033} INFO - Sync 1 DAGs
[2024-01-06T02:17:13.501+0000] {logging_mixin.py:188} INFO - [2024-01-06T02:17:13.501+0000] {dag.py:3820} INFO - Setting next_dagrun for tutorial_objectstorage to None, run_after=None
[2024-01-06T02:17:13.518+0000] {processor.py:183} INFO - Processing /home/airflow/.local/lib/python3.8/site-packages/airflow/example_dags/tutorial_objectstorage.py took 0.084 seconds
[2024-01-06T02:17:44.440+0000] {processor.py:161} INFO - Started process (PID=39738) to work on /home/airflow/.local/lib/python3.8/site-packages/airflow/example_dags/tutorial_objectstorage.py
[2024-01-06T02:17:44.441+0000] {processor.py:830} INFO - Processing file /home/airflow/.local/lib/python3.8/site-packages/airflow/example_dags/tutorial_objectstorage.py for tasks to queue
[2024-01-06T02:17:44.444+0000] {logging_mixin.py:188} INFO - [2024-01-06T02:17:44.444+0000] {dagbag.py:538} INFO - Filling up the DagBag from /home/airflow/.local/lib/python3.8/site-packages/airflow/example_dags/tutorial_objectstorage.py
[2024-01-06T02:17:44.448+0000] {processor.py:840} INFO - DAG(s) 'tutorial_objectstorage' retrieved from /home/airflow/.local/lib/python3.8/site-packages/airflow/example_dags/tutorial_objectstorage.py
[2024-01-06T02:17:44.462+0000] {logging_mixin.py:188} INFO - [2024-01-06T02:17:44.462+0000] {dag.py:3033} INFO - Sync 1 DAGs
[2024-01-06T02:17:44.470+0000] {logging_mixin.py:188} INFO - [2024-01-06T02:17:44.469+0000] {dag.py:3820} INFO - Setting next_dagrun for tutorial_objectstorage to None, run_after=None
[2024-01-06T02:17:44.480+0000] {processor.py:183} INFO - Processing /home/airflow/.local/lib/python3.8/site-packages/airflow/example_dags/tutorial_objectstorage.py took 0.043 seconds
[2024-01-06T02:18:14.843+0000] {processor.py:161} INFO - Started process (PID=39796) to work on /home/airflow/.local/lib/python3.8/site-packages/airflow/example_dags/tutorial_objectstorage.py
[2024-01-06T02:18:14.845+0000] {processor.py:830} INFO - Processing file /home/airflow/.local/lib/python3.8/site-packages/airflow/example_dags/tutorial_objectstorage.py for tasks to queue
[2024-01-06T02:18:14.850+0000] {logging_mixin.py:188} INFO - [2024-01-06T02:18:14.849+0000] {dagbag.py:538} INFO - Filling up the DagBag from /home/airflow/.local/lib/python3.8/site-packages/airflow/example_dags/tutorial_objectstorage.py
[2024-01-06T02:18:14.858+0000] {processor.py:840} INFO - DAG(s) 'tutorial_objectstorage' retrieved from /home/airflow/.local/lib/python3.8/site-packages/airflow/example_dags/tutorial_objectstorage.py
[2024-01-06T02:18:14.875+0000] {logging_mixin.py:188} INFO - [2024-01-06T02:18:14.875+0000] {dag.py:3033} INFO - Sync 1 DAGs
[2024-01-06T02:18:14.885+0000] {logging_mixin.py:188} INFO - [2024-01-06T02:18:14.885+0000] {dag.py:3820} INFO - Setting next_dagrun for tutorial_objectstorage to None, run_after=None
[2024-01-06T02:18:14.903+0000] {processor.py:183} INFO - Processing /home/airflow/.local/lib/python3.8/site-packages/airflow/example_dags/tutorial_objectstorage.py took 0.064 seconds
[2024-01-06T02:18:45.394+0000] {processor.py:161} INFO - Started process (PID=39854) to work on /home/airflow/.local/lib/python3.8/site-packages/airflow/example_dags/tutorial_objectstorage.py
[2024-01-06T02:18:45.396+0000] {processor.py:830} INFO - Processing file /home/airflow/.local/lib/python3.8/site-packages/airflow/example_dags/tutorial_objectstorage.py for tasks to queue
[2024-01-06T02:18:45.398+0000] {logging_mixin.py:188} INFO - [2024-01-06T02:18:45.398+0000] {dagbag.py:538} INFO - Filling up the DagBag from /home/airflow/.local/lib/python3.8/site-packages/airflow/example_dags/tutorial_objectstorage.py
[2024-01-06T02:18:45.407+0000] {processor.py:840} INFO - DAG(s) 'tutorial_objectstorage' retrieved from /home/airflow/.local/lib/python3.8/site-packages/airflow/example_dags/tutorial_objectstorage.py
[2024-01-06T02:18:45.423+0000] {logging_mixin.py:188} INFO - [2024-01-06T02:18:45.423+0000] {dag.py:3033} INFO - Sync 1 DAGs
[2024-01-06T02:18:45.432+0000] {logging_mixin.py:188} INFO - [2024-01-06T02:18:45.432+0000] {dag.py:3820} INFO - Setting next_dagrun for tutorial_objectstorage to None, run_after=None
[2024-01-06T02:18:45.446+0000] {processor.py:183} INFO - Processing /home/airflow/.local/lib/python3.8/site-packages/airflow/example_dags/tutorial_objectstorage.py took 0.055 seconds
[2024-01-06T02:19:16.077+0000] {processor.py:161} INFO - Started process (PID=39913) to work on /home/airflow/.local/lib/python3.8/site-packages/airflow/example_dags/tutorial_objectstorage.py
[2024-01-06T02:19:16.079+0000] {processor.py:830} INFO - Processing file /home/airflow/.local/lib/python3.8/site-packages/airflow/example_dags/tutorial_objectstorage.py for tasks to queue
[2024-01-06T02:19:16.081+0000] {logging_mixin.py:188} INFO - [2024-01-06T02:19:16.081+0000] {dagbag.py:538} INFO - Filling up the DagBag from /home/airflow/.local/lib/python3.8/site-packages/airflow/example_dags/tutorial_objectstorage.py
[2024-01-06T02:19:16.087+0000] {processor.py:840} INFO - DAG(s) 'tutorial_objectstorage' retrieved from /home/airflow/.local/lib/python3.8/site-packages/airflow/example_dags/tutorial_objectstorage.py
[2024-01-06T02:19:16.102+0000] {logging_mixin.py:188} INFO - [2024-01-06T02:19:16.102+0000] {dag.py:3033} INFO - Sync 1 DAGs
[2024-01-06T02:19:16.110+0000] {logging_mixin.py:188} INFO - [2024-01-06T02:19:16.110+0000] {dag.py:3820} INFO - Setting next_dagrun for tutorial_objectstorage to None, run_after=None
[2024-01-06T02:19:16.121+0000] {processor.py:183} INFO - Processing /home/airflow/.local/lib/python3.8/site-packages/airflow/example_dags/tutorial_objectstorage.py took 0.047 seconds
[2024-01-06T02:19:46.750+0000] {processor.py:161} INFO - Started process (PID=39971) to work on /home/airflow/.local/lib/python3.8/site-packages/airflow/example_dags/tutorial_objectstorage.py
[2024-01-06T02:19:46.752+0000] {processor.py:830} INFO - Processing file /home/airflow/.local/lib/python3.8/site-packages/airflow/example_dags/tutorial_objectstorage.py for tasks to queue
[2024-01-06T02:19:46.754+0000] {logging_mixin.py:188} INFO - [2024-01-06T02:19:46.754+0000] {dagbag.py:538} INFO - Filling up the DagBag from /home/airflow/.local/lib/python3.8/site-packages/airflow/example_dags/tutorial_objectstorage.py
[2024-01-06T02:19:46.759+0000] {processor.py:840} INFO - DAG(s) 'tutorial_objectstorage' retrieved from /home/airflow/.local/lib/python3.8/site-packages/airflow/example_dags/tutorial_objectstorage.py
[2024-01-06T02:19:46.780+0000] {logging_mixin.py:188} INFO - [2024-01-06T02:19:46.780+0000] {dag.py:3033} INFO - Sync 1 DAGs
[2024-01-06T02:19:46.788+0000] {logging_mixin.py:188} INFO - [2024-01-06T02:19:46.787+0000] {dag.py:3820} INFO - Setting next_dagrun for tutorial_objectstorage to None, run_after=None
[2024-01-06T02:19:46.798+0000] {processor.py:183} INFO - Processing /home/airflow/.local/lib/python3.8/site-packages/airflow/example_dags/tutorial_objectstorage.py took 0.050 seconds
[2024-01-06T02:20:17.151+0000] {processor.py:161} INFO - Started process (PID=40029) to work on /home/airflow/.local/lib/python3.8/site-packages/airflow/example_dags/tutorial_objectstorage.py
[2024-01-06T02:20:17.154+0000] {processor.py:830} INFO - Processing file /home/airflow/.local/lib/python3.8/site-packages/airflow/example_dags/tutorial_objectstorage.py for tasks to queue
[2024-01-06T02:20:17.158+0000] {logging_mixin.py:188} INFO - [2024-01-06T02:20:17.157+0000] {dagbag.py:538} INFO - Filling up the DagBag from /home/airflow/.local/lib/python3.8/site-packages/airflow/example_dags/tutorial_objectstorage.py
[2024-01-06T02:20:17.165+0000] {processor.py:840} INFO - DAG(s) 'tutorial_objectstorage' retrieved from /home/airflow/.local/lib/python3.8/site-packages/airflow/example_dags/tutorial_objectstorage.py
[2024-01-06T02:20:17.184+0000] {logging_mixin.py:188} INFO - [2024-01-06T02:20:17.184+0000] {dag.py:3033} INFO - Sync 1 DAGs
[2024-01-06T02:20:17.195+0000] {logging_mixin.py:188} INFO - [2024-01-06T02:20:17.194+0000] {dag.py:3820} INFO - Setting next_dagrun for tutorial_objectstorage to None, run_after=None
[2024-01-06T02:20:17.209+0000] {processor.py:183} INFO - Processing /home/airflow/.local/lib/python3.8/site-packages/airflow/example_dags/tutorial_objectstorage.py took 0.060 seconds
[2024-01-06T02:20:47.767+0000] {processor.py:161} INFO - Started process (PID=40087) to work on /home/airflow/.local/lib/python3.8/site-packages/airflow/example_dags/tutorial_objectstorage.py
[2024-01-06T02:20:47.768+0000] {processor.py:830} INFO - Processing file /home/airflow/.local/lib/python3.8/site-packages/airflow/example_dags/tutorial_objectstorage.py for tasks to queue
[2024-01-06T02:20:47.771+0000] {logging_mixin.py:188} INFO - [2024-01-06T02:20:47.770+0000] {dagbag.py:538} INFO - Filling up the DagBag from /home/airflow/.local/lib/python3.8/site-packages/airflow/example_dags/tutorial_objectstorage.py
[2024-01-06T02:20:47.775+0000] {processor.py:840} INFO - DAG(s) 'tutorial_objectstorage' retrieved from /home/airflow/.local/lib/python3.8/site-packages/airflow/example_dags/tutorial_objectstorage.py
[2024-01-06T02:20:47.793+0000] {logging_mixin.py:188} INFO - [2024-01-06T02:20:47.792+0000] {dag.py:3033} INFO - Sync 1 DAGs
[2024-01-06T02:20:47.800+0000] {logging_mixin.py:188} INFO - [2024-01-06T02:20:47.800+0000] {dag.py:3820} INFO - Setting next_dagrun for tutorial_objectstorage to None, run_after=None
[2024-01-06T02:20:47.812+0000] {processor.py:183} INFO - Processing /home/airflow/.local/lib/python3.8/site-packages/airflow/example_dags/tutorial_objectstorage.py took 0.048 seconds
[2024-01-06T02:21:18.541+0000] {processor.py:161} INFO - Started process (PID=40145) to work on /home/airflow/.local/lib/python3.8/site-packages/airflow/example_dags/tutorial_objectstorage.py
[2024-01-06T02:21:18.544+0000] {processor.py:830} INFO - Processing file /home/airflow/.local/lib/python3.8/site-packages/airflow/example_dags/tutorial_objectstorage.py for tasks to queue
[2024-01-06T02:21:18.548+0000] {logging_mixin.py:188} INFO - [2024-01-06T02:21:18.548+0000] {dagbag.py:538} INFO - Filling up the DagBag from /home/airflow/.local/lib/python3.8/site-packages/airflow/example_dags/tutorial_objectstorage.py
[2024-01-06T02:21:18.559+0000] {processor.py:840} INFO - DAG(s) 'tutorial_objectstorage' retrieved from /home/airflow/.local/lib/python3.8/site-packages/airflow/example_dags/tutorial_objectstorage.py
[2024-01-06T02:21:18.579+0000] {logging_mixin.py:188} INFO - [2024-01-06T02:21:18.579+0000] {dag.py:3033} INFO - Sync 1 DAGs
[2024-01-06T02:21:18.591+0000] {logging_mixin.py:188} INFO - [2024-01-06T02:21:18.590+0000] {dag.py:3820} INFO - Setting next_dagrun for tutorial_objectstorage to None, run_after=None
[2024-01-06T02:21:18.642+0000] {processor.py:183} INFO - Processing /home/airflow/.local/lib/python3.8/site-packages/airflow/example_dags/tutorial_objectstorage.py took 0.105 seconds
[2024-01-06T02:21:48.755+0000] {processor.py:161} INFO - Started process (PID=40203) to work on /home/airflow/.local/lib/python3.8/site-packages/airflow/example_dags/tutorial_objectstorage.py
[2024-01-06T02:21:48.768+0000] {processor.py:830} INFO - Processing file /home/airflow/.local/lib/python3.8/site-packages/airflow/example_dags/tutorial_objectstorage.py for tasks to queue
[2024-01-06T02:21:48.803+0000] {logging_mixin.py:188} INFO - [2024-01-06T02:21:48.802+0000] {dagbag.py:538} INFO - Filling up the DagBag from /home/airflow/.local/lib/python3.8/site-packages/airflow/example_dags/tutorial_objectstorage.py
[2024-01-06T02:21:48.825+0000] {processor.py:840} INFO - DAG(s) 'tutorial_objectstorage' retrieved from /home/airflow/.local/lib/python3.8/site-packages/airflow/example_dags/tutorial_objectstorage.py
[2024-01-06T02:21:48.860+0000] {logging_mixin.py:188} INFO - [2024-01-06T02:21:48.860+0000] {dag.py:3033} INFO - Sync 1 DAGs
[2024-01-06T02:21:48.889+0000] {logging_mixin.py:188} INFO - [2024-01-06T02:21:48.889+0000] {dag.py:3820} INFO - Setting next_dagrun for tutorial_objectstorage to None, run_after=None
[2024-01-06T02:21:48.955+0000] {processor.py:183} INFO - Processing /home/airflow/.local/lib/python3.8/site-packages/airflow/example_dags/tutorial_objectstorage.py took 0.203 seconds
[2024-01-06T02:22:19.982+0000] {processor.py:161} INFO - Started process (PID=40267) to work on /home/airflow/.local/lib/python3.8/site-packages/airflow/example_dags/tutorial_objectstorage.py
[2024-01-06T02:22:19.984+0000] {processor.py:830} INFO - Processing file /home/airflow/.local/lib/python3.8/site-packages/airflow/example_dags/tutorial_objectstorage.py for tasks to queue
[2024-01-06T02:22:19.988+0000] {logging_mixin.py:188} INFO - [2024-01-06T02:22:19.987+0000] {dagbag.py:538} INFO - Filling up the DagBag from /home/airflow/.local/lib/python3.8/site-packages/airflow/example_dags/tutorial_objectstorage.py
[2024-01-06T02:22:20.000+0000] {processor.py:840} INFO - DAG(s) 'tutorial_objectstorage' retrieved from /home/airflow/.local/lib/python3.8/site-packages/airflow/example_dags/tutorial_objectstorage.py
[2024-01-06T02:22:20.028+0000] {logging_mixin.py:188} INFO - [2024-01-06T02:22:20.028+0000] {dag.py:3033} INFO - Sync 1 DAGs
[2024-01-06T02:22:20.043+0000] {logging_mixin.py:188} INFO - [2024-01-06T02:22:20.043+0000] {dag.py:3820} INFO - Setting next_dagrun for tutorial_objectstorage to None, run_after=None
[2024-01-06T02:22:20.067+0000] {processor.py:183} INFO - Processing /home/airflow/.local/lib/python3.8/site-packages/airflow/example_dags/tutorial_objectstorage.py took 0.092 seconds
[2024-01-06T02:22:50.590+0000] {processor.py:161} INFO - Started process (PID=40325) to work on /home/airflow/.local/lib/python3.8/site-packages/airflow/example_dags/tutorial_objectstorage.py
[2024-01-06T02:22:50.592+0000] {processor.py:830} INFO - Processing file /home/airflow/.local/lib/python3.8/site-packages/airflow/example_dags/tutorial_objectstorage.py for tasks to queue
[2024-01-06T02:22:50.595+0000] {logging_mixin.py:188} INFO - [2024-01-06T02:22:50.595+0000] {dagbag.py:538} INFO - Filling up the DagBag from /home/airflow/.local/lib/python3.8/site-packages/airflow/example_dags/tutorial_objectstorage.py
[2024-01-06T02:22:50.602+0000] {processor.py:840} INFO - DAG(s) 'tutorial_objectstorage' retrieved from /home/airflow/.local/lib/python3.8/site-packages/airflow/example_dags/tutorial_objectstorage.py
[2024-01-06T02:22:50.621+0000] {logging_mixin.py:188} INFO - [2024-01-06T02:22:50.621+0000] {dag.py:3033} INFO - Sync 1 DAGs
[2024-01-06T02:22:50.630+0000] {logging_mixin.py:188} INFO - [2024-01-06T02:22:50.630+0000] {dag.py:3820} INFO - Setting next_dagrun for tutorial_objectstorage to None, run_after=None
[2024-01-06T02:22:50.642+0000] {processor.py:183} INFO - Processing /home/airflow/.local/lib/python3.8/site-packages/airflow/example_dags/tutorial_objectstorage.py took 0.056 seconds
[2024-01-06T02:23:21.517+0000] {processor.py:161} INFO - Started process (PID=40383) to work on /home/airflow/.local/lib/python3.8/site-packages/airflow/example_dags/tutorial_objectstorage.py
[2024-01-06T02:23:21.522+0000] {processor.py:830} INFO - Processing file /home/airflow/.local/lib/python3.8/site-packages/airflow/example_dags/tutorial_objectstorage.py for tasks to queue
[2024-01-06T02:23:21.526+0000] {logging_mixin.py:188} INFO - [2024-01-06T02:23:21.526+0000] {dagbag.py:538} INFO - Filling up the DagBag from /home/airflow/.local/lib/python3.8/site-packages/airflow/example_dags/tutorial_objectstorage.py
[2024-01-06T02:23:21.535+0000] {processor.py:840} INFO - DAG(s) 'tutorial_objectstorage' retrieved from /home/airflow/.local/lib/python3.8/site-packages/airflow/example_dags/tutorial_objectstorage.py
[2024-01-06T02:23:21.555+0000] {logging_mixin.py:188} INFO - [2024-01-06T02:23:21.555+0000] {dag.py:3033} INFO - Sync 1 DAGs
[2024-01-06T02:23:21.565+0000] {logging_mixin.py:188} INFO - [2024-01-06T02:23:21.565+0000] {dag.py:3820} INFO - Setting next_dagrun for tutorial_objectstorage to None, run_after=None
[2024-01-06T02:23:21.579+0000] {processor.py:183} INFO - Processing /home/airflow/.local/lib/python3.8/site-packages/airflow/example_dags/tutorial_objectstorage.py took 0.071 seconds
[2024-01-06T02:23:51.911+0000] {processor.py:161} INFO - Started process (PID=40441) to work on /home/airflow/.local/lib/python3.8/site-packages/airflow/example_dags/tutorial_objectstorage.py
[2024-01-06T02:23:51.914+0000] {processor.py:830} INFO - Processing file /home/airflow/.local/lib/python3.8/site-packages/airflow/example_dags/tutorial_objectstorage.py for tasks to queue
[2024-01-06T02:23:51.919+0000] {logging_mixin.py:188} INFO - [2024-01-06T02:23:51.918+0000] {dagbag.py:538} INFO - Filling up the DagBag from /home/airflow/.local/lib/python3.8/site-packages/airflow/example_dags/tutorial_objectstorage.py
[2024-01-06T02:23:51.929+0000] {processor.py:840} INFO - DAG(s) 'tutorial_objectstorage' retrieved from /home/airflow/.local/lib/python3.8/site-packages/airflow/example_dags/tutorial_objectstorage.py
[2024-01-06T02:23:51.949+0000] {logging_mixin.py:188} INFO - [2024-01-06T02:23:51.949+0000] {dag.py:3033} INFO - Sync 1 DAGs
[2024-01-06T02:23:51.958+0000] {logging_mixin.py:188} INFO - [2024-01-06T02:23:51.958+0000] {dag.py:3820} INFO - Setting next_dagrun for tutorial_objectstorage to None, run_after=None
[2024-01-06T02:23:51.971+0000] {processor.py:183} INFO - Processing /home/airflow/.local/lib/python3.8/site-packages/airflow/example_dags/tutorial_objectstorage.py took 0.068 seconds
[2024-01-06T02:24:22.369+0000] {processor.py:161} INFO - Started process (PID=40499) to work on /home/airflow/.local/lib/python3.8/site-packages/airflow/example_dags/tutorial_objectstorage.py
[2024-01-06T02:24:22.372+0000] {processor.py:830} INFO - Processing file /home/airflow/.local/lib/python3.8/site-packages/airflow/example_dags/tutorial_objectstorage.py for tasks to queue
[2024-01-06T02:24:22.376+0000] {logging_mixin.py:188} INFO - [2024-01-06T02:24:22.376+0000] {dagbag.py:538} INFO - Filling up the DagBag from /home/airflow/.local/lib/python3.8/site-packages/airflow/example_dags/tutorial_objectstorage.py
[2024-01-06T02:24:22.384+0000] {processor.py:840} INFO - DAG(s) 'tutorial_objectstorage' retrieved from /home/airflow/.local/lib/python3.8/site-packages/airflow/example_dags/tutorial_objectstorage.py
[2024-01-06T02:24:22.404+0000] {logging_mixin.py:188} INFO - [2024-01-06T02:24:22.404+0000] {dag.py:3033} INFO - Sync 1 DAGs
[2024-01-06T02:24:22.414+0000] {logging_mixin.py:188} INFO - [2024-01-06T02:24:22.414+0000] {dag.py:3820} INFO - Setting next_dagrun for tutorial_objectstorage to None, run_after=None
[2024-01-06T02:24:22.427+0000] {processor.py:183} INFO - Processing /home/airflow/.local/lib/python3.8/site-packages/airflow/example_dags/tutorial_objectstorage.py took 0.064 seconds
[2024-01-06T02:24:52.765+0000] {processor.py:161} INFO - Started process (PID=40557) to work on /home/airflow/.local/lib/python3.8/site-packages/airflow/example_dags/tutorial_objectstorage.py
[2024-01-06T02:24:52.768+0000] {processor.py:830} INFO - Processing file /home/airflow/.local/lib/python3.8/site-packages/airflow/example_dags/tutorial_objectstorage.py for tasks to queue
[2024-01-06T02:24:52.772+0000] {logging_mixin.py:188} INFO - [2024-01-06T02:24:52.772+0000] {dagbag.py:538} INFO - Filling up the DagBag from /home/airflow/.local/lib/python3.8/site-packages/airflow/example_dags/tutorial_objectstorage.py
[2024-01-06T02:24:52.781+0000] {processor.py:840} INFO - DAG(s) 'tutorial_objectstorage' retrieved from /home/airflow/.local/lib/python3.8/site-packages/airflow/example_dags/tutorial_objectstorage.py
[2024-01-06T02:24:52.800+0000] {logging_mixin.py:188} INFO - [2024-01-06T02:24:52.799+0000] {dag.py:3033} INFO - Sync 1 DAGs
[2024-01-06T02:24:52.808+0000] {logging_mixin.py:188} INFO - [2024-01-06T02:24:52.808+0000] {dag.py:3820} INFO - Setting next_dagrun for tutorial_objectstorage to None, run_after=None
[2024-01-06T02:24:52.820+0000] {processor.py:183} INFO - Processing /home/airflow/.local/lib/python3.8/site-packages/airflow/example_dags/tutorial_objectstorage.py took 0.062 seconds
[2024-01-06T02:25:23.817+0000] {processor.py:161} INFO - Started process (PID=40615) to work on /home/airflow/.local/lib/python3.8/site-packages/airflow/example_dags/tutorial_objectstorage.py
[2024-01-06T02:25:23.821+0000] {processor.py:830} INFO - Processing file /home/airflow/.local/lib/python3.8/site-packages/airflow/example_dags/tutorial_objectstorage.py for tasks to queue
[2024-01-06T02:25:23.828+0000] {logging_mixin.py:188} INFO - [2024-01-06T02:25:23.828+0000] {dagbag.py:538} INFO - Filling up the DagBag from /home/airflow/.local/lib/python3.8/site-packages/airflow/example_dags/tutorial_objectstorage.py
[2024-01-06T02:25:23.844+0000] {processor.py:840} INFO - DAG(s) 'tutorial_objectstorage' retrieved from /home/airflow/.local/lib/python3.8/site-packages/airflow/example_dags/tutorial_objectstorage.py
[2024-01-06T02:25:23.883+0000] {logging_mixin.py:188} INFO - [2024-01-06T02:25:23.883+0000] {dag.py:3033} INFO - Sync 1 DAGs
[2024-01-06T02:25:23.894+0000] {logging_mixin.py:188} INFO - [2024-01-06T02:25:23.894+0000] {dag.py:3820} INFO - Setting next_dagrun for tutorial_objectstorage to None, run_after=None
[2024-01-06T02:25:23.912+0000] {processor.py:183} INFO - Processing /home/airflow/.local/lib/python3.8/site-packages/airflow/example_dags/tutorial_objectstorage.py took 0.104 seconds
[2024-01-06T02:25:53.994+0000] {processor.py:161} INFO - Started process (PID=40673) to work on /home/airflow/.local/lib/python3.8/site-packages/airflow/example_dags/tutorial_objectstorage.py
[2024-01-06T02:25:53.998+0000] {processor.py:830} INFO - Processing file /home/airflow/.local/lib/python3.8/site-packages/airflow/example_dags/tutorial_objectstorage.py for tasks to queue
[2024-01-06T02:25:54.002+0000] {logging_mixin.py:188} INFO - [2024-01-06T02:25:54.002+0000] {dagbag.py:538} INFO - Filling up the DagBag from /home/airflow/.local/lib/python3.8/site-packages/airflow/example_dags/tutorial_objectstorage.py
[2024-01-06T02:25:54.010+0000] {processor.py:840} INFO - DAG(s) 'tutorial_objectstorage' retrieved from /home/airflow/.local/lib/python3.8/site-packages/airflow/example_dags/tutorial_objectstorage.py
[2024-01-06T02:25:54.029+0000] {logging_mixin.py:188} INFO - [2024-01-06T02:25:54.029+0000] {dag.py:3033} INFO - Sync 1 DAGs
[2024-01-06T02:25:54.037+0000] {logging_mixin.py:188} INFO - [2024-01-06T02:25:54.037+0000] {dag.py:3820} INFO - Setting next_dagrun for tutorial_objectstorage to None, run_after=None
[2024-01-06T02:25:54.049+0000] {processor.py:183} INFO - Processing /home/airflow/.local/lib/python3.8/site-packages/airflow/example_dags/tutorial_objectstorage.py took 0.061 seconds
[2024-01-06T02:26:26.441+0000] {processor.py:161} INFO - Started process (PID=40731) to work on /home/airflow/.local/lib/python3.8/site-packages/airflow/example_dags/tutorial_objectstorage.py
[2024-01-06T02:26:26.443+0000] {processor.py:830} INFO - Processing file /home/airflow/.local/lib/python3.8/site-packages/airflow/example_dags/tutorial_objectstorage.py for tasks to queue
[2024-01-06T02:26:26.445+0000] {logging_mixin.py:188} INFO - [2024-01-06T02:26:26.445+0000] {dagbag.py:538} INFO - Filling up the DagBag from /home/airflow/.local/lib/python3.8/site-packages/airflow/example_dags/tutorial_objectstorage.py
[2024-01-06T02:26:26.452+0000] {processor.py:840} INFO - DAG(s) 'tutorial_objectstorage' retrieved from /home/airflow/.local/lib/python3.8/site-packages/airflow/example_dags/tutorial_objectstorage.py
[2024-01-06T02:26:26.472+0000] {logging_mixin.py:188} INFO - [2024-01-06T02:26:26.471+0000] {dag.py:3033} INFO - Sync 1 DAGs
[2024-01-06T02:26:26.481+0000] {logging_mixin.py:188} INFO - [2024-01-06T02:26:26.481+0000] {dag.py:3820} INFO - Setting next_dagrun for tutorial_objectstorage to None, run_after=None
[2024-01-06T02:26:26.494+0000] {processor.py:183} INFO - Processing /home/airflow/.local/lib/python3.8/site-packages/airflow/example_dags/tutorial_objectstorage.py took 0.057 seconds
[2024-01-06T02:26:57.219+0000] {processor.py:161} INFO - Started process (PID=40789) to work on /home/airflow/.local/lib/python3.8/site-packages/airflow/example_dags/tutorial_objectstorage.py
[2024-01-06T02:26:57.222+0000] {processor.py:830} INFO - Processing file /home/airflow/.local/lib/python3.8/site-packages/airflow/example_dags/tutorial_objectstorage.py for tasks to queue
[2024-01-06T02:26:57.225+0000] {logging_mixin.py:188} INFO - [2024-01-06T02:26:57.225+0000] {dagbag.py:538} INFO - Filling up the DagBag from /home/airflow/.local/lib/python3.8/site-packages/airflow/example_dags/tutorial_objectstorage.py
[2024-01-06T02:26:57.234+0000] {processor.py:840} INFO - DAG(s) 'tutorial_objectstorage' retrieved from /home/airflow/.local/lib/python3.8/site-packages/airflow/example_dags/tutorial_objectstorage.py
[2024-01-06T02:26:57.262+0000] {logging_mixin.py:188} INFO - [2024-01-06T02:26:57.261+0000] {dag.py:3033} INFO - Sync 1 DAGs
[2024-01-06T02:26:57.271+0000] {logging_mixin.py:188} INFO - [2024-01-06T02:26:57.271+0000] {dag.py:3820} INFO - Setting next_dagrun for tutorial_objectstorage to None, run_after=None
[2024-01-06T02:26:57.284+0000] {processor.py:183} INFO - Processing /home/airflow/.local/lib/python3.8/site-packages/airflow/example_dags/tutorial_objectstorage.py took 0.075 seconds
[2024-01-06T02:27:27.889+0000] {processor.py:161} INFO - Started process (PID=40847) to work on /home/airflow/.local/lib/python3.8/site-packages/airflow/example_dags/tutorial_objectstorage.py
[2024-01-06T02:27:27.893+0000] {processor.py:830} INFO - Processing file /home/airflow/.local/lib/python3.8/site-packages/airflow/example_dags/tutorial_objectstorage.py for tasks to queue
[2024-01-06T02:27:27.898+0000] {logging_mixin.py:188} INFO - [2024-01-06T02:27:27.898+0000] {dagbag.py:538} INFO - Filling up the DagBag from /home/airflow/.local/lib/python3.8/site-packages/airflow/example_dags/tutorial_objectstorage.py
[2024-01-06T02:27:27.915+0000] {processor.py:840} INFO - DAG(s) 'tutorial_objectstorage' retrieved from /home/airflow/.local/lib/python3.8/site-packages/airflow/example_dags/tutorial_objectstorage.py
[2024-01-06T02:27:27.952+0000] {logging_mixin.py:188} INFO - [2024-01-06T02:27:27.952+0000] {dag.py:3033} INFO - Sync 1 DAGs
[2024-01-06T02:27:27.967+0000] {logging_mixin.py:188} INFO - [2024-01-06T02:27:27.967+0000] {dag.py:3820} INFO - Setting next_dagrun for tutorial_objectstorage to None, run_after=None
[2024-01-06T02:27:27.983+0000] {processor.py:183} INFO - Processing /home/airflow/.local/lib/python3.8/site-packages/airflow/example_dags/tutorial_objectstorage.py took 0.103 seconds
[2024-01-06T02:27:58.781+0000] {processor.py:161} INFO - Started process (PID=40905) to work on /home/airflow/.local/lib/python3.8/site-packages/airflow/example_dags/tutorial_objectstorage.py
[2024-01-06T02:27:58.784+0000] {processor.py:830} INFO - Processing file /home/airflow/.local/lib/python3.8/site-packages/airflow/example_dags/tutorial_objectstorage.py for tasks to queue
[2024-01-06T02:27:58.791+0000] {logging_mixin.py:188} INFO - [2024-01-06T02:27:58.791+0000] {dagbag.py:538} INFO - Filling up the DagBag from /home/airflow/.local/lib/python3.8/site-packages/airflow/example_dags/tutorial_objectstorage.py
[2024-01-06T02:27:58.801+0000] {processor.py:840} INFO - DAG(s) 'tutorial_objectstorage' retrieved from /home/airflow/.local/lib/python3.8/site-packages/airflow/example_dags/tutorial_objectstorage.py
[2024-01-06T02:27:58.826+0000] {logging_mixin.py:188} INFO - [2024-01-06T02:27:58.826+0000] {dag.py:3033} INFO - Sync 1 DAGs
[2024-01-06T02:27:58.837+0000] {logging_mixin.py:188} INFO - [2024-01-06T02:27:58.837+0000] {dag.py:3820} INFO - Setting next_dagrun for tutorial_objectstorage to None, run_after=None
[2024-01-06T02:27:58.853+0000] {processor.py:183} INFO - Processing /home/airflow/.local/lib/python3.8/site-packages/airflow/example_dags/tutorial_objectstorage.py took 0.081 seconds
[2024-01-06T02:28:29.335+0000] {processor.py:161} INFO - Started process (PID=40963) to work on /home/airflow/.local/lib/python3.8/site-packages/airflow/example_dags/tutorial_objectstorage.py
[2024-01-06T02:28:29.337+0000] {processor.py:830} INFO - Processing file /home/airflow/.local/lib/python3.8/site-packages/airflow/example_dags/tutorial_objectstorage.py for tasks to queue
[2024-01-06T02:28:29.341+0000] {logging_mixin.py:188} INFO - [2024-01-06T02:28:29.340+0000] {dagbag.py:538} INFO - Filling up the DagBag from /home/airflow/.local/lib/python3.8/site-packages/airflow/example_dags/tutorial_objectstorage.py
[2024-01-06T02:28:29.348+0000] {processor.py:840} INFO - DAG(s) 'tutorial_objectstorage' retrieved from /home/airflow/.local/lib/python3.8/site-packages/airflow/example_dags/tutorial_objectstorage.py
[2024-01-06T02:28:29.367+0000] {logging_mixin.py:188} INFO - [2024-01-06T02:28:29.367+0000] {dag.py:3033} INFO - Sync 1 DAGs
[2024-01-06T02:28:29.376+0000] {logging_mixin.py:188} INFO - [2024-01-06T02:28:29.375+0000] {dag.py:3820} INFO - Setting next_dagrun for tutorial_objectstorage to None, run_after=None
[2024-01-06T02:28:29.387+0000] {processor.py:183} INFO - Processing /home/airflow/.local/lib/python3.8/site-packages/airflow/example_dags/tutorial_objectstorage.py took 0.057 seconds
[2024-01-06T02:28:59.950+0000] {processor.py:161} INFO - Started process (PID=41021) to work on /home/airflow/.local/lib/python3.8/site-packages/airflow/example_dags/tutorial_objectstorage.py
[2024-01-06T02:28:59.954+0000] {processor.py:830} INFO - Processing file /home/airflow/.local/lib/python3.8/site-packages/airflow/example_dags/tutorial_objectstorage.py for tasks to queue
[2024-01-06T02:28:59.959+0000] {logging_mixin.py:188} INFO - [2024-01-06T02:28:59.958+0000] {dagbag.py:538} INFO - Filling up the DagBag from /home/airflow/.local/lib/python3.8/site-packages/airflow/example_dags/tutorial_objectstorage.py
[2024-01-06T02:28:59.972+0000] {processor.py:840} INFO - DAG(s) 'tutorial_objectstorage' retrieved from /home/airflow/.local/lib/python3.8/site-packages/airflow/example_dags/tutorial_objectstorage.py
[2024-01-06T02:29:00.019+0000] {logging_mixin.py:188} INFO - [2024-01-06T02:29:00.019+0000] {dag.py:3033} INFO - Sync 1 DAGs
[2024-01-06T02:29:00.044+0000] {logging_mixin.py:188} INFO - [2024-01-06T02:29:00.044+0000] {dag.py:3820} INFO - Setting next_dagrun for tutorial_objectstorage to None, run_after=None
[2024-01-06T02:29:00.072+0000] {processor.py:183} INFO - Processing /home/airflow/.local/lib/python3.8/site-packages/airflow/example_dags/tutorial_objectstorage.py took 0.130 seconds
[2024-01-06T02:29:30.417+0000] {processor.py:161} INFO - Started process (PID=41079) to work on /home/airflow/.local/lib/python3.8/site-packages/airflow/example_dags/tutorial_objectstorage.py
[2024-01-06T02:29:30.421+0000] {processor.py:830} INFO - Processing file /home/airflow/.local/lib/python3.8/site-packages/airflow/example_dags/tutorial_objectstorage.py for tasks to queue
[2024-01-06T02:29:30.424+0000] {logging_mixin.py:188} INFO - [2024-01-06T02:29:30.424+0000] {dagbag.py:538} INFO - Filling up the DagBag from /home/airflow/.local/lib/python3.8/site-packages/airflow/example_dags/tutorial_objectstorage.py
[2024-01-06T02:29:30.432+0000] {processor.py:840} INFO - DAG(s) 'tutorial_objectstorage' retrieved from /home/airflow/.local/lib/python3.8/site-packages/airflow/example_dags/tutorial_objectstorage.py
[2024-01-06T02:29:30.451+0000] {logging_mixin.py:188} INFO - [2024-01-06T02:29:30.450+0000] {dag.py:3033} INFO - Sync 1 DAGs
[2024-01-06T02:29:30.459+0000] {logging_mixin.py:188} INFO - [2024-01-06T02:29:30.459+0000] {dag.py:3820} INFO - Setting next_dagrun for tutorial_objectstorage to None, run_after=None
[2024-01-06T02:29:30.470+0000] {processor.py:183} INFO - Processing /home/airflow/.local/lib/python3.8/site-packages/airflow/example_dags/tutorial_objectstorage.py took 0.059 seconds
[2024-01-06T02:30:01.215+0000] {processor.py:161} INFO - Started process (PID=41138) to work on /home/airflow/.local/lib/python3.8/site-packages/airflow/example_dags/tutorial_objectstorage.py
[2024-01-06T02:30:01.217+0000] {processor.py:830} INFO - Processing file /home/airflow/.local/lib/python3.8/site-packages/airflow/example_dags/tutorial_objectstorage.py for tasks to queue
[2024-01-06T02:30:01.219+0000] {logging_mixin.py:188} INFO - [2024-01-06T02:30:01.219+0000] {dagbag.py:538} INFO - Filling up the DagBag from /home/airflow/.local/lib/python3.8/site-packages/airflow/example_dags/tutorial_objectstorage.py
[2024-01-06T02:30:01.228+0000] {processor.py:840} INFO - DAG(s) 'tutorial_objectstorage' retrieved from /home/airflow/.local/lib/python3.8/site-packages/airflow/example_dags/tutorial_objectstorage.py
[2024-01-06T02:30:01.247+0000] {logging_mixin.py:188} INFO - [2024-01-06T02:30:01.247+0000] {dag.py:3033} INFO - Sync 1 DAGs
[2024-01-06T02:30:01.258+0000] {logging_mixin.py:188} INFO - [2024-01-06T02:30:01.257+0000] {dag.py:3820} INFO - Setting next_dagrun for tutorial_objectstorage to None, run_after=None
[2024-01-06T02:30:01.271+0000] {processor.py:183} INFO - Processing /home/airflow/.local/lib/python3.8/site-packages/airflow/example_dags/tutorial_objectstorage.py took 0.060 seconds
[2024-01-06T02:30:31.814+0000] {processor.py:161} INFO - Started process (PID=41196) to work on /home/airflow/.local/lib/python3.8/site-packages/airflow/example_dags/tutorial_objectstorage.py
[2024-01-06T02:30:31.818+0000] {processor.py:830} INFO - Processing file /home/airflow/.local/lib/python3.8/site-packages/airflow/example_dags/tutorial_objectstorage.py for tasks to queue
[2024-01-06T02:30:31.826+0000] {logging_mixin.py:188} INFO - [2024-01-06T02:30:31.826+0000] {dagbag.py:538} INFO - Filling up the DagBag from /home/airflow/.local/lib/python3.8/site-packages/airflow/example_dags/tutorial_objectstorage.py
[2024-01-06T02:30:31.835+0000] {processor.py:840} INFO - DAG(s) 'tutorial_objectstorage' retrieved from /home/airflow/.local/lib/python3.8/site-packages/airflow/example_dags/tutorial_objectstorage.py
[2024-01-06T02:30:31.854+0000] {logging_mixin.py:188} INFO - [2024-01-06T02:30:31.854+0000] {dag.py:3033} INFO - Sync 1 DAGs
[2024-01-06T02:30:31.863+0000] {logging_mixin.py:188} INFO - [2024-01-06T02:30:31.863+0000] {dag.py:3820} INFO - Setting next_dagrun for tutorial_objectstorage to None, run_after=None
[2024-01-06T02:30:31.874+0000] {processor.py:183} INFO - Processing /home/airflow/.local/lib/python3.8/site-packages/airflow/example_dags/tutorial_objectstorage.py took 0.067 seconds
[2024-01-06T02:31:02.460+0000] {processor.py:161} INFO - Started process (PID=41254) to work on /home/airflow/.local/lib/python3.8/site-packages/airflow/example_dags/tutorial_objectstorage.py
[2024-01-06T02:31:02.463+0000] {processor.py:830} INFO - Processing file /home/airflow/.local/lib/python3.8/site-packages/airflow/example_dags/tutorial_objectstorage.py for tasks to queue
[2024-01-06T02:31:02.473+0000] {logging_mixin.py:188} INFO - [2024-01-06T02:31:02.473+0000] {dagbag.py:538} INFO - Filling up the DagBag from /home/airflow/.local/lib/python3.8/site-packages/airflow/example_dags/tutorial_objectstorage.py
[2024-01-06T02:31:02.484+0000] {processor.py:840} INFO - DAG(s) 'tutorial_objectstorage' retrieved from /home/airflow/.local/lib/python3.8/site-packages/airflow/example_dags/tutorial_objectstorage.py
[2024-01-06T02:31:02.509+0000] {logging_mixin.py:188} INFO - [2024-01-06T02:31:02.509+0000] {dag.py:3033} INFO - Sync 1 DAGs
[2024-01-06T02:31:02.520+0000] {logging_mixin.py:188} INFO - [2024-01-06T02:31:02.519+0000] {dag.py:3820} INFO - Setting next_dagrun for tutorial_objectstorage to None, run_after=None
[2024-01-06T02:31:02.534+0000] {processor.py:183} INFO - Processing /home/airflow/.local/lib/python3.8/site-packages/airflow/example_dags/tutorial_objectstorage.py took 0.080 seconds
[2024-01-06T02:31:33.010+0000] {processor.py:161} INFO - Started process (PID=41312) to work on /home/airflow/.local/lib/python3.8/site-packages/airflow/example_dags/tutorial_objectstorage.py
[2024-01-06T02:31:33.013+0000] {processor.py:830} INFO - Processing file /home/airflow/.local/lib/python3.8/site-packages/airflow/example_dags/tutorial_objectstorage.py for tasks to queue
[2024-01-06T02:31:33.021+0000] {logging_mixin.py:188} INFO - [2024-01-06T02:31:33.020+0000] {dagbag.py:538} INFO - Filling up the DagBag from /home/airflow/.local/lib/python3.8/site-packages/airflow/example_dags/tutorial_objectstorage.py
[2024-01-06T02:31:33.036+0000] {processor.py:840} INFO - DAG(s) 'tutorial_objectstorage' retrieved from /home/airflow/.local/lib/python3.8/site-packages/airflow/example_dags/tutorial_objectstorage.py
[2024-01-06T02:31:33.070+0000] {logging_mixin.py:188} INFO - [2024-01-06T02:31:33.070+0000] {dag.py:3033} INFO - Sync 1 DAGs
[2024-01-06T02:31:33.086+0000] {logging_mixin.py:188} INFO - [2024-01-06T02:31:33.086+0000] {dag.py:3820} INFO - Setting next_dagrun for tutorial_objectstorage to None, run_after=None
[2024-01-06T02:31:33.103+0000] {processor.py:183} INFO - Processing /home/airflow/.local/lib/python3.8/site-packages/airflow/example_dags/tutorial_objectstorage.py took 0.104 seconds
[2024-01-06T02:32:03.405+0000] {processor.py:161} INFO - Started process (PID=41370) to work on /home/airflow/.local/lib/python3.8/site-packages/airflow/example_dags/tutorial_objectstorage.py
[2024-01-06T02:32:03.408+0000] {processor.py:830} INFO - Processing file /home/airflow/.local/lib/python3.8/site-packages/airflow/example_dags/tutorial_objectstorage.py for tasks to queue
[2024-01-06T02:32:03.411+0000] {logging_mixin.py:188} INFO - [2024-01-06T02:32:03.411+0000] {dagbag.py:538} INFO - Filling up the DagBag from /home/airflow/.local/lib/python3.8/site-packages/airflow/example_dags/tutorial_objectstorage.py
[2024-01-06T02:32:03.420+0000] {processor.py:840} INFO - DAG(s) 'tutorial_objectstorage' retrieved from /home/airflow/.local/lib/python3.8/site-packages/airflow/example_dags/tutorial_objectstorage.py
[2024-01-06T02:32:03.436+0000] {logging_mixin.py:188} INFO - [2024-01-06T02:32:03.436+0000] {dag.py:3033} INFO - Sync 1 DAGs
[2024-01-06T02:32:03.444+0000] {logging_mixin.py:188} INFO - [2024-01-06T02:32:03.444+0000] {dag.py:3820} INFO - Setting next_dagrun for tutorial_objectstorage to None, run_after=None
[2024-01-06T02:32:03.457+0000] {processor.py:183} INFO - Processing /home/airflow/.local/lib/python3.8/site-packages/airflow/example_dags/tutorial_objectstorage.py took 0.056 seconds
[2024-01-06T02:32:33.660+0000] {processor.py:161} INFO - Started process (PID=41428) to work on /home/airflow/.local/lib/python3.8/site-packages/airflow/example_dags/tutorial_objectstorage.py
[2024-01-06T02:32:33.666+0000] {processor.py:830} INFO - Processing file /home/airflow/.local/lib/python3.8/site-packages/airflow/example_dags/tutorial_objectstorage.py for tasks to queue
[2024-01-06T02:32:33.670+0000] {logging_mixin.py:188} INFO - [2024-01-06T02:32:33.669+0000] {dagbag.py:538} INFO - Filling up the DagBag from /home/airflow/.local/lib/python3.8/site-packages/airflow/example_dags/tutorial_objectstorage.py
[2024-01-06T02:32:33.679+0000] {processor.py:840} INFO - DAG(s) 'tutorial_objectstorage' retrieved from /home/airflow/.local/lib/python3.8/site-packages/airflow/example_dags/tutorial_objectstorage.py
[2024-01-06T02:32:33.701+0000] {logging_mixin.py:188} INFO - [2024-01-06T02:32:33.701+0000] {dag.py:3033} INFO - Sync 1 DAGs
[2024-01-06T02:32:33.712+0000] {logging_mixin.py:188} INFO - [2024-01-06T02:32:33.712+0000] {dag.py:3820} INFO - Setting next_dagrun for tutorial_objectstorage to None, run_after=None
[2024-01-06T02:32:33.725+0000] {processor.py:183} INFO - Processing /home/airflow/.local/lib/python3.8/site-packages/airflow/example_dags/tutorial_objectstorage.py took 0.069 seconds
[2024-01-06T02:33:03.915+0000] {processor.py:161} INFO - Started process (PID=41485) to work on /home/airflow/.local/lib/python3.8/site-packages/airflow/example_dags/tutorial_objectstorage.py
[2024-01-06T02:33:03.917+0000] {processor.py:830} INFO - Processing file /home/airflow/.local/lib/python3.8/site-packages/airflow/example_dags/tutorial_objectstorage.py for tasks to queue
[2024-01-06T02:33:03.921+0000] {logging_mixin.py:188} INFO - [2024-01-06T02:33:03.921+0000] {dagbag.py:538} INFO - Filling up the DagBag from /home/airflow/.local/lib/python3.8/site-packages/airflow/example_dags/tutorial_objectstorage.py
[2024-01-06T02:33:03.931+0000] {processor.py:840} INFO - DAG(s) 'tutorial_objectstorage' retrieved from /home/airflow/.local/lib/python3.8/site-packages/airflow/example_dags/tutorial_objectstorage.py
[2024-01-06T02:33:03.953+0000] {logging_mixin.py:188} INFO - [2024-01-06T02:33:03.953+0000] {dag.py:3033} INFO - Sync 1 DAGs
[2024-01-06T02:33:03.964+0000] {logging_mixin.py:188} INFO - [2024-01-06T02:33:03.963+0000] {dag.py:3820} INFO - Setting next_dagrun for tutorial_objectstorage to None, run_after=None
[2024-01-06T02:33:03.976+0000] {processor.py:183} INFO - Processing /home/airflow/.local/lib/python3.8/site-packages/airflow/example_dags/tutorial_objectstorage.py took 0.067 seconds
[2024-01-06T02:33:48.513+0000] {processor.py:161} INFO - Started process (PID=41543) to work on /home/airflow/.local/lib/python3.8/site-packages/airflow/example_dags/tutorial_objectstorage.py
[2024-01-06T02:33:48.529+0000] {processor.py:830} INFO - Processing file /home/airflow/.local/lib/python3.8/site-packages/airflow/example_dags/tutorial_objectstorage.py for tasks to queue
[2024-01-06T02:33:48.584+0000] {logging_mixin.py:188} INFO - [2024-01-06T02:33:48.579+0000] {dagbag.py:538} INFO - Filling up the DagBag from /home/airflow/.local/lib/python3.8/site-packages/airflow/example_dags/tutorial_objectstorage.py
[2024-01-06T02:33:48.655+0000] {processor.py:840} INFO - DAG(s) 'tutorial_objectstorage' retrieved from /home/airflow/.local/lib/python3.8/site-packages/airflow/example_dags/tutorial_objectstorage.py
[2024-01-06T02:33:48.937+0000] {logging_mixin.py:188} INFO - [2024-01-06T02:33:48.933+0000] {dag.py:3033} INFO - Sync 1 DAGs
[2024-01-06T02:33:49.035+0000] {logging_mixin.py:188} INFO - [2024-01-06T02:33:49.034+0000] {dag.py:3820} INFO - Setting next_dagrun for tutorial_objectstorage to None, run_after=None
[2024-01-06T02:33:49.191+0000] {processor.py:183} INFO - Processing /home/airflow/.local/lib/python3.8/site-packages/airflow/example_dags/tutorial_objectstorage.py took 0.705 seconds
[2024-01-06T02:34:19.581+0000] {processor.py:161} INFO - Started process (PID=41601) to work on /home/airflow/.local/lib/python3.8/site-packages/airflow/example_dags/tutorial_objectstorage.py
[2024-01-06T02:34:19.583+0000] {processor.py:830} INFO - Processing file /home/airflow/.local/lib/python3.8/site-packages/airflow/example_dags/tutorial_objectstorage.py for tasks to queue
[2024-01-06T02:34:19.586+0000] {logging_mixin.py:188} INFO - [2024-01-06T02:34:19.585+0000] {dagbag.py:538} INFO - Filling up the DagBag from /home/airflow/.local/lib/python3.8/site-packages/airflow/example_dags/tutorial_objectstorage.py
[2024-01-06T02:34:19.592+0000] {processor.py:840} INFO - DAG(s) 'tutorial_objectstorage' retrieved from /home/airflow/.local/lib/python3.8/site-packages/airflow/example_dags/tutorial_objectstorage.py
[2024-01-06T02:34:19.606+0000] {logging_mixin.py:188} INFO - [2024-01-06T02:34:19.606+0000] {dag.py:3033} INFO - Sync 1 DAGs
[2024-01-06T02:34:19.613+0000] {logging_mixin.py:188} INFO - [2024-01-06T02:34:19.613+0000] {dag.py:3820} INFO - Setting next_dagrun for tutorial_objectstorage to None, run_after=None
[2024-01-06T02:34:19.624+0000] {processor.py:183} INFO - Processing /home/airflow/.local/lib/python3.8/site-packages/airflow/example_dags/tutorial_objectstorage.py took 0.046 seconds
[2024-01-06T02:34:50.372+0000] {processor.py:161} INFO - Started process (PID=41659) to work on /home/airflow/.local/lib/python3.8/site-packages/airflow/example_dags/tutorial_objectstorage.py
[2024-01-06T02:34:50.375+0000] {processor.py:830} INFO - Processing file /home/airflow/.local/lib/python3.8/site-packages/airflow/example_dags/tutorial_objectstorage.py for tasks to queue
[2024-01-06T02:34:50.379+0000] {logging_mixin.py:188} INFO - [2024-01-06T02:34:50.378+0000] {dagbag.py:538} INFO - Filling up the DagBag from /home/airflow/.local/lib/python3.8/site-packages/airflow/example_dags/tutorial_objectstorage.py
[2024-01-06T02:34:50.386+0000] {processor.py:840} INFO - DAG(s) 'tutorial_objectstorage' retrieved from /home/airflow/.local/lib/python3.8/site-packages/airflow/example_dags/tutorial_objectstorage.py
[2024-01-06T02:34:50.403+0000] {logging_mixin.py:188} INFO - [2024-01-06T02:34:50.403+0000] {dag.py:3033} INFO - Sync 1 DAGs
[2024-01-06T02:34:50.411+0000] {logging_mixin.py:188} INFO - [2024-01-06T02:34:50.411+0000] {dag.py:3820} INFO - Setting next_dagrun for tutorial_objectstorage to None, run_after=None
[2024-01-06T02:34:50.422+0000] {processor.py:183} INFO - Processing /home/airflow/.local/lib/python3.8/site-packages/airflow/example_dags/tutorial_objectstorage.py took 0.055 seconds
[2024-01-06T02:35:20.863+0000] {processor.py:161} INFO - Started process (PID=41716) to work on /home/airflow/.local/lib/python3.8/site-packages/airflow/example_dags/tutorial_objectstorage.py
[2024-01-06T02:35:20.868+0000] {processor.py:830} INFO - Processing file /home/airflow/.local/lib/python3.8/site-packages/airflow/example_dags/tutorial_objectstorage.py for tasks to queue
[2024-01-06T02:35:20.875+0000] {logging_mixin.py:188} INFO - [2024-01-06T02:35:20.875+0000] {dagbag.py:538} INFO - Filling up the DagBag from /home/airflow/.local/lib/python3.8/site-packages/airflow/example_dags/tutorial_objectstorage.py
[2024-01-06T02:35:20.893+0000] {processor.py:840} INFO - DAG(s) 'tutorial_objectstorage' retrieved from /home/airflow/.local/lib/python3.8/site-packages/airflow/example_dags/tutorial_objectstorage.py
[2024-01-06T02:35:20.932+0000] {logging_mixin.py:188} INFO - [2024-01-06T02:35:20.932+0000] {dag.py:3033} INFO - Sync 1 DAGs
[2024-01-06T02:35:20.956+0000] {logging_mixin.py:188} INFO - [2024-01-06T02:35:20.956+0000] {dag.py:3820} INFO - Setting next_dagrun for tutorial_objectstorage to None, run_after=None
[2024-01-06T02:35:20.978+0000] {processor.py:183} INFO - Processing /home/airflow/.local/lib/python3.8/site-packages/airflow/example_dags/tutorial_objectstorage.py took 0.123 seconds
[2024-01-06T02:35:51.082+0000] {processor.py:161} INFO - Started process (PID=41774) to work on /home/airflow/.local/lib/python3.8/site-packages/airflow/example_dags/tutorial_objectstorage.py
[2024-01-06T02:35:51.085+0000] {processor.py:830} INFO - Processing file /home/airflow/.local/lib/python3.8/site-packages/airflow/example_dags/tutorial_objectstorage.py for tasks to queue
[2024-01-06T02:35:51.092+0000] {logging_mixin.py:188} INFO - [2024-01-06T02:35:51.091+0000] {dagbag.py:538} INFO - Filling up the DagBag from /home/airflow/.local/lib/python3.8/site-packages/airflow/example_dags/tutorial_objectstorage.py
[2024-01-06T02:35:51.098+0000] {processor.py:840} INFO - DAG(s) 'tutorial_objectstorage' retrieved from /home/airflow/.local/lib/python3.8/site-packages/airflow/example_dags/tutorial_objectstorage.py
[2024-01-06T02:35:51.115+0000] {logging_mixin.py:188} INFO - [2024-01-06T02:35:51.115+0000] {dag.py:3033} INFO - Sync 1 DAGs
[2024-01-06T02:35:51.123+0000] {logging_mixin.py:188} INFO - [2024-01-06T02:35:51.123+0000] {dag.py:3820} INFO - Setting next_dagrun for tutorial_objectstorage to None, run_after=None
[2024-01-06T02:35:51.135+0000] {processor.py:183} INFO - Processing /home/airflow/.local/lib/python3.8/site-packages/airflow/example_dags/tutorial_objectstorage.py took 0.056 seconds
[2024-01-06T02:36:21.726+0000] {processor.py:161} INFO - Started process (PID=41832) to work on /home/airflow/.local/lib/python3.8/site-packages/airflow/example_dags/tutorial_objectstorage.py
[2024-01-06T02:36:21.729+0000] {processor.py:830} INFO - Processing file /home/airflow/.local/lib/python3.8/site-packages/airflow/example_dags/tutorial_objectstorage.py for tasks to queue
[2024-01-06T02:36:21.734+0000] {logging_mixin.py:188} INFO - [2024-01-06T02:36:21.734+0000] {dagbag.py:538} INFO - Filling up the DagBag from /home/airflow/.local/lib/python3.8/site-packages/airflow/example_dags/tutorial_objectstorage.py
[2024-01-06T02:36:21.748+0000] {processor.py:840} INFO - DAG(s) 'tutorial_objectstorage' retrieved from /home/airflow/.local/lib/python3.8/site-packages/airflow/example_dags/tutorial_objectstorage.py
[2024-01-06T02:36:21.777+0000] {logging_mixin.py:188} INFO - [2024-01-06T02:36:21.777+0000] {dag.py:3033} INFO - Sync 1 DAGs
[2024-01-06T02:36:21.788+0000] {logging_mixin.py:188} INFO - [2024-01-06T02:36:21.788+0000] {dag.py:3820} INFO - Setting next_dagrun for tutorial_objectstorage to None, run_after=None
[2024-01-06T02:36:21.802+0000] {processor.py:183} INFO - Processing /home/airflow/.local/lib/python3.8/site-packages/airflow/example_dags/tutorial_objectstorage.py took 0.085 seconds
[2024-01-06T02:36:51.863+0000] {processor.py:161} INFO - Started process (PID=41890) to work on /home/airflow/.local/lib/python3.8/site-packages/airflow/example_dags/tutorial_objectstorage.py
[2024-01-06T02:36:51.867+0000] {processor.py:830} INFO - Processing file /home/airflow/.local/lib/python3.8/site-packages/airflow/example_dags/tutorial_objectstorage.py for tasks to queue
[2024-01-06T02:36:51.872+0000] {logging_mixin.py:188} INFO - [2024-01-06T02:36:51.872+0000] {dagbag.py:538} INFO - Filling up the DagBag from /home/airflow/.local/lib/python3.8/site-packages/airflow/example_dags/tutorial_objectstorage.py
[2024-01-06T02:36:51.883+0000] {processor.py:840} INFO - DAG(s) 'tutorial_objectstorage' retrieved from /home/airflow/.local/lib/python3.8/site-packages/airflow/example_dags/tutorial_objectstorage.py
[2024-01-06T02:36:51.902+0000] {logging_mixin.py:188} INFO - [2024-01-06T02:36:51.902+0000] {dag.py:3033} INFO - Sync 1 DAGs
[2024-01-06T02:36:51.910+0000] {logging_mixin.py:188} INFO - [2024-01-06T02:36:51.910+0000] {dag.py:3820} INFO - Setting next_dagrun for tutorial_objectstorage to None, run_after=None
[2024-01-06T02:36:51.923+0000] {processor.py:183} INFO - Processing /home/airflow/.local/lib/python3.8/site-packages/airflow/example_dags/tutorial_objectstorage.py took 0.066 seconds
[2024-01-06T02:37:22.006+0000] {processor.py:161} INFO - Started process (PID=41948) to work on /home/airflow/.local/lib/python3.8/site-packages/airflow/example_dags/tutorial_objectstorage.py
[2024-01-06T02:37:22.009+0000] {processor.py:830} INFO - Processing file /home/airflow/.local/lib/python3.8/site-packages/airflow/example_dags/tutorial_objectstorage.py for tasks to queue
[2024-01-06T02:37:22.013+0000] {logging_mixin.py:188} INFO - [2024-01-06T02:37:22.013+0000] {dagbag.py:538} INFO - Filling up the DagBag from /home/airflow/.local/lib/python3.8/site-packages/airflow/example_dags/tutorial_objectstorage.py
[2024-01-06T02:37:22.024+0000] {processor.py:840} INFO - DAG(s) 'tutorial_objectstorage' retrieved from /home/airflow/.local/lib/python3.8/site-packages/airflow/example_dags/tutorial_objectstorage.py
[2024-01-06T02:37:22.045+0000] {logging_mixin.py:188} INFO - [2024-01-06T02:37:22.045+0000] {dag.py:3033} INFO - Sync 1 DAGs
[2024-01-06T02:37:22.054+0000] {logging_mixin.py:188} INFO - [2024-01-06T02:37:22.054+0000] {dag.py:3820} INFO - Setting next_dagrun for tutorial_objectstorage to None, run_after=None
[2024-01-06T02:37:22.066+0000] {processor.py:183} INFO - Processing /home/airflow/.local/lib/python3.8/site-packages/airflow/example_dags/tutorial_objectstorage.py took 0.066 seconds
[2024-01-06T02:37:52.533+0000] {processor.py:161} INFO - Started process (PID=42005) to work on /home/airflow/.local/lib/python3.8/site-packages/airflow/example_dags/tutorial_objectstorage.py
[2024-01-06T02:37:52.535+0000] {processor.py:830} INFO - Processing file /home/airflow/.local/lib/python3.8/site-packages/airflow/example_dags/tutorial_objectstorage.py for tasks to queue
[2024-01-06T02:37:52.538+0000] {logging_mixin.py:188} INFO - [2024-01-06T02:37:52.538+0000] {dagbag.py:538} INFO - Filling up the DagBag from /home/airflow/.local/lib/python3.8/site-packages/airflow/example_dags/tutorial_objectstorage.py
[2024-01-06T02:37:52.545+0000] {processor.py:840} INFO - DAG(s) 'tutorial_objectstorage' retrieved from /home/airflow/.local/lib/python3.8/site-packages/airflow/example_dags/tutorial_objectstorage.py
[2024-01-06T02:37:52.562+0000] {logging_mixin.py:188} INFO - [2024-01-06T02:37:52.562+0000] {dag.py:3033} INFO - Sync 1 DAGs
[2024-01-06T02:37:52.571+0000] {logging_mixin.py:188} INFO - [2024-01-06T02:37:52.571+0000] {dag.py:3820} INFO - Setting next_dagrun for tutorial_objectstorage to None, run_after=None
[2024-01-06T02:37:52.582+0000] {processor.py:183} INFO - Processing /home/airflow/.local/lib/python3.8/site-packages/airflow/example_dags/tutorial_objectstorage.py took 0.054 seconds
[2024-01-06T02:38:22.946+0000] {processor.py:161} INFO - Started process (PID=42063) to work on /home/airflow/.local/lib/python3.8/site-packages/airflow/example_dags/tutorial_objectstorage.py
[2024-01-06T02:38:22.948+0000] {processor.py:830} INFO - Processing file /home/airflow/.local/lib/python3.8/site-packages/airflow/example_dags/tutorial_objectstorage.py for tasks to queue
[2024-01-06T02:38:22.951+0000] {logging_mixin.py:188} INFO - [2024-01-06T02:38:22.951+0000] {dagbag.py:538} INFO - Filling up the DagBag from /home/airflow/.local/lib/python3.8/site-packages/airflow/example_dags/tutorial_objectstorage.py
[2024-01-06T02:38:22.958+0000] {processor.py:840} INFO - DAG(s) 'tutorial_objectstorage' retrieved from /home/airflow/.local/lib/python3.8/site-packages/airflow/example_dags/tutorial_objectstorage.py
[2024-01-06T02:38:22.975+0000] {logging_mixin.py:188} INFO - [2024-01-06T02:38:22.975+0000] {dag.py:3033} INFO - Sync 1 DAGs
[2024-01-06T02:38:22.985+0000] {logging_mixin.py:188} INFO - [2024-01-06T02:38:22.985+0000] {dag.py:3820} INFO - Setting next_dagrun for tutorial_objectstorage to None, run_after=None
[2024-01-06T02:38:22.996+0000] {processor.py:183} INFO - Processing /home/airflow/.local/lib/python3.8/site-packages/airflow/example_dags/tutorial_objectstorage.py took 0.057 seconds
[2024-01-06T02:38:53.283+0000] {processor.py:161} INFO - Started process (PID=42121) to work on /home/airflow/.local/lib/python3.8/site-packages/airflow/example_dags/tutorial_objectstorage.py
[2024-01-06T02:38:53.286+0000] {processor.py:830} INFO - Processing file /home/airflow/.local/lib/python3.8/site-packages/airflow/example_dags/tutorial_objectstorage.py for tasks to queue
[2024-01-06T02:38:53.289+0000] {logging_mixin.py:188} INFO - [2024-01-06T02:38:53.289+0000] {dagbag.py:538} INFO - Filling up the DagBag from /home/airflow/.local/lib/python3.8/site-packages/airflow/example_dags/tutorial_objectstorage.py
[2024-01-06T02:38:53.298+0000] {processor.py:840} INFO - DAG(s) 'tutorial_objectstorage' retrieved from /home/airflow/.local/lib/python3.8/site-packages/airflow/example_dags/tutorial_objectstorage.py
[2024-01-06T02:38:53.317+0000] {logging_mixin.py:188} INFO - [2024-01-06T02:38:53.317+0000] {dag.py:3033} INFO - Sync 1 DAGs
[2024-01-06T02:38:53.330+0000] {logging_mixin.py:188} INFO - [2024-01-06T02:38:53.330+0000] {dag.py:3820} INFO - Setting next_dagrun for tutorial_objectstorage to None, run_after=None
[2024-01-06T02:38:53.352+0000] {processor.py:183} INFO - Processing /home/airflow/.local/lib/python3.8/site-packages/airflow/example_dags/tutorial_objectstorage.py took 0.073 seconds
[2024-01-06T02:39:24.122+0000] {processor.py:161} INFO - Started process (PID=42183) to work on /home/airflow/.local/lib/python3.8/site-packages/airflow/example_dags/tutorial_objectstorage.py
[2024-01-06T02:39:24.125+0000] {processor.py:830} INFO - Processing file /home/airflow/.local/lib/python3.8/site-packages/airflow/example_dags/tutorial_objectstorage.py for tasks to queue
[2024-01-06T02:39:24.131+0000] {logging_mixin.py:188} INFO - [2024-01-06T02:39:24.130+0000] {dagbag.py:538} INFO - Filling up the DagBag from /home/airflow/.local/lib/python3.8/site-packages/airflow/example_dags/tutorial_objectstorage.py
[2024-01-06T02:39:24.146+0000] {processor.py:840} INFO - DAG(s) 'tutorial_objectstorage' retrieved from /home/airflow/.local/lib/python3.8/site-packages/airflow/example_dags/tutorial_objectstorage.py
[2024-01-06T02:39:24.167+0000] {logging_mixin.py:188} INFO - [2024-01-06T02:39:24.167+0000] {dag.py:3033} INFO - Sync 1 DAGs
[2024-01-06T02:39:24.177+0000] {logging_mixin.py:188} INFO - [2024-01-06T02:39:24.177+0000] {dag.py:3820} INFO - Setting next_dagrun for tutorial_objectstorage to None, run_after=None
[2024-01-06T02:39:24.189+0000] {processor.py:183} INFO - Processing /home/airflow/.local/lib/python3.8/site-packages/airflow/example_dags/tutorial_objectstorage.py took 0.073 seconds
[2024-01-06T02:39:54.451+0000] {processor.py:161} INFO - Started process (PID=42242) to work on /home/airflow/.local/lib/python3.8/site-packages/airflow/example_dags/tutorial_objectstorage.py
[2024-01-06T02:39:54.453+0000] {processor.py:830} INFO - Processing file /home/airflow/.local/lib/python3.8/site-packages/airflow/example_dags/tutorial_objectstorage.py for tasks to queue
[2024-01-06T02:39:54.455+0000] {logging_mixin.py:188} INFO - [2024-01-06T02:39:54.455+0000] {dagbag.py:538} INFO - Filling up the DagBag from /home/airflow/.local/lib/python3.8/site-packages/airflow/example_dags/tutorial_objectstorage.py
[2024-01-06T02:39:54.461+0000] {processor.py:840} INFO - DAG(s) 'tutorial_objectstorage' retrieved from /home/airflow/.local/lib/python3.8/site-packages/airflow/example_dags/tutorial_objectstorage.py
[2024-01-06T02:39:54.475+0000] {logging_mixin.py:188} INFO - [2024-01-06T02:39:54.475+0000] {dag.py:3033} INFO - Sync 1 DAGs
[2024-01-06T02:39:54.485+0000] {logging_mixin.py:188} INFO - [2024-01-06T02:39:54.485+0000] {dag.py:3820} INFO - Setting next_dagrun for tutorial_objectstorage to None, run_after=None
[2024-01-06T02:39:54.496+0000] {processor.py:183} INFO - Processing /home/airflow/.local/lib/python3.8/site-packages/airflow/example_dags/tutorial_objectstorage.py took 0.048 seconds
[2024-01-06T02:40:24.616+0000] {processor.py:161} INFO - Started process (PID=42301) to work on /home/airflow/.local/lib/python3.8/site-packages/airflow/example_dags/tutorial_objectstorage.py
[2024-01-06T02:40:24.619+0000] {processor.py:830} INFO - Processing file /home/airflow/.local/lib/python3.8/site-packages/airflow/example_dags/tutorial_objectstorage.py for tasks to queue
[2024-01-06T02:40:24.621+0000] {logging_mixin.py:188} INFO - [2024-01-06T02:40:24.621+0000] {dagbag.py:538} INFO - Filling up the DagBag from /home/airflow/.local/lib/python3.8/site-packages/airflow/example_dags/tutorial_objectstorage.py
[2024-01-06T02:40:24.627+0000] {processor.py:840} INFO - DAG(s) 'tutorial_objectstorage' retrieved from /home/airflow/.local/lib/python3.8/site-packages/airflow/example_dags/tutorial_objectstorage.py
[2024-01-06T02:40:24.641+0000] {logging_mixin.py:188} INFO - [2024-01-06T02:40:24.641+0000] {dag.py:3033} INFO - Sync 1 DAGs
[2024-01-06T02:40:24.648+0000] {logging_mixin.py:188} INFO - [2024-01-06T02:40:24.648+0000] {dag.py:3820} INFO - Setting next_dagrun for tutorial_objectstorage to None, run_after=None
[2024-01-06T02:40:24.660+0000] {processor.py:183} INFO - Processing /home/airflow/.local/lib/python3.8/site-packages/airflow/example_dags/tutorial_objectstorage.py took 0.047 seconds
[2024-01-06T02:41:01.611+0000] {processor.py:161} INFO - Started process (PID=42359) to work on /home/airflow/.local/lib/python3.8/site-packages/airflow/example_dags/tutorial_objectstorage.py
[2024-01-06T02:41:01.615+0000] {processor.py:830} INFO - Processing file /home/airflow/.local/lib/python3.8/site-packages/airflow/example_dags/tutorial_objectstorage.py for tasks to queue
[2024-01-06T02:41:01.620+0000] {logging_mixin.py:188} INFO - [2024-01-06T02:41:01.619+0000] {dagbag.py:538} INFO - Filling up the DagBag from /home/airflow/.local/lib/python3.8/site-packages/airflow/example_dags/tutorial_objectstorage.py
[2024-01-06T02:41:01.633+0000] {processor.py:840} INFO - DAG(s) 'tutorial_objectstorage' retrieved from /home/airflow/.local/lib/python3.8/site-packages/airflow/example_dags/tutorial_objectstorage.py
[2024-01-06T02:41:01.668+0000] {logging_mixin.py:188} INFO - [2024-01-06T02:41:01.668+0000] {dag.py:3033} INFO - Sync 1 DAGs
[2024-01-06T02:41:01.688+0000] {logging_mixin.py:188} INFO - [2024-01-06T02:41:01.687+0000] {dag.py:3820} INFO - Setting next_dagrun for tutorial_objectstorage to None, run_after=None
[2024-01-06T02:41:01.708+0000] {processor.py:183} INFO - Processing /home/airflow/.local/lib/python3.8/site-packages/airflow/example_dags/tutorial_objectstorage.py took 0.101 seconds
[2024-01-06T02:41:31.762+0000] {processor.py:161} INFO - Started process (PID=42417) to work on /home/airflow/.local/lib/python3.8/site-packages/airflow/example_dags/tutorial_objectstorage.py
[2024-01-06T02:41:31.764+0000] {processor.py:830} INFO - Processing file /home/airflow/.local/lib/python3.8/site-packages/airflow/example_dags/tutorial_objectstorage.py for tasks to queue
[2024-01-06T02:41:31.766+0000] {logging_mixin.py:188} INFO - [2024-01-06T02:41:31.766+0000] {dagbag.py:538} INFO - Filling up the DagBag from /home/airflow/.local/lib/python3.8/site-packages/airflow/example_dags/tutorial_objectstorage.py
[2024-01-06T02:41:31.770+0000] {processor.py:840} INFO - DAG(s) 'tutorial_objectstorage' retrieved from /home/airflow/.local/lib/python3.8/site-packages/airflow/example_dags/tutorial_objectstorage.py
[2024-01-06T02:41:31.783+0000] {logging_mixin.py:188} INFO - [2024-01-06T02:41:31.783+0000] {dag.py:3033} INFO - Sync 1 DAGs
[2024-01-06T02:41:31.791+0000] {logging_mixin.py:188} INFO - [2024-01-06T02:41:31.791+0000] {dag.py:3820} INFO - Setting next_dagrun for tutorial_objectstorage to None, run_after=None
[2024-01-06T02:41:31.802+0000] {processor.py:183} INFO - Processing /home/airflow/.local/lib/python3.8/site-packages/airflow/example_dags/tutorial_objectstorage.py took 0.042 seconds
[2024-01-06T02:42:01.876+0000] {processor.py:161} INFO - Started process (PID=42474) to work on /home/airflow/.local/lib/python3.8/site-packages/airflow/example_dags/tutorial_objectstorage.py
[2024-01-06T02:42:01.878+0000] {processor.py:830} INFO - Processing file /home/airflow/.local/lib/python3.8/site-packages/airflow/example_dags/tutorial_objectstorage.py for tasks to queue
[2024-01-06T02:42:01.882+0000] {logging_mixin.py:188} INFO - [2024-01-06T02:42:01.882+0000] {dagbag.py:538} INFO - Filling up the DagBag from /home/airflow/.local/lib/python3.8/site-packages/airflow/example_dags/tutorial_objectstorage.py
[2024-01-06T02:42:01.889+0000] {processor.py:840} INFO - DAG(s) 'tutorial_objectstorage' retrieved from /home/airflow/.local/lib/python3.8/site-packages/airflow/example_dags/tutorial_objectstorage.py
[2024-01-06T02:42:01.906+0000] {logging_mixin.py:188} INFO - [2024-01-06T02:42:01.906+0000] {dag.py:3033} INFO - Sync 1 DAGs
[2024-01-06T02:42:01.916+0000] {logging_mixin.py:188} INFO - [2024-01-06T02:42:01.916+0000] {dag.py:3820} INFO - Setting next_dagrun for tutorial_objectstorage to None, run_after=None
[2024-01-06T02:42:01.929+0000] {processor.py:183} INFO - Processing /home/airflow/.local/lib/python3.8/site-packages/airflow/example_dags/tutorial_objectstorage.py took 0.056 seconds
[2024-01-06T02:42:32.005+0000] {processor.py:161} INFO - Started process (PID=42532) to work on /home/airflow/.local/lib/python3.8/site-packages/airflow/example_dags/tutorial_objectstorage.py
[2024-01-06T02:42:32.006+0000] {processor.py:830} INFO - Processing file /home/airflow/.local/lib/python3.8/site-packages/airflow/example_dags/tutorial_objectstorage.py for tasks to queue
[2024-01-06T02:42:32.008+0000] {logging_mixin.py:188} INFO - [2024-01-06T02:42:32.008+0000] {dagbag.py:538} INFO - Filling up the DagBag from /home/airflow/.local/lib/python3.8/site-packages/airflow/example_dags/tutorial_objectstorage.py
[2024-01-06T02:42:32.013+0000] {processor.py:840} INFO - DAG(s) 'tutorial_objectstorage' retrieved from /home/airflow/.local/lib/python3.8/site-packages/airflow/example_dags/tutorial_objectstorage.py
[2024-01-06T02:42:32.025+0000] {logging_mixin.py:188} INFO - [2024-01-06T02:42:32.025+0000] {dag.py:3033} INFO - Sync 1 DAGs
[2024-01-06T02:42:32.033+0000] {logging_mixin.py:188} INFO - [2024-01-06T02:42:32.033+0000] {dag.py:3820} INFO - Setting next_dagrun for tutorial_objectstorage to None, run_after=None
[2024-01-06T02:42:32.050+0000] {processor.py:183} INFO - Processing /home/airflow/.local/lib/python3.8/site-packages/airflow/example_dags/tutorial_objectstorage.py took 0.048 seconds
[2024-01-06T02:43:02.199+0000] {processor.py:161} INFO - Started process (PID=42590) to work on /home/airflow/.local/lib/python3.8/site-packages/airflow/example_dags/tutorial_objectstorage.py
[2024-01-06T02:43:02.201+0000] {processor.py:830} INFO - Processing file /home/airflow/.local/lib/python3.8/site-packages/airflow/example_dags/tutorial_objectstorage.py for tasks to queue
[2024-01-06T02:43:02.203+0000] {logging_mixin.py:188} INFO - [2024-01-06T02:43:02.203+0000] {dagbag.py:538} INFO - Filling up the DagBag from /home/airflow/.local/lib/python3.8/site-packages/airflow/example_dags/tutorial_objectstorage.py
[2024-01-06T02:43:02.209+0000] {processor.py:840} INFO - DAG(s) 'tutorial_objectstorage' retrieved from /home/airflow/.local/lib/python3.8/site-packages/airflow/example_dags/tutorial_objectstorage.py
[2024-01-06T02:43:02.221+0000] {logging_mixin.py:188} INFO - [2024-01-06T02:43:02.221+0000] {dag.py:3033} INFO - Sync 1 DAGs
[2024-01-06T02:43:02.229+0000] {logging_mixin.py:188} INFO - [2024-01-06T02:43:02.229+0000] {dag.py:3820} INFO - Setting next_dagrun for tutorial_objectstorage to None, run_after=None
[2024-01-06T02:43:02.240+0000] {processor.py:183} INFO - Processing /home/airflow/.local/lib/python3.8/site-packages/airflow/example_dags/tutorial_objectstorage.py took 0.043 seconds
[2024-01-06T02:43:32.614+0000] {processor.py:161} INFO - Started process (PID=42648) to work on /home/airflow/.local/lib/python3.8/site-packages/airflow/example_dags/tutorial_objectstorage.py
[2024-01-06T02:43:32.615+0000] {processor.py:830} INFO - Processing file /home/airflow/.local/lib/python3.8/site-packages/airflow/example_dags/tutorial_objectstorage.py for tasks to queue
[2024-01-06T02:43:32.617+0000] {logging_mixin.py:188} INFO - [2024-01-06T02:43:32.617+0000] {dagbag.py:538} INFO - Filling up the DagBag from /home/airflow/.local/lib/python3.8/site-packages/airflow/example_dags/tutorial_objectstorage.py
[2024-01-06T02:43:32.622+0000] {processor.py:840} INFO - DAG(s) 'tutorial_objectstorage' retrieved from /home/airflow/.local/lib/python3.8/site-packages/airflow/example_dags/tutorial_objectstorage.py
[2024-01-06T02:43:32.635+0000] {logging_mixin.py:188} INFO - [2024-01-06T02:43:32.635+0000] {dag.py:3033} INFO - Sync 1 DAGs
[2024-01-06T02:43:32.643+0000] {logging_mixin.py:188} INFO - [2024-01-06T02:43:32.643+0000] {dag.py:3820} INFO - Setting next_dagrun for tutorial_objectstorage to None, run_after=None
[2024-01-06T02:43:32.654+0000] {processor.py:183} INFO - Processing /home/airflow/.local/lib/python3.8/site-packages/airflow/example_dags/tutorial_objectstorage.py took 0.043 seconds
[2024-01-06T02:44:02.897+0000] {processor.py:161} INFO - Started process (PID=42706) to work on /home/airflow/.local/lib/python3.8/site-packages/airflow/example_dags/tutorial_objectstorage.py
[2024-01-06T02:44:02.899+0000] {processor.py:830} INFO - Processing file /home/airflow/.local/lib/python3.8/site-packages/airflow/example_dags/tutorial_objectstorage.py for tasks to queue
[2024-01-06T02:44:02.901+0000] {logging_mixin.py:188} INFO - [2024-01-06T02:44:02.901+0000] {dagbag.py:538} INFO - Filling up the DagBag from /home/airflow/.local/lib/python3.8/site-packages/airflow/example_dags/tutorial_objectstorage.py
[2024-01-06T02:44:02.905+0000] {processor.py:840} INFO - DAG(s) 'tutorial_objectstorage' retrieved from /home/airflow/.local/lib/python3.8/site-packages/airflow/example_dags/tutorial_objectstorage.py
[2024-01-06T02:44:02.918+0000] {logging_mixin.py:188} INFO - [2024-01-06T02:44:02.918+0000] {dag.py:3033} INFO - Sync 1 DAGs
[2024-01-06T02:44:02.925+0000] {logging_mixin.py:188} INFO - [2024-01-06T02:44:02.925+0000] {dag.py:3820} INFO - Setting next_dagrun for tutorial_objectstorage to None, run_after=None
[2024-01-06T02:44:02.938+0000] {processor.py:183} INFO - Processing /home/airflow/.local/lib/python3.8/site-packages/airflow/example_dags/tutorial_objectstorage.py took 0.043 seconds
[2024-01-06T02:44:33.108+0000] {processor.py:161} INFO - Started process (PID=42764) to work on /home/airflow/.local/lib/python3.8/site-packages/airflow/example_dags/tutorial_objectstorage.py
[2024-01-06T02:44:33.110+0000] {processor.py:830} INFO - Processing file /home/airflow/.local/lib/python3.8/site-packages/airflow/example_dags/tutorial_objectstorage.py for tasks to queue
[2024-01-06T02:44:33.112+0000] {logging_mixin.py:188} INFO - [2024-01-06T02:44:33.112+0000] {dagbag.py:538} INFO - Filling up the DagBag from /home/airflow/.local/lib/python3.8/site-packages/airflow/example_dags/tutorial_objectstorage.py
[2024-01-06T02:44:33.116+0000] {processor.py:840} INFO - DAG(s) 'tutorial_objectstorage' retrieved from /home/airflow/.local/lib/python3.8/site-packages/airflow/example_dags/tutorial_objectstorage.py
[2024-01-06T02:44:33.129+0000] {logging_mixin.py:188} INFO - [2024-01-06T02:44:33.129+0000] {dag.py:3033} INFO - Sync 1 DAGs
[2024-01-06T02:44:33.137+0000] {logging_mixin.py:188} INFO - [2024-01-06T02:44:33.137+0000] {dag.py:3820} INFO - Setting next_dagrun for tutorial_objectstorage to None, run_after=None
[2024-01-06T02:44:33.149+0000] {processor.py:183} INFO - Processing /home/airflow/.local/lib/python3.8/site-packages/airflow/example_dags/tutorial_objectstorage.py took 0.043 seconds
[2024-01-06T02:45:03.421+0000] {processor.py:161} INFO - Started process (PID=42822) to work on /home/airflow/.local/lib/python3.8/site-packages/airflow/example_dags/tutorial_objectstorage.py
[2024-01-06T02:45:03.423+0000] {processor.py:830} INFO - Processing file /home/airflow/.local/lib/python3.8/site-packages/airflow/example_dags/tutorial_objectstorage.py for tasks to queue
[2024-01-06T02:45:03.425+0000] {logging_mixin.py:188} INFO - [2024-01-06T02:45:03.425+0000] {dagbag.py:538} INFO - Filling up the DagBag from /home/airflow/.local/lib/python3.8/site-packages/airflow/example_dags/tutorial_objectstorage.py
[2024-01-06T02:45:03.431+0000] {processor.py:840} INFO - DAG(s) 'tutorial_objectstorage' retrieved from /home/airflow/.local/lib/python3.8/site-packages/airflow/example_dags/tutorial_objectstorage.py
[2024-01-06T02:45:03.444+0000] {logging_mixin.py:188} INFO - [2024-01-06T02:45:03.444+0000] {dag.py:3033} INFO - Sync 1 DAGs
[2024-01-06T02:45:03.452+0000] {logging_mixin.py:188} INFO - [2024-01-06T02:45:03.452+0000] {dag.py:3820} INFO - Setting next_dagrun for tutorial_objectstorage to None, run_after=None
[2024-01-06T02:45:03.463+0000] {processor.py:183} INFO - Processing /home/airflow/.local/lib/python3.8/site-packages/airflow/example_dags/tutorial_objectstorage.py took 0.045 seconds
[2024-01-06T02:45:33.575+0000] {processor.py:161} INFO - Started process (PID=42880) to work on /home/airflow/.local/lib/python3.8/site-packages/airflow/example_dags/tutorial_objectstorage.py
[2024-01-06T02:45:33.577+0000] {processor.py:830} INFO - Processing file /home/airflow/.local/lib/python3.8/site-packages/airflow/example_dags/tutorial_objectstorage.py for tasks to queue
[2024-01-06T02:45:33.579+0000] {logging_mixin.py:188} INFO - [2024-01-06T02:45:33.579+0000] {dagbag.py:538} INFO - Filling up the DagBag from /home/airflow/.local/lib/python3.8/site-packages/airflow/example_dags/tutorial_objectstorage.py
[2024-01-06T02:45:33.585+0000] {processor.py:840} INFO - DAG(s) 'tutorial_objectstorage' retrieved from /home/airflow/.local/lib/python3.8/site-packages/airflow/example_dags/tutorial_objectstorage.py
[2024-01-06T02:45:33.598+0000] {logging_mixin.py:188} INFO - [2024-01-06T02:45:33.598+0000] {dag.py:3033} INFO - Sync 1 DAGs
[2024-01-06T02:45:33.607+0000] {logging_mixin.py:188} INFO - [2024-01-06T02:45:33.607+0000] {dag.py:3820} INFO - Setting next_dagrun for tutorial_objectstorage to None, run_after=None
[2024-01-06T02:45:33.621+0000] {processor.py:183} INFO - Processing /home/airflow/.local/lib/python3.8/site-packages/airflow/example_dags/tutorial_objectstorage.py took 0.048 seconds
[2024-01-06T02:46:03.816+0000] {processor.py:161} INFO - Started process (PID=42938) to work on /home/airflow/.local/lib/python3.8/site-packages/airflow/example_dags/tutorial_objectstorage.py
[2024-01-06T02:46:03.818+0000] {processor.py:830} INFO - Processing file /home/airflow/.local/lib/python3.8/site-packages/airflow/example_dags/tutorial_objectstorage.py for tasks to queue
[2024-01-06T02:46:03.822+0000] {logging_mixin.py:188} INFO - [2024-01-06T02:46:03.822+0000] {dagbag.py:538} INFO - Filling up the DagBag from /home/airflow/.local/lib/python3.8/site-packages/airflow/example_dags/tutorial_objectstorage.py
[2024-01-06T02:46:03.829+0000] {processor.py:840} INFO - DAG(s) 'tutorial_objectstorage' retrieved from /home/airflow/.local/lib/python3.8/site-packages/airflow/example_dags/tutorial_objectstorage.py
[2024-01-06T02:46:03.844+0000] {logging_mixin.py:188} INFO - [2024-01-06T02:46:03.844+0000] {dag.py:3033} INFO - Sync 1 DAGs
[2024-01-06T02:46:03.852+0000] {logging_mixin.py:188} INFO - [2024-01-06T02:46:03.852+0000] {dag.py:3820} INFO - Setting next_dagrun for tutorial_objectstorage to None, run_after=None
[2024-01-06T02:46:03.863+0000] {processor.py:183} INFO - Processing /home/airflow/.local/lib/python3.8/site-packages/airflow/example_dags/tutorial_objectstorage.py took 0.049 seconds
[2024-01-06T02:46:34.439+0000] {processor.py:161} INFO - Started process (PID=42996) to work on /home/airflow/.local/lib/python3.8/site-packages/airflow/example_dags/tutorial_objectstorage.py
[2024-01-06T02:46:34.441+0000] {processor.py:830} INFO - Processing file /home/airflow/.local/lib/python3.8/site-packages/airflow/example_dags/tutorial_objectstorage.py for tasks to queue
[2024-01-06T02:46:34.443+0000] {logging_mixin.py:188} INFO - [2024-01-06T02:46:34.443+0000] {dagbag.py:538} INFO - Filling up the DagBag from /home/airflow/.local/lib/python3.8/site-packages/airflow/example_dags/tutorial_objectstorage.py
[2024-01-06T02:46:34.448+0000] {processor.py:840} INFO - DAG(s) 'tutorial_objectstorage' retrieved from /home/airflow/.local/lib/python3.8/site-packages/airflow/example_dags/tutorial_objectstorage.py
[2024-01-06T02:46:34.463+0000] {logging_mixin.py:188} INFO - [2024-01-06T02:46:34.463+0000] {dag.py:3033} INFO - Sync 1 DAGs
[2024-01-06T02:46:34.471+0000] {logging_mixin.py:188} INFO - [2024-01-06T02:46:34.471+0000] {dag.py:3820} INFO - Setting next_dagrun for tutorial_objectstorage to None, run_after=None
[2024-01-06T02:46:34.485+0000] {processor.py:183} INFO - Processing /home/airflow/.local/lib/python3.8/site-packages/airflow/example_dags/tutorial_objectstorage.py took 0.048 seconds
[2024-01-06T02:47:04.683+0000] {processor.py:161} INFO - Started process (PID=43054) to work on /home/airflow/.local/lib/python3.8/site-packages/airflow/example_dags/tutorial_objectstorage.py
[2024-01-06T02:47:04.684+0000] {processor.py:830} INFO - Processing file /home/airflow/.local/lib/python3.8/site-packages/airflow/example_dags/tutorial_objectstorage.py for tasks to queue
[2024-01-06T02:47:04.686+0000] {logging_mixin.py:188} INFO - [2024-01-06T02:47:04.686+0000] {dagbag.py:538} INFO - Filling up the DagBag from /home/airflow/.local/lib/python3.8/site-packages/airflow/example_dags/tutorial_objectstorage.py
[2024-01-06T02:47:04.691+0000] {processor.py:840} INFO - DAG(s) 'tutorial_objectstorage' retrieved from /home/airflow/.local/lib/python3.8/site-packages/airflow/example_dags/tutorial_objectstorage.py
[2024-01-06T02:47:04.704+0000] {logging_mixin.py:188} INFO - [2024-01-06T02:47:04.704+0000] {dag.py:3033} INFO - Sync 1 DAGs
[2024-01-06T02:47:04.712+0000] {logging_mixin.py:188} INFO - [2024-01-06T02:47:04.712+0000] {dag.py:3820} INFO - Setting next_dagrun for tutorial_objectstorage to None, run_after=None
[2024-01-06T02:47:04.722+0000] {processor.py:183} INFO - Processing /home/airflow/.local/lib/python3.8/site-packages/airflow/example_dags/tutorial_objectstorage.py took 0.042 seconds
[2024-01-06T02:47:35.254+0000] {processor.py:161} INFO - Started process (PID=43112) to work on /home/airflow/.local/lib/python3.8/site-packages/airflow/example_dags/tutorial_objectstorage.py
[2024-01-06T02:47:35.255+0000] {processor.py:830} INFO - Processing file /home/airflow/.local/lib/python3.8/site-packages/airflow/example_dags/tutorial_objectstorage.py for tasks to queue
[2024-01-06T02:47:35.257+0000] {logging_mixin.py:188} INFO - [2024-01-06T02:47:35.257+0000] {dagbag.py:538} INFO - Filling up the DagBag from /home/airflow/.local/lib/python3.8/site-packages/airflow/example_dags/tutorial_objectstorage.py
[2024-01-06T02:47:35.261+0000] {processor.py:840} INFO - DAG(s) 'tutorial_objectstorage' retrieved from /home/airflow/.local/lib/python3.8/site-packages/airflow/example_dags/tutorial_objectstorage.py
[2024-01-06T02:47:35.274+0000] {logging_mixin.py:188} INFO - [2024-01-06T02:47:35.274+0000] {dag.py:3033} INFO - Sync 1 DAGs
[2024-01-06T02:47:35.281+0000] {logging_mixin.py:188} INFO - [2024-01-06T02:47:35.281+0000] {dag.py:3820} INFO - Setting next_dagrun for tutorial_objectstorage to None, run_after=None
[2024-01-06T02:47:35.292+0000] {processor.py:183} INFO - Processing /home/airflow/.local/lib/python3.8/site-packages/airflow/example_dags/tutorial_objectstorage.py took 0.041 seconds
[2024-01-06T02:48:05.384+0000] {processor.py:161} INFO - Started process (PID=43170) to work on /home/airflow/.local/lib/python3.8/site-packages/airflow/example_dags/tutorial_objectstorage.py
[2024-01-06T02:48:05.386+0000] {processor.py:830} INFO - Processing file /home/airflow/.local/lib/python3.8/site-packages/airflow/example_dags/tutorial_objectstorage.py for tasks to queue
[2024-01-06T02:48:05.388+0000] {logging_mixin.py:188} INFO - [2024-01-06T02:48:05.388+0000] {dagbag.py:538} INFO - Filling up the DagBag from /home/airflow/.local/lib/python3.8/site-packages/airflow/example_dags/tutorial_objectstorage.py
[2024-01-06T02:48:05.393+0000] {processor.py:840} INFO - DAG(s) 'tutorial_objectstorage' retrieved from /home/airflow/.local/lib/python3.8/site-packages/airflow/example_dags/tutorial_objectstorage.py
[2024-01-06T02:48:05.407+0000] {logging_mixin.py:188} INFO - [2024-01-06T02:48:05.407+0000] {dag.py:3033} INFO - Sync 1 DAGs
[2024-01-06T02:48:05.416+0000] {logging_mixin.py:188} INFO - [2024-01-06T02:48:05.416+0000] {dag.py:3820} INFO - Setting next_dagrun for tutorial_objectstorage to None, run_after=None
[2024-01-06T02:48:05.426+0000] {processor.py:183} INFO - Processing /home/airflow/.local/lib/python3.8/site-packages/airflow/example_dags/tutorial_objectstorage.py took 0.045 seconds
[2024-01-06T02:48:36.327+0000] {processor.py:161} INFO - Started process (PID=43228) to work on /home/airflow/.local/lib/python3.8/site-packages/airflow/example_dags/tutorial_objectstorage.py
[2024-01-06T02:48:36.332+0000] {processor.py:830} INFO - Processing file /home/airflow/.local/lib/python3.8/site-packages/airflow/example_dags/tutorial_objectstorage.py for tasks to queue
[2024-01-06T02:48:36.339+0000] {logging_mixin.py:188} INFO - [2024-01-06T02:48:36.337+0000] {dagbag.py:538} INFO - Filling up the DagBag from /home/airflow/.local/lib/python3.8/site-packages/airflow/example_dags/tutorial_objectstorage.py
[2024-01-06T02:48:36.349+0000] {processor.py:840} INFO - DAG(s) 'tutorial_objectstorage' retrieved from /home/airflow/.local/lib/python3.8/site-packages/airflow/example_dags/tutorial_objectstorage.py
[2024-01-06T02:48:36.389+0000] {logging_mixin.py:188} INFO - [2024-01-06T02:48:36.388+0000] {dag.py:3033} INFO - Sync 1 DAGs
[2024-01-06T02:48:36.410+0000] {logging_mixin.py:188} INFO - [2024-01-06T02:48:36.410+0000] {dag.py:3820} INFO - Setting next_dagrun for tutorial_objectstorage to None, run_after=None
[2024-01-06T02:48:36.453+0000] {processor.py:183} INFO - Processing /home/airflow/.local/lib/python3.8/site-packages/airflow/example_dags/tutorial_objectstorage.py took 0.131 seconds
[2024-01-06T02:49:24.403+0000] {processor.py:161} INFO - Started process (PID=43286) to work on /home/airflow/.local/lib/python3.8/site-packages/airflow/example_dags/tutorial_objectstorage.py
[2024-01-06T02:49:24.404+0000] {processor.py:830} INFO - Processing file /home/airflow/.local/lib/python3.8/site-packages/airflow/example_dags/tutorial_objectstorage.py for tasks to queue
[2024-01-06T02:49:24.406+0000] {logging_mixin.py:188} INFO - [2024-01-06T02:49:24.406+0000] {dagbag.py:538} INFO - Filling up the DagBag from /home/airflow/.local/lib/python3.8/site-packages/airflow/example_dags/tutorial_objectstorage.py
[2024-01-06T02:49:24.412+0000] {processor.py:840} INFO - DAG(s) 'tutorial_objectstorage' retrieved from /home/airflow/.local/lib/python3.8/site-packages/airflow/example_dags/tutorial_objectstorage.py
[2024-01-06T02:49:24.430+0000] {logging_mixin.py:188} INFO - [2024-01-06T02:49:24.430+0000] {dag.py:3033} INFO - Sync 1 DAGs
[2024-01-06T02:49:24.440+0000] {logging_mixin.py:188} INFO - [2024-01-06T02:49:24.439+0000] {dag.py:3820} INFO - Setting next_dagrun for tutorial_objectstorage to None, run_after=None
[2024-01-06T02:49:24.454+0000] {processor.py:183} INFO - Processing /home/airflow/.local/lib/python3.8/site-packages/airflow/example_dags/tutorial_objectstorage.py took 0.054 seconds
[2024-01-06T02:49:56.304+0000] {processor.py:161} INFO - Started process (PID=43352) to work on /home/airflow/.local/lib/python3.8/site-packages/airflow/example_dags/tutorial_objectstorage.py
[2024-01-06T02:49:56.306+0000] {processor.py:830} INFO - Processing file /home/airflow/.local/lib/python3.8/site-packages/airflow/example_dags/tutorial_objectstorage.py for tasks to queue
[2024-01-06T02:49:56.308+0000] {logging_mixin.py:188} INFO - [2024-01-06T02:49:56.308+0000] {dagbag.py:538} INFO - Filling up the DagBag from /home/airflow/.local/lib/python3.8/site-packages/airflow/example_dags/tutorial_objectstorage.py
[2024-01-06T02:49:56.313+0000] {processor.py:840} INFO - DAG(s) 'tutorial_objectstorage' retrieved from /home/airflow/.local/lib/python3.8/site-packages/airflow/example_dags/tutorial_objectstorage.py
[2024-01-06T02:49:56.327+0000] {logging_mixin.py:188} INFO - [2024-01-06T02:49:56.327+0000] {dag.py:3033} INFO - Sync 1 DAGs
[2024-01-06T02:49:56.335+0000] {logging_mixin.py:188} INFO - [2024-01-06T02:49:56.334+0000] {dag.py:3820} INFO - Setting next_dagrun for tutorial_objectstorage to None, run_after=None
[2024-01-06T02:49:56.349+0000] {processor.py:183} INFO - Processing /home/airflow/.local/lib/python3.8/site-packages/airflow/example_dags/tutorial_objectstorage.py took 0.047 seconds
[2024-01-06T02:50:27.099+0000] {processor.py:161} INFO - Started process (PID=43415) to work on /home/airflow/.local/lib/python3.8/site-packages/airflow/example_dags/tutorial_objectstorage.py
[2024-01-06T02:50:27.101+0000] {processor.py:830} INFO - Processing file /home/airflow/.local/lib/python3.8/site-packages/airflow/example_dags/tutorial_objectstorage.py for tasks to queue
[2024-01-06T02:50:27.103+0000] {logging_mixin.py:188} INFO - [2024-01-06T02:50:27.103+0000] {dagbag.py:538} INFO - Filling up the DagBag from /home/airflow/.local/lib/python3.8/site-packages/airflow/example_dags/tutorial_objectstorage.py
[2024-01-06T02:50:27.109+0000] {processor.py:840} INFO - DAG(s) 'tutorial_objectstorage' retrieved from /home/airflow/.local/lib/python3.8/site-packages/airflow/example_dags/tutorial_objectstorage.py
[2024-01-06T02:50:27.123+0000] {logging_mixin.py:188} INFO - [2024-01-06T02:50:27.123+0000] {dag.py:3033} INFO - Sync 1 DAGs
[2024-01-06T02:50:27.132+0000] {logging_mixin.py:188} INFO - [2024-01-06T02:50:27.132+0000] {dag.py:3820} INFO - Setting next_dagrun for tutorial_objectstorage to None, run_after=None
[2024-01-06T02:50:27.144+0000] {processor.py:183} INFO - Processing /home/airflow/.local/lib/python3.8/site-packages/airflow/example_dags/tutorial_objectstorage.py took 0.048 seconds
[2024-01-06T02:50:57.548+0000] {processor.py:161} INFO - Started process (PID=43475) to work on /home/airflow/.local/lib/python3.8/site-packages/airflow/example_dags/tutorial_objectstorage.py
[2024-01-06T02:50:57.550+0000] {processor.py:830} INFO - Processing file /home/airflow/.local/lib/python3.8/site-packages/airflow/example_dags/tutorial_objectstorage.py for tasks to queue
[2024-01-06T02:50:57.552+0000] {logging_mixin.py:188} INFO - [2024-01-06T02:50:57.552+0000] {dagbag.py:538} INFO - Filling up the DagBag from /home/airflow/.local/lib/python3.8/site-packages/airflow/example_dags/tutorial_objectstorage.py
[2024-01-06T02:50:57.557+0000] {processor.py:840} INFO - DAG(s) 'tutorial_objectstorage' retrieved from /home/airflow/.local/lib/python3.8/site-packages/airflow/example_dags/tutorial_objectstorage.py
[2024-01-06T02:50:57.572+0000] {logging_mixin.py:188} INFO - [2024-01-06T02:50:57.572+0000] {dag.py:3033} INFO - Sync 1 DAGs
[2024-01-06T02:50:57.581+0000] {logging_mixin.py:188} INFO - [2024-01-06T02:50:57.581+0000] {dag.py:3820} INFO - Setting next_dagrun for tutorial_objectstorage to None, run_after=None
[2024-01-06T02:50:57.597+0000] {processor.py:183} INFO - Processing /home/airflow/.local/lib/python3.8/site-packages/airflow/example_dags/tutorial_objectstorage.py took 0.051 seconds
