[2024-01-06T01:20:16.006+0000] {processor.py:161} INFO - Started process (PID=39370) to work on /home/airflow/.local/lib/python3.8/site-packages/airflow/example_dags/tutorial.py
[2024-01-06T01:20:16.007+0000] {processor.py:830} INFO - Processing file /home/airflow/.local/lib/python3.8/site-packages/airflow/example_dags/tutorial.py for tasks to queue
[2024-01-06T01:20:16.009+0000] {logging_mixin.py:188} INFO - [2024-01-06T01:20:16.009+0000] {dagbag.py:538} INFO - Filling up the DagBag from /home/airflow/.local/lib/python3.8/site-packages/airflow/example_dags/tutorial.py
[2024-01-06T01:20:16.014+0000] {processor.py:840} INFO - DAG(s) 'tutorial' retrieved from /home/airflow/.local/lib/python3.8/site-packages/airflow/example_dags/tutorial.py
[2024-01-06T01:20:16.030+0000] {logging_mixin.py:188} INFO - [2024-01-06T01:20:16.029+0000] {dag.py:3033} INFO - Sync 1 DAGs
[2024-01-06T01:20:16.044+0000] {logging_mixin.py:188} INFO - [2024-01-06T01:20:16.043+0000] {dag.py:3820} INFO - Setting next_dagrun for tutorial to 2024-01-05T00:00:00+00:00, run_after=2024-01-06T00:00:00+00:00
[2024-01-06T01:20:16.055+0000] {processor.py:183} INFO - Processing /home/airflow/.local/lib/python3.8/site-packages/airflow/example_dags/tutorial.py took 0.051 seconds
[2024-01-06T01:47:35.216+0000] {processor.py:161} INFO - Started process (PID=39428) to work on /home/airflow/.local/lib/python3.8/site-packages/airflow/example_dags/tutorial.py
[2024-01-06T01:47:35.218+0000] {processor.py:830} INFO - Processing file /home/airflow/.local/lib/python3.8/site-packages/airflow/example_dags/tutorial.py for tasks to queue
[2024-01-06T01:47:35.220+0000] {logging_mixin.py:188} INFO - [2024-01-06T01:47:35.220+0000] {dagbag.py:538} INFO - Filling up the DagBag from /home/airflow/.local/lib/python3.8/site-packages/airflow/example_dags/tutorial.py
[2024-01-06T01:47:35.225+0000] {processor.py:840} INFO - DAG(s) 'tutorial' retrieved from /home/airflow/.local/lib/python3.8/site-packages/airflow/example_dags/tutorial.py
[2024-01-06T01:47:35.243+0000] {logging_mixin.py:188} INFO - [2024-01-06T01:47:35.243+0000] {dag.py:3033} INFO - Sync 1 DAGs
[2024-01-06T01:47:35.257+0000] {logging_mixin.py:188} INFO - [2024-01-06T01:47:35.257+0000] {dag.py:3820} INFO - Setting next_dagrun for tutorial to 2024-01-05T00:00:00+00:00, run_after=2024-01-06T00:00:00+00:00
[2024-01-06T01:47:35.269+0000] {processor.py:183} INFO - Processing /home/airflow/.local/lib/python3.8/site-packages/airflow/example_dags/tutorial.py took 0.055 seconds
[2024-01-06T01:48:05.833+0000] {processor.py:161} INFO - Started process (PID=39486) to work on /home/airflow/.local/lib/python3.8/site-packages/airflow/example_dags/tutorial.py
[2024-01-06T01:48:05.834+0000] {processor.py:830} INFO - Processing file /home/airflow/.local/lib/python3.8/site-packages/airflow/example_dags/tutorial.py for tasks to queue
[2024-01-06T01:48:05.836+0000] {logging_mixin.py:188} INFO - [2024-01-06T01:48:05.836+0000] {dagbag.py:538} INFO - Filling up the DagBag from /home/airflow/.local/lib/python3.8/site-packages/airflow/example_dags/tutorial.py
[2024-01-06T01:48:05.841+0000] {processor.py:840} INFO - DAG(s) 'tutorial' retrieved from /home/airflow/.local/lib/python3.8/site-packages/airflow/example_dags/tutorial.py
[2024-01-06T01:48:05.855+0000] {logging_mixin.py:188} INFO - [2024-01-06T01:48:05.855+0000] {dag.py:3033} INFO - Sync 1 DAGs
[2024-01-06T01:48:05.868+0000] {logging_mixin.py:188} INFO - [2024-01-06T01:48:05.868+0000] {dag.py:3820} INFO - Setting next_dagrun for tutorial to 2024-01-05T00:00:00+00:00, run_after=2024-01-06T00:00:00+00:00
[2024-01-06T01:48:05.879+0000] {processor.py:183} INFO - Processing /home/airflow/.local/lib/python3.8/site-packages/airflow/example_dags/tutorial.py took 0.049 seconds
[2024-01-06T02:05:27.227+0000] {processor.py:161} INFO - Started process (PID=39544) to work on /home/airflow/.local/lib/python3.8/site-packages/airflow/example_dags/tutorial.py
[2024-01-06T02:05:27.228+0000] {processor.py:830} INFO - Processing file /home/airflow/.local/lib/python3.8/site-packages/airflow/example_dags/tutorial.py for tasks to queue
[2024-01-06T02:05:27.231+0000] {logging_mixin.py:188} INFO - [2024-01-06T02:05:27.230+0000] {dagbag.py:538} INFO - Filling up the DagBag from /home/airflow/.local/lib/python3.8/site-packages/airflow/example_dags/tutorial.py
[2024-01-06T02:05:27.235+0000] {processor.py:840} INFO - DAG(s) 'tutorial' retrieved from /home/airflow/.local/lib/python3.8/site-packages/airflow/example_dags/tutorial.py
[2024-01-06T02:05:27.250+0000] {logging_mixin.py:188} INFO - [2024-01-06T02:05:27.250+0000] {dag.py:3033} INFO - Sync 1 DAGs
[2024-01-06T02:05:27.262+0000] {logging_mixin.py:188} INFO - [2024-01-06T02:05:27.262+0000] {dag.py:3820} INFO - Setting next_dagrun for tutorial to 2024-01-05T00:00:00+00:00, run_after=2024-01-06T00:00:00+00:00
[2024-01-06T02:05:27.276+0000] {processor.py:183} INFO - Processing /home/airflow/.local/lib/python3.8/site-packages/airflow/example_dags/tutorial.py took 0.052 seconds
[2024-01-06T02:16:26.843+0000] {processor.py:161} INFO - Started process (PID=39602) to work on /home/airflow/.local/lib/python3.8/site-packages/airflow/example_dags/tutorial.py
[2024-01-06T02:16:26.844+0000] {processor.py:830} INFO - Processing file /home/airflow/.local/lib/python3.8/site-packages/airflow/example_dags/tutorial.py for tasks to queue
[2024-01-06T02:16:26.846+0000] {logging_mixin.py:188} INFO - [2024-01-06T02:16:26.846+0000] {dagbag.py:538} INFO - Filling up the DagBag from /home/airflow/.local/lib/python3.8/site-packages/airflow/example_dags/tutorial.py
[2024-01-06T02:16:26.851+0000] {processor.py:840} INFO - DAG(s) 'tutorial' retrieved from /home/airflow/.local/lib/python3.8/site-packages/airflow/example_dags/tutorial.py
[2024-01-06T02:16:26.865+0000] {logging_mixin.py:188} INFO - [2024-01-06T02:16:26.865+0000] {dag.py:3033} INFO - Sync 1 DAGs
[2024-01-06T02:16:26.878+0000] {logging_mixin.py:188} INFO - [2024-01-06T02:16:26.878+0000] {dag.py:3820} INFO - Setting next_dagrun for tutorial to 2024-01-05T00:00:00+00:00, run_after=2024-01-06T00:00:00+00:00
[2024-01-06T02:16:26.891+0000] {processor.py:183} INFO - Processing /home/airflow/.local/lib/python3.8/site-packages/airflow/example_dags/tutorial.py took 0.050 seconds
[2024-01-06T02:17:06.516+0000] {processor.py:161} INFO - Started process (PID=39660) to work on /home/airflow/.local/lib/python3.8/site-packages/airflow/example_dags/tutorial.py
[2024-01-06T02:17:06.532+0000] {processor.py:830} INFO - Processing file /home/airflow/.local/lib/python3.8/site-packages/airflow/example_dags/tutorial.py for tasks to queue
[2024-01-06T02:17:06.561+0000] {logging_mixin.py:188} INFO - [2024-01-06T02:17:06.560+0000] {dagbag.py:538} INFO - Filling up the DagBag from /home/airflow/.local/lib/python3.8/site-packages/airflow/example_dags/tutorial.py
[2024-01-06T02:17:06.606+0000] {processor.py:840} INFO - DAG(s) 'tutorial' retrieved from /home/airflow/.local/lib/python3.8/site-packages/airflow/example_dags/tutorial.py
[2024-01-06T02:17:06.820+0000] {logging_mixin.py:188} INFO - [2024-01-06T02:17:06.819+0000] {dag.py:3033} INFO - Sync 1 DAGs
[2024-01-06T02:17:06.948+0000] {logging_mixin.py:188} INFO - [2024-01-06T02:17:06.947+0000] {dag.py:3820} INFO - Setting next_dagrun for tutorial to 2024-01-05T00:00:00+00:00, run_after=2024-01-06T00:00:00+00:00
[2024-01-06T02:17:07.085+0000] {processor.py:183} INFO - Processing /home/airflow/.local/lib/python3.8/site-packages/airflow/example_dags/tutorial.py took 0.598 seconds
[2024-01-06T02:17:37.594+0000] {processor.py:161} INFO - Started process (PID=39718) to work on /home/airflow/.local/lib/python3.8/site-packages/airflow/example_dags/tutorial.py
[2024-01-06T02:17:37.597+0000] {processor.py:830} INFO - Processing file /home/airflow/.local/lib/python3.8/site-packages/airflow/example_dags/tutorial.py for tasks to queue
[2024-01-06T02:17:37.600+0000] {logging_mixin.py:188} INFO - [2024-01-06T02:17:37.600+0000] {dagbag.py:538} INFO - Filling up the DagBag from /home/airflow/.local/lib/python3.8/site-packages/airflow/example_dags/tutorial.py
[2024-01-06T02:17:37.607+0000] {processor.py:840} INFO - DAG(s) 'tutorial' retrieved from /home/airflow/.local/lib/python3.8/site-packages/airflow/example_dags/tutorial.py
[2024-01-06T02:17:37.625+0000] {logging_mixin.py:188} INFO - [2024-01-06T02:17:37.625+0000] {dag.py:3033} INFO - Sync 1 DAGs
[2024-01-06T02:17:37.639+0000] {logging_mixin.py:188} INFO - [2024-01-06T02:17:37.639+0000] {dag.py:3820} INFO - Setting next_dagrun for tutorial to 2024-01-05T00:00:00+00:00, run_after=2024-01-06T00:00:00+00:00
[2024-01-06T02:17:37.651+0000] {processor.py:183} INFO - Processing /home/airflow/.local/lib/python3.8/site-packages/airflow/example_dags/tutorial.py took 0.061 seconds
[2024-01-06T02:18:07.917+0000] {processor.py:161} INFO - Started process (PID=39776) to work on /home/airflow/.local/lib/python3.8/site-packages/airflow/example_dags/tutorial.py
[2024-01-06T02:18:07.919+0000] {processor.py:830} INFO - Processing file /home/airflow/.local/lib/python3.8/site-packages/airflow/example_dags/tutorial.py for tasks to queue
[2024-01-06T02:18:07.923+0000] {logging_mixin.py:188} INFO - [2024-01-06T02:18:07.922+0000] {dagbag.py:538} INFO - Filling up the DagBag from /home/airflow/.local/lib/python3.8/site-packages/airflow/example_dags/tutorial.py
[2024-01-06T02:18:07.929+0000] {processor.py:840} INFO - DAG(s) 'tutorial' retrieved from /home/airflow/.local/lib/python3.8/site-packages/airflow/example_dags/tutorial.py
[2024-01-06T02:18:07.946+0000] {logging_mixin.py:188} INFO - [2024-01-06T02:18:07.945+0000] {dag.py:3033} INFO - Sync 1 DAGs
[2024-01-06T02:18:07.959+0000] {logging_mixin.py:188} INFO - [2024-01-06T02:18:07.959+0000] {dag.py:3820} INFO - Setting next_dagrun for tutorial to 2024-01-05T00:00:00+00:00, run_after=2024-01-06T00:00:00+00:00
[2024-01-06T02:18:07.970+0000] {processor.py:183} INFO - Processing /home/airflow/.local/lib/python3.8/site-packages/airflow/example_dags/tutorial.py took 0.058 seconds
[2024-01-06T02:18:38.413+0000] {processor.py:161} INFO - Started process (PID=39834) to work on /home/airflow/.local/lib/python3.8/site-packages/airflow/example_dags/tutorial.py
[2024-01-06T02:18:38.414+0000] {processor.py:830} INFO - Processing file /home/airflow/.local/lib/python3.8/site-packages/airflow/example_dags/tutorial.py for tasks to queue
[2024-01-06T02:18:38.417+0000] {logging_mixin.py:188} INFO - [2024-01-06T02:18:38.417+0000] {dagbag.py:538} INFO - Filling up the DagBag from /home/airflow/.local/lib/python3.8/site-packages/airflow/example_dags/tutorial.py
[2024-01-06T02:18:38.425+0000] {processor.py:840} INFO - DAG(s) 'tutorial' retrieved from /home/airflow/.local/lib/python3.8/site-packages/airflow/example_dags/tutorial.py
[2024-01-06T02:18:38.443+0000] {logging_mixin.py:188} INFO - [2024-01-06T02:18:38.443+0000] {dag.py:3033} INFO - Sync 1 DAGs
[2024-01-06T02:18:38.458+0000] {logging_mixin.py:188} INFO - [2024-01-06T02:18:38.458+0000] {dag.py:3820} INFO - Setting next_dagrun for tutorial to 2024-01-05T00:00:00+00:00, run_after=2024-01-06T00:00:00+00:00
[2024-01-06T02:18:38.470+0000] {processor.py:183} INFO - Processing /home/airflow/.local/lib/python3.8/site-packages/airflow/example_dags/tutorial.py took 0.062 seconds
[2024-01-06T02:19:09.128+0000] {processor.py:161} INFO - Started process (PID=39893) to work on /home/airflow/.local/lib/python3.8/site-packages/airflow/example_dags/tutorial.py
[2024-01-06T02:19:09.130+0000] {processor.py:830} INFO - Processing file /home/airflow/.local/lib/python3.8/site-packages/airflow/example_dags/tutorial.py for tasks to queue
[2024-01-06T02:19:09.133+0000] {logging_mixin.py:188} INFO - [2024-01-06T02:19:09.132+0000] {dagbag.py:538} INFO - Filling up the DagBag from /home/airflow/.local/lib/python3.8/site-packages/airflow/example_dags/tutorial.py
[2024-01-06T02:19:09.139+0000] {processor.py:840} INFO - DAG(s) 'tutorial' retrieved from /home/airflow/.local/lib/python3.8/site-packages/airflow/example_dags/tutorial.py
[2024-01-06T02:19:09.156+0000] {logging_mixin.py:188} INFO - [2024-01-06T02:19:09.155+0000] {dag.py:3033} INFO - Sync 1 DAGs
[2024-01-06T02:19:09.168+0000] {logging_mixin.py:188} INFO - [2024-01-06T02:19:09.168+0000] {dag.py:3820} INFO - Setting next_dagrun for tutorial to 2024-01-05T00:00:00+00:00, run_after=2024-01-06T00:00:00+00:00
[2024-01-06T02:19:09.180+0000] {processor.py:183} INFO - Processing /home/airflow/.local/lib/python3.8/site-packages/airflow/example_dags/tutorial.py took 0.056 seconds
[2024-01-06T02:19:39.402+0000] {processor.py:161} INFO - Started process (PID=39951) to work on /home/airflow/.local/lib/python3.8/site-packages/airflow/example_dags/tutorial.py
[2024-01-06T02:19:39.404+0000] {processor.py:830} INFO - Processing file /home/airflow/.local/lib/python3.8/site-packages/airflow/example_dags/tutorial.py for tasks to queue
[2024-01-06T02:19:39.407+0000] {logging_mixin.py:188} INFO - [2024-01-06T02:19:39.407+0000] {dagbag.py:538} INFO - Filling up the DagBag from /home/airflow/.local/lib/python3.8/site-packages/airflow/example_dags/tutorial.py
[2024-01-06T02:19:39.413+0000] {processor.py:840} INFO - DAG(s) 'tutorial' retrieved from /home/airflow/.local/lib/python3.8/site-packages/airflow/example_dags/tutorial.py
[2024-01-06T02:19:39.430+0000] {logging_mixin.py:188} INFO - [2024-01-06T02:19:39.429+0000] {dag.py:3033} INFO - Sync 1 DAGs
[2024-01-06T02:19:39.449+0000] {logging_mixin.py:188} INFO - [2024-01-06T02:19:39.449+0000] {dag.py:3820} INFO - Setting next_dagrun for tutorial to 2024-01-05T00:00:00+00:00, run_after=2024-01-06T00:00:00+00:00
[2024-01-06T02:19:39.464+0000] {processor.py:183} INFO - Processing /home/airflow/.local/lib/python3.8/site-packages/airflow/example_dags/tutorial.py took 0.065 seconds
[2024-01-06T02:20:10.007+0000] {processor.py:161} INFO - Started process (PID=40009) to work on /home/airflow/.local/lib/python3.8/site-packages/airflow/example_dags/tutorial.py
[2024-01-06T02:20:10.009+0000] {processor.py:830} INFO - Processing file /home/airflow/.local/lib/python3.8/site-packages/airflow/example_dags/tutorial.py for tasks to queue
[2024-01-06T02:20:10.012+0000] {logging_mixin.py:188} INFO - [2024-01-06T02:20:10.012+0000] {dagbag.py:538} INFO - Filling up the DagBag from /home/airflow/.local/lib/python3.8/site-packages/airflow/example_dags/tutorial.py
[2024-01-06T02:20:10.018+0000] {processor.py:840} INFO - DAG(s) 'tutorial' retrieved from /home/airflow/.local/lib/python3.8/site-packages/airflow/example_dags/tutorial.py
[2024-01-06T02:20:10.037+0000] {logging_mixin.py:188} INFO - [2024-01-06T02:20:10.037+0000] {dag.py:3033} INFO - Sync 1 DAGs
[2024-01-06T02:20:10.051+0000] {logging_mixin.py:188} INFO - [2024-01-06T02:20:10.051+0000] {dag.py:3820} INFO - Setting next_dagrun for tutorial to 2024-01-05T00:00:00+00:00, run_after=2024-01-06T00:00:00+00:00
[2024-01-06T02:20:10.065+0000] {processor.py:183} INFO - Processing /home/airflow/.local/lib/python3.8/site-packages/airflow/example_dags/tutorial.py took 0.062 seconds
[2024-01-06T02:20:40.879+0000] {processor.py:161} INFO - Started process (PID=40067) to work on /home/airflow/.local/lib/python3.8/site-packages/airflow/example_dags/tutorial.py
[2024-01-06T02:20:40.883+0000] {processor.py:830} INFO - Processing file /home/airflow/.local/lib/python3.8/site-packages/airflow/example_dags/tutorial.py for tasks to queue
[2024-01-06T02:20:40.889+0000] {logging_mixin.py:188} INFO - [2024-01-06T02:20:40.888+0000] {dagbag.py:538} INFO - Filling up the DagBag from /home/airflow/.local/lib/python3.8/site-packages/airflow/example_dags/tutorial.py
[2024-01-06T02:20:40.900+0000] {processor.py:840} INFO - DAG(s) 'tutorial' retrieved from /home/airflow/.local/lib/python3.8/site-packages/airflow/example_dags/tutorial.py
[2024-01-06T02:20:40.929+0000] {logging_mixin.py:188} INFO - [2024-01-06T02:20:40.929+0000] {dag.py:3033} INFO - Sync 1 DAGs
[2024-01-06T02:20:40.956+0000] {logging_mixin.py:188} INFO - [2024-01-06T02:20:40.956+0000] {dag.py:3820} INFO - Setting next_dagrun for tutorial to 2024-01-05T00:00:00+00:00, run_after=2024-01-06T00:00:00+00:00
[2024-01-06T02:20:40.969+0000] {processor.py:183} INFO - Processing /home/airflow/.local/lib/python3.8/site-packages/airflow/example_dags/tutorial.py took 0.096 seconds
[2024-01-06T02:21:11.623+0000] {processor.py:161} INFO - Started process (PID=40125) to work on /home/airflow/.local/lib/python3.8/site-packages/airflow/example_dags/tutorial.py
[2024-01-06T02:21:11.631+0000] {processor.py:830} INFO - Processing file /home/airflow/.local/lib/python3.8/site-packages/airflow/example_dags/tutorial.py for tasks to queue
[2024-01-06T02:21:11.636+0000] {logging_mixin.py:188} INFO - [2024-01-06T02:21:11.635+0000] {dagbag.py:538} INFO - Filling up the DagBag from /home/airflow/.local/lib/python3.8/site-packages/airflow/example_dags/tutorial.py
[2024-01-06T02:21:11.645+0000] {processor.py:840} INFO - DAG(s) 'tutorial' retrieved from /home/airflow/.local/lib/python3.8/site-packages/airflow/example_dags/tutorial.py
[2024-01-06T02:21:11.662+0000] {logging_mixin.py:188} INFO - [2024-01-06T02:21:11.662+0000] {dag.py:3033} INFO - Sync 1 DAGs
[2024-01-06T02:21:11.680+0000] {logging_mixin.py:188} INFO - [2024-01-06T02:21:11.680+0000] {dag.py:3820} INFO - Setting next_dagrun for tutorial to 2024-01-05T00:00:00+00:00, run_after=2024-01-06T00:00:00+00:00
[2024-01-06T02:21:11.695+0000] {processor.py:183} INFO - Processing /home/airflow/.local/lib/python3.8/site-packages/airflow/example_dags/tutorial.py took 0.075 seconds
[2024-01-06T02:21:42.620+0000] {processor.py:161} INFO - Started process (PID=40183) to work on /home/airflow/.local/lib/python3.8/site-packages/airflow/example_dags/tutorial.py
[2024-01-06T02:21:42.623+0000] {processor.py:830} INFO - Processing file /home/airflow/.local/lib/python3.8/site-packages/airflow/example_dags/tutorial.py for tasks to queue
[2024-01-06T02:21:42.625+0000] {logging_mixin.py:188} INFO - [2024-01-06T02:21:42.625+0000] {dagbag.py:538} INFO - Filling up the DagBag from /home/airflow/.local/lib/python3.8/site-packages/airflow/example_dags/tutorial.py
[2024-01-06T02:21:42.632+0000] {processor.py:840} INFO - DAG(s) 'tutorial' retrieved from /home/airflow/.local/lib/python3.8/site-packages/airflow/example_dags/tutorial.py
[2024-01-06T02:21:42.652+0000] {logging_mixin.py:188} INFO - [2024-01-06T02:21:42.651+0000] {dag.py:3033} INFO - Sync 1 DAGs
[2024-01-06T02:21:42.667+0000] {logging_mixin.py:188} INFO - [2024-01-06T02:21:42.667+0000] {dag.py:3820} INFO - Setting next_dagrun for tutorial to 2024-01-05T00:00:00+00:00, run_after=2024-01-06T00:00:00+00:00
[2024-01-06T02:21:42.679+0000] {processor.py:183} INFO - Processing /home/airflow/.local/lib/python3.8/site-packages/airflow/example_dags/tutorial.py took 0.063 seconds
[2024-01-06T02:22:12.914+0000] {processor.py:161} INFO - Started process (PID=40241) to work on /home/airflow/.local/lib/python3.8/site-packages/airflow/example_dags/tutorial.py
[2024-01-06T02:22:12.916+0000] {processor.py:830} INFO - Processing file /home/airflow/.local/lib/python3.8/site-packages/airflow/example_dags/tutorial.py for tasks to queue
[2024-01-06T02:22:12.918+0000] {logging_mixin.py:188} INFO - [2024-01-06T02:22:12.918+0000] {dagbag.py:538} INFO - Filling up the DagBag from /home/airflow/.local/lib/python3.8/site-packages/airflow/example_dags/tutorial.py
[2024-01-06T02:22:12.924+0000] {processor.py:840} INFO - DAG(s) 'tutorial' retrieved from /home/airflow/.local/lib/python3.8/site-packages/airflow/example_dags/tutorial.py
[2024-01-06T02:22:12.944+0000] {logging_mixin.py:188} INFO - [2024-01-06T02:22:12.944+0000] {dag.py:3033} INFO - Sync 1 DAGs
[2024-01-06T02:22:12.961+0000] {logging_mixin.py:188} INFO - [2024-01-06T02:22:12.961+0000] {dag.py:3820} INFO - Setting next_dagrun for tutorial to 2024-01-05T00:00:00+00:00, run_after=2024-01-06T00:00:00+00:00
[2024-01-06T02:22:12.974+0000] {processor.py:183} INFO - Processing /home/airflow/.local/lib/python3.8/site-packages/airflow/example_dags/tutorial.py took 0.065 seconds
[2024-01-06T02:22:43.741+0000] {processor.py:161} INFO - Started process (PID=40299) to work on /home/airflow/.local/lib/python3.8/site-packages/airflow/example_dags/tutorial.py
[2024-01-06T02:22:43.743+0000] {processor.py:830} INFO - Processing file /home/airflow/.local/lib/python3.8/site-packages/airflow/example_dags/tutorial.py for tasks to queue
[2024-01-06T02:22:43.747+0000] {logging_mixin.py:188} INFO - [2024-01-06T02:22:43.747+0000] {dagbag.py:538} INFO - Filling up the DagBag from /home/airflow/.local/lib/python3.8/site-packages/airflow/example_dags/tutorial.py
[2024-01-06T02:22:43.755+0000] {processor.py:840} INFO - DAG(s) 'tutorial' retrieved from /home/airflow/.local/lib/python3.8/site-packages/airflow/example_dags/tutorial.py
[2024-01-06T02:22:43.772+0000] {logging_mixin.py:188} INFO - [2024-01-06T02:22:43.772+0000] {dag.py:3033} INFO - Sync 1 DAGs
[2024-01-06T02:22:43.788+0000] {logging_mixin.py:188} INFO - [2024-01-06T02:22:43.787+0000] {dag.py:3820} INFO - Setting next_dagrun for tutorial to 2024-01-05T00:00:00+00:00, run_after=2024-01-06T00:00:00+00:00
[2024-01-06T02:22:43.801+0000] {processor.py:183} INFO - Processing /home/airflow/.local/lib/python3.8/site-packages/airflow/example_dags/tutorial.py took 0.063 seconds
[2024-01-06T02:23:14.604+0000] {processor.py:161} INFO - Started process (PID=40357) to work on /home/airflow/.local/lib/python3.8/site-packages/airflow/example_dags/tutorial.py
[2024-01-06T02:23:14.606+0000] {processor.py:830} INFO - Processing file /home/airflow/.local/lib/python3.8/site-packages/airflow/example_dags/tutorial.py for tasks to queue
[2024-01-06T02:23:14.610+0000] {logging_mixin.py:188} INFO - [2024-01-06T02:23:14.609+0000] {dagbag.py:538} INFO - Filling up the DagBag from /home/airflow/.local/lib/python3.8/site-packages/airflow/example_dags/tutorial.py
[2024-01-06T02:23:14.616+0000] {processor.py:840} INFO - DAG(s) 'tutorial' retrieved from /home/airflow/.local/lib/python3.8/site-packages/airflow/example_dags/tutorial.py
[2024-01-06T02:23:14.633+0000] {logging_mixin.py:188} INFO - [2024-01-06T02:23:14.633+0000] {dag.py:3033} INFO - Sync 1 DAGs
[2024-01-06T02:23:14.646+0000] {logging_mixin.py:188} INFO - [2024-01-06T02:23:14.646+0000] {dag.py:3820} INFO - Setting next_dagrun for tutorial to 2024-01-05T00:00:00+00:00, run_after=2024-01-06T00:00:00+00:00
[2024-01-06T02:23:14.672+0000] {processor.py:183} INFO - Processing /home/airflow/.local/lib/python3.8/site-packages/airflow/example_dags/tutorial.py took 0.072 seconds
[2024-01-06T02:23:45.058+0000] {processor.py:161} INFO - Started process (PID=40415) to work on /home/airflow/.local/lib/python3.8/site-packages/airflow/example_dags/tutorial.py
[2024-01-06T02:23:45.060+0000] {processor.py:830} INFO - Processing file /home/airflow/.local/lib/python3.8/site-packages/airflow/example_dags/tutorial.py for tasks to queue
[2024-01-06T02:23:45.062+0000] {logging_mixin.py:188} INFO - [2024-01-06T02:23:45.062+0000] {dagbag.py:538} INFO - Filling up the DagBag from /home/airflow/.local/lib/python3.8/site-packages/airflow/example_dags/tutorial.py
[2024-01-06T02:23:45.068+0000] {processor.py:840} INFO - DAG(s) 'tutorial' retrieved from /home/airflow/.local/lib/python3.8/site-packages/airflow/example_dags/tutorial.py
[2024-01-06T02:23:45.084+0000] {logging_mixin.py:188} INFO - [2024-01-06T02:23:45.084+0000] {dag.py:3033} INFO - Sync 1 DAGs
[2024-01-06T02:23:45.097+0000] {logging_mixin.py:188} INFO - [2024-01-06T02:23:45.097+0000] {dag.py:3820} INFO - Setting next_dagrun for tutorial to 2024-01-05T00:00:00+00:00, run_after=2024-01-06T00:00:00+00:00
[2024-01-06T02:23:45.118+0000] {processor.py:183} INFO - Processing /home/airflow/.local/lib/python3.8/site-packages/airflow/example_dags/tutorial.py took 0.063 seconds
[2024-01-06T02:24:15.447+0000] {processor.py:161} INFO - Started process (PID=40473) to work on /home/airflow/.local/lib/python3.8/site-packages/airflow/example_dags/tutorial.py
[2024-01-06T02:24:15.448+0000] {processor.py:830} INFO - Processing file /home/airflow/.local/lib/python3.8/site-packages/airflow/example_dags/tutorial.py for tasks to queue
[2024-01-06T02:24:15.450+0000] {logging_mixin.py:188} INFO - [2024-01-06T02:24:15.450+0000] {dagbag.py:538} INFO - Filling up the DagBag from /home/airflow/.local/lib/python3.8/site-packages/airflow/example_dags/tutorial.py
[2024-01-06T02:24:15.454+0000] {processor.py:840} INFO - DAG(s) 'tutorial' retrieved from /home/airflow/.local/lib/python3.8/site-packages/airflow/example_dags/tutorial.py
[2024-01-06T02:24:15.471+0000] {logging_mixin.py:188} INFO - [2024-01-06T02:24:15.471+0000] {dag.py:3033} INFO - Sync 1 DAGs
[2024-01-06T02:24:15.487+0000] {logging_mixin.py:188} INFO - [2024-01-06T02:24:15.487+0000] {dag.py:3820} INFO - Setting next_dagrun for tutorial to 2024-01-05T00:00:00+00:00, run_after=2024-01-06T00:00:00+00:00
[2024-01-06T02:24:15.499+0000] {processor.py:183} INFO - Processing /home/airflow/.local/lib/python3.8/site-packages/airflow/example_dags/tutorial.py took 0.055 seconds
[2024-01-06T02:24:45.874+0000] {processor.py:161} INFO - Started process (PID=40531) to work on /home/airflow/.local/lib/python3.8/site-packages/airflow/example_dags/tutorial.py
[2024-01-06T02:24:45.877+0000] {processor.py:830} INFO - Processing file /home/airflow/.local/lib/python3.8/site-packages/airflow/example_dags/tutorial.py for tasks to queue
[2024-01-06T02:24:45.882+0000] {logging_mixin.py:188} INFO - [2024-01-06T02:24:45.882+0000] {dagbag.py:538} INFO - Filling up the DagBag from /home/airflow/.local/lib/python3.8/site-packages/airflow/example_dags/tutorial.py
[2024-01-06T02:24:45.891+0000] {processor.py:840} INFO - DAG(s) 'tutorial' retrieved from /home/airflow/.local/lib/python3.8/site-packages/airflow/example_dags/tutorial.py
[2024-01-06T02:24:45.919+0000] {logging_mixin.py:188} INFO - [2024-01-06T02:24:45.919+0000] {dag.py:3033} INFO - Sync 1 DAGs
[2024-01-06T02:24:45.939+0000] {logging_mixin.py:188} INFO - [2024-01-06T02:24:45.939+0000] {dag.py:3820} INFO - Setting next_dagrun for tutorial to 2024-01-05T00:00:00+00:00, run_after=2024-01-06T00:00:00+00:00
[2024-01-06T02:24:45.958+0000] {processor.py:183} INFO - Processing /home/airflow/.local/lib/python3.8/site-packages/airflow/example_dags/tutorial.py took 0.088 seconds
[2024-01-06T02:25:16.667+0000] {processor.py:161} INFO - Started process (PID=40589) to work on /home/airflow/.local/lib/python3.8/site-packages/airflow/example_dags/tutorial.py
[2024-01-06T02:25:16.670+0000] {processor.py:830} INFO - Processing file /home/airflow/.local/lib/python3.8/site-packages/airflow/example_dags/tutorial.py for tasks to queue
[2024-01-06T02:25:16.676+0000] {logging_mixin.py:188} INFO - [2024-01-06T02:25:16.676+0000] {dagbag.py:538} INFO - Filling up the DagBag from /home/airflow/.local/lib/python3.8/site-packages/airflow/example_dags/tutorial.py
[2024-01-06T02:25:16.693+0000] {processor.py:840} INFO - DAG(s) 'tutorial' retrieved from /home/airflow/.local/lib/python3.8/site-packages/airflow/example_dags/tutorial.py
[2024-01-06T02:25:16.747+0000] {logging_mixin.py:188} INFO - [2024-01-06T02:25:16.747+0000] {dag.py:3033} INFO - Sync 1 DAGs
[2024-01-06T02:25:16.766+0000] {logging_mixin.py:188} INFO - [2024-01-06T02:25:16.766+0000] {dag.py:3820} INFO - Setting next_dagrun for tutorial to 2024-01-05T00:00:00+00:00, run_after=2024-01-06T00:00:00+00:00
[2024-01-06T02:25:16.780+0000] {processor.py:183} INFO - Processing /home/airflow/.local/lib/python3.8/site-packages/airflow/example_dags/tutorial.py took 0.118 seconds
[2024-01-06T02:25:46.810+0000] {processor.py:161} INFO - Started process (PID=40646) to work on /home/airflow/.local/lib/python3.8/site-packages/airflow/example_dags/tutorial.py
[2024-01-06T02:25:46.811+0000] {processor.py:830} INFO - Processing file /home/airflow/.local/lib/python3.8/site-packages/airflow/example_dags/tutorial.py for tasks to queue
[2024-01-06T02:25:46.814+0000] {logging_mixin.py:188} INFO - [2024-01-06T02:25:46.813+0000] {dagbag.py:538} INFO - Filling up the DagBag from /home/airflow/.local/lib/python3.8/site-packages/airflow/example_dags/tutorial.py
[2024-01-06T02:25:46.818+0000] {processor.py:840} INFO - DAG(s) 'tutorial' retrieved from /home/airflow/.local/lib/python3.8/site-packages/airflow/example_dags/tutorial.py
[2024-01-06T02:25:46.833+0000] {logging_mixin.py:188} INFO - [2024-01-06T02:25:46.833+0000] {dag.py:3033} INFO - Sync 1 DAGs
[2024-01-06T02:25:46.846+0000] {logging_mixin.py:188} INFO - [2024-01-06T02:25:46.846+0000] {dag.py:3820} INFO - Setting next_dagrun for tutorial to 2024-01-05T00:00:00+00:00, run_after=2024-01-06T00:00:00+00:00
[2024-01-06T02:25:46.858+0000] {processor.py:183} INFO - Processing /home/airflow/.local/lib/python3.8/site-packages/airflow/example_dags/tutorial.py took 0.050 seconds
[2024-01-06T02:26:17.498+0000] {processor.py:161} INFO - Started process (PID=40705) to work on /home/airflow/.local/lib/python3.8/site-packages/airflow/example_dags/tutorial.py
[2024-01-06T02:26:17.500+0000] {processor.py:830} INFO - Processing file /home/airflow/.local/lib/python3.8/site-packages/airflow/example_dags/tutorial.py for tasks to queue
[2024-01-06T02:26:17.502+0000] {logging_mixin.py:188} INFO - [2024-01-06T02:26:17.502+0000] {dagbag.py:538} INFO - Filling up the DagBag from /home/airflow/.local/lib/python3.8/site-packages/airflow/example_dags/tutorial.py
[2024-01-06T02:26:17.508+0000] {processor.py:840} INFO - DAG(s) 'tutorial' retrieved from /home/airflow/.local/lib/python3.8/site-packages/airflow/example_dags/tutorial.py
[2024-01-06T02:26:17.524+0000] {logging_mixin.py:188} INFO - [2024-01-06T02:26:17.524+0000] {dag.py:3033} INFO - Sync 1 DAGs
[2024-01-06T02:26:17.538+0000] {logging_mixin.py:188} INFO - [2024-01-06T02:26:17.537+0000] {dag.py:3820} INFO - Setting next_dagrun for tutorial to 2024-01-05T00:00:00+00:00, run_after=2024-01-06T00:00:00+00:00
[2024-01-06T02:26:17.552+0000] {processor.py:183} INFO - Processing /home/airflow/.local/lib/python3.8/site-packages/airflow/example_dags/tutorial.py took 0.057 seconds
[2024-01-06T02:26:48.139+0000] {processor.py:161} INFO - Started process (PID=40763) to work on /home/airflow/.local/lib/python3.8/site-packages/airflow/example_dags/tutorial.py
[2024-01-06T02:26:48.142+0000] {processor.py:830} INFO - Processing file /home/airflow/.local/lib/python3.8/site-packages/airflow/example_dags/tutorial.py for tasks to queue
[2024-01-06T02:26:48.145+0000] {logging_mixin.py:188} INFO - [2024-01-06T02:26:48.145+0000] {dagbag.py:538} INFO - Filling up the DagBag from /home/airflow/.local/lib/python3.8/site-packages/airflow/example_dags/tutorial.py
[2024-01-06T02:26:48.152+0000] {processor.py:840} INFO - DAG(s) 'tutorial' retrieved from /home/airflow/.local/lib/python3.8/site-packages/airflow/example_dags/tutorial.py
[2024-01-06T02:26:48.170+0000] {logging_mixin.py:188} INFO - [2024-01-06T02:26:48.170+0000] {dag.py:3033} INFO - Sync 1 DAGs
[2024-01-06T02:26:48.185+0000] {logging_mixin.py:188} INFO - [2024-01-06T02:26:48.185+0000] {dag.py:3820} INFO - Setting next_dagrun for tutorial to 2024-01-05T00:00:00+00:00, run_after=2024-01-06T00:00:00+00:00
[2024-01-06T02:26:48.196+0000] {processor.py:183} INFO - Processing /home/airflow/.local/lib/python3.8/site-packages/airflow/example_dags/tutorial.py took 0.062 seconds
[2024-01-06T02:27:18.267+0000] {processor.py:161} INFO - Started process (PID=40821) to work on /home/airflow/.local/lib/python3.8/site-packages/airflow/example_dags/tutorial.py
[2024-01-06T02:27:18.269+0000] {processor.py:830} INFO - Processing file /home/airflow/.local/lib/python3.8/site-packages/airflow/example_dags/tutorial.py for tasks to queue
[2024-01-06T02:27:18.273+0000] {logging_mixin.py:188} INFO - [2024-01-06T02:27:18.273+0000] {dagbag.py:538} INFO - Filling up the DagBag from /home/airflow/.local/lib/python3.8/site-packages/airflow/example_dags/tutorial.py
[2024-01-06T02:27:18.280+0000] {processor.py:840} INFO - DAG(s) 'tutorial' retrieved from /home/airflow/.local/lib/python3.8/site-packages/airflow/example_dags/tutorial.py
[2024-01-06T02:27:18.300+0000] {logging_mixin.py:188} INFO - [2024-01-06T02:27:18.300+0000] {dag.py:3033} INFO - Sync 1 DAGs
[2024-01-06T02:27:18.314+0000] {logging_mixin.py:188} INFO - [2024-01-06T02:27:18.314+0000] {dag.py:3820} INFO - Setting next_dagrun for tutorial to 2024-01-05T00:00:00+00:00, run_after=2024-01-06T00:00:00+00:00
[2024-01-06T02:27:18.327+0000] {processor.py:183} INFO - Processing /home/airflow/.local/lib/python3.8/site-packages/airflow/example_dags/tutorial.py took 0.066 seconds
[2024-01-06T02:27:48.881+0000] {processor.py:161} INFO - Started process (PID=40879) to work on /home/airflow/.local/lib/python3.8/site-packages/airflow/example_dags/tutorial.py
[2024-01-06T02:27:48.885+0000] {processor.py:830} INFO - Processing file /home/airflow/.local/lib/python3.8/site-packages/airflow/example_dags/tutorial.py for tasks to queue
[2024-01-06T02:27:48.888+0000] {logging_mixin.py:188} INFO - [2024-01-06T02:27:48.888+0000] {dagbag.py:538} INFO - Filling up the DagBag from /home/airflow/.local/lib/python3.8/site-packages/airflow/example_dags/tutorial.py
[2024-01-06T02:27:48.895+0000] {processor.py:840} INFO - DAG(s) 'tutorial' retrieved from /home/airflow/.local/lib/python3.8/site-packages/airflow/example_dags/tutorial.py
[2024-01-06T02:27:48.915+0000] {logging_mixin.py:188} INFO - [2024-01-06T02:27:48.915+0000] {dag.py:3033} INFO - Sync 1 DAGs
[2024-01-06T02:27:48.929+0000] {logging_mixin.py:188} INFO - [2024-01-06T02:27:48.929+0000] {dag.py:3820} INFO - Setting next_dagrun for tutorial to 2024-01-05T00:00:00+00:00, run_after=2024-01-06T00:00:00+00:00
[2024-01-06T02:27:48.941+0000] {processor.py:183} INFO - Processing /home/airflow/.local/lib/python3.8/site-packages/airflow/example_dags/tutorial.py took 0.066 seconds
[2024-01-06T02:28:19.358+0000] {processor.py:161} INFO - Started process (PID=40937) to work on /home/airflow/.local/lib/python3.8/site-packages/airflow/example_dags/tutorial.py
[2024-01-06T02:28:19.360+0000] {processor.py:830} INFO - Processing file /home/airflow/.local/lib/python3.8/site-packages/airflow/example_dags/tutorial.py for tasks to queue
[2024-01-06T02:28:19.363+0000] {logging_mixin.py:188} INFO - [2024-01-06T02:28:19.363+0000] {dagbag.py:538} INFO - Filling up the DagBag from /home/airflow/.local/lib/python3.8/site-packages/airflow/example_dags/tutorial.py
[2024-01-06T02:28:19.372+0000] {processor.py:840} INFO - DAG(s) 'tutorial' retrieved from /home/airflow/.local/lib/python3.8/site-packages/airflow/example_dags/tutorial.py
[2024-01-06T02:28:19.391+0000] {logging_mixin.py:188} INFO - [2024-01-06T02:28:19.391+0000] {dag.py:3033} INFO - Sync 1 DAGs
[2024-01-06T02:28:19.405+0000] {logging_mixin.py:188} INFO - [2024-01-06T02:28:19.405+0000] {dag.py:3820} INFO - Setting next_dagrun for tutorial to 2024-01-05T00:00:00+00:00, run_after=2024-01-06T00:00:00+00:00
[2024-01-06T02:28:19.418+0000] {processor.py:183} INFO - Processing /home/airflow/.local/lib/python3.8/site-packages/airflow/example_dags/tutorial.py took 0.064 seconds
[2024-01-06T02:28:50.023+0000] {processor.py:161} INFO - Started process (PID=40995) to work on /home/airflow/.local/lib/python3.8/site-packages/airflow/example_dags/tutorial.py
[2024-01-06T02:28:50.025+0000] {processor.py:830} INFO - Processing file /home/airflow/.local/lib/python3.8/site-packages/airflow/example_dags/tutorial.py for tasks to queue
[2024-01-06T02:28:50.029+0000] {logging_mixin.py:188} INFO - [2024-01-06T02:28:50.028+0000] {dagbag.py:538} INFO - Filling up the DagBag from /home/airflow/.local/lib/python3.8/site-packages/airflow/example_dags/tutorial.py
[2024-01-06T02:28:50.036+0000] {processor.py:840} INFO - DAG(s) 'tutorial' retrieved from /home/airflow/.local/lib/python3.8/site-packages/airflow/example_dags/tutorial.py
[2024-01-06T02:28:50.057+0000] {logging_mixin.py:188} INFO - [2024-01-06T02:28:50.057+0000] {dag.py:3033} INFO - Sync 1 DAGs
[2024-01-06T02:28:50.079+0000] {logging_mixin.py:188} INFO - [2024-01-06T02:28:50.079+0000] {dag.py:3820} INFO - Setting next_dagrun for tutorial to 2024-01-05T00:00:00+00:00, run_after=2024-01-06T00:00:00+00:00
[2024-01-06T02:28:50.091+0000] {processor.py:183} INFO - Processing /home/airflow/.local/lib/python3.8/site-packages/airflow/example_dags/tutorial.py took 0.073 seconds
[2024-01-06T02:29:20.539+0000] {processor.py:161} INFO - Started process (PID=41059) to work on /home/airflow/.local/lib/python3.8/site-packages/airflow/example_dags/tutorial.py
[2024-01-06T02:29:20.542+0000] {processor.py:830} INFO - Processing file /home/airflow/.local/lib/python3.8/site-packages/airflow/example_dags/tutorial.py for tasks to queue
[2024-01-06T02:29:20.545+0000] {logging_mixin.py:188} INFO - [2024-01-06T02:29:20.545+0000] {dagbag.py:538} INFO - Filling up the DagBag from /home/airflow/.local/lib/python3.8/site-packages/airflow/example_dags/tutorial.py
[2024-01-06T02:29:20.554+0000] {processor.py:840} INFO - DAG(s) 'tutorial' retrieved from /home/airflow/.local/lib/python3.8/site-packages/airflow/example_dags/tutorial.py
[2024-01-06T02:29:20.572+0000] {logging_mixin.py:188} INFO - [2024-01-06T02:29:20.572+0000] {dag.py:3033} INFO - Sync 1 DAGs
[2024-01-06T02:29:20.589+0000] {logging_mixin.py:188} INFO - [2024-01-06T02:29:20.589+0000] {dag.py:3820} INFO - Setting next_dagrun for tutorial to 2024-01-05T00:00:00+00:00, run_after=2024-01-06T00:00:00+00:00
[2024-01-06T02:29:20.601+0000] {processor.py:183} INFO - Processing /home/airflow/.local/lib/python3.8/site-packages/airflow/example_dags/tutorial.py took 0.067 seconds
[2024-01-06T02:29:51.236+0000] {processor.py:161} INFO - Started process (PID=41118) to work on /home/airflow/.local/lib/python3.8/site-packages/airflow/example_dags/tutorial.py
[2024-01-06T02:29:51.240+0000] {processor.py:830} INFO - Processing file /home/airflow/.local/lib/python3.8/site-packages/airflow/example_dags/tutorial.py for tasks to queue
[2024-01-06T02:29:51.242+0000] {logging_mixin.py:188} INFO - [2024-01-06T02:29:51.242+0000] {dagbag.py:538} INFO - Filling up the DagBag from /home/airflow/.local/lib/python3.8/site-packages/airflow/example_dags/tutorial.py
[2024-01-06T02:29:51.254+0000] {processor.py:840} INFO - DAG(s) 'tutorial' retrieved from /home/airflow/.local/lib/python3.8/site-packages/airflow/example_dags/tutorial.py
[2024-01-06T02:29:51.295+0000] {logging_mixin.py:188} INFO - [2024-01-06T02:29:51.295+0000] {dag.py:3033} INFO - Sync 1 DAGs
[2024-01-06T02:29:51.320+0000] {logging_mixin.py:188} INFO - [2024-01-06T02:29:51.319+0000] {dag.py:3820} INFO - Setting next_dagrun for tutorial to 2024-01-05T00:00:00+00:00, run_after=2024-01-06T00:00:00+00:00
[2024-01-06T02:29:51.335+0000] {processor.py:183} INFO - Processing /home/airflow/.local/lib/python3.8/site-packages/airflow/example_dags/tutorial.py took 0.102 seconds
[2024-01-06T02:30:21.905+0000] {processor.py:161} INFO - Started process (PID=41176) to work on /home/airflow/.local/lib/python3.8/site-packages/airflow/example_dags/tutorial.py
[2024-01-06T02:30:21.907+0000] {processor.py:830} INFO - Processing file /home/airflow/.local/lib/python3.8/site-packages/airflow/example_dags/tutorial.py for tasks to queue
[2024-01-06T02:30:21.912+0000] {logging_mixin.py:188} INFO - [2024-01-06T02:30:21.911+0000] {dagbag.py:538} INFO - Filling up the DagBag from /home/airflow/.local/lib/python3.8/site-packages/airflow/example_dags/tutorial.py
[2024-01-06T02:30:21.921+0000] {processor.py:840} INFO - DAG(s) 'tutorial' retrieved from /home/airflow/.local/lib/python3.8/site-packages/airflow/example_dags/tutorial.py
[2024-01-06T02:30:21.941+0000] {logging_mixin.py:188} INFO - [2024-01-06T02:30:21.941+0000] {dag.py:3033} INFO - Sync 1 DAGs
[2024-01-06T02:30:21.958+0000] {logging_mixin.py:188} INFO - [2024-01-06T02:30:21.957+0000] {dag.py:3820} INFO - Setting next_dagrun for tutorial to 2024-01-05T00:00:00+00:00, run_after=2024-01-06T00:00:00+00:00
[2024-01-06T02:30:21.973+0000] {processor.py:183} INFO - Processing /home/airflow/.local/lib/python3.8/site-packages/airflow/example_dags/tutorial.py took 0.072 seconds
[2024-01-06T02:30:52.556+0000] {processor.py:161} INFO - Started process (PID=41234) to work on /home/airflow/.local/lib/python3.8/site-packages/airflow/example_dags/tutorial.py
[2024-01-06T02:30:52.558+0000] {processor.py:830} INFO - Processing file /home/airflow/.local/lib/python3.8/site-packages/airflow/example_dags/tutorial.py for tasks to queue
[2024-01-06T02:30:52.562+0000] {logging_mixin.py:188} INFO - [2024-01-06T02:30:52.562+0000] {dagbag.py:538} INFO - Filling up the DagBag from /home/airflow/.local/lib/python3.8/site-packages/airflow/example_dags/tutorial.py
[2024-01-06T02:30:52.569+0000] {processor.py:840} INFO - DAG(s) 'tutorial' retrieved from /home/airflow/.local/lib/python3.8/site-packages/airflow/example_dags/tutorial.py
[2024-01-06T02:30:52.586+0000] {logging_mixin.py:188} INFO - [2024-01-06T02:30:52.586+0000] {dag.py:3033} INFO - Sync 1 DAGs
[2024-01-06T02:30:52.599+0000] {logging_mixin.py:188} INFO - [2024-01-06T02:30:52.599+0000] {dag.py:3820} INFO - Setting next_dagrun for tutorial to 2024-01-05T00:00:00+00:00, run_after=2024-01-06T00:00:00+00:00
[2024-01-06T02:30:52.612+0000] {processor.py:183} INFO - Processing /home/airflow/.local/lib/python3.8/site-packages/airflow/example_dags/tutorial.py took 0.061 seconds
[2024-01-06T02:31:23.062+0000] {processor.py:161} INFO - Started process (PID=41292) to work on /home/airflow/.local/lib/python3.8/site-packages/airflow/example_dags/tutorial.py
[2024-01-06T02:31:23.064+0000] {processor.py:830} INFO - Processing file /home/airflow/.local/lib/python3.8/site-packages/airflow/example_dags/tutorial.py for tasks to queue
[2024-01-06T02:31:23.066+0000] {logging_mixin.py:188} INFO - [2024-01-06T02:31:23.066+0000] {dagbag.py:538} INFO - Filling up the DagBag from /home/airflow/.local/lib/python3.8/site-packages/airflow/example_dags/tutorial.py
[2024-01-06T02:31:23.072+0000] {processor.py:840} INFO - DAG(s) 'tutorial' retrieved from /home/airflow/.local/lib/python3.8/site-packages/airflow/example_dags/tutorial.py
[2024-01-06T02:31:23.089+0000] {logging_mixin.py:188} INFO - [2024-01-06T02:31:23.088+0000] {dag.py:3033} INFO - Sync 1 DAGs
[2024-01-06T02:31:23.103+0000] {logging_mixin.py:188} INFO - [2024-01-06T02:31:23.103+0000] {dag.py:3820} INFO - Setting next_dagrun for tutorial to 2024-01-05T00:00:00+00:00, run_after=2024-01-06T00:00:00+00:00
[2024-01-06T02:31:23.114+0000] {processor.py:183} INFO - Processing /home/airflow/.local/lib/python3.8/site-packages/airflow/example_dags/tutorial.py took 0.056 seconds
[2024-01-06T02:31:53.504+0000] {processor.py:161} INFO - Started process (PID=41350) to work on /home/airflow/.local/lib/python3.8/site-packages/airflow/example_dags/tutorial.py
[2024-01-06T02:31:53.506+0000] {processor.py:830} INFO - Processing file /home/airflow/.local/lib/python3.8/site-packages/airflow/example_dags/tutorial.py for tasks to queue
[2024-01-06T02:31:53.509+0000] {logging_mixin.py:188} INFO - [2024-01-06T02:31:53.509+0000] {dagbag.py:538} INFO - Filling up the DagBag from /home/airflow/.local/lib/python3.8/site-packages/airflow/example_dags/tutorial.py
[2024-01-06T02:31:53.518+0000] {processor.py:840} INFO - DAG(s) 'tutorial' retrieved from /home/airflow/.local/lib/python3.8/site-packages/airflow/example_dags/tutorial.py
[2024-01-06T02:31:53.536+0000] {logging_mixin.py:188} INFO - [2024-01-06T02:31:53.536+0000] {dag.py:3033} INFO - Sync 1 DAGs
[2024-01-06T02:31:53.551+0000] {logging_mixin.py:188} INFO - [2024-01-06T02:31:53.550+0000] {dag.py:3820} INFO - Setting next_dagrun for tutorial to 2024-01-05T00:00:00+00:00, run_after=2024-01-06T00:00:00+00:00
[2024-01-06T02:31:53.563+0000] {processor.py:183} INFO - Processing /home/airflow/.local/lib/python3.8/site-packages/airflow/example_dags/tutorial.py took 0.066 seconds
[2024-01-06T02:32:23.785+0000] {processor.py:161} INFO - Started process (PID=41408) to work on /home/airflow/.local/lib/python3.8/site-packages/airflow/example_dags/tutorial.py
[2024-01-06T02:32:23.787+0000] {processor.py:830} INFO - Processing file /home/airflow/.local/lib/python3.8/site-packages/airflow/example_dags/tutorial.py for tasks to queue
[2024-01-06T02:32:23.789+0000] {logging_mixin.py:188} INFO - [2024-01-06T02:32:23.789+0000] {dagbag.py:538} INFO - Filling up the DagBag from /home/airflow/.local/lib/python3.8/site-packages/airflow/example_dags/tutorial.py
[2024-01-06T02:32:23.794+0000] {processor.py:840} INFO - DAG(s) 'tutorial' retrieved from /home/airflow/.local/lib/python3.8/site-packages/airflow/example_dags/tutorial.py
[2024-01-06T02:32:23.810+0000] {logging_mixin.py:188} INFO - [2024-01-06T02:32:23.810+0000] {dag.py:3033} INFO - Sync 1 DAGs
[2024-01-06T02:32:23.823+0000] {logging_mixin.py:188} INFO - [2024-01-06T02:32:23.823+0000] {dag.py:3820} INFO - Setting next_dagrun for tutorial to 2024-01-05T00:00:00+00:00, run_after=2024-01-06T00:00:00+00:00
[2024-01-06T02:32:23.835+0000] {processor.py:183} INFO - Processing /home/airflow/.local/lib/python3.8/site-packages/airflow/example_dags/tutorial.py took 0.052 seconds
[2024-01-06T02:32:54.435+0000] {processor.py:161} INFO - Started process (PID=41465) to work on /home/airflow/.local/lib/python3.8/site-packages/airflow/example_dags/tutorial.py
[2024-01-06T02:32:54.436+0000] {processor.py:830} INFO - Processing file /home/airflow/.local/lib/python3.8/site-packages/airflow/example_dags/tutorial.py for tasks to queue
[2024-01-06T02:32:54.440+0000] {logging_mixin.py:188} INFO - [2024-01-06T02:32:54.439+0000] {dagbag.py:538} INFO - Filling up the DagBag from /home/airflow/.local/lib/python3.8/site-packages/airflow/example_dags/tutorial.py
[2024-01-06T02:32:54.446+0000] {processor.py:840} INFO - DAG(s) 'tutorial' retrieved from /home/airflow/.local/lib/python3.8/site-packages/airflow/example_dags/tutorial.py
[2024-01-06T02:32:54.464+0000] {logging_mixin.py:188} INFO - [2024-01-06T02:32:54.463+0000] {dag.py:3033} INFO - Sync 1 DAGs
[2024-01-06T02:32:54.479+0000] {logging_mixin.py:188} INFO - [2024-01-06T02:32:54.479+0000] {dag.py:3820} INFO - Setting next_dagrun for tutorial to 2024-01-05T00:00:00+00:00, run_after=2024-01-06T00:00:00+00:00
[2024-01-06T02:32:54.493+0000] {processor.py:183} INFO - Processing /home/airflow/.local/lib/python3.8/site-packages/airflow/example_dags/tutorial.py took 0.062 seconds
[2024-01-06T02:33:35.040+0000] {processor.py:161} INFO - Started process (PID=41523) to work on /home/airflow/.local/lib/python3.8/site-packages/airflow/example_dags/tutorial.py
[2024-01-06T02:33:35.066+0000] {processor.py:830} INFO - Processing file /home/airflow/.local/lib/python3.8/site-packages/airflow/example_dags/tutorial.py for tasks to queue
[2024-01-06T02:33:35.115+0000] {logging_mixin.py:188} INFO - [2024-01-06T02:33:35.114+0000] {dagbag.py:538} INFO - Filling up the DagBag from /home/airflow/.local/lib/python3.8/site-packages/airflow/example_dags/tutorial.py
[2024-01-06T02:33:35.238+0000] {processor.py:840} INFO - DAG(s) 'tutorial' retrieved from /home/airflow/.local/lib/python3.8/site-packages/airflow/example_dags/tutorial.py
[2024-01-06T02:33:35.477+0000] {logging_mixin.py:188} INFO - [2024-01-06T02:33:35.475+0000] {dag.py:3033} INFO - Sync 1 DAGs
[2024-01-06T02:33:35.623+0000] {logging_mixin.py:188} INFO - [2024-01-06T02:33:35.620+0000] {dag.py:3820} INFO - Setting next_dagrun for tutorial to 2024-01-05T00:00:00+00:00, run_after=2024-01-06T00:00:00+00:00
[2024-01-06T02:33:35.802+0000] {processor.py:183} INFO - Processing /home/airflow/.local/lib/python3.8/site-packages/airflow/example_dags/tutorial.py took 0.808 seconds
[2024-01-06T02:34:06.535+0000] {processor.py:161} INFO - Started process (PID=41581) to work on /home/airflow/.local/lib/python3.8/site-packages/airflow/example_dags/tutorial.py
[2024-01-06T02:34:06.538+0000] {processor.py:830} INFO - Processing file /home/airflow/.local/lib/python3.8/site-packages/airflow/example_dags/tutorial.py for tasks to queue
[2024-01-06T02:34:06.541+0000] {logging_mixin.py:188} INFO - [2024-01-06T02:34:06.541+0000] {dagbag.py:538} INFO - Filling up the DagBag from /home/airflow/.local/lib/python3.8/site-packages/airflow/example_dags/tutorial.py
[2024-01-06T02:34:06.552+0000] {processor.py:840} INFO - DAG(s) 'tutorial' retrieved from /home/airflow/.local/lib/python3.8/site-packages/airflow/example_dags/tutorial.py
[2024-01-06T02:34:06.576+0000] {logging_mixin.py:188} INFO - [2024-01-06T02:34:06.576+0000] {dag.py:3033} INFO - Sync 1 DAGs
[2024-01-06T02:34:06.590+0000] {logging_mixin.py:188} INFO - [2024-01-06T02:34:06.590+0000] {dag.py:3820} INFO - Setting next_dagrun for tutorial to 2024-01-05T00:00:00+00:00, run_after=2024-01-06T00:00:00+00:00
[2024-01-06T02:34:06.602+0000] {processor.py:183} INFO - Processing /home/airflow/.local/lib/python3.8/site-packages/airflow/example_dags/tutorial.py took 0.071 seconds
[2024-01-06T02:34:37.351+0000] {processor.py:161} INFO - Started process (PID=41639) to work on /home/airflow/.local/lib/python3.8/site-packages/airflow/example_dags/tutorial.py
[2024-01-06T02:34:37.354+0000] {processor.py:830} INFO - Processing file /home/airflow/.local/lib/python3.8/site-packages/airflow/example_dags/tutorial.py for tasks to queue
[2024-01-06T02:34:37.364+0000] {logging_mixin.py:188} INFO - [2024-01-06T02:34:37.363+0000] {dagbag.py:538} INFO - Filling up the DagBag from /home/airflow/.local/lib/python3.8/site-packages/airflow/example_dags/tutorial.py
[2024-01-06T02:34:37.374+0000] {processor.py:840} INFO - DAG(s) 'tutorial' retrieved from /home/airflow/.local/lib/python3.8/site-packages/airflow/example_dags/tutorial.py
[2024-01-06T02:34:37.403+0000] {logging_mixin.py:188} INFO - [2024-01-06T02:34:37.403+0000] {dag.py:3033} INFO - Sync 1 DAGs
[2024-01-06T02:34:37.431+0000] {logging_mixin.py:188} INFO - [2024-01-06T02:34:37.431+0000] {dag.py:3820} INFO - Setting next_dagrun for tutorial to 2024-01-05T00:00:00+00:00, run_after=2024-01-06T00:00:00+00:00
[2024-01-06T02:34:37.455+0000] {processor.py:183} INFO - Processing /home/airflow/.local/lib/python3.8/site-packages/airflow/example_dags/tutorial.py took 0.109 seconds
[2024-01-06T02:35:07.668+0000] {processor.py:161} INFO - Started process (PID=41696) to work on /home/airflow/.local/lib/python3.8/site-packages/airflow/example_dags/tutorial.py
[2024-01-06T02:35:07.669+0000] {processor.py:830} INFO - Processing file /home/airflow/.local/lib/python3.8/site-packages/airflow/example_dags/tutorial.py for tasks to queue
[2024-01-06T02:35:07.672+0000] {logging_mixin.py:188} INFO - [2024-01-06T02:35:07.671+0000] {dagbag.py:538} INFO - Filling up the DagBag from /home/airflow/.local/lib/python3.8/site-packages/airflow/example_dags/tutorial.py
[2024-01-06T02:35:07.676+0000] {processor.py:840} INFO - DAG(s) 'tutorial' retrieved from /home/airflow/.local/lib/python3.8/site-packages/airflow/example_dags/tutorial.py
[2024-01-06T02:35:07.691+0000] {logging_mixin.py:188} INFO - [2024-01-06T02:35:07.690+0000] {dag.py:3033} INFO - Sync 1 DAGs
[2024-01-06T02:35:07.704+0000] {logging_mixin.py:188} INFO - [2024-01-06T02:35:07.704+0000] {dag.py:3820} INFO - Setting next_dagrun for tutorial to 2024-01-05T00:00:00+00:00, run_after=2024-01-06T00:00:00+00:00
[2024-01-06T02:35:07.717+0000] {processor.py:183} INFO - Processing /home/airflow/.local/lib/python3.8/site-packages/airflow/example_dags/tutorial.py took 0.052 seconds
[2024-01-06T02:35:37.986+0000] {processor.py:161} INFO - Started process (PID=41754) to work on /home/airflow/.local/lib/python3.8/site-packages/airflow/example_dags/tutorial.py
[2024-01-06T02:35:37.989+0000] {processor.py:830} INFO - Processing file /home/airflow/.local/lib/python3.8/site-packages/airflow/example_dags/tutorial.py for tasks to queue
[2024-01-06T02:35:37.993+0000] {logging_mixin.py:188} INFO - [2024-01-06T02:35:37.993+0000] {dagbag.py:538} INFO - Filling up the DagBag from /home/airflow/.local/lib/python3.8/site-packages/airflow/example_dags/tutorial.py
[2024-01-06T02:35:38.000+0000] {processor.py:840} INFO - DAG(s) 'tutorial' retrieved from /home/airflow/.local/lib/python3.8/site-packages/airflow/example_dags/tutorial.py
[2024-01-06T02:35:38.019+0000] {logging_mixin.py:188} INFO - [2024-01-06T02:35:38.019+0000] {dag.py:3033} INFO - Sync 1 DAGs
[2024-01-06T02:35:38.032+0000] {logging_mixin.py:188} INFO - [2024-01-06T02:35:38.032+0000] {dag.py:3820} INFO - Setting next_dagrun for tutorial to 2024-01-05T00:00:00+00:00, run_after=2024-01-06T00:00:00+00:00
[2024-01-06T02:35:38.042+0000] {processor.py:183} INFO - Processing /home/airflow/.local/lib/python3.8/site-packages/airflow/example_dags/tutorial.py took 0.062 seconds
[2024-01-06T02:36:08.409+0000] {processor.py:161} INFO - Started process (PID=41812) to work on /home/airflow/.local/lib/python3.8/site-packages/airflow/example_dags/tutorial.py
[2024-01-06T02:36:08.411+0000] {processor.py:830} INFO - Processing file /home/airflow/.local/lib/python3.8/site-packages/airflow/example_dags/tutorial.py for tasks to queue
[2024-01-06T02:36:08.414+0000] {logging_mixin.py:188} INFO - [2024-01-06T02:36:08.414+0000] {dagbag.py:538} INFO - Filling up the DagBag from /home/airflow/.local/lib/python3.8/site-packages/airflow/example_dags/tutorial.py
[2024-01-06T02:36:08.421+0000] {processor.py:840} INFO - DAG(s) 'tutorial' retrieved from /home/airflow/.local/lib/python3.8/site-packages/airflow/example_dags/tutorial.py
[2024-01-06T02:36:08.443+0000] {logging_mixin.py:188} INFO - [2024-01-06T02:36:08.442+0000] {dag.py:3033} INFO - Sync 1 DAGs
[2024-01-06T02:36:08.459+0000] {logging_mixin.py:188} INFO - [2024-01-06T02:36:08.459+0000] {dag.py:3820} INFO - Setting next_dagrun for tutorial to 2024-01-05T00:00:00+00:00, run_after=2024-01-06T00:00:00+00:00
[2024-01-06T02:36:08.473+0000] {processor.py:183} INFO - Processing /home/airflow/.local/lib/python3.8/site-packages/airflow/example_dags/tutorial.py took 0.069 seconds
[2024-01-06T02:36:38.739+0000] {processor.py:161} INFO - Started process (PID=41870) to work on /home/airflow/.local/lib/python3.8/site-packages/airflow/example_dags/tutorial.py
[2024-01-06T02:36:38.742+0000] {processor.py:830} INFO - Processing file /home/airflow/.local/lib/python3.8/site-packages/airflow/example_dags/tutorial.py for tasks to queue
[2024-01-06T02:36:38.746+0000] {logging_mixin.py:188} INFO - [2024-01-06T02:36:38.746+0000] {dagbag.py:538} INFO - Filling up the DagBag from /home/airflow/.local/lib/python3.8/site-packages/airflow/example_dags/tutorial.py
[2024-01-06T02:36:38.753+0000] {processor.py:840} INFO - DAG(s) 'tutorial' retrieved from /home/airflow/.local/lib/python3.8/site-packages/airflow/example_dags/tutorial.py
[2024-01-06T02:36:38.771+0000] {logging_mixin.py:188} INFO - [2024-01-06T02:36:38.771+0000] {dag.py:3033} INFO - Sync 1 DAGs
[2024-01-06T02:36:38.785+0000] {logging_mixin.py:188} INFO - [2024-01-06T02:36:38.785+0000] {dag.py:3820} INFO - Setting next_dagrun for tutorial to 2024-01-05T00:00:00+00:00, run_after=2024-01-06T00:00:00+00:00
[2024-01-06T02:36:38.796+0000] {processor.py:183} INFO - Processing /home/airflow/.local/lib/python3.8/site-packages/airflow/example_dags/tutorial.py took 0.063 seconds
[2024-01-06T02:37:09.168+0000] {processor.py:161} INFO - Started process (PID=41928) to work on /home/airflow/.local/lib/python3.8/site-packages/airflow/example_dags/tutorial.py
[2024-01-06T02:37:09.171+0000] {processor.py:830} INFO - Processing file /home/airflow/.local/lib/python3.8/site-packages/airflow/example_dags/tutorial.py for tasks to queue
[2024-01-06T02:37:09.175+0000] {logging_mixin.py:188} INFO - [2024-01-06T02:37:09.175+0000] {dagbag.py:538} INFO - Filling up the DagBag from /home/airflow/.local/lib/python3.8/site-packages/airflow/example_dags/tutorial.py
[2024-01-06T02:37:09.183+0000] {processor.py:840} INFO - DAG(s) 'tutorial' retrieved from /home/airflow/.local/lib/python3.8/site-packages/airflow/example_dags/tutorial.py
[2024-01-06T02:37:09.200+0000] {logging_mixin.py:188} INFO - [2024-01-06T02:37:09.200+0000] {dag.py:3033} INFO - Sync 1 DAGs
[2024-01-06T02:37:09.214+0000] {logging_mixin.py:188} INFO - [2024-01-06T02:37:09.214+0000] {dag.py:3820} INFO - Setting next_dagrun for tutorial to 2024-01-05T00:00:00+00:00, run_after=2024-01-06T00:00:00+00:00
[2024-01-06T02:37:09.230+0000] {processor.py:183} INFO - Processing /home/airflow/.local/lib/python3.8/site-packages/airflow/example_dags/tutorial.py took 0.067 seconds
[2024-01-06T02:37:39.857+0000] {processor.py:161} INFO - Started process (PID=41985) to work on /home/airflow/.local/lib/python3.8/site-packages/airflow/example_dags/tutorial.py
[2024-01-06T02:37:39.861+0000] {processor.py:830} INFO - Processing file /home/airflow/.local/lib/python3.8/site-packages/airflow/example_dags/tutorial.py for tasks to queue
[2024-01-06T02:37:39.865+0000] {logging_mixin.py:188} INFO - [2024-01-06T02:37:39.864+0000] {dagbag.py:538} INFO - Filling up the DagBag from /home/airflow/.local/lib/python3.8/site-packages/airflow/example_dags/tutorial.py
[2024-01-06T02:37:39.872+0000] {processor.py:840} INFO - DAG(s) 'tutorial' retrieved from /home/airflow/.local/lib/python3.8/site-packages/airflow/example_dags/tutorial.py
[2024-01-06T02:37:39.893+0000] {logging_mixin.py:188} INFO - [2024-01-06T02:37:39.893+0000] {dag.py:3033} INFO - Sync 1 DAGs
[2024-01-06T02:37:39.907+0000] {logging_mixin.py:188} INFO - [2024-01-06T02:37:39.907+0000] {dag.py:3820} INFO - Setting next_dagrun for tutorial to 2024-01-05T00:00:00+00:00, run_after=2024-01-06T00:00:00+00:00
[2024-01-06T02:37:39.921+0000] {processor.py:183} INFO - Processing /home/airflow/.local/lib/python3.8/site-packages/airflow/example_dags/tutorial.py took 0.069 seconds
[2024-01-06T02:38:10.000+0000] {processor.py:161} INFO - Started process (PID=42043) to work on /home/airflow/.local/lib/python3.8/site-packages/airflow/example_dags/tutorial.py
[2024-01-06T02:38:10.003+0000] {processor.py:830} INFO - Processing file /home/airflow/.local/lib/python3.8/site-packages/airflow/example_dags/tutorial.py for tasks to queue
[2024-01-06T02:38:10.005+0000] {logging_mixin.py:188} INFO - [2024-01-06T02:38:10.005+0000] {dagbag.py:538} INFO - Filling up the DagBag from /home/airflow/.local/lib/python3.8/site-packages/airflow/example_dags/tutorial.py
[2024-01-06T02:38:10.012+0000] {processor.py:840} INFO - DAG(s) 'tutorial' retrieved from /home/airflow/.local/lib/python3.8/site-packages/airflow/example_dags/tutorial.py
[2024-01-06T02:38:10.029+0000] {logging_mixin.py:188} INFO - [2024-01-06T02:38:10.029+0000] {dag.py:3033} INFO - Sync 1 DAGs
[2024-01-06T02:38:10.042+0000] {logging_mixin.py:188} INFO - [2024-01-06T02:38:10.042+0000] {dag.py:3820} INFO - Setting next_dagrun for tutorial to 2024-01-05T00:00:00+00:00, run_after=2024-01-06T00:00:00+00:00
[2024-01-06T02:38:10.053+0000] {processor.py:183} INFO - Processing /home/airflow/.local/lib/python3.8/site-packages/airflow/example_dags/tutorial.py took 0.057 seconds
[2024-01-06T02:38:40.356+0000] {processor.py:161} INFO - Started process (PID=42101) to work on /home/airflow/.local/lib/python3.8/site-packages/airflow/example_dags/tutorial.py
[2024-01-06T02:38:40.359+0000] {processor.py:830} INFO - Processing file /home/airflow/.local/lib/python3.8/site-packages/airflow/example_dags/tutorial.py for tasks to queue
[2024-01-06T02:38:40.363+0000] {logging_mixin.py:188} INFO - [2024-01-06T02:38:40.363+0000] {dagbag.py:538} INFO - Filling up the DagBag from /home/airflow/.local/lib/python3.8/site-packages/airflow/example_dags/tutorial.py
[2024-01-06T02:38:40.375+0000] {processor.py:840} INFO - DAG(s) 'tutorial' retrieved from /home/airflow/.local/lib/python3.8/site-packages/airflow/example_dags/tutorial.py
[2024-01-06T02:38:40.395+0000] {logging_mixin.py:188} INFO - [2024-01-06T02:38:40.395+0000] {dag.py:3033} INFO - Sync 1 DAGs
[2024-01-06T02:38:40.417+0000] {logging_mixin.py:188} INFO - [2024-01-06T02:38:40.417+0000] {dag.py:3820} INFO - Setting next_dagrun for tutorial to 2024-01-05T00:00:00+00:00, run_after=2024-01-06T00:00:00+00:00
[2024-01-06T02:38:40.431+0000] {processor.py:183} INFO - Processing /home/airflow/.local/lib/python3.8/site-packages/airflow/example_dags/tutorial.py took 0.079 seconds
[2024-01-06T02:39:10.814+0000] {processor.py:161} INFO - Started process (PID=42158) to work on /home/airflow/.local/lib/python3.8/site-packages/airflow/example_dags/tutorial.py
[2024-01-06T02:39:10.816+0000] {processor.py:830} INFO - Processing file /home/airflow/.local/lib/python3.8/site-packages/airflow/example_dags/tutorial.py for tasks to queue
[2024-01-06T02:39:10.818+0000] {logging_mixin.py:188} INFO - [2024-01-06T02:39:10.818+0000] {dagbag.py:538} INFO - Filling up the DagBag from /home/airflow/.local/lib/python3.8/site-packages/airflow/example_dags/tutorial.py
[2024-01-06T02:39:10.824+0000] {processor.py:840} INFO - DAG(s) 'tutorial' retrieved from /home/airflow/.local/lib/python3.8/site-packages/airflow/example_dags/tutorial.py
[2024-01-06T02:39:10.840+0000] {logging_mixin.py:188} INFO - [2024-01-06T02:39:10.840+0000] {dag.py:3033} INFO - Sync 1 DAGs
[2024-01-06T02:39:10.855+0000] {logging_mixin.py:188} INFO - [2024-01-06T02:39:10.855+0000] {dag.py:3820} INFO - Setting next_dagrun for tutorial to 2024-01-05T00:00:00+00:00, run_after=2024-01-06T00:00:00+00:00
[2024-01-06T02:39:10.867+0000] {processor.py:183} INFO - Processing /home/airflow/.local/lib/python3.8/site-packages/airflow/example_dags/tutorial.py took 0.056 seconds
[2024-01-06T02:39:41.625+0000] {processor.py:161} INFO - Started process (PID=42215) to work on /home/airflow/.local/lib/python3.8/site-packages/airflow/example_dags/tutorial.py
[2024-01-06T02:39:41.639+0000] {processor.py:830} INFO - Processing file /home/airflow/.local/lib/python3.8/site-packages/airflow/example_dags/tutorial.py for tasks to queue
[2024-01-06T02:39:41.719+0000] {logging_mixin.py:188} INFO - [2024-01-06T02:39:41.713+0000] {dagbag.py:538} INFO - Filling up the DagBag from /home/airflow/.local/lib/python3.8/site-packages/airflow/example_dags/tutorial.py
[2024-01-06T02:39:41.870+0000] {processor.py:840} INFO - DAG(s) 'tutorial' retrieved from /home/airflow/.local/lib/python3.8/site-packages/airflow/example_dags/tutorial.py
[2024-01-06T02:39:42.016+0000] {logging_mixin.py:188} INFO - [2024-01-06T02:39:42.015+0000] {dag.py:3033} INFO - Sync 1 DAGs
[2024-01-06T02:39:42.074+0000] {logging_mixin.py:188} INFO - [2024-01-06T02:39:42.073+0000] {dag.py:3820} INFO - Setting next_dagrun for tutorial to 2024-01-05T00:00:00+00:00, run_after=2024-01-06T00:00:00+00:00
[2024-01-06T02:39:42.121+0000] {processor.py:183} INFO - Processing /home/airflow/.local/lib/python3.8/site-packages/airflow/example_dags/tutorial.py took 0.657 seconds
[2024-01-06T02:40:12.550+0000] {processor.py:161} INFO - Started process (PID=42274) to work on /home/airflow/.local/lib/python3.8/site-packages/airflow/example_dags/tutorial.py
[2024-01-06T02:40:12.553+0000] {processor.py:830} INFO - Processing file /home/airflow/.local/lib/python3.8/site-packages/airflow/example_dags/tutorial.py for tasks to queue
[2024-01-06T02:40:12.558+0000] {logging_mixin.py:188} INFO - [2024-01-06T02:40:12.557+0000] {dagbag.py:538} INFO - Filling up the DagBag from /home/airflow/.local/lib/python3.8/site-packages/airflow/example_dags/tutorial.py
[2024-01-06T02:40:12.566+0000] {processor.py:840} INFO - DAG(s) 'tutorial' retrieved from /home/airflow/.local/lib/python3.8/site-packages/airflow/example_dags/tutorial.py
[2024-01-06T02:40:12.594+0000] {logging_mixin.py:188} INFO - [2024-01-06T02:40:12.594+0000] {dag.py:3033} INFO - Sync 1 DAGs
[2024-01-06T02:40:12.612+0000] {logging_mixin.py:188} INFO - [2024-01-06T02:40:12.611+0000] {dag.py:3820} INFO - Setting next_dagrun for tutorial to 2024-01-05T00:00:00+00:00, run_after=2024-01-06T00:00:00+00:00
[2024-01-06T02:40:12.626+0000] {processor.py:183} INFO - Processing /home/airflow/.local/lib/python3.8/site-packages/airflow/example_dags/tutorial.py took 0.083 seconds
[2024-01-06T02:40:43.855+0000] {processor.py:161} INFO - Started process (PID=42331) to work on /home/airflow/.local/lib/python3.8/site-packages/airflow/example_dags/tutorial.py
[2024-01-06T02:40:43.858+0000] {processor.py:830} INFO - Processing file /home/airflow/.local/lib/python3.8/site-packages/airflow/example_dags/tutorial.py for tasks to queue
[2024-01-06T02:40:43.864+0000] {logging_mixin.py:188} INFO - [2024-01-06T02:40:43.863+0000] {dagbag.py:538} INFO - Filling up the DagBag from /home/airflow/.local/lib/python3.8/site-packages/airflow/example_dags/tutorial.py
[2024-01-06T02:40:43.874+0000] {processor.py:840} INFO - DAG(s) 'tutorial' retrieved from /home/airflow/.local/lib/python3.8/site-packages/airflow/example_dags/tutorial.py
[2024-01-06T02:40:43.903+0000] {logging_mixin.py:188} INFO - [2024-01-06T02:40:43.903+0000] {dag.py:3033} INFO - Sync 1 DAGs
[2024-01-06T02:40:43.929+0000] {logging_mixin.py:188} INFO - [2024-01-06T02:40:43.928+0000] {dag.py:3820} INFO - Setting next_dagrun for tutorial to 2024-01-05T00:00:00+00:00, run_after=2024-01-06T00:00:00+00:00
[2024-01-06T02:40:43.954+0000] {processor.py:183} INFO - Processing /home/airflow/.local/lib/python3.8/site-packages/airflow/example_dags/tutorial.py took 0.103 seconds
[2024-01-06T02:41:14.519+0000] {processor.py:161} INFO - Started process (PID=42389) to work on /home/airflow/.local/lib/python3.8/site-packages/airflow/example_dags/tutorial.py
[2024-01-06T02:41:14.523+0000] {processor.py:830} INFO - Processing file /home/airflow/.local/lib/python3.8/site-packages/airflow/example_dags/tutorial.py for tasks to queue
[2024-01-06T02:41:14.547+0000] {logging_mixin.py:188} INFO - [2024-01-06T02:41:14.545+0000] {dagbag.py:538} INFO - Filling up the DagBag from /home/airflow/.local/lib/python3.8/site-packages/airflow/example_dags/tutorial.py
[2024-01-06T02:41:14.564+0000] {processor.py:840} INFO - DAG(s) 'tutorial' retrieved from /home/airflow/.local/lib/python3.8/site-packages/airflow/example_dags/tutorial.py
[2024-01-06T02:41:14.595+0000] {logging_mixin.py:188} INFO - [2024-01-06T02:41:14.595+0000] {dag.py:3033} INFO - Sync 1 DAGs
[2024-01-06T02:41:14.617+0000] {logging_mixin.py:188} INFO - [2024-01-06T02:41:14.617+0000] {dag.py:3820} INFO - Setting next_dagrun for tutorial to 2024-01-05T00:00:00+00:00, run_after=2024-01-06T00:00:00+00:00
[2024-01-06T02:41:14.639+0000] {processor.py:183} INFO - Processing /home/airflow/.local/lib/python3.8/site-packages/airflow/example_dags/tutorial.py took 0.127 seconds
[2024-01-06T02:41:45.275+0000] {processor.py:161} INFO - Started process (PID=42447) to work on /home/airflow/.local/lib/python3.8/site-packages/airflow/example_dags/tutorial.py
[2024-01-06T02:41:45.277+0000] {processor.py:830} INFO - Processing file /home/airflow/.local/lib/python3.8/site-packages/airflow/example_dags/tutorial.py for tasks to queue
[2024-01-06T02:41:45.279+0000] {logging_mixin.py:188} INFO - [2024-01-06T02:41:45.279+0000] {dagbag.py:538} INFO - Filling up the DagBag from /home/airflow/.local/lib/python3.8/site-packages/airflow/example_dags/tutorial.py
[2024-01-06T02:41:45.283+0000] {processor.py:840} INFO - DAG(s) 'tutorial' retrieved from /home/airflow/.local/lib/python3.8/site-packages/airflow/example_dags/tutorial.py
[2024-01-06T02:41:45.297+0000] {logging_mixin.py:188} INFO - [2024-01-06T02:41:45.297+0000] {dag.py:3033} INFO - Sync 1 DAGs
[2024-01-06T02:41:45.310+0000] {logging_mixin.py:188} INFO - [2024-01-06T02:41:45.310+0000] {dag.py:3820} INFO - Setting next_dagrun for tutorial to 2024-01-05T00:00:00+00:00, run_after=2024-01-06T00:00:00+00:00
[2024-01-06T02:41:45.322+0000] {processor.py:183} INFO - Processing /home/airflow/.local/lib/python3.8/site-packages/airflow/example_dags/tutorial.py took 0.049 seconds
[2024-01-06T02:42:15.444+0000] {processor.py:161} INFO - Started process (PID=42504) to work on /home/airflow/.local/lib/python3.8/site-packages/airflow/example_dags/tutorial.py
[2024-01-06T02:42:15.445+0000] {processor.py:830} INFO - Processing file /home/airflow/.local/lib/python3.8/site-packages/airflow/example_dags/tutorial.py for tasks to queue
[2024-01-06T02:42:15.448+0000] {logging_mixin.py:188} INFO - [2024-01-06T02:42:15.447+0000] {dagbag.py:538} INFO - Filling up the DagBag from /home/airflow/.local/lib/python3.8/site-packages/airflow/example_dags/tutorial.py
[2024-01-06T02:42:15.452+0000] {processor.py:840} INFO - DAG(s) 'tutorial' retrieved from /home/airflow/.local/lib/python3.8/site-packages/airflow/example_dags/tutorial.py
[2024-01-06T02:42:15.469+0000] {logging_mixin.py:188} INFO - [2024-01-06T02:42:15.469+0000] {dag.py:3033} INFO - Sync 1 DAGs
[2024-01-06T02:42:15.487+0000] {logging_mixin.py:188} INFO - [2024-01-06T02:42:15.486+0000] {dag.py:3820} INFO - Setting next_dagrun for tutorial to 2024-01-05T00:00:00+00:00, run_after=2024-01-06T00:00:00+00:00
[2024-01-06T02:42:15.498+0000] {processor.py:183} INFO - Processing /home/airflow/.local/lib/python3.8/site-packages/airflow/example_dags/tutorial.py took 0.057 seconds
[2024-01-06T02:42:45.579+0000] {processor.py:161} INFO - Started process (PID=42562) to work on /home/airflow/.local/lib/python3.8/site-packages/airflow/example_dags/tutorial.py
[2024-01-06T02:42:45.581+0000] {processor.py:830} INFO - Processing file /home/airflow/.local/lib/python3.8/site-packages/airflow/example_dags/tutorial.py for tasks to queue
[2024-01-06T02:42:45.583+0000] {logging_mixin.py:188} INFO - [2024-01-06T02:42:45.583+0000] {dagbag.py:538} INFO - Filling up the DagBag from /home/airflow/.local/lib/python3.8/site-packages/airflow/example_dags/tutorial.py
[2024-01-06T02:42:45.587+0000] {processor.py:840} INFO - DAG(s) 'tutorial' retrieved from /home/airflow/.local/lib/python3.8/site-packages/airflow/example_dags/tutorial.py
[2024-01-06T02:42:45.601+0000] {logging_mixin.py:188} INFO - [2024-01-06T02:42:45.601+0000] {dag.py:3033} INFO - Sync 1 DAGs
[2024-01-06T02:42:45.615+0000] {logging_mixin.py:188} INFO - [2024-01-06T02:42:45.615+0000] {dag.py:3820} INFO - Setting next_dagrun for tutorial to 2024-01-05T00:00:00+00:00, run_after=2024-01-06T00:00:00+00:00
[2024-01-06T02:42:45.626+0000] {processor.py:183} INFO - Processing /home/airflow/.local/lib/python3.8/site-packages/airflow/example_dags/tutorial.py took 0.049 seconds
[2024-01-06T02:43:16.010+0000] {processor.py:161} INFO - Started process (PID=42620) to work on /home/airflow/.local/lib/python3.8/site-packages/airflow/example_dags/tutorial.py
[2024-01-06T02:43:16.012+0000] {processor.py:830} INFO - Processing file /home/airflow/.local/lib/python3.8/site-packages/airflow/example_dags/tutorial.py for tasks to queue
[2024-01-06T02:43:16.014+0000] {logging_mixin.py:188} INFO - [2024-01-06T02:43:16.014+0000] {dagbag.py:538} INFO - Filling up the DagBag from /home/airflow/.local/lib/python3.8/site-packages/airflow/example_dags/tutorial.py
[2024-01-06T02:43:16.019+0000] {processor.py:840} INFO - DAG(s) 'tutorial' retrieved from /home/airflow/.local/lib/python3.8/site-packages/airflow/example_dags/tutorial.py
[2024-01-06T02:43:16.034+0000] {logging_mixin.py:188} INFO - [2024-01-06T02:43:16.034+0000] {dag.py:3033} INFO - Sync 1 DAGs
[2024-01-06T02:43:16.049+0000] {logging_mixin.py:188} INFO - [2024-01-06T02:43:16.049+0000] {dag.py:3820} INFO - Setting next_dagrun for tutorial to 2024-01-05T00:00:00+00:00, run_after=2024-01-06T00:00:00+00:00
[2024-01-06T02:43:16.061+0000] {processor.py:183} INFO - Processing /home/airflow/.local/lib/python3.8/site-packages/airflow/example_dags/tutorial.py took 0.053 seconds
[2024-01-06T02:43:46.134+0000] {processor.py:161} INFO - Started process (PID=42678) to work on /home/airflow/.local/lib/python3.8/site-packages/airflow/example_dags/tutorial.py
[2024-01-06T02:43:46.136+0000] {processor.py:830} INFO - Processing file /home/airflow/.local/lib/python3.8/site-packages/airflow/example_dags/tutorial.py for tasks to queue
[2024-01-06T02:43:46.138+0000] {logging_mixin.py:188} INFO - [2024-01-06T02:43:46.138+0000] {dagbag.py:538} INFO - Filling up the DagBag from /home/airflow/.local/lib/python3.8/site-packages/airflow/example_dags/tutorial.py
[2024-01-06T02:43:46.143+0000] {processor.py:840} INFO - DAG(s) 'tutorial' retrieved from /home/airflow/.local/lib/python3.8/site-packages/airflow/example_dags/tutorial.py
[2024-01-06T02:43:46.157+0000] {logging_mixin.py:188} INFO - [2024-01-06T02:43:46.157+0000] {dag.py:3033} INFO - Sync 1 DAGs
[2024-01-06T02:43:46.171+0000] {logging_mixin.py:188} INFO - [2024-01-06T02:43:46.171+0000] {dag.py:3820} INFO - Setting next_dagrun for tutorial to 2024-01-05T00:00:00+00:00, run_after=2024-01-06T00:00:00+00:00
[2024-01-06T02:43:46.185+0000] {processor.py:183} INFO - Processing /home/airflow/.local/lib/python3.8/site-packages/airflow/example_dags/tutorial.py took 0.052 seconds
[2024-01-06T02:44:16.402+0000] {processor.py:161} INFO - Started process (PID=42736) to work on /home/airflow/.local/lib/python3.8/site-packages/airflow/example_dags/tutorial.py
[2024-01-06T02:44:16.404+0000] {processor.py:830} INFO - Processing file /home/airflow/.local/lib/python3.8/site-packages/airflow/example_dags/tutorial.py for tasks to queue
[2024-01-06T02:44:16.406+0000] {logging_mixin.py:188} INFO - [2024-01-06T02:44:16.405+0000] {dagbag.py:538} INFO - Filling up the DagBag from /home/airflow/.local/lib/python3.8/site-packages/airflow/example_dags/tutorial.py
[2024-01-06T02:44:16.410+0000] {processor.py:840} INFO - DAG(s) 'tutorial' retrieved from /home/airflow/.local/lib/python3.8/site-packages/airflow/example_dags/tutorial.py
[2024-01-06T02:44:16.425+0000] {logging_mixin.py:188} INFO - [2024-01-06T02:44:16.425+0000] {dag.py:3033} INFO - Sync 1 DAGs
[2024-01-06T02:44:16.439+0000] {logging_mixin.py:188} INFO - [2024-01-06T02:44:16.438+0000] {dag.py:3820} INFO - Setting next_dagrun for tutorial to 2024-01-05T00:00:00+00:00, run_after=2024-01-06T00:00:00+00:00
[2024-01-06T02:44:16.455+0000] {processor.py:183} INFO - Processing /home/airflow/.local/lib/python3.8/site-packages/airflow/example_dags/tutorial.py took 0.055 seconds
[2024-01-06T02:44:46.776+0000] {processor.py:161} INFO - Started process (PID=42794) to work on /home/airflow/.local/lib/python3.8/site-packages/airflow/example_dags/tutorial.py
[2024-01-06T02:44:46.777+0000] {processor.py:830} INFO - Processing file /home/airflow/.local/lib/python3.8/site-packages/airflow/example_dags/tutorial.py for tasks to queue
[2024-01-06T02:44:46.779+0000] {logging_mixin.py:188} INFO - [2024-01-06T02:44:46.779+0000] {dagbag.py:538} INFO - Filling up the DagBag from /home/airflow/.local/lib/python3.8/site-packages/airflow/example_dags/tutorial.py
[2024-01-06T02:44:46.783+0000] {processor.py:840} INFO - DAG(s) 'tutorial' retrieved from /home/airflow/.local/lib/python3.8/site-packages/airflow/example_dags/tutorial.py
[2024-01-06T02:44:46.797+0000] {logging_mixin.py:188} INFO - [2024-01-06T02:44:46.797+0000] {dag.py:3033} INFO - Sync 1 DAGs
[2024-01-06T02:44:46.809+0000] {logging_mixin.py:188} INFO - [2024-01-06T02:44:46.809+0000] {dag.py:3820} INFO - Setting next_dagrun for tutorial to 2024-01-05T00:00:00+00:00, run_after=2024-01-06T00:00:00+00:00
[2024-01-06T02:44:46.820+0000] {processor.py:183} INFO - Processing /home/airflow/.local/lib/python3.8/site-packages/airflow/example_dags/tutorial.py took 0.046 seconds
[2024-01-06T02:45:16.963+0000] {processor.py:161} INFO - Started process (PID=42852) to work on /home/airflow/.local/lib/python3.8/site-packages/airflow/example_dags/tutorial.py
[2024-01-06T02:45:16.965+0000] {processor.py:830} INFO - Processing file /home/airflow/.local/lib/python3.8/site-packages/airflow/example_dags/tutorial.py for tasks to queue
[2024-01-06T02:45:16.967+0000] {logging_mixin.py:188} INFO - [2024-01-06T02:45:16.967+0000] {dagbag.py:538} INFO - Filling up the DagBag from /home/airflow/.local/lib/python3.8/site-packages/airflow/example_dags/tutorial.py
[2024-01-06T02:45:16.972+0000] {processor.py:840} INFO - DAG(s) 'tutorial' retrieved from /home/airflow/.local/lib/python3.8/site-packages/airflow/example_dags/tutorial.py
[2024-01-06T02:45:16.987+0000] {logging_mixin.py:188} INFO - [2024-01-06T02:45:16.987+0000] {dag.py:3033} INFO - Sync 1 DAGs
[2024-01-06T02:45:17.001+0000] {logging_mixin.py:188} INFO - [2024-01-06T02:45:17.001+0000] {dag.py:3820} INFO - Setting next_dagrun for tutorial to 2024-01-05T00:00:00+00:00, run_after=2024-01-06T00:00:00+00:00
[2024-01-06T02:45:17.012+0000] {processor.py:183} INFO - Processing /home/airflow/.local/lib/python3.8/site-packages/airflow/example_dags/tutorial.py took 0.052 seconds
[2024-01-06T02:45:47.267+0000] {processor.py:161} INFO - Started process (PID=42910) to work on /home/airflow/.local/lib/python3.8/site-packages/airflow/example_dags/tutorial.py
[2024-01-06T02:45:47.269+0000] {processor.py:830} INFO - Processing file /home/airflow/.local/lib/python3.8/site-packages/airflow/example_dags/tutorial.py for tasks to queue
[2024-01-06T02:45:47.271+0000] {logging_mixin.py:188} INFO - [2024-01-06T02:45:47.271+0000] {dagbag.py:538} INFO - Filling up the DagBag from /home/airflow/.local/lib/python3.8/site-packages/airflow/example_dags/tutorial.py
[2024-01-06T02:45:47.275+0000] {processor.py:840} INFO - DAG(s) 'tutorial' retrieved from /home/airflow/.local/lib/python3.8/site-packages/airflow/example_dags/tutorial.py
[2024-01-06T02:45:47.290+0000] {logging_mixin.py:188} INFO - [2024-01-06T02:45:47.290+0000] {dag.py:3033} INFO - Sync 1 DAGs
[2024-01-06T02:45:47.304+0000] {logging_mixin.py:188} INFO - [2024-01-06T02:45:47.304+0000] {dag.py:3820} INFO - Setting next_dagrun for tutorial to 2024-01-05T00:00:00+00:00, run_after=2024-01-06T00:00:00+00:00
[2024-01-06T02:45:47.319+0000] {processor.py:183} INFO - Processing /home/airflow/.local/lib/python3.8/site-packages/airflow/example_dags/tutorial.py took 0.054 seconds
[2024-01-06T02:46:18.342+0000] {processor.py:161} INFO - Started process (PID=42968) to work on /home/airflow/.local/lib/python3.8/site-packages/airflow/example_dags/tutorial.py
[2024-01-06T02:46:18.344+0000] {processor.py:830} INFO - Processing file /home/airflow/.local/lib/python3.8/site-packages/airflow/example_dags/tutorial.py for tasks to queue
[2024-01-06T02:46:18.347+0000] {logging_mixin.py:188} INFO - [2024-01-06T02:46:18.346+0000] {dagbag.py:538} INFO - Filling up the DagBag from /home/airflow/.local/lib/python3.8/site-packages/airflow/example_dags/tutorial.py
[2024-01-06T02:46:18.351+0000] {processor.py:840} INFO - DAG(s) 'tutorial' retrieved from /home/airflow/.local/lib/python3.8/site-packages/airflow/example_dags/tutorial.py
[2024-01-06T02:46:18.366+0000] {logging_mixin.py:188} INFO - [2024-01-06T02:46:18.366+0000] {dag.py:3033} INFO - Sync 1 DAGs
[2024-01-06T02:46:18.379+0000] {logging_mixin.py:188} INFO - [2024-01-06T02:46:18.378+0000] {dag.py:3820} INFO - Setting next_dagrun for tutorial to 2024-01-05T00:00:00+00:00, run_after=2024-01-06T00:00:00+00:00
[2024-01-06T02:46:18.391+0000] {processor.py:183} INFO - Processing /home/airflow/.local/lib/python3.8/site-packages/airflow/example_dags/tutorial.py took 0.052 seconds
[2024-01-06T02:46:48.905+0000] {processor.py:161} INFO - Started process (PID=43026) to work on /home/airflow/.local/lib/python3.8/site-packages/airflow/example_dags/tutorial.py
[2024-01-06T02:46:48.907+0000] {processor.py:830} INFO - Processing file /home/airflow/.local/lib/python3.8/site-packages/airflow/example_dags/tutorial.py for tasks to queue
[2024-01-06T02:46:48.909+0000] {logging_mixin.py:188} INFO - [2024-01-06T02:46:48.909+0000] {dagbag.py:538} INFO - Filling up the DagBag from /home/airflow/.local/lib/python3.8/site-packages/airflow/example_dags/tutorial.py
[2024-01-06T02:46:48.914+0000] {processor.py:840} INFO - DAG(s) 'tutorial' retrieved from /home/airflow/.local/lib/python3.8/site-packages/airflow/example_dags/tutorial.py
[2024-01-06T02:46:48.929+0000] {logging_mixin.py:188} INFO - [2024-01-06T02:46:48.929+0000] {dag.py:3033} INFO - Sync 1 DAGs
[2024-01-06T02:46:48.942+0000] {logging_mixin.py:188} INFO - [2024-01-06T02:46:48.942+0000] {dag.py:3820} INFO - Setting next_dagrun for tutorial to 2024-01-05T00:00:00+00:00, run_after=2024-01-06T00:00:00+00:00
[2024-01-06T02:46:48.953+0000] {processor.py:183} INFO - Processing /home/airflow/.local/lib/python3.8/site-packages/airflow/example_dags/tutorial.py took 0.052 seconds
[2024-01-06T02:47:19.194+0000] {processor.py:161} INFO - Started process (PID=43084) to work on /home/airflow/.local/lib/python3.8/site-packages/airflow/example_dags/tutorial.py
[2024-01-06T02:47:19.196+0000] {processor.py:830} INFO - Processing file /home/airflow/.local/lib/python3.8/site-packages/airflow/example_dags/tutorial.py for tasks to queue
[2024-01-06T02:47:19.198+0000] {logging_mixin.py:188} INFO - [2024-01-06T02:47:19.198+0000] {dagbag.py:538} INFO - Filling up the DagBag from /home/airflow/.local/lib/python3.8/site-packages/airflow/example_dags/tutorial.py
[2024-01-06T02:47:19.203+0000] {processor.py:840} INFO - DAG(s) 'tutorial' retrieved from /home/airflow/.local/lib/python3.8/site-packages/airflow/example_dags/tutorial.py
[2024-01-06T02:47:19.218+0000] {logging_mixin.py:188} INFO - [2024-01-06T02:47:19.218+0000] {dag.py:3033} INFO - Sync 1 DAGs
[2024-01-06T02:47:19.236+0000] {logging_mixin.py:188} INFO - [2024-01-06T02:47:19.236+0000] {dag.py:3820} INFO - Setting next_dagrun for tutorial to 2024-01-05T00:00:00+00:00, run_after=2024-01-06T00:00:00+00:00
[2024-01-06T02:47:19.250+0000] {processor.py:183} INFO - Processing /home/airflow/.local/lib/python3.8/site-packages/airflow/example_dags/tutorial.py took 0.058 seconds
[2024-01-06T02:47:49.792+0000] {processor.py:161} INFO - Started process (PID=43142) to work on /home/airflow/.local/lib/python3.8/site-packages/airflow/example_dags/tutorial.py
[2024-01-06T02:47:49.796+0000] {processor.py:830} INFO - Processing file /home/airflow/.local/lib/python3.8/site-packages/airflow/example_dags/tutorial.py for tasks to queue
[2024-01-06T02:47:49.798+0000] {logging_mixin.py:188} INFO - [2024-01-06T02:47:49.798+0000] {dagbag.py:538} INFO - Filling up the DagBag from /home/airflow/.local/lib/python3.8/site-packages/airflow/example_dags/tutorial.py
[2024-01-06T02:47:49.803+0000] {processor.py:840} INFO - DAG(s) 'tutorial' retrieved from /home/airflow/.local/lib/python3.8/site-packages/airflow/example_dags/tutorial.py
[2024-01-06T02:47:49.819+0000] {logging_mixin.py:188} INFO - [2024-01-06T02:47:49.819+0000] {dag.py:3033} INFO - Sync 1 DAGs
[2024-01-06T02:47:49.833+0000] {logging_mixin.py:188} INFO - [2024-01-06T02:47:49.832+0000] {dag.py:3820} INFO - Setting next_dagrun for tutorial to 2024-01-05T00:00:00+00:00, run_after=2024-01-06T00:00:00+00:00
[2024-01-06T02:47:49.848+0000] {processor.py:183} INFO - Processing /home/airflow/.local/lib/python3.8/site-packages/airflow/example_dags/tutorial.py took 0.058 seconds
[2024-01-06T02:48:20.489+0000] {processor.py:161} INFO - Started process (PID=43200) to work on /home/airflow/.local/lib/python3.8/site-packages/airflow/example_dags/tutorial.py
[2024-01-06T02:48:20.517+0000] {processor.py:830} INFO - Processing file /home/airflow/.local/lib/python3.8/site-packages/airflow/example_dags/tutorial.py for tasks to queue
[2024-01-06T02:48:20.521+0000] {logging_mixin.py:188} INFO - [2024-01-06T02:48:20.520+0000] {dagbag.py:538} INFO - Filling up the DagBag from /home/airflow/.local/lib/python3.8/site-packages/airflow/example_dags/tutorial.py
[2024-01-06T02:48:20.531+0000] {processor.py:840} INFO - DAG(s) 'tutorial' retrieved from /home/airflow/.local/lib/python3.8/site-packages/airflow/example_dags/tutorial.py
[2024-01-06T02:48:20.562+0000] {logging_mixin.py:188} INFO - [2024-01-06T02:48:20.562+0000] {dag.py:3033} INFO - Sync 1 DAGs
[2024-01-06T02:48:20.586+0000] {logging_mixin.py:188} INFO - [2024-01-06T02:48:20.586+0000] {dag.py:3820} INFO - Setting next_dagrun for tutorial to 2024-01-05T00:00:00+00:00, run_after=2024-01-06T00:00:00+00:00
[2024-01-06T02:48:20.607+0000] {processor.py:183} INFO - Processing /home/airflow/.local/lib/python3.8/site-packages/airflow/example_dags/tutorial.py took 0.121 seconds
[2024-01-06T02:48:52.711+0000] {processor.py:161} INFO - Started process (PID=43258) to work on /home/airflow/.local/lib/python3.8/site-packages/airflow/example_dags/tutorial.py
[2024-01-06T02:48:52.716+0000] {processor.py:830} INFO - Processing file /home/airflow/.local/lib/python3.8/site-packages/airflow/example_dags/tutorial.py for tasks to queue
[2024-01-06T02:48:52.730+0000] {logging_mixin.py:188} INFO - [2024-01-06T02:48:52.729+0000] {dagbag.py:538} INFO - Filling up the DagBag from /home/airflow/.local/lib/python3.8/site-packages/airflow/example_dags/tutorial.py
[2024-01-06T02:48:52.746+0000] {processor.py:840} INFO - DAG(s) 'tutorial' retrieved from /home/airflow/.local/lib/python3.8/site-packages/airflow/example_dags/tutorial.py
[2024-01-06T02:48:52.874+0000] {logging_mixin.py:188} INFO - [2024-01-06T02:48:52.872+0000] {dag.py:3033} INFO - Sync 1 DAGs
[2024-01-06T02:48:52.968+0000] {logging_mixin.py:188} INFO - [2024-01-06T02:48:52.967+0000] {dag.py:3820} INFO - Setting next_dagrun for tutorial to 2024-01-05T00:00:00+00:00, run_after=2024-01-06T00:00:00+00:00
[2024-01-06T02:48:53.064+0000] {processor.py:183} INFO - Processing /home/airflow/.local/lib/python3.8/site-packages/airflow/example_dags/tutorial.py took 0.364 seconds
[2024-01-06T02:49:25.933+0000] {processor.py:161} INFO - Started process (PID=43315) to work on /home/airflow/.local/lib/python3.8/site-packages/airflow/example_dags/tutorial.py
[2024-01-06T02:49:25.937+0000] {processor.py:830} INFO - Processing file /home/airflow/.local/lib/python3.8/site-packages/airflow/example_dags/tutorial.py for tasks to queue
[2024-01-06T02:49:25.941+0000] {logging_mixin.py:188} INFO - [2024-01-06T02:49:25.941+0000] {dagbag.py:538} INFO - Filling up the DagBag from /home/airflow/.local/lib/python3.8/site-packages/airflow/example_dags/tutorial.py
[2024-01-06T02:49:25.951+0000] {processor.py:840} INFO - DAG(s) 'tutorial' retrieved from /home/airflow/.local/lib/python3.8/site-packages/airflow/example_dags/tutorial.py
[2024-01-06T02:49:25.975+0000] {logging_mixin.py:188} INFO - [2024-01-06T02:49:25.975+0000] {dag.py:3033} INFO - Sync 1 DAGs
[2024-01-06T02:49:25.996+0000] {logging_mixin.py:188} INFO - [2024-01-06T02:49:25.996+0000] {dag.py:3820} INFO - Setting next_dagrun for tutorial to 2024-01-05T00:00:00+00:00, run_after=2024-01-06T00:00:00+00:00
[2024-01-06T02:49:26.017+0000] {processor.py:183} INFO - Processing /home/airflow/.local/lib/python3.8/site-packages/airflow/example_dags/tutorial.py took 0.087 seconds
[2024-01-06T02:49:57.233+0000] {processor.py:161} INFO - Started process (PID=43378) to work on /home/airflow/.local/lib/python3.8/site-packages/airflow/example_dags/tutorial.py
[2024-01-06T02:49:57.235+0000] {processor.py:830} INFO - Processing file /home/airflow/.local/lib/python3.8/site-packages/airflow/example_dags/tutorial.py for tasks to queue
[2024-01-06T02:49:57.237+0000] {logging_mixin.py:188} INFO - [2024-01-06T02:49:57.237+0000] {dagbag.py:538} INFO - Filling up the DagBag from /home/airflow/.local/lib/python3.8/site-packages/airflow/example_dags/tutorial.py
[2024-01-06T02:49:57.242+0000] {processor.py:840} INFO - DAG(s) 'tutorial' retrieved from /home/airflow/.local/lib/python3.8/site-packages/airflow/example_dags/tutorial.py
[2024-01-06T02:49:57.257+0000] {logging_mixin.py:188} INFO - [2024-01-06T02:49:57.257+0000] {dag.py:3033} INFO - Sync 1 DAGs
[2024-01-06T02:49:57.274+0000] {logging_mixin.py:188} INFO - [2024-01-06T02:49:57.274+0000] {dag.py:3820} INFO - Setting next_dagrun for tutorial to 2024-01-05T00:00:00+00:00, run_after=2024-01-06T00:00:00+00:00
[2024-01-06T02:49:57.285+0000] {processor.py:183} INFO - Processing /home/airflow/.local/lib/python3.8/site-packages/airflow/example_dags/tutorial.py took 0.055 seconds
[2024-01-06T02:50:28.341+0000] {processor.py:161} INFO - Started process (PID=43436) to work on /home/airflow/.local/lib/python3.8/site-packages/airflow/example_dags/tutorial.py
[2024-01-06T02:50:28.343+0000] {processor.py:830} INFO - Processing file /home/airflow/.local/lib/python3.8/site-packages/airflow/example_dags/tutorial.py for tasks to queue
[2024-01-06T02:50:28.346+0000] {logging_mixin.py:188} INFO - [2024-01-06T02:50:28.345+0000] {dagbag.py:538} INFO - Filling up the DagBag from /home/airflow/.local/lib/python3.8/site-packages/airflow/example_dags/tutorial.py
[2024-01-06T02:50:28.351+0000] {processor.py:840} INFO - DAG(s) 'tutorial' retrieved from /home/airflow/.local/lib/python3.8/site-packages/airflow/example_dags/tutorial.py
[2024-01-06T02:50:28.368+0000] {logging_mixin.py:188} INFO - [2024-01-06T02:50:28.368+0000] {dag.py:3033} INFO - Sync 1 DAGs
[2024-01-06T02:50:28.384+0000] {logging_mixin.py:188} INFO - [2024-01-06T02:50:28.384+0000] {dag.py:3820} INFO - Setting next_dagrun for tutorial to 2024-01-05T00:00:00+00:00, run_after=2024-01-06T00:00:00+00:00
[2024-01-06T02:50:28.397+0000] {processor.py:183} INFO - Processing /home/airflow/.local/lib/python3.8/site-packages/airflow/example_dags/tutorial.py took 0.059 seconds
[2024-01-06T02:50:58.600+0000] {processor.py:161} INFO - Started process (PID=43494) to work on /home/airflow/.local/lib/python3.8/site-packages/airflow/example_dags/tutorial.py
[2024-01-06T02:50:58.601+0000] {processor.py:830} INFO - Processing file /home/airflow/.local/lib/python3.8/site-packages/airflow/example_dags/tutorial.py for tasks to queue
[2024-01-06T02:50:58.603+0000] {logging_mixin.py:188} INFO - [2024-01-06T02:50:58.603+0000] {dagbag.py:538} INFO - Filling up the DagBag from /home/airflow/.local/lib/python3.8/site-packages/airflow/example_dags/tutorial.py
[2024-01-06T02:50:58.608+0000] {processor.py:840} INFO - DAG(s) 'tutorial' retrieved from /home/airflow/.local/lib/python3.8/site-packages/airflow/example_dags/tutorial.py
[2024-01-06T02:50:58.623+0000] {logging_mixin.py:188} INFO - [2024-01-06T02:50:58.623+0000] {dag.py:3033} INFO - Sync 1 DAGs
[2024-01-06T02:50:58.636+0000] {logging_mixin.py:188} INFO - [2024-01-06T02:50:58.636+0000] {dag.py:3820} INFO - Setting next_dagrun for tutorial to 2024-01-05T00:00:00+00:00, run_after=2024-01-06T00:00:00+00:00
[2024-01-06T02:50:58.652+0000] {processor.py:183} INFO - Processing /home/airflow/.local/lib/python3.8/site-packages/airflow/example_dags/tutorial.py took 0.055 seconds
