[2024-01-06T01:20:16.578+0000] {processor.py:161} INFO - Started process (PID=39382) to work on /home/airflow/.local/lib/python3.8/site-packages/airflow/example_dags/tutorial_taskflow_api.py
[2024-01-06T01:20:16.579+0000] {processor.py:830} INFO - Processing file /home/airflow/.local/lib/python3.8/site-packages/airflow/example_dags/tutorial_taskflow_api.py for tasks to queue
[2024-01-06T01:20:16.582+0000] {logging_mixin.py:188} INFO - [2024-01-06T01:20:16.582+0000] {dagbag.py:538} INFO - Filling up the DagBag from /home/airflow/.local/lib/python3.8/site-packages/airflow/example_dags/tutorial_taskflow_api.py
[2024-01-06T01:20:16.586+0000] {processor.py:840} INFO - DAG(s) 'tutorial_taskflow_api' retrieved from /home/airflow/.local/lib/python3.8/site-packages/airflow/example_dags/tutorial_taskflow_api.py
[2024-01-06T01:20:16.600+0000] {logging_mixin.py:188} INFO - [2024-01-06T01:20:16.600+0000] {dag.py:3033} INFO - Sync 1 DAGs
[2024-01-06T01:20:16.608+0000] {logging_mixin.py:188} INFO - [2024-01-06T01:20:16.608+0000] {dag.py:3820} INFO - Setting next_dagrun for tutorial_taskflow_api to None, run_after=None
[2024-01-06T01:20:16.620+0000] {processor.py:183} INFO - Processing /home/airflow/.local/lib/python3.8/site-packages/airflow/example_dags/tutorial_taskflow_api.py took 0.044 seconds
[2024-01-06T01:47:35.706+0000] {processor.py:161} INFO - Started process (PID=39440) to work on /home/airflow/.local/lib/python3.8/site-packages/airflow/example_dags/tutorial_taskflow_api.py
[2024-01-06T01:47:35.707+0000] {processor.py:830} INFO - Processing file /home/airflow/.local/lib/python3.8/site-packages/airflow/example_dags/tutorial_taskflow_api.py for tasks to queue
[2024-01-06T01:47:35.710+0000] {logging_mixin.py:188} INFO - [2024-01-06T01:47:35.710+0000] {dagbag.py:538} INFO - Filling up the DagBag from /home/airflow/.local/lib/python3.8/site-packages/airflow/example_dags/tutorial_taskflow_api.py
[2024-01-06T01:47:35.715+0000] {processor.py:840} INFO - DAG(s) 'tutorial_taskflow_api' retrieved from /home/airflow/.local/lib/python3.8/site-packages/airflow/example_dags/tutorial_taskflow_api.py
[2024-01-06T01:47:35.731+0000] {logging_mixin.py:188} INFO - [2024-01-06T01:47:35.731+0000] {dag.py:3033} INFO - Sync 1 DAGs
[2024-01-06T01:47:35.739+0000] {logging_mixin.py:188} INFO - [2024-01-06T01:47:35.739+0000] {dag.py:3820} INFO - Setting next_dagrun for tutorial_taskflow_api to None, run_after=None
[2024-01-06T01:47:35.752+0000] {processor.py:183} INFO - Processing /home/airflow/.local/lib/python3.8/site-packages/airflow/example_dags/tutorial_taskflow_api.py took 0.049 seconds
[2024-01-06T01:48:06.377+0000] {processor.py:161} INFO - Started process (PID=39498) to work on /home/airflow/.local/lib/python3.8/site-packages/airflow/example_dags/tutorial_taskflow_api.py
[2024-01-06T01:48:06.379+0000] {processor.py:830} INFO - Processing file /home/airflow/.local/lib/python3.8/site-packages/airflow/example_dags/tutorial_taskflow_api.py for tasks to queue
[2024-01-06T01:48:06.381+0000] {logging_mixin.py:188} INFO - [2024-01-06T01:48:06.381+0000] {dagbag.py:538} INFO - Filling up the DagBag from /home/airflow/.local/lib/python3.8/site-packages/airflow/example_dags/tutorial_taskflow_api.py
[2024-01-06T01:48:06.385+0000] {processor.py:840} INFO - DAG(s) 'tutorial_taskflow_api' retrieved from /home/airflow/.local/lib/python3.8/site-packages/airflow/example_dags/tutorial_taskflow_api.py
[2024-01-06T01:48:06.398+0000] {logging_mixin.py:188} INFO - [2024-01-06T01:48:06.398+0000] {dag.py:3033} INFO - Sync 1 DAGs
[2024-01-06T01:48:06.406+0000] {logging_mixin.py:188} INFO - [2024-01-06T01:48:06.406+0000] {dag.py:3820} INFO - Setting next_dagrun for tutorial_taskflow_api to None, run_after=None
[2024-01-06T01:48:06.416+0000] {processor.py:183} INFO - Processing /home/airflow/.local/lib/python3.8/site-packages/airflow/example_dags/tutorial_taskflow_api.py took 0.041 seconds
[2024-01-06T02:05:27.672+0000] {processor.py:161} INFO - Started process (PID=39556) to work on /home/airflow/.local/lib/python3.8/site-packages/airflow/example_dags/tutorial_taskflow_api.py
[2024-01-06T02:05:27.675+0000] {processor.py:830} INFO - Processing file /home/airflow/.local/lib/python3.8/site-packages/airflow/example_dags/tutorial_taskflow_api.py for tasks to queue
[2024-01-06T02:05:27.677+0000] {logging_mixin.py:188} INFO - [2024-01-06T02:05:27.677+0000] {dagbag.py:538} INFO - Filling up the DagBag from /home/airflow/.local/lib/python3.8/site-packages/airflow/example_dags/tutorial_taskflow_api.py
[2024-01-06T02:05:27.682+0000] {processor.py:840} INFO - DAG(s) 'tutorial_taskflow_api' retrieved from /home/airflow/.local/lib/python3.8/site-packages/airflow/example_dags/tutorial_taskflow_api.py
[2024-01-06T02:05:27.698+0000] {logging_mixin.py:188} INFO - [2024-01-06T02:05:27.698+0000] {dag.py:3033} INFO - Sync 1 DAGs
[2024-01-06T02:05:27.709+0000] {logging_mixin.py:188} INFO - [2024-01-06T02:05:27.709+0000] {dag.py:3820} INFO - Setting next_dagrun for tutorial_taskflow_api to None, run_after=None
[2024-01-06T02:05:27.721+0000] {processor.py:183} INFO - Processing /home/airflow/.local/lib/python3.8/site-packages/airflow/example_dags/tutorial_taskflow_api.py took 0.051 seconds
[2024-01-06T02:16:27.386+0000] {processor.py:161} INFO - Started process (PID=39614) to work on /home/airflow/.local/lib/python3.8/site-packages/airflow/example_dags/tutorial_taskflow_api.py
[2024-01-06T02:16:27.388+0000] {processor.py:830} INFO - Processing file /home/airflow/.local/lib/python3.8/site-packages/airflow/example_dags/tutorial_taskflow_api.py for tasks to queue
[2024-01-06T02:16:27.390+0000] {logging_mixin.py:188} INFO - [2024-01-06T02:16:27.390+0000] {dagbag.py:538} INFO - Filling up the DagBag from /home/airflow/.local/lib/python3.8/site-packages/airflow/example_dags/tutorial_taskflow_api.py
[2024-01-06T02:16:27.394+0000] {processor.py:840} INFO - DAG(s) 'tutorial_taskflow_api' retrieved from /home/airflow/.local/lib/python3.8/site-packages/airflow/example_dags/tutorial_taskflow_api.py
[2024-01-06T02:16:27.407+0000] {logging_mixin.py:188} INFO - [2024-01-06T02:16:27.407+0000] {dag.py:3033} INFO - Sync 1 DAGs
[2024-01-06T02:16:27.414+0000] {logging_mixin.py:188} INFO - [2024-01-06T02:16:27.414+0000] {dag.py:3820} INFO - Setting next_dagrun for tutorial_taskflow_api to None, run_after=None
[2024-01-06T02:16:27.427+0000] {processor.py:183} INFO - Processing /home/airflow/.local/lib/python3.8/site-packages/airflow/example_dags/tutorial_taskflow_api.py took 0.042 seconds
[2024-01-06T02:17:10.335+0000] {processor.py:161} INFO - Started process (PID=39672) to work on /home/airflow/.local/lib/python3.8/site-packages/airflow/example_dags/tutorial_taskflow_api.py
[2024-01-06T02:17:10.349+0000] {processor.py:830} INFO - Processing file /home/airflow/.local/lib/python3.8/site-packages/airflow/example_dags/tutorial_taskflow_api.py for tasks to queue
[2024-01-06T02:17:10.378+0000] {logging_mixin.py:188} INFO - [2024-01-06T02:17:10.376+0000] {dagbag.py:538} INFO - Filling up the DagBag from /home/airflow/.local/lib/python3.8/site-packages/airflow/example_dags/tutorial_taskflow_api.py
[2024-01-06T02:17:10.445+0000] {processor.py:840} INFO - DAG(s) 'tutorial_taskflow_api' retrieved from /home/airflow/.local/lib/python3.8/site-packages/airflow/example_dags/tutorial_taskflow_api.py
[2024-01-06T02:17:10.568+0000] {logging_mixin.py:188} INFO - [2024-01-06T02:17:10.567+0000] {dag.py:3033} INFO - Sync 1 DAGs
[2024-01-06T02:17:10.639+0000] {logging_mixin.py:188} INFO - [2024-01-06T02:17:10.638+0000] {dag.py:3820} INFO - Setting next_dagrun for tutorial_taskflow_api to None, run_after=None
[2024-01-06T02:17:10.773+0000] {processor.py:183} INFO - Processing /home/airflow/.local/lib/python3.8/site-packages/airflow/example_dags/tutorial_taskflow_api.py took 0.478 seconds
[2024-01-06T02:17:41.041+0000] {processor.py:161} INFO - Started process (PID=39729) to work on /home/airflow/.local/lib/python3.8/site-packages/airflow/example_dags/tutorial_taskflow_api.py
[2024-01-06T02:17:41.042+0000] {processor.py:830} INFO - Processing file /home/airflow/.local/lib/python3.8/site-packages/airflow/example_dags/tutorial_taskflow_api.py for tasks to queue
[2024-01-06T02:17:41.044+0000] {logging_mixin.py:188} INFO - [2024-01-06T02:17:41.044+0000] {dagbag.py:538} INFO - Filling up the DagBag from /home/airflow/.local/lib/python3.8/site-packages/airflow/example_dags/tutorial_taskflow_api.py
[2024-01-06T02:17:41.049+0000] {processor.py:840} INFO - DAG(s) 'tutorial_taskflow_api' retrieved from /home/airflow/.local/lib/python3.8/site-packages/airflow/example_dags/tutorial_taskflow_api.py
[2024-01-06T02:17:41.064+0000] {logging_mixin.py:188} INFO - [2024-01-06T02:17:41.064+0000] {dag.py:3033} INFO - Sync 1 DAGs
[2024-01-06T02:17:41.072+0000] {logging_mixin.py:188} INFO - [2024-01-06T02:17:41.072+0000] {dag.py:3820} INFO - Setting next_dagrun for tutorial_taskflow_api to None, run_after=None
[2024-01-06T02:17:41.083+0000] {processor.py:183} INFO - Processing /home/airflow/.local/lib/python3.8/site-packages/airflow/example_dags/tutorial_taskflow_api.py took 0.045 seconds
[2024-01-06T02:18:11.462+0000] {processor.py:161} INFO - Started process (PID=39788) to work on /home/airflow/.local/lib/python3.8/site-packages/airflow/example_dags/tutorial_taskflow_api.py
[2024-01-06T02:18:11.463+0000] {processor.py:830} INFO - Processing file /home/airflow/.local/lib/python3.8/site-packages/airflow/example_dags/tutorial_taskflow_api.py for tasks to queue
[2024-01-06T02:18:11.465+0000] {logging_mixin.py:188} INFO - [2024-01-06T02:18:11.465+0000] {dagbag.py:538} INFO - Filling up the DagBag from /home/airflow/.local/lib/python3.8/site-packages/airflow/example_dags/tutorial_taskflow_api.py
[2024-01-06T02:18:11.469+0000] {processor.py:840} INFO - DAG(s) 'tutorial_taskflow_api' retrieved from /home/airflow/.local/lib/python3.8/site-packages/airflow/example_dags/tutorial_taskflow_api.py
[2024-01-06T02:18:11.483+0000] {logging_mixin.py:188} INFO - [2024-01-06T02:18:11.483+0000] {dag.py:3033} INFO - Sync 1 DAGs
[2024-01-06T02:18:11.491+0000] {logging_mixin.py:188} INFO - [2024-01-06T02:18:11.491+0000] {dag.py:3820} INFO - Setting next_dagrun for tutorial_taskflow_api to None, run_after=None
[2024-01-06T02:18:11.501+0000] {processor.py:183} INFO - Processing /home/airflow/.local/lib/python3.8/site-packages/airflow/example_dags/tutorial_taskflow_api.py took 0.042 seconds
[2024-01-06T02:18:42.009+0000] {processor.py:161} INFO - Started process (PID=39846) to work on /home/airflow/.local/lib/python3.8/site-packages/airflow/example_dags/tutorial_taskflow_api.py
[2024-01-06T02:18:42.011+0000] {processor.py:830} INFO - Processing file /home/airflow/.local/lib/python3.8/site-packages/airflow/example_dags/tutorial_taskflow_api.py for tasks to queue
[2024-01-06T02:18:42.013+0000] {logging_mixin.py:188} INFO - [2024-01-06T02:18:42.012+0000] {dagbag.py:538} INFO - Filling up the DagBag from /home/airflow/.local/lib/python3.8/site-packages/airflow/example_dags/tutorial_taskflow_api.py
[2024-01-06T02:18:42.018+0000] {processor.py:840} INFO - DAG(s) 'tutorial_taskflow_api' retrieved from /home/airflow/.local/lib/python3.8/site-packages/airflow/example_dags/tutorial_taskflow_api.py
[2024-01-06T02:18:42.032+0000] {logging_mixin.py:188} INFO - [2024-01-06T02:18:42.032+0000] {dag.py:3033} INFO - Sync 1 DAGs
[2024-01-06T02:18:42.039+0000] {logging_mixin.py:188} INFO - [2024-01-06T02:18:42.039+0000] {dag.py:3820} INFO - Setting next_dagrun for tutorial_taskflow_api to None, run_after=None
[2024-01-06T02:18:42.051+0000] {processor.py:183} INFO - Processing /home/airflow/.local/lib/python3.8/site-packages/airflow/example_dags/tutorial_taskflow_api.py took 0.045 seconds
[2024-01-06T02:19:12.579+0000] {processor.py:161} INFO - Started process (PID=39905) to work on /home/airflow/.local/lib/python3.8/site-packages/airflow/example_dags/tutorial_taskflow_api.py
[2024-01-06T02:19:12.580+0000] {processor.py:830} INFO - Processing file /home/airflow/.local/lib/python3.8/site-packages/airflow/example_dags/tutorial_taskflow_api.py for tasks to queue
[2024-01-06T02:19:12.582+0000] {logging_mixin.py:188} INFO - [2024-01-06T02:19:12.582+0000] {dagbag.py:538} INFO - Filling up the DagBag from /home/airflow/.local/lib/python3.8/site-packages/airflow/example_dags/tutorial_taskflow_api.py
[2024-01-06T02:19:12.588+0000] {processor.py:840} INFO - DAG(s) 'tutorial_taskflow_api' retrieved from /home/airflow/.local/lib/python3.8/site-packages/airflow/example_dags/tutorial_taskflow_api.py
[2024-01-06T02:19:12.606+0000] {logging_mixin.py:188} INFO - [2024-01-06T02:19:12.606+0000] {dag.py:3033} INFO - Sync 1 DAGs
[2024-01-06T02:19:12.613+0000] {logging_mixin.py:188} INFO - [2024-01-06T02:19:12.613+0000] {dag.py:3820} INFO - Setting next_dagrun for tutorial_taskflow_api to None, run_after=None
[2024-01-06T02:19:12.624+0000] {processor.py:183} INFO - Processing /home/airflow/.local/lib/python3.8/site-packages/airflow/example_dags/tutorial_taskflow_api.py took 0.048 seconds
[2024-01-06T02:19:43.198+0000] {processor.py:161} INFO - Started process (PID=39963) to work on /home/airflow/.local/lib/python3.8/site-packages/airflow/example_dags/tutorial_taskflow_api.py
[2024-01-06T02:19:43.199+0000] {processor.py:830} INFO - Processing file /home/airflow/.local/lib/python3.8/site-packages/airflow/example_dags/tutorial_taskflow_api.py for tasks to queue
[2024-01-06T02:19:43.201+0000] {logging_mixin.py:188} INFO - [2024-01-06T02:19:43.201+0000] {dagbag.py:538} INFO - Filling up the DagBag from /home/airflow/.local/lib/python3.8/site-packages/airflow/example_dags/tutorial_taskflow_api.py
[2024-01-06T02:19:43.206+0000] {processor.py:840} INFO - DAG(s) 'tutorial_taskflow_api' retrieved from /home/airflow/.local/lib/python3.8/site-packages/airflow/example_dags/tutorial_taskflow_api.py
[2024-01-06T02:19:43.221+0000] {logging_mixin.py:188} INFO - [2024-01-06T02:19:43.220+0000] {dag.py:3033} INFO - Sync 1 DAGs
[2024-01-06T02:19:43.228+0000] {logging_mixin.py:188} INFO - [2024-01-06T02:19:43.228+0000] {dag.py:3820} INFO - Setting next_dagrun for tutorial_taskflow_api to None, run_after=None
[2024-01-06T02:19:43.241+0000] {processor.py:183} INFO - Processing /home/airflow/.local/lib/python3.8/site-packages/airflow/example_dags/tutorial_taskflow_api.py took 0.045 seconds
[2024-01-06T02:20:13.636+0000] {processor.py:161} INFO - Started process (PID=40021) to work on /home/airflow/.local/lib/python3.8/site-packages/airflow/example_dags/tutorial_taskflow_api.py
[2024-01-06T02:20:13.639+0000] {processor.py:830} INFO - Processing file /home/airflow/.local/lib/python3.8/site-packages/airflow/example_dags/tutorial_taskflow_api.py for tasks to queue
[2024-01-06T02:20:13.645+0000] {logging_mixin.py:188} INFO - [2024-01-06T02:20:13.643+0000] {dagbag.py:538} INFO - Filling up the DagBag from /home/airflow/.local/lib/python3.8/site-packages/airflow/example_dags/tutorial_taskflow_api.py
[2024-01-06T02:20:13.653+0000] {processor.py:840} INFO - DAG(s) 'tutorial_taskflow_api' retrieved from /home/airflow/.local/lib/python3.8/site-packages/airflow/example_dags/tutorial_taskflow_api.py
[2024-01-06T02:20:13.680+0000] {logging_mixin.py:188} INFO - [2024-01-06T02:20:13.680+0000] {dag.py:3033} INFO - Sync 1 DAGs
[2024-01-06T02:20:13.692+0000] {logging_mixin.py:188} INFO - [2024-01-06T02:20:13.692+0000] {dag.py:3820} INFO - Setting next_dagrun for tutorial_taskflow_api to None, run_after=None
[2024-01-06T02:20:13.720+0000] {processor.py:183} INFO - Processing /home/airflow/.local/lib/python3.8/site-packages/airflow/example_dags/tutorial_taskflow_api.py took 0.087 seconds
[2024-01-06T02:20:44.401+0000] {processor.py:161} INFO - Started process (PID=40079) to work on /home/airflow/.local/lib/python3.8/site-packages/airflow/example_dags/tutorial_taskflow_api.py
[2024-01-06T02:20:44.403+0000] {processor.py:830} INFO - Processing file /home/airflow/.local/lib/python3.8/site-packages/airflow/example_dags/tutorial_taskflow_api.py for tasks to queue
[2024-01-06T02:20:44.405+0000] {logging_mixin.py:188} INFO - [2024-01-06T02:20:44.405+0000] {dagbag.py:538} INFO - Filling up the DagBag from /home/airflow/.local/lib/python3.8/site-packages/airflow/example_dags/tutorial_taskflow_api.py
[2024-01-06T02:20:44.409+0000] {processor.py:840} INFO - DAG(s) 'tutorial_taskflow_api' retrieved from /home/airflow/.local/lib/python3.8/site-packages/airflow/example_dags/tutorial_taskflow_api.py
[2024-01-06T02:20:44.423+0000] {logging_mixin.py:188} INFO - [2024-01-06T02:20:44.423+0000] {dag.py:3033} INFO - Sync 1 DAGs
[2024-01-06T02:20:44.430+0000] {logging_mixin.py:188} INFO - [2024-01-06T02:20:44.430+0000] {dag.py:3820} INFO - Setting next_dagrun for tutorial_taskflow_api to None, run_after=None
[2024-01-06T02:20:44.441+0000] {processor.py:183} INFO - Processing /home/airflow/.local/lib/python3.8/site-packages/airflow/example_dags/tutorial_taskflow_api.py took 0.042 seconds
[2024-01-06T02:21:15.581+0000] {processor.py:161} INFO - Started process (PID=40137) to work on /home/airflow/.local/lib/python3.8/site-packages/airflow/example_dags/tutorial_taskflow_api.py
[2024-01-06T02:21:15.584+0000] {processor.py:830} INFO - Processing file /home/airflow/.local/lib/python3.8/site-packages/airflow/example_dags/tutorial_taskflow_api.py for tasks to queue
[2024-01-06T02:21:15.589+0000] {logging_mixin.py:188} INFO - [2024-01-06T02:21:15.588+0000] {dagbag.py:538} INFO - Filling up the DagBag from /home/airflow/.local/lib/python3.8/site-packages/airflow/example_dags/tutorial_taskflow_api.py
[2024-01-06T02:21:15.618+0000] {processor.py:840} INFO - DAG(s) 'tutorial_taskflow_api' retrieved from /home/airflow/.local/lib/python3.8/site-packages/airflow/example_dags/tutorial_taskflow_api.py
[2024-01-06T02:21:15.671+0000] {logging_mixin.py:188} INFO - [2024-01-06T02:21:15.671+0000] {dag.py:3033} INFO - Sync 1 DAGs
[2024-01-06T02:21:15.706+0000] {logging_mixin.py:188} INFO - [2024-01-06T02:21:15.706+0000] {dag.py:3820} INFO - Setting next_dagrun for tutorial_taskflow_api to None, run_after=None
[2024-01-06T02:21:15.729+0000] {processor.py:183} INFO - Processing /home/airflow/.local/lib/python3.8/site-packages/airflow/example_dags/tutorial_taskflow_api.py took 0.152 seconds
[2024-01-06T02:21:46.202+0000] {processor.py:161} INFO - Started process (PID=40195) to work on /home/airflow/.local/lib/python3.8/site-packages/airflow/example_dags/tutorial_taskflow_api.py
[2024-01-06T02:21:46.204+0000] {processor.py:830} INFO - Processing file /home/airflow/.local/lib/python3.8/site-packages/airflow/example_dags/tutorial_taskflow_api.py for tasks to queue
[2024-01-06T02:21:46.207+0000] {logging_mixin.py:188} INFO - [2024-01-06T02:21:46.206+0000] {dagbag.py:538} INFO - Filling up the DagBag from /home/airflow/.local/lib/python3.8/site-packages/airflow/example_dags/tutorial_taskflow_api.py
[2024-01-06T02:21:46.214+0000] {processor.py:840} INFO - DAG(s) 'tutorial_taskflow_api' retrieved from /home/airflow/.local/lib/python3.8/site-packages/airflow/example_dags/tutorial_taskflow_api.py
[2024-01-06T02:21:46.229+0000] {logging_mixin.py:188} INFO - [2024-01-06T02:21:46.229+0000] {dag.py:3033} INFO - Sync 1 DAGs
[2024-01-06T02:21:46.237+0000] {logging_mixin.py:188} INFO - [2024-01-06T02:21:46.237+0000] {dag.py:3820} INFO - Setting next_dagrun for tutorial_taskflow_api to None, run_after=None
[2024-01-06T02:21:46.250+0000] {processor.py:183} INFO - Processing /home/airflow/.local/lib/python3.8/site-packages/airflow/example_dags/tutorial_taskflow_api.py took 0.050 seconds
[2024-01-06T02:22:16.480+0000] {processor.py:161} INFO - Started process (PID=40253) to work on /home/airflow/.local/lib/python3.8/site-packages/airflow/example_dags/tutorial_taskflow_api.py
[2024-01-06T02:22:16.482+0000] {processor.py:830} INFO - Processing file /home/airflow/.local/lib/python3.8/site-packages/airflow/example_dags/tutorial_taskflow_api.py for tasks to queue
[2024-01-06T02:22:16.484+0000] {logging_mixin.py:188} INFO - [2024-01-06T02:22:16.484+0000] {dagbag.py:538} INFO - Filling up the DagBag from /home/airflow/.local/lib/python3.8/site-packages/airflow/example_dags/tutorial_taskflow_api.py
[2024-01-06T02:22:16.489+0000] {processor.py:840} INFO - DAG(s) 'tutorial_taskflow_api' retrieved from /home/airflow/.local/lib/python3.8/site-packages/airflow/example_dags/tutorial_taskflow_api.py
[2024-01-06T02:22:16.504+0000] {logging_mixin.py:188} INFO - [2024-01-06T02:22:16.504+0000] {dag.py:3033} INFO - Sync 1 DAGs
[2024-01-06T02:22:16.513+0000] {logging_mixin.py:188} INFO - [2024-01-06T02:22:16.513+0000] {dag.py:3820} INFO - Setting next_dagrun for tutorial_taskflow_api to None, run_after=None
[2024-01-06T02:22:16.526+0000] {processor.py:183} INFO - Processing /home/airflow/.local/lib/python3.8/site-packages/airflow/example_dags/tutorial_taskflow_api.py took 0.048 seconds
[2024-01-06T02:22:47.284+0000] {processor.py:161} INFO - Started process (PID=40311) to work on /home/airflow/.local/lib/python3.8/site-packages/airflow/example_dags/tutorial_taskflow_api.py
[2024-01-06T02:22:47.285+0000] {processor.py:830} INFO - Processing file /home/airflow/.local/lib/python3.8/site-packages/airflow/example_dags/tutorial_taskflow_api.py for tasks to queue
[2024-01-06T02:22:47.287+0000] {logging_mixin.py:188} INFO - [2024-01-06T02:22:47.287+0000] {dagbag.py:538} INFO - Filling up the DagBag from /home/airflow/.local/lib/python3.8/site-packages/airflow/example_dags/tutorial_taskflow_api.py
[2024-01-06T02:22:47.292+0000] {processor.py:840} INFO - DAG(s) 'tutorial_taskflow_api' retrieved from /home/airflow/.local/lib/python3.8/site-packages/airflow/example_dags/tutorial_taskflow_api.py
[2024-01-06T02:22:47.307+0000] {logging_mixin.py:188} INFO - [2024-01-06T02:22:47.307+0000] {dag.py:3033} INFO - Sync 1 DAGs
[2024-01-06T02:22:47.316+0000] {logging_mixin.py:188} INFO - [2024-01-06T02:22:47.315+0000] {dag.py:3820} INFO - Setting next_dagrun for tutorial_taskflow_api to None, run_after=None
[2024-01-06T02:22:47.328+0000] {processor.py:183} INFO - Processing /home/airflow/.local/lib/python3.8/site-packages/airflow/example_dags/tutorial_taskflow_api.py took 0.047 seconds
[2024-01-06T02:23:18.149+0000] {processor.py:161} INFO - Started process (PID=40369) to work on /home/airflow/.local/lib/python3.8/site-packages/airflow/example_dags/tutorial_taskflow_api.py
[2024-01-06T02:23:18.150+0000] {processor.py:830} INFO - Processing file /home/airflow/.local/lib/python3.8/site-packages/airflow/example_dags/tutorial_taskflow_api.py for tasks to queue
[2024-01-06T02:23:18.152+0000] {logging_mixin.py:188} INFO - [2024-01-06T02:23:18.152+0000] {dagbag.py:538} INFO - Filling up the DagBag from /home/airflow/.local/lib/python3.8/site-packages/airflow/example_dags/tutorial_taskflow_api.py
[2024-01-06T02:23:18.157+0000] {processor.py:840} INFO - DAG(s) 'tutorial_taskflow_api' retrieved from /home/airflow/.local/lib/python3.8/site-packages/airflow/example_dags/tutorial_taskflow_api.py
[2024-01-06T02:23:18.175+0000] {logging_mixin.py:188} INFO - [2024-01-06T02:23:18.175+0000] {dag.py:3033} INFO - Sync 1 DAGs
[2024-01-06T02:23:18.183+0000] {logging_mixin.py:188} INFO - [2024-01-06T02:23:18.183+0000] {dag.py:3820} INFO - Setting next_dagrun for tutorial_taskflow_api to None, run_after=None
[2024-01-06T02:23:18.196+0000] {processor.py:183} INFO - Processing /home/airflow/.local/lib/python3.8/site-packages/airflow/example_dags/tutorial_taskflow_api.py took 0.050 seconds
[2024-01-06T02:23:48.586+0000] {processor.py:161} INFO - Started process (PID=40427) to work on /home/airflow/.local/lib/python3.8/site-packages/airflow/example_dags/tutorial_taskflow_api.py
[2024-01-06T02:23:48.588+0000] {processor.py:830} INFO - Processing file /home/airflow/.local/lib/python3.8/site-packages/airflow/example_dags/tutorial_taskflow_api.py for tasks to queue
[2024-01-06T02:23:48.590+0000] {logging_mixin.py:188} INFO - [2024-01-06T02:23:48.590+0000] {dagbag.py:538} INFO - Filling up the DagBag from /home/airflow/.local/lib/python3.8/site-packages/airflow/example_dags/tutorial_taskflow_api.py
[2024-01-06T02:23:48.596+0000] {processor.py:840} INFO - DAG(s) 'tutorial_taskflow_api' retrieved from /home/airflow/.local/lib/python3.8/site-packages/airflow/example_dags/tutorial_taskflow_api.py
[2024-01-06T02:23:48.612+0000] {logging_mixin.py:188} INFO - [2024-01-06T02:23:48.612+0000] {dag.py:3033} INFO - Sync 1 DAGs
[2024-01-06T02:23:48.620+0000] {logging_mixin.py:188} INFO - [2024-01-06T02:23:48.620+0000] {dag.py:3820} INFO - Setting next_dagrun for tutorial_taskflow_api to None, run_after=None
[2024-01-06T02:23:48.632+0000] {processor.py:183} INFO - Processing /home/airflow/.local/lib/python3.8/site-packages/airflow/example_dags/tutorial_taskflow_api.py took 0.051 seconds
[2024-01-06T02:24:19.035+0000] {processor.py:161} INFO - Started process (PID=40485) to work on /home/airflow/.local/lib/python3.8/site-packages/airflow/example_dags/tutorial_taskflow_api.py
[2024-01-06T02:24:19.037+0000] {processor.py:830} INFO - Processing file /home/airflow/.local/lib/python3.8/site-packages/airflow/example_dags/tutorial_taskflow_api.py for tasks to queue
[2024-01-06T02:24:19.039+0000] {logging_mixin.py:188} INFO - [2024-01-06T02:24:19.039+0000] {dagbag.py:538} INFO - Filling up the DagBag from /home/airflow/.local/lib/python3.8/site-packages/airflow/example_dags/tutorial_taskflow_api.py
[2024-01-06T02:24:19.044+0000] {processor.py:840} INFO - DAG(s) 'tutorial_taskflow_api' retrieved from /home/airflow/.local/lib/python3.8/site-packages/airflow/example_dags/tutorial_taskflow_api.py
[2024-01-06T02:24:19.059+0000] {logging_mixin.py:188} INFO - [2024-01-06T02:24:19.059+0000] {dag.py:3033} INFO - Sync 1 DAGs
[2024-01-06T02:24:19.067+0000] {logging_mixin.py:188} INFO - [2024-01-06T02:24:19.067+0000] {dag.py:3820} INFO - Setting next_dagrun for tutorial_taskflow_api to None, run_after=None
[2024-01-06T02:24:19.078+0000] {processor.py:183} INFO - Processing /home/airflow/.local/lib/python3.8/site-packages/airflow/example_dags/tutorial_taskflow_api.py took 0.045 seconds
[2024-01-06T02:24:49.421+0000] {processor.py:161} INFO - Started process (PID=40549) to work on /home/airflow/.local/lib/python3.8/site-packages/airflow/example_dags/tutorial_taskflow_api.py
[2024-01-06T02:24:49.423+0000] {processor.py:830} INFO - Processing file /home/airflow/.local/lib/python3.8/site-packages/airflow/example_dags/tutorial_taskflow_api.py for tasks to queue
[2024-01-06T02:24:49.425+0000] {logging_mixin.py:188} INFO - [2024-01-06T02:24:49.425+0000] {dagbag.py:538} INFO - Filling up the DagBag from /home/airflow/.local/lib/python3.8/site-packages/airflow/example_dags/tutorial_taskflow_api.py
[2024-01-06T02:24:49.430+0000] {processor.py:840} INFO - DAG(s) 'tutorial_taskflow_api' retrieved from /home/airflow/.local/lib/python3.8/site-packages/airflow/example_dags/tutorial_taskflow_api.py
[2024-01-06T02:24:49.445+0000] {logging_mixin.py:188} INFO - [2024-01-06T02:24:49.445+0000] {dag.py:3033} INFO - Sync 1 DAGs
[2024-01-06T02:24:49.453+0000] {logging_mixin.py:188} INFO - [2024-01-06T02:24:49.453+0000] {dag.py:3820} INFO - Setting next_dagrun for tutorial_taskflow_api to None, run_after=None
[2024-01-06T02:24:49.466+0000] {processor.py:183} INFO - Processing /home/airflow/.local/lib/python3.8/site-packages/airflow/example_dags/tutorial_taskflow_api.py took 0.047 seconds
[2024-01-06T02:25:20.400+0000] {processor.py:161} INFO - Started process (PID=40607) to work on /home/airflow/.local/lib/python3.8/site-packages/airflow/example_dags/tutorial_taskflow_api.py
[2024-01-06T02:25:20.401+0000] {processor.py:830} INFO - Processing file /home/airflow/.local/lib/python3.8/site-packages/airflow/example_dags/tutorial_taskflow_api.py for tasks to queue
[2024-01-06T02:25:20.404+0000] {logging_mixin.py:188} INFO - [2024-01-06T02:25:20.403+0000] {dagbag.py:538} INFO - Filling up the DagBag from /home/airflow/.local/lib/python3.8/site-packages/airflow/example_dags/tutorial_taskflow_api.py
[2024-01-06T02:25:20.409+0000] {processor.py:840} INFO - DAG(s) 'tutorial_taskflow_api' retrieved from /home/airflow/.local/lib/python3.8/site-packages/airflow/example_dags/tutorial_taskflow_api.py
[2024-01-06T02:25:20.425+0000] {logging_mixin.py:188} INFO - [2024-01-06T02:25:20.425+0000] {dag.py:3033} INFO - Sync 1 DAGs
[2024-01-06T02:25:20.434+0000] {logging_mixin.py:188} INFO - [2024-01-06T02:25:20.434+0000] {dag.py:3820} INFO - Setting next_dagrun for tutorial_taskflow_api to None, run_after=None
[2024-01-06T02:25:20.449+0000] {processor.py:183} INFO - Processing /home/airflow/.local/lib/python3.8/site-packages/airflow/example_dags/tutorial_taskflow_api.py took 0.052 seconds
[2024-01-06T02:25:50.690+0000] {processor.py:161} INFO - Started process (PID=40665) to work on /home/airflow/.local/lib/python3.8/site-packages/airflow/example_dags/tutorial_taskflow_api.py
[2024-01-06T02:25:50.692+0000] {processor.py:830} INFO - Processing file /home/airflow/.local/lib/python3.8/site-packages/airflow/example_dags/tutorial_taskflow_api.py for tasks to queue
[2024-01-06T02:25:50.694+0000] {logging_mixin.py:188} INFO - [2024-01-06T02:25:50.694+0000] {dagbag.py:538} INFO - Filling up the DagBag from /home/airflow/.local/lib/python3.8/site-packages/airflow/example_dags/tutorial_taskflow_api.py
[2024-01-06T02:25:50.699+0000] {processor.py:840} INFO - DAG(s) 'tutorial_taskflow_api' retrieved from /home/airflow/.local/lib/python3.8/site-packages/airflow/example_dags/tutorial_taskflow_api.py
[2024-01-06T02:25:50.716+0000] {logging_mixin.py:188} INFO - [2024-01-06T02:25:50.716+0000] {dag.py:3033} INFO - Sync 1 DAGs
[2024-01-06T02:25:50.725+0000] {logging_mixin.py:188} INFO - [2024-01-06T02:25:50.725+0000] {dag.py:3820} INFO - Setting next_dagrun for tutorial_taskflow_api to None, run_after=None
[2024-01-06T02:25:50.739+0000] {processor.py:183} INFO - Processing /home/airflow/.local/lib/python3.8/site-packages/airflow/example_dags/tutorial_taskflow_api.py took 0.052 seconds
[2024-01-06T02:26:21.119+0000] {processor.py:161} INFO - Started process (PID=40723) to work on /home/airflow/.local/lib/python3.8/site-packages/airflow/example_dags/tutorial_taskflow_api.py
[2024-01-06T02:26:21.120+0000] {processor.py:830} INFO - Processing file /home/airflow/.local/lib/python3.8/site-packages/airflow/example_dags/tutorial_taskflow_api.py for tasks to queue
[2024-01-06T02:26:21.126+0000] {logging_mixin.py:188} INFO - [2024-01-06T02:26:21.126+0000] {dagbag.py:538} INFO - Filling up the DagBag from /home/airflow/.local/lib/python3.8/site-packages/airflow/example_dags/tutorial_taskflow_api.py
[2024-01-06T02:26:21.136+0000] {processor.py:840} INFO - DAG(s) 'tutorial_taskflow_api' retrieved from /home/airflow/.local/lib/python3.8/site-packages/airflow/example_dags/tutorial_taskflow_api.py
[2024-01-06T02:26:21.157+0000] {logging_mixin.py:188} INFO - [2024-01-06T02:26:21.157+0000] {dag.py:3033} INFO - Sync 1 DAGs
[2024-01-06T02:26:21.166+0000] {logging_mixin.py:188} INFO - [2024-01-06T02:26:21.166+0000] {dag.py:3820} INFO - Setting next_dagrun for tutorial_taskflow_api to None, run_after=None
[2024-01-06T02:26:21.184+0000] {processor.py:183} INFO - Processing /home/airflow/.local/lib/python3.8/site-packages/airflow/example_dags/tutorial_taskflow_api.py took 0.069 seconds
[2024-01-06T02:26:51.703+0000] {processor.py:161} INFO - Started process (PID=40781) to work on /home/airflow/.local/lib/python3.8/site-packages/airflow/example_dags/tutorial_taskflow_api.py
[2024-01-06T02:26:51.704+0000] {processor.py:830} INFO - Processing file /home/airflow/.local/lib/python3.8/site-packages/airflow/example_dags/tutorial_taskflow_api.py for tasks to queue
[2024-01-06T02:26:51.706+0000] {logging_mixin.py:188} INFO - [2024-01-06T02:26:51.706+0000] {dagbag.py:538} INFO - Filling up the DagBag from /home/airflow/.local/lib/python3.8/site-packages/airflow/example_dags/tutorial_taskflow_api.py
[2024-01-06T02:26:51.710+0000] {processor.py:840} INFO - DAG(s) 'tutorial_taskflow_api' retrieved from /home/airflow/.local/lib/python3.8/site-packages/airflow/example_dags/tutorial_taskflow_api.py
[2024-01-06T02:26:51.724+0000] {logging_mixin.py:188} INFO - [2024-01-06T02:26:51.724+0000] {dag.py:3033} INFO - Sync 1 DAGs
[2024-01-06T02:26:51.732+0000] {logging_mixin.py:188} INFO - [2024-01-06T02:26:51.732+0000] {dag.py:3820} INFO - Setting next_dagrun for tutorial_taskflow_api to None, run_after=None
[2024-01-06T02:26:51.743+0000] {processor.py:183} INFO - Processing /home/airflow/.local/lib/python3.8/site-packages/airflow/example_dags/tutorial_taskflow_api.py took 0.043 seconds
[2024-01-06T02:27:21.982+0000] {processor.py:161} INFO - Started process (PID=40839) to work on /home/airflow/.local/lib/python3.8/site-packages/airflow/example_dags/tutorial_taskflow_api.py
[2024-01-06T02:27:21.984+0000] {processor.py:830} INFO - Processing file /home/airflow/.local/lib/python3.8/site-packages/airflow/example_dags/tutorial_taskflow_api.py for tasks to queue
[2024-01-06T02:27:21.986+0000] {logging_mixin.py:188} INFO - [2024-01-06T02:27:21.986+0000] {dagbag.py:538} INFO - Filling up the DagBag from /home/airflow/.local/lib/python3.8/site-packages/airflow/example_dags/tutorial_taskflow_api.py
[2024-01-06T02:27:21.991+0000] {processor.py:840} INFO - DAG(s) 'tutorial_taskflow_api' retrieved from /home/airflow/.local/lib/python3.8/site-packages/airflow/example_dags/tutorial_taskflow_api.py
[2024-01-06T02:27:22.006+0000] {logging_mixin.py:188} INFO - [2024-01-06T02:27:22.006+0000] {dag.py:3033} INFO - Sync 1 DAGs
[2024-01-06T02:27:22.015+0000] {logging_mixin.py:188} INFO - [2024-01-06T02:27:22.014+0000] {dag.py:3820} INFO - Setting next_dagrun for tutorial_taskflow_api to None, run_after=None
[2024-01-06T02:27:22.030+0000] {processor.py:183} INFO - Processing /home/airflow/.local/lib/python3.8/site-packages/airflow/example_dags/tutorial_taskflow_api.py took 0.050 seconds
[2024-01-06T02:27:52.447+0000] {processor.py:161} INFO - Started process (PID=40897) to work on /home/airflow/.local/lib/python3.8/site-packages/airflow/example_dags/tutorial_taskflow_api.py
[2024-01-06T02:27:52.449+0000] {processor.py:830} INFO - Processing file /home/airflow/.local/lib/python3.8/site-packages/airflow/example_dags/tutorial_taskflow_api.py for tasks to queue
[2024-01-06T02:27:52.452+0000] {logging_mixin.py:188} INFO - [2024-01-06T02:27:52.452+0000] {dagbag.py:538} INFO - Filling up the DagBag from /home/airflow/.local/lib/python3.8/site-packages/airflow/example_dags/tutorial_taskflow_api.py
[2024-01-06T02:27:52.458+0000] {processor.py:840} INFO - DAG(s) 'tutorial_taskflow_api' retrieved from /home/airflow/.local/lib/python3.8/site-packages/airflow/example_dags/tutorial_taskflow_api.py
[2024-01-06T02:27:52.473+0000] {logging_mixin.py:188} INFO - [2024-01-06T02:27:52.473+0000] {dag.py:3033} INFO - Sync 1 DAGs
[2024-01-06T02:27:52.481+0000] {logging_mixin.py:188} INFO - [2024-01-06T02:27:52.481+0000] {dag.py:3820} INFO - Setting next_dagrun for tutorial_taskflow_api to None, run_after=None
[2024-01-06T02:27:52.493+0000] {processor.py:183} INFO - Processing /home/airflow/.local/lib/python3.8/site-packages/airflow/example_dags/tutorial_taskflow_api.py took 0.050 seconds
[2024-01-06T02:28:22.971+0000] {processor.py:161} INFO - Started process (PID=40955) to work on /home/airflow/.local/lib/python3.8/site-packages/airflow/example_dags/tutorial_taskflow_api.py
[2024-01-06T02:28:22.973+0000] {processor.py:830} INFO - Processing file /home/airflow/.local/lib/python3.8/site-packages/airflow/example_dags/tutorial_taskflow_api.py for tasks to queue
[2024-01-06T02:28:22.976+0000] {logging_mixin.py:188} INFO - [2024-01-06T02:28:22.975+0000] {dagbag.py:538} INFO - Filling up the DagBag from /home/airflow/.local/lib/python3.8/site-packages/airflow/example_dags/tutorial_taskflow_api.py
[2024-01-06T02:28:22.981+0000] {processor.py:840} INFO - DAG(s) 'tutorial_taskflow_api' retrieved from /home/airflow/.local/lib/python3.8/site-packages/airflow/example_dags/tutorial_taskflow_api.py
[2024-01-06T02:28:22.996+0000] {logging_mixin.py:188} INFO - [2024-01-06T02:28:22.996+0000] {dag.py:3033} INFO - Sync 1 DAGs
[2024-01-06T02:28:23.004+0000] {logging_mixin.py:188} INFO - [2024-01-06T02:28:23.003+0000] {dag.py:3820} INFO - Setting next_dagrun for tutorial_taskflow_api to None, run_after=None
[2024-01-06T02:28:23.017+0000] {processor.py:183} INFO - Processing /home/airflow/.local/lib/python3.8/site-packages/airflow/example_dags/tutorial_taskflow_api.py took 0.049 seconds
[2024-01-06T02:28:53.581+0000] {processor.py:161} INFO - Started process (PID=41013) to work on /home/airflow/.local/lib/python3.8/site-packages/airflow/example_dags/tutorial_taskflow_api.py
[2024-01-06T02:28:53.583+0000] {processor.py:830} INFO - Processing file /home/airflow/.local/lib/python3.8/site-packages/airflow/example_dags/tutorial_taskflow_api.py for tasks to queue
[2024-01-06T02:28:53.585+0000] {logging_mixin.py:188} INFO - [2024-01-06T02:28:53.585+0000] {dagbag.py:538} INFO - Filling up the DagBag from /home/airflow/.local/lib/python3.8/site-packages/airflow/example_dags/tutorial_taskflow_api.py
[2024-01-06T02:28:53.591+0000] {processor.py:840} INFO - DAG(s) 'tutorial_taskflow_api' retrieved from /home/airflow/.local/lib/python3.8/site-packages/airflow/example_dags/tutorial_taskflow_api.py
[2024-01-06T02:28:53.607+0000] {logging_mixin.py:188} INFO - [2024-01-06T02:28:53.607+0000] {dag.py:3033} INFO - Sync 1 DAGs
[2024-01-06T02:28:53.616+0000] {logging_mixin.py:188} INFO - [2024-01-06T02:28:53.616+0000] {dag.py:3820} INFO - Setting next_dagrun for tutorial_taskflow_api to None, run_after=None
[2024-01-06T02:28:53.629+0000] {processor.py:183} INFO - Processing /home/airflow/.local/lib/python3.8/site-packages/airflow/example_dags/tutorial_taskflow_api.py took 0.050 seconds
[2024-01-06T02:29:24.102+0000] {processor.py:161} INFO - Started process (PID=41071) to work on /home/airflow/.local/lib/python3.8/site-packages/airflow/example_dags/tutorial_taskflow_api.py
[2024-01-06T02:29:24.104+0000] {processor.py:830} INFO - Processing file /home/airflow/.local/lib/python3.8/site-packages/airflow/example_dags/tutorial_taskflow_api.py for tasks to queue
[2024-01-06T02:29:24.106+0000] {logging_mixin.py:188} INFO - [2024-01-06T02:29:24.106+0000] {dagbag.py:538} INFO - Filling up the DagBag from /home/airflow/.local/lib/python3.8/site-packages/airflow/example_dags/tutorial_taskflow_api.py
[2024-01-06T02:29:24.111+0000] {processor.py:840} INFO - DAG(s) 'tutorial_taskflow_api' retrieved from /home/airflow/.local/lib/python3.8/site-packages/airflow/example_dags/tutorial_taskflow_api.py
[2024-01-06T02:29:24.126+0000] {logging_mixin.py:188} INFO - [2024-01-06T02:29:24.126+0000] {dag.py:3033} INFO - Sync 1 DAGs
[2024-01-06T02:29:24.135+0000] {logging_mixin.py:188} INFO - [2024-01-06T02:29:24.134+0000] {dag.py:3820} INFO - Setting next_dagrun for tutorial_taskflow_api to None, run_after=None
[2024-01-06T02:29:24.146+0000] {processor.py:183} INFO - Processing /home/airflow/.local/lib/python3.8/site-packages/airflow/example_dags/tutorial_taskflow_api.py took 0.046 seconds
[2024-01-06T02:29:54.797+0000] {processor.py:161} INFO - Started process (PID=41130) to work on /home/airflow/.local/lib/python3.8/site-packages/airflow/example_dags/tutorial_taskflow_api.py
[2024-01-06T02:29:54.799+0000] {processor.py:830} INFO - Processing file /home/airflow/.local/lib/python3.8/site-packages/airflow/example_dags/tutorial_taskflow_api.py for tasks to queue
[2024-01-06T02:29:54.800+0000] {logging_mixin.py:188} INFO - [2024-01-06T02:29:54.800+0000] {dagbag.py:538} INFO - Filling up the DagBag from /home/airflow/.local/lib/python3.8/site-packages/airflow/example_dags/tutorial_taskflow_api.py
[2024-01-06T02:29:54.804+0000] {processor.py:840} INFO - DAG(s) 'tutorial_taskflow_api' retrieved from /home/airflow/.local/lib/python3.8/site-packages/airflow/example_dags/tutorial_taskflow_api.py
[2024-01-06T02:29:54.818+0000] {logging_mixin.py:188} INFO - [2024-01-06T02:29:54.818+0000] {dag.py:3033} INFO - Sync 1 DAGs
[2024-01-06T02:29:54.826+0000] {logging_mixin.py:188} INFO - [2024-01-06T02:29:54.826+0000] {dag.py:3820} INFO - Setting next_dagrun for tutorial_taskflow_api to None, run_after=None
[2024-01-06T02:29:54.837+0000] {processor.py:183} INFO - Processing /home/airflow/.local/lib/python3.8/site-packages/airflow/example_dags/tutorial_taskflow_api.py took 0.042 seconds
[2024-01-06T02:30:25.509+0000] {processor.py:161} INFO - Started process (PID=41188) to work on /home/airflow/.local/lib/python3.8/site-packages/airflow/example_dags/tutorial_taskflow_api.py
[2024-01-06T02:30:25.511+0000] {processor.py:830} INFO - Processing file /home/airflow/.local/lib/python3.8/site-packages/airflow/example_dags/tutorial_taskflow_api.py for tasks to queue
[2024-01-06T02:30:25.513+0000] {logging_mixin.py:188} INFO - [2024-01-06T02:30:25.513+0000] {dagbag.py:538} INFO - Filling up the DagBag from /home/airflow/.local/lib/python3.8/site-packages/airflow/example_dags/tutorial_taskflow_api.py
[2024-01-06T02:30:25.520+0000] {processor.py:840} INFO - DAG(s) 'tutorial_taskflow_api' retrieved from /home/airflow/.local/lib/python3.8/site-packages/airflow/example_dags/tutorial_taskflow_api.py
[2024-01-06T02:30:25.535+0000] {logging_mixin.py:188} INFO - [2024-01-06T02:30:25.535+0000] {dag.py:3033} INFO - Sync 1 DAGs
[2024-01-06T02:30:25.542+0000] {logging_mixin.py:188} INFO - [2024-01-06T02:30:25.542+0000] {dag.py:3820} INFO - Setting next_dagrun for tutorial_taskflow_api to None, run_after=None
[2024-01-06T02:30:25.554+0000] {processor.py:183} INFO - Processing /home/airflow/.local/lib/python3.8/site-packages/airflow/example_dags/tutorial_taskflow_api.py took 0.047 seconds
[2024-01-06T02:30:56.074+0000] {processor.py:161} INFO - Started process (PID=41246) to work on /home/airflow/.local/lib/python3.8/site-packages/airflow/example_dags/tutorial_taskflow_api.py
[2024-01-06T02:30:56.077+0000] {processor.py:830} INFO - Processing file /home/airflow/.local/lib/python3.8/site-packages/airflow/example_dags/tutorial_taskflow_api.py for tasks to queue
[2024-01-06T02:30:56.079+0000] {logging_mixin.py:188} INFO - [2024-01-06T02:30:56.078+0000] {dagbag.py:538} INFO - Filling up the DagBag from /home/airflow/.local/lib/python3.8/site-packages/airflow/example_dags/tutorial_taskflow_api.py
[2024-01-06T02:30:56.084+0000] {processor.py:840} INFO - DAG(s) 'tutorial_taskflow_api' retrieved from /home/airflow/.local/lib/python3.8/site-packages/airflow/example_dags/tutorial_taskflow_api.py
[2024-01-06T02:30:56.101+0000] {logging_mixin.py:188} INFO - [2024-01-06T02:30:56.101+0000] {dag.py:3033} INFO - Sync 1 DAGs
[2024-01-06T02:30:56.109+0000] {logging_mixin.py:188} INFO - [2024-01-06T02:30:56.109+0000] {dag.py:3820} INFO - Setting next_dagrun for tutorial_taskflow_api to None, run_after=None
[2024-01-06T02:30:56.121+0000] {processor.py:183} INFO - Processing /home/airflow/.local/lib/python3.8/site-packages/airflow/example_dags/tutorial_taskflow_api.py took 0.050 seconds
[2024-01-06T02:31:27.566+0000] {processor.py:161} INFO - Started process (PID=41304) to work on /home/airflow/.local/lib/python3.8/site-packages/airflow/example_dags/tutorial_taskflow_api.py
[2024-01-06T02:31:27.568+0000] {processor.py:830} INFO - Processing file /home/airflow/.local/lib/python3.8/site-packages/airflow/example_dags/tutorial_taskflow_api.py for tasks to queue
[2024-01-06T02:31:27.571+0000] {logging_mixin.py:188} INFO - [2024-01-06T02:31:27.571+0000] {dagbag.py:538} INFO - Filling up the DagBag from /home/airflow/.local/lib/python3.8/site-packages/airflow/example_dags/tutorial_taskflow_api.py
[2024-01-06T02:31:27.576+0000] {processor.py:840} INFO - DAG(s) 'tutorial_taskflow_api' retrieved from /home/airflow/.local/lib/python3.8/site-packages/airflow/example_dags/tutorial_taskflow_api.py
[2024-01-06T02:31:27.597+0000] {logging_mixin.py:188} INFO - [2024-01-06T02:31:27.596+0000] {dag.py:3033} INFO - Sync 1 DAGs
[2024-01-06T02:31:27.609+0000] {logging_mixin.py:188} INFO - [2024-01-06T02:31:27.609+0000] {dag.py:3820} INFO - Setting next_dagrun for tutorial_taskflow_api to None, run_after=None
[2024-01-06T02:31:27.623+0000] {processor.py:183} INFO - Processing /home/airflow/.local/lib/python3.8/site-packages/airflow/example_dags/tutorial_taskflow_api.py took 0.060 seconds
[2024-01-06T02:31:58.005+0000] {processor.py:161} INFO - Started process (PID=41362) to work on /home/airflow/.local/lib/python3.8/site-packages/airflow/example_dags/tutorial_taskflow_api.py
[2024-01-06T02:31:58.007+0000] {processor.py:830} INFO - Processing file /home/airflow/.local/lib/python3.8/site-packages/airflow/example_dags/tutorial_taskflow_api.py for tasks to queue
[2024-01-06T02:31:58.009+0000] {logging_mixin.py:188} INFO - [2024-01-06T02:31:58.009+0000] {dagbag.py:538} INFO - Filling up the DagBag from /home/airflow/.local/lib/python3.8/site-packages/airflow/example_dags/tutorial_taskflow_api.py
[2024-01-06T02:31:58.014+0000] {processor.py:840} INFO - DAG(s) 'tutorial_taskflow_api' retrieved from /home/airflow/.local/lib/python3.8/site-packages/airflow/example_dags/tutorial_taskflow_api.py
[2024-01-06T02:31:58.029+0000] {logging_mixin.py:188} INFO - [2024-01-06T02:31:58.029+0000] {dag.py:3033} INFO - Sync 1 DAGs
[2024-01-06T02:31:58.038+0000] {logging_mixin.py:188} INFO - [2024-01-06T02:31:58.038+0000] {dag.py:3820} INFO - Setting next_dagrun for tutorial_taskflow_api to None, run_after=None
[2024-01-06T02:31:58.052+0000] {processor.py:183} INFO - Processing /home/airflow/.local/lib/python3.8/site-packages/airflow/example_dags/tutorial_taskflow_api.py took 0.049 seconds
[2024-01-06T02:32:28.298+0000] {processor.py:161} INFO - Started process (PID=41420) to work on /home/airflow/.local/lib/python3.8/site-packages/airflow/example_dags/tutorial_taskflow_api.py
[2024-01-06T02:32:28.300+0000] {processor.py:830} INFO - Processing file /home/airflow/.local/lib/python3.8/site-packages/airflow/example_dags/tutorial_taskflow_api.py for tasks to queue
[2024-01-06T02:32:28.302+0000] {logging_mixin.py:188} INFO - [2024-01-06T02:32:28.302+0000] {dagbag.py:538} INFO - Filling up the DagBag from /home/airflow/.local/lib/python3.8/site-packages/airflow/example_dags/tutorial_taskflow_api.py
[2024-01-06T02:32:28.307+0000] {processor.py:840} INFO - DAG(s) 'tutorial_taskflow_api' retrieved from /home/airflow/.local/lib/python3.8/site-packages/airflow/example_dags/tutorial_taskflow_api.py
[2024-01-06T02:32:28.322+0000] {logging_mixin.py:188} INFO - [2024-01-06T02:32:28.322+0000] {dag.py:3033} INFO - Sync 1 DAGs
[2024-01-06T02:32:28.330+0000] {logging_mixin.py:188} INFO - [2024-01-06T02:32:28.330+0000] {dag.py:3820} INFO - Setting next_dagrun for tutorial_taskflow_api to None, run_after=None
[2024-01-06T02:32:28.343+0000] {processor.py:183} INFO - Processing /home/airflow/.local/lib/python3.8/site-packages/airflow/example_dags/tutorial_taskflow_api.py took 0.047 seconds
[2024-01-06T02:32:59.495+0000] {processor.py:161} INFO - Started process (PID=41477) to work on /home/airflow/.local/lib/python3.8/site-packages/airflow/example_dags/tutorial_taskflow_api.py
[2024-01-06T02:32:59.497+0000] {processor.py:830} INFO - Processing file /home/airflow/.local/lib/python3.8/site-packages/airflow/example_dags/tutorial_taskflow_api.py for tasks to queue
[2024-01-06T02:32:59.507+0000] {logging_mixin.py:188} INFO - [2024-01-06T02:32:59.507+0000] {dagbag.py:538} INFO - Filling up the DagBag from /home/airflow/.local/lib/python3.8/site-packages/airflow/example_dags/tutorial_taskflow_api.py
[2024-01-06T02:32:59.522+0000] {processor.py:840} INFO - DAG(s) 'tutorial_taskflow_api' retrieved from /home/airflow/.local/lib/python3.8/site-packages/airflow/example_dags/tutorial_taskflow_api.py
[2024-01-06T02:32:59.541+0000] {logging_mixin.py:188} INFO - [2024-01-06T02:32:59.540+0000] {dag.py:3033} INFO - Sync 1 DAGs
[2024-01-06T02:32:59.549+0000] {logging_mixin.py:188} INFO - [2024-01-06T02:32:59.549+0000] {dag.py:3820} INFO - Setting next_dagrun for tutorial_taskflow_api to None, run_after=None
[2024-01-06T02:32:59.560+0000] {processor.py:183} INFO - Processing /home/airflow/.local/lib/python3.8/site-packages/airflow/example_dags/tutorial_taskflow_api.py took 0.068 seconds
[2024-01-06T02:33:43.780+0000] {processor.py:161} INFO - Started process (PID=41535) to work on /home/airflow/.local/lib/python3.8/site-packages/airflow/example_dags/tutorial_taskflow_api.py
[2024-01-06T02:33:43.785+0000] {processor.py:830} INFO - Processing file /home/airflow/.local/lib/python3.8/site-packages/airflow/example_dags/tutorial_taskflow_api.py for tasks to queue
[2024-01-06T02:33:43.809+0000] {logging_mixin.py:188} INFO - [2024-01-06T02:33:43.806+0000] {dagbag.py:538} INFO - Filling up the DagBag from /home/airflow/.local/lib/python3.8/site-packages/airflow/example_dags/tutorial_taskflow_api.py
[2024-01-06T02:33:43.845+0000] {processor.py:840} INFO - DAG(s) 'tutorial_taskflow_api' retrieved from /home/airflow/.local/lib/python3.8/site-packages/airflow/example_dags/tutorial_taskflow_api.py
[2024-01-06T02:33:44.007+0000] {logging_mixin.py:188} INFO - [2024-01-06T02:33:44.006+0000] {dag.py:3033} INFO - Sync 1 DAGs
[2024-01-06T02:33:44.131+0000] {logging_mixin.py:188} INFO - [2024-01-06T02:33:44.129+0000] {dag.py:3820} INFO - Setting next_dagrun for tutorial_taskflow_api to None, run_after=None
[2024-01-06T02:33:44.278+0000] {processor.py:183} INFO - Processing /home/airflow/.local/lib/python3.8/site-packages/airflow/example_dags/tutorial_taskflow_api.py took 0.524 seconds
[2024-01-06T02:34:15.239+0000] {processor.py:161} INFO - Started process (PID=41593) to work on /home/airflow/.local/lib/python3.8/site-packages/airflow/example_dags/tutorial_taskflow_api.py
[2024-01-06T02:34:15.242+0000] {processor.py:830} INFO - Processing file /home/airflow/.local/lib/python3.8/site-packages/airflow/example_dags/tutorial_taskflow_api.py for tasks to queue
[2024-01-06T02:34:15.246+0000] {logging_mixin.py:188} INFO - [2024-01-06T02:34:15.246+0000] {dagbag.py:538} INFO - Filling up the DagBag from /home/airflow/.local/lib/python3.8/site-packages/airflow/example_dags/tutorial_taskflow_api.py
[2024-01-06T02:34:15.254+0000] {processor.py:840} INFO - DAG(s) 'tutorial_taskflow_api' retrieved from /home/airflow/.local/lib/python3.8/site-packages/airflow/example_dags/tutorial_taskflow_api.py
[2024-01-06T02:34:15.271+0000] {logging_mixin.py:188} INFO - [2024-01-06T02:34:15.271+0000] {dag.py:3033} INFO - Sync 1 DAGs
[2024-01-06T02:34:15.279+0000] {logging_mixin.py:188} INFO - [2024-01-06T02:34:15.279+0000] {dag.py:3820} INFO - Setting next_dagrun for tutorial_taskflow_api to None, run_after=None
[2024-01-06T02:34:15.292+0000] {processor.py:183} INFO - Processing /home/airflow/.local/lib/python3.8/site-packages/airflow/example_dags/tutorial_taskflow_api.py took 0.060 seconds
[2024-01-06T02:34:45.935+0000] {processor.py:161} INFO - Started process (PID=41651) to work on /home/airflow/.local/lib/python3.8/site-packages/airflow/example_dags/tutorial_taskflow_api.py
[2024-01-06T02:34:45.937+0000] {processor.py:830} INFO - Processing file /home/airflow/.local/lib/python3.8/site-packages/airflow/example_dags/tutorial_taskflow_api.py for tasks to queue
[2024-01-06T02:34:45.940+0000] {logging_mixin.py:188} INFO - [2024-01-06T02:34:45.940+0000] {dagbag.py:538} INFO - Filling up the DagBag from /home/airflow/.local/lib/python3.8/site-packages/airflow/example_dags/tutorial_taskflow_api.py
[2024-01-06T02:34:45.945+0000] {processor.py:840} INFO - DAG(s) 'tutorial_taskflow_api' retrieved from /home/airflow/.local/lib/python3.8/site-packages/airflow/example_dags/tutorial_taskflow_api.py
[2024-01-06T02:34:45.960+0000] {logging_mixin.py:188} INFO - [2024-01-06T02:34:45.960+0000] {dag.py:3033} INFO - Sync 1 DAGs
[2024-01-06T02:34:45.971+0000] {logging_mixin.py:188} INFO - [2024-01-06T02:34:45.971+0000] {dag.py:3820} INFO - Setting next_dagrun for tutorial_taskflow_api to None, run_after=None
[2024-01-06T02:34:45.985+0000] {processor.py:183} INFO - Processing /home/airflow/.local/lib/python3.8/site-packages/airflow/example_dags/tutorial_taskflow_api.py took 0.056 seconds
[2024-01-06T02:35:16.140+0000] {processor.py:161} INFO - Started process (PID=41708) to work on /home/airflow/.local/lib/python3.8/site-packages/airflow/example_dags/tutorial_taskflow_api.py
[2024-01-06T02:35:16.143+0000] {processor.py:830} INFO - Processing file /home/airflow/.local/lib/python3.8/site-packages/airflow/example_dags/tutorial_taskflow_api.py for tasks to queue
[2024-01-06T02:35:16.146+0000] {logging_mixin.py:188} INFO - [2024-01-06T02:35:16.145+0000] {dagbag.py:538} INFO - Filling up the DagBag from /home/airflow/.local/lib/python3.8/site-packages/airflow/example_dags/tutorial_taskflow_api.py
[2024-01-06T02:35:16.151+0000] {processor.py:840} INFO - DAG(s) 'tutorial_taskflow_api' retrieved from /home/airflow/.local/lib/python3.8/site-packages/airflow/example_dags/tutorial_taskflow_api.py
[2024-01-06T02:35:16.170+0000] {logging_mixin.py:188} INFO - [2024-01-06T02:35:16.170+0000] {dag.py:3033} INFO - Sync 1 DAGs
[2024-01-06T02:35:16.180+0000] {logging_mixin.py:188} INFO - [2024-01-06T02:35:16.180+0000] {dag.py:3820} INFO - Setting next_dagrun for tutorial_taskflow_api to None, run_after=None
[2024-01-06T02:35:16.194+0000] {processor.py:183} INFO - Processing /home/airflow/.local/lib/python3.8/site-packages/airflow/example_dags/tutorial_taskflow_api.py took 0.057 seconds
[2024-01-06T02:35:46.633+0000] {processor.py:161} INFO - Started process (PID=41766) to work on /home/airflow/.local/lib/python3.8/site-packages/airflow/example_dags/tutorial_taskflow_api.py
[2024-01-06T02:35:46.636+0000] {processor.py:830} INFO - Processing file /home/airflow/.local/lib/python3.8/site-packages/airflow/example_dags/tutorial_taskflow_api.py for tasks to queue
[2024-01-06T02:35:46.639+0000] {logging_mixin.py:188} INFO - [2024-01-06T02:35:46.639+0000] {dagbag.py:538} INFO - Filling up the DagBag from /home/airflow/.local/lib/python3.8/site-packages/airflow/example_dags/tutorial_taskflow_api.py
[2024-01-06T02:35:46.645+0000] {processor.py:840} INFO - DAG(s) 'tutorial_taskflow_api' retrieved from /home/airflow/.local/lib/python3.8/site-packages/airflow/example_dags/tutorial_taskflow_api.py
[2024-01-06T02:35:46.663+0000] {logging_mixin.py:188} INFO - [2024-01-06T02:35:46.663+0000] {dag.py:3033} INFO - Sync 1 DAGs
[2024-01-06T02:35:46.672+0000] {logging_mixin.py:188} INFO - [2024-01-06T02:35:46.672+0000] {dag.py:3820} INFO - Setting next_dagrun for tutorial_taskflow_api to None, run_after=None
[2024-01-06T02:35:46.685+0000] {processor.py:183} INFO - Processing /home/airflow/.local/lib/python3.8/site-packages/airflow/example_dags/tutorial_taskflow_api.py took 0.056 seconds
[2024-01-06T02:36:17.277+0000] {processor.py:161} INFO - Started process (PID=41824) to work on /home/airflow/.local/lib/python3.8/site-packages/airflow/example_dags/tutorial_taskflow_api.py
[2024-01-06T02:36:17.280+0000] {processor.py:830} INFO - Processing file /home/airflow/.local/lib/python3.8/site-packages/airflow/example_dags/tutorial_taskflow_api.py for tasks to queue
[2024-01-06T02:36:17.283+0000] {logging_mixin.py:188} INFO - [2024-01-06T02:36:17.283+0000] {dagbag.py:538} INFO - Filling up the DagBag from /home/airflow/.local/lib/python3.8/site-packages/airflow/example_dags/tutorial_taskflow_api.py
[2024-01-06T02:36:17.294+0000] {processor.py:840} INFO - DAG(s) 'tutorial_taskflow_api' retrieved from /home/airflow/.local/lib/python3.8/site-packages/airflow/example_dags/tutorial_taskflow_api.py
[2024-01-06T02:36:17.318+0000] {logging_mixin.py:188} INFO - [2024-01-06T02:36:17.318+0000] {dag.py:3033} INFO - Sync 1 DAGs
[2024-01-06T02:36:17.330+0000] {logging_mixin.py:188} INFO - [2024-01-06T02:36:17.329+0000] {dag.py:3820} INFO - Setting next_dagrun for tutorial_taskflow_api to None, run_after=None
[2024-01-06T02:36:17.344+0000] {processor.py:183} INFO - Processing /home/airflow/.local/lib/python3.8/site-packages/airflow/example_dags/tutorial_taskflow_api.py took 0.071 seconds
[2024-01-06T02:36:47.430+0000] {processor.py:161} INFO - Started process (PID=41882) to work on /home/airflow/.local/lib/python3.8/site-packages/airflow/example_dags/tutorial_taskflow_api.py
[2024-01-06T02:36:47.433+0000] {processor.py:830} INFO - Processing file /home/airflow/.local/lib/python3.8/site-packages/airflow/example_dags/tutorial_taskflow_api.py for tasks to queue
[2024-01-06T02:36:47.437+0000] {logging_mixin.py:188} INFO - [2024-01-06T02:36:47.436+0000] {dagbag.py:538} INFO - Filling up the DagBag from /home/airflow/.local/lib/python3.8/site-packages/airflow/example_dags/tutorial_taskflow_api.py
[2024-01-06T02:36:47.447+0000] {processor.py:840} INFO - DAG(s) 'tutorial_taskflow_api' retrieved from /home/airflow/.local/lib/python3.8/site-packages/airflow/example_dags/tutorial_taskflow_api.py
[2024-01-06T02:36:47.467+0000] {logging_mixin.py:188} INFO - [2024-01-06T02:36:47.467+0000] {dag.py:3033} INFO - Sync 1 DAGs
[2024-01-06T02:36:47.475+0000] {logging_mixin.py:188} INFO - [2024-01-06T02:36:47.475+0000] {dag.py:3820} INFO - Setting next_dagrun for tutorial_taskflow_api to None, run_after=None
[2024-01-06T02:36:47.489+0000] {processor.py:183} INFO - Processing /home/airflow/.local/lib/python3.8/site-packages/airflow/example_dags/tutorial_taskflow_api.py took 0.064 seconds
[2024-01-06T02:37:17.706+0000] {processor.py:161} INFO - Started process (PID=41940) to work on /home/airflow/.local/lib/python3.8/site-packages/airflow/example_dags/tutorial_taskflow_api.py
[2024-01-06T02:37:17.711+0000] {processor.py:830} INFO - Processing file /home/airflow/.local/lib/python3.8/site-packages/airflow/example_dags/tutorial_taskflow_api.py for tasks to queue
[2024-01-06T02:37:17.715+0000] {logging_mixin.py:188} INFO - [2024-01-06T02:37:17.714+0000] {dagbag.py:538} INFO - Filling up the DagBag from /home/airflow/.local/lib/python3.8/site-packages/airflow/example_dags/tutorial_taskflow_api.py
[2024-01-06T02:37:17.722+0000] {processor.py:840} INFO - DAG(s) 'tutorial_taskflow_api' retrieved from /home/airflow/.local/lib/python3.8/site-packages/airflow/example_dags/tutorial_taskflow_api.py
[2024-01-06T02:37:17.740+0000] {logging_mixin.py:188} INFO - [2024-01-06T02:37:17.740+0000] {dag.py:3033} INFO - Sync 1 DAGs
[2024-01-06T02:37:17.749+0000] {logging_mixin.py:188} INFO - [2024-01-06T02:37:17.749+0000] {dag.py:3820} INFO - Setting next_dagrun for tutorial_taskflow_api to None, run_after=None
[2024-01-06T02:37:17.761+0000] {processor.py:183} INFO - Processing /home/airflow/.local/lib/python3.8/site-packages/airflow/example_dags/tutorial_taskflow_api.py took 0.061 seconds
[2024-01-06T02:37:48.120+0000] {processor.py:161} INFO - Started process (PID=41997) to work on /home/airflow/.local/lib/python3.8/site-packages/airflow/example_dags/tutorial_taskflow_api.py
[2024-01-06T02:37:48.123+0000] {processor.py:830} INFO - Processing file /home/airflow/.local/lib/python3.8/site-packages/airflow/example_dags/tutorial_taskflow_api.py for tasks to queue
[2024-01-06T02:37:48.127+0000] {logging_mixin.py:188} INFO - [2024-01-06T02:37:48.127+0000] {dagbag.py:538} INFO - Filling up the DagBag from /home/airflow/.local/lib/python3.8/site-packages/airflow/example_dags/tutorial_taskflow_api.py
[2024-01-06T02:37:48.134+0000] {processor.py:840} INFO - DAG(s) 'tutorial_taskflow_api' retrieved from /home/airflow/.local/lib/python3.8/site-packages/airflow/example_dags/tutorial_taskflow_api.py
[2024-01-06T02:37:48.152+0000] {logging_mixin.py:188} INFO - [2024-01-06T02:37:48.152+0000] {dag.py:3033} INFO - Sync 1 DAGs
[2024-01-06T02:37:48.162+0000] {logging_mixin.py:188} INFO - [2024-01-06T02:37:48.162+0000] {dag.py:3820} INFO - Setting next_dagrun for tutorial_taskflow_api to None, run_after=None
[2024-01-06T02:37:48.174+0000] {processor.py:183} INFO - Processing /home/airflow/.local/lib/python3.8/site-packages/airflow/example_dags/tutorial_taskflow_api.py took 0.061 seconds
[2024-01-06T02:38:18.560+0000] {processor.py:161} INFO - Started process (PID=42055) to work on /home/airflow/.local/lib/python3.8/site-packages/airflow/example_dags/tutorial_taskflow_api.py
[2024-01-06T02:38:18.562+0000] {processor.py:830} INFO - Processing file /home/airflow/.local/lib/python3.8/site-packages/airflow/example_dags/tutorial_taskflow_api.py for tasks to queue
[2024-01-06T02:38:18.565+0000] {logging_mixin.py:188} INFO - [2024-01-06T02:38:18.565+0000] {dagbag.py:538} INFO - Filling up the DagBag from /home/airflow/.local/lib/python3.8/site-packages/airflow/example_dags/tutorial_taskflow_api.py
[2024-01-06T02:38:18.570+0000] {processor.py:840} INFO - DAG(s) 'tutorial_taskflow_api' retrieved from /home/airflow/.local/lib/python3.8/site-packages/airflow/example_dags/tutorial_taskflow_api.py
[2024-01-06T02:38:18.588+0000] {logging_mixin.py:188} INFO - [2024-01-06T02:38:18.588+0000] {dag.py:3033} INFO - Sync 1 DAGs
[2024-01-06T02:38:18.596+0000] {logging_mixin.py:188} INFO - [2024-01-06T02:38:18.596+0000] {dag.py:3820} INFO - Setting next_dagrun for tutorial_taskflow_api to None, run_after=None
[2024-01-06T02:38:18.609+0000] {processor.py:183} INFO - Processing /home/airflow/.local/lib/python3.8/site-packages/airflow/example_dags/tutorial_taskflow_api.py took 0.053 seconds
[2024-01-06T02:38:48.857+0000] {processor.py:161} INFO - Started process (PID=42113) to work on /home/airflow/.local/lib/python3.8/site-packages/airflow/example_dags/tutorial_taskflow_api.py
[2024-01-06T02:38:48.859+0000] {processor.py:830} INFO - Processing file /home/airflow/.local/lib/python3.8/site-packages/airflow/example_dags/tutorial_taskflow_api.py for tasks to queue
[2024-01-06T02:38:48.863+0000] {logging_mixin.py:188} INFO - [2024-01-06T02:38:48.863+0000] {dagbag.py:538} INFO - Filling up the DagBag from /home/airflow/.local/lib/python3.8/site-packages/airflow/example_dags/tutorial_taskflow_api.py
[2024-01-06T02:38:48.872+0000] {processor.py:840} INFO - DAG(s) 'tutorial_taskflow_api' retrieved from /home/airflow/.local/lib/python3.8/site-packages/airflow/example_dags/tutorial_taskflow_api.py
[2024-01-06T02:38:48.904+0000] {logging_mixin.py:188} INFO - [2024-01-06T02:38:48.904+0000] {dag.py:3033} INFO - Sync 1 DAGs
[2024-01-06T02:38:48.920+0000] {logging_mixin.py:188} INFO - [2024-01-06T02:38:48.919+0000] {dag.py:3820} INFO - Setting next_dagrun for tutorial_taskflow_api to None, run_after=None
[2024-01-06T02:38:48.939+0000] {processor.py:183} INFO - Processing /home/airflow/.local/lib/python3.8/site-packages/airflow/example_dags/tutorial_taskflow_api.py took 0.085 seconds
[2024-01-06T02:39:19.521+0000] {processor.py:161} INFO - Started process (PID=42170) to work on /home/airflow/.local/lib/python3.8/site-packages/airflow/example_dags/tutorial_taskflow_api.py
[2024-01-06T02:39:19.523+0000] {processor.py:830} INFO - Processing file /home/airflow/.local/lib/python3.8/site-packages/airflow/example_dags/tutorial_taskflow_api.py for tasks to queue
[2024-01-06T02:39:19.526+0000] {logging_mixin.py:188} INFO - [2024-01-06T02:39:19.526+0000] {dagbag.py:538} INFO - Filling up the DagBag from /home/airflow/.local/lib/python3.8/site-packages/airflow/example_dags/tutorial_taskflow_api.py
[2024-01-06T02:39:19.532+0000] {processor.py:840} INFO - DAG(s) 'tutorial_taskflow_api' retrieved from /home/airflow/.local/lib/python3.8/site-packages/airflow/example_dags/tutorial_taskflow_api.py
[2024-01-06T02:39:19.548+0000] {logging_mixin.py:188} INFO - [2024-01-06T02:39:19.548+0000] {dag.py:3033} INFO - Sync 1 DAGs
[2024-01-06T02:39:19.556+0000] {logging_mixin.py:188} INFO - [2024-01-06T02:39:19.556+0000] {dag.py:3820} INFO - Setting next_dagrun for tutorial_taskflow_api to None, run_after=None
[2024-01-06T02:39:19.572+0000] {processor.py:183} INFO - Processing /home/airflow/.local/lib/python3.8/site-packages/airflow/example_dags/tutorial_taskflow_api.py took 0.057 seconds
[2024-01-06T02:39:50.034+0000] {processor.py:161} INFO - Started process (PID=42227) to work on /home/airflow/.local/lib/python3.8/site-packages/airflow/example_dags/tutorial_taskflow_api.py
[2024-01-06T02:39:50.037+0000] {processor.py:830} INFO - Processing file /home/airflow/.local/lib/python3.8/site-packages/airflow/example_dags/tutorial_taskflow_api.py for tasks to queue
[2024-01-06T02:39:50.042+0000] {logging_mixin.py:188} INFO - [2024-01-06T02:39:50.041+0000] {dagbag.py:538} INFO - Filling up the DagBag from /home/airflow/.local/lib/python3.8/site-packages/airflow/example_dags/tutorial_taskflow_api.py
[2024-01-06T02:39:50.050+0000] {processor.py:840} INFO - DAG(s) 'tutorial_taskflow_api' retrieved from /home/airflow/.local/lib/python3.8/site-packages/airflow/example_dags/tutorial_taskflow_api.py
[2024-01-06T02:39:50.065+0000] {logging_mixin.py:188} INFO - [2024-01-06T02:39:50.065+0000] {dag.py:3033} INFO - Sync 1 DAGs
[2024-01-06T02:39:50.074+0000] {logging_mixin.py:188} INFO - [2024-01-06T02:39:50.074+0000] {dag.py:3820} INFO - Setting next_dagrun for tutorial_taskflow_api to None, run_after=None
[2024-01-06T02:39:50.087+0000] {processor.py:183} INFO - Processing /home/airflow/.local/lib/python3.8/site-packages/airflow/example_dags/tutorial_taskflow_api.py took 0.059 seconds
[2024-01-06T02:40:20.147+0000] {processor.py:161} INFO - Started process (PID=42286) to work on /home/airflow/.local/lib/python3.8/site-packages/airflow/example_dags/tutorial_taskflow_api.py
[2024-01-06T02:40:20.150+0000] {processor.py:830} INFO - Processing file /home/airflow/.local/lib/python3.8/site-packages/airflow/example_dags/tutorial_taskflow_api.py for tasks to queue
[2024-01-06T02:40:20.156+0000] {logging_mixin.py:188} INFO - [2024-01-06T02:40:20.155+0000] {dagbag.py:538} INFO - Filling up the DagBag from /home/airflow/.local/lib/python3.8/site-packages/airflow/example_dags/tutorial_taskflow_api.py
[2024-01-06T02:40:20.166+0000] {processor.py:840} INFO - DAG(s) 'tutorial_taskflow_api' retrieved from /home/airflow/.local/lib/python3.8/site-packages/airflow/example_dags/tutorial_taskflow_api.py
[2024-01-06T02:40:20.186+0000] {logging_mixin.py:188} INFO - [2024-01-06T02:40:20.186+0000] {dag.py:3033} INFO - Sync 1 DAGs
[2024-01-06T02:40:20.197+0000] {logging_mixin.py:188} INFO - [2024-01-06T02:40:20.197+0000] {dag.py:3820} INFO - Setting next_dagrun for tutorial_taskflow_api to None, run_after=None
[2024-01-06T02:40:20.212+0000] {processor.py:183} INFO - Processing /home/airflow/.local/lib/python3.8/site-packages/airflow/example_dags/tutorial_taskflow_api.py took 0.071 seconds
[2024-01-06T02:40:59.407+0000] {processor.py:161} INFO - Started process (PID=42351) to work on /home/airflow/.local/lib/python3.8/site-packages/airflow/example_dags/tutorial_taskflow_api.py
[2024-01-06T02:40:59.437+0000] {processor.py:830} INFO - Processing file /home/airflow/.local/lib/python3.8/site-packages/airflow/example_dags/tutorial_taskflow_api.py for tasks to queue
[2024-01-06T02:40:59.535+0000] {logging_mixin.py:188} INFO - [2024-01-06T02:40:59.534+0000] {dagbag.py:538} INFO - Filling up the DagBag from /home/airflow/.local/lib/python3.8/site-packages/airflow/example_dags/tutorial_taskflow_api.py
[2024-01-06T02:40:59.615+0000] {processor.py:840} INFO - DAG(s) 'tutorial_taskflow_api' retrieved from /home/airflow/.local/lib/python3.8/site-packages/airflow/example_dags/tutorial_taskflow_api.py
[2024-01-06T02:40:59.846+0000] {logging_mixin.py:188} INFO - [2024-01-06T02:40:59.846+0000] {dag.py:3033} INFO - Sync 1 DAGs
[2024-01-06T02:40:59.958+0000] {logging_mixin.py:188} INFO - [2024-01-06T02:40:59.958+0000] {dag.py:3820} INFO - Setting next_dagrun for tutorial_taskflow_api to None, run_after=None
[2024-01-06T02:41:00.138+0000] {processor.py:183} INFO - Processing /home/airflow/.local/lib/python3.8/site-packages/airflow/example_dags/tutorial_taskflow_api.py took 0.741 seconds
[2024-01-06T02:41:30.273+0000] {processor.py:161} INFO - Started process (PID=42409) to work on /home/airflow/.local/lib/python3.8/site-packages/airflow/example_dags/tutorial_taskflow_api.py
[2024-01-06T02:41:30.274+0000] {processor.py:830} INFO - Processing file /home/airflow/.local/lib/python3.8/site-packages/airflow/example_dags/tutorial_taskflow_api.py for tasks to queue
[2024-01-06T02:41:30.276+0000] {logging_mixin.py:188} INFO - [2024-01-06T02:41:30.276+0000] {dagbag.py:538} INFO - Filling up the DagBag from /home/airflow/.local/lib/python3.8/site-packages/airflow/example_dags/tutorial_taskflow_api.py
[2024-01-06T02:41:30.282+0000] {processor.py:840} INFO - DAG(s) 'tutorial_taskflow_api' retrieved from /home/airflow/.local/lib/python3.8/site-packages/airflow/example_dags/tutorial_taskflow_api.py
[2024-01-06T02:41:30.298+0000] {logging_mixin.py:188} INFO - [2024-01-06T02:41:30.298+0000] {dag.py:3033} INFO - Sync 1 DAGs
[2024-01-06T02:41:30.306+0000] {logging_mixin.py:188} INFO - [2024-01-06T02:41:30.306+0000] {dag.py:3820} INFO - Setting next_dagrun for tutorial_taskflow_api to None, run_after=None
[2024-01-06T02:41:30.320+0000] {processor.py:183} INFO - Processing /home/airflow/.local/lib/python3.8/site-packages/airflow/example_dags/tutorial_taskflow_api.py took 0.050 seconds
[2024-01-06T02:42:00.401+0000] {processor.py:161} INFO - Started process (PID=42466) to work on /home/airflow/.local/lib/python3.8/site-packages/airflow/example_dags/tutorial_taskflow_api.py
[2024-01-06T02:42:00.405+0000] {processor.py:830} INFO - Processing file /home/airflow/.local/lib/python3.8/site-packages/airflow/example_dags/tutorial_taskflow_api.py for tasks to queue
[2024-01-06T02:42:00.412+0000] {logging_mixin.py:188} INFO - [2024-01-06T02:42:00.411+0000] {dagbag.py:538} INFO - Filling up the DagBag from /home/airflow/.local/lib/python3.8/site-packages/airflow/example_dags/tutorial_taskflow_api.py
[2024-01-06T02:42:00.431+0000] {processor.py:840} INFO - DAG(s) 'tutorial_taskflow_api' retrieved from /home/airflow/.local/lib/python3.8/site-packages/airflow/example_dags/tutorial_taskflow_api.py
[2024-01-06T02:42:00.463+0000] {logging_mixin.py:188} INFO - [2024-01-06T02:42:00.463+0000] {dag.py:3033} INFO - Sync 1 DAGs
[2024-01-06T02:42:00.483+0000] {logging_mixin.py:188} INFO - [2024-01-06T02:42:00.483+0000] {dag.py:3820} INFO - Setting next_dagrun for tutorial_taskflow_api to None, run_after=None
[2024-01-06T02:42:00.523+0000] {processor.py:183} INFO - Processing /home/airflow/.local/lib/python3.8/site-packages/airflow/example_dags/tutorial_taskflow_api.py took 0.134 seconds
[2024-01-06T02:42:30.584+0000] {processor.py:161} INFO - Started process (PID=42524) to work on /home/airflow/.local/lib/python3.8/site-packages/airflow/example_dags/tutorial_taskflow_api.py
[2024-01-06T02:42:30.586+0000] {processor.py:830} INFO - Processing file /home/airflow/.local/lib/python3.8/site-packages/airflow/example_dags/tutorial_taskflow_api.py for tasks to queue
[2024-01-06T02:42:30.589+0000] {logging_mixin.py:188} INFO - [2024-01-06T02:42:30.588+0000] {dagbag.py:538} INFO - Filling up the DagBag from /home/airflow/.local/lib/python3.8/site-packages/airflow/example_dags/tutorial_taskflow_api.py
[2024-01-06T02:42:30.594+0000] {processor.py:840} INFO - DAG(s) 'tutorial_taskflow_api' retrieved from /home/airflow/.local/lib/python3.8/site-packages/airflow/example_dags/tutorial_taskflow_api.py
[2024-01-06T02:42:30.609+0000] {logging_mixin.py:188} INFO - [2024-01-06T02:42:30.609+0000] {dag.py:3033} INFO - Sync 1 DAGs
[2024-01-06T02:42:30.616+0000] {logging_mixin.py:188} INFO - [2024-01-06T02:42:30.616+0000] {dag.py:3820} INFO - Setting next_dagrun for tutorial_taskflow_api to None, run_after=None
[2024-01-06T02:42:30.629+0000] {processor.py:183} INFO - Processing /home/airflow/.local/lib/python3.8/site-packages/airflow/example_dags/tutorial_taskflow_api.py took 0.048 seconds
[2024-01-06T02:43:00.858+0000] {processor.py:161} INFO - Started process (PID=42582) to work on /home/airflow/.local/lib/python3.8/site-packages/airflow/example_dags/tutorial_taskflow_api.py
[2024-01-06T02:43:00.859+0000] {processor.py:830} INFO - Processing file /home/airflow/.local/lib/python3.8/site-packages/airflow/example_dags/tutorial_taskflow_api.py for tasks to queue
[2024-01-06T02:43:00.862+0000] {logging_mixin.py:188} INFO - [2024-01-06T02:43:00.862+0000] {dagbag.py:538} INFO - Filling up the DagBag from /home/airflow/.local/lib/python3.8/site-packages/airflow/example_dags/tutorial_taskflow_api.py
[2024-01-06T02:43:00.867+0000] {processor.py:840} INFO - DAG(s) 'tutorial_taskflow_api' retrieved from /home/airflow/.local/lib/python3.8/site-packages/airflow/example_dags/tutorial_taskflow_api.py
[2024-01-06T02:43:00.880+0000] {logging_mixin.py:188} INFO - [2024-01-06T02:43:00.880+0000] {dag.py:3033} INFO - Sync 1 DAGs
[2024-01-06T02:43:00.887+0000] {logging_mixin.py:188} INFO - [2024-01-06T02:43:00.887+0000] {dag.py:3820} INFO - Setting next_dagrun for tutorial_taskflow_api to None, run_after=None
[2024-01-06T02:43:00.898+0000] {processor.py:183} INFO - Processing /home/airflow/.local/lib/python3.8/site-packages/airflow/example_dags/tutorial_taskflow_api.py took 0.042 seconds
[2024-01-06T02:43:31.279+0000] {processor.py:161} INFO - Started process (PID=42640) to work on /home/airflow/.local/lib/python3.8/site-packages/airflow/example_dags/tutorial_taskflow_api.py
[2024-01-06T02:43:31.280+0000] {processor.py:830} INFO - Processing file /home/airflow/.local/lib/python3.8/site-packages/airflow/example_dags/tutorial_taskflow_api.py for tasks to queue
[2024-01-06T02:43:31.283+0000] {logging_mixin.py:188} INFO - [2024-01-06T02:43:31.282+0000] {dagbag.py:538} INFO - Filling up the DagBag from /home/airflow/.local/lib/python3.8/site-packages/airflow/example_dags/tutorial_taskflow_api.py
[2024-01-06T02:43:31.287+0000] {processor.py:840} INFO - DAG(s) 'tutorial_taskflow_api' retrieved from /home/airflow/.local/lib/python3.8/site-packages/airflow/example_dags/tutorial_taskflow_api.py
[2024-01-06T02:43:31.304+0000] {logging_mixin.py:188} INFO - [2024-01-06T02:43:31.304+0000] {dag.py:3033} INFO - Sync 1 DAGs
[2024-01-06T02:43:31.311+0000] {logging_mixin.py:188} INFO - [2024-01-06T02:43:31.311+0000] {dag.py:3820} INFO - Setting next_dagrun for tutorial_taskflow_api to None, run_after=None
[2024-01-06T02:43:31.324+0000] {processor.py:183} INFO - Processing /home/airflow/.local/lib/python3.8/site-packages/airflow/example_dags/tutorial_taskflow_api.py took 0.048 seconds
[2024-01-06T02:44:01.589+0000] {processor.py:161} INFO - Started process (PID=42698) to work on /home/airflow/.local/lib/python3.8/site-packages/airflow/example_dags/tutorial_taskflow_api.py
[2024-01-06T02:44:01.591+0000] {processor.py:830} INFO - Processing file /home/airflow/.local/lib/python3.8/site-packages/airflow/example_dags/tutorial_taskflow_api.py for tasks to queue
[2024-01-06T02:44:01.593+0000] {logging_mixin.py:188} INFO - [2024-01-06T02:44:01.593+0000] {dagbag.py:538} INFO - Filling up the DagBag from /home/airflow/.local/lib/python3.8/site-packages/airflow/example_dags/tutorial_taskflow_api.py
[2024-01-06T02:44:01.598+0000] {processor.py:840} INFO - DAG(s) 'tutorial_taskflow_api' retrieved from /home/airflow/.local/lib/python3.8/site-packages/airflow/example_dags/tutorial_taskflow_api.py
[2024-01-06T02:44:01.620+0000] {logging_mixin.py:188} INFO - [2024-01-06T02:44:01.620+0000] {dag.py:3033} INFO - Sync 1 DAGs
[2024-01-06T02:44:01.629+0000] {logging_mixin.py:188} INFO - [2024-01-06T02:44:01.629+0000] {dag.py:3820} INFO - Setting next_dagrun for tutorial_taskflow_api to None, run_after=None
[2024-01-06T02:44:01.642+0000] {processor.py:183} INFO - Processing /home/airflow/.local/lib/python3.8/site-packages/airflow/example_dags/tutorial_taskflow_api.py took 0.055 seconds
[2024-01-06T02:44:31.751+0000] {processor.py:161} INFO - Started process (PID=42756) to work on /home/airflow/.local/lib/python3.8/site-packages/airflow/example_dags/tutorial_taskflow_api.py
[2024-01-06T02:44:31.753+0000] {processor.py:830} INFO - Processing file /home/airflow/.local/lib/python3.8/site-packages/airflow/example_dags/tutorial_taskflow_api.py for tasks to queue
[2024-01-06T02:44:31.755+0000] {logging_mixin.py:188} INFO - [2024-01-06T02:44:31.755+0000] {dagbag.py:538} INFO - Filling up the DagBag from /home/airflow/.local/lib/python3.8/site-packages/airflow/example_dags/tutorial_taskflow_api.py
[2024-01-06T02:44:31.761+0000] {processor.py:840} INFO - DAG(s) 'tutorial_taskflow_api' retrieved from /home/airflow/.local/lib/python3.8/site-packages/airflow/example_dags/tutorial_taskflow_api.py
[2024-01-06T02:44:31.776+0000] {logging_mixin.py:188} INFO - [2024-01-06T02:44:31.776+0000] {dag.py:3033} INFO - Sync 1 DAGs
[2024-01-06T02:44:31.784+0000] {logging_mixin.py:188} INFO - [2024-01-06T02:44:31.784+0000] {dag.py:3820} INFO - Setting next_dagrun for tutorial_taskflow_api to None, run_after=None
[2024-01-06T02:44:31.797+0000] {processor.py:183} INFO - Processing /home/airflow/.local/lib/python3.8/site-packages/airflow/example_dags/tutorial_taskflow_api.py took 0.048 seconds
[2024-01-06T02:45:02.102+0000] {processor.py:161} INFO - Started process (PID=42814) to work on /home/airflow/.local/lib/python3.8/site-packages/airflow/example_dags/tutorial_taskflow_api.py
[2024-01-06T02:45:02.103+0000] {processor.py:830} INFO - Processing file /home/airflow/.local/lib/python3.8/site-packages/airflow/example_dags/tutorial_taskflow_api.py for tasks to queue
[2024-01-06T02:45:02.105+0000] {logging_mixin.py:188} INFO - [2024-01-06T02:45:02.105+0000] {dagbag.py:538} INFO - Filling up the DagBag from /home/airflow/.local/lib/python3.8/site-packages/airflow/example_dags/tutorial_taskflow_api.py
[2024-01-06T02:45:02.110+0000] {processor.py:840} INFO - DAG(s) 'tutorial_taskflow_api' retrieved from /home/airflow/.local/lib/python3.8/site-packages/airflow/example_dags/tutorial_taskflow_api.py
[2024-01-06T02:45:02.124+0000] {logging_mixin.py:188} INFO - [2024-01-06T02:45:02.124+0000] {dag.py:3033} INFO - Sync 1 DAGs
[2024-01-06T02:45:02.132+0000] {logging_mixin.py:188} INFO - [2024-01-06T02:45:02.132+0000] {dag.py:3820} INFO - Setting next_dagrun for tutorial_taskflow_api to None, run_after=None
[2024-01-06T02:45:02.144+0000] {processor.py:183} INFO - Processing /home/airflow/.local/lib/python3.8/site-packages/airflow/example_dags/tutorial_taskflow_api.py took 0.044 seconds
[2024-01-06T02:45:32.185+0000] {processor.py:161} INFO - Started process (PID=42872) to work on /home/airflow/.local/lib/python3.8/site-packages/airflow/example_dags/tutorial_taskflow_api.py
[2024-01-06T02:45:32.186+0000] {processor.py:830} INFO - Processing file /home/airflow/.local/lib/python3.8/site-packages/airflow/example_dags/tutorial_taskflow_api.py for tasks to queue
[2024-01-06T02:45:32.188+0000] {logging_mixin.py:188} INFO - [2024-01-06T02:45:32.188+0000] {dagbag.py:538} INFO - Filling up the DagBag from /home/airflow/.local/lib/python3.8/site-packages/airflow/example_dags/tutorial_taskflow_api.py
[2024-01-06T02:45:32.193+0000] {processor.py:840} INFO - DAG(s) 'tutorial_taskflow_api' retrieved from /home/airflow/.local/lib/python3.8/site-packages/airflow/example_dags/tutorial_taskflow_api.py
[2024-01-06T02:45:32.208+0000] {logging_mixin.py:188} INFO - [2024-01-06T02:45:32.208+0000] {dag.py:3033} INFO - Sync 1 DAGs
[2024-01-06T02:45:32.215+0000] {logging_mixin.py:188} INFO - [2024-01-06T02:45:32.215+0000] {dag.py:3820} INFO - Setting next_dagrun for tutorial_taskflow_api to None, run_after=None
[2024-01-06T02:45:32.227+0000] {processor.py:183} INFO - Processing /home/airflow/.local/lib/python3.8/site-packages/airflow/example_dags/tutorial_taskflow_api.py took 0.045 seconds
[2024-01-06T02:46:02.448+0000] {processor.py:161} INFO - Started process (PID=42930) to work on /home/airflow/.local/lib/python3.8/site-packages/airflow/example_dags/tutorial_taskflow_api.py
[2024-01-06T02:46:02.450+0000] {processor.py:830} INFO - Processing file /home/airflow/.local/lib/python3.8/site-packages/airflow/example_dags/tutorial_taskflow_api.py for tasks to queue
[2024-01-06T02:46:02.452+0000] {logging_mixin.py:188} INFO - [2024-01-06T02:46:02.452+0000] {dagbag.py:538} INFO - Filling up the DagBag from /home/airflow/.local/lib/python3.8/site-packages/airflow/example_dags/tutorial_taskflow_api.py
[2024-01-06T02:46:02.457+0000] {processor.py:840} INFO - DAG(s) 'tutorial_taskflow_api' retrieved from /home/airflow/.local/lib/python3.8/site-packages/airflow/example_dags/tutorial_taskflow_api.py
[2024-01-06T02:46:02.471+0000] {logging_mixin.py:188} INFO - [2024-01-06T02:46:02.471+0000] {dag.py:3033} INFO - Sync 1 DAGs
[2024-01-06T02:46:02.479+0000] {logging_mixin.py:188} INFO - [2024-01-06T02:46:02.479+0000] {dag.py:3820} INFO - Setting next_dagrun for tutorial_taskflow_api to None, run_after=None
[2024-01-06T02:46:02.496+0000] {processor.py:183} INFO - Processing /home/airflow/.local/lib/python3.8/site-packages/airflow/example_dags/tutorial_taskflow_api.py took 0.050 seconds
[2024-01-06T02:46:33.088+0000] {processor.py:161} INFO - Started process (PID=42988) to work on /home/airflow/.local/lib/python3.8/site-packages/airflow/example_dags/tutorial_taskflow_api.py
[2024-01-06T02:46:33.090+0000] {processor.py:830} INFO - Processing file /home/airflow/.local/lib/python3.8/site-packages/airflow/example_dags/tutorial_taskflow_api.py for tasks to queue
[2024-01-06T02:46:33.093+0000] {logging_mixin.py:188} INFO - [2024-01-06T02:46:33.092+0000] {dagbag.py:538} INFO - Filling up the DagBag from /home/airflow/.local/lib/python3.8/site-packages/airflow/example_dags/tutorial_taskflow_api.py
[2024-01-06T02:46:33.101+0000] {processor.py:840} INFO - DAG(s) 'tutorial_taskflow_api' retrieved from /home/airflow/.local/lib/python3.8/site-packages/airflow/example_dags/tutorial_taskflow_api.py
[2024-01-06T02:46:33.116+0000] {logging_mixin.py:188} INFO - [2024-01-06T02:46:33.116+0000] {dag.py:3033} INFO - Sync 1 DAGs
[2024-01-06T02:46:33.125+0000] {logging_mixin.py:188} INFO - [2024-01-06T02:46:33.124+0000] {dag.py:3820} INFO - Setting next_dagrun for tutorial_taskflow_api to None, run_after=None
[2024-01-06T02:46:33.138+0000] {processor.py:183} INFO - Processing /home/airflow/.local/lib/python3.8/site-packages/airflow/example_dags/tutorial_taskflow_api.py took 0.053 seconds
[2024-01-06T02:47:03.315+0000] {processor.py:161} INFO - Started process (PID=43046) to work on /home/airflow/.local/lib/python3.8/site-packages/airflow/example_dags/tutorial_taskflow_api.py
[2024-01-06T02:47:03.317+0000] {processor.py:830} INFO - Processing file /home/airflow/.local/lib/python3.8/site-packages/airflow/example_dags/tutorial_taskflow_api.py for tasks to queue
[2024-01-06T02:47:03.319+0000] {logging_mixin.py:188} INFO - [2024-01-06T02:47:03.319+0000] {dagbag.py:538} INFO - Filling up the DagBag from /home/airflow/.local/lib/python3.8/site-packages/airflow/example_dags/tutorial_taskflow_api.py
[2024-01-06T02:47:03.324+0000] {processor.py:840} INFO - DAG(s) 'tutorial_taskflow_api' retrieved from /home/airflow/.local/lib/python3.8/site-packages/airflow/example_dags/tutorial_taskflow_api.py
[2024-01-06T02:47:03.339+0000] {logging_mixin.py:188} INFO - [2024-01-06T02:47:03.339+0000] {dag.py:3033} INFO - Sync 1 DAGs
[2024-01-06T02:47:03.347+0000] {logging_mixin.py:188} INFO - [2024-01-06T02:47:03.347+0000] {dag.py:3820} INFO - Setting next_dagrun for tutorial_taskflow_api to None, run_after=None
[2024-01-06T02:47:03.359+0000] {processor.py:183} INFO - Processing /home/airflow/.local/lib/python3.8/site-packages/airflow/example_dags/tutorial_taskflow_api.py took 0.046 seconds
[2024-01-06T02:47:33.893+0000] {processor.py:161} INFO - Started process (PID=43104) to work on /home/airflow/.local/lib/python3.8/site-packages/airflow/example_dags/tutorial_taskflow_api.py
[2024-01-06T02:47:33.895+0000] {processor.py:830} INFO - Processing file /home/airflow/.local/lib/python3.8/site-packages/airflow/example_dags/tutorial_taskflow_api.py for tasks to queue
[2024-01-06T02:47:33.897+0000] {logging_mixin.py:188} INFO - [2024-01-06T02:47:33.897+0000] {dagbag.py:538} INFO - Filling up the DagBag from /home/airflow/.local/lib/python3.8/site-packages/airflow/example_dags/tutorial_taskflow_api.py
[2024-01-06T02:47:33.902+0000] {processor.py:840} INFO - DAG(s) 'tutorial_taskflow_api' retrieved from /home/airflow/.local/lib/python3.8/site-packages/airflow/example_dags/tutorial_taskflow_api.py
[2024-01-06T02:47:33.918+0000] {logging_mixin.py:188} INFO - [2024-01-06T02:47:33.918+0000] {dag.py:3033} INFO - Sync 1 DAGs
[2024-01-06T02:47:33.926+0000] {logging_mixin.py:188} INFO - [2024-01-06T02:47:33.926+0000] {dag.py:3820} INFO - Setting next_dagrun for tutorial_taskflow_api to None, run_after=None
[2024-01-06T02:47:33.937+0000] {processor.py:183} INFO - Processing /home/airflow/.local/lib/python3.8/site-packages/airflow/example_dags/tutorial_taskflow_api.py took 0.047 seconds
[2024-01-06T02:48:04.066+0000] {processor.py:161} INFO - Started process (PID=43162) to work on /home/airflow/.local/lib/python3.8/site-packages/airflow/example_dags/tutorial_taskflow_api.py
[2024-01-06T02:48:04.068+0000] {processor.py:830} INFO - Processing file /home/airflow/.local/lib/python3.8/site-packages/airflow/example_dags/tutorial_taskflow_api.py for tasks to queue
[2024-01-06T02:48:04.069+0000] {logging_mixin.py:188} INFO - [2024-01-06T02:48:04.069+0000] {dagbag.py:538} INFO - Filling up the DagBag from /home/airflow/.local/lib/python3.8/site-packages/airflow/example_dags/tutorial_taskflow_api.py
[2024-01-06T02:48:04.074+0000] {processor.py:840} INFO - DAG(s) 'tutorial_taskflow_api' retrieved from /home/airflow/.local/lib/python3.8/site-packages/airflow/example_dags/tutorial_taskflow_api.py
[2024-01-06T02:48:04.087+0000] {logging_mixin.py:188} INFO - [2024-01-06T02:48:04.087+0000] {dag.py:3033} INFO - Sync 1 DAGs
[2024-01-06T02:48:04.095+0000] {logging_mixin.py:188} INFO - [2024-01-06T02:48:04.095+0000] {dag.py:3820} INFO - Setting next_dagrun for tutorial_taskflow_api to None, run_after=None
[2024-01-06T02:48:04.106+0000] {processor.py:183} INFO - Processing /home/airflow/.local/lib/python3.8/site-packages/airflow/example_dags/tutorial_taskflow_api.py took 0.042 seconds
[2024-01-06T02:48:34.687+0000] {processor.py:161} INFO - Started process (PID=43220) to work on /home/airflow/.local/lib/python3.8/site-packages/airflow/example_dags/tutorial_taskflow_api.py
[2024-01-06T02:48:34.690+0000] {processor.py:830} INFO - Processing file /home/airflow/.local/lib/python3.8/site-packages/airflow/example_dags/tutorial_taskflow_api.py for tasks to queue
[2024-01-06T02:48:34.693+0000] {logging_mixin.py:188} INFO - [2024-01-06T02:48:34.692+0000] {dagbag.py:538} INFO - Filling up the DagBag from /home/airflow/.local/lib/python3.8/site-packages/airflow/example_dags/tutorial_taskflow_api.py
[2024-01-06T02:48:34.698+0000] {processor.py:840} INFO - DAG(s) 'tutorial_taskflow_api' retrieved from /home/airflow/.local/lib/python3.8/site-packages/airflow/example_dags/tutorial_taskflow_api.py
[2024-01-06T02:48:34.722+0000] {logging_mixin.py:188} INFO - [2024-01-06T02:48:34.722+0000] {dag.py:3033} INFO - Sync 1 DAGs
[2024-01-06T02:48:34.733+0000] {logging_mixin.py:188} INFO - [2024-01-06T02:48:34.733+0000] {dag.py:3820} INFO - Setting next_dagrun for tutorial_taskflow_api to None, run_after=None
[2024-01-06T02:48:34.751+0000] {processor.py:183} INFO - Processing /home/airflow/.local/lib/python3.8/site-packages/airflow/example_dags/tutorial_taskflow_api.py took 0.070 seconds
[2024-01-06T02:49:23.187+0000] {processor.py:161} INFO - Started process (PID=43278) to work on /home/airflow/.local/lib/python3.8/site-packages/airflow/example_dags/tutorial_taskflow_api.py
[2024-01-06T02:49:23.190+0000] {processor.py:830} INFO - Processing file /home/airflow/.local/lib/python3.8/site-packages/airflow/example_dags/tutorial_taskflow_api.py for tasks to queue
[2024-01-06T02:49:23.194+0000] {logging_mixin.py:188} INFO - [2024-01-06T02:49:23.194+0000] {dagbag.py:538} INFO - Filling up the DagBag from /home/airflow/.local/lib/python3.8/site-packages/airflow/example_dags/tutorial_taskflow_api.py
[2024-01-06T02:49:23.203+0000] {processor.py:840} INFO - DAG(s) 'tutorial_taskflow_api' retrieved from /home/airflow/.local/lib/python3.8/site-packages/airflow/example_dags/tutorial_taskflow_api.py
[2024-01-06T02:49:23.229+0000] {logging_mixin.py:188} INFO - [2024-01-06T02:49:23.228+0000] {dag.py:3033} INFO - Sync 1 DAGs
[2024-01-06T02:49:23.242+0000] {logging_mixin.py:188} INFO - [2024-01-06T02:49:23.241+0000] {dag.py:3820} INFO - Setting next_dagrun for tutorial_taskflow_api to None, run_after=None
[2024-01-06T02:49:23.260+0000] {processor.py:183} INFO - Processing /home/airflow/.local/lib/python3.8/site-packages/airflow/example_dags/tutorial_taskflow_api.py took 0.080 seconds
[2024-01-06T02:49:54.876+0000] {processor.py:161} INFO - Started process (PID=43334) to work on /home/airflow/.local/lib/python3.8/site-packages/airflow/example_dags/tutorial_taskflow_api.py
[2024-01-06T02:49:54.878+0000] {processor.py:830} INFO - Processing file /home/airflow/.local/lib/python3.8/site-packages/airflow/example_dags/tutorial_taskflow_api.py for tasks to queue
[2024-01-06T02:49:54.881+0000] {logging_mixin.py:188} INFO - [2024-01-06T02:49:54.881+0000] {dagbag.py:538} INFO - Filling up the DagBag from /home/airflow/.local/lib/python3.8/site-packages/airflow/example_dags/tutorial_taskflow_api.py
[2024-01-06T02:49:54.891+0000] {processor.py:840} INFO - DAG(s) 'tutorial_taskflow_api' retrieved from /home/airflow/.local/lib/python3.8/site-packages/airflow/example_dags/tutorial_taskflow_api.py
[2024-01-06T02:49:54.923+0000] {logging_mixin.py:188} INFO - [2024-01-06T02:49:54.923+0000] {dag.py:3033} INFO - Sync 1 DAGs
[2024-01-06T02:49:54.935+0000] {logging_mixin.py:188} INFO - [2024-01-06T02:49:54.935+0000] {dag.py:3820} INFO - Setting next_dagrun for tutorial_taskflow_api to None, run_after=None
[2024-01-06T02:49:54.955+0000] {processor.py:183} INFO - Processing /home/airflow/.local/lib/python3.8/site-packages/airflow/example_dags/tutorial_taskflow_api.py took 0.083 seconds
[2024-01-06T02:50:25.655+0000] {processor.py:161} INFO - Started process (PID=43392) to work on /home/airflow/.local/lib/python3.8/site-packages/airflow/example_dags/tutorial_taskflow_api.py
[2024-01-06T02:50:25.657+0000] {processor.py:830} INFO - Processing file /home/airflow/.local/lib/python3.8/site-packages/airflow/example_dags/tutorial_taskflow_api.py for tasks to queue
[2024-01-06T02:50:25.660+0000] {logging_mixin.py:188} INFO - [2024-01-06T02:50:25.660+0000] {dagbag.py:538} INFO - Filling up the DagBag from /home/airflow/.local/lib/python3.8/site-packages/airflow/example_dags/tutorial_taskflow_api.py
[2024-01-06T02:50:25.666+0000] {processor.py:840} INFO - DAG(s) 'tutorial_taskflow_api' retrieved from /home/airflow/.local/lib/python3.8/site-packages/airflow/example_dags/tutorial_taskflow_api.py
[2024-01-06T02:50:25.690+0000] {logging_mixin.py:188} INFO - [2024-01-06T02:50:25.690+0000] {dag.py:3033} INFO - Sync 1 DAGs
[2024-01-06T02:50:25.700+0000] {logging_mixin.py:188} INFO - [2024-01-06T02:50:25.700+0000] {dag.py:3820} INFO - Setting next_dagrun for tutorial_taskflow_api to None, run_after=None
[2024-01-06T02:50:25.716+0000] {processor.py:183} INFO - Processing /home/airflow/.local/lib/python3.8/site-packages/airflow/example_dags/tutorial_taskflow_api.py took 0.063 seconds
[2024-01-06T02:50:56.557+0000] {processor.py:161} INFO - Started process (PID=43452) to work on /home/airflow/.local/lib/python3.8/site-packages/airflow/example_dags/tutorial_taskflow_api.py
[2024-01-06T02:50:56.559+0000] {processor.py:830} INFO - Processing file /home/airflow/.local/lib/python3.8/site-packages/airflow/example_dags/tutorial_taskflow_api.py for tasks to queue
[2024-01-06T02:50:56.561+0000] {logging_mixin.py:188} INFO - [2024-01-06T02:50:56.561+0000] {dagbag.py:538} INFO - Filling up the DagBag from /home/airflow/.local/lib/python3.8/site-packages/airflow/example_dags/tutorial_taskflow_api.py
[2024-01-06T02:50:56.566+0000] {processor.py:840} INFO - DAG(s) 'tutorial_taskflow_api' retrieved from /home/airflow/.local/lib/python3.8/site-packages/airflow/example_dags/tutorial_taskflow_api.py
[2024-01-06T02:50:56.581+0000] {logging_mixin.py:188} INFO - [2024-01-06T02:50:56.581+0000] {dag.py:3033} INFO - Sync 1 DAGs
[2024-01-06T02:50:56.589+0000] {logging_mixin.py:188} INFO - [2024-01-06T02:50:56.589+0000] {dag.py:3820} INFO - Setting next_dagrun for tutorial_taskflow_api to None, run_after=None
[2024-01-06T02:50:56.603+0000] {processor.py:183} INFO - Processing /home/airflow/.local/lib/python3.8/site-packages/airflow/example_dags/tutorial_taskflow_api.py took 0.050 seconds
