[2024-01-05T03:52:08.790+0000] {taskinstance.py:1957} INFO - Dependencies all met for dep_context=non-requeueable deps ti=<TaskInstance: data_ds.print_date scheduled__2021-06-23T00:00:00+00:00 [queued]>
[2024-01-05T03:52:08.816+0000] {taskinstance.py:1957} INFO - Dependencies all met for dep_context=requeueable deps ti=<TaskInstance: data_ds.print_date scheduled__2021-06-23T00:00:00+00:00 [queued]>
[2024-01-05T03:52:08.822+0000] {taskinstance.py:2171} INFO - Starting attempt 1 of 2
[2024-01-05T03:52:08.864+0000] {taskinstance.py:2192} INFO - Executing <Task(BashOperator): print_date> on 2021-06-23 00:00:00+00:00
[2024-01-05T03:52:08.891+0000] {standard_task_runner.py:60} INFO - Started process 224 to run task
[2024-01-05T03:52:08.947+0000] {standard_task_runner.py:87} INFO - Running: ['***', 'tasks', 'run', 'data_ds', 'print_date', 'scheduled__2021-06-23T00:00:00+00:00', '--job-id', '3', '--raw', '--subdir', 'DAGS_FOLDER/test.py', '--cfg-path', '/tmp/tmp4tuepog6']
[2024-01-05T03:52:08.996+0000] {standard_task_runner.py:88} INFO - Job 3: Subtask print_date
[2024-01-05T03:52:09.249+0000] {task_command.py:423} INFO - Running <TaskInstance: data_ds.print_date scheduled__2021-06-23T00:00:00+00:00 [running]> on host fed638a2c175
[2024-01-05T03:52:09.444+0000] {taskinstance.py:2481} INFO - Exporting env vars: AIRFLOW_CTX_DAG_EMAIL='thangnch@gmail.com' AIRFLOW_CTX_DAG_OWNER='***' AIRFLOW_CTX_DAG_ID='data_ds' AIRFLOW_CTX_TASK_ID='print_date' AIRFLOW_CTX_EXECUTION_DATE='2021-06-23T00:00:00+00:00' AIRFLOW_CTX_TRY_NUMBER='1' AIRFLOW_CTX_DAG_RUN_ID='scheduled__2021-06-23T00:00:00+00:00'
[2024-01-05T03:52:09.456+0000] {subprocess.py:63} INFO - Tmp dir root location: /tmp
[2024-01-05T03:52:09.462+0000] {subprocess.py:75} INFO - Running command: ['/usr/bin/bash', '-c', 'echo t1 running']
[2024-01-05T03:52:09.480+0000] {subprocess.py:86} INFO - Output:
[2024-01-05T03:52:09.485+0000] {subprocess.py:93} INFO - t1 running
[2024-01-05T03:52:09.489+0000] {subprocess.py:97} INFO - Command exited with return code 0
[2024-01-05T03:52:09.562+0000] {taskinstance.py:1138} INFO - Marking task as SUCCESS. dag_id=data_ds, task_id=print_date, execution_date=20210623T000000, start_date=20240105T035208, end_date=20240105T035209
[2024-01-05T03:52:09.617+0000] {local_task_job_runner.py:234} INFO - Task exited with return code 0
[2024-01-05T03:52:09.727+0000] {taskinstance.py:3281} INFO - 0 downstream tasks scheduled from follow-on schedule check
[2024-01-08T04:50:51.518+0000] {taskinstance.py:1957} INFO - Dependencies all met for dep_context=non-requeueable deps ti=<TaskInstance: data_ds.print_date scheduled__2021-06-23T00:00:00+00:00 [queued]>
[2024-01-08T04:50:51.535+0000] {taskinstance.py:1957} INFO - Dependencies all met for dep_context=requeueable deps ti=<TaskInstance: data_ds.print_date scheduled__2021-06-23T00:00:00+00:00 [queued]>
[2024-01-08T04:50:51.538+0000] {taskinstance.py:2171} INFO - Starting attempt 1 of 2
[2024-01-08T04:50:51.565+0000] {taskinstance.py:2192} INFO - Executing <Task(BashOperator): print_date> on 2021-06-23 00:00:00+00:00
[2024-01-08T04:50:51.581+0000] {standard_task_runner.py:60} INFO - Started process 255 to run task
[2024-01-08T04:50:51.599+0000] {standard_task_runner.py:87} INFO - Running: ['***', 'tasks', 'run', 'data_ds', 'print_date', 'scheduled__2021-06-23T00:00:00+00:00', '--job-id', '3', '--raw', '--subdir', 'DAGS_FOLDER/test.py', '--cfg-path', '/tmp/tmpxrl0xd0y']
[2024-01-08T04:50:51.614+0000] {standard_task_runner.py:88} INFO - Job 3: Subtask print_date
[2024-01-08T04:50:51.768+0000] {task_command.py:423} INFO - Running <TaskInstance: data_ds.print_date scheduled__2021-06-23T00:00:00+00:00 [running]> on host 71a034ea89ba
[2024-01-08T04:50:52.110+0000] {taskinstance.py:2481} INFO - Exporting env vars: AIRFLOW_CTX_DAG_EMAIL='thangnch@gmail.com' AIRFLOW_CTX_DAG_OWNER='***' AIRFLOW_CTX_DAG_ID='data_ds' AIRFLOW_CTX_TASK_ID='print_date' AIRFLOW_CTX_EXECUTION_DATE='2021-06-23T00:00:00+00:00' AIRFLOW_CTX_TRY_NUMBER='1' AIRFLOW_CTX_DAG_RUN_ID='scheduled__2021-06-23T00:00:00+00:00'
[2024-01-08T04:50:52.138+0000] {subprocess.py:63} INFO - Tmp dir root location: /tmp
[2024-01-08T04:50:52.152+0000] {subprocess.py:75} INFO - Running command: ['/usr/bin/bash', '-c', 'echo t1 running']
[2024-01-08T04:50:52.192+0000] {subprocess.py:86} INFO - Output:
[2024-01-08T04:50:52.196+0000] {subprocess.py:93} INFO - t1 running
[2024-01-08T04:50:52.203+0000] {subprocess.py:97} INFO - Command exited with return code 0
[2024-01-08T04:50:52.264+0000] {taskinstance.py:1138} INFO - Marking task as SUCCESS. dag_id=data_ds, task_id=print_date, execution_date=20210623T000000, start_date=20240108T045051, end_date=20240108T045052
[2024-01-08T04:50:52.318+0000] {local_task_job_runner.py:234} INFO - Task exited with return code 0
[2024-01-08T04:50:52.388+0000] {taskinstance.py:3281} INFO - 0 downstream tasks scheduled from follow-on schedule check
