[2024-01-08T07:08:17.941+0000] {taskinstance.py:1957} INFO - Dependencies all met for dep_context=non-requeueable deps ti=<TaskInstance: data_ds.index_data manual__2024-01-08T07:08:11.742108+00:00 [queued]>
[2024-01-08T07:08:17.949+0000] {taskinstance.py:1957} INFO - Dependencies all met for dep_context=requeueable deps ti=<TaskInstance: data_ds.index_data manual__2024-01-08T07:08:11.742108+00:00 [queued]>
[2024-01-08T07:08:17.950+0000] {taskinstance.py:2171} INFO - Starting attempt 1 of 4
[2024-01-08T07:08:17.964+0000] {taskinstance.py:2192} INFO - Executing <Task(BashOperator): index_data> on 2024-01-08 07:08:11.742108+00:00
[2024-01-08T07:08:17.979+0000] {standard_task_runner.py:60} INFO - Started process 586 to run task
[2024-01-08T07:08:17.984+0000] {standard_task_runner.py:87} INFO - Running: ['***', 'tasks', 'run', 'data_ds', 'index_data', 'manual__2024-01-08T07:08:11.742108+00:00', '--job-id', '44', '--raw', '--subdir', 'DAGS_FOLDER/test.py', '--cfg-path', '/tmp/tmpm__uyihf']
[2024-01-08T07:08:17.990+0000] {standard_task_runner.py:88} INFO - Job 44: Subtask index_data
[2024-01-08T07:08:18.053+0000] {task_command.py:423} INFO - Running <TaskInstance: data_ds.index_data manual__2024-01-08T07:08:11.742108+00:00 [running]> on host 71a034ea89ba
[2024-01-08T07:08:18.118+0000] {taskinstance.py:2481} INFO - Exporting env vars: AIRFLOW_CTX_DAG_EMAIL='cuongthanhhk@gmail.com' AIRFLOW_CTX_DAG_OWNER='***' AIRFLOW_CTX_DAG_ID='data_ds' AIRFLOW_CTX_TASK_ID='index_data' AIRFLOW_CTX_EXECUTION_DATE='2024-01-08T07:08:11.742108+00:00' AIRFLOW_CTX_TRY_NUMBER='1' AIRFLOW_CTX_DAG_RUN_ID='manual__2024-01-08T07:08:11.742108+00:00'
[2024-01-08T07:08:18.124+0000] {subprocess.py:63} INFO - Tmp dir root location: /tmp
[2024-01-08T07:08:18.126+0000] {subprocess.py:75} INFO - Running command: ['/usr/bin/bash', '-c', 'python3 /opt/***/dags/index_es/index_to_es.py']
[2024-01-08T07:08:18.138+0000] {subprocess.py:86} INFO - Output:
[2024-01-08T07:08:22.711+0000] {subprocess.py:93} INFO - /opt/***/dags/index_es/index_to_es.py:69: DeprecationWarning: Passing transport options in the API method is deprecated. Use 'Elasticsearch.options()' instead.
[2024-01-08T07:08:22.723+0000] {subprocess.py:93} INFO -   helpers.bulk(es_client, result, index=index_name, request_timeout=200)
[2024-01-08T07:08:22.727+0000] {subprocess.py:93} INFO - /opt/***/dags/index_es/index_to_es.py:76: DeprecationWarning: Passing transport options in the API method is deprecated. Use 'Elasticsearch.options()' instead.
[2024-01-08T07:08:22.728+0000] {subprocess.py:93} INFO -   helpers.bulk(es_client, result, index=index_name, request_timeout=200)
[2024-01-08T07:08:22.730+0000] {subprocess.py:93} INFO -              GAME_DATE_EST   GAME_ID  ... REB_away  HOME_TEAM_WINS
[2024-01-08T07:08:22.734+0000] {subprocess.py:93} INFO - 0               2022-03-12  22101005  ...     46.0               0
[2024-01-08T07:08:22.737+0000] {subprocess.py:93} INFO - 1               2022-03-12  22101006  ...     40.0               1
[2024-01-08T07:08:22.739+0000] {subprocess.py:93} INFO - 2               2022-03-12  22101007  ...     47.0               0
[2024-01-08T07:08:22.741+0000] {subprocess.py:93} INFO - 3               2022-03-12  22101008  ...     39.0               1
[2024-01-08T07:08:22.742+0000] {subprocess.py:93} INFO - 4               2022-03-12  22101009  ...     50.0               0
[2024-01-08T07:08:22.743+0000] {subprocess.py:93} INFO - ...                    ...       ...  ...      ...             ...
[2024-01-08T07:08:22.744+0000] {subprocess.py:93} INFO - 27758  2023-10-28 00:00:00  22300091  ...     48.0               0
[2024-01-08T07:08:22.745+0000] {subprocess.py:93} INFO - 27759  2023-10-28 00:00:00  22300088  ...     33.0               1
[2024-01-08T07:08:22.746+0000] {subprocess.py:93} INFO - 27760  2023-10-28 00:00:00  22300094  ...     45.0               1
[2024-01-08T07:08:22.746+0000] {subprocess.py:93} INFO - 27761  2023-10-28 00:00:00  22300093  ...     42.0               1
[2024-01-08T07:08:22.747+0000] {subprocess.py:93} INFO - 27762  2023-10-28 00:00:00  22300092  ...     42.0               0
[2024-01-08T07:08:22.749+0000] {subprocess.py:93} INFO - 
[2024-01-08T07:08:22.749+0000] {subprocess.py:93} INFO - [27763 rows x 21 columns]
[2024-01-08T07:08:22.750+0000] {subprocess.py:93} INFO - Indexing into http://elasticsearch:9200 with index test_data_ds
[2024-01-08T07:08:22.751+0000] {subprocess.py:93} INFO - batch 1
[2024-01-08T07:08:22.751+0000] {subprocess.py:93} INFO - batch 2
[2024-01-08T07:08:22.752+0000] {subprocess.py:93} INFO - batch 3
[2024-01-08T07:08:22.753+0000] {subprocess.py:93} INFO - batch 4
[2024-01-08T07:08:22.753+0000] {subprocess.py:93} INFO - batch 5
[2024-01-08T07:08:22.754+0000] {subprocess.py:93} INFO - batch 6
[2024-01-08T07:08:22.755+0000] {subprocess.py:93} INFO - batch 7
[2024-01-08T07:08:22.756+0000] {subprocess.py:93} INFO - batch 8
[2024-01-08T07:08:22.757+0000] {subprocess.py:93} INFO - batch 9
[2024-01-08T07:08:22.758+0000] {subprocess.py:93} INFO - batch 10
[2024-01-08T07:08:22.758+0000] {subprocess.py:93} INFO - batch 11
[2024-01-08T07:08:22.759+0000] {subprocess.py:93} INFO - batch 12
[2024-01-08T07:08:22.760+0000] {subprocess.py:93} INFO - batch 13
[2024-01-08T07:08:22.761+0000] {subprocess.py:93} INFO - batch 14
[2024-01-08T07:08:22.762+0000] {subprocess.py:93} INFO - batch 15
[2024-01-08T07:08:22.762+0000] {subprocess.py:93} INFO - batch 16
[2024-01-08T07:08:22.763+0000] {subprocess.py:93} INFO - batch 17
[2024-01-08T07:08:22.763+0000] {subprocess.py:93} INFO - batch 18
[2024-01-08T07:08:22.764+0000] {subprocess.py:93} INFO - batch 19
[2024-01-08T07:08:22.765+0000] {subprocess.py:93} INFO - batch 20
[2024-01-08T07:08:22.766+0000] {subprocess.py:93} INFO - batch 21
[2024-01-08T07:08:22.766+0000] {subprocess.py:93} INFO - batch 22
[2024-01-08T07:08:22.767+0000] {subprocess.py:93} INFO - batch 23
[2024-01-08T07:08:22.769+0000] {subprocess.py:93} INFO - batch 24
[2024-01-08T07:08:22.771+0000] {subprocess.py:93} INFO - batch 25
[2024-01-08T07:08:22.772+0000] {subprocess.py:93} INFO - 25
[2024-01-08T07:08:22.772+0000] {subprocess.py:93} INFO - done
[2024-01-08T07:08:22.829+0000] {subprocess.py:97} INFO - Command exited with return code 0
[2024-01-08T07:08:22.876+0000] {taskinstance.py:1138} INFO - Marking task as SUCCESS. dag_id=data_ds, task_id=index_data, execution_date=20240108T070811, start_date=20240108T070817, end_date=20240108T070822
[2024-01-08T07:08:22.928+0000] {local_task_job_runner.py:234} INFO - Task exited with return code 0
[2024-01-08T07:08:22.986+0000] {taskinstance.py:3281} INFO - 0 downstream tasks scheduled from follow-on schedule check
