[2024-01-08T07:08:49.517+0000] {taskinstance.py:1957} INFO - Dependencies all met for dep_context=non-requeueable deps ti=<TaskInstance: data_ds.update_data manual__2024-01-08T07:08:46.715246+00:00 [queued]>
[2024-01-08T07:08:49.537+0000] {taskinstance.py:1957} INFO - Dependencies all met for dep_context=requeueable deps ti=<TaskInstance: data_ds.update_data manual__2024-01-08T07:08:46.715246+00:00 [queued]>
[2024-01-08T07:08:49.541+0000] {taskinstance.py:2171} INFO - Starting attempt 1 of 2
[2024-01-08T07:08:49.564+0000] {taskinstance.py:2192} INFO - Executing <Task(BashOperator): update_data> on 2024-01-08 07:08:46.715246+00:00
[2024-01-08T07:08:49.587+0000] {standard_task_runner.py:60} INFO - Started process 609 to run task
[2024-01-08T07:08:49.598+0000] {standard_task_runner.py:87} INFO - Running: ['***', 'tasks', 'run', 'data_ds', 'update_data', 'manual__2024-01-08T07:08:46.715246+00:00', '--job-id', '46', '--raw', '--subdir', 'DAGS_FOLDER/test.py', '--cfg-path', '/tmp/tmpynnxyvbq']
[2024-01-08T07:08:49.609+0000] {standard_task_runner.py:88} INFO - Job 46: Subtask update_data
[2024-01-08T07:08:49.690+0000] {task_command.py:423} INFO - Running <TaskInstance: data_ds.update_data manual__2024-01-08T07:08:46.715246+00:00 [running]> on host 71a034ea89ba
[2024-01-08T07:08:49.802+0000] {taskinstance.py:2481} INFO - Exporting env vars: AIRFLOW_CTX_DAG_EMAIL='cuongthanhhk@gmail.com' AIRFLOW_CTX_DAG_OWNER='***' AIRFLOW_CTX_DAG_ID='data_ds' AIRFLOW_CTX_TASK_ID='update_data' AIRFLOW_CTX_EXECUTION_DATE='2024-01-08T07:08:46.715246+00:00' AIRFLOW_CTX_TRY_NUMBER='1' AIRFLOW_CTX_DAG_RUN_ID='manual__2024-01-08T07:08:46.715246+00:00'
[2024-01-08T07:08:49.815+0000] {subprocess.py:63} INFO - Tmp dir root location: /tmp
[2024-01-08T07:08:49.818+0000] {subprocess.py:75} INFO - Running command: ['/usr/bin/bash', '-c', 'python3 /opt/***/dags/crawl/update_data.py']
[2024-01-08T07:08:49.835+0000] {subprocess.py:86} INFO - Output:
[2024-01-08T07:08:50.484+0000] {subprocess.py:93} INFO - Last date in dataset:  2023-12-12
[2024-01-08T07:08:50.489+0000] {subprocess.py:93} INFO - Last season in dataset:  2023
[2024-01-08T07:08:50.491+0000] {subprocess.py:93} INFO - Current season:  2023
[2024-01-08T07:08:50.493+0000] {subprocess.py:93} INFO - Seasons to scrape:  [2023]
[2024-01-08T07:08:50.495+0000] {subprocess.py:93} INFO - Start date:  2023-12-13 00:00:00
[2024-01-08T07:08:50.497+0000] {subprocess.py:93} INFO - Scraping season 2023 from 2023-12-13 00:00:00 to 2024-08-01 00:00:00
[2024-01-08T07:08:50.698+0000] {subprocess.py:97} INFO - Command exited with return code 0
[2024-01-08T07:08:50.844+0000] {taskinstance.py:1138} INFO - Marking task as SUCCESS. dag_id=data_ds, task_id=update_data, execution_date=20240108T070846, start_date=20240108T070849, end_date=20240108T070850
[2024-01-08T07:08:51.880+0000] {local_task_job_runner.py:234} INFO - Task exited with return code 0
[2024-01-08T07:08:51.938+0000] {taskinstance.py:3281} INFO - 2 downstream tasks scheduled from follow-on schedule check
