[2024-01-08T07:09:40.177+0000] {taskinstance.py:1957} INFO - Dependencies all met for dep_context=non-requeueable deps ti=<TaskInstance: data_ds.index_data manual__2024-01-08T07:09:33.483477+00:00 [queued]>
[2024-01-08T07:09:40.228+0000] {taskinstance.py:1957} INFO - Dependencies all met for dep_context=requeueable deps ti=<TaskInstance: data_ds.index_data manual__2024-01-08T07:09:33.483477+00:00 [queued]>
[2024-01-08T07:09:40.232+0000] {taskinstance.py:2171} INFO - Starting attempt 1 of 4
[2024-01-08T07:09:40.264+0000] {taskinstance.py:2192} INFO - Executing <Task(BashOperator): index_data> on 2024-01-08 07:09:33.483477+00:00
[2024-01-08T07:09:40.279+0000] {standard_task_runner.py:60} INFO - Started process 664 to run task
[2024-01-08T07:09:40.290+0000] {standard_task_runner.py:87} INFO - Running: ['***', 'tasks', 'run', 'data_ds', 'index_data', 'manual__2024-01-08T07:09:33.483477+00:00', '--job-id', '53', '--raw', '--subdir', 'DAGS_FOLDER/test.py', '--cfg-path', '/tmp/tmp04hw7yqa']
[2024-01-08T07:09:40.296+0000] {standard_task_runner.py:88} INFO - Job 53: Subtask index_data
[2024-01-08T07:09:40.451+0000] {task_command.py:423} INFO - Running <TaskInstance: data_ds.index_data manual__2024-01-08T07:09:33.483477+00:00 [running]> on host 71a034ea89ba
[2024-01-08T07:09:40.850+0000] {taskinstance.py:2481} INFO - Exporting env vars: AIRFLOW_CTX_DAG_EMAIL='cuongthanhhk@gmail.com' AIRFLOW_CTX_DAG_OWNER='***' AIRFLOW_CTX_DAG_ID='data_ds' AIRFLOW_CTX_TASK_ID='index_data' AIRFLOW_CTX_EXECUTION_DATE='2024-01-08T07:09:33.483477+00:00' AIRFLOW_CTX_TRY_NUMBER='1' AIRFLOW_CTX_DAG_RUN_ID='manual__2024-01-08T07:09:33.483477+00:00'
[2024-01-08T07:09:40.873+0000] {subprocess.py:63} INFO - Tmp dir root location: /tmp
[2024-01-08T07:09:40.879+0000] {subprocess.py:75} INFO - Running command: ['/usr/bin/bash', '-c', 'python3 /opt/***/dags/index_es/index_to_es.py']
[2024-01-08T07:09:40.930+0000] {subprocess.py:86} INFO - Output:
[2024-01-08T07:09:46.641+0000] {subprocess.py:93} INFO - /opt/***/dags/index_es/index_to_es.py:69: DeprecationWarning: Passing transport options in the API method is deprecated. Use 'Elasticsearch.options()' instead.
[2024-01-08T07:09:46.650+0000] {subprocess.py:93} INFO -   helpers.bulk(es_client, result, index=index_name, request_timeout=200)
[2024-01-08T07:09:46.651+0000] {subprocess.py:93} INFO - /opt/***/dags/index_es/index_to_es.py:76: DeprecationWarning: Passing transport options in the API method is deprecated. Use 'Elasticsearch.options()' instead.
[2024-01-08T07:09:46.652+0000] {subprocess.py:93} INFO -   helpers.bulk(es_client, result, index=index_name, request_timeout=200)
[2024-01-08T07:09:46.653+0000] {subprocess.py:93} INFO -              GAME_DATE_EST   GAME_ID  ... REB_away  HOME_TEAM_WINS
[2024-01-08T07:09:46.654+0000] {subprocess.py:93} INFO - 0               2022-03-12  22101005  ...     46.0               0
[2024-01-08T07:09:46.655+0000] {subprocess.py:93} INFO - 1               2022-03-12  22101006  ...     40.0               1
[2024-01-08T07:09:46.656+0000] {subprocess.py:93} INFO - 2               2022-03-12  22101007  ...     47.0               0
[2024-01-08T07:09:46.658+0000] {subprocess.py:93} INFO - 3               2022-03-12  22101008  ...     39.0               1
[2024-01-08T07:09:46.659+0000] {subprocess.py:93} INFO - 4               2022-03-12  22101009  ...     50.0               0
[2024-01-08T07:09:46.660+0000] {subprocess.py:93} INFO - ...                    ...       ...  ...      ...             ...
[2024-01-08T07:09:46.660+0000] {subprocess.py:93} INFO - 27758  2023-10-28 00:00:00  22300091  ...     48.0               0
[2024-01-08T07:09:46.661+0000] {subprocess.py:93} INFO - 27759  2023-10-28 00:00:00  22300088  ...     33.0               1
[2024-01-08T07:09:46.662+0000] {subprocess.py:93} INFO - 27760  2023-10-28 00:00:00  22300094  ...     45.0               1
[2024-01-08T07:09:46.663+0000] {subprocess.py:93} INFO - 27761  2023-10-28 00:00:00  22300093  ...     42.0               1
[2024-01-08T07:09:46.664+0000] {subprocess.py:93} INFO - 27762  2023-10-28 00:00:00  22300092  ...     42.0               0
[2024-01-08T07:09:46.666+0000] {subprocess.py:93} INFO - 
[2024-01-08T07:09:46.667+0000] {subprocess.py:93} INFO - [27763 rows x 21 columns]
[2024-01-08T07:09:46.668+0000] {subprocess.py:93} INFO - Indexing into http://elasticsearch:9200 with index test_data_ds
[2024-01-08T07:09:46.668+0000] {subprocess.py:93} INFO - batch 1
[2024-01-08T07:09:46.669+0000] {subprocess.py:93} INFO - batch 2
[2024-01-08T07:09:46.670+0000] {subprocess.py:93} INFO - batch 3
[2024-01-08T07:09:46.671+0000] {subprocess.py:93} INFO - batch 4
[2024-01-08T07:09:46.671+0000] {subprocess.py:93} INFO - batch 5
[2024-01-08T07:09:46.673+0000] {subprocess.py:93} INFO - batch 6
[2024-01-08T07:09:46.674+0000] {subprocess.py:93} INFO - batch 7
[2024-01-08T07:09:46.675+0000] {subprocess.py:93} INFO - batch 8
[2024-01-08T07:09:46.675+0000] {subprocess.py:93} INFO - batch 9
[2024-01-08T07:09:46.676+0000] {subprocess.py:93} INFO - batch 10
[2024-01-08T07:09:46.677+0000] {subprocess.py:93} INFO - batch 11
[2024-01-08T07:09:46.678+0000] {subprocess.py:93} INFO - batch 12
[2024-01-08T07:09:46.680+0000] {subprocess.py:93} INFO - batch 13
[2024-01-08T07:09:46.681+0000] {subprocess.py:93} INFO - batch 14
[2024-01-08T07:09:46.682+0000] {subprocess.py:93} INFO - batch 15
[2024-01-08T07:09:46.683+0000] {subprocess.py:93} INFO - batch 16
[2024-01-08T07:09:46.683+0000] {subprocess.py:93} INFO - batch 17
[2024-01-08T07:09:46.684+0000] {subprocess.py:93} INFO - batch 18
[2024-01-08T07:09:46.685+0000] {subprocess.py:93} INFO - batch 19
[2024-01-08T07:09:46.686+0000] {subprocess.py:93} INFO - batch 20
[2024-01-08T07:09:46.687+0000] {subprocess.py:93} INFO - batch 21
[2024-01-08T07:09:46.688+0000] {subprocess.py:93} INFO - batch 22
[2024-01-08T07:09:46.688+0000] {subprocess.py:93} INFO - batch 23
[2024-01-08T07:09:46.689+0000] {subprocess.py:93} INFO - batch 24
[2024-01-08T07:09:46.690+0000] {subprocess.py:93} INFO - batch 25
[2024-01-08T07:09:46.690+0000] {subprocess.py:93} INFO - 25
[2024-01-08T07:09:46.691+0000] {subprocess.py:93} INFO - done
[2024-01-08T07:09:46.794+0000] {subprocess.py:97} INFO - Command exited with return code 0
[2024-01-08T07:09:46.840+0000] {taskinstance.py:1138} INFO - Marking task as SUCCESS. dag_id=data_ds, task_id=index_data, execution_date=20240108T070933, start_date=20240108T070940, end_date=20240108T070946
[2024-01-08T07:09:46.882+0000] {local_task_job_runner.py:234} INFO - Task exited with return code 0
[2024-01-08T07:09:46.917+0000] {taskinstance.py:3281} INFO - 0 downstream tasks scheduled from follow-on schedule check
